2020-12-04T23:41:08.980391+00:00 app[api]: Release v9 created by user tttvvvaken@gmail.com
2020-12-04T23:41:08.980391+00:00 app[api]: Set BUILDPACK_URL config vars by user tttvvvaken@gmail.com
2020-12-04T23:41:09.136411+00:00 heroku[web.1]: State changed from crashed to starting
2020-12-04T23:41:10.551838+00:00 heroku[web.1]: Starting process with command `vendor/bin/heroku-php-apache2 htdocs`
2020-12-04T23:41:14.706769+00:00 app[web.1]: DOCUMENT_ROOT 'htdocs' does not exist
2020-12-04T23:41:14.755628+00:00 heroku[web.1]: Process exited with status 1
2020-12-04T23:41:14.799530+00:00 heroku[web.1]: State changed from starting to crashed
2020-12-04T23:41:22.342614+00:00 heroku[router]: at=error code=H10 desc="App crashed" method=GET path="/" host=still-sierra-50567.herokuapp.com request_id=a69fc8c7-0490-48f8-89ed-48e798f90855 fwd="126.177.60.164" dyno= connect= service= status=503 bytes= protocol=https
2020-12-04T23:41:22.711378+00:00 heroku[router]: at=error code=H10 desc="App crashed" method=GET path="/favicon.ico" host=still-sierra-50567.herokuapp.com request_id=16a2024b-d85a-4a2c-8d89-8bfc39d25e85 fwd="126.177.60.164" dyno= connect= service= status=503 bytes= protocol=https
2020-12-04T23:44:06.474405+00:00 heroku[router]: at=error code=H10 desc="App crashed" method=GET path="/" host=still-sierra-50567.herokuapp.com request_id=8b1ab8e4-64c4-41f2-8421-35ac7a6f5077 fwd="126.177.60.164" dyno= connect= service= status=503 bytes= protocol=https
2020-12-04T23:44:07.192538+00:00 heroku[router]: at=error code=H10 desc="App crashed" method=GET path="/favicon.ico" host=still-sierra-50567.herokuapp.com request_id=2a308b09-ef65-48ce-8794-4f3849cb1b8e fwd="126.177.60.164" dyno= connect= service= status=503 bytes= protocol=https
2020-12-04T23:52:09.315577+00:00 app[api]: Release v10 created by user tttvvvaken@gmail.com
2020-12-04T23:52:09.315577+00:00 app[api]: Set DOC_ROOT config vars by user tttvvvaken@gmail.com
2020-12-04T23:52:09.611630+00:00 heroku[web.1]: State changed from crashed to starting
2020-12-04T23:52:11.882513+00:00 heroku[web.1]: Starting process with command `vendor/bin/heroku-php-apache2 htdocs`
2020-12-04T23:52:17.524024+00:00 app[web.1]: DOCUMENT_ROOT 'htdocs' does not exist
2020-12-04T23:52:17.581623+00:00 heroku[web.1]: Process exited with status 1
2020-12-04T23:52:17.624182+00:00 heroku[web.1]: State changed from starting to crashed
2020-12-04T23:52:17.627191+00:00 heroku[web.1]: State changed from crashed to starting
2020-12-04T23:52:19.275091+00:00 heroku[web.1]: Starting process with command `vendor/bin/heroku-php-apache2 htdocs`
2020-12-04T23:52:23.298994+00:00 app[web.1]: DOCUMENT_ROOT 'htdocs' does not exist
2020-12-04T23:52:23.342986+00:00 heroku[web.1]: Process exited with status 1
2020-12-04T23:52:23.391063+00:00 heroku[web.1]: State changed from starting to crashed
2020-12-04T23:52:24.534761+00:00 heroku[router]: at=error code=H10 desc="App crashed" method=GET path="/" host=still-sierra-50567.herokuapp.com request_id=111bf788-19fc-43bb-a1d1-40147906623b fwd="126.177.60.164" dyno= connect= service= status=503 bytes= protocol=https
2020-12-04T23:52:24.884361+00:00 heroku[router]: at=error code=H10 desc="App crashed" method=GET path="/favicon.ico" host=still-sierra-50567.herokuapp.com request_id=4032c693-59ca-41d1-9bba-3e1690d475b4 fwd="126.177.60.164" dyno= connect= service= status=503 bytes= protocol=https
2020-12-04T23:53:15.189793+00:00 app[api]: Set DOCUMENT_ROOT config vars by user tttvvvaken@gmail.com
2020-12-04T23:53:15.189793+00:00 app[api]: Release v11 created by user tttvvvaken@gmail.com
2020-12-04T23:53:15.405497+00:00 heroku[web.1]: State changed from crashed to starting
2020-12-04T23:53:17.616407+00:00 heroku[web.1]: Starting process with command `vendor/bin/heroku-php-apache2 htdocs`
2020-12-04T23:53:20.819525+00:00 app[web.1]: DOCUMENT_ROOT 'htdocs' does not exist
2020-12-04T23:53:20.865718+00:00 heroku[web.1]: Process exited with status 1
2020-12-04T23:53:20.902733+00:00 heroku[web.1]: State changed from starting to crashed
2020-12-04T23:53:24.878271+00:00 heroku[router]: at=error code=H10 desc="App crashed" method=GET path="/" host=still-sierra-50567.herokuapp.com request_id=443b0780-5f2f-4d9c-8715-895c65467ade fwd="126.177.60.164" dyno= connect= service= status=503 bytes= protocol=https
2020-12-04T23:53:25.212878+00:00 heroku[router]: at=error code=H10 desc="App crashed" method=GET path="/favicon.ico" host=still-sierra-50567.herokuapp.com request_id=182076dd-0a78-4b5c-96cb-a51b688fe832 fwd="126.177.60.164" dyno= connect= service= status=503 bytes= protocol=https
2020-12-04T23:54:40.884003+00:00 app[api]: Release v12 created by user tttvvvaken@gmail.com
2020-12-04T23:54:40.884003+00:00 app[api]: Set DOCUMENT_ROOT config vars by user tttvvvaken@gmail.com
2020-12-04T23:54:41.098617+00:00 heroku[web.1]: State changed from crashed to starting
2020-12-04T23:54:42.511526+00:00 heroku[web.1]: Starting process with command `vendor/bin/heroku-php-apache2 htdocs`
2020-12-04T23:54:46.740196+00:00 app[web.1]: DOCUMENT_ROOT 'htdocs' does not exist
2020-12-04T23:54:46.802135+00:00 heroku[web.1]: Process exited with status 1
2020-12-04T23:54:46.846318+00:00 heroku[web.1]: State changed from starting to crashed
2020-12-04T23:54:54.415686+00:00 heroku[router]: at=error code=H10 desc="App crashed" method=GET path="/" host=still-sierra-50567.herokuapp.com request_id=12fd235b-6e03-4eb4-b712-8518bc4faa76 fwd="126.177.60.164" dyno= connect= service= status=503 bytes= protocol=https
2020-12-04T23:54:54.765319+00:00 heroku[router]: at=error code=H10 desc="App crashed" method=GET path="/favicon.ico" host=still-sierra-50567.herokuapp.com request_id=bb79ee07-72d8-4bbb-8816-9b24bdd68add fwd="126.177.60.164" dyno= connect= service= status=503 bytes= protocol=https
2020-12-04T23:55:21.000000+00:00 app[api]: Build started by user tttvvvaken@gmail.com
2020-12-04T23:55:29.000000+00:00 app[api]: Build succeeded
2020-12-04T23:55:29.385911+00:00 app[api]: Deploy 8884fc53 by user tttvvvaken@gmail.com
2020-12-04T23:55:29.385911+00:00 app[api]: Release v13 created by user tttvvvaken@gmail.com
2020-12-04T23:55:29.675275+00:00 heroku[web.1]: State changed from crashed to starting
2020-12-04T23:55:31.155153+00:00 heroku[web.1]: Starting process with command `vendor/bin/heroku-php-apache2 /Applications/MAMP/htdocs`
2020-12-04T23:55:35.014088+00:00 app[web.1]: DOCUMENT_ROOT '/Applications/MAMP/htdocs' does not exist
2020-12-04T23:55:35.094338+00:00 heroku[web.1]: Process exited with status 1
2020-12-04T23:55:35.138345+00:00 heroku[web.1]: State changed from starting to crashed
2020-12-04T23:55:43.739798+00:00 heroku[router]: at=error code=H10 desc="App crashed" method=GET path="/" host=still-sierra-50567.herokuapp.com request_id=27bf7c50-f8dd-4267-9d35-8726788e48ad fwd="126.177.60.164" dyno= connect= service= status=503 bytes= protocol=https
2020-12-04T23:55:44.123167+00:00 heroku[router]: at=error code=H10 desc="App crashed" method=GET path="/favicon.ico" host=still-sierra-50567.herokuapp.com request_id=ad9d8c1d-ef25-4d71-a306-269eb71f95bf fwd="126.177.60.164" dyno= connect= service= status=503 bytes= protocol=https
2020-12-04T23:58:33.427609+00:00 app[api]: Release v14 created by user tttvvvaken@gmail.com
2020-12-04T23:58:33.427609+00:00 app[api]: Set DOCUMENT_ROOT config vars by user tttvvvaken@gmail.com
2020-12-04T23:58:33.596486+00:00 heroku[web.1]: State changed from crashed to starting
2020-12-04T23:58:34.939807+00:00 heroku[web.1]: Starting process with command `vendor/bin/heroku-php-apache2 /Applications/MAMP/htdocs`
2020-12-04T23:58:38.455547+00:00 app[web.1]: DOCUMENT_ROOT '/Applications/MAMP/htdocs' does not exist
2020-12-04T23:58:38.504158+00:00 heroku[web.1]: Process exited with status 1
2020-12-04T23:58:38.542415+00:00 heroku[web.1]: State changed from starting to crashed
2020-12-04T23:58:43.000000+00:00 app[api]: Build started by user tttvvvaken@gmail.com
2020-12-04T23:58:51.781464+00:00 app[api]: Deploy f86bff28 by user tttvvvaken@gmail.com
2020-12-04T23:58:51.781464+00:00 app[api]: Release v15 created by user tttvvvaken@gmail.com
2020-12-04T23:58:51.975615+00:00 heroku[web.1]: State changed from crashed to starting
2020-12-04T23:58:52.000000+00:00 app[api]: Build succeeded
2020-12-04T23:58:53.158064+00:00 heroku[web.1]: Starting process with command `vendor/bin/heroku-php-apache2 /Applications/MAMP/htdocs/DT/portfolio_1`
2020-12-04T23:58:56.037577+00:00 app[web.1]: DOCUMENT_ROOT '/Applications/MAMP/htdocs/DT/portfolio_1' does not exist
2020-12-04T23:58:56.089935+00:00 heroku[web.1]: Process exited with status 1
2020-12-04T23:58:56.119977+00:00 heroku[web.1]: State changed from starting to crashed
2020-12-04T23:58:58.170814+00:00 heroku[router]: at=error code=H10 desc="App crashed" method=GET path="/" host=still-sierra-50567.herokuapp.com request_id=b0924001-8fd6-47fe-bd71-4601080323d8 fwd="126.177.60.164" dyno= connect= service= status=503 bytes= protocol=https
2020-12-04T23:58:58.512004+00:00 heroku[router]: at=error code=H10 desc="App crashed" method=GET path="/favicon.ico" host=still-sierra-50567.herokuapp.com request_id=963a3b2e-dd1f-42f1-8553-e61cddcf627f fwd="126.177.60.164" dyno= connect= service= status=503 bytes= protocol=https
2020-12-05T00:00:23.000000+00:00 app[api]: Build started by user tttvvvaken@gmail.com
2020-12-05T00:00:31.000000+00:00 app[api]: Build succeeded
2020-12-05T00:00:31.517346+00:00 app[api]: Deploy 19827a27 by user tttvvvaken@gmail.com
2020-12-05T00:00:31.517346+00:00 app[api]: Release v16 created by user tttvvvaken@gmail.com
2020-12-05T00:00:31.812136+00:00 heroku[web.1]: State changed from crashed to starting
2020-12-05T00:00:33.359418+00:00 heroku[web.1]: Starting process with command `vendor/bin/heroku-php-apache2 /Applications/MAMP/htdocs/DT/`
2020-12-05T00:00:37.051330+00:00 app[web.1]: DOCUMENT_ROOT '/Applications/MAMP/htdocs/DT/' does not exist
2020-12-05T00:00:37.097276+00:00 heroku[web.1]: Process exited with status 1
2020-12-05T00:00:37.140089+00:00 heroku[web.1]: State changed from starting to crashed
2020-12-05T00:00:38.428407+00:00 heroku[router]: at=error code=H10 desc="App crashed" method=GET path="/" host=still-sierra-50567.herokuapp.com request_id=cc9f9e6d-58a6-490d-bc5d-d9b3317425ea fwd="126.177.60.164" dyno= connect= service= status=503 bytes= protocol=https
2020-12-05T00:00:39.468239+00:00 heroku[router]: at=error code=H10 desc="App crashed" method=GET path="/" host=still-sierra-50567.herokuapp.com request_id=131ec05e-3232-483d-a87a-396fa7bd1544 fwd="126.177.60.164" dyno= connect= service= status=503 bytes= protocol=https
2020-12-05T00:00:39.915479+00:00 heroku[router]: at=error code=H10 desc="App crashed" method=GET path="/favicon.ico" host=still-sierra-50567.herokuapp.com request_id=64b6e0a2-5c19-46ae-b3fa-d283b949f950 fwd="126.177.60.164" dyno= connect= service= status=503 bytes= protocol=https
2020-12-05T00:07:34.000000+00:00 app[api]: Build started by user tttvvvaken@gmail.com
2020-12-05T00:07:42.000000+00:00 app[api]: Build succeeded
2020-12-05T00:07:42.051589+00:00 app[api]: Release v17 created by user tttvvvaken@gmail.com
2020-12-05T00:07:42.051589+00:00 app[api]: Deploy d8663cf4 by user tttvvvaken@gmail.com
2020-12-05T00:07:42.671600+00:00 heroku[web.1]: State changed from crashed to starting
2020-12-05T00:07:44.243468+00:00 heroku[web.1]: Starting process with command `vendor/bin/heroku-php-apache2 /Applications/MAMP/htdocs/DT/portfolio_1`
2020-12-05T00:07:49.147758+00:00 app[web.1]: DOCUMENT_ROOT '/Applications/MAMP/htdocs/DT/portfolio_1' does not exist
2020-12-05T00:07:49.228852+00:00 heroku[web.1]: Process exited with status 1
2020-12-05T00:07:49.280102+00:00 heroku[web.1]: State changed from starting to crashed
2020-12-05T00:07:49.294393+00:00 heroku[web.1]: State changed from crashed to starting
2020-12-05T00:07:51.026808+00:00 heroku[web.1]: Starting process with command `vendor/bin/heroku-php-apache2 /Applications/MAMP/htdocs/DT/portfolio_1`
2020-12-05T00:07:57.269502+00:00 app[web.1]: DOCUMENT_ROOT '/Applications/MAMP/htdocs/DT/portfolio_1' does not exist
2020-12-05T00:07:57.367402+00:00 heroku[web.1]: Process exited with status 1
2020-12-05T00:07:57.408952+00:00 heroku[web.1]: State changed from starting to crashed
2020-12-05T00:07:58.346365+00:00 heroku[router]: at=error code=H10 desc="App crashed" method=GET path="/" host=still-sierra-50567.herokuapp.com request_id=33ffb672-c909-4c61-b83b-e544f5c6258e fwd="126.177.60.164" dyno= connect= service= status=503 bytes= protocol=https
2020-12-05T00:07:58.831932+00:00 heroku[router]: at=error code=H10 desc="App crashed" method=GET path="/favicon.ico" host=still-sierra-50567.herokuapp.com request_id=e12eecdd-4654-45ad-8ed7-10ee6dd37e30 fwd="126.177.60.164" dyno= connect= service= status=503 bytes= protocol=https
