[SQL_LOG:2020-11-08 19:55:03]: SELECT c.crt_id, i.item_id, i.item_name, i.price, i.image FROM  cart c LEFT JOIN item i ON c.item_id = i.item_id  WHERE  c.customer_no = ? AND c.delete_flg = ?    [7,0]
[SQL_LOG:2020-11-08 19:55:03]: SELECT SUM(i.price) AS totalPrice  FROM  cart c LEFT JOIN item i ON c.item_id = i.item_id  WHERE  c.customer_no = ? AND c.delete_flg = ?    [7,0]
[SQL_LOG:2020-11-08 19:55:03]: SELECT SUM(num) AS num  FROM  cart c  WHERE  c.customer_no = ? AND c.delete_flg = ?    [7,0]
[SQL_LOG:2020-11-08 19:55:05]: UPDATE cart  SET delete_date =? ,delete_flg =?  WHERE  crt_id = ?  [2020-11-08 19:55:05,1,66]
[SQL_LOG:2020-11-08 19:55:05]: SELECT c.crt_id, i.item_id, i.item_name, i.price, i.image FROM  cart c LEFT JOIN item i ON c.item_id = i.item_id  WHERE  c.customer_no = ? AND c.delete_flg = ?    [7,0]
[SQL_LOG:2020-11-08 19:55:05]: SELECT SUM(i.price) AS totalPrice  FROM  cart c LEFT JOIN item i ON c.item_id = i.item_id  WHERE  c.customer_no = ? AND c.delete_flg = ?    [7,0]
[SQL_LOG:2020-11-08 19:55:05]: SELECT SUM(num) AS num  FROM  cart c  WHERE  c.customer_no = ? AND c.delete_flg = ?    [7,0]
[SQL_LOG:2020-11-08 19:55:07]: SELECT ctg_id, category_name  FROM  category     []
[SQL_LOG:2020-11-08 19:55:07]: SELECT item_id, item_name, price, image, ctg_id  FROM  item     []
[SQL_LOG:2020-11-08 19:55:07]: SELECT c.crt_id, i.item_id, i.item_name, i.price, i.image FROM  cart c LEFT JOIN item i ON c.item_id = i.item_id  WHERE  c.customer_no = ? AND c.delete_flg = ?    [7,0]
[SQL_LOG:2020-11-08 19:55:07]: SELECT SUM(i.price) AS totalPrice  FROM  cart c LEFT JOIN item i ON c.item_id = i.item_id  WHERE  c.customer_no = ? AND c.delete_flg = ?    [7,0]
[SQL_LOG:2020-11-08 19:55:07]: SELECT SUM(num) AS num  FROM  cart c  WHERE  c.customer_no = ? AND c.delete_flg = ?    [7,0]
[SQL_LOG:2020-11-08 19:55:09]: SELECT ctg_id, category_name  FROM  category     []
[SQL_LOG:2020-11-08 19:55:09]: SELECT item_id, item_name, price, image, ctg_id  FROM  item     []
[SQL_LOG:2020-11-08 19:55:10]: SELECT ctg_id, category_name  FROM  category     []
[SQL_LOG:2020-11-08 19:55:10]: SELECT item_id, item_name, detail, price, image, ctg_id FROM  item  WHERE  item_id = ?     [1]
[SQL_LOG:2020-11-08 19:55:10]: SELECT COUNT(*) AS NUM  FROM  likes  WHERE  item_id = ?     [1]
[SQL_LOG:2020-11-08 19:55:10]: SELECT *  FROM  likes  WHERE  item_id = ? AND mem_id = ?     [1,7]
[SQL_LOG:2020-11-08 19:55:12]: INSERT INTO cart (customer_no,item_id,regist_date)VALUES(?,?,?) [7,1,2020-11-08 19:55:12]
[SQL_LOG:2020-11-08 19:55:12]: SELECT c.crt_id, i.item_id, i.item_name, i.price, i.image FROM  cart c LEFT JOIN item i ON c.item_id = i.item_id  WHERE  c.customer_no = ? AND c.delete_flg = ?    [7,0]
[SQL_LOG:2020-11-08 19:55:12]: SELECT SUM(i.price) AS totalPrice  FROM  cart c LEFT JOIN item i ON c.item_id = i.item_id  WHERE  c.customer_no = ? AND c.delete_flg = ?    [7,0]
[SQL_LOG:2020-11-08 19:55:12]: SELECT SUM(num) AS num  FROM  cart c  WHERE  c.customer_no = ? AND c.delete_flg = ?    [7,0]
[SQL_LOG:2020-11-08 19:55:14]: UPDATE cart  SET delete_date =? ,delete_flg =?  WHERE  crt_id = ?  [2020-11-08 19:55:14,1,67]
[SQL_LOG:2020-11-08 19:55:14]: SELECT c.crt_id, i.item_id, i.item_name, i.price, i.image FROM  cart c LEFT JOIN item i ON c.item_id = i.item_id  WHERE  c.customer_no = ? AND c.delete_flg = ?    [7,0]
[SQL_LOG:2020-11-08 19:55:14]: SELECT SUM(i.price) AS totalPrice  FROM  cart c LEFT JOIN item i ON c.item_id = i.item_id  WHERE  c.customer_no = ? AND c.delete_flg = ?    [7,0]
[SQL_LOG:2020-11-08 19:55:14]: SELECT SUM(num) AS num  FROM  cart c  WHERE  c.customer_no = ? AND c.delete_flg = ?    [7,0]
[SQL_LOG:2020-11-08 19:55:16]: SELECT ctg_id, category_name  FROM  category     []
[SQL_LOG:2020-11-08 19:55:16]: SELECT item_id, item_name, price, image, ctg_id  FROM  item     []
[SQL_LOG:2020-11-08 19:55:17]: SELECT ctg_id, category_name  FROM  category     []
[SQL_LOG:2020-11-08 19:55:17]: SELECT item_id, item_name, detail, price, image, ctg_id FROM  item  WHERE  item_id = ?     [1]
[SQL_LOG:2020-11-08 19:55:17]: SELECT COUNT(*) AS NUM  FROM  likes  WHERE  item_id = ?     [1]
[SQL_LOG:2020-11-08 19:55:17]: SELECT *  FROM  likes  WHERE  item_id = ? AND mem_id = ?     [1,7]
[SQL_LOG:2020-11-08 19:55:18]: INSERT INTO cart (customer_no,item_id,regist_date)VALUES(?,?,?) [7,1,2020-11-08 19:55:18]
[SQL_LOG:2020-11-08 19:55:18]: SELECT c.crt_id, i.item_id, i.item_name, i.price, i.image FROM  cart c LEFT JOIN item i ON c.item_id = i.item_id  WHERE  c.customer_no = ? AND c.delete_flg = ?    [7,0]
[SQL_LOG:2020-11-08 19:55:18]: SELECT SUM(i.price) AS totalPrice  FROM  cart c LEFT JOIN item i ON c.item_id = i.item_id  WHERE  c.customer_no = ? AND c.delete_flg = ?    [7,0]
[SQL_LOG:2020-11-08 19:55:18]: SELECT SUM(num) AS num  FROM  cart c  WHERE  c.customer_no = ? AND c.delete_flg = ?    [7,0]
[SQL_LOG:2020-11-08 19:55:20]: INSERT INTO cart (customer_no,item_id,regist_date)VALUES(?,?,?) [7,1,2020-11-08 19:55:20]
[SQL_LOG:2020-11-08 19:55:20]: SELECT c.crt_id, i.item_id, i.item_name, i.price, i.image FROM  cart c LEFT JOIN item i ON c.item_id = i.item_id  WHERE  c.customer_no = ? AND c.delete_flg = ?    [7,0]
[SQL_LOG:2020-11-08 19:55:20]: SELECT SUM(i.price) AS totalPrice  FROM  cart c LEFT JOIN item i ON c.item_id = i.item_id  WHERE  c.customer_no = ? AND c.delete_flg = ?    [7,0]
[SQL_LOG:2020-11-08 19:55:20]: SELECT SUM(num) AS num  FROM  cart c  WHERE  c.customer_no = ? AND c.delete_flg = ?    [7,0]
[SQL_LOG:2020-11-08 19:55:23]: UPDATE cart  SET delete_date =? ,delete_flg =?  WHERE  crt_id = ?  [2020-11-08 19:55:23,1,69]
[SQL_LOG:2020-11-08 19:55:23]: SELECT c.crt_id, i.item_id, i.item_name, i.price, i.image FROM  cart c LEFT JOIN item i ON c.item_id = i.item_id  WHERE  c.customer_no = ? AND c.delete_flg = ?    [7,0]
[SQL_LOG:2020-11-08 19:55:23]: SELECT SUM(i.price) AS totalPrice  FROM  cart c LEFT JOIN item i ON c.item_id = i.item_id  WHERE  c.customer_no = ? AND c.delete_flg = ?    [7,0]
[SQL_LOG:2020-11-08 19:55:23]: SELECT SUM(num) AS num  FROM  cart c  WHERE  c.customer_no = ? AND c.delete_flg = ?    [7,0]
[SQL_LOG:2020-11-08 19:55:24]: UPDATE cart  SET delete_date =? ,delete_flg =?  WHERE  crt_id = ?  [2020-11-08 19:55:24,1,68]
[SQL_LOG:2020-11-08 19:55:24]: SELECT c.crt_id, i.item_id, i.item_name, i.price, i.image FROM  cart c LEFT JOIN item i ON c.item_id = i.item_id  WHERE  c.customer_no = ? AND c.delete_flg = ?    [7,0]
[SQL_LOG:2020-11-08 19:55:24]: SELECT SUM(i.price) AS totalPrice  FROM  cart c LEFT JOIN item i ON c.item_id = i.item_id  WHERE  c.customer_no = ? AND c.delete_flg = ?    [7,0]
[SQL_LOG:2020-11-08 19:55:24]: SELECT SUM(num) AS num  FROM  cart c  WHERE  c.customer_no = ? AND c.delete_flg = ?    [7,0]
[SQL_LOG:2020-11-08 19:55:25]: SELECT ctg_id, category_name  FROM  category     []
[SQL_LOG:2020-11-08 19:55:25]: SELECT item_id, item_name, price, image, ctg_id  FROM  item     []
[SQL_LOG:2020-11-08 19:55:27]: SELECT *  FROM  member  WHERE  mem_id = ?     [7]
[SQL_LOG:2020-11-08 19:55:28]: SELECT *  FROM  member  WHERE  mem_id = ?     [7]
[SQL_LOG:2020-11-08 19:55:31]: SELECT *  FROM member WHERE  email = ?    LIMIT  1   [tttvvvaken@gmail.com]
[SQL_LOG:2020-11-08 19:55:32]: SELECT ctg_id, category_name  FROM  category     []
[SQL_LOG:2020-11-08 19:55:32]: SELECT item_id, item_name, price, image, ctg_id  FROM  item     []
[SQL_LOG:2020-11-08 19:55:33]: SELECT ctg_id, category_name  FROM  category     []
[SQL_LOG:2020-11-08 19:55:33]: SELECT item_id, item_name, detail, price, image, ctg_id FROM  item  WHERE  item_id = ?     [1]
[SQL_LOG:2020-11-08 19:55:33]: SELECT COUNT(*) AS NUM  FROM  likes  WHERE  item_id = ?     [1]
[SQL_LOG:2020-11-08 19:55:33]: SELECT *  FROM  likes  WHERE  item_id = ? AND mem_id = ?     [1,7]
[SQL_LOG:2020-11-08 19:55:36]: SELECT ctg_id, category_name  FROM  category     []
[SQL_LOG:2020-11-08 19:55:36]: SELECT item_id, item_name, price, image, ctg_id  FROM  item     []
[SQL_LOG:2020-11-08 21:26:36]: SELECT ctg_id, category_name  FROM  category     []
[SQL_LOG:2020-11-08 21:26:36]: SELECT item_id, item_name, price, image, ctg_id  FROM  item     []
