[SQL_LOG:2020-11-06 21:22:31]: SELECT ctg_id, category_name  FROM  category     []
[SQL_LOG:2020-11-06 21:22:31]: SELECT item_id, item_name, price, image, ctg_id  FROM  item     []
[SQL_LOG:2020-11-06 21:22:35]: SELECT *  FROM  member  WHERE  mem_id = ?     [7]
[SQL_LOG:2020-11-06 21:22:37]: SELECT *  FROM  member  WHERE  mem_id = ?     [7]
[SQL_LOG:2020-11-06 21:22:43]: SELECT *  FROM member WHERE  email = ?    LIMIT  1   [tttvvvaken@gmail.com]
[SQL_LOG:2020-11-06 21:22:48]: SELECT *  FROM  member  WHERE  mem_id = ?     [7]
[SQL_LOG:2020-11-06 21:22:51]: SELECT ctg_id, category_name  FROM  category     []
[SQL_LOG:2020-11-06 21:22:51]: SELECT item_id, item_name, price, image, ctg_id  FROM  item     []
[SQL_LOG:2020-11-06 21:22:58]: SELECT ctg_id, category_name  FROM  category     []
[SQL_LOG:2020-11-06 21:22:58]: SELECT item_id, item_name, price, image, ctg_id  FROM  item     []
[SQL_LOG:2020-11-06 21:23:00]: SELECT *  FROM  member  WHERE  mem_id = ?     [7]
[SQL_LOG:2020-11-06 21:23:02]: SELECT *  FROM  member  WHERE  mem_id = ?     [7]
[SQL_LOG:2020-11-06 21:23:12]: SELECT *  FROM member WHERE  email = ?    LIMIT  1   [tttvvvaken@gmail.com]
[SQL_LOG:2020-11-06 21:23:13]: UPDATE member  SET family_name =? ,first_name =? ,family_name_kana =? ,first_name_kana =? ,email =? ,user_id =? ,password =? ,sex =? ,year =? ,month =? ,day =? ,zip1 =? ,zip2 =? ,address =? ,tel1 =? ,tel2 =? ,tel3 =? ,traffic =? ,contents =? ,update_date =? ,delete_flg =?  WHERE mem_id = ? [小島,岳也,こじま,たけや,tttvvvaken@gmail.com,たけ,$2y$10$neQp0DZwQsCfQX0ETHciwu0k9i2YlnPf6FhA7WfwFjrSXWXO/4bdK,1,1996,07,09,146,0093,東京都大田区矢口3-6-5-213,080,3215,1499,0_1_2_3_4,マイページ、編集機能、退会機能が出来たー！,2020-11-06 21:23:13,,7]
[SQL_LOG:2020-11-06 21:23:13]: SELECT *  FROM  member  WHERE  mem_id = ?     [7]
[SQL_LOG:2020-11-06 21:23:15]: SELECT ctg_id, category_name  FROM  category     []
[SQL_LOG:2020-11-06 21:23:15]: SELECT item_id, item_name, price, image, ctg_id  FROM  item     []
[SQL_LOG:2020-11-06 21:23:17]: SELECT ctg_id, category_name  FROM  category     []
[SQL_LOG:2020-11-06 21:23:17]: SELECT item_id, item_name, price, image, ctg_id  FROM  item     []
[SQL_LOG:2020-11-06 21:23:21]: SELECT *  FROM  member  WHERE  mem_id = ?     [7]
[SQL_LOG:2020-11-06 21:23:22]: SELECT *  FROM  member  WHERE  mem_id = ?     [7]
[SQL_LOG:2020-11-06 21:23:25]: SELECT ctg_id, category_name  FROM  category     []
[SQL_LOG:2020-11-06 21:23:25]: SELECT item_id, item_name, price, image, ctg_id  FROM  item     []
[SQL_LOG:2020-11-06 21:23:42]: SELECT *  FROM  member  WHERE  mem_id = ?     [7]
[SQL_LOG:2020-11-06 21:23:44]: SELECT ctg_id, category_name  FROM  category     []
[SQL_LOG:2020-11-06 21:23:44]: SELECT item_id, item_name, price, image, ctg_id  FROM  item     []
[SQL_LOG:2020-11-06 21:24:23]: SELECT *  FROM  member  WHERE  email = ?     [tttvvvaken@gmail.com]
[SQL_LOG:2020-11-06 21:24:23]: SELECT session_key  FROM  loginsession  WHERE  mem_id = ?     [7]
[SQL_LOG:2020-11-06 21:24:23]: SELECT ctg_id, category_name  FROM  category     []
[SQL_LOG:2020-11-06 21:24:23]: SELECT item_id, item_name, price, image, ctg_id  FROM  item     []
[SQL_LOG:2020-11-06 21:26:26]: SELECT *  FROM  member  WHERE  mem_id = ?     [7]
[SQL_LOG:2020-11-06 21:26:27]: SELECT ctg_id, category_name  FROM  category     []
[SQL_LOG:2020-11-06 21:26:27]: SELECT item_id, item_name, price, image, ctg_id  FROM  item     []
[SQL_LOG:2020-11-06 21:29:07]: SELECT *  FROM  member  WHERE  mem_id = ?     [7]
[SQL_LOG:2020-11-06 21:29:08]: SELECT ctg_id, category_name  FROM  category     []
[SQL_LOG:2020-11-06 21:29:08]: SELECT item_id, item_name, price, image, ctg_id  FROM  item     []
[SQL_LOG:2020-11-06 21:29:09]: SELECT *  FROM  member  WHERE  mem_id = ?     [7]
[SQL_LOG:2020-11-06 21:29:11]: SELECT *  FROM  member  WHERE  mem_id = ?     [7]
[SQL_LOG:2020-11-06 21:29:13]: SELECT ctg_id, category_name  FROM  category     []
[SQL_LOG:2020-11-06 21:29:13]: SELECT item_id, item_name, price, image, ctg_id  FROM  item     []
[SQL_LOG:2020-11-06 22:16:24]: SELECT *  FROM  member  WHERE  mem_id = ?     [7]
[SQL_LOG:2020-11-06 22:16:27]: SELECT ctg_id, category_name  FROM  category     []
[SQL_LOG:2020-11-06 22:16:27]: SELECT item_id, item_name, price, image, ctg_id  FROM  item     []
[SQL_LOG:2020-11-06 22:17:18]: SELECT *  FROM  member  WHERE  mem_id = ?     [7]
[SQL_LOG:2020-11-06 22:17:20]: SELECT *  FROM  member  WHERE  mem_id = ?     [7]
[SQL_LOG:2020-11-06 22:17:22]: SELECT ctg_id, category_name  FROM  category     []
[SQL_LOG:2020-11-06 22:17:22]: SELECT item_id, item_name, price, image, ctg_id  FROM  item     []
[SQL_LOG:2020-11-06 22:29:14]: SELECT ctg_id, category_name  FROM  category     []
[SQL_LOG:2020-11-06 22:29:14]: SELECT item_id, item_name, price, image, ctg_id  FROM  item     []
[SQL_LOG:2020-11-06 22:29:16]: SELECT ctg_id, category_name  FROM  category     []
[SQL_LOG:2020-11-06 22:29:16]: SELECT item_id, item_name, detail, price, image, ctg_id FROM  item  WHERE  item_id = ?     [1]
[SQL_LOG:2020-11-06 22:29:16]: SELECT COUNT(*) AS NUM  FROM  likes  WHERE  item_id = ?     [1]
[SQL_LOG:2020-11-06 22:29:16]: SELECT *  FROM  likes  WHERE  item_id = ? AND mem_id = ?     [1,7]
[SQL_LOG:2020-11-06 22:29:17]: SELECT *  FROM  likes  WHERE  item_id = ? AND mem_id = ?     [1,7]
[SQL_LOG:2020-11-06 22:29:17]: INSERT INTO likes (item_id,mem_id,regist_date)VALUES(?,?,?) [1,7,2020-11-06 22:29:17]
[SQL_LOG:2020-11-06 22:29:17]: SELECT COUNT(*) AS NUM  FROM  likes  WHERE  item_id = ?     [1]
[SQL_LOG:2020-11-06 22:29:18]: SELECT *  FROM  likes  WHERE  item_id = ? AND mem_id = ?     [1,7]
[SQL_LOG:2020-11-06 22:29:18]: DELETE FROM likes WHERE item_id = ? AND mem_id = ?  [1,7]
[SQL_LOG:2020-11-06 22:29:18]: SELECT COUNT(*) AS NUM  FROM  likes  WHERE  item_id = ?     [1]
[SQL_LOG:2020-11-06 22:29:19]: SELECT *  FROM  likes  WHERE  item_id = ? AND mem_id = ?     [1,7]
[SQL_LOG:2020-11-06 22:29:19]: INSERT INTO likes (item_id,mem_id,regist_date)VALUES(?,?,?) [1,7,2020-11-06 22:29:19]
[SQL_LOG:2020-11-06 22:29:19]: SELECT COUNT(*) AS NUM  FROM  likes  WHERE  item_id = ?     [1]
[SQL_LOG:2020-11-06 22:29:29]: SELECT *  FROM  likes  WHERE  item_id = ? AND mem_id = ?     [1,7]
[SQL_LOG:2020-11-06 22:29:29]: DELETE FROM likes WHERE item_id = ? AND mem_id = ?  [1,7]
[SQL_LOG:2020-11-06 22:29:29]: SELECT COUNT(*) AS NUM  FROM  likes  WHERE  item_id = ?     [1]
[SQL_LOG:2020-11-06 22:29:32]: SELECT ctg_id, category_name  FROM  category     []
[SQL_LOG:2020-11-06 22:29:32]: SELECT item_id, item_name, price, image, ctg_id  FROM  item  WHERE  ctg_id = ?     [2]
[SQL_LOG:2020-11-06 22:29:33]: SELECT ctg_id, category_name  FROM  category     []
[SQL_LOG:2020-11-06 22:29:33]: SELECT item_id, item_name, detail, price, image, ctg_id FROM  item  WHERE  item_id = ?     [5]
[SQL_LOG:2020-11-06 22:29:33]: SELECT COUNT(*) AS NUM  FROM  likes  WHERE  item_id = ?     [5]
[SQL_LOG:2020-11-06 22:29:33]: SELECT *  FROM  likes  WHERE  item_id = ? AND mem_id = ?     [5,7]
[SQL_LOG:2020-11-06 22:29:35]: SELECT *  FROM  likes  WHERE  item_id = ? AND mem_id = ?     [5,7]
[SQL_LOG:2020-11-06 22:29:35]: INSERT INTO likes (item_id,mem_id,regist_date)VALUES(?,?,?) [5,7,2020-11-06 22:29:35]
[SQL_LOG:2020-11-06 22:29:35]: SELECT COUNT(*) AS NUM  FROM  likes  WHERE  item_id = ?     [5]
[SQL_LOG:2020-11-06 22:29:36]: SELECT *  FROM  likes  WHERE  item_id = ? AND mem_id = ?     [5,7]
[SQL_LOG:2020-11-06 22:29:36]: DELETE FROM likes WHERE item_id = ? AND mem_id = ?  [5,7]
[SQL_LOG:2020-11-06 22:29:36]: SELECT COUNT(*) AS NUM  FROM  likes  WHERE  item_id = ?     [5]
[SQL_LOG:2020-11-06 22:29:37]: SELECT ctg_id, category_name  FROM  category     []
[SQL_LOG:2020-11-06 22:29:37]: SELECT item_id, item_name, price, image, ctg_id  FROM  item  WHERE  ctg_id = ?     [3]
[SQL_LOG:2020-11-06 22:29:39]: SELECT ctg_id, category_name  FROM  category     []
[SQL_LOG:2020-11-06 22:29:39]: SELECT item_id, item_name, detail, price, image, ctg_id FROM  item  WHERE  item_id = ?     [12]
[SQL_LOG:2020-11-06 22:29:39]: SELECT COUNT(*) AS NUM  FROM  likes  WHERE  item_id = ?     [12]
[SQL_LOG:2020-11-06 22:29:39]: SELECT *  FROM  likes  WHERE  item_id = ? AND mem_id = ?     [12,7]
[SQL_LOG:2020-11-06 22:29:40]: SELECT *  FROM  likes  WHERE  item_id = ? AND mem_id = ?     [12,7]
[SQL_LOG:2020-11-06 22:29:40]: DELETE FROM likes WHERE item_id = ? AND mem_id = ?  [12,7]
[SQL_LOG:2020-11-06 22:29:40]: SELECT COUNT(*) AS NUM  FROM  likes  WHERE  item_id = ?     [12]
[SQL_LOG:2020-11-06 22:29:41]: SELECT *  FROM  likes  WHERE  item_id = ? AND mem_id = ?     [12,7]
[SQL_LOG:2020-11-06 22:29:41]: INSERT INTO likes (item_id,mem_id,regist_date)VALUES(?,?,?) [12,7,2020-11-06 22:29:41]
[SQL_LOG:2020-11-06 22:29:41]: SELECT COUNT(*) AS NUM  FROM  likes  WHERE  item_id = ?     [12]
[SQL_LOG:2020-11-06 22:29:41]: SELECT *  FROM  likes  WHERE  item_id = ? AND mem_id = ?     [12,7]
[SQL_LOG:2020-11-06 22:29:41]: DELETE FROM likes WHERE item_id = ? AND mem_id = ?  [12,7]
[SQL_LOG:2020-11-06 22:29:41]: SELECT COUNT(*) AS NUM  FROM  likes  WHERE  item_id = ?     [12]
[SQL_LOG:2020-11-06 22:29:41]: SELECT *  FROM  likes  WHERE  item_id = ? AND mem_id = ?     [12,7]
[SQL_LOG:2020-11-06 22:29:41]: INSERT INTO likes (item_id,mem_id,regist_date)VALUES(?,?,?) [12,7,2020-11-06 22:29:41]
[SQL_LOG:2020-11-06 22:29:41]: SELECT COUNT(*) AS NUM  FROM  likes  WHERE  item_id = ?     [12]
[SQL_LOG:2020-11-06 22:29:42]: SELECT *  FROM  likes  WHERE  item_id = ? AND mem_id = ?     [12,7]
[SQL_LOG:2020-11-06 22:29:42]: DELETE FROM likes WHERE item_id = ? AND mem_id = ?  [12,7]
[SQL_LOG:2020-11-06 22:29:42]: SELECT COUNT(*) AS NUM  FROM  likes  WHERE  item_id = ?     [12]
[SQL_LOG:2020-11-06 22:29:42]: SELECT *  FROM  likes  WHERE  item_id = ? AND mem_id = ?     [12,7]
[SQL_LOG:2020-11-06 22:29:42]: INSERT INTO likes (item_id,mem_id,regist_date)VALUES(?,?,?) [12,7,2020-11-06 22:29:42]
[SQL_LOG:2020-11-06 22:29:42]: SELECT COUNT(*) AS NUM  FROM  likes  WHERE  item_id = ?     [12]
[SQL_LOG:2020-11-06 22:29:43]: SELECT ctg_id, category_name  FROM  category     []
[SQL_LOG:2020-11-06 22:29:43]: SELECT item_id, item_name, price, image, ctg_id  FROM  item  WHERE  ctg_id = ?     [2]
[SQL_LOG:2020-11-06 22:29:45]: SELECT ctg_id, category_name  FROM  category     []
[SQL_LOG:2020-11-06 22:29:45]: SELECT item_id, item_name, detail, price, image, ctg_id FROM  item  WHERE  item_id = ?     [7]
[SQL_LOG:2020-11-06 22:29:45]: SELECT COUNT(*) AS NUM  FROM  likes  WHERE  item_id = ?     [7]
[SQL_LOG:2020-11-06 22:29:45]: SELECT *  FROM  likes  WHERE  item_id = ? AND mem_id = ?     [7,7]
[SQL_LOG:2020-11-06 22:29:46]: SELECT *  FROM  likes  WHERE  item_id = ? AND mem_id = ?     [7,7]
[SQL_LOG:2020-11-06 22:29:46]: DELETE FROM likes WHERE item_id = ? AND mem_id = ?  [7,7]
[SQL_LOG:2020-11-06 22:29:46]: SELECT COUNT(*) AS NUM  FROM  likes  WHERE  item_id = ?     [7]
[SQL_LOG:2020-11-06 22:29:50]: SELECT ctg_id, category_name  FROM  category     []
[SQL_LOG:2020-11-06 22:29:50]: SELECT item_id, item_name, price, image, ctg_id  FROM  item  WHERE  ctg_id = ?     [2]
[SQL_LOG:2020-11-06 22:29:52]: SELECT ctg_id, category_name  FROM  category     []
[SQL_LOG:2020-11-06 22:29:52]: SELECT item_id, item_name, detail, price, image, ctg_id FROM  item  WHERE  item_id = ?     [7]
[SQL_LOG:2020-11-06 22:29:52]: SELECT COUNT(*) AS NUM  FROM  likes  WHERE  item_id = ?     [7]
[SQL_LOG:2020-11-06 22:29:52]: SELECT *  FROM  likes  WHERE  item_id = ? AND mem_id = ?     [7,7]
[SQL_LOG:2020-11-06 22:29:53]: INSERT INTO cart (customer_no,item_id,regist_date)VALUES(?,?,?) [7,7,2020-11-06 22:29:53]
[SQL_LOG:2020-11-06 22:29:53]: SELECT c.crt_id, i.item_id, i.item_name, i.price, i.image FROM  cart c LEFT JOIN item i ON c.item_id = i.item_id  WHERE  c.customer_no = ? AND c.delete_flg = ?    [7,0]
[SQL_LOG:2020-11-06 22:29:53]: SELECT SUM(i.price) AS totalPrice  FROM  cart c LEFT JOIN item i ON c.item_id = i.item_id  WHERE  c.customer_no = ? AND c.delete_flg = ?    [7,0]
[SQL_LOG:2020-11-06 22:29:53]: SELECT SUM(num) AS num  FROM  cart c  WHERE  c.customer_no = ? AND c.delete_flg = ?    [7,0]
[SQL_LOG:2020-11-06 22:29:55]: SELECT c.crt_id, i.item_id, i.item_name, i.price, i.image FROM  cart c LEFT JOIN item i ON c.item_id = i.item_id  WHERE  c.customer_no = ? AND c.delete_flg = ?    [7,0]
[SQL_LOG:2020-11-06 22:29:55]: SELECT SUM(i.price) AS totalPrice  FROM  cart c LEFT JOIN item i ON c.item_id = i.item_id  WHERE  c.customer_no = ? AND c.delete_flg = ?    [7,0]
[SQL_LOG:2020-11-06 22:29:55]: SELECT SUM(num) AS num  FROM  cart c  WHERE  c.customer_no = ? AND c.delete_flg = ?    [7,0]
