[SQL_LOG:2020-11-10 15:24:04]: SELECT ctg_id, category_name  FROM  category     []
[SQL_LOG:2020-11-10 15:24:04]: SELECT item_id, item_name, price, image, ctg_id  FROM  item     []
[SQL_LOG:2020-11-10 15:24:09]: SELECT *  FROM  member  WHERE  mem_id = ?     [7]
[SQL_LOG:2020-11-10 15:24:11]: SELECT ctg_id, category_name  FROM  category     []
[SQL_LOG:2020-11-10 15:24:11]: SELECT item_id, item_name, price, image, ctg_id  FROM  item     []
[SQL_LOG:2020-11-10 15:24:13]: SELECT ctg_id, category_name  FROM  category     []
[SQL_LOG:2020-11-10 15:24:13]: SELECT item_id, item_name, price, image, ctg_id  FROM  item  WHERE  ctg_id = ?     [1]
[SQL_LOG:2020-11-10 15:24:15]: SELECT ctg_id, category_name  FROM  category     []
[SQL_LOG:2020-11-10 15:24:15]: SELECT item_id, item_name, detail, price, image, ctg_id FROM  item  WHERE  item_id = ?     [1]
[SQL_LOG:2020-11-10 15:24:15]: SELECT COUNT(*) AS NUM  FROM  likes  WHERE  item_id = ?     [1]
[SQL_LOG:2020-11-10 15:24:15]: SELECT *  FROM  likes  WHERE  item_id = ? AND mem_id = ?     [1,7]
[SQL_LOG:2020-11-10 15:24:18]: SELECT ctg_id, category_name  FROM  category     []
[SQL_LOG:2020-11-10 15:24:18]: SELECT item_id, item_name, price, image, ctg_id  FROM  item     []
[SQL_LOG:2020-11-10 15:24:56]: SELECT ctg_id, category_name  FROM  category     []
[SQL_LOG:2020-11-10 15:24:56]: SELECT item_id, item_name, price, image, ctg_id  FROM  item     []
[SQL_LOG:2020-11-10 15:24:58]: SELECT c.crt_id, i.item_id, i.item_name, i.price, i.image FROM  cart c LEFT JOIN item i ON c.item_id = i.item_id  WHERE  c.customer_no = ? AND c.delete_flg = ?    [7,0]
[SQL_LOG:2020-11-10 15:24:58]: SELECT SUM(i.price) AS totalPrice  FROM  cart c LEFT JOIN item i ON c.item_id = i.item_id  WHERE  c.customer_no = ? AND c.delete_flg = ?    [7,0]
[SQL_LOG:2020-11-10 15:24:58]: SELECT SUM(num) AS num  FROM  cart c  WHERE  c.customer_no = ? AND c.delete_flg = ?    [7,0]
[SQL_LOG:2020-11-10 15:25:03]: SELECT ctg_id, category_name  FROM  category     []
[SQL_LOG:2020-11-10 15:25:03]: SELECT item_id, item_name, price, image, ctg_id  FROM  item     []
[SQL_LOG:2020-11-10 15:25:07]: SELECT *  FROM  member  WHERE  mem_id = ?     [7]
[SQL_LOG:2020-11-10 15:25:10]: SELECT ctg_id, category_name  FROM  category     []
[SQL_LOG:2020-11-10 15:25:10]: SELECT item_id, item_name, price, image, ctg_id  FROM  item     []
[SQL_LOG:2020-11-10 15:25:39]: SELECT ctg_id, category_name  FROM  category     []
[SQL_LOG:2020-11-10 15:25:39]: SELECT item_id, item_name, detail, price, image, ctg_id FROM  item  WHERE  item_id = ?     [1]
[SQL_LOG:2020-11-10 15:25:39]: SELECT COUNT(*) AS NUM  FROM  likes  WHERE  item_id = ?     [1]
[SQL_LOG:2020-11-10 15:25:39]: SELECT *  FROM  likes  WHERE  item_id = ? AND mem_id = ?     [1,7]
[SQL_LOG:2020-11-10 15:25:41]: INSERT INTO cart (customer_no,item_id,regist_date)VALUES(?,?,?) [7,1,2020-11-10 15:25:41]
[SQL_LOG:2020-11-10 15:25:41]: SELECT c.crt_id, i.item_id, i.item_name, i.price, i.image FROM  cart c LEFT JOIN item i ON c.item_id = i.item_id  WHERE  c.customer_no = ? AND c.delete_flg = ?    [7,0]
[SQL_LOG:2020-11-10 15:25:41]: SELECT SUM(i.price) AS totalPrice  FROM  cart c LEFT JOIN item i ON c.item_id = i.item_id  WHERE  c.customer_no = ? AND c.delete_flg = ?    [7,0]
[SQL_LOG:2020-11-10 15:25:41]: SELECT SUM(num) AS num  FROM  cart c  WHERE  c.customer_no = ? AND c.delete_flg = ?    [7,0]
[SQL_LOG:2020-11-10 15:25:56]: INSERT INTO cart (customer_no,item_id,regist_date)VALUES(?,?,?) [7,1,2020-11-10 15:25:56]
[SQL_LOG:2020-11-10 15:25:56]: SELECT c.crt_id, i.item_id, i.item_name, i.price, i.image FROM  cart c LEFT JOIN item i ON c.item_id = i.item_id  WHERE  c.customer_no = ? AND c.delete_flg = ?    [7,0]
[SQL_LOG:2020-11-10 15:25:56]: SELECT SUM(i.price) AS totalPrice  FROM  cart c LEFT JOIN item i ON c.item_id = i.item_id  WHERE  c.customer_no = ? AND c.delete_flg = ?    [7,0]
[SQL_LOG:2020-11-10 15:25:56]: SELECT SUM(num) AS num  FROM  cart c  WHERE  c.customer_no = ? AND c.delete_flg = ?    [7,0]
[SQL_LOG:2020-11-10 15:25:57]: UPDATE cart  SET delete_date =? ,delete_flg =?  WHERE  crt_id = ?  [2020-11-10 15:25:57,1,71]
[SQL_LOG:2020-11-10 15:25:57]: SELECT c.crt_id, i.item_id, i.item_name, i.price, i.image FROM  cart c LEFT JOIN item i ON c.item_id = i.item_id  WHERE  c.customer_no = ? AND c.delete_flg = ?    [7,0]
[SQL_LOG:2020-11-10 15:25:57]: SELECT SUM(i.price) AS totalPrice  FROM  cart c LEFT JOIN item i ON c.item_id = i.item_id  WHERE  c.customer_no = ? AND c.delete_flg = ?    [7,0]
[SQL_LOG:2020-11-10 15:25:57]: SELECT SUM(num) AS num  FROM  cart c  WHERE  c.customer_no = ? AND c.delete_flg = ?    [7,0]
[SQL_LOG:2020-11-10 15:26:00]: SELECT *  FROM  member  WHERE  mem_id = ?     [7]
[SQL_LOG:2020-11-10 15:26:04]: SELECT ctg_id, category_name  FROM  category     []
[SQL_LOG:2020-11-10 15:26:04]: SELECT item_id, item_name, price, image, ctg_id  FROM  item     []
[SQL_LOG:2020-11-10 15:26:07]: SELECT ctg_id, category_name  FROM  category     []
[SQL_LOG:2020-11-10 15:26:07]: SELECT item_id, item_name, price, image, ctg_id  FROM  item     []
[SQL_LOG:2020-11-10 15:26:09]: SELECT ctg_id, category_name  FROM  category     []
[SQL_LOG:2020-11-10 15:26:09]: SELECT item_id, item_name, detail, price, image, ctg_id FROM  item  WHERE  item_id = ?     [1]
[SQL_LOG:2020-11-10 15:26:09]: SELECT COUNT(*) AS NUM  FROM  likes  WHERE  item_id = ?     [1]
[SQL_LOG:2020-11-10 15:26:09]: SELECT *  FROM  likes  WHERE  item_id = ? AND mem_id = ?     [1,7]
[SQL_LOG:2020-11-10 15:26:11]: SELECT *  FROM  likes  WHERE  item_id = ? AND mem_id = ?     [1,7]
[SQL_LOG:2020-11-10 15:26:11]: INSERT INTO likes (item_id,mem_id,regist_date)VALUES(?,?,?) [1,7,2020-11-10 15:26:11]
[SQL_LOG:2020-11-10 15:26:11]: SELECT COUNT(*) AS NUM  FROM  likes  WHERE  item_id = ?     [1]
[SQL_LOG:2020-11-10 15:26:13]: SELECT *  FROM  likes  WHERE  item_id = ? AND mem_id = ?     [1,7]
[SQL_LOG:2020-11-10 15:26:13]: DELETE FROM likes WHERE item_id = ? AND mem_id = ?  [1,7]
[SQL_LOG:2020-11-10 15:26:13]: SELECT COUNT(*) AS NUM  FROM  likes  WHERE  item_id = ?     [1]
[SQL_LOG:2020-11-10 15:26:21]: SELECT ctg_id, category_name  FROM  category     []
[SQL_LOG:2020-11-10 15:26:21]: SELECT item_id, item_name, price, image, ctg_id  FROM  item     []
[SQL_LOG:2020-11-10 15:26:26]: SELECT *  FROM  member  WHERE  mem_id = ?     [7]
[SQL_LOG:2020-11-10 15:26:29]: SELECT *  FROM  member  WHERE  mem_id = ?     [7]
[SQL_LOG:2020-11-10 15:26:31]: SELECT ctg_id, category_name  FROM  category     []
[SQL_LOG:2020-11-10 15:26:31]: SELECT item_id, item_name, price, image, ctg_id  FROM  item     []
[SQL_LOG:2020-11-10 15:26:34]: SELECT ctg_id, category_name  FROM  category     []
[SQL_LOG:2020-11-10 15:26:34]: SELECT item_id, item_name, price, image, ctg_id  FROM  item     []
[SQL_LOG:2020-11-10 15:26:36]: SELECT *  FROM  member  WHERE  mem_id = ?     [7]
[SQL_LOG:2020-11-10 15:26:38]: SELECT ctg_id, category_name  FROM  category     []
[SQL_LOG:2020-11-10 15:26:38]: SELECT item_id, item_name, price, image, ctg_id  FROM  item     []
[SQL_LOG:2020-11-10 15:26:40]: SELECT *  FROM  member  WHERE  mem_id = ?     [7]
[SQL_LOG:2020-11-10 15:26:42]: SELECT ctg_id, category_name  FROM  category     []
[SQL_LOG:2020-11-10 15:26:42]: SELECT item_id, item_name, price, image, ctg_id  FROM  item     []
[SQL_LOG:2020-11-10 15:26:44]: SELECT *  FROM  member  WHERE  mem_id = ?     [7]
[SQL_LOG:2020-11-10 15:26:46]: SELECT ctg_id, category_name  FROM  category     []
[SQL_LOG:2020-11-10 15:26:46]: SELECT item_id, item_name, price, image, ctg_id  FROM  item     []
