[SQL_LOG:2020-12-08 09:47:14]: SELECT ctg_id, category_name  FROM  category     []
[SQL_LOG:2020-12-08 09:47:14]: SELECT item_id, item_name, price, image, ctg_id  FROM  item     []
[SQL_LOG:2020-12-08 09:47:18]: SELECT ctg_id, category_name  FROM  category     []
[SQL_LOG:2020-12-08 09:47:18]: SELECT item_id, item_name, detail, price, image, ctg_id FROM  item  WHERE  item_id = ?     [1]
[SQL_LOG:2020-12-08 09:47:18]: SELECT COUNT(*) AS NUM  FROM  likes  WHERE  item_id = ?     [1]
[SQL_LOG:2020-12-08 09:47:18]: SELECT *  FROM  likes  WHERE  item_id = ? AND mem_id = ?     [1,7]
[SQL_LOG:2020-12-08 09:47:38]: SELECT ctg_id, category_name  FROM  category     []
[SQL_LOG:2020-12-08 09:47:38]: SELECT item_id, item_name, price, image, ctg_id  FROM  item  WHERE  ctg_id = ?     [1]
[SQL_LOG:2020-12-08 09:47:41]: SELECT ctg_id, category_name  FROM  category     []
[SQL_LOG:2020-12-08 09:47:41]: SELECT item_id, item_name, detail, price, image, ctg_id FROM  item  WHERE  item_id = ?     [4]
[SQL_LOG:2020-12-08 09:47:41]: SELECT COUNT(*) AS NUM  FROM  likes  WHERE  item_id = ?     [4]
[SQL_LOG:2020-12-08 09:47:41]: SELECT *  FROM  likes  WHERE  item_id = ? AND mem_id = ?     [4,7]
[SQL_LOG:2020-12-08 09:47:53]: SELECT ctg_id, category_name  FROM  category     []
[SQL_LOG:2020-12-08 09:47:53]: SELECT item_id, item_name, price, image, ctg_id  FROM  item  WHERE  ctg_id = ?     [1]
[SQL_LOG:2020-12-08 09:47:55]: SELECT ctg_id, category_name  FROM  category     []
[SQL_LOG:2020-12-08 09:47:55]: SELECT item_id, item_name, price, image, ctg_id  FROM  item     []
[SQL_LOG:2020-12-08 09:47:56]: SELECT ctg_id, category_name  FROM  category     []
[SQL_LOG:2020-12-08 09:47:56]: SELECT item_id, item_name, price, image, ctg_id  FROM  item     []
[SQL_LOG:2020-12-08 09:47:57]: SELECT ctg_id, category_name  FROM  category     []
[SQL_LOG:2020-12-08 09:47:57]: SELECT item_id, item_name, price, image, ctg_id  FROM  item     []
[SQL_LOG:2020-12-08 09:47:59]: SELECT ctg_id, category_name  FROM  category     []
[SQL_LOG:2020-12-08 09:47:59]: SELECT item_id, item_name, price, image, ctg_id  FROM  item     []
[SQL_LOG:2020-12-08 09:58:18]: SELECT c.crt_id, c.num, c.sub_total_price, i.item_id, i.item_name, i.price, i.image FROM  cart c LEFT JOIN item i ON c.item_id = i.item_id  WHERE  c.mem_id = ? AND c.delete_flg = ?     [7,0]
[SQL_LOG:2020-12-08 09:58:18]: SELECT SUM(c.sub_total_price) * c.num AS totalPrice  FROM  cart c LEFT JOIN item i ON c.item_id = i.item_id  WHERE  c.mem_id = ? AND c.delete_flg = ?    [7,0]
[SQL_LOG:2020-12-08 09:58:18]: SELECT SUM(num) AS num  FROM  cart c  WHERE  c.mem_id = ? AND c.delete_flg = ?    [7,0]
[SQL_LOG:2020-12-08 09:58:23]: UPDATE cart  SET delete_date =? ,delete_flg =?  WHERE  crt_id = ?  [2020-12-08 09:58:23,1,234]
[SQL_LOG:2020-12-08 09:58:23]: SELECT c.crt_id, c.num, c.sub_total_price, i.item_id, i.item_name, i.price, i.image FROM  cart c LEFT JOIN item i ON c.item_id = i.item_id  WHERE  c.mem_id = ? AND c.delete_flg = ?     [7,0]
[SQL_LOG:2020-12-08 09:58:23]: SELECT SUM(c.sub_total_price) * c.num AS totalPrice  FROM  cart c LEFT JOIN item i ON c.item_id = i.item_id  WHERE  c.mem_id = ? AND c.delete_flg = ?    [7,0]
[SQL_LOG:2020-12-08 09:58:23]: SELECT SUM(num) AS num  FROM  cart c  WHERE  c.mem_id = ? AND c.delete_flg = ?    [7,0]
[SQL_LOG:2020-12-08 09:58:32]: UPDATE cart  SET delete_date =? ,delete_flg =?  WHERE  crt_id = ?  [2020-12-08 09:58:32,1,237]
[SQL_LOG:2020-12-08 09:58:32]: SELECT c.crt_id, c.num, c.sub_total_price, i.item_id, i.item_name, i.price, i.image FROM  cart c LEFT JOIN item i ON c.item_id = i.item_id  WHERE  c.mem_id = ? AND c.delete_flg = ?     [7,0]
[SQL_LOG:2020-12-08 09:58:32]: SELECT SUM(c.sub_total_price) * c.num AS totalPrice  FROM  cart c LEFT JOIN item i ON c.item_id = i.item_id  WHERE  c.mem_id = ? AND c.delete_flg = ?    [7,0]
[SQL_LOG:2020-12-08 09:58:32]: SELECT SUM(num) AS num  FROM  cart c  WHERE  c.mem_id = ? AND c.delete_flg = ?    [7,0]
[SQL_LOG:2020-12-08 09:58:34]: SELECT c.crt_id, c.num, c.sub_total_price, i.item_id, i.item_name, i.price, i.image FROM  cart c LEFT JOIN item i ON c.item_id = i.item_id  WHERE  c.mem_id = ? AND c.delete_flg = ?     [7,0]
[SQL_LOG:2020-12-08 09:58:34]: SELECT SUM(c.sub_total_price) * c.num AS totalPrice  FROM  cart c LEFT JOIN item i ON c.item_id = i.item_id  WHERE  c.mem_id = ? AND c.delete_flg = ?    [7,0]
[SQL_LOG:2020-12-08 09:58:34]: SELECT SUM(num) AS num  FROM  cart c  WHERE  c.mem_id = ? AND c.delete_flg = ?    [7,0]
[SQL_LOG:2020-12-08 09:58:36]: SELECT ctg_id, category_name  FROM  category     []
[SQL_LOG:2020-12-08 09:58:36]: SELECT item_id, item_name, price, image, ctg_id  FROM  item     []
[SQL_LOG:2020-12-08 09:58:38]: SELECT ctg_id, category_name  FROM  category     []
[SQL_LOG:2020-12-08 09:58:38]: SELECT item_id, item_name, detail, price, image, ctg_id FROM  item  WHERE  item_id = ?     [2]
[SQL_LOG:2020-12-08 09:58:38]: SELECT COUNT(*) AS NUM  FROM  likes  WHERE  item_id = ?     [2]
[SQL_LOG:2020-12-08 09:58:38]: SELECT *  FROM  likes  WHERE  item_id = ? AND mem_id = ?     [2,7]
[SQL_LOG:2020-12-08 09:58:43]: SELECT price  FROM  item  WHERE  item_id = ?     [2]
[SQL_LOG:2020-12-08 09:58:43]: INSERT INTO cart (mem_id,item_id,num,sub_total_price,regist_date)VALUES(?,?,?,?,?) [7,2,5,750,2020-12-08 09:58:43]
[SQL_LOG:2020-12-08 09:58:43]: SELECT c.crt_id, c.num, c.sub_total_price, i.item_id, i.item_name, i.price, i.image FROM  cart c LEFT JOIN item i ON c.item_id = i.item_id  WHERE  c.mem_id = ? AND c.delete_flg = ?     [7,0]
[SQL_LOG:2020-12-08 09:58:43]: SELECT SUM(c.sub_total_price) * c.num AS totalPrice  FROM  cart c LEFT JOIN item i ON c.item_id = i.item_id  WHERE  c.mem_id = ? AND c.delete_flg = ?    [7,0]
[SQL_LOG:2020-12-08 09:58:43]: SELECT SUM(num) AS num  FROM  cart c  WHERE  c.mem_id = ? AND c.delete_flg = ?    [7,0]
[SQL_LOG:2020-12-08 09:58:48]: UPDATE cart  SET delete_date =? ,delete_flg =?  WHERE  crt_id = ?  [2020-12-08 09:58:48,1,238]
[SQL_LOG:2020-12-08 09:58:48]: SELECT c.crt_id, c.num, c.sub_total_price, i.item_id, i.item_name, i.price, i.image FROM  cart c LEFT JOIN item i ON c.item_id = i.item_id  WHERE  c.mem_id = ? AND c.delete_flg = ?     [7,0]
[SQL_LOG:2020-12-08 09:58:48]: SELECT SUM(c.sub_total_price) * c.num AS totalPrice  FROM  cart c LEFT JOIN item i ON c.item_id = i.item_id  WHERE  c.mem_id = ? AND c.delete_flg = ?    [7,0]
[SQL_LOG:2020-12-08 09:58:48]: SELECT SUM(num) AS num  FROM  cart c  WHERE  c.mem_id = ? AND c.delete_flg = ?    [7,0]
[SQL_LOG:2020-12-08 09:58:52]: SELECT ctg_id, category_name  FROM  category     []
[SQL_LOG:2020-12-08 09:58:52]: SELECT item_id, item_name, price, image, ctg_id  FROM  item     []
[SQL_LOG:2020-12-08 09:58:54]: SELECT ctg_id, category_name  FROM  category     []
[SQL_LOG:2020-12-08 09:58:54]: SELECT item_id, item_name, price, image, ctg_id  FROM  item     []
[SQL_LOG:2020-12-08 09:58:56]: SELECT ctg_id, category_name  FROM  category     []
[SQL_LOG:2020-12-08 09:58:56]: SELECT item_id, item_name, detail, price, image, ctg_id FROM  item  WHERE  item_id = ?     [5]
[SQL_LOG:2020-12-08 09:58:56]: SELECT COUNT(*) AS NUM  FROM  likes  WHERE  item_id = ?     [5]
[SQL_LOG:2020-12-08 09:58:56]: SELECT *  FROM  likes  WHERE  item_id = ? AND mem_id = ?     [5,7]
[SQL_LOG:2020-12-08 09:58:59]: SELECT price  FROM  item  WHERE  item_id = ?     [5]
[SQL_LOG:2020-12-08 09:58:59]: INSERT INTO cart (mem_id,item_id,num,sub_total_price,regist_date)VALUES(?,?,?,?,?) [7,5,4,120,2020-12-08 09:58:59]
[SQL_LOG:2020-12-08 09:58:59]: SELECT c.crt_id, c.num, c.sub_total_price, i.item_id, i.item_name, i.price, i.image FROM  cart c LEFT JOIN item i ON c.item_id = i.item_id  WHERE  c.mem_id = ? AND c.delete_flg = ?     [7,0]
[SQL_LOG:2020-12-08 09:58:59]: SELECT SUM(c.sub_total_price) * c.num AS totalPrice  FROM  cart c LEFT JOIN item i ON c.item_id = i.item_id  WHERE  c.mem_id = ? AND c.delete_flg = ?    [7,0]
[SQL_LOG:2020-12-08 09:58:59]: SELECT SUM(num) AS num  FROM  cart c  WHERE  c.mem_id = ? AND c.delete_flg = ?    [7,0]
[SQL_LOG:2020-12-08 10:01:15]: UPDATE cart  SET delete_date =? ,delete_flg =?  WHERE  crt_id = ?  [2020-12-08 10:01:15,1,239]
[SQL_LOG:2020-12-08 10:01:15]: SELECT c.crt_id, c.num, c.sub_total_price, i.item_id, i.item_name, i.price, i.image FROM  cart c LEFT JOIN item i ON c.item_id = i.item_id  WHERE  c.mem_id = ? AND c.delete_flg = ?     [7,0]
[SQL_LOG:2020-12-08 10:01:15]: SELECT SUM(c.sub_total_price) * c.num AS totalPrice  FROM  cart c LEFT JOIN item i ON c.item_id = i.item_id  WHERE  c.mem_id = ? AND c.delete_flg = ?    [7,0]
[SQL_LOG:2020-12-08 10:01:15]: SELECT SUM(num) AS num  FROM  cart c  WHERE  c.mem_id = ? AND c.delete_flg = ?    [7,0]
[SQL_LOG:2020-12-08 10:01:16]: SELECT ctg_id, category_name  FROM  category     []
[SQL_LOG:2020-12-08 10:01:16]: SELECT item_id, item_name, price, image, ctg_id  FROM  item     []
[SQL_LOG:2020-12-08 10:01:18]: SELECT ctg_id, category_name  FROM  category     []
[SQL_LOG:2020-12-08 10:01:18]: SELECT item_id, item_name, detail, price, image, ctg_id FROM  item  WHERE  item_id = ?     [2]
[SQL_LOG:2020-12-08 10:01:18]: SELECT COUNT(*) AS NUM  FROM  likes  WHERE  item_id = ?     [2]
[SQL_LOG:2020-12-08 10:01:18]: SELECT *  FROM  likes  WHERE  item_id = ? AND mem_id = ?     [2,7]
[SQL_LOG:2020-12-08 10:01:23]: SELECT price  FROM  item  WHERE  item_id = ?     [2]
[SQL_LOG:2020-12-08 10:01:23]: INSERT INTO cart (mem_id,item_id,num,sub_total_price,regist_date)VALUES(?,?,?,?,?) [7,2,5,750,2020-12-08 10:01:23]
[SQL_LOG:2020-12-08 10:01:23]: SELECT c.crt_id, c.num, c.sub_total_price, i.item_id, i.item_name, i.price, i.image FROM  cart c LEFT JOIN item i ON c.item_id = i.item_id  WHERE  c.mem_id = ? AND c.delete_flg = ?     [7,0]
[SQL_LOG:2020-12-08 10:01:23]: SELECT SUM(c.sub_total_price) * c.num AS totalPrice  FROM  cart c LEFT JOIN item i ON c.item_id = i.item_id  WHERE  c.mem_id = ? AND c.delete_flg = ?    [7,0]
[SQL_LOG:2020-12-08 10:01:23]: SELECT SUM(num) AS num  FROM  cart c  WHERE  c.mem_id = ? AND c.delete_flg = ?    [7,0]
[SQL_LOG:2020-12-08 10:05:01]: SELECT price  FROM  item  WHERE  item_id = ?     [2]
[SQL_LOG:2020-12-08 10:05:01]: INSERT INTO cart (mem_id,item_id,num,sub_total_price,regist_date)VALUES(?,?,?,?,?) [7,2,5,750,2020-12-08 10:05:01]
[SQL_LOG:2020-12-08 10:05:01]: SELECT c.crt_id, c.num, c.sub_total_price, i.item_id, i.item_name, i.price, i.image FROM  cart c LEFT JOIN item i ON c.item_id = i.item_id  WHERE  c.mem_id = ? AND c.delete_flg = ?     [7,0]
[SQL_LOG:2020-12-08 10:05:01]: SELECT SUM(c.sub_total_price) AS sub_total_price  FROM  cart c LEFT JOIN item i ON c.item_id = i.item_id  WHERE  c.mem_id = ? AND c.delete_flg = ?    [7,0]
[SQL_LOG:2020-12-08 10:05:01]: SELECT SUM(num) AS num  FROM  cart c  WHERE  c.mem_id = ? AND c.delete_flg = ?    [7,0]
[SQL_LOG:2020-12-08 10:05:10]: UPDATE cart  SET delete_date =? ,delete_flg =?  WHERE  crt_id = ?  [2020-12-08 10:05:10,1,240]
[SQL_LOG:2020-12-08 10:05:10]: SELECT c.crt_id, c.num, c.sub_total_price, i.item_id, i.item_name, i.price, i.image FROM  cart c LEFT JOIN item i ON c.item_id = i.item_id  WHERE  c.mem_id = ? AND c.delete_flg = ?     [7,0]
[SQL_LOG:2020-12-08 10:05:10]: SELECT SUM(c.sub_total_price) AS sub_total_price  FROM  cart c LEFT JOIN item i ON c.item_id = i.item_id  WHERE  c.mem_id = ? AND c.delete_flg = ?    [7,0]
[SQL_LOG:2020-12-08 10:05:10]: SELECT SUM(num) AS num  FROM  cart c  WHERE  c.mem_id = ? AND c.delete_flg = ?    [7,0]
[SQL_LOG:2020-12-08 10:05:31]: UPDATE cart  SET delete_date =? ,delete_flg =?  WHERE  crt_id = ?  [2020-12-08 10:05:31,1,240]
[SQL_LOG:2020-12-08 10:05:31]: SELECT c.crt_id, c.num, c.sub_total_price, i.item_id, i.item_name, i.price, i.image FROM  cart c LEFT JOIN item i ON c.item_id = i.item_id  WHERE  c.mem_id = ? AND c.delete_flg = ?     [7,0]
[SQL_LOG:2020-12-08 10:05:31]: SELECT SUM(c.sub_total_price)  FROM  cart c LEFT JOIN item i ON c.item_id = i.item_id  WHERE  c.mem_id = ? AND c.delete_flg = ?    [7,0]
[SQL_LOG:2020-12-08 10:05:31]: SELECT SUM(num) AS num  FROM  cart c  WHERE  c.mem_id = ? AND c.delete_flg = ?    [7,0]
[SQL_LOG:2020-12-08 10:05:37]: UPDATE cart  SET delete_date =? ,delete_flg =?  WHERE  crt_id = ?  [2020-12-08 10:05:37,1,240]
[SQL_LOG:2020-12-08 10:05:37]: SELECT c.crt_id, c.num, c.sub_total_price, i.item_id, i.item_name, i.price, i.image FROM  cart c LEFT JOIN item i ON c.item_id = i.item_id  WHERE  c.mem_id = ? AND c.delete_flg = ?     [7,0]
[SQL_LOG:2020-12-08 10:05:37]: SELECT SUM(c.sub_total_price)  FROM  cart c LEFT JOIN item i ON c.item_id = i.item_id  WHERE  c.mem_id = ? AND c.delete_flg = ?    [7,0]
[SQL_LOG:2020-12-08 10:05:37]: SELECT SUM(num) AS num  FROM  cart c  WHERE  c.mem_id = ? AND c.delete_flg = ?    [7,0]
[SQL_LOG:2020-12-08 10:05:38]: UPDATE cart  SET delete_date =? ,delete_flg =?  WHERE  crt_id = ?  [2020-12-08 10:05:38,1,240]
[SQL_LOG:2020-12-08 10:05:38]: SELECT c.crt_id, c.num, c.sub_total_price, i.item_id, i.item_name, i.price, i.image FROM  cart c LEFT JOIN item i ON c.item_id = i.item_id  WHERE  c.mem_id = ? AND c.delete_flg = ?     [7,0]
[SQL_LOG:2020-12-08 10:05:38]: SELECT SUM(c.sub_total_price)  FROM  cart c LEFT JOIN item i ON c.item_id = i.item_id  WHERE  c.mem_id = ? AND c.delete_flg = ?    [7,0]
[SQL_LOG:2020-12-08 10:05:38]: SELECT SUM(num) AS num  FROM  cart c  WHERE  c.mem_id = ? AND c.delete_flg = ?    [7,0]
[SQL_LOG:2020-12-08 10:05:38]: UPDATE cart  SET delete_date =? ,delete_flg =?  WHERE  crt_id = ?  [2020-12-08 10:05:38,1,240]
[SQL_LOG:2020-12-08 10:05:38]: SELECT c.crt_id, c.num, c.sub_total_price, i.item_id, i.item_name, i.price, i.image FROM  cart c LEFT JOIN item i ON c.item_id = i.item_id  WHERE  c.mem_id = ? AND c.delete_flg = ?     [7,0]
[SQL_LOG:2020-12-08 10:05:38]: SELECT SUM(c.sub_total_price)  FROM  cart c LEFT JOIN item i ON c.item_id = i.item_id  WHERE  c.mem_id = ? AND c.delete_flg = ?    [7,0]
[SQL_LOG:2020-12-08 10:05:38]: SELECT SUM(num) AS num  FROM  cart c  WHERE  c.mem_id = ? AND c.delete_flg = ?    [7,0]
[SQL_LOG:2020-12-08 10:05:38]: UPDATE cart  SET delete_date =? ,delete_flg =?  WHERE  crt_id = ?  [2020-12-08 10:05:38,1,240]
[SQL_LOG:2020-12-08 10:05:38]: SELECT c.crt_id, c.num, c.sub_total_price, i.item_id, i.item_name, i.price, i.image FROM  cart c LEFT JOIN item i ON c.item_id = i.item_id  WHERE  c.mem_id = ? AND c.delete_flg = ?     [7,0]
[SQL_LOG:2020-12-08 10:05:38]: SELECT SUM(c.sub_total_price)  FROM  cart c LEFT JOIN item i ON c.item_id = i.item_id  WHERE  c.mem_id = ? AND c.delete_flg = ?    [7,0]
[SQL_LOG:2020-12-08 10:05:38]: SELECT SUM(num) AS num  FROM  cart c  WHERE  c.mem_id = ? AND c.delete_flg = ?    [7,0]
[SQL_LOG:2020-12-08 10:05:56]: UPDATE cart  SET delete_date =? ,delete_flg =?  WHERE  crt_id = ?  [2020-12-08 10:05:56,1,240]
[SQL_LOG:2020-12-08 10:05:56]: SELECT c.crt_id, c.num, c.sub_total_price, i.item_id, i.item_name, i.price, i.image FROM  cart c LEFT JOIN item i ON c.item_id = i.item_id  WHERE  c.mem_id = ? AND c.delete_flg = ?     [7,0]
[SQL_LOG:2020-12-08 10:05:56]: SELECT SUM(c.sub_total_price)  FROM  cart c LEFT JOIN item i ON c.item_id = i.item_id  WHERE  c.mem_id = ? AND c.delete_flg = ?    [7,0]
[SQL_LOG:2020-12-08 10:05:56]: SELECT SUM(num) AS num  FROM  cart c  WHERE  c.mem_id = ? AND c.delete_flg = ?    [7,0]
[SQL_LOG:2020-12-08 10:05:56]: UPDATE cart  SET delete_date =? ,delete_flg =?  WHERE  crt_id = ?  [2020-12-08 10:05:56,1,240]
[SQL_LOG:2020-12-08 10:05:56]: SELECT c.crt_id, c.num, c.sub_total_price, i.item_id, i.item_name, i.price, i.image FROM  cart c LEFT JOIN item i ON c.item_id = i.item_id  WHERE  c.mem_id = ? AND c.delete_flg = ?     [7,0]
[SQL_LOG:2020-12-08 10:05:56]: SELECT SUM(c.sub_total_price)  FROM  cart c LEFT JOIN item i ON c.item_id = i.item_id  WHERE  c.mem_id = ? AND c.delete_flg = ?    [7,0]
[SQL_LOG:2020-12-08 10:05:56]: SELECT SUM(num) AS num  FROM  cart c  WHERE  c.mem_id = ? AND c.delete_flg = ?    [7,0]
[SQL_LOG:2020-12-08 10:06:18]: UPDATE cart  SET delete_date =? ,delete_flg =?  WHERE  crt_id = ?  [2020-12-08 10:06:18,1,240]
[SQL_LOG:2020-12-08 10:06:18]: SELECT c.crt_id, c.num, c.sub_total_price, i.item_id, i.item_name, i.price, i.image FROM  cart c LEFT JOIN item i ON c.item_id = i.item_id  WHERE  c.mem_id = ? AND c.delete_flg = ?     [7,0]
[SQL_LOG:2020-12-08 10:06:18]: SELECT SUM(c.sub_total_price)  FROM  cart c LEFT JOIN item i ON c.item_id = i.item_id  WHERE  c.mem_id = ? AND c.delete_flg = ?    [7,0]
[SQL_LOG:2020-12-08 10:06:18]: SELECT SUM(num) AS num  FROM  cart c  WHERE  c.mem_id = ? AND c.delete_flg = ?    [7,0]
[SQL_LOG:2020-12-08 10:07:03]: UPDATE cart  SET delete_date =? ,delete_flg =?  WHERE  crt_id = ?  [2020-12-08 10:07:03,1,240]
[SQL_LOG:2020-12-08 10:07:03]: SELECT c.crt_id, c.num, c.sub_total_price, i.item_id, i.item_name, i.price, i.image FROM  cart c LEFT JOIN item i ON c.item_id = i.item_id  WHERE  c.mem_id = ? AND c.delete_flg = ?     [7,0]
[SQL_LOG:2020-12-08 10:07:03]: SELECT SUM(c.sub_total_price) AS totalPrice  FROM  cart c LEFT JOIN item i ON c.item_id = i.item_id  WHERE  c.mem_id = ? AND c.delete_flg = ?    [7,0]
[SQL_LOG:2020-12-08 10:07:03]: SELECT SUM(num) AS num  FROM  cart c  WHERE  c.mem_id = ? AND c.delete_flg = ?    [7,0]
[SQL_LOG:2020-12-08 10:08:21]: SELECT ctg_id, category_name  FROM  category     []
[SQL_LOG:2020-12-08 10:08:21]: SELECT item_id, item_name, price, image, ctg_id  FROM  item     []
[SQL_LOG:2020-12-08 10:08:23]: SELECT ctg_id, category_name  FROM  category     []
[SQL_LOG:2020-12-08 10:08:23]: SELECT item_id, item_name, detail, price, image, ctg_id FROM  item  WHERE  item_id = ?     [4]
[SQL_LOG:2020-12-08 10:08:23]: SELECT COUNT(*) AS NUM  FROM  likes  WHERE  item_id = ?     [4]
[SQL_LOG:2020-12-08 10:08:23]: SELECT *  FROM  likes  WHERE  item_id = ? AND mem_id = ?     [4,7]
[SQL_LOG:2020-12-08 10:08:27]: SELECT price  FROM  item  WHERE  item_id = ?     [4]
[SQL_LOG:2020-12-08 10:08:27]: INSERT INTO cart (mem_id,item_id,num,sub_total_price,regist_date)VALUES(?,?,?,?,?) [7,4,5,600,2020-12-08 10:08:27]
[SQL_LOG:2020-12-08 10:08:27]: SELECT c.crt_id, c.num, c.sub_total_price, i.item_id, i.item_name, i.price, i.image FROM  cart c LEFT JOIN item i ON c.item_id = i.item_id  WHERE  c.mem_id = ? AND c.delete_flg = ?     [7,0]
[SQL_LOG:2020-12-08 10:08:27]: SELECT SUM(c.sub_total_price) AS totalPrice  FROM  cart c LEFT JOIN item i ON c.item_id = i.item_id  WHERE  c.mem_id = ? AND c.delete_flg = ?    [7,0]
[SQL_LOG:2020-12-08 10:08:27]: SELECT SUM(num) AS num  FROM  cart c  WHERE  c.mem_id = ? AND c.delete_flg = ?    [7,0]
[SQL_LOG:2020-12-08 10:09:47]: SELECT c.crt_id, c.num, c.sub_total_price, i.item_id, i.item_name, i.price, i.image FROM  cart c LEFT JOIN item i ON c.item_id = i.item_id  WHERE  c.mem_id = ? AND c.delete_flg = ?     [7,0]
[SQL_LOG:2020-12-08 10:10:15]: SELECT *  FROM  member  WHERE  mem_id = ?     [7]
[SQL_LOG:2020-12-08 10:10:16]: SELECT ctg_id, category_name  FROM  category     []
[SQL_LOG:2020-12-08 10:10:16]: SELECT item_id, item_name, price, image, ctg_id  FROM  item     []
[SQL_LOG:2020-12-08 10:10:17]: SELECT ctg_id, category_name  FROM  category     []
[SQL_LOG:2020-12-08 10:10:17]: SELECT item_id, item_name, price, image, ctg_id  FROM  item     []
[SQL_LOG:2020-12-08 10:13:28]: SELECT ctg_id, category_name  FROM  category     []
[SQL_LOG:2020-12-08 10:13:28]: SELECT item_id, item_name, price, image, ctg_id  FROM  item     []
[SQL_LOG:2020-12-08 10:13:29]: SELECT ctg_id, category_name  FROM  category     []
[SQL_LOG:2020-12-08 10:13:29]: SELECT item_id, item_name, price, image, ctg_id  FROM  item     []
[SQL_LOG:2020-12-08 10:13:31]: SELECT ctg_id, category_name  FROM  category     []
[SQL_LOG:2020-12-08 10:13:31]: SELECT item_id, item_name, price, image, ctg_id  FROM  item     []
[SQL_LOG:2020-12-08 10:13:34]: SELECT c.crt_id, c.num, c.sub_total_price, i.item_id, i.item_name, i.price, i.image FROM  cart c LEFT JOIN item i ON c.item_id = i.item_id  WHERE  c.mem_id = ? AND c.delete_flg = ?     [7,0]
[SQL_LOG:2020-12-08 10:13:34]: SELECT SUM(c.sub_total_price) AS totalPrice  FROM  cart c LEFT JOIN item i ON c.item_id = i.item_id  WHERE  c.mem_id = ? AND c.delete_flg = ?    [7,0]
[SQL_LOG:2020-12-08 10:13:34]: SELECT SUM(num) AS num  FROM  cart c  WHERE  c.mem_id = ? AND c.delete_flg = ?    [7,0]
[SQL_LOG:2020-12-08 10:13:35]: SELECT *  FROM  member  WHERE  mem_id = ?     [7]
[SQL_LOG:2020-12-08 10:13:36]: SELECT ctg_id, category_name  FROM  category     []
[SQL_LOG:2020-12-08 10:13:36]: SELECT item_id, item_name, price, image, ctg_id  FROM  item     []
[SQL_LOG:2020-12-08 10:14:38]: SELECT ctg_id, category_name  FROM  category     []
[SQL_LOG:2020-12-08 10:14:38]: SELECT item_id, item_name, price, image, ctg_id  FROM  item     []
[SQL_LOG:2020-12-08 10:14:40]: SELECT ctg_id, category_name  FROM  category     []
[SQL_LOG:2020-12-08 10:14:40]: SELECT item_id, item_name, price, image, ctg_id  FROM  item     []
[SQL_LOG:2020-12-08 10:21:17]: SELECT *  FROM  member  WHERE  mem_id = ?     [7]
[SQL_LOG:2020-12-08 10:32:00]: SELECT c.crt_id, c.num, c.sub_total_price, i.item_id, i.item_name, i.price, i.image FROM  cart c LEFT JOIN item i ON c.item_id = i.item_id  WHERE  c.mem_id = ? AND c.delete_flg = ?     [7,0]
[SQL_LOG:2020-12-08 10:32:00]: SELECT SUM(c.sub_total_price) AS totalPrice  FROM  cart c LEFT JOIN item i ON c.item_id = i.item_id  WHERE  c.mem_id = ? AND c.delete_flg = ?    [7,0]
[SQL_LOG:2020-12-08 10:32:00]: SELECT SUM(num) AS num  FROM  cart c  WHERE  c.mem_id = ? AND c.delete_flg = ?    [7,0]
[SQL_LOG:2020-12-08 10:32:05]: UPDATE cart  SET delete_date =? ,delete_flg =?  WHERE  crt_id = ?  [2020-12-08 10:32:05,1,241]
[SQL_LOG:2020-12-08 10:32:05]: SELECT c.crt_id, c.num, c.sub_total_price, i.item_id, i.item_name, i.price, i.image FROM  cart c LEFT JOIN item i ON c.item_id = i.item_id  WHERE  c.mem_id = ? AND c.delete_flg = ?     [7,0]
[SQL_LOG:2020-12-08 10:32:05]: SELECT SUM(c.sub_total_price) AS totalPrice  FROM  cart c LEFT JOIN item i ON c.item_id = i.item_id  WHERE  c.mem_id = ? AND c.delete_flg = ?    [7,0]
[SQL_LOG:2020-12-08 10:32:05]: SELECT SUM(num) AS num  FROM  cart c  WHERE  c.mem_id = ? AND c.delete_flg = ?    [7,0]
[SQL_LOG:2020-12-08 10:32:07]: SELECT ctg_id, category_name  FROM  category     []
[SQL_LOG:2020-12-08 10:32:07]: SELECT item_id, item_name, price, image, ctg_id  FROM  item     []
[SQL_LOG:2020-12-08 10:32:08]: SELECT ctg_id, category_name  FROM  category     []
[SQL_LOG:2020-12-08 10:32:08]: SELECT item_id, item_name, detail, price, image, ctg_id FROM  item  WHERE  item_id = ?     [6]
[SQL_LOG:2020-12-08 10:32:08]: SELECT COUNT(*) AS NUM  FROM  likes  WHERE  item_id = ?     [6]
[SQL_LOG:2020-12-08 10:32:08]: SELECT *  FROM  likes  WHERE  item_id = ? AND mem_id = ?     [6,7]
[SQL_LOG:2020-12-08 10:32:12]: SELECT price  FROM  item  WHERE  item_id = ?     [6]
[SQL_LOG:2020-12-08 10:32:12]: INSERT INTO cart (mem_id,item_id,num,sub_total_price,regist_date)VALUES(?,?,?,?,?) [7,6,6,600,2020-12-08 10:32:12]
[SQL_LOG:2020-12-08 10:32:12]: SELECT c.crt_id, c.num, c.sub_total_price, i.item_id, i.item_name, i.price, i.image FROM  cart c LEFT JOIN item i ON c.item_id = i.item_id  WHERE  c.mem_id = ? AND c.delete_flg = ?     [7,0]
[SQL_LOG:2020-12-08 10:32:12]: SELECT SUM(c.sub_total_price) AS totalPrice  FROM  cart c LEFT JOIN item i ON c.item_id = i.item_id  WHERE  c.mem_id = ? AND c.delete_flg = ?    [7,0]
[SQL_LOG:2020-12-08 10:32:12]: SELECT SUM(num) AS num  FROM  cart c  WHERE  c.mem_id = ? AND c.delete_flg = ?    [7,0]
[SQL_LOG:2020-12-08 10:35:04]: SELECT ctg_id, category_name  FROM  category     []
[SQL_LOG:2020-12-08 10:35:04]: SELECT item_id, item_name, price, image, ctg_id  FROM  item     []
[SQL_LOG:2020-12-08 10:35:07]: SELECT ctg_id, category_name  FROM  category     []
[SQL_LOG:2020-12-08 10:35:07]: SELECT item_id, item_name, price, image, ctg_id  FROM  item     []
[SQL_LOG:2020-12-08 10:35:13]: SELECT c.crt_id, c.num, c.sub_total_price, i.item_id, i.item_name, i.price, i.image FROM  cart c LEFT JOIN item i ON c.item_id = i.item_id  WHERE  c.mem_id = ? AND c.delete_flg = ?     [7,0]
[SQL_LOG:2020-12-08 10:35:13]: SELECT SUM(c.sub_total_price) AS totalPrice  FROM  cart c LEFT JOIN item i ON c.item_id = i.item_id  WHERE  c.mem_id = ? AND c.delete_flg = ?    [7,0]
[SQL_LOG:2020-12-08 10:35:13]: SELECT SUM(num) AS num  FROM  cart c  WHERE  c.mem_id = ? AND c.delete_flg = ?    [7,0]
[SQL_LOG:2020-12-08 10:35:16]: SELECT *  FROM  member  WHERE  mem_id = ?     [7]
[SQL_LOG:2020-12-08 10:35:18]: SELECT *  FROM  member  WHERE  mem_id = ?     [7]
[SQL_LOG:2020-12-08 10:35:19]: SELECT ctg_id, category_name  FROM  category     []
[SQL_LOG:2020-12-08 10:35:19]: SELECT item_id, item_name, price, image, ctg_id  FROM  item     []
[SQL_LOG:2020-12-08 13:40:48]: SELECT ctg_id, category_name  FROM  category     []
[SQL_LOG:2020-12-08 13:40:48]: SELECT item_id, item_name, price, image, ctg_id  FROM  item     []
[SQL_LOG:2020-12-08 13:40:51]: SELECT *  FROM  member  WHERE  mem_id = ?     [7]
[SQL_LOG:2020-12-08 13:41:05]: SELECT ctg_id, category_name  FROM  category     []
[SQL_LOG:2020-12-08 13:41:05]: SELECT item_id, item_name, price, image, ctg_id  FROM  item     []
[SQL_LOG:2020-12-08 13:41:16]: SELECT *  FROM  member  WHERE  email = ?     [tttvvvaken@gmail.com]
[SQL_LOG:2020-12-08 13:41:17]: SELECT session_key  FROM  loginsession  WHERE  mem_id = ?     [7]
[SQL_LOG:2020-12-08 13:41:17]: SELECT ctg_id, category_name  FROM  category     []
[SQL_LOG:2020-12-08 13:41:17]: SELECT item_id, item_name, price, image, ctg_id  FROM  item     []
[SQL_LOG:2020-12-08 13:41:30]: SELECT *  FROM  member  WHERE  mem_id = ?     [7]
[SQL_LOG:2020-12-08 13:41:30]: INSERT INTO contact (subject,body,mem_id,user_id,email,regist_date,delete_flg)VALUES(?,?,?,?,?,?,?) [こーーーじま,f7tft7fdt6df,7,たけ,tttvvvaken@gmail.com,2020-12-08 13:41:30,]
[SQL_LOG:2020-12-08 13:41:51]: SELECT ctg_id, category_name  FROM  category     []
[SQL_LOG:2020-12-08 13:41:51]: SELECT item_id, item_name, price, image, ctg_id  FROM  item     []
[SQL_LOG:2020-12-08 13:41:54]: SELECT ctg_id, category_name  FROM  category     []
[SQL_LOG:2020-12-08 13:41:54]: SELECT item_id, item_name, detail, price, image, ctg_id FROM  item  WHERE  item_id = ?     [1]
[SQL_LOG:2020-12-08 13:41:54]: SELECT COUNT(*) AS NUM  FROM  likes  WHERE  item_id = ?     [1]
[SQL_LOG:2020-12-08 13:41:54]: SELECT *  FROM  likes  WHERE  item_id = ? AND mem_id = ?     [1,7]
[SQL_LOG:2020-12-08 13:42:11]: SELECT price  FROM  item  WHERE  item_id = ?     [1]
[SQL_LOG:2020-12-08 13:42:11]: INSERT INTO cart (mem_id,item_id,num,sub_total_price,regist_date)VALUES(?,?,?,?,?) [7,1,6,600,2020-12-08 13:42:11]
[SQL_LOG:2020-12-08 13:42:11]: SELECT c.crt_id, c.num, c.sub_total_price, i.item_id, i.item_name, i.price, i.image FROM  cart c LEFT JOIN item i ON c.item_id = i.item_id  WHERE  c.mem_id = ? AND c.delete_flg = ?     [7,0]
[SQL_LOG:2020-12-08 13:42:11]: SELECT SUM(c.sub_total_price) AS totalPrice  FROM  cart c LEFT JOIN item i ON c.item_id = i.item_id  WHERE  c.mem_id = ? AND c.delete_flg = ?    [7,0]
[SQL_LOG:2020-12-08 13:42:11]: SELECT SUM(num) AS num  FROM  cart c  WHERE  c.mem_id = ? AND c.delete_flg = ?    [7,0]
[SQL_LOG:2020-12-08 14:37:57]: SELECT ctg_id, category_name  FROM  category     []
[SQL_LOG:2020-12-08 14:37:57]: SELECT item_id, item_name, price, image, ctg_id  FROM  item     []
[SQL_LOG:2020-12-08 14:38:05]: SELECT ctg_id, category_name  FROM  category     []
[SQL_LOG:2020-12-08 14:38:05]: SELECT item_id, item_name, price, image, ctg_id  FROM  item     []
[SQL_LOG:2020-12-08 14:38:12]: SELECT *  FROM  member  WHERE  mem_id = ?     [7]
[SQL_LOG:2020-12-08 14:38:14]: SELECT *  FROM  member  WHERE  mem_id = ?     [7]
[SQL_LOG:2020-12-08 14:38:17]: SELECT *  FROM member WHERE  email = ?     [tttvvvaken@gmail.com]
[SQL_LOG:2020-12-08 14:38:23]: SELECT *  FROM member WHERE  email = ?     [tttvvvaken@gmail.co]
[SQL_LOG:2020-12-08 14:38:28]: SELECT ctg_id, category_name  FROM  category     []
[SQL_LOG:2020-12-08 14:38:28]: SELECT item_id, item_name, price, image, ctg_id  FROM  item     []
[SQL_LOG:2020-12-08 14:38:30]: SELECT ctg_id, category_name  FROM  category     []
[SQL_LOG:2020-12-08 14:38:30]: SELECT item_id, item_name, price, image, ctg_id  FROM  item     []
[SQL_LOG:2020-12-08 14:38:47]: SELECT ctg_id, category_name  FROM  category     []
[SQL_LOG:2020-12-08 14:38:47]: SELECT item_id, item_name, price, image, ctg_id  FROM  item     []
[SQL_LOG:2020-12-08 14:38:51]: SELECT ctg_id, category_name  FROM  category     []
[SQL_LOG:2020-12-08 14:38:51]: SELECT item_id, item_name, price, image, ctg_id  FROM  item     []
[SQL_LOG:2020-12-08 14:39:02]: SELECT ctg_id, category_name  FROM  category     []
[SQL_LOG:2020-12-08 14:39:02]: SELECT item_id, item_name, price, image, ctg_id  FROM  item     []
[SQL_LOG:2020-12-08 14:39:20]: SELECT c.crt_id, c.num, c.sub_total_price, i.item_id, i.item_name, i.price, i.image FROM  cart c LEFT JOIN item i ON c.item_id = i.item_id  WHERE  c.mem_id = ? AND c.delete_flg = ?     [7,0]
[SQL_LOG:2020-12-08 14:39:20]: SELECT SUM(c.sub_total_price) AS totalPrice  FROM  cart c LEFT JOIN item i ON c.item_id = i.item_id  WHERE  c.mem_id = ? AND c.delete_flg = ?    [7,0]
[SQL_LOG:2020-12-08 14:39:20]: SELECT SUM(num) AS num  FROM  cart c  WHERE  c.mem_id = ? AND c.delete_flg = ?    [7,0]
[SQL_LOG:2020-12-08 14:39:24]: UPDATE cart  SET delete_date =? ,delete_flg =?  WHERE  crt_id = ?  [2020-12-08 14:39:24,1,242]
[SQL_LOG:2020-12-08 14:39:24]: SELECT c.crt_id, c.num, c.sub_total_price, i.item_id, i.item_name, i.price, i.image FROM  cart c LEFT JOIN item i ON c.item_id = i.item_id  WHERE  c.mem_id = ? AND c.delete_flg = ?     [7,0]
[SQL_LOG:2020-12-08 14:39:24]: SELECT SUM(c.sub_total_price) AS totalPrice  FROM  cart c LEFT JOIN item i ON c.item_id = i.item_id  WHERE  c.mem_id = ? AND c.delete_flg = ?    [7,0]
[SQL_LOG:2020-12-08 14:39:24]: SELECT SUM(num) AS num  FROM  cart c  WHERE  c.mem_id = ? AND c.delete_flg = ?    [7,0]
[SQL_LOG:2020-12-08 14:39:28]: UPDATE cart  SET delete_date =? ,delete_flg =?  WHERE  crt_id = ?  [2020-12-08 14:39:28,1,244]
[SQL_LOG:2020-12-08 14:39:28]: SELECT c.crt_id, c.num, c.sub_total_price, i.item_id, i.item_name, i.price, i.image FROM  cart c LEFT JOIN item i ON c.item_id = i.item_id  WHERE  c.mem_id = ? AND c.delete_flg = ?     [7,0]
[SQL_LOG:2020-12-08 14:39:28]: SELECT SUM(c.sub_total_price) AS totalPrice  FROM  cart c LEFT JOIN item i ON c.item_id = i.item_id  WHERE  c.mem_id = ? AND c.delete_flg = ?    [7,0]
[SQL_LOG:2020-12-08 14:39:28]: SELECT SUM(num) AS num  FROM  cart c  WHERE  c.mem_id = ? AND c.delete_flg = ?    [7,0]
[SQL_LOG:2020-12-08 14:39:31]: SELECT ctg_id, category_name  FROM  category     []
[SQL_LOG:2020-12-08 14:39:31]: SELECT item_id, item_name, price, image, ctg_id  FROM  item     []
[SQL_LOG:2020-12-08 14:39:33]: SELECT ctg_id, category_name  FROM  category     []
[SQL_LOG:2020-12-08 14:39:33]: SELECT item_id, item_name, detail, price, image, ctg_id FROM  item  WHERE  item_id = ?     [2]
[SQL_LOG:2020-12-08 14:39:33]: SELECT COUNT(*) AS NUM  FROM  likes  WHERE  item_id = ?     [2]
[SQL_LOG:2020-12-08 14:39:33]: SELECT *  FROM  likes  WHERE  item_id = ? AND mem_id = ?     [2,7]
[SQL_LOG:2020-12-08 14:39:39]: SELECT price  FROM  item  WHERE  item_id = ?     [2]
[SQL_LOG:2020-12-08 14:39:39]: INSERT INTO cart (mem_id,item_id,num,sub_total_price,regist_date)VALUES(?,?,?,?,?) [7,2,5,750,2020-12-08 14:39:39]
[SQL_LOG:2020-12-08 14:39:39]: SELECT c.crt_id, c.num, c.sub_total_price, i.item_id, i.item_name, i.price, i.image FROM  cart c LEFT JOIN item i ON c.item_id = i.item_id  WHERE  c.mem_id = ? AND c.delete_flg = ?     [7,0]
[SQL_LOG:2020-12-08 14:39:39]: SELECT SUM(c.sub_total_price) AS totalPrice  FROM  cart c LEFT JOIN item i ON c.item_id = i.item_id  WHERE  c.mem_id = ? AND c.delete_flg = ?    [7,0]
[SQL_LOG:2020-12-08 14:39:39]: SELECT SUM(num) AS num  FROM  cart c  WHERE  c.mem_id = ? AND c.delete_flg = ?    [7,0]
[SQL_LOG:2020-12-08 14:40:14]: SELECT ctg_id, category_name  FROM  category     []
[SQL_LOG:2020-12-08 14:40:14]: SELECT item_id, item_name, price, image, ctg_id  FROM  item     []
[SQL_LOG:2020-12-08 14:40:17]: SELECT ctg_id, category_name  FROM  category     []
[SQL_LOG:2020-12-08 14:40:17]: SELECT item_id, item_name, detail, price, image, ctg_id FROM  item  WHERE  item_id = ?     [1]
[SQL_LOG:2020-12-08 14:40:17]: SELECT COUNT(*) AS NUM  FROM  likes  WHERE  item_id = ?     [1]
[SQL_LOG:2020-12-08 14:40:17]: SELECT *  FROM  likes  WHERE  item_id = ? AND mem_id = ?     [1,7]
[SQL_LOG:2020-12-08 14:40:20]: SELECT ctg_id, category_name  FROM  category     []
[SQL_LOG:2020-12-08 14:40:20]: SELECT item_id, item_name, price, image, ctg_id  FROM  item     []
[SQL_LOG:2020-12-08 14:40:21]: SELECT ctg_id, category_name  FROM  category     []
[SQL_LOG:2020-12-08 14:40:21]: SELECT item_id, item_name, price, image, ctg_id  FROM  item     []
[SQL_LOG:2020-12-08 14:40:23]: SELECT ctg_id, category_name  FROM  category     []
[SQL_LOG:2020-12-08 14:40:23]: SELECT item_id, item_name, price, image, ctg_id  FROM  item     []
[SQL_LOG:2020-12-08 14:40:24]: SELECT ctg_id, category_name  FROM  category     []
[SQL_LOG:2020-12-08 14:40:24]: SELECT item_id, item_name, price, image, ctg_id  FROM  item     []
[SQL_LOG:2020-12-08 14:40:25]: SELECT ctg_id, category_name  FROM  category     []
[SQL_LOG:2020-12-08 14:40:25]: SELECT item_id, item_name, price, image, ctg_id  FROM  item     []
[SQL_LOG:2020-12-08 14:40:26]: SELECT ctg_id, category_name  FROM  category     []
[SQL_LOG:2020-12-08 14:40:26]: SELECT item_id, item_name, price, image, ctg_id  FROM  item     []
[SQL_LOG:2020-12-08 14:40:36]: SELECT c.crt_id, c.num, c.sub_total_price, i.item_id, i.item_name, i.price, i.image FROM  cart c LEFT JOIN item i ON c.item_id = i.item_id  WHERE  c.mem_id = ? AND c.delete_flg = ?     [7,0]
[SQL_LOG:2020-12-08 14:40:36]: SELECT SUM(c.sub_total_price) AS totalPrice  FROM  cart c LEFT JOIN item i ON c.item_id = i.item_id  WHERE  c.mem_id = ? AND c.delete_flg = ?    [7,0]
[SQL_LOG:2020-12-08 14:40:36]: SELECT SUM(num) AS num  FROM  cart c  WHERE  c.mem_id = ? AND c.delete_flg = ?    [7,0]
[SQL_LOG:2020-12-08 14:40:37]: SELECT *  FROM  member  WHERE  mem_id = ?     [7]
[SQL_LOG:2020-12-08 14:48:18]: SELECT ctg_id, category_name  FROM  category     []
[SQL_LOG:2020-12-08 14:48:18]: SELECT item_id, item_name, price, image, ctg_id  FROM  item     []
[SQL_LOG:2020-12-08 14:48:31]: SELECT ctg_id, category_name  FROM  category     []
[SQL_LOG:2020-12-08 14:48:31]: SELECT item_id, item_name, price, image, ctg_id  FROM  item     []
[SQL_LOG:2020-12-08 14:48:35]: SELECT *  FROM  member  WHERE  mem_id = ?     [7]
[SQL_LOG:2020-12-08 14:48:42]: SELECT c.crt_id, c.num, c.sub_total_price, i.item_id, i.item_name, i.price, i.image FROM  cart c LEFT JOIN item i ON c.item_id = i.item_id  WHERE  c.mem_id = ? AND c.delete_flg = ?     [7,0]
[SQL_LOG:2020-12-08 14:48:42]: SELECT SUM(c.sub_total_price) AS totalPrice  FROM  cart c LEFT JOIN item i ON c.item_id = i.item_id  WHERE  c.mem_id = ? AND c.delete_flg = ?    [7,0]
[SQL_LOG:2020-12-08 14:48:42]: SELECT SUM(num) AS num  FROM  cart c  WHERE  c.mem_id = ? AND c.delete_flg = ?    [7,0]
[SQL_LOG:2020-12-08 14:48:48]: SELECT ctg_id, category_name  FROM  category     []
[SQL_LOG:2020-12-08 14:48:48]: SELECT item_id, item_name, price, image, ctg_id  FROM  item     []
[SQL_LOG:2020-12-08 14:48:52]: SELECT ctg_id, category_name  FROM  category     []
[SQL_LOG:2020-12-08 14:48:52]: SELECT item_id, item_name, price, image, ctg_id  FROM  item     []
[SQL_LOG:2020-12-08 14:48:55]: SELECT ctg_id, category_name  FROM  category     []
[SQL_LOG:2020-12-08 14:48:55]: SELECT item_id, item_name, price, image, ctg_id  FROM  item     []
[SQL_LOG:2020-12-08 14:49:59]: SELECT *  FROM  member  WHERE  mem_id = ?     [7]
[SQL_LOG:2020-12-08 14:50:40]: SELECT c.crt_id, c.num, c.sub_total_price, i.item_id, i.item_name, i.price, i.image FROM  cart c LEFT JOIN item i ON c.item_id = i.item_id  WHERE  c.mem_id = ? AND c.delete_flg = ?     [7,0]
[SQL_LOG:2020-12-08 14:50:40]: SELECT SUM(c.sub_total_price) AS totalPrice  FROM  cart c LEFT JOIN item i ON c.item_id = i.item_id  WHERE  c.mem_id = ? AND c.delete_flg = ?    [7,0]
[SQL_LOG:2020-12-08 14:50:40]: SELECT SUM(num) AS num  FROM  cart c  WHERE  c.mem_id = ? AND c.delete_flg = ?    [7,0]
[SQL_LOG:2020-12-08 14:50:43]: SELECT *  FROM  member  WHERE  mem_id = ?     [7]
[SQL_LOG:2020-12-08 14:50:53]: SELECT ctg_id, category_name  FROM  category     []
[SQL_LOG:2020-12-08 14:50:53]: SELECT item_id, item_name, price, image, ctg_id  FROM  item     []
[SQL_LOG:2020-12-08 14:51:03]: SELECT ctg_id, category_name  FROM  category     []
[SQL_LOG:2020-12-08 14:51:03]: SELECT item_id, item_name, detail, price, image, ctg_id FROM  item  WHERE  item_id = ?     [4]
[SQL_LOG:2020-12-08 14:51:03]: SELECT COUNT(*) AS NUM  FROM  likes  WHERE  item_id = ?     [4]
[SQL_LOG:2020-12-08 14:51:03]: SELECT *  FROM  likes  WHERE  item_id = ? AND mem_id = ?     [4,7]
[SQL_LOG:2020-12-08 14:51:06]: SELECT ctg_id, category_name  FROM  category     []
[SQL_LOG:2020-12-08 14:51:06]: SELECT item_id, item_name, price, image, ctg_id  FROM  item     []
[SQL_LOG:2020-12-08 14:59:27]: SELECT c.crt_id, c.num, c.sub_total_price, i.item_id, i.item_name, i.price, i.image FROM  cart c LEFT JOIN item i ON c.item_id = i.item_id  WHERE  c.mem_id = ? AND c.delete_flg = ?     [7,0]
[SQL_LOG:2020-12-08 14:59:27]: SELECT SUM(c.sub_total_price) AS totalPrice  FROM  cart c LEFT JOIN item i ON c.item_id = i.item_id  WHERE  c.mem_id = ? AND c.delete_flg = ?    [7,0]
[SQL_LOG:2020-12-08 14:59:27]: SELECT SUM(num) AS num  FROM  cart c  WHERE  c.mem_id = ? AND c.delete_flg = ?    [7,0]
[SQL_LOG:2020-12-08 14:59:33]: SELECT *  FROM  member  WHERE  mem_id = ?     [7]
[SQL_LOG:2020-12-08 14:59:35]: SELECT *  FROM  member  WHERE  mem_id = ?     [7]
[SQL_LOG:2020-12-08 14:59:38]: SELECT *  FROM  member  WHERE  mem_id = ?     [7]
[SQL_LOG:2020-12-08 14:59:40]: SELECT ctg_id, category_name  FROM  category     []
[SQL_LOG:2020-12-08 14:59:40]: SELECT item_id, item_name, price, image, ctg_id  FROM  item     []
[SQL_LOG:2020-12-08 14:59:48]: SELECT ctg_id, category_name  FROM  category     []
[SQL_LOG:2020-12-08 14:59:48]: SELECT item_id, item_name, price, image, ctg_id  FROM  item     []
[SQL_LOG:2020-12-08 15:00:00]: SELECT ctg_id, category_name  FROM  category     []
[SQL_LOG:2020-12-08 15:00:00]: SELECT item_id, item_name, price, image, ctg_id  FROM  item     []
[SQL_LOG:2020-12-08 15:03:20]: SELECT *  FROM  member  WHERE  mem_id = ?     [7]
[SQL_LOG:2020-12-08 15:03:24]: SELECT ctg_id, category_name  FROM  category     []
[SQL_LOG:2020-12-08 15:03:24]: SELECT item_id, item_name, price, image, ctg_id  FROM  item     []
[SQL_LOG:2020-12-08 15:03:39]: SELECT ctg_id, category_name  FROM  category     []
[SQL_LOG:2020-12-08 15:03:39]: SELECT item_id, item_name, price, image, ctg_id  FROM  item     []
[SQL_LOG:2020-12-08 15:04:33]: SELECT ctg_id, category_name  FROM  category     []
[SQL_LOG:2020-12-08 15:04:33]: SELECT item_id, item_name, price, image, ctg_id  FROM  item     []
[SQL_LOG:2020-12-08 15:05:03]: SELECT *  FROM  member  WHERE  email = ?     [tttvvvaken@gmail.com]
[SQL_LOG:2020-12-08 15:05:03]: SELECT session_key  FROM  loginsession  WHERE  mem_id = ?     [7]
[SQL_LOG:2020-12-08 15:05:03]: SELECT ctg_id, category_name  FROM  category     []
[SQL_LOG:2020-12-08 15:05:03]: SELECT item_id, item_name, price, image, ctg_id  FROM  item     []
[SQL_LOG:2020-12-08 15:07:08]: SELECT ctg_id, category_name  FROM  category     []
[SQL_LOG:2020-12-08 15:07:08]: SELECT item_id, item_name, price, image, ctg_id  FROM  item     []
