[SQL_LOG:2020-11-30 14:13:20]: SELECT ctg_id, category_name  FROM  category     []
[SQL_LOG:2020-11-30 14:13:20]: SELECT item_id, item_name, price, image, ctg_id  FROM  item     []
[SQL_LOG:2020-11-30 14:13:24]: SELECT *  FROM  member  WHERE  mem_id = ?     [7]
[SQL_LOG:2020-11-30 14:13:26]: SELECT ctg_id, category_name  FROM  category     []
[SQL_LOG:2020-11-30 14:13:26]: SELECT item_id, item_name, price, image, ctg_id  FROM  item     []
[SQL_LOG:2020-11-30 14:13:32]: SELECT *  FROM  member  WHERE  email = ?     [tttvvvaken@gmail.com]
[SQL_LOG:2020-11-30 14:13:32]: SELECT session_key  FROM  loginsession  WHERE  mem_id = ?     [7]
[SQL_LOG:2020-11-30 14:13:32]: SELECT *  FROM  member  WHERE  email = ?     [tttvvvaken@gmail.com]
[SQL_LOG:2020-11-30 14:13:33]: SELECT session_key  FROM  loginsession  WHERE  mem_id = ?     [7]
[SQL_LOG:2020-11-30 14:13:33]: SELECT ctg_id, category_name  FROM  category     []
[SQL_LOG:2020-11-30 14:13:33]: SELECT item_id, item_name, price, image, ctg_id  FROM  item     []
[SQL_LOG:2020-11-30 14:16:21]: SELECT ctg_id, category_name  FROM  category     []
[SQL_LOG:2020-11-30 14:16:21]: SELECT item_id, item_name, price, image, ctg_id  FROM  item     []
[SQL_LOG:2020-11-30 14:18:37]: SELECT ctg_id, category_name  FROM  category     []
[SQL_LOG:2020-11-30 14:18:37]: SELECT item_id, item_name, price, image, ctg_id  FROM  item     []
[SQL_LOG:2020-11-30 14:18:41]: SELECT *  FROM  member  WHERE  mem_id = ?     [7]
[SQL_LOG:2020-11-30 14:18:43]: SELECT ctg_id, category_name  FROM  category     []
[SQL_LOG:2020-11-30 14:18:43]: SELECT item_id, item_name, price, image, ctg_id  FROM  item     []
[SQL_LOG:2020-11-30 14:18:49]: SELECT ctg_id, category_name  FROM  category     []
[SQL_LOG:2020-11-30 14:18:49]: SELECT item_id, item_name, price, image, ctg_id  FROM  item     []
[SQL_LOG:2020-11-30 14:26:19]: SELECT ctg_id, category_name  FROM  category     []
[SQL_LOG:2020-11-30 14:26:19]: SELECT item_id, item_name, price, image, ctg_id  FROM  item     []
[SQL_LOG:2020-11-30 14:26:20]: SELECT ctg_id, category_name  FROM  category     []
[SQL_LOG:2020-11-30 14:26:20]: SELECT item_id, item_name, price, image, ctg_id  FROM  item     []
[SQL_LOG:2020-11-30 14:26:21]: SELECT ctg_id, category_name  FROM  category     []
[SQL_LOG:2020-11-30 14:26:21]: SELECT item_id, item_name, price, image, ctg_id  FROM  item     []
[SQL_LOG:2020-11-30 14:26:21]: SELECT ctg_id, category_name  FROM  category     []
[SQL_LOG:2020-11-30 14:26:21]: SELECT item_id, item_name, price, image, ctg_id  FROM  item     []
[SQL_LOG:2020-11-30 14:26:23]: SELECT ctg_id, category_name  FROM  category     []
[SQL_LOG:2020-11-30 14:26:23]: SELECT item_id, item_name, price, image, ctg_id  FROM  item     []
[SQL_LOG:2020-11-30 14:26:24]: SELECT ctg_id, category_name  FROM  category     []
[SQL_LOG:2020-11-30 14:26:24]: SELECT item_id, item_name, price, image, ctg_id  FROM  item     []
[SQL_LOG:2020-11-30 14:26:25]: SELECT ctg_id, category_name  FROM  category     []
[SQL_LOG:2020-11-30 14:26:25]: SELECT item_id, item_name, price, image, ctg_id  FROM  item     []
[SQL_LOG:2020-11-30 14:34:15]: SELECT *  FROM  member  WHERE  email = ?     [tttvvvaken@gmail.com]
[SQL_LOG:2020-11-30 14:34:15]: SELECT session_key  FROM  loginsession  WHERE  mem_id = ?     [7]
[SQL_LOG:2020-11-30 14:34:15]: SELECT ctg_id, category_name  FROM  category     []
[SQL_LOG:2020-11-30 14:34:15]: SELECT item_id, item_name, price, image, ctg_id  FROM  item     []
[SQL_LOG:2020-11-30 14:35:41]: SELECT ctg_id, category_name  FROM  category     []
[SQL_LOG:2020-11-30 14:35:41]: SELECT item_id, item_name, price, image, ctg_id  FROM  item     []
[SQL_LOG:2020-11-30 14:35:42]: SELECT ctg_id, category_name  FROM  category     []
[SQL_LOG:2020-11-30 14:35:42]: SELECT item_id, item_name, price, image, ctg_id  FROM  item     []
[SQL_LOG:2020-11-30 14:35:44]: SELECT *  FROM  member  WHERE  mem_id = ?     [7]
[SQL_LOG:2020-11-30 14:39:49]: SELECT *  FROM  member  WHERE  mem_id = ?     [7]
[SQL_LOG:2020-11-30 14:39:51]: SELECT *  FROM  member  WHERE  mem_id = ?     [7]
[SQL_LOG:2020-11-30 19:56:46]: SELECT *  FROM  member  WHERE  mem_id = ?     [7]
[SQL_LOG:2020-11-30 19:56:48]: SELECT *  FROM  member  WHERE  mem_id = ?     [7]
[SQL_LOG:2020-11-30 19:56:49]: SELECT ctg_id, category_name  FROM  category     []
[SQL_LOG:2020-11-30 19:56:49]: SELECT item_id, item_name, price, image, ctg_id  FROM  item     []
[SQL_LOG:2020-11-30 19:56:50]: SELECT ctg_id, category_name  FROM  category     []
[SQL_LOG:2020-11-30 19:56:50]: SELECT item_id, item_name, price, image, ctg_id  FROM  item     []
[SQL_LOG:2020-11-30 19:56:51]: SELECT ctg_id, category_name  FROM  category     []
[SQL_LOG:2020-11-30 19:56:51]: SELECT item_id, item_name, price, image, ctg_id  FROM  item     []
[SQL_LOG:2020-11-30 19:56:59]: SELECT ctg_id, category_name  FROM  category     []
[SQL_LOG:2020-11-30 19:56:59]: SELECT item_id, item_name, price, image, ctg_id  FROM  item     []
[SQL_LOG:2020-11-30 19:57:01]: SELECT ctg_id, category_name  FROM  category     []
[SQL_LOG:2020-11-30 19:57:01]: SELECT item_id, item_name, price, image, ctg_id  FROM  item     []
[SQL_LOG:2020-11-30 19:59:02]: SELECT ctg_id, category_name  FROM  category     []
[SQL_LOG:2020-11-30 19:59:02]: SELECT item_id, item_name, price, image, ctg_id  FROM  item     []
[SQL_LOG:2020-11-30 19:59:04]: SELECT ctg_id, category_name  FROM  category     []
[SQL_LOG:2020-11-30 19:59:04]: SELECT item_id, item_name, price, image, ctg_id  FROM  item     []
[SQL_LOG:2020-11-30 19:59:05]: SELECT ctg_id, category_name  FROM  category     []
[SQL_LOG:2020-11-30 19:59:05]: SELECT item_id, item_name, price, image, ctg_id  FROM  item     []
[SQL_LOG:2020-11-30 19:59:07]: SELECT ctg_id, category_name  FROM  category     []
[SQL_LOG:2020-11-30 19:59:07]: SELECT item_id, item_name, price, image, ctg_id  FROM  item     []
[SQL_LOG:2020-11-30 20:02:57]: SELECT ctg_id, category_name  FROM  category     []
[SQL_LOG:2020-11-30 20:02:57]: SELECT item_id, item_name, price, image, ctg_id  FROM  item     []
[SQL_LOG:2020-11-30 20:02:58]: SELECT ctg_id, category_name  FROM  category     []
[SQL_LOG:2020-11-30 20:02:58]: SELECT item_id, item_name, price, image, ctg_id  FROM  item     []
[SQL_LOG:2020-11-30 20:02:58]: SELECT ctg_id, category_name  FROM  category     []
[SQL_LOG:2020-11-30 20:02:58]: SELECT item_id, item_name, price, image, ctg_id  FROM  item     []
[SQL_LOG:2020-11-30 20:03:00]: SELECT ctg_id, category_name  FROM  category     []
[SQL_LOG:2020-11-30 20:03:00]: SELECT item_id, item_name, price, image, ctg_id  FROM  item     []
[SQL_LOG:2020-11-30 20:08:28]: SELECT *  FROM  member  WHERE  mem_id = ?     [7]
