[SQL_LOG:2020-12-29 15:42:34]: SELECT ctg_id, category_name, cate_genre FROM  category  WHERE  cate_genre = ?     [lesson]
[SQL_LOG:2020-12-29 15:42:34]: SELECT item_id, item_name, price, image, ctg_id  FROM  item     []
[SQL_LOG:2020-12-29 15:42:34]: SELECT ctg_id, category_name, cate_genre FROM  category  WHERE  cate_genre = ?     [lesson]
[SQL_LOG:2020-12-29 15:42:34]: SELECT item_id, item_name, price, image, ctg_id  FROM  item     []
[SQL_LOG:2020-12-29 15:42:35]: SELECT ctg_id, category_name, cate_genre FROM  category  WHERE  cate_genre = ?     [item]
[SQL_LOG:2020-12-29 15:42:35]: SELECT item_id, item_name, price, image, ctg_id  FROM  item     []
[SQL_LOG:2020-12-29 15:42:41]: SELECT ctg_id, category_name, cate_genre FROM  category  WHERE  cate_genre = ?     [item]
[SQL_LOG:2020-12-29 15:42:41]: SELECT item_id, item_name, price, image, ctg_id  FROM  item     []
[SQL_LOG:2020-12-29 15:43:40]: SELECT ctg_id, category_name, cate_genre FROM  category  WHERE  cate_genre = ?     [lesson]
[SQL_LOG:2020-12-29 15:43:40]: SELECT item_id, item_name, price, image, ctg_id  FROM  item     []
[SQL_LOG:2020-12-29 15:43:58]: SELECT c.crt_id, c.num, c.unit_price, c.sub_total_price, i.item_id, i.item_name, i.price, i.image FROM  cart c LEFT JOIN item i ON c.item_id = i.item_id  WHERE  c.mem_id = ? AND c.delete_flg = ?     [1,0]
[SQL_LOG:2020-12-29 15:43:58]: SELECT SUM(c.sub_total_price) AS totalPrice  FROM  cart c LEFT JOIN item i ON c.item_id = i.item_id  WHERE  c.mem_id = ? AND c.delete_flg = ?    [1,0]
[SQL_LOG:2020-12-29 15:43:58]: SELECT SUM(num) AS num  FROM  cart c  WHERE  c.mem_id = ? AND c.delete_flg = ?    [1,0]
[SQL_LOG:2020-12-29 15:44:00]: SELECT *  FROM  member  WHERE  mem_id = ?     [1]
[SQL_LOG:2020-12-29 15:44:02]: SELECT ctg_id, category_name, cate_genre FROM  category  WHERE  cate_genre = ?     [lesson]
[SQL_LOG:2020-12-29 15:44:02]: SELECT item_id, item_name, price, image, ctg_id  FROM  item     []
[SQL_LOG:2020-12-29 20:03:19]: SELECT ctg_id, category_name, cate_genre FROM  category  WHERE  cate_genre = ?     [lesson]
[SQL_LOG:2020-12-29 20:03:19]: SELECT item_id, item_name, price, image, ctg_id  FROM  item     []
[SQL_LOG:2020-12-29 20:03:24]: SELECT ctg_id, category_name, cate_genre FROM  category  WHERE  cate_genre = ?     [lesson]
[SQL_LOG:2020-12-29 20:03:24]: SELECT item_id, item_name, price, image, ctg_id  FROM  item     []
[SQL_LOG:2020-12-29 20:03:25]: SELECT ctg_id, category_name, cate_genre FROM  category  WHERE  cate_genre = ?     [lesson]
[SQL_LOG:2020-12-29 20:03:25]: SELECT item_id, item_name, price, image, ctg_id  FROM  item     []
[SQL_LOG:2020-12-29 20:03:26]: SELECT ctg_id, category_name, cate_genre FROM  category  WHERE  cate_genre = ?     [item]
[SQL_LOG:2020-12-29 20:03:26]: SELECT item_id, item_name, price, image, ctg_id  FROM  item     []
[SQL_LOG:2020-12-29 20:03:35]: SELECT ctg_id, category_name, cate_genre FROM  category  WHERE  cate_genre = ?     [item]
[SQL_LOG:2020-12-29 20:03:35]: SELECT item_id, item_name, price, image, ctg_id  FROM  item     []
[SQL_LOG:2020-12-29 20:03:44]: SELECT ctg_id, category_name, cate_genre FROM  category  WHERE  cate_genre = ?     [item]
[SQL_LOG:2020-12-29 20:03:44]: SELECT item_id, item_name, detail, price, image, ctg_id FROM  item  WHERE  item_id = ?     [1]
[SQL_LOG:2020-12-29 20:03:44]: SELECT COUNT(*) AS NUM  FROM  likes  WHERE  item_id = ?     [1]
[SQL_LOG:2020-12-29 20:03:56]: SELECT *  FROM  member  WHERE  email = ?     [tttvvvaken@gmail.com]
[SQL_LOG:2020-12-29 20:03:56]: SELECT session_key  FROM  loginsession  WHERE  mem_id = ?     [1]
[SQL_LOG:2020-12-29 20:03:57]: SELECT ctg_id, category_name, cate_genre FROM  category  WHERE  cate_genre = ?     [lesson]
[SQL_LOG:2020-12-29 20:03:57]: SELECT item_id, item_name, price, image, ctg_id  FROM  item     []
[SQL_LOG:2020-12-29 20:03:58]: SELECT ctg_id, category_name, cate_genre FROM  category  WHERE  cate_genre = ?     [item]
[SQL_LOG:2020-12-29 20:03:58]: SELECT item_id, item_name, price, image, ctg_id  FROM  item     []
[SQL_LOG:2020-12-29 20:03:59]: SELECT ctg_id, category_name, cate_genre FROM  category  WHERE  cate_genre = ?     [item]
[SQL_LOG:2020-12-29 20:03:59]: SELECT item_id, item_name, detail, price, image, ctg_id FROM  item  WHERE  item_id = ?     [1]
[SQL_LOG:2020-12-29 20:03:59]: SELECT COUNT(*) AS NUM  FROM  likes  WHERE  item_id = ?     [1]
[SQL_LOG:2020-12-29 20:03:59]: SELECT *  FROM  likes  WHERE  item_id = ? AND mem_id = ?     [1,1]
[SQL_LOG:2020-12-29 20:04:01]: SELECT *  FROM  likes  WHERE  item_id = ? AND mem_id = ?     [1,1]
[SQL_LOG:2020-12-29 20:04:01]: INSERT INTO likes (item_id,mem_id,regist_date)VALUES(?,?,?) [1,1,2020-12-29 20:04:01]
[SQL_LOG:2020-12-29 20:04:01]: SELECT COUNT(*) AS NUM  FROM  likes  WHERE  item_id = ?     [1]
[SQL_LOG:2020-12-29 20:04:02]: SELECT *  FROM  likes  WHERE  item_id = ? AND mem_id = ?     [1,1]
[SQL_LOG:2020-12-29 20:04:02]: DELETE FROM likes WHERE item_id = ? AND mem_id = ?  [1,1]
[SQL_LOG:2020-12-29 20:04:02]: SELECT COUNT(*) AS NUM  FROM  likes  WHERE  item_id = ?     [1]
[SQL_LOG:2020-12-29 20:04:02]: SELECT *  FROM  likes  WHERE  item_id = ? AND mem_id = ?     [1,1]
[SQL_LOG:2020-12-29 20:04:02]: INSERT INTO likes (item_id,mem_id,regist_date)VALUES(?,?,?) [1,1,2020-12-29 20:04:02]
[SQL_LOG:2020-12-29 20:04:02]: SELECT COUNT(*) AS NUM  FROM  likes  WHERE  item_id = ?     [1]
[SQL_LOG:2020-12-29 20:04:03]: SELECT *  FROM  likes  WHERE  item_id = ? AND mem_id = ?     [1,1]
[SQL_LOG:2020-12-29 20:04:03]: DELETE FROM likes WHERE item_id = ? AND mem_id = ?  [1,1]
[SQL_LOG:2020-12-29 20:04:03]: SELECT COUNT(*) AS NUM  FROM  likes  WHERE  item_id = ?     [1]
[SQL_LOG:2020-12-29 20:04:03]: SELECT *  FROM  likes  WHERE  item_id = ? AND mem_id = ?     [1,1]
[SQL_LOG:2020-12-29 20:04:03]: INSERT INTO likes (item_id,mem_id,regist_date)VALUES(?,?,?) [1,1,2020-12-29 20:04:03]
[SQL_LOG:2020-12-29 20:04:03]: SELECT COUNT(*) AS NUM  FROM  likes  WHERE  item_id = ?     [1]
[SQL_LOG:2020-12-29 20:04:12]: SELECT *  FROM  likes  WHERE  item_id = ? AND mem_id = ?     [1,1]
[SQL_LOG:2020-12-29 20:04:12]: DELETE FROM likes WHERE item_id = ? AND mem_id = ?  [1,1]
[SQL_LOG:2020-12-29 20:04:12]: SELECT COUNT(*) AS NUM  FROM  likes  WHERE  item_id = ?     [1]
[SQL_LOG:2020-12-29 20:04:16]: SELECT ctg_id, category_name, cate_genre FROM  category  WHERE  cate_genre = ?     [item]
[SQL_LOG:2020-12-29 20:04:16]: SELECT item_id, item_name, price, image, ctg_id  FROM  item     []
[SQL_LOG:2020-12-29 20:04:18]: SELECT ctg_id, category_name, cate_genre FROM  category  WHERE  cate_genre = ?     [item]
[SQL_LOG:2020-12-29 20:04:18]: SELECT item_id, item_name, detail, price, image, ctg_id FROM  item  WHERE  item_id = ?     [2]
[SQL_LOG:2020-12-29 20:04:18]: SELECT COUNT(*) AS NUM  FROM  likes  WHERE  item_id = ?     [2]
[SQL_LOG:2020-12-29 20:04:18]: SELECT *  FROM  likes  WHERE  item_id = ? AND mem_id = ?     [2,1]
[SQL_LOG:2020-12-29 20:04:19]: SELECT *  FROM  likes  WHERE  item_id = ? AND mem_id = ?     [2,1]
[SQL_LOG:2020-12-29 20:04:19]: DELETE FROM likes WHERE item_id = ? AND mem_id = ?  [2,1]
[SQL_LOG:2020-12-29 20:04:19]: SELECT COUNT(*) AS NUM  FROM  likes  WHERE  item_id = ?     [2]
[SQL_LOG:2020-12-29 20:04:20]: SELECT *  FROM  likes  WHERE  item_id = ? AND mem_id = ?     [2,1]
[SQL_LOG:2020-12-29 20:04:20]: INSERT INTO likes (item_id,mem_id,regist_date)VALUES(?,?,?) [2,1,2020-12-29 20:04:20]
[SQL_LOG:2020-12-29 20:04:20]: SELECT COUNT(*) AS NUM  FROM  likes  WHERE  item_id = ?     [2]
[SQL_LOG:2020-12-29 20:06:12]: SELECT ctg_id, category_name, cate_genre FROM  category  WHERE  cate_genre = ?     [item]
[SQL_LOG:2020-12-29 20:06:12]: SELECT item_id, item_name, detail, price, image, ctg_id FROM  item  WHERE  item_id = ?     [2]
[SQL_LOG:2020-12-29 20:06:12]: SELECT COUNT(*) AS NUM  FROM  likes  WHERE  item_id = ?     [2]
[SQL_LOG:2020-12-29 20:06:12]: SELECT *  FROM  likes  WHERE  item_id = ? AND mem_id = ?     [2,1]
[SQL_LOG:2020-12-29 20:06:16]: SELECT *  FROM  likes  WHERE  item_id = ? AND mem_id = ?     [2,1]
[SQL_LOG:2020-12-29 20:06:16]: DELETE FROM likes WHERE item_id = ? AND mem_id = ?  [2,1]
[SQL_LOG:2020-12-29 20:06:16]: SELECT COUNT(*) AS NUM  FROM  likes  WHERE  item_id = ?     [2]
[SQL_LOG:2020-12-29 20:06:17]: SELECT *  FROM  likes  WHERE  item_id = ? AND mem_id = ?     [2,1]
[SQL_LOG:2020-12-29 20:06:17]: INSERT INTO likes (item_id,mem_id,regist_date)VALUES(?,?,?) [2,1,2020-12-29 20:06:17]
[SQL_LOG:2020-12-29 20:06:17]: SELECT COUNT(*) AS NUM  FROM  likes  WHERE  item_id = ?     [2]
[SQL_LOG:2020-12-29 20:06:18]: SELECT *  FROM  likes  WHERE  item_id = ? AND mem_id = ?     [2,1]
[SQL_LOG:2020-12-29 20:06:18]: DELETE FROM likes WHERE item_id = ? AND mem_id = ?  [2,1]
[SQL_LOG:2020-12-29 20:06:18]: SELECT COUNT(*) AS NUM  FROM  likes  WHERE  item_id = ?     [2]
[SQL_LOG:2020-12-29 20:06:18]: SELECT *  FROM  likes  WHERE  item_id = ? AND mem_id = ?     [2,1]
[SQL_LOG:2020-12-29 20:06:18]: INSERT INTO likes (item_id,mem_id,regist_date)VALUES(?,?,?) [2,1,2020-12-29 20:06:18]
[SQL_LOG:2020-12-29 20:06:18]: SELECT COUNT(*) AS NUM  FROM  likes  WHERE  item_id = ?     [2]
[SQL_LOG:2020-12-29 20:06:18]: SELECT *  FROM  likes  WHERE  item_id = ? AND mem_id = ?     [2,1]
[SQL_LOG:2020-12-29 20:06:18]: DELETE FROM likes WHERE item_id = ? AND mem_id = ?  [2,1]
[SQL_LOG:2020-12-29 20:06:18]: SELECT COUNT(*) AS NUM  FROM  likes  WHERE  item_id = ?     [2]
[SQL_LOG:2020-12-29 20:06:19]: SELECT *  FROM  likes  WHERE  item_id = ? AND mem_id = ?     [2,1]
[SQL_LOG:2020-12-29 20:06:19]: INSERT INTO likes (item_id,mem_id,regist_date)VALUES(?,?,?) [2,1,2020-12-29 20:06:19]
[SQL_LOG:2020-12-29 20:06:19]: SELECT COUNT(*) AS NUM  FROM  likes  WHERE  item_id = ?     [2]
[SQL_LOG:2020-12-29 20:06:19]: SELECT *  FROM  likes  WHERE  item_id = ? AND mem_id = ?     [2,1]
[SQL_LOG:2020-12-29 20:06:19]: DELETE FROM likes WHERE item_id = ? AND mem_id = ?  [2,1]
[SQL_LOG:2020-12-29 20:06:19]: SELECT COUNT(*) AS NUM  FROM  likes  WHERE  item_id = ?     [2]
[SQL_LOG:2020-12-29 20:06:20]: SELECT *  FROM  likes  WHERE  item_id = ? AND mem_id = ?     [2,1]
[SQL_LOG:2020-12-29 20:06:20]: INSERT INTO likes (item_id,mem_id,regist_date)VALUES(?,?,?) [2,1,2020-12-29 20:06:20]
[SQL_LOG:2020-12-29 20:06:20]: SELECT COUNT(*) AS NUM  FROM  likes  WHERE  item_id = ?     [2]
[SQL_LOG:2020-12-29 20:06:28]: SELECT ctg_id, category_name, cate_genre FROM  category  WHERE  cate_genre = ?     [item]
[SQL_LOG:2020-12-29 20:06:28]: SELECT item_id, item_name, price, image, ctg_id  FROM  item     []
[SQL_LOG:2020-12-29 20:06:30]: SELECT ctg_id, category_name, cate_genre FROM  category  WHERE  cate_genre = ?     [item]
[SQL_LOG:2020-12-29 20:06:30]: SELECT item_id, item_name, detail, price, image, ctg_id FROM  item  WHERE  item_id = ?     [2]
[SQL_LOG:2020-12-29 20:06:30]: SELECT COUNT(*) AS NUM  FROM  likes  WHERE  item_id = ?     [2]
[SQL_LOG:2020-12-29 20:06:30]: SELECT *  FROM  likes  WHERE  item_id = ? AND mem_id = ?     [2,1]
[SQL_LOG:2020-12-29 20:06:39]: SELECT ctg_id, category_name, cate_genre FROM  category  WHERE  cate_genre = ?     [item]
[SQL_LOG:2020-12-29 20:06:39]: SELECT item_id, item_name, detail, price, image, ctg_id FROM  item  WHERE  item_id = ?     [2]
[SQL_LOG:2020-12-29 20:06:39]: SELECT COUNT(*) AS NUM  FROM  likes  WHERE  item_id = ?     [2]
[SQL_LOG:2020-12-29 20:06:39]: SELECT *  FROM  likes  WHERE  item_id = ? AND mem_id = ?     [2,1]
[SQL_LOG:2020-12-29 20:07:13]: SELECT ctg_id, category_name, cate_genre FROM  category  WHERE  cate_genre = ?     [item]
[SQL_LOG:2020-12-29 20:07:13]: SELECT item_id, item_name, detail, price, image, ctg_id FROM  item  WHERE  item_id = ?     [2]
[SQL_LOG:2020-12-29 20:07:13]: SELECT COUNT(*) AS NUM  FROM  likes  WHERE  item_id = ?     [2]
[SQL_LOG:2020-12-29 20:07:13]: SELECT *  FROM  likes  WHERE  item_id = ? AND mem_id = ?     [2,1]
[SQL_LOG:2020-12-29 20:07:16]: SELECT *  FROM  likes  WHERE  item_id = ? AND mem_id = ?     [2,1]
[SQL_LOG:2020-12-29 20:07:16]: DELETE FROM likes WHERE item_id = ? AND mem_id = ?  [2,1]
[SQL_LOG:2020-12-29 20:07:16]: SELECT COUNT(*) AS NUM  FROM  likes  WHERE  item_id = ?     [2]
[SQL_LOG:2020-12-29 20:07:16]: SELECT *  FROM  likes  WHERE  item_id = ? AND mem_id = ?     [2,1]
[SQL_LOG:2020-12-29 20:07:16]: INSERT INTO likes (item_id,mem_id,regist_date)VALUES(?,?,?) [2,1,2020-12-29 20:07:16]
[SQL_LOG:2020-12-29 20:07:16]: SELECT COUNT(*) AS NUM  FROM  likes  WHERE  item_id = ?     [2]
[SQL_LOG:2020-12-29 20:07:17]: SELECT *  FROM  likes  WHERE  item_id = ? AND mem_id = ?     [2,1]
[SQL_LOG:2020-12-29 20:07:17]: DELETE FROM likes WHERE item_id = ? AND mem_id = ?  [2,1]
[SQL_LOG:2020-12-29 20:07:17]: SELECT COUNT(*) AS NUM  FROM  likes  WHERE  item_id = ?     [2]
[SQL_LOG:2020-12-29 20:07:18]: SELECT *  FROM  likes  WHERE  item_id = ? AND mem_id = ?     [2,1]
[SQL_LOG:2020-12-29 20:07:18]: INSERT INTO likes (item_id,mem_id,regist_date)VALUES(?,?,?) [2,1,2020-12-29 20:07:18]
[SQL_LOG:2020-12-29 20:07:18]: SELECT COUNT(*) AS NUM  FROM  likes  WHERE  item_id = ?     [2]
[SQL_LOG:2020-12-29 20:07:18]: SELECT *  FROM  likes  WHERE  item_id = ? AND mem_id = ?     [2,1]
[SQL_LOG:2020-12-29 20:07:18]: DELETE FROM likes WHERE item_id = ? AND mem_id = ?  [2,1]
[SQL_LOG:2020-12-29 20:07:18]: SELECT COUNT(*) AS NUM  FROM  likes  WHERE  item_id = ?     [2]
[SQL_LOG:2020-12-29 20:07:53]: SELECT ctg_id, category_name, cate_genre FROM  category  WHERE  cate_genre = ?     [item]
[SQL_LOG:2020-12-29 20:07:53]: SELECT item_id, item_name, detail, price, image, ctg_id FROM  item  WHERE  item_id = ?     [2]
[SQL_LOG:2020-12-29 20:07:53]: SELECT COUNT(*) AS NUM  FROM  likes  WHERE  item_id = ?     [2]
[SQL_LOG:2020-12-29 20:07:53]: SELECT *  FROM  likes  WHERE  item_id = ? AND mem_id = ?     [2,1]
[SQL_LOG:2020-12-29 20:07:55]: SELECT ctg_id, category_name, cate_genre FROM  category  WHERE  cate_genre = ?     [item]
[SQL_LOG:2020-12-29 20:07:55]: SELECT item_id, item_name, detail, price, image, ctg_id FROM  item  WHERE  item_id = ?     [2]
[SQL_LOG:2020-12-29 20:07:55]: SELECT COUNT(*) AS NUM  FROM  likes  WHERE  item_id = ?     [2]
[SQL_LOG:2020-12-29 20:07:55]: SELECT *  FROM  likes  WHERE  item_id = ? AND mem_id = ?     [2,1]
[SQL_LOG:2020-12-29 20:07:57]: SELECT *  FROM  likes  WHERE  item_id = ? AND mem_id = ?     [2,1]
[SQL_LOG:2020-12-29 20:07:57]: INSERT INTO likes (item_id,mem_id,regist_date)VALUES(?,?,?) [2,1,2020-12-29 20:07:57]
[SQL_LOG:2020-12-29 20:07:57]: SELECT COUNT(*) AS NUM  FROM  likes  WHERE  item_id = ?     [2]
[SQL_LOG:2020-12-29 20:07:57]: SELECT *  FROM  likes  WHERE  item_id = ? AND mem_id = ?     [2,1]
[SQL_LOG:2020-12-29 20:07:57]: DELETE FROM likes WHERE item_id = ? AND mem_id = ?  [2,1]
[SQL_LOG:2020-12-29 20:07:57]: SELECT COUNT(*) AS NUM  FROM  likes  WHERE  item_id = ?     [2]
[SQL_LOG:2020-12-29 20:07:58]: SELECT *  FROM  likes  WHERE  item_id = ? AND mem_id = ?     [2,1]
[SQL_LOG:2020-12-29 20:07:58]: INSERT INTO likes (item_id,mem_id,regist_date)VALUES(?,?,?) [2,1,2020-12-29 20:07:58]
[SQL_LOG:2020-12-29 20:07:58]: SELECT COUNT(*) AS NUM  FROM  likes  WHERE  item_id = ?     [2]
[SQL_LOG:2020-12-29 20:08:05]: SELECT ctg_id, category_name, cate_genre FROM  category  WHERE  cate_genre = ?     [item]
[SQL_LOG:2020-12-29 20:08:05]: SELECT item_id, item_name, price, image, ctg_id  FROM  item     []
[SQL_LOG:2020-12-29 20:08:07]: SELECT ctg_id, category_name, cate_genre FROM  category  WHERE  cate_genre = ?     [item]
[SQL_LOG:2020-12-29 20:08:07]: SELECT item_id, item_name, detail, price, image, ctg_id FROM  item  WHERE  item_id = ?     [1]
[SQL_LOG:2020-12-29 20:08:07]: SELECT COUNT(*) AS NUM  FROM  likes  WHERE  item_id = ?     [1]
[SQL_LOG:2020-12-29 20:08:07]: SELECT *  FROM  likes  WHERE  item_id = ? AND mem_id = ?     [1,1]
[SQL_LOG:2020-12-29 20:08:08]: SELECT *  FROM  likes  WHERE  item_id = ? AND mem_id = ?     [1,1]
[SQL_LOG:2020-12-29 20:08:08]: INSERT INTO likes (item_id,mem_id,regist_date)VALUES(?,?,?) [1,1,2020-12-29 20:08:08]
[SQL_LOG:2020-12-29 20:08:08]: SELECT COUNT(*) AS NUM  FROM  likes  WHERE  item_id = ?     [1]
[SQL_LOG:2020-12-29 20:08:09]: SELECT *  FROM  likes  WHERE  item_id = ? AND mem_id = ?     [1,1]
[SQL_LOG:2020-12-29 20:08:09]: DELETE FROM likes WHERE item_id = ? AND mem_id = ?  [1,1]
[SQL_LOG:2020-12-29 20:08:09]: SELECT COUNT(*) AS NUM  FROM  likes  WHERE  item_id = ?     [1]
[SQL_LOG:2020-12-29 20:08:10]: SELECT *  FROM  likes  WHERE  item_id = ? AND mem_id = ?     [1,1]
[SQL_LOG:2020-12-29 20:08:10]: INSERT INTO likes (item_id,mem_id,regist_date)VALUES(?,?,?) [1,1,2020-12-29 20:08:10]
[SQL_LOG:2020-12-29 20:08:10]: SELECT COUNT(*) AS NUM  FROM  likes  WHERE  item_id = ?     [1]
[SQL_LOG:2020-12-29 20:08:10]: SELECT *  FROM  likes  WHERE  item_id = ? AND mem_id = ?     [1,1]
[SQL_LOG:2020-12-29 20:08:10]: DELETE FROM likes WHERE item_id = ? AND mem_id = ?  [1,1]
[SQL_LOG:2020-12-29 20:08:10]: SELECT COUNT(*) AS NUM  FROM  likes  WHERE  item_id = ?     [1]
[SQL_LOG:2020-12-29 20:08:10]: SELECT *  FROM  likes  WHERE  item_id = ? AND mem_id = ?     [1,1]
[SQL_LOG:2020-12-29 20:08:10]: INSERT INTO likes (item_id,mem_id,regist_date)VALUES(?,?,?) [1,1,2020-12-29 20:08:10]
[SQL_LOG:2020-12-29 20:08:10]: SELECT COUNT(*) AS NUM  FROM  likes  WHERE  item_id = ?     [1]
[SQL_LOG:2020-12-29 20:08:11]: SELECT *  FROM  likes  WHERE  item_id = ? AND mem_id = ?     [1,1]
[SQL_LOG:2020-12-29 20:08:11]: DELETE FROM likes WHERE item_id = ? AND mem_id = ?  [1,1]
[SQL_LOG:2020-12-29 20:08:11]: SELECT COUNT(*) AS NUM  FROM  likes  WHERE  item_id = ?     [1]
[SQL_LOG:2020-12-29 20:08:37]: SELECT c.crt_id, c.num, c.unit_price, c.sub_total_price, i.item_id, i.item_name, i.price, i.image FROM  cart c LEFT JOIN item i ON c.item_id = i.item_id  WHERE  c.mem_id = ? AND c.delete_flg = ?     [1,0]
[SQL_LOG:2020-12-29 20:08:37]: SELECT SUM(c.sub_total_price) AS totalPrice  FROM  cart c LEFT JOIN item i ON c.item_id = i.item_id  WHERE  c.mem_id = ? AND c.delete_flg = ?    [1,0]
[SQL_LOG:2020-12-29 20:08:37]: SELECT SUM(num) AS num  FROM  cart c  WHERE  c.mem_id = ? AND c.delete_flg = ?    [1,0]
[SQL_LOG:2020-12-29 20:08:39]: SELECT ctg_id, category_name, cate_genre FROM  category  WHERE  cate_genre = ?     [lesson]
[SQL_LOG:2020-12-29 20:08:39]: SELECT item_id, item_name, price, image, ctg_id  FROM  item     []
[SQL_LOG:2020-12-29 20:08:40]: SELECT *  FROM  member  WHERE  mem_id = ?     [1]
[SQL_LOG:2020-12-29 20:08:47]: SELECT *  FROM  member  WHERE  mem_id = ?     [1]
[SQL_LOG:2020-12-29 20:08:47]: INSERT INTO contact (subject,body,mem_id,user_id,email,regist_date,delete_flg)VALUES(?,?,?,?,?,?,?) [小島,hjiyf,1,,tttvvvaken@gmail.com,2020-12-29 20:08:47,]
[SQL_LOG:2020-12-29 20:09:04]: SELECT ctg_id, category_name, cate_genre FROM  category  WHERE  cate_genre = ?     [lesson]
[SQL_LOG:2020-12-29 20:09:04]: SELECT item_id, item_name, price, image, ctg_id  FROM  item     []
[SQL_LOG:2020-12-29 20:09:13]: SELECT ctg_id, category_name, cate_genre FROM  category  WHERE  cate_genre = ?     [lesson]
[SQL_LOG:2020-12-29 20:09:13]: SELECT item_id, item_name, price, image, ctg_id  FROM  item     []
[SQL_LOG:2020-12-29 20:09:14]: SELECT ctg_id, category_name, cate_genre FROM  category  WHERE  cate_genre = ?     [item]
[SQL_LOG:2020-12-29 20:09:14]: SELECT item_id, item_name, price, image, ctg_id  FROM  item     []
[SQL_LOG:2020-12-29 20:09:15]: SELECT ctg_id, category_name, cate_genre FROM  category  WHERE  cate_genre = ?     [lesson]
[SQL_LOG:2020-12-29 20:09:15]: SELECT item_id, item_name, price, image, ctg_id  FROM  item     []
[SQL_LOG:2020-12-29 20:09:15]: SELECT ctg_id, category_name, cate_genre FROM  category  WHERE  cate_genre = ?     [item]
[SQL_LOG:2020-12-29 20:09:15]: SELECT item_id, item_name, price, image, ctg_id  FROM  item     []
[SQL_LOG:2020-12-29 20:09:24]: SELECT ctg_id, category_name, cate_genre FROM  category  WHERE  cate_genre = ?     [item]
[SQL_LOG:2020-12-29 20:09:24]: SELECT item_id, item_name, price, image, ctg_id  FROM  item  WHERE  ctg_id = ?     [11]
[SQL_LOG:2020-12-29 20:09:25]: SELECT ctg_id, category_name, cate_genre FROM  category  WHERE  cate_genre = ?     [item]
[SQL_LOG:2020-12-29 20:09:25]: SELECT item_id, item_name, price, image, ctg_id  FROM  item  WHERE  ctg_id = ?     [9]
[SQL_LOG:2020-12-29 20:09:25]: SELECT ctg_id, category_name, cate_genre FROM  category  WHERE  cate_genre = ?     [item]
[SQL_LOG:2020-12-29 20:09:25]: SELECT item_id, item_name, price, image, ctg_id  FROM  item     []
[SQL_LOG:2020-12-29 20:09:26]: SELECT ctg_id, category_name, cate_genre FROM  category  WHERE  cate_genre = ?     [item]
[SQL_LOG:2020-12-29 20:09:26]: SELECT item_id, item_name, price, image, ctg_id  FROM  item  WHERE  ctg_id = ?     [10]
[SQL_LOG:2020-12-29 20:09:26]: SELECT ctg_id, category_name, cate_genre FROM  category  WHERE  cate_genre = ?     [item]
[SQL_LOG:2020-12-29 20:09:26]: SELECT item_id, item_name, price, image, ctg_id  FROM  item  WHERE  ctg_id = ?     [11]
[SQL_LOG:2020-12-29 20:09:29]: SELECT ctg_id, category_name, cate_genre FROM  category  WHERE  cate_genre = ?     [item]
[SQL_LOG:2020-12-29 20:09:29]: SELECT  item_id, item_name, price, image, ctg_id  FROM item WHERE  item_name LIKE ?     [%ぶ%]
[SQL_LOG:2020-12-29 20:09:34]: SELECT ctg_id, category_name, cate_genre FROM  category  WHERE  cate_genre = ?     [item]
[SQL_LOG:2020-12-29 20:09:34]: SELECT  item_id, item_name, price, image, ctg_id  FROM item WHERE  item_name LIKE ?     [%ぱ%]
[SQL_LOG:2020-12-29 20:09:37]: SELECT ctg_id, category_name, cate_genre FROM  category  WHERE  cate_genre = ?     [item]
[SQL_LOG:2020-12-29 20:09:37]: SELECT  item_id, item_name, price, image, ctg_id  FROM item    []
[SQL_LOG:2020-12-29 20:09:39]: SELECT ctg_id, category_name, cate_genre FROM  category  WHERE  cate_genre = ?     [item]
[SQL_LOG:2020-12-29 20:09:39]: SELECT  item_id, item_name, price, image, ctg_id  FROM item    []
[SQL_LOG:2020-12-29 20:09:39]: SELECT ctg_id, category_name, cate_genre FROM  category  WHERE  cate_genre = ?     [item]
[SQL_LOG:2020-12-29 20:09:39]: SELECT  item_id, item_name, price, image, ctg_id  FROM item    []
[SQL_LOG:2020-12-29 20:09:39]: SELECT ctg_id, category_name, cate_genre FROM  category  WHERE  cate_genre = ?     [item]
[SQL_LOG:2020-12-29 20:09:39]: SELECT  item_id, item_name, price, image, ctg_id  FROM item    []
[SQL_LOG:2020-12-29 20:09:39]: SELECT ctg_id, category_name, cate_genre FROM  category  WHERE  cate_genre = ?     [item]
[SQL_LOG:2020-12-29 20:09:39]: SELECT  item_id, item_name, price, image, ctg_id  FROM item    []
[SQL_LOG:2020-12-29 20:09:40]: SELECT ctg_id, category_name, cate_genre FROM  category  WHERE  cate_genre = ?     [item]
[SQL_LOG:2020-12-29 20:09:40]: SELECT  item_id, item_name, price, image, ctg_id  FROM item    []
[SQL_LOG:2020-12-29 20:09:40]: SELECT ctg_id, category_name, cate_genre FROM  category  WHERE  cate_genre = ?     [item]
[SQL_LOG:2020-12-29 20:09:40]: SELECT  item_id, item_name, price, image, ctg_id  FROM item    []
[SQL_LOG:2020-12-29 20:09:40]: SELECT ctg_id, category_name, cate_genre FROM  category  WHERE  cate_genre = ?     [item]
[SQL_LOG:2020-12-29 20:09:40]: SELECT  item_id, item_name, price, image, ctg_id  FROM item    []
[SQL_LOG:2020-12-29 20:09:40]: SELECT ctg_id, category_name, cate_genre FROM  category  WHERE  cate_genre = ?     [item]
[SQL_LOG:2020-12-29 20:09:40]: SELECT  item_id, item_name, price, image, ctg_id  FROM item    []
[SQL_LOG:2020-12-29 20:09:40]: SELECT ctg_id, category_name, cate_genre FROM  category  WHERE  cate_genre = ?     [item]
[SQL_LOG:2020-12-29 20:09:40]: SELECT  item_id, item_name, price, image, ctg_id  FROM item    []
[SQL_LOG:2020-12-29 20:09:41]: SELECT ctg_id, category_name, cate_genre FROM  category  WHERE  cate_genre = ?     [item]
[SQL_LOG:2020-12-29 20:09:41]: SELECT  item_id, item_name, price, image, ctg_id  FROM item    []
[SQL_LOG:2020-12-29 20:09:43]: SELECT ctg_id, category_name, cate_genre FROM  category  WHERE  cate_genre = ?     [item]
[SQL_LOG:2020-12-29 20:09:43]: SELECT  item_id, item_name, price, image, ctg_id  FROM item WHERE  item_name LIKE ?     [%ka%]
[SQL_LOG:2020-12-29 20:09:46]: SELECT ctg_id, category_name, cate_genre FROM  category  WHERE  cate_genre = ?     [item]
[SQL_LOG:2020-12-29 20:09:46]: SELECT  item_id, item_name, price, image, ctg_id  FROM item WHERE  item_name LIKE ?     [%ぶ%]
[SQL_LOG:2020-12-29 20:09:50]: SELECT ctg_id, category_name, cate_genre FROM  category  WHERE  cate_genre = ?     [item]
[SQL_LOG:2020-12-29 20:09:50]: SELECT  item_id, item_name, price, image, ctg_id  FROM item    []
[SQL_LOG:2020-12-29 20:09:52]: SELECT ctg_id, category_name, cate_genre FROM  category  WHERE  cate_genre = ?     [item]
[SQL_LOG:2020-12-29 20:09:52]: SELECT  item_id, item_name, price, image, ctg_id  FROM item    []
[SQL_LOG:2020-12-29 20:09:53]: SELECT ctg_id, category_name, cate_genre FROM  category  WHERE  cate_genre = ?     [item]
[SQL_LOG:2020-12-29 20:09:53]: SELECT  item_id, item_name, price, image, ctg_id  FROM item    []
[SQL_LOG:2020-12-29 20:09:59]: SELECT ctg_id, category_name, cate_genre FROM  category  WHERE  cate_genre = ?     [item]
[SQL_LOG:2020-12-29 20:09:59]: SELECT  item_id, item_name, price, image, ctg_id  FROM item    []
[SQL_LOG:2020-12-29 20:09:59]: SELECT ctg_id, category_name, cate_genre FROM  category  WHERE  cate_genre = ?     [item]
[SQL_LOG:2020-12-29 20:09:59]: SELECT  item_id, item_name, price, image, ctg_id  FROM item    []
[SQL_LOG:2020-12-29 20:09:59]: SELECT ctg_id, category_name, cate_genre FROM  category  WHERE  cate_genre = ?     [item]
[SQL_LOG:2020-12-29 20:09:59]: SELECT  item_id, item_name, price, image, ctg_id  FROM item    []
[SQL_LOG:2020-12-29 20:09:59]: SELECT ctg_id, category_name, cate_genre FROM  category  WHERE  cate_genre = ?     [item]
[SQL_LOG:2020-12-29 20:09:59]: SELECT  item_id, item_name, price, image, ctg_id  FROM item    []
[SQL_LOG:2020-12-29 20:09:59]: SELECT ctg_id, category_name, cate_genre FROM  category  WHERE  cate_genre = ?     [item]
[SQL_LOG:2020-12-29 20:09:59]: SELECT  item_id, item_name, price, image, ctg_id  FROM item    []
[SQL_LOG:2020-12-29 20:10:00]: SELECT ctg_id, category_name, cate_genre FROM  category  WHERE  cate_genre = ?     [item]
[SQL_LOG:2020-12-29 20:10:00]: SELECT  item_id, item_name, price, image, ctg_id  FROM item    []
[SQL_LOG:2020-12-29 20:10:00]: SELECT ctg_id, category_name, cate_genre FROM  category  WHERE  cate_genre = ?     [item]
[SQL_LOG:2020-12-29 20:10:00]: SELECT  item_id, item_name, price, image, ctg_id  FROM item    []
[SQL_LOG:2020-12-29 20:10:00]: SELECT ctg_id, category_name, cate_genre FROM  category  WHERE  cate_genre = ?     [item]
[SQL_LOG:2020-12-29 20:10:00]: SELECT  item_id, item_name, price, image, ctg_id  FROM item    []
[SQL_LOG:2020-12-29 20:10:00]: SELECT ctg_id, category_name, cate_genre FROM  category  WHERE  cate_genre = ?     [item]
[SQL_LOG:2020-12-29 20:10:00]: SELECT  item_id, item_name, price, image, ctg_id  FROM item    []
[SQL_LOG:2020-12-29 20:10:00]: SELECT ctg_id, category_name, cate_genre FROM  category  WHERE  cate_genre = ?     [item]
[SQL_LOG:2020-12-29 20:10:00]: SELECT  item_id, item_name, price, image, ctg_id  FROM item    []
[SQL_LOG:2020-12-29 20:10:00]: SELECT ctg_id, category_name, cate_genre FROM  category  WHERE  cate_genre = ?     [item]
[SQL_LOG:2020-12-29 20:10:00]: SELECT  item_id, item_name, price, image, ctg_id  FROM item    []
[SQL_LOG:2020-12-29 20:10:01]: SELECT ctg_id, category_name, cate_genre FROM  category  WHERE  cate_genre = ?     [item]
[SQL_LOG:2020-12-29 20:10:01]: SELECT  item_id, item_name, price, image, ctg_id  FROM item    []
[SQL_LOG:2020-12-29 20:10:10]: SELECT ctg_id, category_name, cate_genre FROM  category  WHERE  cate_genre = ?     [item]
[SQL_LOG:2020-12-29 20:10:10]: SELECT item_id, item_name, price, image, ctg_id  FROM  item     []
[SQL_LOG:2020-12-29 20:10:11]: SELECT ctg_id, category_name, cate_genre FROM  category  WHERE  cate_genre = ?     [lesson]
[SQL_LOG:2020-12-29 20:10:11]: SELECT item_id, item_name, price, image, ctg_id  FROM  item     []
[SQL_LOG:2020-12-29 20:10:11]: SELECT ctg_id, category_name, cate_genre FROM  category  WHERE  cate_genre = ?     [item]
[SQL_LOG:2020-12-29 20:10:11]: SELECT item_id, item_name, price, image, ctg_id  FROM  item     []
[SQL_LOG:2020-12-29 20:10:13]: SELECT c.crt_id, c.num, c.unit_price, c.sub_total_price, i.item_id, i.item_name, i.price, i.image FROM  cart c LEFT JOIN item i ON c.item_id = i.item_id  WHERE  c.mem_id = ? AND c.delete_flg = ?     [1,0]
[SQL_LOG:2020-12-29 20:10:13]: SELECT SUM(c.sub_total_price) AS totalPrice  FROM  cart c LEFT JOIN item i ON c.item_id = i.item_id  WHERE  c.mem_id = ? AND c.delete_flg = ?    [1,0]
[SQL_LOG:2020-12-29 20:10:13]: SELECT SUM(num) AS num  FROM  cart c  WHERE  c.mem_id = ? AND c.delete_flg = ?    [1,0]
[SQL_LOG:2020-12-29 20:10:14]: SELECT *  FROM  member  WHERE  mem_id = ?     [1]
