[SQL_LOG:2020-11-02 01:20:24]: SELECT *  FROM  member  WHERE  mem_id = ?     [7]
[SQL_LOG:2020-11-02 01:20:24]: INSERT INTO contact (subject,body,mem_id,user_id,email,regist_date,delete_flg)VALUES(?,?,?,?,?,?,?) [小島,vfdtydytdtyd,7,chemitaken,tttvvvaken@gmail.com,2020-11-02 01:20:24,]
[SQL_LOG:2020-11-02 01:20:27]: SELECT ctg_id, category_name  FROM  category     []
[SQL_LOG:2020-11-02 01:20:27]: SELECT item_id, item_name, price, image, ctg_id  FROM  item     []
[SQL_LOG:2020-11-02 01:20:40]: SELECT ctg_id, category_name  FROM  category     []
[SQL_LOG:2020-11-02 01:20:40]: SELECT item_id, item_name, price, image, ctg_id  FROM  item     []
[SQL_LOG:2020-11-02 01:20:56]: SELECT *  FROM  member  WHERE  mem_id = ?     [7]
[SQL_LOG:2020-11-02 01:20:56]: INSERT INTO contact (subject,body,mem_id,user_id,email,regist_date,delete_flg)VALUES(?,?,?,?,?,?,?) [dっg,京急,7,chemitaken,tttvvvaken@gmail.com,2020-11-02 01:20:56,]
[SQL_LOG:2020-11-02 01:21:01]: SELECT *  FROM  member  WHERE  mem_id = ?     [7]
[SQL_LOG:2020-11-02 01:21:01]: INSERT INTO contact (subject,body,mem_id,user_id,email,regist_date,delete_flg)VALUES(?,?,?,?,?,?,?) [dっg,京急,7,chemitaken,tttvvvaken@gmail.com,2020-11-02 01:21:01,]
[SQL_LOG:2020-11-02 01:22:24]: SELECT *  FROM  member  WHERE  mem_id = ?     [7]
[SQL_LOG:2020-11-02 01:22:24]: INSERT INTO contact (subject,body,mem_id,user_id,email,regist_date,delete_flg)VALUES(?,?,?,?,?,?,?) [dっg,京急,7,chemitaken,tttvvvaken@gmail.com,2020-11-02 01:22:24,]
[SQL_LOG:2020-11-02 01:23:21]: SELECT *  FROM  member  WHERE  mem_id = ?     [7]
[SQL_LOG:2020-11-02 01:23:21]: INSERT INTO contact (subject,body,mem_id,user_id,email,regist_date,delete_flg)VALUES(?,?,?,?,?,?,?) [dっg,京急,7,chemitaken,tttvvvaken@gmail.com,2020-11-02 01:23:21,]
[SQL_LOG:2020-11-02 01:25:34]: SELECT *  FROM  member  WHERE  mem_id = ?     [7]
[SQL_LOG:2020-11-02 01:25:34]: INSERT INTO contact (subject,body,mem_id,user_id,email,regist_date,delete_flg)VALUES(?,?,?,?,?,?,?) [dっg,京急,7,chemitaken,tttvvvaken@gmail.com,2020-11-02 01:25:34,]
[SQL_LOG:2020-11-02 01:27:49]: SELECT ctg_id, category_name  FROM  category     []
[SQL_LOG:2020-11-02 01:27:49]: SELECT item_id, item_name, price, image, ctg_id  FROM  item     []
[SQL_LOG:2020-11-02 01:27:50]: SELECT mem_id, family_name, first_name, family_name_kana, first_name_kana, email, user_id, sex, traffic, regist_date, update_date  FROM  member     []
[SQL_LOG:2020-11-02 01:28:02]: SELECT *  FROM  member  WHERE  mem_id = ?     [7]
[SQL_LOG:2020-11-02 01:28:02]: INSERT INTO contact (subject,body,mem_id,user_id,email,regist_date,delete_flg)VALUES(?,?,?,?,?,?,?) [小島,ああああああああ,7,chemitaken,tttvvvaken@gmail.com,2020-11-02 01:28:02,]
[SQL_LOG:2020-11-02 01:29:13]: SELECT ctg_id, category_name  FROM  category     []
[SQL_LOG:2020-11-02 01:29:13]: SELECT item_id, item_name, price, image, ctg_id  FROM  item     []
[SQL_LOG:2020-11-02 01:29:29]: SELECT *  FROM  member  WHERE  mem_id = ?     [7]
[SQL_LOG:2020-11-02 01:29:29]: INSERT INTO contact (subject,body,mem_id,user_id,email,regist_date,delete_flg)VALUES(?,?,?,?,?,?,?) [こーーーじま,ああああああああ,7,chemitaken,tttvvvaken@gmail.com,2020-11-02 01:29:29,]
[SQL_LOG:2020-11-02 02:00:15]: SELECT *  FROM  member  WHERE  mem_id = ?     [7]
[SQL_LOG:2020-11-02 02:00:15]: INSERT INTO contact (subject,body,mem_id,user_id,email,regist_date,delete_flg)VALUES(?,?,?,?,?,?,?) [こーーーじま,ああああああああ,7,chemitaken,tttvvvaken@gmail.com,2020-11-02 02:00:15,]
[SQL_LOG:2020-11-02 02:06:02]: SELECT *  FROM  member  WHERE  mem_id = ?     [7]
[SQL_LOG:2020-11-02 02:06:02]: INSERT INTO contact (subject,body,mem_id,user_id,email,regist_date,delete_flg)VALUES(?,?,?,?,?,?,?) [こーーーじま,ああああああああ,7,chemitaken,tttvvvaken@gmail.com,2020-11-02 02:06:02,]
[SQL_LOG:2020-11-02 02:09:05]: SELECT ctg_id, category_name  FROM  category     []
[SQL_LOG:2020-11-02 02:09:05]: SELECT item_id, item_name, price, image, ctg_id  FROM  item     []
[SQL_LOG:2020-11-02 02:09:15]: SELECT ctg_id, category_name  FROM  category     []
[SQL_LOG:2020-11-02 02:09:15]: SELECT item_id, item_name, price, image, ctg_id  FROM  item     []
[SQL_LOG:2020-11-02 02:09:28]: SELECT *  FROM  member  WHERE  mem_id = ?     [7]
[SQL_LOG:2020-11-02 02:09:28]: INSERT INTO contact (subject,body,mem_id,user_id,email,regist_date,delete_flg)VALUES(?,?,?,?,?,?,?) [英也,ああああああああ,7,chemitaken,tttvvvaken@gmail.com,2020-11-02 02:09:28,]
[SQL_LOG:2020-11-02 02:11:51]: SELECT ctg_id, category_name  FROM  category     []
[SQL_LOG:2020-11-02 02:11:51]: SELECT item_id, item_name, price, image, ctg_id  FROM  item     []
[SQL_LOG:2020-11-02 02:12:24]: SELECT *  FROM  member  WHERE  mem_id = ?     [7]
[SQL_LOG:2020-11-02 02:12:24]: INSERT INTO contact (subject,body,mem_id,user_id,email,regist_date,delete_flg)VALUES(?,?,?,?,?,?,?) [オレッチ,できたかーーーー？,7,chemitaken,tttvvvaken@gmail.com,2020-11-02 02:12:24,]
[SQL_LOG:2020-11-02 02:13:47]: SELECT ctg_id, category_name  FROM  category     []
[SQL_LOG:2020-11-02 02:13:47]: SELECT item_id, item_name, price, image, ctg_id  FROM  item     []
[SQL_LOG:2020-11-02 02:14:05]: SELECT *  FROM  member  WHERE  mem_id = ?     [7]
[SQL_LOG:2020-11-02 02:14:05]: INSERT INTO contact (subject,body,mem_id,user_id,email,regist_date,delete_flg)VALUES(?,?,?,?,?,?,?) [頼みます,できてくれ,7,chemitaken,tttvvvaken@gmail.com,2020-11-02 02:14:05,]
[SQL_LOG:2020-11-02 02:15:59]: SELECT ctg_id, category_name  FROM  category     []
[SQL_LOG:2020-11-02 02:15:59]: SELECT item_id, item_name, price, image, ctg_id  FROM  item     []
[SQL_LOG:2020-11-02 02:16:01]: SELECT *  FROM  member  WHERE  mem_id = ?     [7]
[SQL_LOG:2020-11-02 02:16:04]: SELECT *  FROM  member  WHERE  mem_id = ?     [7]
[SQL_LOG:2020-11-02 02:16:07]: SELECT *  FROM member WHERE  email = ?    LIMIT  1   [tttvvvaken@gmail.com]
[SQL_LOG:2020-11-02 02:16:14]: SELECT *  FROM member WHERE  email = ?    LIMIT  1   [tttvvvaken@gmail.com]
[SQL_LOG:2020-11-02 02:16:15]: SELECT *  FROM member WHERE  email = ?    LIMIT  1   [tttvvvaken@gmail.com]
[SQL_LOG:2020-11-02 02:16:42]: SELECT ctg_id, category_name  FROM  category     []
[SQL_LOG:2020-11-02 02:16:42]: SELECT item_id, item_name, price, image, ctg_id  FROM  item     []
[SQL_LOG:2020-11-02 02:17:02]: SELECT *  FROM  member  WHERE  mem_id = ?     [7]
[SQL_LOG:2020-11-02 02:17:04]: SELECT *  FROM  member  WHERE  mem_id = ?     [7]
[SQL_LOG:2020-11-02 02:17:07]: SELECT *  FROM member WHERE  email = ?    LIMIT  1   [tttvvvaken@gmail.com]
[SQL_LOG:2020-11-02 02:18:35]: SELECT *  FROM member WHERE  email = ?    LIMIT  1   [tttvvvaken@gmail.com]
[SQL_LOG:2020-11-02 02:18:35]: SELECT *  FROM member WHERE  email = ?    LIMIT  1   [tttvvvaken@gmail.com]
[SQL_LOG:2020-11-02 02:18:35]: SELECT *  FROM member WHERE  email = ?    LIMIT  1   [tttvvvaken@gmail.com]
[SQL_LOG:2020-11-02 02:18:35]: SELECT *  FROM member WHERE  email = ?    LIMIT  1   [tttvvvaken@gmail.com]
[SQL_LOG:2020-11-02 02:18:36]: SELECT *  FROM member WHERE  email = ?    LIMIT  1   [tttvvvaken@gmail.com]
[SQL_LOG:2020-11-02 02:18:36]: SELECT *  FROM member WHERE  email = ?    LIMIT  1   [tttvvvaken@gmail.com]
[SQL_LOG:2020-11-02 02:18:36]: SELECT *  FROM member WHERE  email = ?    LIMIT  1   [tttvvvaken@gmail.com]
[SQL_LOG:2020-11-02 02:20:36]: SELECT *  FROM member WHERE  email = ?    LIMIT  1   [tttvvvaken@gmail.co]
[SQL_LOG:2020-11-02 02:20:37]: SELECT *  FROM member WHERE  email = ?    LIMIT  1   [tttvvvaken@gmail.co]
[SQL_LOG:2020-11-02 02:20:37]: SELECT *  FROM member WHERE  email = ?    LIMIT  1   [tttvvvaken@gmail.co]
[SQL_LOG:2020-11-02 02:20:40]: SELECT *  FROM member WHERE  email = ?    LIMIT  1   [tttvvvaken@gmail.com]
[SQL_LOG:2020-11-02 02:20:48]: SELECT *  FROM  member  WHERE  mem_id = ?     [7]
[SQL_LOG:2020-11-02 02:20:49]: SELECT *  FROM  member  WHERE  mem_id = ?     [7]
[SQL_LOG:2020-11-02 02:20:52]: SELECT *  FROM member WHERE  email = ?    LIMIT  1   [tttvvvaken@gmail.com]
[SQL_LOG:2020-11-02 02:20:55]: SELECT *  FROM  member  WHERE  mem_id = ?     [7]
[SQL_LOG:2020-11-02 02:20:56]: SELECT *  FROM  member  WHERE  mem_id = ?     [7]
[SQL_LOG:2020-11-02 02:20:58]: SELECT *  FROM member WHERE  email = ?    LIMIT  1   [tttvvvaken@gmail.com]
[SQL_LOG:2020-11-02 02:21:04]: UPDATE member  SET family_name =? ,first_name =? ,family_name_kana =? ,first_name_kana =? ,email =? ,user_id =? ,password =? ,sex =? ,year =? ,month =? ,day =? ,zip1 =? ,zip2 =? ,address =? ,tel1 =? ,tel2 =? ,tel3 =? ,traffic =? ,contents =? ,update_date =? ,delete_flg =?  WHERE mem_id = ? [小島,岳也,こじま,たけや,tttvvvaken@gmail.com,chemitaken,$2y$10$Wg3ChorUqiBRwik1L0QVa.MLxQ92j5iX9LvWejXcppVJzYpsLIb5i,1,1996,07,09,146,0093,東京都大田区矢口3-6-5-213,080,3215,1499,0_1_2_3_4,マイページ、編集機能、退会機能が出来たー！,2020-11-02 02:21:04,,7]
[SQL_LOG:2020-11-02 02:21:04]: SELECT *  FROM  member  WHERE  mem_id = ?     [7]
[SQL_LOG:2020-11-02 02:21:50]: SELECT *  FROM  member  WHERE  mem_id = ?     [7]
[SQL_LOG:2020-11-02 02:21:50]: INSERT INTO contact (subject,body,mem_id,user_id,email,regist_date,delete_flg)VALUES(?,?,?,?,?,?,?) [小島,huzaje,7,chemitaken,tttvvvaken@gmail.com,2020-11-02 02:21:50,]
[SQL_LOG:2020-11-02 02:31:30]: SELECT *  FROM  member  WHERE  mem_id = ?     [7]
[SQL_LOG:2020-11-02 02:31:30]: INSERT INTO contact (subject,body,mem_id,user_id,email,regist_date,delete_flg)VALUES(?,?,?,?,?,?,?) [小島,huzaje,7,chemitaken,tttvvvaken@gmail.com,2020-11-02 02:31:30,]
[SQL_LOG:2020-11-02 02:32:43]: SELECT ctg_id, category_name  FROM  category     []
[SQL_LOG:2020-11-02 02:32:43]: SELECT item_id, item_name, price, image, ctg_id  FROM  item     []
[SQL_LOG:2020-11-02 02:33:07]: SELECT *  FROM  member  WHERE  mem_id = ?     [7]
[SQL_LOG:2020-11-02 02:33:07]: INSERT INTO contact (subject,body,mem_id,user_id,email,regist_date,delete_flg)VALUES(?,?,?,?,?,?,?) [小島,いつになったらできんねん,7,chemitaken,tttvvvaken@gmail.com,2020-11-02 02:33:07,]
[SQL_LOG:2020-11-02 02:35:50]: SELECT ctg_id, category_name  FROM  category     []
[SQL_LOG:2020-11-02 02:35:50]: SELECT item_id, item_name, price, image, ctg_id  FROM  item     []
[SQL_LOG:2020-11-02 02:37:04]: SELECT *  FROM  member  WHERE  mem_id = ?     [7]
[SQL_LOG:2020-11-02 02:37:04]: INSERT INTO contact (subject,body,mem_id,user_id,email,regist_date,delete_flg)VALUES(?,?,?,?,?,?,?) [小島,できませーん,7,chemitaken,tttvvvaken@gmail.com,2020-11-02 02:37:04,]
[SQL_LOG:2020-11-02 02:43:27]: SELECT ctg_id, category_name  FROM  category     []
[SQL_LOG:2020-11-02 02:43:27]: SELECT item_id, item_name, price, image, ctg_id  FROM  item     []
[SQL_LOG:2020-11-02 02:44:01]: SELECT *  FROM  member  WHERE  mem_id = ?     [7]
[SQL_LOG:2020-11-02 02:44:01]: INSERT INTO contact (subject,body,mem_id,user_id,email,regist_date,delete_flg)VALUES(?,?,?,?,?,?,?) [小島,これはできたんじゃね？？,7,chemitaken,tttvvvaken@gmail.com,2020-11-02 02:44:01,]
[SQL_LOG:2020-11-02 02:44:05]: SELECT ctg_id, category_name  FROM  category     []
[SQL_LOG:2020-11-02 02:44:05]: SELECT item_id, item_name, price, image, ctg_id  FROM  item     []
