[SQL_LOG:2020-11-01 17:20:36]: SELECT *  FROM  member  WHERE  email = ?     [tttvvvaken@gmail.com]
[SQL_LOG:2020-11-01 17:20:36]: SELECT session_key  FROM  loginsession  WHERE  mem_id = ?     [7]
[SQL_LOG:2020-11-01 17:20:36]: SELECT ctg_id, category_name  FROM  category     []
[SQL_LOG:2020-11-01 17:20:36]: SELECT item_id, item_name, price, image, ctg_id  FROM  item     []
[SQL_LOG:2020-11-01 17:21:56]: SELECT ctg_id, category_name  FROM  category     []
[SQL_LOG:2020-11-01 17:21:56]: SELECT item_id, item_name, price, image, ctg_id  FROM  item     []
[SQL_LOG:2020-11-01 17:25:26]: SELECT ctg_id, category_name  FROM  category     []
[SQL_LOG:2020-11-01 17:25:26]: SELECT item_id, item_name, price, image, ctg_id  FROM  item     []
[SQL_LOG:2020-11-01 17:27:55]: SELECT ctg_id, category_name  FROM  category     []
[SQL_LOG:2020-11-01 17:27:55]: SELECT item_id, item_name, price, image, ctg_id  FROM  item     []
[SQL_LOG:2020-11-01 17:30:31]: SELECT *  FROM  member  WHERE  mem_id = ?     [7]
[SQL_LOG:2020-11-01 17:30:31]: INSERT INTO contact (subject,body,mem_id,user_id,email,regist_date,delete_flg)VALUES(?,?,?,?,?,?,?) [dっg,fぐyfyf,7,chemitaken,tttvvvaken@gmail.com,2020-11-01 17:30:31,]
[SQL_LOG:2020-11-01 17:32:22]: SELECT *  FROM  member  WHERE  mem_id = ?     [7]
[SQL_LOG:2020-11-01 17:33:21]: SELECT *  FROM  member  WHERE  mem_id = ?     [7]
[SQL_LOG:2020-11-01 17:33:32]: SELECT *  FROM  member  WHERE  mem_id = ?     [7]
[SQL_LOG:2020-11-01 17:33:32]: INSERT INTO contact (subject,body,mem_id,user_id,email,regist_date,delete_flg)VALUES(?,?,?,?,?,?,?) [dっg,yゔrf,7,chemitaken,tttvvvaken@gmail.com,2020-11-01 17:33:32,]
[SQL_LOG:2020-11-01 17:33:44]: SELECT *  FROM  member  WHERE  mem_id = ?     [7]
[SQL_LOG:2020-11-01 17:33:44]: INSERT INTO contact (subject,body,mem_id,user_id,email,regist_date,delete_flg)VALUES(?,?,?,?,?,?,?) [dっg,yゔrf,7,chemitaken,tttvvvaken@gmail.com,2020-11-01 17:33:44,]
[SQL_LOG:2020-11-01 17:50:34]: SELECT *  FROM  member  WHERE  mem_id = ?     [7]
[SQL_LOG:2020-11-01 17:50:34]: INSERT INTO contact (subject,body,mem_id,user_id,email,regist_date,delete_flg)VALUES(?,?,?,?,?,?,?) [dっg,yゔrf,7,chemitaken,tttvvvaken@gmail.com,2020-11-01 17:50:34,]
[SQL_LOG:2020-11-01 17:58:59]: SELECT *  FROM  member  WHERE  mem_id = ?     [7]
[SQL_LOG:2020-11-01 17:58:59]: INSERT INTO contact (subject,body,mem_id,user_id,email,regist_date,delete_flg)VALUES(?,?,?,?,?,?,?) [dっg,yゔrf,7,chemitaken,tttvvvaken@gmail.com,2020-11-01 17:58:59,]
[SQL_LOG:2020-11-01 18:19:51]: SELECT ctg_id, category_name  FROM  category     []
[SQL_LOG:2020-11-01 18:19:51]: SELECT item_id, item_name, price, image, ctg_id  FROM  item     []
[SQL_LOG:2020-11-01 18:20:03]: SELECT *  FROM  member  WHERE  mem_id = ?     [7]
[SQL_LOG:2020-11-01 18:20:03]: INSERT INTO contact (subject,body,mem_id,user_id,email,regist_date,delete_flg)VALUES(?,?,?,?,?,?,?) [小島,はいいい,7,chemitaken,tttvvvaken@gmail.com,2020-11-01 18:20:03,]
[SQL_LOG:2020-11-01 18:26:51]: SELECT pref, city, town  FROM  postcode  WHERE  zip = ?    LIMIT  1   [1460093]
[SQL_LOG:2020-11-01 18:27:07]: SELECT *  FROM member WHERE  email = ?    LIMIT  1   [tttvvvaken@gmail.com]
[SQL_LOG:2020-11-01 18:27:11]: SELECT *  FROM member WHERE  email = ?    LIMIT  1   [tttvvvaken@gmail.c]
[SQL_LOG:2020-11-01 18:27:20]: SELECT ctg_id, category_name  FROM  category     []
[SQL_LOG:2020-11-01 18:27:20]: SELECT item_id, item_name, price, image, ctg_id  FROM  item     []
[SQL_LOG:2020-11-01 18:27:21]: SELECT *  FROM  member  WHERE  mem_id = ?     [7]
[SQL_LOG:2020-11-01 18:27:23]: SELECT ctg_id, category_name  FROM  category     []
[SQL_LOG:2020-11-01 18:27:23]: SELECT item_id, item_name, price, image, ctg_id  FROM  item     []
[SQL_LOG:2020-11-01 18:28:02]: SELECT pref, city, town  FROM  postcode  WHERE  zip = ?    LIMIT  1   [1460093]
[SQL_LOG:2020-11-01 19:23:15]: SELECT ctg_id, category_name  FROM  category     []
[SQL_LOG:2020-11-01 19:23:15]: SELECT item_id, item_name, price, image, ctg_id  FROM  item     []
[SQL_LOG:2020-11-01 19:23:29]: SELECT *  FROM  member  WHERE  email = ?     [tttvvvaken@gmail.com]
[SQL_LOG:2020-11-01 19:23:38]: SELECT *  FROM  member  WHERE  email = ?     [tttvvvaken@gmail.com]
[SQL_LOG:2020-11-01 19:23:39]: SELECT session_key  FROM  loginsession  WHERE  mem_id = ?     [7]
[SQL_LOG:2020-11-01 19:23:39]: SELECT ctg_id, category_name  FROM  category     []
[SQL_LOG:2020-11-01 19:23:39]: SELECT item_id, item_name, price, image, ctg_id  FROM  item     []
[SQL_LOG:2020-11-01 19:24:17]: SELECT pref, city, town  FROM  postcode  WHERE  zip = ?    LIMIT  1   [2334566]
[SQL_LOG:2020-11-01 19:24:27]: SELECT pref, city, town  FROM  postcode  WHERE  zip = ?    LIMIT  1   [1460093]
[SQL_LOG:2020-11-01 19:24:42]: SELECT *  FROM member WHERE  email = ?    LIMIT  1   [tttvvvaken@gmail.t]
[SQL_LOG:2020-11-01 19:24:52]: SELECT *  FROM  member  WHERE  mem_id = ?     [7]
[SQL_LOG:2020-11-01 19:26:35]: SELECT ctg_id, category_name  FROM  category     []
[SQL_LOG:2020-11-01 19:26:35]: SELECT item_id, item_name, price, image, ctg_id  FROM  item     []
[SQL_LOG:2020-11-01 19:26:54]: SELECT *  FROM  member  WHERE  mem_id = ?     [7]
[SQL_LOG:2020-11-01 19:26:57]: SELECT ctg_id, category_name  FROM  category     []
[SQL_LOG:2020-11-01 19:26:57]: SELECT item_id, item_name, price, image, ctg_id  FROM  item     []
[SQL_LOG:2020-11-01 19:28:59]: SELECT ctg_id, category_name  FROM  category     []
[SQL_LOG:2020-11-01 19:28:59]: SELECT item_id, item_name, price, image, ctg_id  FROM  item     []
[SQL_LOG:2020-11-01 19:29:34]: SELECT pref, city, town  FROM  postcode  WHERE  zip = ?    LIMIT  1   [1460092]
[SQL_LOG:2020-11-01 19:29:48]: SELECT *  FROM member WHERE  email = ?    LIMIT  1   [tttvvvaken@gmail.o]
[SQL_LOG:2020-11-01 19:30:42]: SELECT *  FROM member WHERE  email = ?    LIMIT  1   [tttvvvaken@gmail.o]
[SQL_LOG:2020-11-01 19:31:21]: SELECT ctg_id, category_name  FROM  category     []
[SQL_LOG:2020-11-01 19:31:21]: SELECT item_id, item_name, price, image, ctg_id  FROM  item     []
[SQL_LOG:2020-11-01 19:31:31]: SELECT *  FROM  member  WHERE  email = ?     [tttvvvaken@gmail.com]
[SQL_LOG:2020-11-01 19:31:31]: SELECT session_key  FROM  loginsession  WHERE  mem_id = ?     [7]
[SQL_LOG:2020-11-01 19:31:31]: SELECT ctg_id, category_name  FROM  category     []
[SQL_LOG:2020-11-01 19:31:31]: SELECT item_id, item_name, price, image, ctg_id  FROM  item     []
[SQL_LOG:2020-11-01 19:32:11]: SELECT pref, city, town  FROM  postcode  WHERE  zip = ?    LIMIT  1   [1460092]
[SQL_LOG:2020-11-01 19:32:26]: SELECT *  FROM member WHERE  email = ?    LIMIT  1   [tttvvvaken@gmail＠fj]
[SQL_LOG:2020-11-01 19:32:37]: SELECT *  FROM member WHERE  email = ?    LIMIT  1   [tttvvvaken@gmail＠fj]
[SQL_LOG:2020-11-01 19:32:56]: SELECT *  FROM member WHERE  email = ?    LIMIT  1   [tttvvvaken@gmailj.fg]
[SQL_LOG:2020-11-01 19:33:04]: INSERT INTO member (family_name,first_name,family_name_kana,first_name_kana,email,user_id,password,sex,year,month,day,zip1,zip2,address,tel1,tel2,tel3,traffic,contents,regist_date,delete_flg)VALUES(?,?,?,?,?,?,?,?,?,?,?,?,?,?,?,?,?,?,?,?,?) [小島,岳也,か,づ,tttvvvaken@gmailj.fg,たけちゃん,$2y$10$XRfKUO2xMPd6w11alNeoLu/vUhectUrizzrxTv5awsppZoutl8B8u,1,1900,01,01,146,0092,芝浦4-13-23 MS芝浦ビル2F,000,0000,0000,1,,2020-11-01 19:33:04,]
[SQL_LOG:2020-11-01 19:33:14]: SELECT *  FROM  member  WHERE  email = ?     [tttvvvaken@gmail.com]
[SQL_LOG:2020-11-01 19:33:14]: SELECT session_key  FROM  loginsession  WHERE  mem_id = ?     [7]
[SQL_LOG:2020-11-01 19:33:14]: SELECT ctg_id, category_name  FROM  category     []
[SQL_LOG:2020-11-01 19:33:14]: SELECT item_id, item_name, price, image, ctg_id  FROM  item     []
[SQL_LOG:2020-11-01 19:33:44]: SELECT *  FROM  member  WHERE  mem_id = ?     [7]
[SQL_LOG:2020-11-01 19:34:16]: SELECT mem_id, family_name, first_name, family_name_kana, first_name_kana, email, user_id, sex, traffic, regist_date, update_date  FROM  member     []
[SQL_LOG:2020-11-01 19:34:19]: SELECT mem_id, family_name, first_name, family_name_kana, first_name_kana, email, user_id, sex, traffic, regist_date, update_date  FROM  member     []
[SQL_LOG:2020-11-01 19:34:23]: SELECT *  FROM  member  WHERE  mem_id = ?     [9]
[SQL_LOG:2020-11-01 19:34:25]: SELECT mem_id, family_name, first_name, family_name_kana, first_name_kana, email, user_id, sex, traffic, regist_date, update_date  FROM  member     []
[SQL_LOG:2020-11-01 19:34:29]: SELECT *  FROM  member  WHERE  mem_id = ?     [7]
[SQL_LOG:2020-11-01 19:34:34]: SELECT mem_id, family_name, first_name, family_name_kana, first_name_kana, email, user_id, sex, traffic, regist_date, update_date  FROM  member     []
[SQL_LOG:2020-11-01 19:34:40]: SELECT *  FROM  member  WHERE  mem_id = ?     [7]
[SQL_LOG:2020-11-01 19:34:45]: SELECT mem_id, family_name, first_name, family_name_kana, first_name_kana, email, user_id, sex, traffic, regist_date, update_date  FROM  member     []
[SQL_LOG:2020-11-01 19:34:47]: SELECT *  FROM  member  WHERE  mem_id = ?     [7]
[SQL_LOG:2020-11-01 19:34:49]: SELECT *  FROM  member  WHERE  mem_id = ?     [7]
[SQL_LOG:2020-11-01 19:34:51]: SELECT *  FROM  member  WHERE  mem_id = ?     [7]
[SQL_LOG:2020-11-01 19:34:54]: SELECT ctg_id, category_name  FROM  category     []
[SQL_LOG:2020-11-01 19:34:54]: SELECT item_id, item_name, price, image, ctg_id  FROM  item     []
[SQL_LOG:2020-11-01 19:34:56]: SELECT c.crt_id, i.item_id, i.item_name, i.price, i.image FROM  cart c LEFT JOIN item i ON c.item_id = i.item_id  WHERE  c.customer_no = ? AND c.delete_flg = ?    [7,0]
[SQL_LOG:2020-11-01 19:34:56]: SELECT SUM(i.price) AS totalPrice  FROM  cart c LEFT JOIN item i ON c.item_id = i.item_id  WHERE  c.customer_no = ? AND c.delete_flg = ?    [7,0]
[SQL_LOG:2020-11-01 19:34:56]: SELECT SUM(num) AS num  FROM  cart c  WHERE  c.customer_no = ? AND c.delete_flg = ?    [7,0]
[SQL_LOG:2020-11-01 19:34:57]: SELECT ctg_id, category_name  FROM  category     []
[SQL_LOG:2020-11-01 19:34:57]: SELECT item_id, item_name, price, image, ctg_id  FROM  item     []
[SQL_LOG:2020-11-01 19:34:59]: SELECT ctg_id, category_name  FROM  category     []
[SQL_LOG:2020-11-01 19:34:59]: SELECT item_id, item_name, detail, price, image, ctg_id FROM  item  WHERE  item_id = ?     [1]
[SQL_LOG:2020-11-01 19:34:59]: SELECT COUNT(*) AS NUM  FROM  likes  WHERE  item_id = ?     [1]
[SQL_LOG:2020-11-01 19:34:59]: SELECT *  FROM  likes  WHERE  item_id = ? AND mem_id = ?     [1,7]
[SQL_LOG:2020-11-01 19:35:05]: SELECT ctg_id, category_name  FROM  category     []
[SQL_LOG:2020-11-01 19:35:05]: SELECT item_id, item_name, price, image, ctg_id  FROM  item     []
[SQL_LOG:2020-11-01 19:35:07]: SELECT ctg_id, category_name  FROM  category     []
[SQL_LOG:2020-11-01 19:35:07]: SELECT item_id, item_name, detail, price, image, ctg_id FROM  item  WHERE  item_id = ?     [1]
[SQL_LOG:2020-11-01 19:35:07]: SELECT COUNT(*) AS NUM  FROM  likes  WHERE  item_id = ?     [1]
[SQL_LOG:2020-11-01 19:35:07]: SELECT *  FROM  likes  WHERE  item_id = ? AND mem_id = ?     [1,7]
[SQL_LOG:2020-11-01 19:36:56]: SELECT ctg_id, category_name  FROM  category     []
[SQL_LOG:2020-11-01 19:36:56]: SELECT item_id, item_name, detail, price, image, ctg_id FROM  item  WHERE  item_id = ?     [1]
[SQL_LOG:2020-11-01 19:36:56]: SELECT COUNT(*) AS NUM  FROM  likes  WHERE  item_id = ?     [1]
[SQL_LOG:2020-11-01 19:36:56]: SELECT *  FROM  likes  WHERE  item_id = ? AND mem_id = ?     [1,7]
[SQL_LOG:2020-11-01 19:37:10]: SELECT ctg_id, category_name  FROM  category     []
[SQL_LOG:2020-11-01 19:37:10]: SELECT item_id, item_name, price, image, ctg_id  FROM  item     []
[SQL_LOG:2020-11-01 19:37:18]: SELECT ctg_id, category_name  FROM  category     []
[SQL_LOG:2020-11-01 19:37:18]: SELECT item_id, item_name, price, image, ctg_id  FROM  item     []
[SQL_LOG:2020-11-01 19:37:24]: SELECT ctg_id, category_name  FROM  category     []
[SQL_LOG:2020-11-01 19:37:24]: SELECT item_id, item_name, detail, price, image, ctg_id FROM  item  WHERE  item_id = ?     [1]
[SQL_LOG:2020-11-01 19:37:24]: SELECT COUNT(*) AS NUM  FROM  likes  WHERE  item_id = ?     [1]
[SQL_LOG:2020-11-01 19:37:24]: SELECT *  FROM  likes  WHERE  item_id = ? AND mem_id = ?     [1,7]
[SQL_LOG:2020-11-01 19:37:26]: SELECT ctg_id, category_name  FROM  category     []
[SQL_LOG:2020-11-01 19:37:26]: SELECT item_id, item_name, price, image, ctg_id  FROM  item     []
[SQL_LOG:2020-11-01 19:37:28]: SELECT ctg_id, category_name  FROM  category     []
[SQL_LOG:2020-11-01 19:37:28]: SELECT item_id, item_name, price, image, ctg_id  FROM  item  WHERE  ctg_id = ?     [2]
[SQL_LOG:2020-11-01 19:37:29]: SELECT ctg_id, category_name  FROM  category     []
[SQL_LOG:2020-11-01 19:37:29]: SELECT item_id, item_name, price, image, ctg_id  FROM  item  WHERE  ctg_id = ?     [1]
[SQL_LOG:2020-11-01 19:37:29]: SELECT ctg_id, category_name  FROM  category     []
[SQL_LOG:2020-11-01 19:37:29]: SELECT item_id, item_name, price, image, ctg_id  FROM  item     []
[SQL_LOG:2020-11-01 19:37:30]: SELECT ctg_id, category_name  FROM  category     []
[SQL_LOG:2020-11-01 19:37:30]: SELECT item_id, item_name, detail, price, image, ctg_id FROM  item  WHERE  item_id = ?     [1]
[SQL_LOG:2020-11-01 19:37:30]: SELECT COUNT(*) AS NUM  FROM  likes  WHERE  item_id = ?     [1]
[SQL_LOG:2020-11-01 19:37:30]: SELECT *  FROM  likes  WHERE  item_id = ? AND mem_id = ?     [1,7]
[SQL_LOG:2020-11-01 19:38:42]: SELECT ctg_id, category_name  FROM  category     []
[SQL_LOG:2020-11-01 19:38:42]: SELECT item_id, item_name, detail, price, image, ctg_id FROM  item  WHERE  item_id = ?     [1]
[SQL_LOG:2020-11-01 19:38:42]: SELECT COUNT(*) AS NUM  FROM  likes  WHERE  item_id = ?     [1]
[SQL_LOG:2020-11-01 19:38:42]: SELECT *  FROM  likes  WHERE  item_id = ? AND mem_id = ?     [1,7]
[SQL_LOG:2020-11-01 19:40:13]: SELECT ctg_id, category_name  FROM  category     []
[SQL_LOG:2020-11-01 19:40:13]: SELECT item_id, item_name, price, image, ctg_id  FROM  item     []
[SQL_LOG:2020-11-01 19:40:15]: SELECT ctg_id, category_name  FROM  category     []
[SQL_LOG:2020-11-01 19:40:15]: SELECT item_id, item_name, detail, price, image, ctg_id FROM  item  WHERE  item_id = ?     [1]
[SQL_LOG:2020-11-01 19:40:15]: SELECT COUNT(*) AS NUM  FROM  likes  WHERE  item_id = ?     [1]
[SQL_LOG:2020-11-01 19:40:15]: SELECT *  FROM  likes  WHERE  item_id = ? AND mem_id = ?     [1,7]
[SQL_LOG:2020-11-01 19:42:07]: SELECT ctg_id, category_name  FROM  category     []
[SQL_LOG:2020-11-01 19:42:07]: SELECT item_id, item_name, price, image, ctg_id  FROM  item     []
[SQL_LOG:2020-11-01 19:42:09]: SELECT ctg_id, category_name  FROM  category     []
[SQL_LOG:2020-11-01 19:42:09]: SELECT item_id, item_name, detail, price, image, ctg_id FROM  item  WHERE  item_id = ?     [1]
[SQL_LOG:2020-11-01 19:42:09]: SELECT COUNT(*) AS NUM  FROM  likes  WHERE  item_id = ?     [1]
[SQL_LOG:2020-11-01 19:42:09]: SELECT *  FROM  likes  WHERE  item_id = ? AND mem_id = ?     [1,7]
[SQL_LOG:2020-11-01 19:42:21]: SELECT ctg_id, category_name  FROM  category     []
[SQL_LOG:2020-11-01 19:42:21]: SELECT item_id, item_name, price, image, ctg_id  FROM  item     []
[SQL_LOG:2020-11-01 19:42:41]: SELECT ctg_id, category_name  FROM  category     []
[SQL_LOG:2020-11-01 19:42:41]: SELECT item_id, item_name, detail, price, image, ctg_id FROM  item  WHERE  item_id = ?     [1]
[SQL_LOG:2020-11-01 19:42:41]: SELECT COUNT(*) AS NUM  FROM  likes  WHERE  item_id = ?     [1]
[SQL_LOG:2020-11-01 19:42:41]: SELECT *  FROM  likes  WHERE  item_id = ? AND mem_id = ?     [1,7]
[SQL_LOG:2020-11-01 19:42:49]: SELECT ctg_id, category_name  FROM  category     []
[SQL_LOG:2020-11-01 19:42:49]: SELECT item_id, item_name, price, image, ctg_id  FROM  item     []
[SQL_LOG:2020-11-01 19:42:50]: SELECT ctg_id, category_name  FROM  category     []
[SQL_LOG:2020-11-01 19:42:50]: SELECT item_id, item_name, price, image, ctg_id  FROM  item     []
[SQL_LOG:2020-11-01 19:42:52]: SELECT ctg_id, category_name  FROM  category     []
[SQL_LOG:2020-11-01 19:42:52]: SELECT item_id, item_name, price, image, ctg_id  FROM  item     []
[SQL_LOG:2020-11-01 19:42:52]: SELECT c.crt_id, i.item_id, i.item_name, i.price, i.image FROM  cart c LEFT JOIN item i ON c.item_id = i.item_id  WHERE  c.customer_no = ? AND c.delete_flg = ?    [7,0]
[SQL_LOG:2020-11-01 19:42:52]: SELECT SUM(i.price) AS totalPrice  FROM  cart c LEFT JOIN item i ON c.item_id = i.item_id  WHERE  c.customer_no = ? AND c.delete_flg = ?    [7,0]
[SQL_LOG:2020-11-01 19:42:52]: SELECT SUM(num) AS num  FROM  cart c  WHERE  c.customer_no = ? AND c.delete_flg = ?    [7,0]
[SQL_LOG:2020-11-01 19:42:53]: SELECT mem_id, family_name, first_name, family_name_kana, first_name_kana, email, user_id, sex, traffic, regist_date, update_date  FROM  member     []
[SQL_LOG:2020-11-01 19:42:55]: SELECT *  FROM  member  WHERE  mem_id = ?     [7]
[SQL_LOG:2020-11-01 19:45:17]: SELECT ctg_id, category_name  FROM  category     []
[SQL_LOG:2020-11-01 19:45:17]: SELECT item_id, item_name, price, image, ctg_id  FROM  item     []
[SQL_LOG:2020-11-01 19:45:25]: SELECT *  FROM  member  WHERE  mem_id = ?     [7]
[SQL_LOG:2020-11-01 19:45:25]: INSERT INTO contact (subject,body,mem_id,user_id,email,regist_date,delete_flg)VALUES(?,?,?,?,?,?,?) [小島,jklんぽじょpj,7,chemitaken,tttvvvaken@gmail.com,2020-11-01 19:45:25,]
[SQL_LOG:2020-11-01 19:51:00]: SELECT *  FROM  member  WHERE  mem_id = ?     [7]
[SQL_LOG:2020-11-01 19:51:00]: INSERT INTO contact (subject,body,mem_id,user_id,email,regist_date,delete_flg)VALUES(?,?,?,?,?,?,?) [小島,jklんぽじょpj,7,chemitaken,tttvvvaken@gmail.com,2020-11-01 19:51:00,]
[SQL_LOG:2020-11-01 19:51:14]: SELECT *  FROM  member  WHERE  mem_id = ?     [7]
[SQL_LOG:2020-11-01 19:51:14]: INSERT INTO contact (subject,body,mem_id,user_id,email,regist_date,delete_flg)VALUES(?,?,?,?,?,?,?) [小島,jklんぽじょpj,7,chemitaken,tttvvvaken@gmail.com,2020-11-01 19:51:14,]
[SQL_LOG:2020-11-01 19:51:16]: SELECT ctg_id, category_name  FROM  category     []
[SQL_LOG:2020-11-01 19:51:16]: SELECT item_id, item_name, price, image, ctg_id  FROM  item     []
[SQL_LOG:2020-11-01 19:51:25]: SELECT *  FROM  member  WHERE  mem_id = ?     [7]
[SQL_LOG:2020-11-01 19:51:25]: INSERT INTO contact (subject,body,mem_id,user_id,email,regist_date,delete_flg)VALUES(?,?,?,?,?,?,?) [小島,vfdtydytdtyd,7,chemitaken,tttvvvaken@gmail.com,2020-11-01 19:51:25,]
