[SQL_LOG:2020-12-04 07:31:38]: SELECT ctg_id, category_name  FROM  category     []
[SQL_LOG:2020-12-04 07:31:38]: SELECT item_id, item_name, price, image, ctg_id  FROM  item     []
[SQL_LOG:2020-12-04 07:31:40]: SELECT ctg_id, category_name  FROM  category     []
[SQL_LOG:2020-12-04 07:31:40]: SELECT item_id, item_name, price, image, ctg_id  FROM  item     []
[SQL_LOG:2020-12-04 07:31:40]: SELECT ctg_id, category_name  FROM  category     []
[SQL_LOG:2020-12-04 07:31:40]: SELECT item_id, item_name, price, image, ctg_id  FROM  item     []
[SQL_LOG:2020-12-04 07:33:09]: SELECT *  FROM  member  WHERE  mem_id = ?     [10]
[SQL_LOG:2020-12-04 07:33:20]: SELECT ctg_id, category_name  FROM  category     []
[SQL_LOG:2020-12-04 07:33:20]: SELECT item_id, item_name, price, image, ctg_id  FROM  item     []
[SQL_LOG:2020-12-04 07:36:03]: SELECT ctg_id, category_name  FROM  category     []
[SQL_LOG:2020-12-04 07:36:03]: SELECT item_id, item_name, price, image, ctg_id  FROM  item     []
[SQL_LOG:2020-12-04 07:37:05]: SELECT ctg_id, category_name  FROM  category     []
[SQL_LOG:2020-12-04 07:37:05]: SELECT item_id, item_name, price, image, ctg_id  FROM  item     []
[SQL_LOG:2020-12-04 07:39:31]: SELECT ctg_id, category_name  FROM  category     []
[SQL_LOG:2020-12-04 07:39:31]: SELECT item_id, item_name, price, image, ctg_id  FROM  item     []
[SQL_LOG:2020-12-04 07:39:33]: SELECT ctg_id, category_name  FROM  category     []
[SQL_LOG:2020-12-04 07:39:33]: SELECT item_id, item_name, price, image, ctg_id  FROM  item     []
[SQL_LOG:2020-12-04 07:39:33]: SELECT ctg_id, category_name  FROM  category     []
[SQL_LOG:2020-12-04 07:39:33]: SELECT item_id, item_name, price, image, ctg_id  FROM  item     []
[SQL_LOG:2020-12-04 07:39:45]: SELECT *  FROM  member  WHERE  mem_id = ?     [10]
[SQL_LOG:2020-12-04 07:39:46]: SELECT c.crt_id, c.num, i.item_id, i.item_name, i.price, i.image FROM  cart c LEFT JOIN item i ON c.item_id = i.item_id  WHERE  c.mem_id = ? AND c.delete_flg = ?     [10,0]
[SQL_LOG:2020-12-04 07:39:46]: SELECT SUM(i.price) * c.num AS totalPrice  FROM  cart c LEFT JOIN item i ON c.item_id = i.item_id  WHERE  c.mem_id = ? AND c.delete_flg = ?    [10,0]
[SQL_LOG:2020-12-04 07:39:46]: SELECT SUM(num) AS num  FROM  cart c  WHERE  c.mem_id = ? AND c.delete_flg = ?    [10,0]
[SQL_LOG:2020-12-04 07:39:49]: SELECT c.crt_id, c.num, i.item_id, i.item_name, i.price, i.image FROM  cart c LEFT JOIN item i ON c.item_id = i.item_id  WHERE  c.mem_id = ? AND c.delete_flg = ?     [10,0]
[SQL_LOG:2020-12-04 07:39:49]: SELECT SUM(i.price) * c.num AS totalPrice  FROM  cart c LEFT JOIN item i ON c.item_id = i.item_id  WHERE  c.mem_id = ? AND c.delete_flg = ?    [10,0]
[SQL_LOG:2020-12-04 07:39:49]: SELECT SUM(num) AS num  FROM  cart c  WHERE  c.mem_id = ? AND c.delete_flg = ?    [10,0]
[SQL_LOG:2020-12-04 07:39:49]: SELECT c.crt_id, c.num, i.item_id, i.item_name, i.price, i.image FROM  cart c LEFT JOIN item i ON c.item_id = i.item_id  WHERE  c.mem_id = ? AND c.delete_flg = ?     [10,0]
[SQL_LOG:2020-12-04 07:39:49]: SELECT SUM(i.price) * c.num AS totalPrice  FROM  cart c LEFT JOIN item i ON c.item_id = i.item_id  WHERE  c.mem_id = ? AND c.delete_flg = ?    [10,0]
[SQL_LOG:2020-12-04 07:39:49]: SELECT SUM(num) AS num  FROM  cart c  WHERE  c.mem_id = ? AND c.delete_flg = ?    [10,0]
[SQL_LOG:2020-12-04 07:39:50]: SELECT c.crt_id, c.num, i.item_id, i.item_name, i.price, i.image FROM  cart c LEFT JOIN item i ON c.item_id = i.item_id  WHERE  c.mem_id = ? AND c.delete_flg = ?     [10,0]
[SQL_LOG:2020-12-04 07:39:50]: SELECT SUM(i.price) * c.num AS totalPrice  FROM  cart c LEFT JOIN item i ON c.item_id = i.item_id  WHERE  c.mem_id = ? AND c.delete_flg = ?    [10,0]
[SQL_LOG:2020-12-04 07:39:50]: SELECT SUM(num) AS num  FROM  cart c  WHERE  c.mem_id = ? AND c.delete_flg = ?    [10,0]
[SQL_LOG:2020-12-04 07:39:52]: SELECT *  FROM  member  WHERE  mem_id = ?     [10]
[SQL_LOG:2020-12-04 07:39:54]: SELECT c.crt_id, c.num, i.item_id, i.item_name, i.price, i.image FROM  cart c LEFT JOIN item i ON c.item_id = i.item_id  WHERE  c.mem_id = ? AND c.delete_flg = ?     [10,0]
[SQL_LOG:2020-12-04 07:39:54]: SELECT SUM(i.price) * c.num AS totalPrice  FROM  cart c LEFT JOIN item i ON c.item_id = i.item_id  WHERE  c.mem_id = ? AND c.delete_flg = ?    [10,0]
[SQL_LOG:2020-12-04 07:39:54]: SELECT SUM(num) AS num  FROM  cart c  WHERE  c.mem_id = ? AND c.delete_flg = ?    [10,0]
[SQL_LOG:2020-12-04 07:39:56]: SELECT c.crt_id, c.num, i.item_id, i.item_name, i.price, i.image FROM  cart c LEFT JOIN item i ON c.item_id = i.item_id  WHERE  c.mem_id = ? AND c.delete_flg = ?     [10,0]
[SQL_LOG:2020-12-04 07:39:56]: SELECT SUM(i.price) * c.num AS totalPrice  FROM  cart c LEFT JOIN item i ON c.item_id = i.item_id  WHERE  c.mem_id = ? AND c.delete_flg = ?    [10,0]
[SQL_LOG:2020-12-04 07:39:56]: SELECT SUM(num) AS num  FROM  cart c  WHERE  c.mem_id = ? AND c.delete_flg = ?    [10,0]
[SQL_LOG:2020-12-04 07:39:58]: SELECT ctg_id, category_name  FROM  category     []
[SQL_LOG:2020-12-04 07:39:58]: SELECT item_id, item_name, price, image, ctg_id  FROM  item     []
[SQL_LOG:2020-12-04 07:39:59]: SELECT ctg_id, category_name  FROM  category     []
[SQL_LOG:2020-12-04 07:39:59]: SELECT item_id, item_name, price, image, ctg_id  FROM  item     []
[SQL_LOG:2020-12-04 07:40:01]: SELECT ctg_id, category_name  FROM  category     []
[SQL_LOG:2020-12-04 07:40:01]: SELECT item_id, item_name, price, image, ctg_id  FROM  item     []
[SQL_LOG:2020-12-04 07:40:05]: SELECT *  FROM  member  WHERE  mem_id = ?     [10]
[SQL_LOG:2020-12-04 07:40:07]: SELECT *  FROM  member  WHERE  mem_id = ?     [10]
[SQL_LOG:2020-12-04 07:40:08]: SELECT *  FROM  member  WHERE  mem_id = ?     [10]
[SQL_LOG:2020-12-04 07:40:10]: SELECT ctg_id, category_name  FROM  category     []
[SQL_LOG:2020-12-04 07:40:10]: SELECT item_id, item_name, price, image, ctg_id  FROM  item     []
[SQL_LOG:2020-12-04 07:40:11]: SELECT ctg_id, category_name  FROM  category     []
[SQL_LOG:2020-12-04 07:40:11]: SELECT item_id, item_name, price, image, ctg_id  FROM  item     []
[SQL_LOG:2020-12-04 07:40:12]: SELECT ctg_id, category_name  FROM  category     []
[SQL_LOG:2020-12-04 07:40:12]: SELECT item_id, item_name, price, image, ctg_id  FROM  item     []
[SQL_LOG:2020-12-04 07:40:14]: SELECT ctg_id, category_name  FROM  category     []
[SQL_LOG:2020-12-04 07:40:14]: SELECT item_id, item_name, price, image, ctg_id  FROM  item     []
[SQL_LOG:2020-12-04 07:40:16]: SELECT *  FROM  member  WHERE  mem_id = ?     [10]
[SQL_LOG:2020-12-04 07:40:18]: SELECT *  FROM  member  WHERE  mem_id = ?     [10]
[SQL_LOG:2020-12-04 07:40:19]: SELECT ctg_id, category_name  FROM  category     []
[SQL_LOG:2020-12-04 07:40:19]: SELECT item_id, item_name, price, image, ctg_id  FROM  item     []
[SQL_LOG:2020-12-04 07:40:28]: SELECT *  FROM  member  WHERE  mem_id = ?     [10]
[SQL_LOG:2020-12-04 07:40:54]: SELECT *  FROM  member  WHERE  mem_id = ?     [10]
[SQL_LOG:2020-12-04 07:41:02]: SELECT ctg_id, category_name  FROM  category     []
[SQL_LOG:2020-12-04 07:41:02]: SELECT item_id, item_name, price, image, ctg_id  FROM  item     []
[SQL_LOG:2020-12-04 07:41:29]: SELECT c.crt_id, c.num, i.item_id, i.item_name, i.price, i.image FROM  cart c LEFT JOIN item i ON c.item_id = i.item_id  WHERE  c.mem_id = ? AND c.delete_flg = ?     [10,0]
[SQL_LOG:2020-12-04 07:41:29]: SELECT SUM(i.price) * c.num AS totalPrice  FROM  cart c LEFT JOIN item i ON c.item_id = i.item_id  WHERE  c.mem_id = ? AND c.delete_flg = ?    [10,0]
[SQL_LOG:2020-12-04 07:41:29]: SELECT SUM(num) AS num  FROM  cart c  WHERE  c.mem_id = ? AND c.delete_flg = ?    [10,0]
[SQL_LOG:2020-12-04 07:41:33]: SELECT *  FROM  member  WHERE  mem_id = ?     [10]
[SQL_LOG:2020-12-04 07:41:34]: SELECT c.crt_id, c.num, i.item_id, i.item_name, i.price, i.image FROM  cart c LEFT JOIN item i ON c.item_id = i.item_id  WHERE  c.mem_id = ? AND c.delete_flg = ?     [10,0]
[SQL_LOG:2020-12-04 07:41:34]: SELECT SUM(i.price) * c.num AS totalPrice  FROM  cart c LEFT JOIN item i ON c.item_id = i.item_id  WHERE  c.mem_id = ? AND c.delete_flg = ?    [10,0]
[SQL_LOG:2020-12-04 07:41:34]: SELECT SUM(num) AS num  FROM  cart c  WHERE  c.mem_id = ? AND c.delete_flg = ?    [10,0]
[SQL_LOG:2020-12-04 07:41:35]: SELECT *  FROM  member  WHERE  mem_id = ?     [10]
[SQL_LOG:2020-12-04 07:41:47]: SELECT *  FROM  member  WHERE  mem_id = ?     [10]
[SQL_LOG:2020-12-04 07:41:48]: SELECT ctg_id, category_name  FROM  category     []
[SQL_LOG:2020-12-04 07:41:48]: SELECT item_id, item_name, price, image, ctg_id  FROM  item     []
[SQL_LOG:2020-12-04 07:41:49]: SELECT ctg_id, category_name  FROM  category     []
[SQL_LOG:2020-12-04 07:41:49]: SELECT item_id, item_name, price, image, ctg_id  FROM  item     []
[SQL_LOG:2020-12-04 07:41:51]: SELECT *  FROM  member  WHERE  mem_id = ?     [10]
[SQL_LOG:2020-12-04 07:41:53]: SELECT ctg_id, category_name  FROM  category     []
[SQL_LOG:2020-12-04 07:41:53]: SELECT item_id, item_name, price, image, ctg_id  FROM  item     []
[SQL_LOG:2020-12-04 07:42:00]: SELECT *  FROM  member  WHERE  mem_id = ?     [10]
[SQL_LOG:2020-12-04 07:42:03]: SELECT ctg_id, category_name  FROM  category     []
[SQL_LOG:2020-12-04 07:42:03]: SELECT item_id, item_name, price, image, ctg_id  FROM  item     []
[SQL_LOG:2020-12-04 07:42:41]: SELECT ctg_id, category_name  FROM  category     []
[SQL_LOG:2020-12-04 07:42:41]: SELECT item_id, item_name, price, image, ctg_id  FROM  item     []
[SQL_LOG:2020-12-04 07:42:43]: SELECT ctg_id, category_name  FROM  category     []
[SQL_LOG:2020-12-04 07:42:43]: SELECT item_id, item_name, price, image, ctg_id  FROM  item     []
[SQL_LOG:2020-12-04 07:42:43]: SELECT c.crt_id, c.num, i.item_id, i.item_name, i.price, i.image FROM  cart c LEFT JOIN item i ON c.item_id = i.item_id  WHERE  c.mem_id = ? AND c.delete_flg = ?     [10,0]
[SQL_LOG:2020-12-04 07:42:43]: SELECT SUM(i.price) * c.num AS totalPrice  FROM  cart c LEFT JOIN item i ON c.item_id = i.item_id  WHERE  c.mem_id = ? AND c.delete_flg = ?    [10,0]
[SQL_LOG:2020-12-04 07:42:43]: SELECT SUM(num) AS num  FROM  cart c  WHERE  c.mem_id = ? AND c.delete_flg = ?    [10,0]
[SQL_LOG:2020-12-04 07:42:44]: SELECT *  FROM  member  WHERE  mem_id = ?     [10]
[SQL_LOG:2020-12-04 07:42:53]: SELECT *  FROM  member  WHERE  mem_id = ?     [10]
[SQL_LOG:2020-12-04 07:42:55]: SELECT ctg_id, category_name  FROM  category     []
[SQL_LOG:2020-12-04 07:42:55]: SELECT item_id, item_name, price, image, ctg_id  FROM  item     []
[SQL_LOG:2020-12-04 07:42:59]: SELECT c.crt_id, c.num, i.item_id, i.item_name, i.price, i.image FROM  cart c LEFT JOIN item i ON c.item_id = i.item_id  WHERE  c.mem_id = ? AND c.delete_flg = ?     [10,0]
[SQL_LOG:2020-12-04 07:42:59]: SELECT SUM(i.price) * c.num AS totalPrice  FROM  cart c LEFT JOIN item i ON c.item_id = i.item_id  WHERE  c.mem_id = ? AND c.delete_flg = ?    [10,0]
[SQL_LOG:2020-12-04 07:42:59]: SELECT SUM(num) AS num  FROM  cart c  WHERE  c.mem_id = ? AND c.delete_flg = ?    [10,0]
[SQL_LOG:2020-12-04 07:43:00]: SELECT *  FROM  member  WHERE  mem_id = ?     [10]
[SQL_LOG:2020-12-04 07:43:03]: SELECT *  FROM  member  WHERE  mem_id = ?     [10]
[SQL_LOG:2020-12-04 07:43:04]: SELECT *  FROM  member  WHERE  mem_id = ?     [10]
[SQL_LOG:2020-12-04 07:43:05]: SELECT ctg_id, category_name  FROM  category     []
[SQL_LOG:2020-12-04 07:43:05]: SELECT item_id, item_name, price, image, ctg_id  FROM  item     []
[SQL_LOG:2020-12-04 07:43:08]: SELECT c.crt_id, c.num, i.item_id, i.item_name, i.price, i.image FROM  cart c LEFT JOIN item i ON c.item_id = i.item_id  WHERE  c.mem_id = ? AND c.delete_flg = ?     [10,0]
[SQL_LOG:2020-12-04 07:43:08]: SELECT SUM(i.price) * c.num AS totalPrice  FROM  cart c LEFT JOIN item i ON c.item_id = i.item_id  WHERE  c.mem_id = ? AND c.delete_flg = ?    [10,0]
[SQL_LOG:2020-12-04 07:43:08]: SELECT SUM(num) AS num  FROM  cart c  WHERE  c.mem_id = ? AND c.delete_flg = ?    [10,0]
[SQL_LOG:2020-12-04 07:43:09]: SELECT c.crt_id, c.num, i.item_id, i.item_name, i.price, i.image FROM  cart c LEFT JOIN item i ON c.item_id = i.item_id  WHERE  c.mem_id = ? AND c.delete_flg = ?     [10,0]
[SQL_LOG:2020-12-04 07:43:09]: SELECT SUM(i.price) * c.num AS totalPrice  FROM  cart c LEFT JOIN item i ON c.item_id = i.item_id  WHERE  c.mem_id = ? AND c.delete_flg = ?    [10,0]
[SQL_LOG:2020-12-04 07:43:09]: SELECT SUM(num) AS num  FROM  cart c  WHERE  c.mem_id = ? AND c.delete_flg = ?    [10,0]
[SQL_LOG:2020-12-04 07:45:18]: SELECT c.crt_id, c.num, i.item_id, i.item_name, i.price, i.image FROM  cart c LEFT JOIN item i ON c.item_id = i.item_id  WHERE  c.mem_id = ? AND c.delete_flg = ?     [10,0]
[SQL_LOG:2020-12-04 07:45:18]: SELECT SUM(i.price) * c.num AS totalPrice  FROM  cart c LEFT JOIN item i ON c.item_id = i.item_id  WHERE  c.mem_id = ? AND c.delete_flg = ?    [10,0]
[SQL_LOG:2020-12-04 07:45:18]: SELECT SUM(num) AS num  FROM  cart c  WHERE  c.mem_id = ? AND c.delete_flg = ?    [10,0]
[SQL_LOG:2020-12-04 07:45:19]: SELECT c.crt_id, c.num, i.item_id, i.item_name, i.price, i.image FROM  cart c LEFT JOIN item i ON c.item_id = i.item_id  WHERE  c.mem_id = ? AND c.delete_flg = ?     [10,0]
[SQL_LOG:2020-12-04 07:45:19]: SELECT SUM(i.price) * c.num AS totalPrice  FROM  cart c LEFT JOIN item i ON c.item_id = i.item_id  WHERE  c.mem_id = ? AND c.delete_flg = ?    [10,0]
[SQL_LOG:2020-12-04 07:45:19]: SELECT SUM(num) AS num  FROM  cart c  WHERE  c.mem_id = ? AND c.delete_flg = ?    [10,0]
[SQL_LOG:2020-12-04 07:46:14]: SELECT c.crt_id, c.num, i.item_id, i.item_name, i.price, i.image FROM  cart c LEFT JOIN item i ON c.item_id = i.item_id  WHERE  c.mem_id = ? AND c.delete_flg = ?     [10,0]
[SQL_LOG:2020-12-04 07:46:14]: SELECT SUM(i.price) * c.num AS totalPrice  FROM  cart c LEFT JOIN item i ON c.item_id = i.item_id  WHERE  c.mem_id = ? AND c.delete_flg = ?    [10,0]
[SQL_LOG:2020-12-04 07:46:14]: SELECT SUM(num) AS num  FROM  cart c  WHERE  c.mem_id = ? AND c.delete_flg = ?    [10,0]
[SQL_LOG:2020-12-04 07:46:15]: SELECT c.crt_id, c.num, i.item_id, i.item_name, i.price, i.image FROM  cart c LEFT JOIN item i ON c.item_id = i.item_id  WHERE  c.mem_id = ? AND c.delete_flg = ?     [10,0]
[SQL_LOG:2020-12-04 07:46:15]: SELECT SUM(i.price) * c.num AS totalPrice  FROM  cart c LEFT JOIN item i ON c.item_id = i.item_id  WHERE  c.mem_id = ? AND c.delete_flg = ?    [10,0]
[SQL_LOG:2020-12-04 07:46:15]: SELECT SUM(num) AS num  FROM  cart c  WHERE  c.mem_id = ? AND c.delete_flg = ?    [10,0]
[SQL_LOG:2020-12-04 07:47:14]: SELECT c.crt_id, c.num, i.item_id, i.item_name, i.price, i.image FROM  cart c LEFT JOIN item i ON c.item_id = i.item_id  WHERE  c.mem_id = ? AND c.delete_flg = ?     [10,0]
[SQL_LOG:2020-12-04 07:47:14]: SELECT SUM(i.price) * c.num AS totalPrice  FROM  cart c LEFT JOIN item i ON c.item_id = i.item_id  WHERE  c.mem_id = ? AND c.delete_flg = ?    [10,0]
[SQL_LOG:2020-12-04 07:47:14]: SELECT SUM(num) AS num  FROM  cart c  WHERE  c.mem_id = ? AND c.delete_flg = ?    [10,0]
[SQL_LOG:2020-12-04 07:47:25]: SELECT c.crt_id, c.num, i.item_id, i.item_name, i.price, i.image FROM  cart c LEFT JOIN item i ON c.item_id = i.item_id  WHERE  c.mem_id = ? AND c.delete_flg = ?     [10,0]
[SQL_LOG:2020-12-04 07:47:25]: SELECT SUM(i.price) * c.num AS totalPrice  FROM  cart c LEFT JOIN item i ON c.item_id = i.item_id  WHERE  c.mem_id = ? AND c.delete_flg = ?    [10,0]
[SQL_LOG:2020-12-04 07:47:25]: SELECT SUM(num) AS num  FROM  cart c  WHERE  c.mem_id = ? AND c.delete_flg = ?    [10,0]
[SQL_LOG:2020-12-04 07:47:26]: SELECT c.crt_id, c.num, i.item_id, i.item_name, i.price, i.image FROM  cart c LEFT JOIN item i ON c.item_id = i.item_id  WHERE  c.mem_id = ? AND c.delete_flg = ?     [10,0]
[SQL_LOG:2020-12-04 07:47:26]: SELECT SUM(i.price) * c.num AS totalPrice  FROM  cart c LEFT JOIN item i ON c.item_id = i.item_id  WHERE  c.mem_id = ? AND c.delete_flg = ?    [10,0]
[SQL_LOG:2020-12-04 07:47:26]: SELECT SUM(num) AS num  FROM  cart c  WHERE  c.mem_id = ? AND c.delete_flg = ?    [10,0]
[SQL_LOG:2020-12-04 07:47:26]: SELECT c.crt_id, c.num, i.item_id, i.item_name, i.price, i.image FROM  cart c LEFT JOIN item i ON c.item_id = i.item_id  WHERE  c.mem_id = ? AND c.delete_flg = ?     [10,0]
[SQL_LOG:2020-12-04 07:47:26]: SELECT SUM(i.price) * c.num AS totalPrice  FROM  cart c LEFT JOIN item i ON c.item_id = i.item_id  WHERE  c.mem_id = ? AND c.delete_flg = ?    [10,0]
[SQL_LOG:2020-12-04 07:47:26]: SELECT SUM(num) AS num  FROM  cart c  WHERE  c.mem_id = ? AND c.delete_flg = ?    [10,0]
[SQL_LOG:2020-12-04 07:47:27]: SELECT c.crt_id, c.num, i.item_id, i.item_name, i.price, i.image FROM  cart c LEFT JOIN item i ON c.item_id = i.item_id  WHERE  c.mem_id = ? AND c.delete_flg = ?     [10,0]
[SQL_LOG:2020-12-04 07:47:27]: SELECT SUM(i.price) * c.num AS totalPrice  FROM  cart c LEFT JOIN item i ON c.item_id = i.item_id  WHERE  c.mem_id = ? AND c.delete_flg = ?    [10,0]
[SQL_LOG:2020-12-04 07:47:27]: SELECT SUM(num) AS num  FROM  cart c  WHERE  c.mem_id = ? AND c.delete_flg = ?    [10,0]
[SQL_LOG:2020-12-04 07:47:27]: SELECT c.crt_id, c.num, i.item_id, i.item_name, i.price, i.image FROM  cart c LEFT JOIN item i ON c.item_id = i.item_id  WHERE  c.mem_id = ? AND c.delete_flg = ?     [10,0]
[SQL_LOG:2020-12-04 07:47:27]: SELECT SUM(i.price) * c.num AS totalPrice  FROM  cart c LEFT JOIN item i ON c.item_id = i.item_id  WHERE  c.mem_id = ? AND c.delete_flg = ?    [10,0]
[SQL_LOG:2020-12-04 07:47:27]: SELECT SUM(num) AS num  FROM  cart c  WHERE  c.mem_id = ? AND c.delete_flg = ?    [10,0]
[SQL_LOG:2020-12-04 07:47:28]: SELECT c.crt_id, c.num, i.item_id, i.item_name, i.price, i.image FROM  cart c LEFT JOIN item i ON c.item_id = i.item_id  WHERE  c.mem_id = ? AND c.delete_flg = ?     [10,0]
[SQL_LOG:2020-12-04 07:47:28]: SELECT SUM(i.price) * c.num AS totalPrice  FROM  cart c LEFT JOIN item i ON c.item_id = i.item_id  WHERE  c.mem_id = ? AND c.delete_flg = ?    [10,0]
[SQL_LOG:2020-12-04 07:47:28]: SELECT SUM(num) AS num  FROM  cart c  WHERE  c.mem_id = ? AND c.delete_flg = ?    [10,0]
[SQL_LOG:2020-12-04 07:47:28]: SELECT c.crt_id, c.num, i.item_id, i.item_name, i.price, i.image FROM  cart c LEFT JOIN item i ON c.item_id = i.item_id  WHERE  c.mem_id = ? AND c.delete_flg = ?     [10,0]
[SQL_LOG:2020-12-04 07:47:28]: SELECT SUM(i.price) * c.num AS totalPrice  FROM  cart c LEFT JOIN item i ON c.item_id = i.item_id  WHERE  c.mem_id = ? AND c.delete_flg = ?    [10,0]
[SQL_LOG:2020-12-04 07:47:28]: SELECT SUM(num) AS num  FROM  cart c  WHERE  c.mem_id = ? AND c.delete_flg = ?    [10,0]
[SQL_LOG:2020-12-04 07:47:29]: SELECT ctg_id, category_name  FROM  category     []
[SQL_LOG:2020-12-04 07:47:29]: SELECT item_id, item_name, price, image, ctg_id  FROM  item     []
[SQL_LOG:2020-12-04 07:47:30]: SELECT ctg_id, category_name  FROM  category     []
[SQL_LOG:2020-12-04 07:47:30]: SELECT item_id, item_name, price, image, ctg_id  FROM  item     []
[SQL_LOG:2020-12-04 07:47:30]: SELECT c.crt_id, c.num, i.item_id, i.item_name, i.price, i.image FROM  cart c LEFT JOIN item i ON c.item_id = i.item_id  WHERE  c.mem_id = ? AND c.delete_flg = ?     [10,0]
[SQL_LOG:2020-12-04 07:47:30]: SELECT SUM(i.price) * c.num AS totalPrice  FROM  cart c LEFT JOIN item i ON c.item_id = i.item_id  WHERE  c.mem_id = ? AND c.delete_flg = ?    [10,0]
[SQL_LOG:2020-12-04 07:47:30]: SELECT SUM(num) AS num  FROM  cart c  WHERE  c.mem_id = ? AND c.delete_flg = ?    [10,0]
[SQL_LOG:2020-12-04 07:47:31]: SELECT *  FROM  member  WHERE  mem_id = ?     [10]
[SQL_LOG:2020-12-04 07:49:01]: SELECT *  FROM  member  WHERE  mem_id = ?     [10]
[SQL_LOG:2020-12-04 07:49:02]: SELECT *  FROM  member  WHERE  mem_id = ?     [10]
[SQL_LOG:2020-12-04 07:49:11]: SELECT *  FROM  member  WHERE  mem_id = ?     [10]
[SQL_LOG:2020-12-04 07:49:13]: SELECT *  FROM  member  WHERE  mem_id = ?     [10]
[SQL_LOG:2020-12-04 07:49:13]: SELECT *  FROM  member  WHERE  mem_id = ?     [10]
[SQL_LOG:2020-12-04 07:49:13]: SELECT *  FROM  member  WHERE  mem_id = ?     [10]
[SQL_LOG:2020-12-04 07:50:58]: SELECT *  FROM  member  WHERE  mem_id = ?     [10]
[SQL_LOG:2020-12-04 07:50:59]: SELECT *  FROM  member  WHERE  mem_id = ?     [10]
[SQL_LOG:2020-12-04 07:51:07]: SELECT *  FROM  member  WHERE  mem_id = ?     [10]
[SQL_LOG:2020-12-04 07:51:08]: SELECT *  FROM  member  WHERE  mem_id = ?     [10]
[SQL_LOG:2020-12-04 07:51:09]: SELECT *  FROM  member  WHERE  mem_id = ?     [10]
[SQL_LOG:2020-12-04 07:51:09]: SELECT *  FROM  member  WHERE  mem_id = ?     [10]
[SQL_LOG:2020-12-04 07:51:09]: SELECT *  FROM  member  WHERE  mem_id = ?     [10]
[SQL_LOG:2020-12-04 07:51:09]: SELECT *  FROM  member  WHERE  mem_id = ?     [10]
[SQL_LOG:2020-12-04 07:52:13]: SELECT *  FROM  member  WHERE  mem_id = ?     [10]
[SQL_LOG:2020-12-04 07:52:14]: SELECT *  FROM  member  WHERE  mem_id = ?     [10]
[SQL_LOG:2020-12-04 07:52:14]: SELECT *  FROM  member  WHERE  mem_id = ?     [10]
[SQL_LOG:2020-12-04 07:52:18]: SELECT ctg_id, category_name  FROM  category     []
[SQL_LOG:2020-12-04 07:52:18]: SELECT item_id, item_name, price, image, ctg_id  FROM  item     []
[SQL_LOG:2020-12-04 07:55:05]: SELECT ctg_id, category_name  FROM  category     []
[SQL_LOG:2020-12-04 07:55:05]: SELECT item_id, item_name, price, image, ctg_id  FROM  item     []
[SQL_LOG:2020-12-04 07:55:25]: SELECT ctg_id, category_name  FROM  category     []
[SQL_LOG:2020-12-04 07:55:25]: SELECT item_id, item_name, price, image, ctg_id  FROM  item     []
[SQL_LOG:2020-12-04 07:55:27]: SELECT ctg_id, category_name  FROM  category     []
[SQL_LOG:2020-12-04 07:55:27]: SELECT item_id, item_name, price, image, ctg_id  FROM  item     []
[SQL_LOG:2020-12-04 07:55:58]: SELECT ctg_id, category_name  FROM  category     []
[SQL_LOG:2020-12-04 07:55:58]: SELECT item_id, item_name, price, image, ctg_id  FROM  item     []
[SQL_LOG:2020-12-04 07:55:59]: SELECT ctg_id, category_name  FROM  category     []
[SQL_LOG:2020-12-04 07:55:59]: SELECT item_id, item_name, price, image, ctg_id  FROM  item     []
[SQL_LOG:2020-12-04 07:56:08]: SELECT ctg_id, category_name  FROM  category     []
[SQL_LOG:2020-12-04 07:56:08]: SELECT item_id, item_name, price, image, ctg_id  FROM  item     []
[SQL_LOG:2020-12-04 07:56:14]: SELECT ctg_id, category_name  FROM  category     []
[SQL_LOG:2020-12-04 07:56:14]: SELECT item_id, item_name, price, image, ctg_id  FROM  item     []
[SQL_LOG:2020-12-04 07:56:25]: SELECT ctg_id, category_name  FROM  category     []
[SQL_LOG:2020-12-04 07:56:25]: SELECT item_id, item_name, price, image, ctg_id  FROM  item     []
[SQL_LOG:2020-12-04 07:56:47]: SELECT ctg_id, category_name  FROM  category     []
[SQL_LOG:2020-12-04 07:56:47]: SELECT item_id, item_name, price, image, ctg_id  FROM  item     []
[SQL_LOG:2020-12-04 07:57:07]: SELECT ctg_id, category_name  FROM  category     []
[SQL_LOG:2020-12-04 07:57:07]: SELECT item_id, item_name, price, image, ctg_id  FROM  item     []
[SQL_LOG:2020-12-04 07:57:08]: SELECT ctg_id, category_name  FROM  category     []
[SQL_LOG:2020-12-04 07:57:08]: SELECT item_id, item_name, price, image, ctg_id  FROM  item     []
[SQL_LOG:2020-12-04 07:57:11]: SELECT c.crt_id, c.num, i.item_id, i.item_name, i.price, i.image FROM  cart c LEFT JOIN item i ON c.item_id = i.item_id  WHERE  c.mem_id = ? AND c.delete_flg = ?     [10,0]
[SQL_LOG:2020-12-04 07:57:11]: SELECT SUM(i.price) * c.num AS totalPrice  FROM  cart c LEFT JOIN item i ON c.item_id = i.item_id  WHERE  c.mem_id = ? AND c.delete_flg = ?    [10,0]
[SQL_LOG:2020-12-04 07:57:11]: SELECT SUM(num) AS num  FROM  cart c  WHERE  c.mem_id = ? AND c.delete_flg = ?    [10,0]
[SQL_LOG:2020-12-04 07:57:11]: SELECT *  FROM  member  WHERE  mem_id = ?     [10]
[SQL_LOG:2020-12-04 07:57:13]: SELECT ctg_id, category_name  FROM  category     []
[SQL_LOG:2020-12-04 07:57:13]: SELECT item_id, item_name, price, image, ctg_id  FROM  item     []
[SQL_LOG:2020-12-04 07:57:13]: SELECT ctg_id, category_name  FROM  category     []
[SQL_LOG:2020-12-04 07:57:13]: SELECT item_id, item_name, price, image, ctg_id  FROM  item     []
[SQL_LOG:2020-12-04 07:57:14]: SELECT ctg_id, category_name  FROM  category     []
[SQL_LOG:2020-12-04 07:57:14]: SELECT item_id, item_name, price, image, ctg_id  FROM  item     []
[SQL_LOG:2020-12-04 07:57:14]: SELECT ctg_id, category_name  FROM  category     []
[SQL_LOG:2020-12-04 07:57:14]: SELECT item_id, item_name, price, image, ctg_id  FROM  item     []
[SQL_LOG:2020-12-04 07:57:51]: SELECT *  FROM  member  WHERE  mem_id = ?     [10]
[SQL_LOG:2020-12-04 08:01:18]: SELECT c.crt_id, c.num, i.item_id, i.item_name, i.price, i.image FROM  cart c LEFT JOIN item i ON c.item_id = i.item_id  WHERE  c.mem_id = ? AND c.delete_flg = ?     [10,0]
[SQL_LOG:2020-12-04 08:01:18]: SELECT SUM(i.price) * c.num AS totalPrice  FROM  cart c LEFT JOIN item i ON c.item_id = i.item_id  WHERE  c.mem_id = ? AND c.delete_flg = ?    [10,0]
[SQL_LOG:2020-12-04 08:01:18]: SELECT SUM(num) AS num  FROM  cart c  WHERE  c.mem_id = ? AND c.delete_flg = ?    [10,0]
[SQL_LOG:2020-12-04 08:01:25]: SELECT c.crt_id, c.num, i.item_id, i.item_name, i.price, i.image FROM  cart c LEFT JOIN item i ON c.item_id = i.item_id  WHERE  c.mem_id = ? AND c.delete_flg = ?     [10,0]
[SQL_LOG:2020-12-04 08:01:25]: SELECT SUM(i.price) * c.num AS totalPrice  FROM  cart c LEFT JOIN item i ON c.item_id = i.item_id  WHERE  c.mem_id = ? AND c.delete_flg = ?    [10,0]
[SQL_LOG:2020-12-04 08:01:25]: SELECT SUM(num) AS num  FROM  cart c  WHERE  c.mem_id = ? AND c.delete_flg = ?    [10,0]
[SQL_LOG:2020-12-04 08:01:27]: SELECT c.crt_id, c.num, i.item_id, i.item_name, i.price, i.image FROM  cart c LEFT JOIN item i ON c.item_id = i.item_id  WHERE  c.mem_id = ? AND c.delete_flg = ?     [10,0]
[SQL_LOG:2020-12-04 08:01:27]: SELECT SUM(i.price) * c.num AS totalPrice  FROM  cart c LEFT JOIN item i ON c.item_id = i.item_id  WHERE  c.mem_id = ? AND c.delete_flg = ?    [10,0]
[SQL_LOG:2020-12-04 08:01:27]: SELECT SUM(num) AS num  FROM  cart c  WHERE  c.mem_id = ? AND c.delete_flg = ?    [10,0]
[SQL_LOG:2020-12-04 08:01:27]: SELECT ctg_id, category_name  FROM  category     []
[SQL_LOG:2020-12-04 08:01:27]: SELECT item_id, item_name, price, image, ctg_id  FROM  item     []
[SQL_LOG:2020-12-04 08:01:57]: SELECT ctg_id, category_name  FROM  category     []
[SQL_LOG:2020-12-04 08:01:57]: SELECT item_id, item_name, detail, price, image, ctg_id FROM  item  WHERE  item_id = ?     [1]
[SQL_LOG:2020-12-04 08:01:57]: SELECT COUNT(*) AS NUM  FROM  likes  WHERE  item_id = ?     [1]
[SQL_LOG:2020-12-04 08:01:57]: SELECT *  FROM  likes  WHERE  item_id = ? AND mem_id = ?     [1,10]
[SQL_LOG:2020-12-04 08:02:07]: SELECT c.crt_id, c.num, i.item_id, i.item_name, i.price, i.image FROM  cart c LEFT JOIN item i ON c.item_id = i.item_id  WHERE  c.mem_id = ? AND c.delete_flg = ?     [10,0]
[SQL_LOG:2020-12-04 08:02:07]: SELECT SUM(i.price) * c.num AS totalPrice  FROM  cart c LEFT JOIN item i ON c.item_id = i.item_id  WHERE  c.mem_id = ? AND c.delete_flg = ?    [10,0]
[SQL_LOG:2020-12-04 08:02:07]: SELECT SUM(num) AS num  FROM  cart c  WHERE  c.mem_id = ? AND c.delete_flg = ?    [10,0]
[SQL_LOG:2020-12-04 08:02:08]: SELECT *  FROM  member  WHERE  mem_id = ?     [10]
[SQL_LOG:2020-12-04 08:02:09]: SELECT ctg_id, category_name  FROM  category     []
[SQL_LOG:2020-12-04 08:02:09]: SELECT item_id, item_name, price, image, ctg_id  FROM  item     []
[SQL_LOG:2020-12-04 08:02:10]: SELECT ctg_id, category_name  FROM  category     []
[SQL_LOG:2020-12-04 08:02:10]: SELECT item_id, item_name, price, image, ctg_id  FROM  item     []
[SQL_LOG:2020-12-04 08:02:12]: SELECT ctg_id, category_name  FROM  category     []
[SQL_LOG:2020-12-04 08:02:12]: SELECT item_id, item_name, price, image, ctg_id  FROM  item     []
[SQL_LOG:2020-12-04 08:02:13]: SELECT ctg_id, category_name  FROM  category     []
[SQL_LOG:2020-12-04 08:02:13]: SELECT item_id, item_name, price, image, ctg_id  FROM  item     []
[SQL_LOG:2020-12-04 08:02:14]: SELECT ctg_id, category_name  FROM  category     []
[SQL_LOG:2020-12-04 08:02:14]: SELECT item_id, item_name, detail, price, image, ctg_id FROM  item  WHERE  item_id = ?     [1]
[SQL_LOG:2020-12-04 08:02:14]: SELECT COUNT(*) AS NUM  FROM  likes  WHERE  item_id = ?     [1]
[SQL_LOG:2020-12-04 08:02:14]: SELECT *  FROM  likes  WHERE  item_id = ? AND mem_id = ?     [1,10]
[SQL_LOG:2020-12-04 08:03:06]: SELECT ctg_id, category_name  FROM  category     []
[SQL_LOG:2020-12-04 08:03:06]: SELECT item_id, item_name, detail, price, image, ctg_id FROM  item  WHERE  item_id = ?     [1]
[SQL_LOG:2020-12-04 08:03:06]: SELECT COUNT(*) AS NUM  FROM  likes  WHERE  item_id = ?     [1]
[SQL_LOG:2020-12-04 08:03:06]: SELECT *  FROM  likes  WHERE  item_id = ? AND mem_id = ?     [1,10]
[SQL_LOG:2020-12-04 08:03:09]: SELECT ctg_id, category_name  FROM  category     []
[SQL_LOG:2020-12-04 08:03:09]: SELECT item_id, item_name, detail, price, image, ctg_id FROM  item  WHERE  item_id = ?     [1]
[SQL_LOG:2020-12-04 08:03:09]: SELECT COUNT(*) AS NUM  FROM  likes  WHERE  item_id = ?     [1]
[SQL_LOG:2020-12-04 08:03:09]: SELECT *  FROM  likes  WHERE  item_id = ? AND mem_id = ?     [1,10]
[SQL_LOG:2020-12-04 08:03:18]: SELECT ctg_id, category_name  FROM  category     []
[SQL_LOG:2020-12-04 08:03:18]: SELECT item_id, item_name, price, image, ctg_id  FROM  item     []
[SQL_LOG:2020-12-04 08:03:20]: SELECT ctg_id, category_name  FROM  category     []
[SQL_LOG:2020-12-04 08:03:20]: SELECT item_id, item_name, detail, price, image, ctg_id FROM  item  WHERE  item_id = ?     [1]
[SQL_LOG:2020-12-04 08:03:20]: SELECT COUNT(*) AS NUM  FROM  likes  WHERE  item_id = ?     [1]
[SQL_LOG:2020-12-04 08:03:20]: SELECT *  FROM  likes  WHERE  item_id = ? AND mem_id = ?     [1,10]
[SQL_LOG:2020-12-04 08:03:21]: SELECT ctg_id, category_name  FROM  category     []
[SQL_LOG:2020-12-04 08:03:21]: SELECT item_id, item_name, detail, price, image, ctg_id FROM  item  WHERE  item_id = ?     [1]
[SQL_LOG:2020-12-04 08:03:21]: SELECT COUNT(*) AS NUM  FROM  likes  WHERE  item_id = ?     [1]
[SQL_LOG:2020-12-04 08:03:21]: SELECT *  FROM  likes  WHERE  item_id = ? AND mem_id = ?     [1,10]
[SQL_LOG:2020-12-04 08:03:24]: SELECT c.crt_id, c.num, i.item_id, i.item_name, i.price, i.image FROM  cart c LEFT JOIN item i ON c.item_id = i.item_id  WHERE  c.mem_id = ? AND c.delete_flg = ?     [10,0]
[SQL_LOG:2020-12-04 08:03:24]: SELECT SUM(i.price) * c.num AS totalPrice  FROM  cart c LEFT JOIN item i ON c.item_id = i.item_id  WHERE  c.mem_id = ? AND c.delete_flg = ?    [10,0]
[SQL_LOG:2020-12-04 08:03:24]: SELECT SUM(num) AS num  FROM  cart c  WHERE  c.mem_id = ? AND c.delete_flg = ?    [10,0]
[SQL_LOG:2020-12-04 08:03:24]: SELECT *  FROM  member  WHERE  mem_id = ?     [10]
[SQL_LOG:2020-12-04 08:03:26]: SELECT ctg_id, category_name  FROM  category     []
[SQL_LOG:2020-12-04 08:03:26]: SELECT item_id, item_name, price, image, ctg_id  FROM  item     []
[SQL_LOG:2020-12-04 08:04:24]: SELECT *  FROM  member  WHERE  mem_id = ?     [10]
[SQL_LOG:2020-12-04 08:04:25]: SELECT *  FROM  member  WHERE  mem_id = ?     [10]
[SQL_LOG:2020-12-04 08:04:26]: SELECT c.crt_id, c.num, i.item_id, i.item_name, i.price, i.image FROM  cart c LEFT JOIN item i ON c.item_id = i.item_id  WHERE  c.mem_id = ? AND c.delete_flg = ?     [10,0]
[SQL_LOG:2020-12-04 08:04:26]: SELECT SUM(i.price) * c.num AS totalPrice  FROM  cart c LEFT JOIN item i ON c.item_id = i.item_id  WHERE  c.mem_id = ? AND c.delete_flg = ?    [10,0]
[SQL_LOG:2020-12-04 08:04:26]: SELECT SUM(num) AS num  FROM  cart c  WHERE  c.mem_id = ? AND c.delete_flg = ?    [10,0]
[SQL_LOG:2020-12-04 08:04:28]: SELECT ctg_id, category_name  FROM  category     []
[SQL_LOG:2020-12-04 08:04:28]: SELECT item_id, item_name, price, image, ctg_id  FROM  item     []
[SQL_LOG:2020-12-04 08:04:28]: SELECT ctg_id, category_name  FROM  category     []
[SQL_LOG:2020-12-04 08:04:28]: SELECT item_id, item_name, price, image, ctg_id  FROM  item     []
[SQL_LOG:2020-12-04 08:04:29]: SELECT ctg_id, category_name  FROM  category     []
[SQL_LOG:2020-12-04 08:04:29]: SELECT item_id, item_name, price, image, ctg_id  FROM  item     []
[SQL_LOG:2020-12-04 08:04:39]: SELECT ctg_id, category_name  FROM  category     []
[SQL_LOG:2020-12-04 08:04:39]: SELECT item_id, item_name, price, image, ctg_id  FROM  item     []
[SQL_LOG:2020-12-04 08:04:39]: SELECT ctg_id, category_name  FROM  category     []
[SQL_LOG:2020-12-04 08:04:39]: SELECT item_id, item_name, price, image, ctg_id  FROM  item     []
[SQL_LOG:2020-12-04 08:04:40]: SELECT ctg_id, category_name  FROM  category     []
[SQL_LOG:2020-12-04 08:04:40]: SELECT item_id, item_name, price, image, ctg_id  FROM  item     []
[SQL_LOG:2020-12-04 08:04:40]: SELECT ctg_id, category_name  FROM  category     []
[SQL_LOG:2020-12-04 08:04:40]: SELECT item_id, item_name, price, image, ctg_id  FROM  item     []
[SQL_LOG:2020-12-04 08:04:41]: SELECT *  FROM  member  WHERE  mem_id = ?     [10]
[SQL_LOG:2020-12-04 08:04:42]: SELECT *  FROM  member  WHERE  mem_id = ?     [10]
[SQL_LOG:2020-12-04 08:04:43]: SELECT c.crt_id, c.num, i.item_id, i.item_name, i.price, i.image FROM  cart c LEFT JOIN item i ON c.item_id = i.item_id  WHERE  c.mem_id = ? AND c.delete_flg = ?     [10,0]
[SQL_LOG:2020-12-04 08:04:43]: SELECT SUM(i.price) * c.num AS totalPrice  FROM  cart c LEFT JOIN item i ON c.item_id = i.item_id  WHERE  c.mem_id = ? AND c.delete_flg = ?    [10,0]
[SQL_LOG:2020-12-04 08:04:43]: SELECT SUM(num) AS num  FROM  cart c  WHERE  c.mem_id = ? AND c.delete_flg = ?    [10,0]
[SQL_LOG:2020-12-04 08:04:44]: SELECT c.crt_id, c.num, i.item_id, i.item_name, i.price, i.image FROM  cart c LEFT JOIN item i ON c.item_id = i.item_id  WHERE  c.mem_id = ? AND c.delete_flg = ?     [10,0]
[SQL_LOG:2020-12-04 08:04:44]: SELECT SUM(i.price) * c.num AS totalPrice  FROM  cart c LEFT JOIN item i ON c.item_id = i.item_id  WHERE  c.mem_id = ? AND c.delete_flg = ?    [10,0]
[SQL_LOG:2020-12-04 08:04:44]: SELECT SUM(num) AS num  FROM  cart c  WHERE  c.mem_id = ? AND c.delete_flg = ?    [10,0]
[SQL_LOG:2020-12-04 08:04:45]: SELECT *  FROM  member  WHERE  mem_id = ?     [10]
[SQL_LOG:2020-12-04 08:06:22]: SELECT *  FROM  member  WHERE  mem_id = ?     [10]
[SQL_LOG:2020-12-04 08:06:35]: SELECT *  FROM  member  WHERE  mem_id = ?     [10]
[SQL_LOG:2020-12-04 08:08:39]: SELECT *  FROM  member  WHERE  mem_id = ?     [10]
[SQL_LOG:2020-12-04 08:08:39]: SELECT *  FROM  member  WHERE  mem_id = ?     [10]
[SQL_LOG:2020-12-04 08:08:46]: SELECT *  FROM  member  WHERE  mem_id = ?     [10]
[SQL_LOG:2020-12-04 08:08:47]: SELECT *  FROM  member  WHERE  mem_id = ?     [10]
[SQL_LOG:2020-12-04 08:08:47]: SELECT *  FROM  member  WHERE  mem_id = ?     [10]
[SQL_LOG:2020-12-04 08:08:47]: SELECT *  FROM  member  WHERE  mem_id = ?     [10]
[SQL_LOG:2020-12-04 08:08:47]: SELECT *  FROM  member  WHERE  mem_id = ?     [10]
[SQL_LOG:2020-12-04 08:08:57]: SELECT *  FROM  member  WHERE  mem_id = ?     [10]
[SQL_LOG:2020-12-04 08:20:37]: SELECT *  FROM  member  WHERE  mem_id = ?     [10]
[SQL_LOG:2020-12-04 08:21:00]: SELECT *  FROM  member  WHERE  mem_id = ?     [10]
[SQL_LOG:2020-12-04 08:21:58]: SELECT *  FROM  member  WHERE  mem_id = ?     [10]
[SQL_LOG:2020-12-04 08:22:20]: SELECT *  FROM  member  WHERE  mem_id = ?     [10]
[SQL_LOG:2020-12-04 08:22:21]: SELECT *  FROM  member  WHERE  mem_id = ?     [10]
[SQL_LOG:2020-12-04 08:22:22]: SELECT *  FROM  member  WHERE  mem_id = ?     [10]
[SQL_LOG:2020-12-04 08:22:39]: SELECT *  FROM  member  WHERE  mem_id = ?     [10]
[SQL_LOG:2020-12-04 08:22:42]: SELECT ctg_id, category_name  FROM  category     []
[SQL_LOG:2020-12-04 08:22:42]: SELECT item_id, item_name, price, image, ctg_id  FROM  item     []
[SQL_LOG:2020-12-04 08:22:43]: SELECT *  FROM  member  WHERE  mem_id = ?     [10]
[SQL_LOG:2020-12-04 08:23:06]: SELECT *  FROM  member  WHERE  mem_id = ?     [10]
[SQL_LOG:2020-12-04 08:23:16]: SELECT *  FROM  member  WHERE  mem_id = ?     [10]
[SQL_LOG:2020-12-04 08:23:25]: SELECT *  FROM  member  WHERE  mem_id = ?     [10]
[SQL_LOG:2020-12-04 08:23:25]: SELECT *  FROM  member  WHERE  mem_id = ?     [10]
[SQL_LOG:2020-12-04 08:23:26]: SELECT *  FROM  member  WHERE  mem_id = ?     [10]
[SQL_LOG:2020-12-04 08:23:26]: SELECT *  FROM  member  WHERE  mem_id = ?     [10]
[SQL_LOG:2020-12-04 08:23:26]: SELECT *  FROM  member  WHERE  mem_id = ?     [10]
[SQL_LOG:2020-12-04 08:25:50]: SELECT *  FROM  member  WHERE  mem_id = ?     [10]
[SQL_LOG:2020-12-04 08:25:52]: SELECT *  FROM  member  WHERE  mem_id = ?     [10]
[SQL_LOG:2020-12-04 08:25:54]: SELECT ctg_id, category_name  FROM  category     []
[SQL_LOG:2020-12-04 08:25:54]: SELECT item_id, item_name, price, image, ctg_id  FROM  item     []
[SQL_LOG:2020-12-04 08:26:00]: SELECT ctg_id, category_name  FROM  category     []
[SQL_LOG:2020-12-04 08:26:00]: SELECT item_id, item_name, price, image, ctg_id  FROM  item     []
[SQL_LOG:2020-12-04 08:26:28]: SELECT ctg_id, category_name  FROM  category     []
[SQL_LOG:2020-12-04 08:26:28]: SELECT item_id, item_name, price, image, ctg_id  FROM  item     []
[SQL_LOG:2020-12-04 08:26:57]: SELECT ctg_id, category_name  FROM  category     []
[SQL_LOG:2020-12-04 08:26:57]: SELECT item_id, item_name, price, image, ctg_id  FROM  item     []
[SQL_LOG:2020-12-04 08:26:59]: SELECT ctg_id, category_name  FROM  category     []
[SQL_LOG:2020-12-04 08:26:59]: SELECT item_id, item_name, price, image, ctg_id  FROM  item     []
[SQL_LOG:2020-12-04 08:27:09]: SELECT ctg_id, category_name  FROM  category     []
[SQL_LOG:2020-12-04 08:27:09]: SELECT item_id, item_name, price, image, ctg_id  FROM  item     []
[SQL_LOG:2020-12-04 08:27:21]: SELECT ctg_id, category_name  FROM  category     []
[SQL_LOG:2020-12-04 08:27:21]: SELECT item_id, item_name, price, image, ctg_id  FROM  item     []
[SQL_LOG:2020-12-04 08:27:32]: SELECT ctg_id, category_name  FROM  category     []
[SQL_LOG:2020-12-04 08:27:32]: SELECT item_id, item_name, price, image, ctg_id  FROM  item     []
[SQL_LOG:2020-12-04 08:27:45]: SELECT *  FROM  member  WHERE  email = ?     [tttvvvaken@gmail.com]
[SQL_LOG:2020-12-04 08:27:45]: SELECT session_key  FROM  loginsession  WHERE  mem_id = ?     [7]
[SQL_LOG:2020-12-04 08:27:45]: SELECT ctg_id, category_name  FROM  category     []
[SQL_LOG:2020-12-04 08:27:45]: SELECT item_id, item_name, price, image, ctg_id  FROM  item     []
[SQL_LOG:2020-12-04 08:28:17]: SELECT ctg_id, category_name  FROM  category     []
[SQL_LOG:2020-12-04 08:28:17]: SELECT item_id, item_name, price, image, ctg_id  FROM  item     []
[SQL_LOG:2020-12-04 08:28:17]: SELECT ctg_id, category_name  FROM  category     []
[SQL_LOG:2020-12-04 08:28:17]: SELECT item_id, item_name, price, image, ctg_id  FROM  item     []
[SQL_LOG:2020-12-04 08:28:18]: SELECT ctg_id, category_name  FROM  category     []
[SQL_LOG:2020-12-04 08:28:18]: SELECT item_id, item_name, price, image, ctg_id  FROM  item     []
[SQL_LOG:2020-12-04 08:28:30]: SELECT ctg_id, category_name  FROM  category     []
[SQL_LOG:2020-12-04 08:28:30]: SELECT item_id, item_name, price, image, ctg_id  FROM  item     []
[SQL_LOG:2020-12-04 08:28:32]: SELECT *  FROM  member  WHERE  mem_id = ?     [7]
[SQL_LOG:2020-12-04 08:28:33]: SELECT *  FROM  member  WHERE  mem_id = ?     [7]
[SQL_LOG:2020-12-04 08:28:34]: SELECT *  FROM  member  WHERE  mem_id = ?     [7]
[SQL_LOG:2020-12-04 08:28:35]: SELECT ctg_id, category_name  FROM  category     []
[SQL_LOG:2020-12-04 08:28:35]: SELECT item_id, item_name, price, image, ctg_id  FROM  item     []
[SQL_LOG:2020-12-04 08:28:39]: SELECT *  FROM  member  WHERE  mem_id = ?     [7]
[SQL_LOG:2020-12-04 08:28:45]: SELECT ctg_id, category_name  FROM  category     []
[SQL_LOG:2020-12-04 08:28:45]: SELECT item_id, item_name, price, image, ctg_id  FROM  item     []
[SQL_LOG:2020-12-04 08:29:50]: SELECT ctg_id, category_name  FROM  category     []
[SQL_LOG:2020-12-04 08:29:50]: SELECT item_id, item_name, price, image, ctg_id  FROM  item     []
[SQL_LOG:2020-12-04 08:29:52]: SELECT ctg_id, category_name  FROM  category     []
[SQL_LOG:2020-12-04 08:29:52]: SELECT item_id, item_name, price, image, ctg_id  FROM  item     []
[SQL_LOG:2020-12-04 08:30:02]: SELECT ctg_id, category_name  FROM  category     []
[SQL_LOG:2020-12-04 08:30:02]: SELECT item_id, item_name, price, image, ctg_id  FROM  item     []
[SQL_LOG:2020-12-04 08:30:03]: SELECT ctg_id, category_name  FROM  category     []
[SQL_LOG:2020-12-04 08:30:03]: SELECT item_id, item_name, price, image, ctg_id  FROM  item     []
[SQL_LOG:2020-12-04 08:31:47]: SELECT ctg_id, category_name  FROM  category     []
[SQL_LOG:2020-12-04 08:31:47]: SELECT item_id, item_name, price, image, ctg_id  FROM  item     []
[SQL_LOG:2020-12-04 08:31:48]: SELECT ctg_id, category_name  FROM  category     []
[SQL_LOG:2020-12-04 08:31:48]: SELECT item_id, item_name, price, image, ctg_id  FROM  item     []
[SQL_LOG:2020-12-04 08:31:51]: SELECT ctg_id, category_name  FROM  category     []
[SQL_LOG:2020-12-04 08:31:51]: SELECT item_id, item_name, price, image, ctg_id  FROM  item     []
[SQL_LOG:2020-12-04 08:31:56]: SELECT ctg_id, category_name  FROM  category     []
[SQL_LOG:2020-12-04 08:31:56]: SELECT item_id, item_name, price, image, ctg_id  FROM  item     []
[SQL_LOG:2020-12-04 08:31:57]: SELECT ctg_id, category_name  FROM  category     []
[SQL_LOG:2020-12-04 08:31:57]: SELECT item_id, item_name, price, image, ctg_id  FROM  item     []
[SQL_LOG:2020-12-04 08:31:58]: SELECT ctg_id, category_name  FROM  category     []
[SQL_LOG:2020-12-04 08:31:58]: SELECT item_id, item_name, price, image, ctg_id  FROM  item     []
[SQL_LOG:2020-12-04 08:33:08]: SELECT ctg_id, category_name  FROM  category     []
[SQL_LOG:2020-12-04 08:33:08]: SELECT item_id, item_name, price, image, ctg_id  FROM  item     []
[SQL_LOG:2020-12-04 08:33:11]: SELECT ctg_id, category_name  FROM  category     []
[SQL_LOG:2020-12-04 08:33:11]: SELECT item_id, item_name, price, image, ctg_id  FROM  item     []
[SQL_LOG:2020-12-04 08:33:30]: SELECT ctg_id, category_name  FROM  category     []
[SQL_LOG:2020-12-04 08:33:30]: SELECT item_id, item_name, price, image, ctg_id  FROM  item     []
[SQL_LOG:2020-12-04 08:33:32]: SELECT ctg_id, category_name  FROM  category     []
[SQL_LOG:2020-12-04 08:33:32]: SELECT item_id, item_name, price, image, ctg_id  FROM  item     []
[SQL_LOG:2020-12-04 08:33:33]: SELECT ctg_id, category_name  FROM  category     []
[SQL_LOG:2020-12-04 08:33:33]: SELECT item_id, item_name, price, image, ctg_id  FROM  item     []
[SQL_LOG:2020-12-04 08:35:21]: SELECT *  FROM  member  WHERE  email = ?     [tttvvvaken@gmail.com]
[SQL_LOG:2020-12-04 08:35:21]: SELECT session_key  FROM  loginsession  WHERE  mem_id = ?     [7]
[SQL_LOG:2020-12-04 08:35:21]: SELECT ctg_id, category_name  FROM  category     []
[SQL_LOG:2020-12-04 08:35:21]: SELECT item_id, item_name, price, image, ctg_id  FROM  item     []
[SQL_LOG:2020-12-04 08:36:15]: SELECT ctg_id, category_name  FROM  category     []
[SQL_LOG:2020-12-04 08:36:15]: SELECT item_id, item_name, price, image, ctg_id  FROM  item     []
[SQL_LOG:2020-12-04 08:37:27]: SELECT ctg_id, category_name  FROM  category     []
[SQL_LOG:2020-12-04 08:37:27]: SELECT item_id, item_name, price, image, ctg_id  FROM  item     []
[SQL_LOG:2020-12-04 08:37:35]: SELECT ctg_id, category_name  FROM  category     []
[SQL_LOG:2020-12-04 08:37:35]: SELECT item_id, item_name, price, image, ctg_id  FROM  item     []
[SQL_LOG:2020-12-04 08:38:33]: SELECT ctg_id, category_name  FROM  category     []
[SQL_LOG:2020-12-04 08:38:33]: SELECT item_id, item_name, price, image, ctg_id  FROM  item     []
[SQL_LOG:2020-12-04 08:39:19]: SELECT ctg_id, category_name  FROM  category     []
[SQL_LOG:2020-12-04 08:39:19]: SELECT item_id, item_name, price, image, ctg_id  FROM  item     []
[SQL_LOG:2020-12-04 08:39:25]: SELECT ctg_id, category_name  FROM  category     []
[SQL_LOG:2020-12-04 08:39:25]: SELECT item_id, item_name, price, image, ctg_id  FROM  item     []
[SQL_LOG:2020-12-04 08:39:44]: SELECT ctg_id, category_name  FROM  category     []
[SQL_LOG:2020-12-04 08:39:44]: SELECT item_id, item_name, price, image, ctg_id  FROM  item     []
[SQL_LOG:2020-12-04 08:39:56]: SELECT ctg_id, category_name  FROM  category     []
[SQL_LOG:2020-12-04 08:39:56]: SELECT item_id, item_name, price, image, ctg_id  FROM  item     []
[SQL_LOG:2020-12-04 08:40:03]: SELECT ctg_id, category_name  FROM  category     []
[SQL_LOG:2020-12-04 08:40:03]: SELECT item_id, item_name, price, image, ctg_id  FROM  item     []
[SQL_LOG:2020-12-04 08:40:17]: SELECT ctg_id, category_name  FROM  category     []
[SQL_LOG:2020-12-04 08:40:17]: SELECT item_id, item_name, price, image, ctg_id  FROM  item     []
[SQL_LOG:2020-12-04 08:40:24]: SELECT ctg_id, category_name  FROM  category     []
[SQL_LOG:2020-12-04 08:40:24]: SELECT item_id, item_name, price, image, ctg_id  FROM  item     []
[SQL_LOG:2020-12-04 08:40:47]: SELECT ctg_id, category_name  FROM  category     []
[SQL_LOG:2020-12-04 08:40:47]: SELECT item_id, item_name, price, image, ctg_id  FROM  item     []
[SQL_LOG:2020-12-04 08:40:49]: SELECT ctg_id, category_name  FROM  category     []
[SQL_LOG:2020-12-04 08:40:49]: SELECT item_id, item_name, price, image, ctg_id  FROM  item     []
[SQL_LOG:2020-12-04 08:40:55]: SELECT ctg_id, category_name  FROM  category     []
[SQL_LOG:2020-12-04 08:40:55]: SELECT item_id, item_name, price, image, ctg_id  FROM  item     []
[SQL_LOG:2020-12-04 08:41:15]: SELECT ctg_id, category_name  FROM  category     []
[SQL_LOG:2020-12-04 08:41:15]: SELECT item_id, item_name, price, image, ctg_id  FROM  item     []
[SQL_LOG:2020-12-04 08:41:17]: SELECT ctg_id, category_name  FROM  category     []
[SQL_LOG:2020-12-04 08:41:17]: SELECT item_id, item_name, price, image, ctg_id  FROM  item     []
[SQL_LOG:2020-12-04 08:41:32]: SELECT c.crt_id, c.num, i.item_id, i.item_name, i.price, i.image FROM  cart c LEFT JOIN item i ON c.item_id = i.item_id  WHERE  c.mem_id = ? AND c.delete_flg = ?     [7,0]
[SQL_LOG:2020-12-04 08:41:32]: SELECT SUM(i.price) * c.num AS totalPrice  FROM  cart c LEFT JOIN item i ON c.item_id = i.item_id  WHERE  c.mem_id = ? AND c.delete_flg = ?    [7,0]
[SQL_LOG:2020-12-04 08:41:32]: SELECT SUM(num) AS num  FROM  cart c  WHERE  c.mem_id = ? AND c.delete_flg = ?    [7,0]
[SQL_LOG:2020-12-04 08:41:33]: SELECT *  FROM  member  WHERE  mem_id = ?     [7]
[SQL_LOG:2020-12-04 08:41:36]: SELECT ctg_id, category_name  FROM  category     []
[SQL_LOG:2020-12-04 08:41:36]: SELECT item_id, item_name, price, image, ctg_id  FROM  item     []
[SQL_LOG:2020-12-04 08:41:37]: SELECT ctg_id, category_name  FROM  category     []
[SQL_LOG:2020-12-04 08:41:37]: SELECT item_id, item_name, price, image, ctg_id  FROM  item     []
[SQL_LOG:2020-12-04 08:41:38]: SELECT ctg_id, category_name  FROM  category     []
[SQL_LOG:2020-12-04 08:41:38]: SELECT item_id, item_name, price, image, ctg_id  FROM  item     []
[SQL_LOG:2020-12-04 08:50:18]: SELECT ctg_id, category_name  FROM  category     []
[SQL_LOG:2020-12-04 08:50:18]: SELECT item_id, item_name, price, image, ctg_id  FROM  item     []
[SQL_LOG:2020-12-04 08:55:24]: SELECT *  FROM  member  WHERE  mem_id = ?     [7]
[SQL_LOG:2020-12-04 08:55:27]: SELECT ctg_id, category_name  FROM  category     []
[SQL_LOG:2020-12-04 08:55:27]: SELECT item_id, item_name, price, image, ctg_id  FROM  item     []
[SQL_LOG:2020-12-04 09:05:41]: SELECT ctg_id, category_name  FROM  category     []
[SQL_LOG:2020-12-04 09:05:41]: SELECT item_id, item_name, price, image, ctg_id  FROM  item     []
[SQL_LOG:2020-12-04 09:08:57]: SELECT ctg_id, category_name  FROM  category     []
[SQL_LOG:2020-12-04 09:08:57]: SELECT item_id, item_name, price, image, ctg_id  FROM  item     []
[SQL_LOG:2020-12-04 09:13:25]: SELECT ctg_id, category_name  FROM  category     []
[SQL_LOG:2020-12-04 09:13:25]: SELECT item_id, item_name, price, image, ctg_id  FROM  item     []
[SQL_LOG:2020-12-04 09:13:28]: SELECT ctg_id, category_name  FROM  category     []
[SQL_LOG:2020-12-04 09:13:28]: SELECT item_id, item_name, price, image, ctg_id  FROM  item     []
[SQL_LOG:2020-12-04 09:13:35]: SELECT ctg_id, category_name  FROM  category     []
[SQL_LOG:2020-12-04 09:13:35]: SELECT item_id, item_name, price, image, ctg_id  FROM  item     []
[SQL_LOG:2020-12-04 09:13:37]: SELECT ctg_id, category_name  FROM  category     []
[SQL_LOG:2020-12-04 09:13:37]: SELECT item_id, item_name, detail, price, image, ctg_id FROM  item  WHERE  item_id = ?     [1]
[SQL_LOG:2020-12-04 09:13:37]: SELECT COUNT(*) AS NUM  FROM  likes  WHERE  item_id = ?     [1]
[SQL_LOG:2020-12-04 09:13:51]: SELECT ctg_id, category_name  FROM  category     []
[SQL_LOG:2020-12-04 09:13:51]: SELECT item_id, item_name, price, image, ctg_id  FROM  item     []
[SQL_LOG:2020-12-04 09:13:52]: SELECT ctg_id, category_name  FROM  category     []
[SQL_LOG:2020-12-04 09:13:52]: SELECT item_id, item_name, price, image, ctg_id  FROM  item     []
[SQL_LOG:2020-12-04 09:13:53]: SELECT ctg_id, category_name  FROM  category     []
[SQL_LOG:2020-12-04 09:13:53]: SELECT item_id, item_name, price, image, ctg_id  FROM  item     []
[SQL_LOG:2020-12-04 09:13:53]: SELECT ctg_id, category_name  FROM  category     []
[SQL_LOG:2020-12-04 09:13:53]: SELECT item_id, item_name, price, image, ctg_id  FROM  item     []
[SQL_LOG:2020-12-04 09:13:55]: SELECT ctg_id, category_name  FROM  category     []
[SQL_LOG:2020-12-04 09:13:55]: SELECT item_id, item_name, price, image, ctg_id  FROM  item     []
[SQL_LOG:2020-12-04 09:14:01]: SELECT ctg_id, category_name  FROM  category     []
[SQL_LOG:2020-12-04 09:14:01]: SELECT item_id, item_name, price, image, ctg_id  FROM  item     []
[SQL_LOG:2020-12-04 09:14:30]: SELECT ctg_id, category_name  FROM  category     []
[SQL_LOG:2020-12-04 09:14:30]: SELECT item_id, item_name, price, image, ctg_id  FROM  item     []
[SQL_LOG:2020-12-04 09:22:45]: SELECT ctg_id, category_name  FROM  category     []
[SQL_LOG:2020-12-04 09:22:45]: SELECT item_id, item_name, price, image, ctg_id  FROM  item     []
[SQL_LOG:2020-12-04 13:14:47]: SELECT ctg_id, category_name  FROM  category     []
[SQL_LOG:2020-12-04 13:14:47]: SELECT item_id, item_name, price, image, ctg_id  FROM  item     []
[SQL_LOG:2020-12-04 13:14:53]: SELECT ctg_id, category_name  FROM  category     []
[SQL_LOG:2020-12-04 13:14:53]: SELECT item_id, item_name, price, image, ctg_id  FROM  item     []
[SQL_LOG:2020-12-04 13:15:38]: SELECT ctg_id, category_name  FROM  category     []
[SQL_LOG:2020-12-04 13:15:38]: SELECT item_id, item_name, price, image, ctg_id  FROM  item     []
[SQL_LOG:2020-12-04 13:16:20]: SELECT ctg_id, category_name  FROM  category     []
[SQL_LOG:2020-12-04 13:16:20]: SELECT item_id, item_name, price, image, ctg_id  FROM  item     []
[SQL_LOG:2020-12-04 13:16:25]: SELECT ctg_id, category_name  FROM  category     []
[SQL_LOG:2020-12-04 13:16:25]: SELECT item_id, item_name, price, image, ctg_id  FROM  item     []
[SQL_LOG:2020-12-04 13:16:29]: SELECT ctg_id, category_name  FROM  category     []
[SQL_LOG:2020-12-04 13:16:29]: SELECT item_id, item_name, price, image, ctg_id  FROM  item     []
[SQL_LOG:2020-12-04 13:16:31]: SELECT ctg_id, category_name  FROM  category     []
[SQL_LOG:2020-12-04 13:16:31]: SELECT item_id, item_name, detail, price, image, ctg_id FROM  item  WHERE  item_id = ?     [1]
[SQL_LOG:2020-12-04 13:16:31]: SELECT COUNT(*) AS NUM  FROM  likes  WHERE  item_id = ?     [1]
[SQL_LOG:2020-12-04 13:16:44]: SELECT *  FROM  member  WHERE  email = ?     [tttvvvaken@gmail.com]
[SQL_LOG:2020-12-04 13:16:44]: SELECT session_key  FROM  loginsession  WHERE  mem_id = ?     [7]
[SQL_LOG:2020-12-04 13:16:44]: SELECT ctg_id, category_name  FROM  category     []
[SQL_LOG:2020-12-04 13:16:44]: SELECT item_id, item_name, price, image, ctg_id  FROM  item     []
[SQL_LOG:2020-12-04 13:16:51]: SELECT ctg_id, category_name  FROM  category     []
[SQL_LOG:2020-12-04 13:16:51]: SELECT item_id, item_name, price, image, ctg_id  FROM  item     []
[SQL_LOG:2020-12-04 13:16:53]: SELECT *  FROM  member  WHERE  mem_id = ?     [7]
[SQL_LOG:2020-12-04 13:16:56]: SELECT ctg_id, category_name  FROM  category     []
[SQL_LOG:2020-12-04 13:16:56]: SELECT item_id, item_name, price, image, ctg_id  FROM  item     []
[SQL_LOG:2020-12-04 13:17:03]: SELECT *  FROM  member  WHERE  mem_id = ?     [7]
[SQL_LOG:2020-12-04 13:17:07]: SELECT ctg_id, category_name  FROM  category     []
[SQL_LOG:2020-12-04 13:17:07]: SELECT item_id, item_name, price, image, ctg_id  FROM  item     []
[SQL_LOG:2020-12-04 13:17:12]: SELECT ctg_id, category_name  FROM  category     []
[SQL_LOG:2020-12-04 13:17:12]: SELECT item_id, item_name, price, image, ctg_id  FROM  item     []
[SQL_LOG:2020-12-04 13:17:20]: SELECT ctg_id, category_name  FROM  category     []
[SQL_LOG:2020-12-04 13:17:20]: SELECT item_id, item_name, detail, price, image, ctg_id FROM  item  WHERE  item_id = ?     [1]
[SQL_LOG:2020-12-04 13:17:20]: SELECT COUNT(*) AS NUM  FROM  likes  WHERE  item_id = ?     [1]
[SQL_LOG:2020-12-04 13:17:20]: SELECT *  FROM  likes  WHERE  item_id = ? AND mem_id = ?     [1,7]
[SQL_LOG:2020-12-04 13:29:11]: SELECT ctg_id, category_name  FROM  category     []
[SQL_LOG:2020-12-04 13:29:11]: SELECT item_id, item_name, detail, price, image, ctg_id FROM  item  WHERE  item_id = ?     [1]
[SQL_LOG:2020-12-04 13:29:11]: SELECT COUNT(*) AS NUM  FROM  likes  WHERE  item_id = ?     [1]
[SQL_LOG:2020-12-04 13:29:11]: SELECT *  FROM  likes  WHERE  item_id = ? AND mem_id = ?     [1,7]
[SQL_LOG:2020-12-04 13:29:30]: SELECT ctg_id, category_name  FROM  category     []
[SQL_LOG:2020-12-04 13:29:30]: SELECT item_id, item_name, price, image, ctg_id  FROM  item     []
[SQL_LOG:2020-12-04 13:34:30]: SELECT ctg_id, category_name  FROM  category     []
[SQL_LOG:2020-12-04 13:34:30]: SELECT item_id, item_name, price, image, ctg_id  FROM  item     []
[SQL_LOG:2020-12-04 13:41:14]: SELECT ctg_id, category_name  FROM  category     []
[SQL_LOG:2020-12-04 13:41:14]: SELECT item_id, item_name, price, image, ctg_id  FROM  item     []
[SQL_LOG:2020-12-04 13:42:25]: SELECT ctg_id, category_name  FROM  category     []
[SQL_LOG:2020-12-04 13:42:25]: SELECT item_id, item_name, price, image, ctg_id  FROM  item     []
[SQL_LOG:2020-12-04 13:42:31]: SELECT ctg_id, category_name  FROM  category     []
[SQL_LOG:2020-12-04 13:42:31]: SELECT item_id, item_name, price, image, ctg_id  FROM  item     []
[SQL_LOG:2020-12-04 13:42:32]: SELECT ctg_id, category_name  FROM  category     []
[SQL_LOG:2020-12-04 13:42:32]: SELECT item_id, item_name, price, image, ctg_id  FROM  item     []
[SQL_LOG:2020-12-04 13:43:22]: SELECT ctg_id, category_name  FROM  category     []
[SQL_LOG:2020-12-04 13:43:22]: SELECT item_id, item_name, price, image, ctg_id  FROM  item     []
[SQL_LOG:2020-12-04 13:43:24]: SELECT ctg_id, category_name  FROM  category     []
[SQL_LOG:2020-12-04 13:43:24]: SELECT item_id, item_name, price, image, ctg_id  FROM  item     []
[SQL_LOG:2020-12-04 13:44:40]: SELECT ctg_id, category_name  FROM  category     []
[SQL_LOG:2020-12-04 13:44:40]: SELECT item_id, item_name, price, image, ctg_id  FROM  item     []
[SQL_LOG:2020-12-04 13:45:29]: SELECT ctg_id, category_name  FROM  category     []
[SQL_LOG:2020-12-04 13:45:29]: SELECT item_id, item_name, price, image, ctg_id  FROM  item     []
[SQL_LOG:2020-12-04 13:45:54]: SELECT ctg_id, category_name  FROM  category     []
[SQL_LOG:2020-12-04 13:45:54]: SELECT item_id, item_name, price, image, ctg_id  FROM  item     []
[SQL_LOG:2020-12-04 13:46:25]: SELECT ctg_id, category_name  FROM  category     []
[SQL_LOG:2020-12-04 13:46:25]: SELECT item_id, item_name, price, image, ctg_id  FROM  item     []
[SQL_LOG:2020-12-04 13:47:11]: SELECT ctg_id, category_name  FROM  category     []
[SQL_LOG:2020-12-04 13:47:11]: SELECT item_id, item_name, price, image, ctg_id  FROM  item     []
[SQL_LOG:2020-12-04 13:48:44]: SELECT ctg_id, category_name  FROM  category     []
[SQL_LOG:2020-12-04 13:48:44]: SELECT item_id, item_name, price, image, ctg_id  FROM  item     []
[SQL_LOG:2020-12-04 13:49:39]: SELECT ctg_id, category_name  FROM  category     []
[SQL_LOG:2020-12-04 13:49:39]: SELECT item_id, item_name, price, image, ctg_id  FROM  item     []
[SQL_LOG:2020-12-04 13:49:55]: SELECT ctg_id, category_name  FROM  category     []
[SQL_LOG:2020-12-04 13:49:55]: SELECT item_id, item_name, price, image, ctg_id  FROM  item     []
[SQL_LOG:2020-12-04 14:00:10]: SELECT ctg_id, category_name  FROM  category     []
[SQL_LOG:2020-12-04 14:00:10]: SELECT item_id, item_name, detail, price, image, ctg_id FROM  item  WHERE  item_id = ?     [1]
[SQL_LOG:2020-12-04 14:00:10]: SELECT COUNT(*) AS NUM  FROM  likes  WHERE  item_id = ?     [1]
[SQL_LOG:2020-12-04 14:00:10]: SELECT *  FROM  likes  WHERE  item_id = ? AND mem_id = ?     [1,7]
[SQL_LOG:2020-12-04 14:00:22]: SELECT ctg_id, category_name  FROM  category     []
[SQL_LOG:2020-12-04 14:00:22]: SELECT item_id, item_name, price, image, ctg_id  FROM  item     []
[SQL_LOG:2020-12-04 14:00:33]: SELECT ctg_id, category_name  FROM  category     []
[SQL_LOG:2020-12-04 14:00:33]: SELECT item_id, item_name, detail, price, image, ctg_id FROM  item  WHERE  item_id = ?     [1]
[SQL_LOG:2020-12-04 14:00:33]: SELECT COUNT(*) AS NUM  FROM  likes  WHERE  item_id = ?     [1]
[SQL_LOG:2020-12-04 14:00:33]: SELECT *  FROM  likes  WHERE  item_id = ? AND mem_id = ?     [1,7]
[SQL_LOG:2020-12-04 14:00:40]: SELECT c.crt_id, c.num, i.item_id, i.item_name, i.price, i.image FROM  cart c LEFT JOIN item i ON c.item_id = i.item_id  WHERE  c.mem_id = ? AND c.delete_flg = ?     [7,0]
[SQL_LOG:2020-12-04 14:00:40]: SELECT SUM(i.price) * c.num AS totalPrice  FROM  cart c LEFT JOIN item i ON c.item_id = i.item_id  WHERE  c.mem_id = ? AND c.delete_flg = ?    [7,0]
[SQL_LOG:2020-12-04 14:00:40]: SELECT SUM(num) AS num  FROM  cart c  WHERE  c.mem_id = ? AND c.delete_flg = ?    [7,0]
[SQL_LOG:2020-12-04 14:00:42]: SELECT ctg_id, category_name  FROM  category     []
[SQL_LOG:2020-12-04 14:00:42]: SELECT item_id, item_name, price, image, ctg_id  FROM  item     []
[SQL_LOG:2020-12-04 14:00:44]: SELECT ctg_id, category_name  FROM  category     []
[SQL_LOG:2020-12-04 14:00:44]: SELECT item_id, item_name, detail, price, image, ctg_id FROM  item  WHERE  item_id = ?     [1]
[SQL_LOG:2020-12-04 14:00:44]: SELECT COUNT(*) AS NUM  FROM  likes  WHERE  item_id = ?     [1]
[SQL_LOG:2020-12-04 14:00:44]: SELECT *  FROM  likes  WHERE  item_id = ? AND mem_id = ?     [1,7]
[SQL_LOG:2020-12-04 14:00:53]: INSERT INTO cart (mem_id,item_id,num,regist_date)VALUES(?,?,?,?) [7,1,5,2020-12-04 14:00:53]
[SQL_LOG:2020-12-04 14:00:53]: SELECT c.crt_id, c.num, i.item_id, i.item_name, i.price, i.image FROM  cart c LEFT JOIN item i ON c.item_id = i.item_id  WHERE  c.mem_id = ? AND c.delete_flg = ?     [7,0]
[SQL_LOG:2020-12-04 14:00:53]: SELECT SUM(i.price) * c.num AS totalPrice  FROM  cart c LEFT JOIN item i ON c.item_id = i.item_id  WHERE  c.mem_id = ? AND c.delete_flg = ?    [7,0]
[SQL_LOG:2020-12-04 14:00:53]: SELECT SUM(num) AS num  FROM  cart c  WHERE  c.mem_id = ? AND c.delete_flg = ?    [7,0]
[SQL_LOG:2020-12-04 14:00:57]: INSERT INTO cart (mem_id,item_id,num,regist_date)VALUES(?,?,?,?) [7,1,5,2020-12-04 14:00:57]
[SQL_LOG:2020-12-04 14:00:57]: SELECT c.crt_id, c.num, i.item_id, i.item_name, i.price, i.image FROM  cart c LEFT JOIN item i ON c.item_id = i.item_id  WHERE  c.mem_id = ? AND c.delete_flg = ?     [7,0]
[SQL_LOG:2020-12-04 14:00:57]: SELECT SUM(i.price) * c.num AS totalPrice  FROM  cart c LEFT JOIN item i ON c.item_id = i.item_id  WHERE  c.mem_id = ? AND c.delete_flg = ?    [7,0]
[SQL_LOG:2020-12-04 14:00:57]: SELECT SUM(num) AS num  FROM  cart c  WHERE  c.mem_id = ? AND c.delete_flg = ?    [7,0]
[SQL_LOG:2020-12-04 14:02:05]: INSERT INTO cart (mem_id,item_id,num,regist_date)VALUES(?,?,?,?) [7,1,5,2020-12-04 14:02:05]
[SQL_LOG:2020-12-04 14:02:05]: SELECT c.crt_id, c.num, i.item_id, i.item_name, i.price, i.image FROM  cart c LEFT JOIN item i ON c.item_id = i.item_id  WHERE  c.mem_id = ? AND c.delete_flg = ?     [7,0]
[SQL_LOG:2020-12-04 14:02:05]: SELECT SUM(i.price) * c.num AS totalPrice  FROM  cart c LEFT JOIN item i ON c.item_id = i.item_id  WHERE  c.mem_id = ? AND c.delete_flg = ?    [7,0]
[SQL_LOG:2020-12-04 14:02:05]: SELECT SUM(num) AS num  FROM  cart c  WHERE  c.mem_id = ? AND c.delete_flg = ?    [7,0]
[SQL_LOG:2020-12-04 14:02:08]: SELECT c.crt_id, c.num, i.item_id, i.item_name, i.price, i.image FROM  cart c LEFT JOIN item i ON c.item_id = i.item_id  WHERE  c.mem_id = ? AND c.delete_flg = ?     [7,0]
[SQL_LOG:2020-12-04 14:02:08]: UPDATE cart  SET delete_date =? ,delete_flg =?  WHERE  crt_id = ?  [2020-12-04 14:02:08,1,194]
[SQL_LOG:2020-12-04 14:02:08]: SELECT SUM(i.price) * c.num AS totalPrice  FROM  cart c LEFT JOIN item i ON c.item_id = i.item_id  WHERE  c.mem_id = ? AND c.delete_flg = ?    [7,0]
[SQL_LOG:2020-12-04 14:02:08]: SELECT SUM(num) AS num  FROM  cart c  WHERE  c.mem_id = ? AND c.delete_flg = ?    [7,0]
[SQL_LOG:2020-12-04 14:02:11]: SELECT c.crt_id, c.num, i.item_id, i.item_name, i.price, i.image FROM  cart c LEFT JOIN item i ON c.item_id = i.item_id  WHERE  c.mem_id = ? AND c.delete_flg = ?     [7,0]
[SQL_LOG:2020-12-04 14:02:11]: UPDATE cart  SET delete_date =? ,delete_flg =?  WHERE  crt_id = ?  [2020-12-04 14:02:11,1,194]
[SQL_LOG:2020-12-04 14:02:11]: SELECT SUM(i.price) * c.num AS totalPrice  FROM  cart c LEFT JOIN item i ON c.item_id = i.item_id  WHERE  c.mem_id = ? AND c.delete_flg = ?    [7,0]
[SQL_LOG:2020-12-04 14:02:11]: SELECT SUM(num) AS num  FROM  cart c  WHERE  c.mem_id = ? AND c.delete_flg = ?    [7,0]
[SQL_LOG:2020-12-04 14:08:56]: SELECT c.crt_id, c.num, i.item_id, i.item_name, i.price, i.image FROM  cart c LEFT JOIN item i ON c.item_id = i.item_id  WHERE  c.mem_id = ? AND c.delete_flg = ?     [7,0]
[SQL_LOG:2020-12-04 14:08:56]: UPDATE cart  SET delete_date =? ,delete_flg =?  WHERE  crt_id = ?  [2020-12-04 14:08:56,1,194]
[SQL_LOG:2020-12-04 14:08:56]: SELECT SUM(i.price) * c.num AS totalPrice  FROM  cart c LEFT JOIN item i ON c.item_id = i.item_id  WHERE  c.mem_id = ? AND c.delete_flg = ?    [7,0]
[SQL_LOG:2020-12-04 14:08:56]: SELECT SUM(num) AS num  FROM  cart c  WHERE  c.mem_id = ? AND c.delete_flg = ?    [7,0]
[SQL_LOG:2020-12-04 14:09:13]: SELECT ctg_id, category_name  FROM  category     []
[SQL_LOG:2020-12-04 14:09:13]: SELECT item_id, item_name, price, image, ctg_id  FROM  item     []
[SQL_LOG:2020-12-04 14:09:16]: SELECT ctg_id, category_name  FROM  category     []
[SQL_LOG:2020-12-04 14:09:16]: SELECT item_id, item_name, detail, price, image, ctg_id FROM  item  WHERE  item_id = ?     [1]
[SQL_LOG:2020-12-04 14:09:16]: SELECT COUNT(*) AS NUM  FROM  likes  WHERE  item_id = ?     [1]
[SQL_LOG:2020-12-04 14:09:16]: SELECT *  FROM  likes  WHERE  item_id = ? AND mem_id = ?     [1,7]
[SQL_LOG:2020-12-04 14:09:21]: SELECT ctg_id, category_name  FROM  category     []
[SQL_LOG:2020-12-04 14:09:21]: SELECT item_id, item_name, price, image, ctg_id  FROM  item     []
[SQL_LOG:2020-12-04 17:15:58]: SELECT ctg_id, category_name  FROM  category     []
[SQL_LOG:2020-12-04 17:15:58]: SELECT item_id, item_name, price, image, ctg_id  FROM  item     []
[SQL_LOG:2020-12-04 17:17:56]: SELECT *  FROM  member  WHERE  mem_id = ?     [7]
[SQL_LOG:2020-12-04 17:18:29]: SELECT c.crt_id, c.num, i.item_id, i.item_name, i.price, i.image FROM  cart c LEFT JOIN item i ON c.item_id = i.item_id  WHERE  c.mem_id = ? AND c.delete_flg = ?     [7,0]
[SQL_LOG:2020-12-04 17:18:29]: SELECT SUM(i.price) * c.num AS totalPrice  FROM  cart c LEFT JOIN item i ON c.item_id = i.item_id  WHERE  c.mem_id = ? AND c.delete_flg = ?    [7,0]
[SQL_LOG:2020-12-04 17:18:29]: SELECT SUM(num) AS num  FROM  cart c  WHERE  c.mem_id = ? AND c.delete_flg = ?    [7,0]
[SQL_LOG:2020-12-04 17:18:33]: SELECT ctg_id, category_name  FROM  category     []
[SQL_LOG:2020-12-04 17:18:33]: SELECT item_id, item_name, price, image, ctg_id  FROM  item     []
[SQL_LOG:2020-12-04 17:18:35]: SELECT ctg_id, category_name  FROM  category     []
[SQL_LOG:2020-12-04 17:18:35]: SELECT item_id, item_name, price, image, ctg_id  FROM  item     []
[SQL_LOG:2020-12-04 17:18:42]: SELECT *  FROM  member  WHERE  mem_id = ?     [7]
[SQL_LOG:2020-12-04 17:18:46]: SELECT ctg_id, category_name  FROM  category     []
[SQL_LOG:2020-12-04 17:18:46]: SELECT item_id, item_name, price, image, ctg_id  FROM  item     []
[SQL_LOG:2020-12-04 17:18:59]: SELECT *  FROM  member  WHERE  email = ?     [tttvvvaken@gmail.com]
[SQL_LOG:2020-12-04 17:18:59]: SELECT session_key  FROM  loginsession  WHERE  mem_id = ?     [7]
[SQL_LOG:2020-12-04 17:18:59]: SELECT ctg_id, category_name  FROM  category     []
[SQL_LOG:2020-12-04 17:18:59]: SELECT item_id, item_name, price, image, ctg_id  FROM  item     []
[SQL_LOG:2020-12-04 17:19:03]: SELECT *  FROM  member  WHERE  mem_id = ?     [7]
[SQL_LOG:2020-12-04 17:19:55]: SELECT *  FROM  member  WHERE  mem_id = ?     [7]
[SQL_LOG:2020-12-04 17:19:59]: SELECT *  FROM member WHERE  email = ?     [tttvvvaken@gmail.com]
[SQL_LOG:2020-12-04 17:20:04]: SELECT *  FROM member WHERE  email = ?     [tttvvvaken@gmail.co]
[SQL_LOG:2020-12-04 17:20:07]: SELECT c.crt_id, c.num, i.item_id, i.item_name, i.price, i.image FROM  cart c LEFT JOIN item i ON c.item_id = i.item_id  WHERE  c.mem_id = ? AND c.delete_flg = ?     [7,0]
[SQL_LOG:2020-12-04 17:20:07]: SELECT SUM(i.price) * c.num AS totalPrice  FROM  cart c LEFT JOIN item i ON c.item_id = i.item_id  WHERE  c.mem_id = ? AND c.delete_flg = ?    [7,0]
[SQL_LOG:2020-12-04 17:20:07]: SELECT SUM(num) AS num  FROM  cart c  WHERE  c.mem_id = ? AND c.delete_flg = ?    [7,0]
[SQL_LOG:2020-12-04 17:20:11]: SELECT c.crt_id, c.num, i.item_id, i.item_name, i.price, i.image FROM  cart c LEFT JOIN item i ON c.item_id = i.item_id  WHERE  c.mem_id = ? AND c.delete_flg = ?     [7,0]
[SQL_LOG:2020-12-04 17:20:11]: UPDATE cart  SET delete_date =? ,delete_flg =?  WHERE  crt_id = ?  [2020-12-04 17:20:11,1,192]
[SQL_LOG:2020-12-04 17:20:11]: SELECT SUM(i.price) * c.num AS totalPrice  FROM  cart c LEFT JOIN item i ON c.item_id = i.item_id  WHERE  c.mem_id = ? AND c.delete_flg = ?    [7,0]
[SQL_LOG:2020-12-04 17:20:11]: SELECT SUM(num) AS num  FROM  cart c  WHERE  c.mem_id = ? AND c.delete_flg = ?    [7,0]
[SQL_LOG:2020-12-04 17:20:13]: SELECT ctg_id, category_name  FROM  category     []
[SQL_LOG:2020-12-04 17:20:13]: SELECT item_id, item_name, price, image, ctg_id  FROM  item     []
[SQL_LOG:2020-12-04 17:20:15]: SELECT ctg_id, category_name  FROM  category     []
[SQL_LOG:2020-12-04 17:20:15]: SELECT item_id, item_name, price, image, ctg_id  FROM  item     []
[SQL_LOG:2020-12-04 17:30:41]: SELECT ctg_id, category_name  FROM  category     []
[SQL_LOG:2020-12-04 17:30:41]: SELECT item_id, item_name, price, image, ctg_id  FROM  item     []
[SQL_LOG:2020-12-04 17:31:15]: SELECT ctg_id, category_name  FROM  category     []
[SQL_LOG:2020-12-04 17:31:15]: SELECT item_id, item_name, price, image, ctg_id  FROM  item     []
[SQL_LOG:2020-12-04 17:31:56]: SELECT ctg_id, category_name  FROM  category     []
[SQL_LOG:2020-12-04 17:31:56]: SELECT item_id, item_name, price, image, ctg_id  FROM  item     []
[SQL_LOG:2020-12-04 17:31:59]: SELECT ctg_id, category_name  FROM  category     []
[SQL_LOG:2020-12-04 17:31:59]: SELECT item_id, item_name, price, image, ctg_id  FROM  item     []
[SQL_LOG:2020-12-04 17:32:00]: SELECT ctg_id, category_name  FROM  category     []
[SQL_LOG:2020-12-04 17:32:00]: SELECT item_id, item_name, price, image, ctg_id  FROM  item     []
[SQL_LOG:2020-12-04 17:32:01]: SELECT ctg_id, category_name  FROM  category     []
[SQL_LOG:2020-12-04 17:32:01]: SELECT item_id, item_name, price, image, ctg_id  FROM  item     []
[SQL_LOG:2020-12-04 17:32:01]: SELECT ctg_id, category_name  FROM  category     []
[SQL_LOG:2020-12-04 17:32:01]: SELECT item_id, item_name, price, image, ctg_id  FROM  item     []
[SQL_LOG:2020-12-04 17:32:02]: SELECT ctg_id, category_name  FROM  category     []
[SQL_LOG:2020-12-04 17:32:02]: SELECT item_id, item_name, price, image, ctg_id  FROM  item     []
[SQL_LOG:2020-12-04 17:32:03]: SELECT ctg_id, category_name  FROM  category     []
[SQL_LOG:2020-12-04 17:32:03]: SELECT item_id, item_name, price, image, ctg_id  FROM  item     []
[SQL_LOG:2020-12-04 17:32:05]: SELECT ctg_id, category_name  FROM  category     []
[SQL_LOG:2020-12-04 17:32:05]: SELECT item_id, item_name, price, image, ctg_id  FROM  item     []
[SQL_LOG:2020-12-04 17:32:06]: SELECT ctg_id, category_name  FROM  category     []
[SQL_LOG:2020-12-04 17:32:06]: SELECT item_id, item_name, price, image, ctg_id  FROM  item     []
[SQL_LOG:2020-12-04 17:32:07]: SELECT ctg_id, category_name  FROM  category     []
[SQL_LOG:2020-12-04 17:32:07]: SELECT item_id, item_name, price, image, ctg_id  FROM  item     []
[SQL_LOG:2020-12-04 17:32:08]: SELECT ctg_id, category_name  FROM  category     []
[SQL_LOG:2020-12-04 17:32:08]: SELECT item_id, item_name, price, image, ctg_id  FROM  item     []
[SQL_LOG:2020-12-04 17:32:09]: SELECT ctg_id, category_name  FROM  category     []
[SQL_LOG:2020-12-04 17:32:09]: SELECT item_id, item_name, price, image, ctg_id  FROM  item     []
[SQL_LOG:2020-12-04 17:32:23]: SELECT *  FROM  member  WHERE  mem_id = ?     [7]
[SQL_LOG:2020-12-04 17:32:26]: SELECT ctg_id, category_name  FROM  category     []
[SQL_LOG:2020-12-04 17:32:26]: SELECT item_id, item_name, price, image, ctg_id  FROM  item     []
[SQL_LOG:2020-12-04 17:33:24]: SELECT ctg_id, category_name  FROM  category     []
[SQL_LOG:2020-12-04 17:33:24]: SELECT item_id, item_name, price, image, ctg_id  FROM  item     []
[SQL_LOG:2020-12-04 17:33:30]: SELECT ctg_id, category_name  FROM  category     []
[SQL_LOG:2020-12-04 17:33:30]: SELECT item_id, item_name, price, image, ctg_id  FROM  item     []
[SQL_LOG:2020-12-04 17:33:31]: SELECT ctg_id, category_name  FROM  category     []
[SQL_LOG:2020-12-04 17:33:31]: SELECT item_id, item_name, price, image, ctg_id  FROM  item     []
[SQL_LOG:2020-12-04 17:33:45]: SELECT *  FROM  member  WHERE  email = ?     [tttvvvaken@gmail.com]
[SQL_LOG:2020-12-04 17:33:45]: SELECT session_key  FROM  loginsession  WHERE  mem_id = ?     [7]
[SQL_LOG:2020-12-04 17:33:45]: SELECT ctg_id, category_name  FROM  category     []
[SQL_LOG:2020-12-04 17:33:45]: SELECT item_id, item_name, price, image, ctg_id  FROM  item     []
[SQL_LOG:2020-12-04 17:33:48]: SELECT c.crt_id, c.num, i.item_id, i.item_name, i.price, i.image FROM  cart c LEFT JOIN item i ON c.item_id = i.item_id  WHERE  c.mem_id = ? AND c.delete_flg = ?     [7,0]
[SQL_LOG:2020-12-04 17:33:48]: SELECT SUM(i.price) * c.num AS totalPrice  FROM  cart c LEFT JOIN item i ON c.item_id = i.item_id  WHERE  c.mem_id = ? AND c.delete_flg = ?    [7,0]
[SQL_LOG:2020-12-04 17:33:48]: SELECT SUM(num) AS num  FROM  cart c  WHERE  c.mem_id = ? AND c.delete_flg = ?    [7,0]
[SQL_LOG:2020-12-04 17:33:52]: SELECT ctg_id, category_name  FROM  category     []
[SQL_LOG:2020-12-04 17:33:52]: SELECT item_id, item_name, price, image, ctg_id  FROM  item     []
[SQL_LOG:2020-12-04 17:33:53]: SELECT ctg_id, category_name  FROM  category     []
[SQL_LOG:2020-12-04 17:33:53]: SELECT item_id, item_name, price, image, ctg_id  FROM  item     []
[SQL_LOG:2020-12-04 17:33:54]: SELECT ctg_id, category_name  FROM  category     []
[SQL_LOG:2020-12-04 17:33:54]: SELECT item_id, item_name, price, image, ctg_id  FROM  item     []
[SQL_LOG:2020-12-04 17:33:55]: SELECT ctg_id, category_name  FROM  category     []
[SQL_LOG:2020-12-04 17:33:55]: SELECT item_id, item_name, price, image, ctg_id  FROM  item     []
[SQL_LOG:2020-12-04 17:33:56]: SELECT ctg_id, category_name  FROM  category     []
[SQL_LOG:2020-12-04 17:33:56]: SELECT item_id, item_name, price, image, ctg_id  FROM  item     []
[SQL_LOG:2020-12-04 17:36:11]: SELECT ctg_id, category_name  FROM  category     []
[SQL_LOG:2020-12-04 17:36:11]: SELECT item_id, item_name, price, image, ctg_id  FROM  item     []
[SQL_LOG:2020-12-04 17:36:12]: SELECT ctg_id, category_name  FROM  category     []
[SQL_LOG:2020-12-04 17:36:12]: SELECT item_id, item_name, price, image, ctg_id  FROM  item     []
[SQL_LOG:2020-12-04 17:36:13]: SELECT ctg_id, category_name  FROM  category     []
[SQL_LOG:2020-12-04 17:36:13]: SELECT item_id, item_name, price, image, ctg_id  FROM  item     []
[SQL_LOG:2020-12-04 17:36:14]: SELECT ctg_id, category_name  FROM  category     []
[SQL_LOG:2020-12-04 17:36:14]: SELECT item_id, item_name, price, image, ctg_id  FROM  item     []
[SQL_LOG:2020-12-04 17:36:14]: SELECT ctg_id, category_name  FROM  category     []
[SQL_LOG:2020-12-04 17:36:14]: SELECT item_id, item_name, price, image, ctg_id  FROM  item     []
[SQL_LOG:2020-12-04 17:36:15]: SELECT ctg_id, category_name  FROM  category     []
[SQL_LOG:2020-12-04 17:36:15]: SELECT item_id, item_name, price, image, ctg_id  FROM  item     []
[SQL_LOG:2020-12-04 17:36:16]: SELECT ctg_id, category_name  FROM  category     []
[SQL_LOG:2020-12-04 17:36:16]: SELECT item_id, item_name, price, image, ctg_id  FROM  item     []
[SQL_LOG:2020-12-04 17:47:41]: SELECT ctg_id, category_name  FROM  category     []
[SQL_LOG:2020-12-04 17:47:41]: SELECT item_id, item_name, price, image, ctg_id  FROM  item     []
[SQL_LOG:2020-12-04 17:57:14]: SELECT *  FROM  member  WHERE  mem_id = ?     [7]
[SQL_LOG:2020-12-04 17:57:33]: SELECT *  FROM  member  WHERE  mem_id = ?     [7]
[SQL_LOG:2020-12-04 17:57:37]: SELECT *  FROM  member  WHERE  mem_id = ?     [7]
[SQL_LOG:2020-12-04 17:57:46]: SELECT *  FROM  member  WHERE  mem_id = ?     [7]
[SQL_LOG:2020-12-04 17:57:55]: SELECT *  FROM  member  WHERE  mem_id = ?     [7]
[SQL_LOG:2020-12-04 17:57:59]: SELECT *  FROM  member  WHERE  mem_id = ?     [7]
[SQL_LOG:2020-12-04 17:58:07]: SELECT *  FROM  member  WHERE  mem_id = ?     [7]
[SQL_LOG:2020-12-04 17:58:14]: SELECT *  FROM  member  WHERE  mem_id = ?     [7]
[SQL_LOG:2020-12-04 17:58:15]: SELECT *  FROM  member  WHERE  mem_id = ?     [7]
[SQL_LOG:2020-12-04 17:58:19]: SELECT *  FROM  member  WHERE  mem_id = ?     [7]
[SQL_LOG:2020-12-04 17:58:21]: SELECT *  FROM  member  WHERE  mem_id = ?     [7]
[SQL_LOG:2020-12-04 17:58:24]: SELECT *  FROM  member  WHERE  mem_id = ?     [7]
[SQL_LOG:2020-12-04 17:58:25]: SELECT ctg_id, category_name  FROM  category     []
[SQL_LOG:2020-12-04 17:58:25]: SELECT item_id, item_name, price, image, ctg_id  FROM  item     []
[SQL_LOG:2020-12-04 17:58:31]: SELECT ctg_id, category_name  FROM  category     []
[SQL_LOG:2020-12-04 17:58:31]: SELECT item_id, item_name, price, image, ctg_id  FROM  item     []
[SQL_LOG:2020-12-04 18:04:08]: SELECT ctg_id, category_name  FROM  category     []
[SQL_LOG:2020-12-04 18:04:08]: SELECT item_id, item_name, price, image, ctg_id  FROM  item     []
[SQL_LOG:2020-12-04 18:04:18]: SELECT ctg_id, category_name  FROM  category     []
[SQL_LOG:2020-12-04 18:04:18]: SELECT item_id, item_name, price, image, ctg_id  FROM  item     []
[SQL_LOG:2020-12-04 18:04:48]: SELECT ctg_id, category_name  FROM  category     []
[SQL_LOG:2020-12-04 18:04:48]: SELECT item_id, item_name, price, image, ctg_id  FROM  item     []
[SQL_LOG:2020-12-04 18:05:16]: SELECT ctg_id, category_name  FROM  category     []
[SQL_LOG:2020-12-04 18:05:16]: SELECT item_id, item_name, price, image, ctg_id  FROM  item     []
[SQL_LOG:2020-12-04 18:05:18]: SELECT ctg_id, category_name  FROM  category     []
[SQL_LOG:2020-12-04 18:05:18]: SELECT item_id, item_name, price, image, ctg_id  FROM  item     []
[SQL_LOG:2020-12-04 18:11:21]: SELECT ctg_id, category_name  FROM  category     []
[SQL_LOG:2020-12-04 18:11:21]: SELECT item_id, item_name, price, image, ctg_id  FROM  item     []
[SQL_LOG:2020-12-04 18:11:33]: SELECT ctg_id, category_name  FROM  category     []
[SQL_LOG:2020-12-04 18:11:33]: SELECT item_id, item_name, price, image, ctg_id  FROM  item     []
[SQL_LOG:2020-12-04 18:11:48]: SELECT ctg_id, category_name  FROM  category     []
[SQL_LOG:2020-12-04 18:11:48]: SELECT item_id, item_name, price, image, ctg_id  FROM  item     []
[SQL_LOG:2020-12-04 18:11:49]: SELECT ctg_id, category_name  FROM  category     []
[SQL_LOG:2020-12-04 18:11:49]: SELECT item_id, item_name, price, image, ctg_id  FROM  item     []
[SQL_LOG:2020-12-04 18:11:56]: SELECT ctg_id, category_name  FROM  category     []
[SQL_LOG:2020-12-04 18:11:56]: SELECT item_id, item_name, price, image, ctg_id  FROM  item     []
[SQL_LOG:2020-12-04 18:12:20]: SELECT ctg_id, category_name  FROM  category     []
[SQL_LOG:2020-12-04 18:12:20]: SELECT item_id, item_name, price, image, ctg_id  FROM  item     []
[SQL_LOG:2020-12-04 18:12:38]: SELECT ctg_id, category_name  FROM  category     []
[SQL_LOG:2020-12-04 18:12:38]: SELECT item_id, item_name, price, image, ctg_id  FROM  item     []
