[SQL_LOG:2020-11-15 16:08:12]: SELECT ctg_id, category_name  FROM  category     []
[SQL_LOG:2020-11-15 16:08:12]: SELECT item_id, item_name, price, image, ctg_id  FROM  item     []
[SQL_LOG:2020-11-15 16:08:19]: SELECT *  FROM  member  WHERE  email = ?     [tttvvvaken@gmail.com]
[SQL_LOG:2020-11-15 16:08:19]: SELECT session_key  FROM  loginsession  WHERE  mem_id = ?     [7]
[SQL_LOG:2020-11-15 16:08:19]: SELECT ctg_id, category_name  FROM  category     []
[SQL_LOG:2020-11-15 16:08:19]: SELECT item_id, item_name, price, image, ctg_id  FROM  item     []
[SQL_LOG:2020-11-15 16:08:25]: SELECT *  FROM  member  WHERE  mem_id = ?     [7]
[SQL_LOG:2020-11-15 16:08:27]: SELECT ctg_id, category_name  FROM  category     []
[SQL_LOG:2020-11-15 16:08:27]: SELECT item_id, item_name, price, image, ctg_id  FROM  item     []
[SQL_LOG:2020-11-15 16:08:27]: SELECT ctg_id, category_name  FROM  category     []
[SQL_LOG:2020-11-15 16:08:27]: SELECT item_id, item_name, price, image, ctg_id  FROM  item     []
[SQL_LOG:2020-11-15 16:08:28]: SELECT c.crt_id, i.item_id, i.item_name, i.price, i.image FROM  cart c LEFT JOIN item i ON c.item_id = i.item_id  WHERE  c.customer_no = ? AND c.delete_flg = ?    [7,0]
[SQL_LOG:2020-11-15 16:08:28]: SELECT SUM(i.price) AS totalPrice  FROM  cart c LEFT JOIN item i ON c.item_id = i.item_id  WHERE  c.customer_no = ? AND c.delete_flg = ?    [7,0]
[SQL_LOG:2020-11-15 16:08:28]: SELECT SUM(num) AS num  FROM  cart c  WHERE  c.customer_no = ? AND c.delete_flg = ?    [7,0]
[SQL_LOG:2020-11-15 16:08:29]: SELECT ctg_id, category_name  FROM  category     []
[SQL_LOG:2020-11-15 16:08:29]: SELECT item_id, item_name, price, image, ctg_id  FROM  item     []
[SQL_LOG:2020-11-15 16:08:30]: SELECT ctg_id, category_name  FROM  category     []
[SQL_LOG:2020-11-15 16:08:30]: SELECT item_id, item_name, price, image, ctg_id  FROM  item  WHERE  ctg_id = ?     [1]
[SQL_LOG:2020-11-15 16:08:30]: SELECT ctg_id, category_name  FROM  category     []
[SQL_LOG:2020-11-15 16:08:30]: SELECT item_id, item_name, price, image, ctg_id  FROM  item     []
[SQL_LOG:2020-11-15 16:08:45]: SELECT ctg_id, category_name  FROM  category     []
[SQL_LOG:2020-11-15 16:08:45]: SELECT item_id, item_name, detail, price, image, ctg_id FROM  item  WHERE  item_id = ?     [1]
[SQL_LOG:2020-11-15 16:08:45]: SELECT COUNT(*) AS NUM  FROM  likes  WHERE  item_id = ?     [1]
[SQL_LOG:2020-11-15 16:08:45]: SELECT *  FROM  likes  WHERE  item_id = ? AND mem_id = ?     [1,7]
[SQL_LOG:2020-11-15 16:08:46]: INSERT INTO cart (customer_no,item_id,regist_date)VALUES(?,?,?) [7,1,2020-11-15 16:08:46]
[SQL_LOG:2020-11-15 16:08:46]: SELECT c.crt_id, i.item_id, i.item_name, i.price, i.image FROM  cart c LEFT JOIN item i ON c.item_id = i.item_id  WHERE  c.customer_no = ? AND c.delete_flg = ?    [7,0]
[SQL_LOG:2020-11-15 16:08:46]: SELECT SUM(i.price) AS totalPrice  FROM  cart c LEFT JOIN item i ON c.item_id = i.item_id  WHERE  c.customer_no = ? AND c.delete_flg = ?    [7,0]
[SQL_LOG:2020-11-15 16:08:46]: SELECT SUM(num) AS num  FROM  cart c  WHERE  c.customer_no = ? AND c.delete_flg = ?    [7,0]
[SQL_LOG:2020-11-15 16:08:47]: INSERT INTO cart (customer_no,item_id,regist_date)VALUES(?,?,?) [7,1,2020-11-15 16:08:47]
[SQL_LOG:2020-11-15 16:08:47]: SELECT c.crt_id, i.item_id, i.item_name, i.price, i.image FROM  cart c LEFT JOIN item i ON c.item_id = i.item_id  WHERE  c.customer_no = ? AND c.delete_flg = ?    [7,0]
[SQL_LOG:2020-11-15 16:08:47]: SELECT SUM(i.price) AS totalPrice  FROM  cart c LEFT JOIN item i ON c.item_id = i.item_id  WHERE  c.customer_no = ? AND c.delete_flg = ?    [7,0]
[SQL_LOG:2020-11-15 16:08:47]: SELECT SUM(num) AS num  FROM  cart c  WHERE  c.customer_no = ? AND c.delete_flg = ?    [7,0]
[SQL_LOG:2020-11-15 16:08:50]: SELECT ctg_id, category_name  FROM  category     []
[SQL_LOG:2020-11-15 16:08:50]: SELECT item_id, item_name, price, image, ctg_id  FROM  item     []
[SQL_LOG:2020-11-15 16:08:51]: SELECT ctg_id, category_name  FROM  category     []
[SQL_LOG:2020-11-15 16:08:51]: SELECT item_id, item_name, detail, price, image, ctg_id FROM  item  WHERE  item_id = ?     [1]
[SQL_LOG:2020-11-15 16:08:51]: SELECT COUNT(*) AS NUM  FROM  likes  WHERE  item_id = ?     [1]
[SQL_LOG:2020-11-15 16:08:51]: SELECT *  FROM  likes  WHERE  item_id = ? AND mem_id = ?     [1,7]
[SQL_LOG:2020-11-15 16:08:53]: SELECT *  FROM  likes  WHERE  item_id = ? AND mem_id = ?     [1,7]
[SQL_LOG:2020-11-15 16:08:53]: INSERT INTO likes (item_id,mem_id,regist_date)VALUES(?,?,?) [1,7,2020-11-15 16:08:53]
[SQL_LOG:2020-11-15 16:08:53]: SELECT COUNT(*) AS NUM  FROM  likes  WHERE  item_id = ?     [1]
[SQL_LOG:2020-11-15 16:08:53]: SELECT *  FROM  likes  WHERE  item_id = ? AND mem_id = ?     [1,7]
[SQL_LOG:2020-11-15 16:08:53]: DELETE FROM likes WHERE item_id = ? AND mem_id = ?  [1,7]
[SQL_LOG:2020-11-15 16:08:53]: SELECT COUNT(*) AS NUM  FROM  likes  WHERE  item_id = ?     [1]
[SQL_LOG:2020-11-15 16:08:55]: SELECT ctg_id, category_name  FROM  category     []
[SQL_LOG:2020-11-15 16:08:55]: SELECT item_id, item_name, price, image, ctg_id  FROM  item     []
[SQL_LOG:2020-11-15 16:08:56]: SELECT ctg_id, category_name  FROM  category     []
[SQL_LOG:2020-11-15 16:08:56]: SELECT item_id, item_name, detail, price, image, ctg_id FROM  item  WHERE  item_id = ?     [2]
[SQL_LOG:2020-11-15 16:08:56]: SELECT COUNT(*) AS NUM  FROM  likes  WHERE  item_id = ?     [2]
[SQL_LOG:2020-11-15 16:08:56]: SELECT *  FROM  likes  WHERE  item_id = ? AND mem_id = ?     [2,7]
[SQL_LOG:2020-11-15 16:08:59]: SELECT *  FROM  likes  WHERE  item_id = ? AND mem_id = ?     [2,7]
[SQL_LOG:2020-11-15 16:08:59]: INSERT INTO likes (item_id,mem_id,regist_date)VALUES(?,?,?) [2,7,2020-11-15 16:08:59]
[SQL_LOG:2020-11-15 16:08:59]: SELECT COUNT(*) AS NUM  FROM  likes  WHERE  item_id = ?     [2]
[SQL_LOG:2020-11-15 16:09:00]: SELECT *  FROM  likes  WHERE  item_id = ? AND mem_id = ?     [2,7]
[SQL_LOG:2020-11-15 16:09:00]: DELETE FROM likes WHERE item_id = ? AND mem_id = ?  [2,7]
[SQL_LOG:2020-11-15 16:09:00]: SELECT COUNT(*) AS NUM  FROM  likes  WHERE  item_id = ?     [2]
[SQL_LOG:2020-11-15 16:09:00]: SELECT *  FROM  likes  WHERE  item_id = ? AND mem_id = ?     [2,7]
[SQL_LOG:2020-11-15 16:09:00]: INSERT INTO likes (item_id,mem_id,regist_date)VALUES(?,?,?) [2,7,2020-11-15 16:09:00]
[SQL_LOG:2020-11-15 16:09:00]: SELECT COUNT(*) AS NUM  FROM  likes  WHERE  item_id = ?     [2]
[SQL_LOG:2020-11-15 16:09:01]: SELECT *  FROM  likes  WHERE  item_id = ? AND mem_id = ?     [2,7]
[SQL_LOG:2020-11-15 16:09:01]: DELETE FROM likes WHERE item_id = ? AND mem_id = ?  [2,7]
[SQL_LOG:2020-11-15 16:09:01]: SELECT COUNT(*) AS NUM  FROM  likes  WHERE  item_id = ?     [2]
[SQL_LOG:2020-11-15 16:09:02]: SELECT ctg_id, category_name  FROM  category     []
[SQL_LOG:2020-11-15 16:09:02]: SELECT item_id, item_name, price, image, ctg_id  FROM  item     []
[SQL_LOG:2020-11-15 16:09:05]: SELECT ctg_id, category_name  FROM  category     []
[SQL_LOG:2020-11-15 16:09:05]: SELECT item_id, item_name, detail, price, image, ctg_id FROM  item  WHERE  item_id = ?     [3]
[SQL_LOG:2020-11-15 16:09:05]: SELECT COUNT(*) AS NUM  FROM  likes  WHERE  item_id = ?     [3]
[SQL_LOG:2020-11-15 16:09:05]: SELECT *  FROM  likes  WHERE  item_id = ? AND mem_id = ?     [3,7]
[SQL_LOG:2020-11-15 16:09:06]: SELECT *  FROM  likes  WHERE  item_id = ? AND mem_id = ?     [3,7]
[SQL_LOG:2020-11-15 16:09:06]: DELETE FROM likes WHERE item_id = ? AND mem_id = ?  [3,7]
[SQL_LOG:2020-11-15 16:09:06]: SELECT COUNT(*) AS NUM  FROM  likes  WHERE  item_id = ?     [3]
[SQL_LOG:2020-11-15 16:09:07]: SELECT *  FROM  likes  WHERE  item_id = ? AND mem_id = ?     [3,7]
[SQL_LOG:2020-11-15 16:09:07]: INSERT INTO likes (item_id,mem_id,regist_date)VALUES(?,?,?) [3,7,2020-11-15 16:09:07]
[SQL_LOG:2020-11-15 16:09:07]: SELECT COUNT(*) AS NUM  FROM  likes  WHERE  item_id = ?     [3]
[SQL_LOG:2020-11-15 16:09:08]: SELECT ctg_id, category_name  FROM  category     []
[SQL_LOG:2020-11-15 16:09:08]: SELECT item_id, item_name, price, image, ctg_id  FROM  item     []
[SQL_LOG:2020-11-15 16:09:22]: SELECT *  FROM  member  WHERE  mem_id = ?     [7]
[SQL_LOG:2020-11-15 16:09:22]: INSERT INTO contact (subject,body,mem_id,user_id,email,regist_date,delete_flg)VALUES(?,?,?,?,?,?,?) [dっg,fytdtd,7,たけ,tttvvvaken@gmail.com,2020-11-15 16:09:22,]
[SQL_LOG:2020-11-15 16:09:47]: SELECT ctg_id, category_name  FROM  category     []
[SQL_LOG:2020-11-15 16:09:47]: SELECT item_id, item_name, price, image, ctg_id  FROM  item     []
[SQL_LOG:2020-11-15 16:09:48]: SELECT ctg_id, category_name  FROM  category     []
[SQL_LOG:2020-11-15 16:09:48]: SELECT item_id, item_name, detail, price, image, ctg_id FROM  item  WHERE  item_id = ?     [1]
[SQL_LOG:2020-11-15 16:09:48]: SELECT COUNT(*) AS NUM  FROM  likes  WHERE  item_id = ?     [1]
[SQL_LOG:2020-11-15 16:09:48]: SELECT *  FROM  likes  WHERE  item_id = ? AND mem_id = ?     [1,7]
[SQL_LOG:2020-11-15 16:09:51]: SELECT c.crt_id, i.item_id, i.item_name, i.price, i.image FROM  cart c LEFT JOIN item i ON c.item_id = i.item_id  WHERE  c.customer_no = ? AND c.delete_flg = ?    [7,0]
[SQL_LOG:2020-11-15 16:09:51]: SELECT SUM(i.price) AS totalPrice  FROM  cart c LEFT JOIN item i ON c.item_id = i.item_id  WHERE  c.customer_no = ? AND c.delete_flg = ?    [7,0]
[SQL_LOG:2020-11-15 16:09:51]: SELECT SUM(num) AS num  FROM  cart c  WHERE  c.customer_no = ? AND c.delete_flg = ?    [7,0]
[SQL_LOG:2020-11-15 16:11:16]: SELECT *  FROM  member  WHERE  mem_id = ?     [7]
[SQL_LOG:2020-11-15 16:11:18]: SELECT *  FROM  member  WHERE  mem_id = ?     [7]
[SQL_LOG:2020-11-15 16:11:19]: SELECT *  FROM  member  WHERE  mem_id = ?     [7]
[SQL_LOG:2020-11-15 16:11:22]: SELECT ctg_id, category_name  FROM  category     []
[SQL_LOG:2020-11-15 16:11:22]: SELECT item_id, item_name, price, image, ctg_id  FROM  item     []
