[SQL_LOG:2020-10-24 15:32:24]: SELECT ctg_id, category_name  FROM  category     []
[SQL_LOG:2020-10-24 15:32:24]: SELECT item_id, item_name, price, image, ctg_id  FROM  item     []
[SQL_LOG:2020-10-24 15:32:26]: SELECT *  FROM  member  WHERE  mem_id = ?     [7]
[SQL_LOG:2020-10-24 15:32:28]: SELECT ctg_id, category_name  FROM  category     []
[SQL_LOG:2020-10-24 15:32:28]: SELECT item_id, item_name, price, image, ctg_id  FROM  item     []
[SQL_LOG:2020-10-24 15:32:35]: SELECT *  FROM  member  WHERE  email = ?     [tttvvvaken@gmail.co]
[SQL_LOG:2020-10-24 15:32:35]: SELECT session_key  FROM  loginsession  WHERE  mem_id = ?     [8]
[SQL_LOG:2020-10-24 15:32:35]: SELECT ctg_id, category_name  FROM  category     []
[SQL_LOG:2020-10-24 15:32:35]: SELECT item_id, item_name, price, image, ctg_id  FROM  item     []
[SQL_LOG:2020-10-24 15:32:40]: SELECT *  FROM  member  WHERE  mem_id = ?     [8]
[SQL_LOG:2020-10-24 15:32:41]: SELECT *  FROM  member  WHERE  mem_id = ?     [8]
[SQL_LOG:2020-10-24 15:32:43]: SELECT *  FROM member WHERE  email = ?    LIMIT  1   [tttvvvaken@gmail.co]
[SQL_LOG:2020-10-24 15:33:03]: SELECT *  FROM member WHERE  email = ?    LIMIT  1   [tttvvvaken@]
[SQL_LOG:2020-10-24 15:33:03]: SELECT *  FROM member WHERE  email = ?    LIMIT  1   [tttvvvaken@]
[SQL_LOG:2020-10-24 15:33:04]: SELECT *  FROM member WHERE  email = ?    LIMIT  1   [tttvvvaken@]
[SQL_LOG:2020-10-24 15:38:32]: SELECT ctg_id, category_name  FROM  category     []
[SQL_LOG:2020-10-24 15:38:32]: SELECT item_id, item_name, price, image, ctg_id  FROM  item     []
[SQL_LOG:2020-10-24 15:38:36]: SELECT ctg_id, category_name  FROM  category     []
[SQL_LOG:2020-10-24 15:38:36]: SELECT item_id, item_name, detail, price, image, ctg_id FROM  item  WHERE  item_id = ?     [1]
[SQL_LOG:2020-10-24 15:38:43]: SELECT ctg_id, category_name  FROM  category     []
[SQL_LOG:2020-10-24 15:38:43]: SELECT item_id, item_name, price, image, ctg_id  FROM  item     []
[SQL_LOG:2020-10-24 15:40:52]: SELECT ctg_id, category_name  FROM  category     []
[SQL_LOG:2020-10-24 15:40:52]: SELECT item_id, item_name, price, image, ctg_id  FROM  item     []
[SQL_LOG:2020-10-24 15:44:04]: SELECT *  FROM  member  WHERE  mem_id = ?     [8]
[SQL_LOG:2020-10-24 15:48:15]: SELECT ctg_id, category_name  FROM  category     []
[SQL_LOG:2020-10-24 15:48:15]: SELECT item_id, item_name, price, image, ctg_id  FROM  item     []
[SQL_LOG:2020-10-24 15:48:50]: SELECT ctg_id, category_name  FROM  category     []
[SQL_LOG:2020-10-24 15:48:50]: SELECT item_id, item_name, price, image, ctg_id  FROM  item     []
[SQL_LOG:2020-10-24 15:52:04]: SELECT ctg_id, category_name  FROM  category     []
[SQL_LOG:2020-10-24 15:52:04]: SELECT item_id, item_name, price, image, ctg_id  FROM  item     []
[SQL_LOG:2020-10-24 15:52:22]: SELECT *  FROM  member  WHERE  email = ?     [tttvvvaken@gmail.com]
[SQL_LOG:2020-10-24 15:52:22]: SELECT session_key  FROM  loginsession  WHERE  mem_id = ?     [7]
[SQL_LOG:2020-10-24 15:52:22]: SELECT ctg_id, category_name  FROM  category     []
[SQL_LOG:2020-10-24 15:52:22]: SELECT item_id, item_name, price, image, ctg_id  FROM  item     []
[SQL_LOG:2020-10-24 15:52:35]: SELECT ctg_id, category_name  FROM  category     []
[SQL_LOG:2020-10-24 15:52:35]: SELECT item_id, item_name, detail, price, image, ctg_id FROM  item  WHERE  item_id = ?     [1]
[SQL_LOG:2020-10-24 15:52:37]: SELECT ctg_id, category_name  FROM  category     []
[SQL_LOG:2020-10-24 15:52:37]: SELECT item_id, item_name, price, image, ctg_id  FROM  item     []
[SQL_LOG:2020-10-24 15:52:58]: SELECT *  FROM  member  WHERE  mem_id = ?     [7]
[SQL_LOG:2020-10-24 15:53:03]: SELECT ctg_id, category_name  FROM  category     []
[SQL_LOG:2020-10-24 15:53:03]: SELECT item_id, item_name, price, image, ctg_id  FROM  item     []
[SQL_LOG:2020-10-24 15:55:46]: SELECT ctg_id, category_name  FROM  category     []
[SQL_LOG:2020-10-24 15:55:46]: SELECT item_id, item_name, price, image, ctg_id  FROM  item     []
[SQL_LOG:2020-10-24 15:56:17]: SELECT *  FROM  member  WHERE  mem_id = ?     [8]
[SQL_LOG:2020-10-24 15:56:22]: SELECT ctg_id, category_name  FROM  category     []
[SQL_LOG:2020-10-24 15:56:22]: SELECT item_id, item_name, price, image, ctg_id  FROM  item     []
[SQL_LOG:2020-10-24 15:58:19]: SELECT ctg_id, category_name  FROM  category     []
[SQL_LOG:2020-10-24 15:58:19]: SELECT item_id, item_name, price, image, ctg_id  FROM  item     []
[SQL_LOG:2020-10-24 15:58:22]: SELECT *  FROM  member  WHERE  mem_id = ?     [8]
[SQL_LOG:2020-10-24 15:58:24]: SELECT ctg_id, category_name  FROM  category     []
[SQL_LOG:2020-10-24 15:58:24]: SELECT item_id, item_name, price, image, ctg_id  FROM  item     []
[SQL_LOG:2020-10-24 15:58:29]: SELECT *  FROM member WHERE  email = ?    LIMIT  1   []
[SQL_LOG:2020-10-24 15:58:45]: SELECT *  FROM  member  WHERE  email = ?     [tttvvvaken@gmail.com]
[SQL_LOG:2020-10-24 15:59:11]: SELECT *  FROM  member  WHERE  email = ?     [tttvvvaken@gmail.co]
[SQL_LOG:2020-10-24 15:59:25]: SELECT *  FROM  member  WHERE  email = ?     [tttvvvaken@gmail.co]
[SQL_LOG:2020-10-24 15:59:25]: SELECT session_key  FROM  loginsession  WHERE  mem_id = ?     [8]
[SQL_LOG:2020-10-24 15:59:25]: SELECT ctg_id, category_name  FROM  category     []
[SQL_LOG:2020-10-24 15:59:25]: SELECT item_id, item_name, price, image, ctg_id  FROM  item     []
[SQL_LOG:2020-10-24 16:01:41]: SELECT *  FROM  member  WHERE  mem_id = ?     [8]
[SQL_LOG:2020-10-24 16:01:47]: SELECT ctg_id, category_name  FROM  category     []
[SQL_LOG:2020-10-24 16:01:47]: SELECT item_id, item_name, price, image, ctg_id  FROM  item     []
[SQL_LOG:2020-10-24 16:01:55]: SELECT *  FROM  member  WHERE  mem_id = ?     [8]
[SQL_LOG:2020-10-24 16:02:34]: SELECT ctg_id, category_name  FROM  category     []
[SQL_LOG:2020-10-24 16:02:34]: SELECT item_id, item_name, price, image, ctg_id  FROM  item     []
[SQL_LOG:2020-10-24 16:02:41]: SELECT *  FROM  member  WHERE  mem_id = ?     [8]
[SQL_LOG:2020-10-24 16:05:13]: SELECT ctg_id, category_name  FROM  category     []
[SQL_LOG:2020-10-24 16:05:13]: SELECT item_id, item_name, price, image, ctg_id  FROM  item     []
[SQL_LOG:2020-10-24 16:05:15]: SELECT ctg_id, category_name  FROM  category     []
[SQL_LOG:2020-10-24 16:05:15]: SELECT item_id, item_name, detail, price, image, ctg_id FROM  item  WHERE  item_id = ?     [1]
[SQL_LOG:2020-10-24 16:05:38]: SELECT *  FROM  member  WHERE  mem_id = ?     [8]
[SQL_LOG:2020-10-24 16:05:40]: SELECT *  FROM  member  WHERE  mem_id = ?     [8]
[SQL_LOG:2020-10-24 16:05:42]: SELECT *  FROM member WHERE  email = ?    LIMIT  1   [tttvvvaken@gmail.co]
[SQL_LOG:2020-10-24 16:07:12]: SELECT *  FROM  member  WHERE  mem_id = ?     [8]
[SQL_LOG:2020-10-24 16:07:49]: SELECT ctg_id, category_name  FROM  category     []
[SQL_LOG:2020-10-24 16:07:49]: SELECT item_id, item_name, price, image, ctg_id  FROM  item     []
[SQL_LOG:2020-10-24 16:07:50]: SELECT ctg_id, category_name  FROM  category     []
[SQL_LOG:2020-10-24 16:07:50]: SELECT  item_id, item_name, price, image, ctg_id  FROM item    []
[SQL_LOG:2020-10-24 16:09:13]: SELECT ctg_id, category_name  FROM  category     []
[SQL_LOG:2020-10-24 16:09:13]: SELECT  item_id, item_name, price, image, ctg_id  FROM item WHERE  item_name LIKE ?     [%ka%]
[SQL_LOG:2020-10-24 16:09:13]: SELECT item_id, item_name, price, image, ctg_id  FROM  item     []
[SQL_LOG:2020-10-24 16:09:26]: SELECT ctg_id, category_name  FROM  category     []
[SQL_LOG:2020-10-24 16:09:26]: SELECT  item_id, item_name, price, image, ctg_id  FROM item WHERE  item_name LIKE ?     [%ka%]
[SQL_LOG:2020-10-24 16:09:26]: SELECT item_id, item_name, price, image, ctg_id  FROM  item     []
[SQL_LOG:2020-10-24 16:09:27]: SELECT ctg_id, category_name  FROM  category     []
[SQL_LOG:2020-10-24 16:09:27]: SELECT  item_id, item_name, price, image, ctg_id  FROM item WHERE  item_name LIKE ?     [%ka%]
[SQL_LOG:2020-10-24 16:09:27]: SELECT item_id, item_name, price, image, ctg_id  FROM  item     []
[SQL_LOG:2020-10-24 16:09:27]: SELECT ctg_id, category_name  FROM  category     []
[SQL_LOG:2020-10-24 16:09:27]: SELECT  item_id, item_name, price, image, ctg_id  FROM item WHERE  item_name LIKE ?     [%ka%]
[SQL_LOG:2020-10-24 16:09:27]: SELECT item_id, item_name, price, image, ctg_id  FROM  item     []
[SQL_LOG:2020-10-24 16:09:27]: SELECT ctg_id, category_name  FROM  category     []
[SQL_LOG:2020-10-24 16:09:27]: SELECT  item_id, item_name, price, image, ctg_id  FROM item WHERE  item_name LIKE ?     [%ka%]
[SQL_LOG:2020-10-24 16:09:27]: SELECT item_id, item_name, price, image, ctg_id  FROM  item     []
[SQL_LOG:2020-10-24 16:09:27]: SELECT ctg_id, category_name  FROM  category     []
[SQL_LOG:2020-10-24 16:09:27]: SELECT  item_id, item_name, price, image, ctg_id  FROM item WHERE  item_name LIKE ?     [%ka%]
[SQL_LOG:2020-10-24 16:09:27]: SELECT item_id, item_name, price, image, ctg_id  FROM  item     []
[SQL_LOG:2020-10-24 16:09:27]: SELECT ctg_id, category_name  FROM  category     []
[SQL_LOG:2020-10-24 16:09:27]: SELECT  item_id, item_name, price, image, ctg_id  FROM item WHERE  item_name LIKE ?     [%ka%]
[SQL_LOG:2020-10-24 16:09:27]: SELECT item_id, item_name, price, image, ctg_id  FROM  item     []
[SQL_LOG:2020-10-24 16:09:59]: SELECT *  FROM  member  WHERE  mem_id = ?     [8]
[SQL_LOG:2020-10-24 16:11:04]: SELECT *  FROM  member  WHERE  mem_id = ?     [8]
[SQL_LOG:2020-10-24 16:11:05]: SELECT ctg_id, category_name  FROM  category     []
[SQL_LOG:2020-10-24 16:11:05]: SELECT item_id, item_name, price, image, ctg_id  FROM  item     []
[SQL_LOG:2020-10-24 16:11:43]: SELECT ctg_id, category_name  FROM  category     []
[SQL_LOG:2020-10-24 16:11:43]: SELECT item_id, item_name, price, image, ctg_id  FROM  item     []
[SQL_LOG:2020-10-24 16:11:45]: SELECT *  FROM  member  WHERE  mem_id = ?     [8]
[SQL_LOG:2020-10-24 16:11:46]: SELECT ctg_id, category_name  FROM  category     []
[SQL_LOG:2020-10-24 16:11:46]: SELECT item_id, item_name, price, image, ctg_id  FROM  item     []
[SQL_LOG:2020-10-24 16:11:50]: SELECT *  FROM  member  WHERE  mem_id = ?     [8]
[SQL_LOG:2020-10-24 16:11:52]: SELECT *  FROM  member  WHERE  mem_id = ?     [8]
[SQL_LOG:2020-10-24 16:11:53]: SELECT ctg_id, category_name  FROM  category     []
[SQL_LOG:2020-10-24 16:11:53]: SELECT item_id, item_name, price, image, ctg_id  FROM  item     []
[SQL_LOG:2020-10-24 16:21:53]: SELECT ctg_id, category_name  FROM  category     []
[SQL_LOG:2020-10-24 16:21:53]: SELECT  item_id, item_name, price, image, ctg_id  FROM item WHERE  item_name LIKE ?     [%ka%]
[SQL_LOG:2020-10-24 16:21:53]: SELECT item_id, item_name, price, image, ctg_id  FROM  item     []
[SQL_LOG:2020-10-24 16:39:59]: SELECT ctg_id, category_name  FROM  category     []
[SQL_LOG:2020-10-24 16:39:59]: SELECT item_id, item_name, price, image, ctg_id  FROM  item     []
[SQL_LOG:2020-10-24 16:40:07]: SELECT ctg_id, category_name  FROM  category     []
[SQL_LOG:2020-10-24 16:40:07]: SELECT item_id, item_name, price, image, ctg_id  FROM  item     []
[SQL_LOG:2020-10-24 16:40:32]: SELECT ctg_id, category_name  FROM  category     []
[SQL_LOG:2020-10-24 16:40:32]: SELECT item_id, item_name, price, image, ctg_id  FROM  item     []
[SQL_LOG:2020-10-24 16:47:13]: SELECT ctg_id, category_name  FROM  category     []
[SQL_LOG:2020-10-24 16:47:13]: SELECT item_id, item_name, price, image, ctg_id  FROM  item     []
[SQL_LOG:2020-10-24 16:47:14]: SELECT *  FROM  member  WHERE  mem_id = ?     [8]
[SQL_LOG:2020-10-24 16:47:17]: SELECT ctg_id, category_name  FROM  category     []
[SQL_LOG:2020-10-24 16:47:17]: SELECT item_id, item_name, price, image, ctg_id  FROM  item     []
[SQL_LOG:2020-10-24 16:47:20]: SELECT ctg_id, category_name  FROM  category     []
[SQL_LOG:2020-10-24 16:47:20]: SELECT  item_id, item_name, price, image, ctg_id  FROM item WHERE  item_name LIKE ?     [%ka%]
[SQL_LOG:2020-10-24 16:47:20]: SELECT item_id, item_name, price, image, ctg_id  FROM  item     []
[SQL_LOG:2020-10-24 16:47:22]: SELECT ctg_id, category_name  FROM  category     []
[SQL_LOG:2020-10-24 16:47:22]: SELECT item_id, item_name, detail, price, image, ctg_id FROM  item  WHERE  item_id = ?     [1]
[SQL_LOG:2020-10-24 16:47:30]: SELECT ctg_id, category_name  FROM  category     []
[SQL_LOG:2020-10-24 16:47:30]: SELECT item_id, item_name, price, image, ctg_id  FROM  item     []
[SQL_LOG:2020-10-24 16:47:32]: SELECT ctg_id, category_name  FROM  category     []
[SQL_LOG:2020-10-24 16:47:32]: SELECT item_id, item_name, detail, price, image, ctg_id FROM  item  WHERE  item_id = ?     [1]
[SQL_LOG:2020-10-24 16:47:33]: SELECT ctg_id, category_name  FROM  category     []
[SQL_LOG:2020-10-24 16:47:33]: SELECT item_id, item_name, price, image, ctg_id  FROM  item     []
[SQL_LOG:2020-10-24 16:47:37]: SELECT ctg_id, category_name  FROM  category     []
[SQL_LOG:2020-10-24 16:47:37]: SELECT item_id, item_name, detail, price, image, ctg_id FROM  item  WHERE  item_id = ?     [1]
[SQL_LOG:2020-10-24 16:47:38]: SELECT ctg_id, category_name  FROM  category     []
[SQL_LOG:2020-10-24 16:47:38]: SELECT item_id, item_name, price, image, ctg_id  FROM  item     []
[SQL_LOG:2020-10-24 16:47:40]: SELECT ctg_id, category_name  FROM  category     []
[SQL_LOG:2020-10-24 16:47:40]: SELECT item_id, item_name, detail, price, image, ctg_id FROM  item  WHERE  item_id = ?     [1]
[SQL_LOG:2020-10-24 16:52:51]: SELECT ctg_id, category_name  FROM  category     []
[SQL_LOG:2020-10-24 16:52:51]: SELECT item_id, item_name, price, image, ctg_id  FROM  item     []
[SQL_LOG:2020-10-24 16:52:53]: SELECT ctg_id, category_name  FROM  category     []
[SQL_LOG:2020-10-24 16:52:53]: SELECT  item_id, item_name, price, image, ctg_id  FROM item    []
[SQL_LOG:2020-10-24 16:52:55]: SELECT ctg_id, category_name  FROM  category     []
[SQL_LOG:2020-10-24 16:52:55]: SELECT  item_id, item_name, price, image, ctg_id  FROM item WHERE  item_name LIKE ?     [%ka%]
[SQL_LOG:2020-10-24 16:52:55]: SELECT item_id, item_name, price, image, ctg_id  FROM  item     []
[SQL_LOG:2020-10-24 16:52:57]: SELECT *  FROM  member  WHERE  mem_id = ?     [8]
[SQL_LOG:2020-10-24 16:53:00]: SELECT *  FROM  member  WHERE  mem_id = ?     [8]
[SQL_LOG:2020-10-24 16:53:02]: SELECT *  FROM member WHERE  email = ?    LIMIT  1   [tttvvvaken@gmail.co]
[SQL_LOG:2020-10-24 16:53:08]: SELECT *  FROM member WHERE  email = ?    LIMIT  1   [tttvvvaken@gmail.com]
[SQL_LOG:2020-10-24 16:53:10]: SELECT ctg_id, category_name  FROM  category     []
[SQL_LOG:2020-10-24 16:53:10]: SELECT item_id, item_name, price, image, ctg_id  FROM  item     []
[SQL_LOG:2020-10-24 16:54:13]: SELECT ctg_id, category_name  FROM  category     []
[SQL_LOG:2020-10-24 16:54:13]: SELECT item_id, item_name, detail, price, image, ctg_id FROM  item  WHERE  item_id = ?     [1]
[SQL_LOG:2020-10-24 17:07:47]: SELECT ctg_id, category_name  FROM  category     []
[SQL_LOG:2020-10-24 17:07:47]: SELECT item_id, item_name, price, image, ctg_id  FROM  item     []
[SQL_LOG:2020-10-24 17:07:49]: SELECT ctg_id, category_name  FROM  category     []
[SQL_LOG:2020-10-24 17:07:49]: SELECT  item_id, item_name, price, image, ctg_id  FROM item WHERE  item_name LIKE ?     [%ka%]
[SQL_LOG:2020-10-24 17:07:49]: SELECT item_id, item_name, price, image, ctg_id  FROM  item     []
[SQL_LOG:2020-10-24 17:07:55]: SELECT ctg_id, category_name  FROM  category     []
[SQL_LOG:2020-10-24 17:07:55]: SELECT  item_id, item_name, price, image, ctg_id  FROM item WHERE  item_name LIKE ?     [%た%]
[SQL_LOG:2020-10-24 17:08:02]: SELECT ctg_id, category_name  FROM  category     []
[SQL_LOG:2020-10-24 17:08:02]: SELECT item_id, item_name, price, image, ctg_id  FROM  item  WHERE  ctg_id = ?     [1]
[SQL_LOG:2020-10-24 17:08:04]: SELECT ctg_id, category_name  FROM  category     []
[SQL_LOG:2020-10-24 17:08:04]: SELECT item_id, item_name, price, image, ctg_id  FROM  item  WHERE  ctg_id = ?     [2]
[SQL_LOG:2020-10-24 17:08:10]: SELECT ctg_id, category_name  FROM  category     []
[SQL_LOG:2020-10-24 17:08:10]: SELECT  item_id, item_name, price, image, ctg_id  FROM item WHERE  item_name LIKE ?     [%た%]
[SQL_LOG:2020-10-24 17:09:38]: SELECT ctg_id, category_name  FROM  category     []
[SQL_LOG:2020-10-24 17:09:38]: SELECT  item_id, item_name, price, image, ctg_id  FROM item WHERE  item_name LIKE ?     [%た%]
[SQL_LOG:2020-10-24 17:09:39]: SELECT ctg_id, category_name  FROM  category     []
[SQL_LOG:2020-10-24 17:09:39]: SELECT  item_id, item_name, price, image, ctg_id  FROM item WHERE  item_name LIKE ?     [%た%]
[SQL_LOG:2020-10-24 17:11:40]: SELECT ctg_id, category_name  FROM  category     []
[SQL_LOG:2020-10-24 17:11:40]: SELECT  item_id, item_name, price, image, ctg_id  FROM item WHERE  item_name LIKE ?     [%ka%]
[SQL_LOG:2020-10-24 17:11:40]: SELECT item_id, item_name, price, image, ctg_id  FROM  item     []
[SQL_LOG:2020-10-24 17:13:08]: SELECT ctg_id, category_name  FROM  category     []
[SQL_LOG:2020-10-24 17:13:08]: SELECT  item_id, item_name, price, image, ctg_id  FROM item WHERE  item_name LIKE ?     [%ka%]
[SQL_LOG:2020-10-24 17:13:09]: SELECT ctg_id, category_name  FROM  category     []
[SQL_LOG:2020-10-24 17:13:09]: SELECT  item_id, item_name, price, image, ctg_id  FROM item WHERE  item_name LIKE ?     [%ka%]
[SQL_LOG:2020-10-24 17:13:46]: SELECT ctg_id, category_name  FROM  category     []
[SQL_LOG:2020-10-24 17:13:46]: SELECT  item_id, item_name, price, image, ctg_id  FROM item WHERE  item_name LIKE ?     [%ka%]
[SQL_LOG:2020-10-24 17:13:47]: SELECT ctg_id, category_name  FROM  category     []
[SQL_LOG:2020-10-24 17:13:47]: SELECT  item_id, item_name, price, image, ctg_id  FROM item WHERE  item_name LIKE ?     [%ka%]
[SQL_LOG:2020-10-24 17:13:47]: SELECT ctg_id, category_name  FROM  category     []
[SQL_LOG:2020-10-24 17:13:47]: SELECT  item_id, item_name, price, image, ctg_id  FROM item WHERE  item_name LIKE ?     [%ka%]
[SQL_LOG:2020-10-24 17:15:53]: SELECT ctg_id, category_name  FROM  category     []
[SQL_LOG:2020-10-24 17:15:53]: SELECT item_id, item_name, price, image, ctg_id  FROM  item     []
[SQL_LOG:2020-10-24 17:15:55]: SELECT ctg_id, category_name  FROM  category     []
[SQL_LOG:2020-10-24 17:15:55]: SELECT  item_id, item_name, price, image, ctg_id  FROM item    []
[SQL_LOG:2020-10-24 17:17:17]: SELECT ctg_id, category_name  FROM  category     []
[SQL_LOG:2020-10-24 17:17:17]: SELECT  item_id, item_name, price, image, ctg_id  FROM item WHERE  item_name LIKE ?     [%ka%]
[SQL_LOG:2020-10-24 17:21:44]: SELECT ctg_id, category_name  FROM  category     []
[SQL_LOG:2020-10-24 17:21:44]: SELECT  item_id, item_name, price, image, ctg_id  FROM item WHERE  item_name LIKE ?     [%た%]
[SQL_LOG:2020-10-24 17:22:31]: SELECT ctg_id, category_name  FROM  category     []
[SQL_LOG:2020-10-24 17:22:31]: SELECT  item_id, item_name, price, image, ctg_id  FROM item WHERE  item_name LIKE ?     [%ka%]
[SQL_LOG:2020-10-24 17:23:35]: SELECT ctg_id, category_name  FROM  category     []
[SQL_LOG:2020-10-24 17:23:35]: SELECT  item_id, item_name, price, image, ctg_id  FROM item WHERE  item_name LIKE ?     [%た%]
[SQL_LOG:2020-10-24 17:25:08]: SELECT ctg_id, category_name  FROM  category     []
[SQL_LOG:2020-10-24 17:25:08]: SELECT  item_id, item_name, price, image, ctg_id  FROM item WHERE  item_name LIKE ?     [%ka%]
[SQL_LOG:2020-10-24 17:27:56]: SELECT ctg_id, category_name  FROM  category     []
[SQL_LOG:2020-10-24 17:27:56]: SELECT item_id, item_name, price, image, ctg_id  FROM  item     []
[SQL_LOG:2020-10-24 17:28:45]: SELECT ctg_id, category_name  FROM  category     []
[SQL_LOG:2020-10-24 17:28:45]: SELECT  item_id, item_name, price, image, ctg_id  FROM item    []
[SQL_LOG:2020-10-24 17:28:45]: SELECT ctg_id, category_name  FROM  category     []
[SQL_LOG:2020-10-24 17:28:45]: SELECT  item_id, item_name, price, image, ctg_id  FROM item    []
[SQL_LOG:2020-10-24 17:28:54]: SELECT ctg_id, category_name  FROM  category     []
[SQL_LOG:2020-10-24 17:28:54]: SELECT item_id, item_name, detail, price, image, ctg_id FROM  item  WHERE  item_id = ?     [1]
[SQL_LOG:2020-10-24 17:29:02]: SELECT ctg_id, category_name  FROM  category     []
[SQL_LOG:2020-10-24 17:29:02]: SELECT  item_id, item_name, price, image, ctg_id  FROM item    []
[SQL_LOG:2020-10-24 17:29:04]: SELECT ctg_id, category_name  FROM  category     []
[SQL_LOG:2020-10-24 17:29:04]: SELECT item_id, item_name, detail, price, image, ctg_id FROM  item  WHERE  item_id = ?     [1]
[SQL_LOG:2020-10-24 17:29:07]: SELECT ctg_id, category_name  FROM  category     []
[SQL_LOG:2020-10-24 17:29:07]: SELECT item_id, item_name, price, image, ctg_id  FROM  item     []
[SQL_LOG:2020-10-24 17:29:09]: SELECT ctg_id, category_name  FROM  category     []
[SQL_LOG:2020-10-24 17:29:09]: SELECT item_id, item_name, detail, price, image, ctg_id FROM  item  WHERE  item_id = ?     [1]
[SQL_LOG:2020-10-24 17:29:11]: SELECT ctg_id, category_name  FROM  category     []
[SQL_LOG:2020-10-24 17:29:11]: SELECT item_id, item_name, price, image, ctg_id  FROM  item     []
[SQL_LOG:2020-10-24 17:29:13]: SELECT ctg_id, category_name  FROM  category     []
[SQL_LOG:2020-10-24 17:29:13]: SELECT item_id, item_name, detail, price, image, ctg_id FROM  item  WHERE  item_id = ?     [1]
[SQL_LOG:2020-10-24 17:29:14]: SELECT ctg_id, category_name  FROM  category     []
[SQL_LOG:2020-10-24 17:29:14]: SELECT item_id, item_name, price, image, ctg_id  FROM  item     []
[SQL_LOG:2020-10-24 17:29:17]: SELECT ctg_id, category_name  FROM  category     []
[SQL_LOG:2020-10-24 17:29:17]: SELECT item_id, item_name, detail, price, image, ctg_id FROM  item  WHERE  item_id = ?     [1]
[SQL_LOG:2020-10-24 17:29:23]: SELECT ctg_id, category_name  FROM  category     []
[SQL_LOG:2020-10-24 17:29:23]: SELECT item_id, item_name, price, image, ctg_id  FROM  item     []
[SQL_LOG:2020-10-24 17:29:25]: SELECT ctg_id, category_name  FROM  category     []
[SQL_LOG:2020-10-24 17:29:25]: SELECT  item_id, item_name, price, image, ctg_id  FROM item WHERE  item_name LIKE ?     [%た%]
[SQL_LOG:2020-10-24 17:29:26]: SELECT ctg_id, category_name  FROM  category     []
[SQL_LOG:2020-10-24 17:29:26]: SELECT item_id, item_name, detail, price, image, ctg_id FROM  item  WHERE  item_id = ?     [1]
[SQL_LOG:2020-10-24 17:29:34]: SELECT ctg_id, category_name  FROM  category     []
[SQL_LOG:2020-10-24 17:29:34]: SELECT item_id, item_name, price, image, ctg_id  FROM  item     []
[SQL_LOG:2020-10-24 17:29:36]: SELECT ctg_id, category_name  FROM  category     []
[SQL_LOG:2020-10-24 17:29:36]: SELECT item_id, item_name, detail, price, image, ctg_id FROM  item  WHERE  item_id = ?     [1]
[SQL_LOG:2020-10-24 17:30:24]: SELECT ctg_id, category_name  FROM  category     []
[SQL_LOG:2020-10-24 17:30:24]: SELECT item_id, item_name, price, image, ctg_id  FROM  item     []
[SQL_LOG:2020-10-24 17:30:25]: SELECT ctg_id, category_name  FROM  category     []
[SQL_LOG:2020-10-24 17:30:25]: SELECT  item_id, item_name, price, image, ctg_id  FROM item WHERE  item_name LIKE ?     [%た%]
[SQL_LOG:2020-10-24 17:30:27]: SELECT ctg_id, category_name  FROM  category     []
[SQL_LOG:2020-10-24 17:30:27]: SELECT item_id, item_name, detail, price, image, ctg_id FROM  item  WHERE  item_id = ?     [1]
[SQL_LOG:2020-10-24 17:30:42]: SELECT ctg_id, category_name  FROM  category     []
[SQL_LOG:2020-10-24 17:30:42]: SELECT  item_id, item_name, price, image, ctg_id  FROM item WHERE  item_name LIKE ?     [%た%]
[SQL_LOG:2020-10-24 17:30:46]: SELECT ctg_id, category_name  FROM  category     []
[SQL_LOG:2020-10-24 17:30:46]: SELECT item_id, item_name, detail, price, image, ctg_id FROM  item  WHERE  item_id = ?     [1]
[SQL_LOG:2020-10-24 17:31:07]: SELECT ctg_id, category_name  FROM  category     []
[SQL_LOG:2020-10-24 17:31:07]: SELECT  item_id, item_name, price, image, ctg_id  FROM item WHERE  item_name LIKE ?     [%た%]
[SQL_LOG:2020-10-24 17:31:17]: SELECT ctg_id, category_name  FROM  category     []
[SQL_LOG:2020-10-24 17:31:17]: SELECT item_id, item_name, detail, price, image, ctg_id FROM  item  WHERE  item_id = ?     [1]
[SQL_LOG:2020-10-24 17:31:31]: SELECT ctg_id, category_name  FROM  category     []
[SQL_LOG:2020-10-24 17:31:31]: SELECT  item_id, item_name, price, image, ctg_id  FROM item WHERE  item_name LIKE ?     [%た%]
[SQL_LOG:2020-10-24 17:33:23]: SELECT ctg_id, category_name  FROM  category     []
[SQL_LOG:2020-10-24 17:33:23]: SELECT item_id, item_name, price, image, ctg_id  FROM  item     []
[SQL_LOG:2020-10-24 17:33:34]: SELECT ctg_id, category_name  FROM  category     []
[SQL_LOG:2020-10-24 17:33:34]: SELECT item_id, item_name, detail, price, image, ctg_id FROM  item  WHERE  item_id = ?     [1]
[SQL_LOG:2020-10-24 18:37:23]: SELECT ctg_id, category_name  FROM  category     []
[SQL_LOG:2020-10-24 18:37:23]: SELECT item_id, item_name, price, image, ctg_id  FROM  item     []
[SQL_LOG:2020-10-24 18:37:27]: SELECT ctg_id, category_name  FROM  category     []
[SQL_LOG:2020-10-24 18:37:27]: SELECT  item_id, item_name, price, image, ctg_id  FROM item    []
[SQL_LOG:2020-10-24 18:37:34]: SELECT ctg_id, category_name  FROM  category     []
[SQL_LOG:2020-10-24 18:37:34]: SELECT  item_id, item_name, price, image, ctg_id  FROM item    []
[SQL_LOG:2020-10-24 18:46:39]: SELECT ctg_id, category_name  FROM  category     []
[SQL_LOG:2020-10-24 18:46:39]: SELECT  item_id, item_name, price, image, ctg_id  FROM item    []
[SQL_LOG:2020-10-24 18:46:41]: SELECT ctg_id, category_name  FROM  category     []
[SQL_LOG:2020-10-24 18:46:41]: SELECT  item_id, item_name, price, image, ctg_id  FROM item    []
[SQL_LOG:2020-10-24 18:46:43]: SELECT ctg_id, category_name  FROM  category     []
[SQL_LOG:2020-10-24 18:46:43]: SELECT  item_id, item_name, price, image, ctg_id  FROM item WHERE  item_name LIKE ?     [%ka%]
[SQL_LOG:2020-10-24 18:50:22]: SELECT ctg_id, category_name  FROM  category     []
[SQL_LOG:2020-10-24 18:50:22]: SELECT  item_id, item_name, price, image, ctg_id  FROM item WHERE  item_name LIKE ?     [%ka%]
[SQL_LOG:2020-10-24 18:50:23]: SELECT ctg_id, category_name  FROM  category     []
[SQL_LOG:2020-10-24 18:50:23]: SELECT  item_id, item_name, price, image, ctg_id  FROM item WHERE  item_name LIKE ?     [%ka%]
[SQL_LOG:2020-10-24 18:50:23]: SELECT ctg_id, category_name  FROM  category     []
[SQL_LOG:2020-10-24 18:50:23]: SELECT  item_id, item_name, price, image, ctg_id  FROM item WHERE  item_name LIKE ?     [%ka%]
[SQL_LOG:2020-10-24 18:50:23]: SELECT ctg_id, category_name  FROM  category     []
[SQL_LOG:2020-10-24 18:50:23]: SELECT  item_id, item_name, price, image, ctg_id  FROM item WHERE  item_name LIKE ?     [%ka%]
[SQL_LOG:2020-10-24 18:50:23]: SELECT ctg_id, category_name  FROM  category     []
[SQL_LOG:2020-10-24 18:50:23]: SELECT  item_id, item_name, price, image, ctg_id  FROM item WHERE  item_name LIKE ?     [%ka%]
[SQL_LOG:2020-10-24 18:50:23]: SELECT ctg_id, category_name  FROM  category     []
[SQL_LOG:2020-10-24 18:50:23]: SELECT  item_id, item_name, price, image, ctg_id  FROM item WHERE  item_name LIKE ?     [%ka%]
[SQL_LOG:2020-10-24 19:24:09]: SELECT ctg_id, category_name  FROM  category     []
[SQL_LOG:2020-10-24 19:24:09]: SELECT  item_id, item_name, price, image, ctg_id  FROM item WHERE  item_name LIKE ?     [%ka%]
[SQL_LOG:2020-10-24 19:24:10]: SELECT ctg_id, category_name  FROM  category     []
[SQL_LOG:2020-10-24 19:24:10]: SELECT  item_id, item_name, price, image, ctg_id  FROM item WHERE  item_name LIKE ?     [%ka%]
[SQL_LOG:2020-10-24 19:24:10]: SELECT ctg_id, category_name  FROM  category     []
[SQL_LOG:2020-10-24 19:24:10]: SELECT  item_id, item_name, price, image, ctg_id  FROM item WHERE  item_name LIKE ?     [%ka%]
[SQL_LOG:2020-10-24 19:30:17]: SELECT ctg_id, category_name  FROM  category     []
[SQL_LOG:2020-10-24 19:30:17]: SELECT  item_id, item_name, price, image, ctg_id  FROM item WHERE  item_name LIKE ?     [%た%]
[SQL_LOG:2020-10-24 19:30:18]: SELECT ctg_id, category_name  FROM  category     []
[SQL_LOG:2020-10-24 19:30:18]: SELECT  item_id, item_name, price, image, ctg_id  FROM item WHERE  item_name LIKE ?     [%た%]
[SQL_LOG:2020-10-24 19:30:43]: SELECT ctg_id, category_name  FROM  category     []
[SQL_LOG:2020-10-24 19:30:43]: SELECT item_id, item_name, detail, price, image, ctg_id FROM  item  WHERE  item_id = ?     [1]
[SQL_LOG:2020-10-24 19:30:48]: SELECT ctg_id, category_name  FROM  category     []
[SQL_LOG:2020-10-24 19:30:48]: SELECT  item_id, item_name, price, image, ctg_id  FROM item WHERE  item_name LIKE ?     [%た%]
[SQL_LOG:2020-10-24 19:30:50]: SELECT ctg_id, category_name  FROM  category     []
[SQL_LOG:2020-10-24 19:30:50]: SELECT  item_id, item_name, price, image, ctg_id  FROM item WHERE  item_name LIKE ?     [%た%]
[SQL_LOG:2020-10-24 19:30:50]: SELECT ctg_id, category_name  FROM  category     []
[SQL_LOG:2020-10-24 19:30:50]: SELECT  item_id, item_name, price, image, ctg_id  FROM item WHERE  item_name LIKE ?     [%た%]
[SQL_LOG:2020-10-24 19:30:50]: SELECT ctg_id, category_name  FROM  category     []
[SQL_LOG:2020-10-24 19:30:50]: SELECT  item_id, item_name, price, image, ctg_id  FROM item WHERE  item_name LIKE ?     [%た%]
[SQL_LOG:2020-10-24 19:30:50]: SELECT ctg_id, category_name  FROM  category     []
[SQL_LOG:2020-10-24 19:30:50]: SELECT  item_id, item_name, price, image, ctg_id  FROM item WHERE  item_name LIKE ?     [%た%]
[SQL_LOG:2020-10-24 19:31:48]: SELECT ctg_id, category_name  FROM  category     []
[SQL_LOG:2020-10-24 19:31:48]: SELECT  item_id, item_name, price, image, ctg_id  FROM item WHERE  item_name LIKE ?     [%た%]
[SQL_LOG:2020-10-24 19:53:00]: SELECT *  FROM  member  WHERE  mem_id = ?     [8]
[SQL_LOG:2020-10-24 19:53:25]: SELECT *  FROM  member  WHERE  mem_id = ?     [8]
[SQL_LOG:2020-10-24 19:53:50]: SELECT *  FROM  member  WHERE  mem_id = ?     [8]
[SQL_LOG:2020-10-24 19:53:52]: SELECT *  FROM  member  WHERE  mem_id = ?     [8]
[SQL_LOG:2020-10-24 19:53:53]: SELECT *  FROM  member  WHERE  mem_id = ?     [8]
[SQL_LOG:2020-10-24 19:53:55]: SELECT *  FROM  member  WHERE  mem_id = ?     [8]
[SQL_LOG:2020-10-24 19:54:24]: SELECT *  FROM  member  WHERE  mem_id = ?     [8]
[SQL_LOG:2020-10-24 19:54:27]: SELECT ctg_id, category_name  FROM  category     []
[SQL_LOG:2020-10-24 19:54:27]: SELECT item_id, item_name, price, image, ctg_id  FROM  item     []
[SQL_LOG:2020-10-24 19:54:28]: SELECT *  FROM  member  WHERE  mem_id = ?     [8]
[SQL_LOG:2020-10-24 19:54:31]: SELECT *  FROM  member  WHERE  mem_id = ?     [8]
[SQL_LOG:2020-10-24 19:54:33]: SELECT ctg_id, category_name  FROM  category     []
[SQL_LOG:2020-10-24 19:54:33]: SELECT item_id, item_name, price, image, ctg_id  FROM  item     []
[SQL_LOG:2020-10-24 19:54:35]: SELECT c.crt_id, i.item_id, i.item_name, i.price, i.image FROM  cart c LEFT JOIN item i ON c.item_id = i.item_id  WHERE  c.customer_no = ? AND c.delete_flg = ?    [8,0]
[SQL_LOG:2020-10-24 19:54:35]: SELECT SUM(i.price) AS totalPrice  FROM  cart c LEFT JOIN item i ON c.item_id = i.item_id  WHERE  c.customer_no = ? AND c.delete_flg = ?    [8,0]
[SQL_LOG:2020-10-24 19:54:35]: SELECT SUM(num) AS num  FROM  cart c  WHERE  c.customer_no = ? AND c.delete_flg = ?    [8,0]
[SQL_LOG:2020-10-24 19:54:36]: SELECT ctg_id, category_name  FROM  category     []
[SQL_LOG:2020-10-24 19:54:36]: SELECT item_id, item_name, price, image, ctg_id  FROM  item     []
