[SQL_LOG:2020-10-31 00:09:44]: SELECT ctg_id, category_name  FROM  category     []
[SQL_LOG:2020-10-31 00:09:44]: SELECT item_id, item_name, detail, price, image, ctg_id FROM  item  WHERE  item_id = ?     [1]
[SQL_LOG:2020-10-31 00:09:44]: SELECT COUNT(*) AS NUM  FROM  likes  WHERE  item_id = ?     [1]
[SQL_LOG:2020-10-31 00:09:44]: SELECT *  FROM  likes  WHERE  item_id = ? AND mem_id = ?     [1,7]
[SQL_LOG:2020-10-31 00:16:52]: SELECT *  FROM  likes  WHERE  item_id = ? AND mem_id = ?     [1,7]
[SQL_LOG:2020-10-31 00:16:52]: INSERT INTO likes (item_id,mem_id,regist_date)VALUES(?,?,?) [1,7,2020-10-31 00:16:52]
[SQL_LOG:2020-10-31 00:17:20]: SELECT *  FROM  likes  WHERE  item_id = ? AND mem_id = ?     [1,7]
[SQL_LOG:2020-10-31 00:17:20]: DELETE FROM likes WHERE item_id = ? AND mem_id = ?  [1,7]
[SQL_LOG:2020-10-31 00:17:24]: SELECT *  FROM  likes  WHERE  item_id = ? AND mem_id = ?     [1,7]
[SQL_LOG:2020-10-31 00:17:24]: INSERT INTO likes (item_id,mem_id,regist_date)VALUES(?,?,?) [1,7,2020-10-31 00:17:24]
[SQL_LOG:2020-10-31 00:17:27]: SELECT *  FROM  likes  WHERE  item_id = ? AND mem_id = ?     [1,7]
[SQL_LOG:2020-10-31 00:17:27]: DELETE FROM likes WHERE item_id = ? AND mem_id = ?  [1,7]
[SQL_LOG:2020-10-31 00:18:09]: SELECT *  FROM  member  WHERE  mem_id = ?     [7]
[SQL_LOG:2020-10-31 00:18:11]: SELECT ctg_id, category_name  FROM  category     []
[SQL_LOG:2020-10-31 00:18:11]: SELECT item_id, item_name, price, image, ctg_id  FROM  item     []
[SQL_LOG:2020-10-31 00:18:13]: SELECT ctg_id, category_name  FROM  category     []
[SQL_LOG:2020-10-31 00:18:13]: SELECT item_id, item_name, detail, price, image, ctg_id FROM  item  WHERE  item_id = ?     [1]
[SQL_LOG:2020-10-31 00:18:13]: SELECT COUNT(*) AS NUM  FROM  likes  WHERE  item_id = ?     [1]
[SQL_LOG:2020-10-31 00:18:13]: SELECT *  FROM  likes  WHERE  item_id = ? AND mem_id = ?     [1,7]
[SQL_LOG:2020-10-31 00:18:17]: SELECT ctg_id, category_name  FROM  category     []
[SQL_LOG:2020-10-31 00:18:17]: SELECT item_id, item_name, price, image, ctg_id  FROM  item     []
[SQL_LOG:2020-10-31 00:18:22]: SELECT *  FROM  member  WHERE  mem_id = ?     [7]
[SQL_LOG:2020-10-31 00:18:23]: SELECT mem_id, family_name, first_name, family_name_kana, first_name_kana, email, user_id, sex, traffic, regist_date, update_date  FROM  member     []
[SQL_LOG:2020-10-31 00:18:25]: SELECT *  FROM  member  WHERE  mem_id = ?     [2]
[SQL_LOG:2020-10-31 00:18:26]: SELECT mem_id, family_name, first_name, family_name_kana, first_name_kana, email, user_id, sex, traffic, regist_date, update_date  FROM  member     []
[SQL_LOG:2020-10-31 00:18:28]: SELECT *  FROM  member  WHERE  mem_id = ?     [4]
[SQL_LOG:2020-10-31 00:18:30]: SELECT mem_id, family_name, first_name, family_name_kana, first_name_kana, email, user_id, sex, traffic, regist_date, update_date  FROM  member     []
[SQL_LOG:2020-10-31 00:18:32]: SELECT *  FROM  member  WHERE  mem_id = ?     [6]
[SQL_LOG:2020-10-31 00:18:33]: SELECT mem_id, family_name, first_name, family_name_kana, first_name_kana, email, user_id, sex, traffic, regist_date, update_date  FROM  member     []
[SQL_LOG:2020-10-31 00:18:35]: SELECT *  FROM  member  WHERE  mem_id = ?     [7]
[SQL_LOG:2020-10-31 00:18:37]: SELECT mem_id, family_name, first_name, family_name_kana, first_name_kana, email, user_id, sex, traffic, regist_date, update_date  FROM  member     []
[SQL_LOG:2020-10-31 00:18:39]: SELECT *  FROM  member  WHERE  mem_id = ?     [7]
[SQL_LOG:2020-10-31 00:18:43]: SELECT c.crt_id, i.item_id, i.item_name, i.price, i.image FROM  cart c LEFT JOIN item i ON c.item_id = i.item_id  WHERE  c.customer_no = ? AND c.delete_flg = ?    [7,0]
[SQL_LOG:2020-10-31 00:18:43]: SELECT SUM(i.price) AS totalPrice  FROM  cart c LEFT JOIN item i ON c.item_id = i.item_id  WHERE  c.customer_no = ? AND c.delete_flg = ?    [7,0]
[SQL_LOG:2020-10-31 00:18:43]: SELECT SUM(num) AS num  FROM  cart c  WHERE  c.customer_no = ? AND c.delete_flg = ?    [7,0]
[SQL_LOG:2020-10-31 00:18:45]: SELECT ctg_id, category_name  FROM  category     []
[SQL_LOG:2020-10-31 00:18:45]: SELECT item_id, item_name, price, image, ctg_id  FROM  item     []
[SQL_LOG:2020-10-31 00:21:34]: SELECT ctg_id, category_name  FROM  category     []
[SQL_LOG:2020-10-31 00:21:34]: SELECT item_id, item_name, detail, price, image, ctg_id FROM  item  WHERE  item_id = ?     [5]
[SQL_LOG:2020-10-31 00:21:34]: SELECT COUNT(*) AS NUM  FROM  likes  WHERE  item_id = ?     [5]
[SQL_LOG:2020-10-31 00:21:34]: SELECT *  FROM  likes  WHERE  item_id = ? AND mem_id = ?     [5,7]
[SQL_LOG:2020-10-31 00:21:35]: SELECT *  FROM  likes  WHERE  item_id = ? AND mem_id = ?     [5,7]
[SQL_LOG:2020-10-31 00:21:35]: INSERT INTO likes (item_id,mem_id,regist_date)VALUES(?,?,?) [5,7,2020-10-31 00:21:35]
[SQL_LOG:2020-10-31 00:21:38]: SELECT ctg_id, category_name  FROM  category     []
[SQL_LOG:2020-10-31 00:21:38]: SELECT item_id, item_name, price, image, ctg_id  FROM  item  WHERE  ctg_id = ?     [3]
[SQL_LOG:2020-10-31 00:21:42]: SELECT ctg_id, category_name  FROM  category     []
[SQL_LOG:2020-10-31 00:21:42]: SELECT item_id, item_name, detail, price, image, ctg_id FROM  item  WHERE  item_id = ?     [12]
[SQL_LOG:2020-10-31 00:21:42]: SELECT COUNT(*) AS NUM  FROM  likes  WHERE  item_id = ?     [12]
[SQL_LOG:2020-10-31 00:21:42]: SELECT *  FROM  likes  WHERE  item_id = ? AND mem_id = ?     [12,7]
[SQL_LOG:2020-10-31 00:21:43]: SELECT *  FROM  likes  WHERE  item_id = ? AND mem_id = ?     [12,7]
[SQL_LOG:2020-10-31 00:21:43]: INSERT INTO likes (item_id,mem_id,regist_date)VALUES(?,?,?) [12,7,2020-10-31 00:21:43]
[SQL_LOG:2020-10-31 00:23:27]: SELECT *  FROM  likes  WHERE  item_id = ? AND mem_id = ?     [12,7]
[SQL_LOG:2020-10-31 00:23:27]: DELETE FROM likes WHERE item_id = ? AND mem_id = ?  [12,7]
[SQL_LOG:2020-10-31 00:23:31]: SELECT *  FROM  likes  WHERE  item_id = ? AND mem_id = ?     [12,7]
[SQL_LOG:2020-10-31 00:23:31]: INSERT INTO likes (item_id,mem_id,regist_date)VALUES(?,?,?) [12,7,2020-10-31 00:23:31]
[SQL_LOG:2020-10-31 10:02:04]: SELECT ctg_id, category_name  FROM  category     []
[SQL_LOG:2020-10-31 10:02:04]: SELECT item_id, item_name, price, image, ctg_id  FROM  item     []
[SQL_LOG:2020-10-31 10:02:07]: SELECT *  FROM  member  WHERE  mem_id = ?     [7]
[SQL_LOG:2020-10-31 10:02:09]: SELECT ctg_id, category_name  FROM  category     []
[SQL_LOG:2020-10-31 10:02:09]: SELECT item_id, item_name, price, image, ctg_id  FROM  item     []
[SQL_LOG:2020-10-31 10:02:18]: SELECT *  FROM  member  WHERE  email = ?     [tttvvvaken@gmail.com]
[SQL_LOG:2020-10-31 10:02:19]: SELECT session_key  FROM  loginsession  WHERE  mem_id = ?     [7]
[SQL_LOG:2020-10-31 10:02:19]: SELECT ctg_id, category_name  FROM  category     []
[SQL_LOG:2020-10-31 10:02:19]: SELECT item_id, item_name, price, image, ctg_id  FROM  item     []
[SQL_LOG:2020-10-31 10:03:23]: SELECT ctg_id, category_name  FROM  category     []
[SQL_LOG:2020-10-31 10:03:23]: SELECT item_id, item_name, price, image, ctg_id  FROM  item     []
[SQL_LOG:2020-10-31 10:03:26]: SELECT *  FROM  member  WHERE  mem_id = ?     [7]
[SQL_LOG:2020-10-31 10:03:28]: SELECT *  FROM  member  WHERE  mem_id = ?     [7]
[SQL_LOG:2020-10-31 10:03:31]: SELECT *  FROM  member  WHERE  mem_id = ?     [7]
[SQL_LOG:2020-10-31 10:03:35]: SELECT ctg_id, category_name  FROM  category     []
[SQL_LOG:2020-10-31 10:03:35]: SELECT item_id, item_name, price, image, ctg_id  FROM  item     []
[SQL_LOG:2020-10-31 10:03:45]: SELECT *  FROM  member  WHERE  email = ?     [tttvvvaken@gmail.com]
[SQL_LOG:2020-10-31 10:03:45]: SELECT session_key  FROM  loginsession  WHERE  mem_id = ?     [7]
[SQL_LOG:2020-10-31 10:03:45]: SELECT ctg_id, category_name  FROM  category     []
[SQL_LOG:2020-10-31 10:03:45]: SELECT item_id, item_name, price, image, ctg_id  FROM  item     []
[SQL_LOG:2020-10-31 10:03:53]: SELECT ctg_id, category_name  FROM  category     []
[SQL_LOG:2020-10-31 10:03:53]: SELECT item_id, item_name, detail, price, image, ctg_id FROM  item  WHERE  item_id = ?     [1]
[SQL_LOG:2020-10-31 10:03:53]: SELECT COUNT(*) AS NUM  FROM  likes  WHERE  item_id = ?     [1]
[SQL_LOG:2020-10-31 10:03:53]: SELECT *  FROM  likes  WHERE  item_id = ? AND mem_id = ?     [1,7]
[SQL_LOG:2020-10-31 10:03:54]: SELECT *  FROM  likes  WHERE  item_id = ? AND mem_id = ?     [1,7]
[SQL_LOG:2020-10-31 10:03:54]: INSERT INTO likes (item_id,mem_id,regist_date)VALUES(?,?,?) [1,7,2020-10-31 10:03:54]
[SQL_LOG:2020-10-31 10:04:10]: SELECT *  FROM  likes  WHERE  item_id = ? AND mem_id = ?     [1,7]
[SQL_LOG:2020-10-31 10:04:10]: DELETE FROM likes WHERE item_id = ? AND mem_id = ?  [1,7]
[SQL_LOG:2020-10-31 10:04:26]: SELECT *  FROM  likes  WHERE  item_id = ? AND mem_id = ?     [1,7]
[SQL_LOG:2020-10-31 10:04:26]: INSERT INTO likes (item_id,mem_id,regist_date)VALUES(?,?,?) [1,7,2020-10-31 10:04:26]
[SQL_LOG:2020-10-31 10:05:23]: SELECT ctg_id, category_name  FROM  category     []
[SQL_LOG:2020-10-31 10:05:23]: SELECT item_id, item_name, price, image, ctg_id  FROM  item     []
[SQL_LOG:2020-10-31 10:05:24]: SELECT ctg_id, category_name  FROM  category     []
[SQL_LOG:2020-10-31 10:05:24]: SELECT item_id, item_name, price, image, ctg_id  FROM  item     []
[SQL_LOG:2020-10-31 10:08:23]: SELECT ctg_id, category_name  FROM  category     []
[SQL_LOG:2020-10-31 10:08:23]: SELECT item_id, item_name, price, image, ctg_id  FROM  item     []
[SQL_LOG:2020-10-31 10:08:24]: SELECT *  FROM  member  WHERE  mem_id = ?     [7]
[SQL_LOG:2020-10-31 10:08:26]: SELECT *  FROM  member  WHERE  mem_id = ?     [7]
[SQL_LOG:2020-10-31 10:08:28]: SELECT *  FROM member WHERE  email = ?    LIMIT  1   [tttvvvaken@gmail.com]
[SQL_LOG:2020-10-31 10:08:30]: SELECT ctg_id, category_name  FROM  category     []
[SQL_LOG:2020-10-31 10:08:30]: SELECT item_id, item_name, price, image, ctg_id  FROM  item     []
[SQL_LOG:2020-10-31 10:08:32]: SELECT ctg_id, category_name  FROM  category     []
[SQL_LOG:2020-10-31 10:08:32]: SELECT item_id, item_name, detail, price, image, ctg_id FROM  item  WHERE  item_id = ?     [1]
[SQL_LOG:2020-10-31 10:08:32]: SELECT COUNT(*) AS NUM  FROM  likes  WHERE  item_id = ?     [1]
[SQL_LOG:2020-10-31 10:08:32]: SELECT *  FROM  likes  WHERE  item_id = ? AND mem_id = ?     [1,7]
[SQL_LOG:2020-10-31 10:08:33]: SELECT *  FROM  likes  WHERE  item_id = ? AND mem_id = ?     [1,7]
[SQL_LOG:2020-10-31 10:08:33]: DELETE FROM likes WHERE item_id = ? AND mem_id = ?  [1,7]
[SQL_LOG:2020-10-31 10:08:45]: SELECT *  FROM  likes  WHERE  item_id = ? AND mem_id = ?     [1,7]
[SQL_LOG:2020-10-31 10:08:45]: INSERT INTO likes (item_id,mem_id,regist_date)VALUES(?,?,?) [1,7,2020-10-31 10:08:45]
[SQL_LOG:2020-10-31 10:09:02]: SELECT ctg_id, category_name  FROM  category     []
[SQL_LOG:2020-10-31 10:09:02]: SELECT item_id, item_name, detail, price, image, ctg_id FROM  item  WHERE  item_id = ?     [1]
[SQL_LOG:2020-10-31 10:09:02]: SELECT COUNT(*) AS NUM  FROM  likes  WHERE  item_id = ?     [1]
[SQL_LOG:2020-10-31 10:09:02]: SELECT *  FROM  likes  WHERE  item_id = ? AND mem_id = ?     [1,7]
[SQL_LOG:2020-10-31 10:11:27]: SELECT ctg_id, category_name  FROM  category     []
[SQL_LOG:2020-10-31 10:11:27]: SELECT item_id, item_name, price, image, ctg_id  FROM  item     []
[SQL_LOG:2020-10-31 10:12:36]: SELECT ctg_id, category_name  FROM  category     []
[SQL_LOG:2020-10-31 10:12:36]: SELECT item_id, item_name, detail, price, image, ctg_id FROM  item  WHERE  item_id = ?     [1]
[SQL_LOG:2020-10-31 10:12:36]: SELECT COUNT(*) AS NUM  FROM  likes  WHERE  item_id = ?     [1]
[SQL_LOG:2020-10-31 10:12:36]: SELECT *  FROM  likes  WHERE  item_id = ? AND mem_id = ?     [1,7]
[SQL_LOG:2020-10-31 10:52:58]: SELECT *  FROM  member  WHERE  mem_id = ?     [7]
[SQL_LOG:2020-10-31 10:53:02]: SELECT ctg_id, category_name  FROM  category     []
[SQL_LOG:2020-10-31 10:53:02]: SELECT item_id, item_name, price, image, ctg_id  FROM  item     []
[SQL_LOG:2020-10-31 10:53:13]: SELECT ctg_id, category_name  FROM  category     []
[SQL_LOG:2020-10-31 10:53:13]: SELECT item_id, item_name, price, image, ctg_id  FROM  item     []
[SQL_LOG:2020-10-31 10:53:28]: SELECT *  FROM  member  WHERE  email = ?     [tttvvvaken@gmail.com]
[SQL_LOG:2020-10-31 10:53:28]: SELECT session_key  FROM  loginsession  WHERE  mem_id = ?     [7]
[SQL_LOG:2020-10-31 10:53:28]: SELECT ctg_id, category_name  FROM  category     []
[SQL_LOG:2020-10-31 10:53:28]: SELECT item_id, item_name, price, image, ctg_id  FROM  item     []
[SQL_LOG:2020-10-31 10:53:58]: SELECT *  FROM  member  WHERE  mem_id = ?     [7]
[SQL_LOG:2020-10-31 10:54:00]: SELECT ctg_id, category_name  FROM  category     []
[SQL_LOG:2020-10-31 10:54:00]: SELECT item_id, item_name, price, image, ctg_id  FROM  item     []
[SQL_LOG:2020-10-31 10:54:48]: SELECT *  FROM  member  WHERE  mem_id = ?     [7]
[SQL_LOG:2020-10-31 10:54:49]: SELECT ctg_id, category_name  FROM  category     []
[SQL_LOG:2020-10-31 10:54:49]: SELECT item_id, item_name, price, image, ctg_id  FROM  item     []
[SQL_LOG:2020-10-31 10:55:09]: SELECT *  FROM member WHERE  email = ?    LIMIT  1   [tttvvvaken@gmail.co]
[SQL_LOG:2020-10-31 10:56:16]: SELECT *  FROM member WHERE  email = ?    LIMIT  1   [tttvvvaken@gmail.co]
[SQL_LOG:2020-10-31 10:56:25]: SELECT *  FROM member WHERE  email = ?    LIMIT  1   [tttvvvaken@gmail.co]
[SQL_LOG:2020-10-31 10:57:26]: SELECT *  FROM  member  WHERE  email = ?     [tttvvvaken@gmail.com]
[SQL_LOG:2020-10-31 10:57:26]: SELECT session_key  FROM  loginsession  WHERE  mem_id = ?     [7]
[SQL_LOG:2020-10-31 10:57:26]: SELECT ctg_id, category_name  FROM  category     []
[SQL_LOG:2020-10-31 10:57:26]: SELECT item_id, item_name, price, image, ctg_id  FROM  item     []
[SQL_LOG:2020-10-31 10:57:28]: SELECT *  FROM  member  WHERE  mem_id = ?     [7]
[SQL_LOG:2020-10-31 10:57:30]: SELECT ctg_id, category_name  FROM  category     []
[SQL_LOG:2020-10-31 10:57:30]: SELECT item_id, item_name, price, image, ctg_id  FROM  item     []
[SQL_LOG:2020-10-31 10:57:39]: SELECT *  FROM  member  WHERE  email = ?     [tttvvvaken@gmail.co]
[SQL_LOG:2020-10-31 10:57:39]: SELECT session_key  FROM  loginsession  WHERE  mem_id = ?     [8]
[SQL_LOG:2020-10-31 10:57:39]: SELECT ctg_id, category_name  FROM  category     []
[SQL_LOG:2020-10-31 10:57:39]: SELECT item_id, item_name, price, image, ctg_id  FROM  item     []
[SQL_LOG:2020-10-31 10:57:42]: SELECT *  FROM  member  WHERE  mem_id = ?     [8]
[SQL_LOG:2020-10-31 11:10:19]: SELECT ctg_id, category_name  FROM  category     []
[SQL_LOG:2020-10-31 11:10:19]: SELECT item_id, item_name, price, image, ctg_id  FROM  item     []
[SQL_LOG:2020-10-31 11:10:20]: SELECT *  FROM  member  WHERE  mem_id = ?     [8]
[SQL_LOG:2020-10-31 11:10:28]: SELECT *  FROM  member  WHERE  mem_id = ?     [8]
[SQL_LOG:2020-10-31 11:10:29]: SELECT *  FROM  member  WHERE  mem_id = ?     [8]
[SQL_LOG:2020-10-31 11:10:30]: SELECT *  FROM  member  WHERE  mem_id = ?     [8]
[SQL_LOG:2020-10-31 11:10:31]: SELECT *  FROM member WHERE  email = ?    LIMIT  1   [tttvvvaken@gmail.co]
[SQL_LOG:2020-10-31 11:10:33]: SELECT ctg_id, category_name  FROM  category     []
[SQL_LOG:2020-10-31 11:10:33]: SELECT item_id, item_name, price, image, ctg_id  FROM  item     []
[SQL_LOG:2020-10-31 11:10:35]: SELECT ctg_id, category_name  FROM  category     []
[SQL_LOG:2020-10-31 11:10:35]: SELECT item_id, item_name, detail, price, image, ctg_id FROM  item  WHERE  item_id = ?     [1]
[SQL_LOG:2020-10-31 11:10:35]: SELECT COUNT(*) AS NUM  FROM  likes  WHERE  item_id = ?     [1]
[SQL_LOG:2020-10-31 11:10:35]: SELECT *  FROM  likes  WHERE  item_id = ? AND mem_id = ?     [1,8]
[SQL_LOG:2020-10-31 11:10:38]: SELECT ctg_id, category_name  FROM  category     []
[SQL_LOG:2020-10-31 11:10:38]: SELECT item_id, item_name, price, image, ctg_id  FROM  item     []
[SQL_LOG:2020-10-31 11:11:47]: SELECT ctg_id, category_name  FROM  category     []
[SQL_LOG:2020-10-31 11:11:47]: SELECT item_id, item_name, detail, price, image, ctg_id FROM  item  WHERE  item_id = ?     [1]
[SQL_LOG:2020-10-31 11:11:47]: SELECT COUNT(*) AS NUM  FROM  likes  WHERE  item_id = ?     [1]
[SQL_LOG:2020-10-31 11:11:47]: SELECT *  FROM  likes  WHERE  item_id = ? AND mem_id = ?     [1,8]
[SQL_LOG:2020-10-31 11:11:49]: SELECT ctg_id, category_name  FROM  category     []
[SQL_LOG:2020-10-31 11:11:49]: SELECT item_id, item_name, price, image, ctg_id  FROM  item     []
[SQL_LOG:2020-10-31 11:11:57]: SELECT ctg_id, category_name  FROM  category     []
[SQL_LOG:2020-10-31 11:11:57]: SELECT item_id, item_name, price, image, ctg_id  FROM  item     []
[SQL_LOG:2020-10-31 11:12:00]: SELECT ctg_id, category_name  FROM  category     []
[SQL_LOG:2020-10-31 11:12:00]: SELECT item_id, item_name, price, image, ctg_id  FROM  item     []
[SQL_LOG:2020-10-31 11:49:21]: SELECT ctg_id, category_name  FROM  category     []
[SQL_LOG:2020-10-31 11:49:21]: SELECT item_id, item_name, price, image, ctg_id  FROM  item     []
[SQL_LOG:2020-10-31 11:50:30]: SELECT ctg_id, category_name  FROM  category     []
[SQL_LOG:2020-10-31 11:50:30]: SELECT item_id, item_name, price, image, ctg_id  FROM  item     []
[SQL_LOG:2020-10-31 11:50:30]: SELECT ctg_id, category_name  FROM  category     []
[SQL_LOG:2020-10-31 11:50:30]: SELECT item_id, item_name, price, image, ctg_id  FROM  item     []
[SQL_LOG:2020-10-31 11:50:54]: SELECT ctg_id, category_name  FROM  category     []
[SQL_LOG:2020-10-31 11:50:54]: SELECT item_id, item_name, price, image, ctg_id  FROM  item     []
[SQL_LOG:2020-10-31 11:53:09]: SELECT ctg_id, category_name  FROM  category     []
[SQL_LOG:2020-10-31 11:53:09]: SELECT item_id, item_name, price, image, ctg_id  FROM  item     []
[SQL_LOG:2020-10-31 11:53:12]: SELECT ctg_id, category_name  FROM  category     []
[SQL_LOG:2020-10-31 11:53:12]: SELECT item_id, item_name, price, image, ctg_id  FROM  item     []
[SQL_LOG:2020-10-31 11:54:48]: SELECT ctg_id, category_name  FROM  category     []
[SQL_LOG:2020-10-31 11:54:48]: SELECT item_id, item_name, price, image, ctg_id  FROM  item     []
[SQL_LOG:2020-10-31 11:54:49]: SELECT ctg_id, category_name  FROM  category     []
[SQL_LOG:2020-10-31 11:54:49]: SELECT item_id, item_name, price, image, ctg_id  FROM  item     []
[SQL_LOG:2020-10-31 11:54:52]: SELECT ctg_id, category_name  FROM  category     []
[SQL_LOG:2020-10-31 11:54:52]: SELECT item_id, item_name, price, image, ctg_id  FROM  item     []
[SQL_LOG:2020-10-31 11:55:34]: SELECT ctg_id, category_name  FROM  category     []
[SQL_LOG:2020-10-31 11:55:34]: SELECT item_id, item_name, price, image, ctg_id  FROM  item     []
[SQL_LOG:2020-10-31 11:55:37]: SELECT ctg_id, category_name  FROM  category     []
[SQL_LOG:2020-10-31 11:55:37]: SELECT item_id, item_name, price, image, ctg_id  FROM  item     []
[SQL_LOG:2020-10-31 12:07:45]: SELECT ctg_id, category_name  FROM  category     []
[SQL_LOG:2020-10-31 12:07:45]: SELECT item_id, item_name, price, image, ctg_id  FROM  item     []
[SQL_LOG:2020-10-31 12:19:41]: SELECT ctg_id, category_name  FROM  category     []
[SQL_LOG:2020-10-31 12:19:41]: SELECT item_id, item_name, price, image, ctg_id  FROM  item     []
[SQL_LOG:2020-10-31 16:11:14]: SELECT *  FROM  member  WHERE  email = ?     [tttvvvaken@gmail.com]
[SQL_LOG:2020-10-31 16:11:14]: SELECT session_key  FROM  loginsession  WHERE  mem_id = ?     [7]
[SQL_LOG:2020-10-31 16:11:14]: SELECT ctg_id, category_name  FROM  category     []
[SQL_LOG:2020-10-31 16:11:14]: SELECT item_id, item_name, price, image, ctg_id  FROM  item     []
[SQL_LOG:2020-10-31 16:11:40]: SELECT ctg_id, category_name  FROM  category     []
[SQL_LOG:2020-10-31 16:11:40]: SELECT item_id, item_name, price, image, ctg_id  FROM  item     []
[SQL_LOG:2020-10-31 16:23:55]: SELECT ctg_id, category_name  FROM  category     []
[SQL_LOG:2020-10-31 16:23:55]: SELECT item_id, item_name, price, image, ctg_id  FROM  item     []
[SQL_LOG:2020-10-31 16:23:56]: SELECT *  FROM  member  WHERE  mem_id = ?     [7]
[SQL_LOG:2020-10-31 16:23:57]: SELECT c.crt_id, i.item_id, i.item_name, i.price, i.image FROM  cart c LEFT JOIN item i ON c.item_id = i.item_id  WHERE  c.customer_no = ? AND c.delete_flg = ?    [7,0]
[SQL_LOG:2020-10-31 16:23:57]: SELECT SUM(i.price) AS totalPrice  FROM  cart c LEFT JOIN item i ON c.item_id = i.item_id  WHERE  c.customer_no = ? AND c.delete_flg = ?    [7,0]
[SQL_LOG:2020-10-31 16:23:57]: SELECT SUM(num) AS num  FROM  cart c  WHERE  c.customer_no = ? AND c.delete_flg = ?    [7,0]
[SQL_LOG:2020-10-31 16:23:59]: SELECT mem_id, family_name, first_name, family_name_kana, first_name_kana, email, user_id, sex, traffic, regist_date, update_date  FROM  member     []
[SQL_LOG:2020-10-31 16:24:00]: SELECT c.crt_id, i.item_id, i.item_name, i.price, i.image FROM  cart c LEFT JOIN item i ON c.item_id = i.item_id  WHERE  c.customer_no = ? AND c.delete_flg = ?    [7,0]
[SQL_LOG:2020-10-31 16:24:00]: SELECT SUM(i.price) AS totalPrice  FROM  cart c LEFT JOIN item i ON c.item_id = i.item_id  WHERE  c.customer_no = ? AND c.delete_flg = ?    [7,0]
[SQL_LOG:2020-10-31 16:24:00]: SELECT SUM(num) AS num  FROM  cart c  WHERE  c.customer_no = ? AND c.delete_flg = ?    [7,0]
[SQL_LOG:2020-10-31 16:29:37]: SELECT *  FROM  member  WHERE  mem_id = ?     [7]
[SQL_LOG:2020-10-31 16:29:38]: SELECT ctg_id, category_name  FROM  category     []
[SQL_LOG:2020-10-31 16:29:38]: SELECT item_id, item_name, price, image, ctg_id  FROM  item     []
[SQL_LOG:2020-10-31 16:33:44]: SELECT c.crt_id, i.item_id, i.item_name, i.price, i.image FROM  cart c LEFT JOIN item i ON c.item_id = i.item_id  WHERE  c.customer_no = ? AND c.delete_flg = ?    [7,0]
[SQL_LOG:2020-10-31 16:33:44]: SELECT SUM(i.price) AS totalPrice  FROM  cart c LEFT JOIN item i ON c.item_id = i.item_id  WHERE  c.customer_no = ? AND c.delete_flg = ?    [7,0]
[SQL_LOG:2020-10-31 16:33:44]: SELECT SUM(num) AS num  FROM  cart c  WHERE  c.customer_no = ? AND c.delete_flg = ?    [7,0]
[SQL_LOG:2020-10-31 16:33:44]: SELECT ctg_id, category_name  FROM  category     []
[SQL_LOG:2020-10-31 16:33:44]: SELECT item_id, item_name, price, image, ctg_id  FROM  item     []
