[SQL_LOG:2020-10-18 22:40:55]: SELECT ctg_id, category_name  FROM  category     []
[SQL_LOG:2020-10-18 22:40:55]: SELECT item_id, item_name, price, image, ctg_id  FROM  item     []
[SQL_LOG:2020-10-18 22:41:02]: SELECT *  FROM  member  WHERE  email = ?     [tttvvvaken@gmail.com]
[SQL_LOG:2020-10-18 22:41:03]: SELECT session_key  FROM  loginsession  WHERE  mem_id = ?     [3]
[SQL_LOG:2020-10-18 22:41:03]: SELECT ctg_id, category_name  FROM  category     []
[SQL_LOG:2020-10-18 22:41:03]: SELECT item_id, item_name, price, image, ctg_id  FROM  item     []
[SQL_LOG:2020-10-18 22:41:05]: SELECT *  FROM  member  WHERE  mem_id = ?     [3]
[SQL_LOG:2020-10-18 22:43:54]: SELECT *  FROM  member  WHERE  mem_id = ?     [3]
[SQL_LOG:2020-10-18 22:43:57]: SELECT ctg_id, category_name  FROM  category     []
[SQL_LOG:2020-10-18 22:43:57]: SELECT item_id, item_name, price, image, ctg_id  FROM  item     []
[SQL_LOG:2020-10-18 22:43:59]: SELECT *  FROM  member  WHERE  mem_id = ?     [3]
[SQL_LOG:2020-10-18 22:48:25]: SELECT *  FROM  member  WHERE  mem_id = ?     [3]
[SQL_LOG:2020-10-18 22:51:29]: SELECT *  FROM  member  WHERE  mem_id = ?     [3]
[SQL_LOG:2020-10-18 22:51:50]: SELECT *  FROM  member  WHERE  mem_id = ?     [3]
[SQL_LOG:2020-10-18 22:51:51]: SELECT *  FROM  member  WHERE  mem_id = ?     [3]
[SQL_LOG:2020-10-18 22:55:02]: SELECT ctg_id, category_name  FROM  category     []
[SQL_LOG:2020-10-18 22:55:02]: SELECT item_id, item_name, price, image, ctg_id  FROM  item     []
[SQL_LOG:2020-10-18 22:55:19]: SELECT pref, city, town  FROM  postcode  WHERE  zip = ?    LIMIT  1   [1460092]
[SQL_LOG:2020-10-18 22:55:27]: SELECT *  FROM member WHERE  email = ?    LIMIT  1   [tttvvvaken@gmail.com]
[SQL_LOG:2020-10-18 22:55:32]: SELECT *  FROM member WHERE  email = ?    LIMIT  1   [tttvvvaken@gmail.e]
[SQL_LOG:2020-10-18 22:57:53]: SELECT ctg_id, category_name  FROM  category     []
[SQL_LOG:2020-10-18 22:57:53]: SELECT item_id, item_name, price, image, ctg_id  FROM  item     []
[SQL_LOG:2020-10-18 22:58:05]: SELECT *  FROM  member  WHERE  email = ?     [tttvvvaken@gmail.com]
[SQL_LOG:2020-10-18 22:58:05]: SELECT session_key  FROM  loginsession  WHERE  mem_id = ?     [3]
[SQL_LOG:2020-10-18 22:58:05]: SELECT ctg_id, category_name  FROM  category     []
[SQL_LOG:2020-10-18 22:58:05]: SELECT item_id, item_name, price, image, ctg_id  FROM  item     []
[SQL_LOG:2020-10-18 22:58:07]: SELECT *  FROM member WHERE  email = ?    LIMIT  1   [tttvvvaken@gmail.e]
[SQL_LOG:2020-10-18 22:58:14]: SELECT *  FROM  member  WHERE  mem_id = ?     [3]
[SQL_LOG:2020-10-18 22:58:16]: SELECT *  FROM  member  WHERE  mem_id = ?     [3]
[SQL_LOG:2020-10-18 23:01:50]: SELECT *  FROM  member  WHERE  mem_id = ?     [3]
[SQL_LOG:2020-10-18 23:02:10]: SELECT *  FROM  member  WHERE  mem_id = ?     [3]
[SQL_LOG:2020-10-18 23:02:12]: SELECT *  FROM  member  WHERE  mem_id = ?     [3]
[SQL_LOG:2020-10-18 23:03:24]: SELECT *  FROM  member  WHERE  mem_id = ?     [3]
[SQL_LOG:2020-10-18 23:03:27]: SELECT ctg_id, category_name  FROM  category     []
[SQL_LOG:2020-10-18 23:03:27]: SELECT item_id, item_name, price, image, ctg_id  FROM  item     []
[SQL_LOG:2020-10-18 23:03:33]: SELECT *  FROM  member  WHERE  mem_id = ?     [3]
[SQL_LOG:2020-10-18 23:03:46]: SELECT *  FROM  member  WHERE  mem_id = ?     [3]
[SQL_LOG:2020-10-18 23:03:47]: SELECT *  FROM  member  WHERE  mem_id = ?     [3]
[SQL_LOG:2020-10-18 23:03:58]: SELECT *  FROM  member  WHERE  mem_id = ?     [3]
[SQL_LOG:2020-10-18 23:04:01]: SELECT *  FROM  member  WHERE  mem_id = ?     [3]
[SQL_LOG:2020-10-18 23:07:20]: SELECT *  FROM  member  WHERE  mem_id = ?     [3]
[SQL_LOG:2020-10-18 23:07:21]: SELECT *  FROM  member  WHERE  mem_id = ?     [3]
[SQL_LOG:2020-10-18 23:07:26]: SELECT *  FROM  member  WHERE  mem_id = ?     [3]
[SQL_LOG:2020-10-18 23:07:47]: SELECT *  FROM  member  WHERE  mem_id = ?     [3]
[SQL_LOG:2020-10-18 23:14:02]: SELECT *  FROM  member  WHERE  mem_id = ?     [3]
[SQL_LOG:2020-10-18 23:14:09]: SELECT *  FROM  member  WHERE  mem_id = ?     [3]
[SQL_LOG:2020-10-18 23:14:11]: SELECT *  FROM  member  WHERE  mem_id = ?     [3]
[SQL_LOG:2020-10-18 23:14:12]: SELECT *  FROM  member  WHERE  mem_id = ?     [3]
[SQL_LOG:2020-10-18 23:14:14]: SELECT *  FROM  member  WHERE  mem_id = ?     [3]
[SQL_LOG:2020-10-18 23:14:15]: SELECT *  FROM  member  WHERE  mem_id = ?     [3]
[SQL_LOG:2020-10-18 23:14:35]: SELECT *  FROM  member  WHERE  mem_id = ?     [3]
[SQL_LOG:2020-10-18 23:14:45]: SELECT ctg_id, category_name  FROM  category     []
[SQL_LOG:2020-10-18 23:14:45]: SELECT item_id, item_name, price, image, ctg_id  FROM  item     []
[SQL_LOG:2020-10-18 23:14:46]: SELECT *  FROM  member  WHERE  mem_id = ?     [3]
[SQL_LOG:2020-10-18 23:14:48]: SELECT *  FROM  member  WHERE  mem_id = ?     [3]
[SQL_LOG:2020-10-18 23:14:54]: SELECT *  FROM  member  WHERE  mem_id = ?     [3]
[SQL_LOG:2020-10-18 23:14:55]: SELECT ctg_id, category_name  FROM  category     []
[SQL_LOG:2020-10-18 23:14:55]: SELECT item_id, item_name, price, image, ctg_id  FROM  item     []
[SQL_LOG:2020-10-18 23:14:57]: SELECT *  FROM  member  WHERE  mem_id = ?     [3]
[SQL_LOG:2020-10-18 23:14:59]: SELECT ctg_id, category_name  FROM  category     []
[SQL_LOG:2020-10-18 23:14:59]: SELECT item_id, item_name, price, image, ctg_id  FROM  item     []
[SQL_LOG:2020-10-18 23:15:44]: SELECT *  FROM  member  WHERE  mem_id = ?     [3]
[SQL_LOG:2020-10-18 23:15:45]: SELECT *  FROM  member  WHERE  mem_id = ?     [3]
[SQL_LOG:2020-10-18 23:17:23]: SELECT *  FROM  member  WHERE  mem_id = ?     [3]
[SQL_LOG:2020-10-18 23:17:25]: SELECT *  FROM  member  WHERE  mem_id = ?     [3]
[SQL_LOG:2020-10-18 23:17:27]: SELECT *  FROM member WHERE  email = ?    LIMIT  1   [tttvvvaken@gmail.com]
[SQL_LOG:2020-10-18 23:17:38]: SELECT *  FROM  member  WHERE  mem_id = ?     [3]
[SQL_LOG:2020-10-18 23:17:39]: SELECT *  FROM member WHERE  email = ?    LIMIT  1   [tttvvvaken@gmail.com]
[SQL_LOG:2020-10-18 23:18:30]: SELECT ctg_id, category_name  FROM  category     []
[SQL_LOG:2020-10-18 23:18:30]: SELECT item_id, item_name, price, image, ctg_id  FROM  item     []
[SQL_LOG:2020-10-18 23:18:31]: SELECT *  FROM  member  WHERE  mem_id = ?     [3]
[SQL_LOG:2020-10-18 23:18:33]: SELECT *  FROM  member  WHERE  mem_id = ?     [3]
[SQL_LOG:2020-10-18 23:18:40]: SELECT *  FROM  member  WHERE  mem_id = ?     [3]
[SQL_LOG:2020-10-18 23:19:24]: SELECT customer_no  FROM  session  WHERE  session_key = ?     [kb2tg1ng3eeg5no843lfh0kc69]
[SQL_LOG:2020-10-18 23:19:24]: SELECT c.crt_id, i.item_id, i.item_name, i.price, i.image FROM  cart c LEFT JOIN item i ON c.item_id = i.item_id  WHERE  c.customer_no = ? AND c.delete_flg = ?    [8,0]
[SQL_LOG:2020-10-18 23:19:24]: SELECT SUM(i.price) AS totalPrice  FROM  cart c LEFT JOIN item i ON c.item_id = i.item_id  WHERE  c.customer_no = ? AND c.delete_flg = ?    [8,0]
[SQL_LOG:2020-10-18 23:19:24]: SELECT SUM(num) AS num  FROM  cart c  WHERE  c.customer_no = ? AND c.delete_flg = ?    [8,0]
[SQL_LOG:2020-10-18 23:19:25]: SELECT ctg_id, category_name  FROM  category     []
[SQL_LOG:2020-10-18 23:19:25]: SELECT item_id, item_name, price, image, ctg_id  FROM  item     []
[SQL_LOG:2020-10-18 23:19:27]: SELECT *  FROM  member  WHERE  mem_id = ?     [3]
[SQL_LOG:2020-10-18 23:19:28]: SELECT *  FROM  member  WHERE  mem_id = ?     [3]
[SQL_LOG:2020-10-18 23:19:45]: SELECT *  FROM  member  WHERE  mem_id = ?     [3]
[SQL_LOG:2020-10-18 23:19:46]: SELECT *  FROM  member  WHERE  mem_id = ?     [3]
[SQL_LOG:2020-10-18 23:19:47]: SELECT *  FROM  member  WHERE  mem_id = ?     [3]
[SQL_LOG:2020-10-18 23:19:50]: SELECT *  FROM  member  WHERE  mem_id = ?     [3]
[SQL_LOG:2020-10-18 23:19:51]: SELECT *  FROM  member  WHERE  mem_id = ?     [3]
[SQL_LOG:2020-10-18 23:19:52]: SELECT *  FROM member WHERE  email = ?    LIMIT  1   [tttvvvaken@gmail.com]
[SQL_LOG:2020-10-18 23:20:39]: SELECT *  FROM  member  WHERE  mem_id = ?     [3]
[SQL_LOG:2020-10-18 23:20:41]: SELECT *  FROM  member  WHERE  mem_id = ?     [3]
[SQL_LOG:2020-10-18 23:20:42]: SELECT *  FROM  member  WHERE  mem_id = ?     [3]
[SQL_LOG:2020-10-18 23:20:43]: SELECT *  FROM  member  WHERE  mem_id = ?     [3]
[SQL_LOG:2020-10-18 23:20:44]: SELECT ctg_id, category_name  FROM  category     []
[SQL_LOG:2020-10-18 23:20:44]: SELECT item_id, item_name, price, image, ctg_id  FROM  item     []
[SQL_LOG:2020-10-18 23:20:45]: SELECT *  FROM  member  WHERE  mem_id = ?     [3]
[SQL_LOG:2020-10-18 23:20:47]: SELECT *  FROM  member  WHERE  mem_id = ?     [3]
[SQL_LOG:2020-10-18 23:20:48]: SELECT *  FROM  member  WHERE  mem_id = ?     [3]
[SQL_LOG:2020-10-18 23:20:49]: SELECT ctg_id, category_name  FROM  category     []
[SQL_LOG:2020-10-18 23:20:49]: SELECT item_id, item_name, price, image, ctg_id  FROM  item     []
[SQL_LOG:2020-10-18 23:21:47]: SELECT *  FROM  member  WHERE  mem_id = ?     [3]
[SQL_LOG:2020-10-18 23:21:49]: SELECT *  FROM  member  WHERE  mem_id = ?     [3]
[SQL_LOG:2020-10-18 23:21:51]: SELECT *  FROM  member  WHERE  mem_id = ?     [3]
[SQL_LOG:2020-10-18 23:21:57]: SELECT *  FROM  member  WHERE  mem_id = ?     [3]
[SQL_LOG:2020-10-18 23:22:00]: SELECT *  FROM  member  WHERE  mem_id = ?     [3]
[SQL_LOG:2020-10-18 23:22:04]: SELECT *  FROM  member  WHERE  mem_id = ?     [3]
[SQL_LOG:2020-10-18 23:22:07]: SELECT *  FROM  member  WHERE  mem_id = ?     [3]
[SQL_LOG:2020-10-18 23:22:08]: SELECT *  FROM  member  WHERE  mem_id = ?     [3]
[SQL_LOG:2020-10-18 23:22:11]: SELECT mem_id, family_name, first_name, family_name_kana, first_name_kana, email, user_id, sex, traffic, regist_date, update_date  FROM  member     []
[SQL_LOG:2020-10-18 23:22:14]: SELECT *  FROM  member  WHERE  mem_id = ?     [3]
[SQL_LOG:2020-10-18 23:22:16]: SELECT mem_id, family_name, first_name, family_name_kana, first_name_kana, email, user_id, sex, traffic, regist_date, update_date  FROM  member     []
[SQL_LOG:2020-10-18 23:22:17]: SELECT *  FROM  member  WHERE  mem_id = ?     [2]
[SQL_LOG:2020-10-18 23:22:18]: SELECT mem_id, family_name, first_name, family_name_kana, first_name_kana, email, user_id, sex, traffic, regist_date, update_date  FROM  member     []
[SQL_LOG:2020-10-18 23:22:23]: SELECT *  FROM  member  WHERE  mem_id = ?     [3]
[SQL_LOG:2020-10-18 23:22:24]: SELECT mem_id, family_name, first_name, family_name_kana, first_name_kana, email, user_id, sex, traffic, regist_date, update_date  FROM  member     []
[SQL_LOG:2020-10-18 23:22:25]: SELECT *  FROM  member  WHERE  mem_id = ?     [3]
[SQL_LOG:2020-10-18 23:23:28]: SELECT *  FROM  member  WHERE  mem_id = ?     [3]
[SQL_LOG:2020-10-18 23:23:30]: SELECT *  FROM member WHERE  email = ?    LIMIT  1   [tttvvvaken@gmail.com]
[SQL_LOG:2020-10-18 23:33:11]: SELECT *  FROM member WHERE  email = ?    LIMIT  1   [tttvvvaken@gmail.com]
[SQL_LOG:2020-10-18 23:33:12]: SELECT *  FROM member WHERE  email = ?    LIMIT  1   [tttvvvaken@gmail.com]
[SQL_LOG:2020-10-18 23:33:43]: SELECT *  FROM member WHERE  email = ?    LIMIT  1   [tttvvvaken@gmail.c]
[SQL_LOG:2020-10-18 23:34:45]: SELECT *  FROM  member  WHERE  mem_id = ?     [3]
[SQL_LOG:2020-10-18 23:34:47]: SELECT *  FROM  member  WHERE  mem_id = ?     [3]
[SQL_LOG:2020-10-18 23:34:48]: SELECT mem_id, family_name, first_name, family_name_kana, first_name_kana, email, user_id, sex, traffic, regist_date, update_date  FROM  member     []
[SQL_LOG:2020-10-18 23:34:49]: SELECT *  FROM  member  WHERE  mem_id = ?     [3]
[SQL_LOG:2020-10-18 23:34:53]: SELECT *  FROM  member  WHERE  mem_id = ?     [3]
[SQL_LOG:2020-10-18 23:35:45]: SELECT *  FROM member WHERE  email = ?    LIMIT  1   [tttvvvaken@gmail.com]
[SQL_LOG:2020-10-18 23:36:52]: SELECT ctg_id, category_name  FROM  category     []
[SQL_LOG:2020-10-18 23:36:52]: SELECT item_id, item_name, price, image, ctg_id  FROM  item     []
[SQL_LOG:2020-10-18 23:36:53]: SELECT *  FROM  member  WHERE  mem_id = ?     [3]
[SQL_LOG:2020-10-18 23:36:55]: SELECT *  FROM  member  WHERE  mem_id = ?     [3]
[SQL_LOG:2020-10-18 23:36:56]: SELECT *  FROM member WHERE  email = ?    LIMIT  1   [tttvvvaken@gmail.com]
[SQL_LOG:2020-10-18 23:38:35]: SELECT *  FROM member WHERE  email = ?    LIMIT  1   [tttvvvaken@gmail.com]
[SQL_LOG:2020-10-18 23:38:38]: SELECT *  FROM  member  WHERE  mem_id = ?     [3]
[SQL_LOG:2020-10-18 23:38:40]: SELECT ctg_id, category_name  FROM  category     []
[SQL_LOG:2020-10-18 23:38:40]: SELECT item_id, item_name, price, image, ctg_id  FROM  item     []
[SQL_LOG:2020-10-18 23:38:42]: SELECT *  FROM  member  WHERE  mem_id = ?     [3]
[SQL_LOG:2020-10-18 23:38:43]: SELECT *  FROM  member  WHERE  mem_id = ?     [3]
[SQL_LOG:2020-10-18 23:38:44]: SELECT *  FROM  member  WHERE  mem_id = ?     [3]
[SQL_LOG:2020-10-18 23:38:45]: SELECT *  FROM  member  WHERE  mem_id = ?     [3]
[SQL_LOG:2020-10-18 23:38:46]: SELECT *  FROM member WHERE  email = ?    LIMIT  1   [tttvvvaken@gmail.com]
[SQL_LOG:2020-10-18 23:38:54]: SELECT *  FROM  member  WHERE  mem_id = ?     [3]
[SQL_LOG:2020-10-18 23:39:29]: SELECT pref, city, town  FROM  postcode  WHERE  zip = ?    LIMIT  1   [1080023]
[SQL_LOG:2020-10-18 23:39:49]: SELECT *  FROM member WHERE  email = ?    LIMIT  1   [user_list_admin@ff.n]
[SQL_LOG:2020-10-18 23:40:44]: SELECT *  FROM  member  WHERE  mem_id = ?     [3]
[SQL_LOG:2020-10-18 23:40:46]: SELECT *  FROM  member  WHERE  mem_id = ?     [3]
[SQL_LOG:2020-10-18 23:40:47]: SELECT *  FROM member WHERE  email = ?    LIMIT  1   [tttvvvaken@gmail.com]
[SQL_LOG:2020-10-18 23:41:59]: SELECT ctg_id, category_name  FROM  category     []
[SQL_LOG:2020-10-18 23:41:59]: SELECT item_id, item_name, price, image, ctg_id  FROM  item     []
[SQL_LOG:2020-10-18 23:42:00]: SELECT *  FROM  member  WHERE  mem_id = ?     [3]
[SQL_LOG:2020-10-18 23:43:53]: SELECT ctg_id, category_name  FROM  category     []
[SQL_LOG:2020-10-18 23:43:53]: SELECT item_id, item_name, price, image, ctg_id  FROM  item     []
[SQL_LOG:2020-10-18 23:43:57]: SELECT *  FROM  member  WHERE  mem_id = ?     []
[SQL_LOG:2020-10-18 23:44:10]: SELECT *  FROM  member  WHERE  email = ?     [tttvvvaken@gmail.com]
[SQL_LOG:2020-10-18 23:44:11]: SELECT session_key  FROM  loginsession  WHERE  mem_id = ?     [3]
[SQL_LOG:2020-10-18 23:44:11]: SELECT ctg_id, category_name  FROM  category     []
[SQL_LOG:2020-10-18 23:44:11]: SELECT item_id, item_name, price, image, ctg_id  FROM  item     []
[SQL_LOG:2020-10-18 23:44:12]: SELECT *  FROM  member  WHERE  mem_id = ?     [3]
[SQL_LOG:2020-10-18 23:51:04]: SELECT ctg_id, category_name  FROM  category     []
[SQL_LOG:2020-10-18 23:51:04]: SELECT item_id, item_name, price, image, ctg_id  FROM  item     []
[SQL_LOG:2020-10-18 23:51:06]: SELECT *  FROM  member  WHERE  mem_id = ?     [3]
[SQL_LOG:2020-10-18 23:51:07]: SELECT *  FROM  member  WHERE  mem_id = ?     [3]
[SQL_LOG:2020-10-18 23:51:09]: SELECT *  FROM  member  WHERE  mem_id = ?     [3]
[SQL_LOG:2020-10-18 23:51:10]: SELECT mem_id, family_name, first_name, family_name_kana, first_name_kana, email, user_id, sex, traffic, regist_date, update_date  FROM  member     []
[SQL_LOG:2020-10-18 23:51:12]: SELECT ctg_id, category_name  FROM  category     []
[SQL_LOG:2020-10-18 23:51:12]: SELECT item_id, item_name, price, image, ctg_id  FROM  item     []
[SQL_LOG:2020-10-18 23:51:24]: SELECT ctg_id, category_name  FROM  category     []
[SQL_LOG:2020-10-18 23:51:24]: SELECT item_id, item_name, price, image, ctg_id  FROM  item     []
[SQL_LOG:2020-10-18 23:51:29]: SELECT *  FROM  member  WHERE  email = ?     [tttvvvaken@gmail.com]
[SQL_LOG:2020-10-18 23:51:29]: SELECT session_key  FROM  loginsession  WHERE  mem_id = ?     [3]
[SQL_LOG:2020-10-18 23:51:29]: SELECT ctg_id, category_name  FROM  category     []
[SQL_LOG:2020-10-18 23:51:29]: SELECT item_id, item_name, price, image, ctg_id  FROM  item     []
[SQL_LOG:2020-10-18 23:51:51]: SELECT *  FROM  member  WHERE  mem_id = ?     [3]
[SQL_LOG:2020-10-18 23:51:54]: SELECT ctg_id, category_name  FROM  category     []
[SQL_LOG:2020-10-18 23:51:54]: SELECT item_id, item_name, price, image, ctg_id  FROM  item     []
[SQL_LOG:2020-10-18 23:51:55]: SELECT ctg_id, category_name  FROM  category     []
[SQL_LOG:2020-10-18 23:51:55]: SELECT item_id, item_name, price, image, ctg_id  FROM  item     []
[SQL_LOG:2020-10-18 23:51:56]: SELECT ctg_id, category_name  FROM  category     []
[SQL_LOG:2020-10-18 23:51:56]: SELECT item_id, item_name, price, image, ctg_id  FROM  item     []
[SQL_LOG:2020-10-18 23:52:02]: SELECT *  FROM  member  WHERE  email = ?     [tttvvvaken@gmail.com]
[SQL_LOG:2020-10-18 23:52:02]: SELECT session_key  FROM  loginsession  WHERE  mem_id = ?     [3]
[SQL_LOG:2020-10-18 23:52:02]: SELECT ctg_id, category_name  FROM  category     []
[SQL_LOG:2020-10-18 23:52:02]: SELECT item_id, item_name, price, image, ctg_id  FROM  item     []
[SQL_LOG:2020-10-18 23:57:34]: SELECT ctg_id, category_name  FROM  category     []
[SQL_LOG:2020-10-18 23:57:34]: SELECT item_id, item_name, price, image, ctg_id  FROM  item     []
[SQL_LOG:2020-10-18 23:57:35]: SELECT *  FROM  member  WHERE  mem_id = ?     [3]
[SQL_LOG:2020-10-18 23:57:37]: SELECT *  FROM  member  WHERE  mem_id = ?     [3]
[SQL_LOG:2020-10-18 23:57:38]: SELECT *  FROM  member  WHERE  mem_id = ?     [3]
[SQL_LOG:2020-10-18 23:57:39]: SELECT ctg_id, category_name  FROM  category     []
[SQL_LOG:2020-10-18 23:57:39]: SELECT item_id, item_name, price, image, ctg_id  FROM  item     []
[SQL_LOG:2020-10-18 23:57:52]: SELECT *  FROM  member  WHERE  mem_id = ?     [3]
[SQL_LOG:2020-10-18 23:57:53]: SELECT *  FROM  member  WHERE  mem_id = ?     [3]
[SQL_LOG:2020-10-18 23:57:54]: SELECT *  FROM  member  WHERE  mem_id = ?     [3]
[SQL_LOG:2020-10-18 23:57:55]: SELECT ctg_id, category_name  FROM  category     []
[SQL_LOG:2020-10-18 23:57:55]: SELECT item_id, item_name, price, image, ctg_id  FROM  item     []
