[SQL_LOG:2020-10-20 00:00:35]: SELECT ctg_id, category_name  FROM  category     []
[SQL_LOG:2020-10-20 00:00:35]: SELECT item_id, item_name, price, image, ctg_id  FROM  item     []
[SQL_LOG:2020-10-20 00:03:23]: SELECT pref, city, town  FROM  postcode  WHERE  zip = ?    LIMIT  1   [1111111]
[SQL_LOG:2020-10-20 00:06:38]: SELECT ctg_id, category_name  FROM  category     []
[SQL_LOG:2020-10-20 00:06:38]: SELECT item_id, item_name, price, image, ctg_id  FROM  item     []
[SQL_LOG:2020-10-20 00:06:42]: SELECT ctg_id, category_name  FROM  category     []
[SQL_LOG:2020-10-20 00:06:42]: SELECT item_id, item_name, price, image, ctg_id  FROM  item     []
[SQL_LOG:2020-10-20 00:10:42]: SELECT ctg_id, category_name  FROM  category     []
[SQL_LOG:2020-10-20 00:10:42]: SELECT item_id, item_name, price, image, ctg_id  FROM  item  WHERE  ctg_id = ?     [1]
[SQL_LOG:2020-10-20 00:10:44]: SELECT ctg_id, category_name  FROM  category     []
[SQL_LOG:2020-10-20 00:10:44]: SELECT item_id, item_name, price, image, ctg_id  FROM  item     []
[SQL_LOG:2020-10-20 00:10:44]: SELECT ctg_id, category_name  FROM  category     []
[SQL_LOG:2020-10-20 00:10:44]: SELECT item_id, item_name, price, image, ctg_id  FROM  item  WHERE  ctg_id = ?     [1]
[SQL_LOG:2020-10-20 00:10:47]: SELECT ctg_id, category_name  FROM  category     []
[SQL_LOG:2020-10-20 00:10:47]: SELECT item_id, item_name, price, image, ctg_id  FROM  item     []
[SQL_LOG:2020-10-20 00:10:48]: SELECT ctg_id, category_name  FROM  category     []
[SQL_LOG:2020-10-20 00:10:48]: SELECT item_id, item_name, price, image, ctg_id  FROM  item     []
[SQL_LOG:2020-10-20 00:10:49]: SELECT ctg_id, category_name  FROM  category     []
[SQL_LOG:2020-10-20 00:10:49]: SELECT item_id, item_name, price, image, ctg_id  FROM  item     []
[SQL_LOG:2020-10-20 00:10:50]: SELECT ctg_id, category_name  FROM  category     []
[SQL_LOG:2020-10-20 00:10:50]: SELECT item_id, item_name, price, image, ctg_id  FROM  item     []
[SQL_LOG:2020-10-20 00:10:52]: SELECT ctg_id, category_name  FROM  category     []
[SQL_LOG:2020-10-20 00:10:52]: SELECT item_id, item_name, price, image, ctg_id  FROM  item  WHERE  ctg_id = ?     [1]
[SQL_LOG:2020-10-20 00:10:55]: SELECT ctg_id, category_name  FROM  category     []
[SQL_LOG:2020-10-20 00:10:55]: SELECT item_id, item_name, price, image, ctg_id  FROM  item     []
[SQL_LOG:2020-10-20 00:11:05]: SELECT ctg_id, category_name  FROM  category     []
[SQL_LOG:2020-10-20 00:11:05]: SELECT item_id, item_name, price, image, ctg_id  FROM  item  WHERE  ctg_id = ?     [1]
[SQL_LOG:2020-10-20 00:11:06]: SELECT ctg_id, category_name  FROM  category     []
[SQL_LOG:2020-10-20 00:11:06]: SELECT item_id, item_name, price, image, ctg_id  FROM  item     []
[SQL_LOG:2020-10-20 00:11:08]: SELECT ctg_id, category_name  FROM  category     []
[SQL_LOG:2020-10-20 00:11:08]: SELECT item_id, item_name, price, image, ctg_id  FROM  item     []
[SQL_LOG:2020-10-20 00:11:22]: SELECT ctg_id, category_name  FROM  category     []
[SQL_LOG:2020-10-20 00:11:22]: SELECT item_id, item_name, price, image, ctg_id  FROM  item  WHERE  ctg_id = ?     [1]
[SQL_LOG:2020-10-20 00:11:23]: SELECT ctg_id, category_name  FROM  category     []
[SQL_LOG:2020-10-20 00:11:23]: SELECT item_id, item_name, price, image, ctg_id  FROM  item  WHERE  ctg_id = ?     [1]
[SQL_LOG:2020-10-20 00:11:23]: SELECT ctg_id, category_name  FROM  category     []
[SQL_LOG:2020-10-20 00:11:23]: SELECT item_id, item_name, price, image, ctg_id  FROM  item     []
[SQL_LOG:2020-10-20 00:12:15]: SELECT ctg_id, category_name  FROM  category     []
[SQL_LOG:2020-10-20 00:12:15]: SELECT item_id, item_name, price, image, ctg_id  FROM  item     []
[SQL_LOG:2020-10-20 00:12:29]: SELECT ctg_id, category_name  FROM  category     []
[SQL_LOG:2020-10-20 00:12:29]: SELECT item_id, item_name, price, image, ctg_id  FROM  item     []
[SQL_LOG:2020-10-20 00:12:31]: SELECT ctg_id, category_name  FROM  category     []
[SQL_LOG:2020-10-20 00:12:31]: SELECT item_id, item_name, price, image, ctg_id  FROM  item  WHERE  ctg_id = ?     [1]
[SQL_LOG:2020-10-20 00:12:32]: SELECT ctg_id, category_name  FROM  category     []
[SQL_LOG:2020-10-20 00:12:32]: SELECT item_id, item_name, price, image, ctg_id  FROM  item     []
[SQL_LOG:2020-10-20 00:12:33]: SELECT ctg_id, category_name  FROM  category     []
[SQL_LOG:2020-10-20 00:12:33]: SELECT item_id, item_name, price, image, ctg_id  FROM  item     []
[SQL_LOG:2020-10-20 00:12:34]: SELECT ctg_id, category_name  FROM  category     []
[SQL_LOG:2020-10-20 00:12:34]: SELECT item_id, item_name, price, image, ctg_id  FROM  item  WHERE  ctg_id = ?     [1]
[SQL_LOG:2020-10-20 00:12:35]: SELECT ctg_id, category_name  FROM  category     []
[SQL_LOG:2020-10-20 00:12:35]: SELECT item_id, item_name, price, image, ctg_id  FROM  item  WHERE  ctg_id = ?     [2]
[SQL_LOG:2020-10-20 00:12:35]: SELECT ctg_id, category_name  FROM  category     []
[SQL_LOG:2020-10-20 00:12:35]: SELECT item_id, item_name, price, image, ctg_id  FROM  item  WHERE  ctg_id = ?     [3]
[SQL_LOG:2020-10-20 00:15:46]: SELECT ctg_id, category_name  FROM  category     []
[SQL_LOG:2020-10-20 00:15:46]: SELECT item_id, item_name, price, image, ctg_id  FROM  item     []
[SQL_LOG:2020-10-20 00:15:47]: SELECT ctg_id, category_name  FROM  category     []
[SQL_LOG:2020-10-20 00:15:47]: SELECT item_id, item_name, price, image, ctg_id  FROM  item     []
[SQL_LOG:2020-10-20 00:15:48]: SELECT ctg_id, category_name  FROM  category     []
[SQL_LOG:2020-10-20 00:15:48]: SELECT item_id, item_name, price, image, ctg_id  FROM  item  WHERE  ctg_id = ?     [1]
[SQL_LOG:2020-10-20 00:15:49]: SELECT ctg_id, category_name  FROM  category     []
[SQL_LOG:2020-10-20 00:15:49]: SELECT item_id, item_name, price, image, ctg_id  FROM  item  WHERE  ctg_id = ?     [2]
[SQL_LOG:2020-10-20 00:15:50]: SELECT ctg_id, category_name  FROM  category     []
[SQL_LOG:2020-10-20 00:15:50]: SELECT item_id, item_name, price, image, ctg_id  FROM  item     []
[SQL_LOG:2020-10-20 00:15:51]: SELECT ctg_id, category_name  FROM  category     []
[SQL_LOG:2020-10-20 00:15:51]: SELECT item_id, item_name, price, image, ctg_id  FROM  item     []
[SQL_LOG:2020-10-20 00:16:42]: SELECT *  FROM  member  WHERE  email = ?     [tttvvvaken@gmail.com]
[SQL_LOG:2020-10-20 00:16:42]: SELECT session_key  FROM  loginsession  WHERE  mem_id = ?     [7]
[SQL_LOG:2020-10-20 00:16:42]: SELECT ctg_id, category_name  FROM  category     []
[SQL_LOG:2020-10-20 00:16:42]: SELECT item_id, item_name, price, image, ctg_id  FROM  item     []
[SQL_LOG:2020-10-20 00:16:44]: SELECT *  FROM  member  WHERE  mem_id = ?     [7]
[SQL_LOG:2020-10-20 00:16:45]: SELECT ctg_id, category_name  FROM  category     []
[SQL_LOG:2020-10-20 00:16:45]: SELECT item_id, item_name, price, image, ctg_id  FROM  item     []
[SQL_LOG:2020-10-20 00:17:07]: SELECT ctg_id, category_name  FROM  category     []
[SQL_LOG:2020-10-20 00:17:07]: SELECT item_id, item_name, price, image, ctg_id  FROM  item  WHERE  ctg_id = ?     [3]
[SQL_LOG:2020-10-20 00:17:10]: SELECT ctg_id, category_name  FROM  category     []
[SQL_LOG:2020-10-20 00:17:10]: SELECT item_id, item_name, price, image, ctg_id  FROM  item     []
[SQL_LOG:2020-10-20 00:17:11]: SELECT ctg_id, category_name  FROM  category     []
[SQL_LOG:2020-10-20 00:17:11]: SELECT item_id, item_name, price, image, ctg_id  FROM  item     []
[SQL_LOG:2020-10-20 00:17:31]: SELECT ctg_id, category_name  FROM  category     []
[SQL_LOG:2020-10-20 00:17:31]: SELECT item_id, item_name, price, image, ctg_id  FROM  item     []
[SQL_LOG:2020-10-20 00:17:32]: SELECT ctg_id, category_name  FROM  category     []
[SQL_LOG:2020-10-20 00:17:32]: SELECT item_id, item_name, price, image, ctg_id  FROM  item  WHERE  ctg_id = ?     [1]
[SQL_LOG:2020-10-20 00:17:33]: SELECT ctg_id, category_name  FROM  category     []
[SQL_LOG:2020-10-20 00:17:33]: SELECT item_id, item_name, price, image, ctg_id  FROM  item  WHERE  ctg_id = ?     [2]
[SQL_LOG:2020-10-20 00:17:33]: SELECT ctg_id, category_name  FROM  category     []
[SQL_LOG:2020-10-20 00:17:33]: SELECT item_id, item_name, price, image, ctg_id  FROM  item  WHERE  ctg_id = ?     [3]
[SQL_LOG:2020-10-20 00:17:35]: SELECT ctg_id, category_name  FROM  category     []
[SQL_LOG:2020-10-20 00:17:35]: SELECT item_id, item_name, price, image, ctg_id  FROM  item     []
[SQL_LOG:2020-10-20 00:17:36]: SELECT *  FROM  member  WHERE  mem_id = ?     [7]
[SQL_LOG:2020-10-20 00:17:38]: SELECT ctg_id, category_name  FROM  category     []
[SQL_LOG:2020-10-20 00:17:38]: SELECT item_id, item_name, price, image, ctg_id  FROM  item     []
[SQL_LOG:2020-10-20 00:17:41]: SELECT ctg_id, category_name  FROM  category     []
[SQL_LOG:2020-10-20 00:17:41]: SELECT item_id, item_name, detail, price, image, ctg_id FROM  item  WHERE  item_id = ?     [1]
[SQL_LOG:2020-10-20 00:17:42]: SELECT ctg_id, category_name  FROM  category     []
[SQL_LOG:2020-10-20 00:17:42]: SELECT item_id, item_name, price, image, ctg_id  FROM  item     []
[SQL_LOG:2020-10-20 00:17:44]: SELECT ctg_id, category_name  FROM  category     []
[SQL_LOG:2020-10-20 00:17:44]: SELECT item_id, item_name, price, image, ctg_id  FROM  item     []
[SQL_LOG:2020-10-20 00:17:48]: SELECT ctg_id, category_name  FROM  category     []
[SQL_LOG:2020-10-20 00:17:48]: SELECT item_id, item_name, detail, price, image, ctg_id FROM  item  WHERE  item_id = ?     [1]
[SQL_LOG:2020-10-20 00:17:49]: SELECT ctg_id, category_name  FROM  category     []
[SQL_LOG:2020-10-20 00:17:49]: SELECT item_id, item_name, price, image, ctg_id  FROM  item     []
[SQL_LOG:2020-10-20 00:17:51]: SELECT ctg_id, category_name  FROM  category     []
[SQL_LOG:2020-10-20 00:17:51]: SELECT item_id, item_name, detail, price, image, ctg_id FROM  item  WHERE  item_id = ?     [1]
[SQL_LOG:2020-10-20 00:17:55]: SELECT ctg_id, category_name  FROM  category     []
[SQL_LOG:2020-10-20 00:17:55]: SELECT item_id, item_name, price, image, ctg_id  FROM  item     []
[SQL_LOG:2020-10-20 00:18:21]: SELECT *  FROM  member  WHERE  email = ?     [tttvvvaken@gmail.com]
[SQL_LOG:2020-10-20 00:18:21]: SELECT session_key  FROM  loginsession  WHERE  mem_id = ?     [7]
[SQL_LOG:2020-10-20 00:18:21]: SELECT ctg_id, category_name  FROM  category     []
[SQL_LOG:2020-10-20 00:18:21]: SELECT item_id, item_name, price, image, ctg_id  FROM  item     []
[SQL_LOG:2020-10-20 00:18:22]: SELECT *  FROM  member  WHERE  mem_id = ?     [7]
[SQL_LOG:2020-10-20 00:18:24]: SELECT *  FROM  member  WHERE  mem_id = ?     [7]
[SQL_LOG:2020-10-20 00:18:25]: SELECT *  FROM  member  WHERE  mem_id = ?     [7]
[SQL_LOG:2020-10-20 00:18:26]: SELECT ctg_id, category_name  FROM  category     []
[SQL_LOG:2020-10-20 00:18:26]: SELECT item_id, item_name, price, image, ctg_id  FROM  item     []
[SQL_LOG:2020-10-20 00:18:31]: SELECT *  FROM  member  WHERE  mem_id = ?     [7]
[SQL_LOG:2020-10-20 00:18:31]: SELECT *  FROM  member  WHERE  mem_id = ?     [7]
[SQL_LOG:2020-10-20 00:18:33]: SELECT ctg_id, category_name  FROM  category     []
[SQL_LOG:2020-10-20 00:18:33]: SELECT item_id, item_name, price, image, ctg_id  FROM  item     []
[SQL_LOG:2020-10-20 00:18:34]: SELECT mem_id, family_name, first_name, family_name_kana, first_name_kana, email, user_id, sex, traffic, regist_date, update_date  FROM  member     []
[SQL_LOG:2020-10-20 00:18:35]: SELECT ctg_id, category_name  FROM  category     []
[SQL_LOG:2020-10-20 00:18:35]: SELECT item_id, item_name, price, image, ctg_id  FROM  item     []
[SQL_LOG:2020-10-20 00:20:37]: SELECT ctg_id, category_name  FROM  category     []
[SQL_LOG:2020-10-20 00:20:37]: SELECT item_id, item_name, price, image, ctg_id  FROM  item     []
[SQL_LOG:2020-10-20 00:20:58]: SELECT pref, city, town  FROM  postcode  WHERE  zip = ?    LIMIT  1   [1460093]
[SQL_LOG:2020-10-20 00:31:02]: SELECT ctg_id, category_name  FROM  category     []
[SQL_LOG:2020-10-20 00:31:02]: SELECT item_id, item_name, price, image, ctg_id  FROM  item     []
[SQL_LOG:2020-10-20 00:37:18]: SELECT *  FROM member WHERE  email = ?    LIMIT  1   []
[SQL_LOG:2020-10-20 00:37:21]: SELECT ctg_id, category_name  FROM  category     []
[SQL_LOG:2020-10-20 00:37:21]: SELECT item_id, item_name, price, image, ctg_id  FROM  item     []
[SQL_LOG:2020-10-20 00:45:43]: SELECT ctg_id, category_name  FROM  category     []
[SQL_LOG:2020-10-20 00:45:43]: SELECT item_id, item_name, price, image, ctg_id  FROM  item     []
[SQL_LOG:2020-10-20 00:45:46]: SELECT ctg_id, category_name  FROM  category     []
[SQL_LOG:2020-10-20 00:45:46]: SELECT item_id, item_name, price, image, ctg_id  FROM  item     []
[SQL_LOG:2020-10-20 00:45:49]: SELECT ctg_id, category_name  FROM  category     []
[SQL_LOG:2020-10-20 00:45:49]: SELECT item_id, item_name, price, image, ctg_id  FROM  item     []
[SQL_LOG:2020-10-20 00:45:58]: SELECT ctg_id, category_name  FROM  category     []
[SQL_LOG:2020-10-20 00:45:58]: SELECT item_id, item_name, price, image, ctg_id  FROM  item     []
[SQL_LOG:2020-10-20 01:06:58]: SELECT ctg_id, category_name  FROM  category     []
[SQL_LOG:2020-10-20 01:06:58]: SELECT item_id, item_name, price, image, ctg_id  FROM  item     []
[SQL_LOG:2020-10-20 01:06:59]: SELECT ctg_id, category_name  FROM  category     []
[SQL_LOG:2020-10-20 01:06:59]: SELECT item_id, item_name, price, image, ctg_id  FROM  item     []
[SQL_LOG:2020-10-20 01:23:07]: SELECT ctg_id, category_name  FROM  category     []
[SQL_LOG:2020-10-20 01:23:07]: SELECT item_id, item_name, price, image, ctg_id  FROM  item     []
[SQL_LOG:2020-10-20 01:23:29]: SELECT  item_id, item_name, price, image, ctg_id  FROM item WHERE  ctg_id = ? LIKE '% ? %'    [,]
[SQL_LOG:2020-10-20 01:24:54]: SELECT ctg_id, category_name  FROM  category     []
[SQL_LOG:2020-10-20 01:24:54]: SELECT item_id, item_name, price, image, ctg_id  FROM  item     []
[SQL_LOG:2020-10-20 01:24:58]: SELECT  item_id, item_name, price, image, ctg_id  FROM item WHERE  ctg_id = ? LIKE '% ? %'    [,1]
[SQL_LOG:2020-10-20 01:28:59]: SELECT ctg_id, category_name  FROM  category     []
[SQL_LOG:2020-10-20 01:28:59]: SELECT item_id, item_name, price, image, ctg_id  FROM  item     []
[SQL_LOG:2020-10-20 01:29:02]: SELECT ctg_id, category_name  FROM  category     []
[SQL_LOG:2020-10-20 01:29:02]: SELECT  item_id, item_name, price, image, ctg_id  FROM item    []
[SQL_LOG:2020-10-20 01:29:05]: SELECT ctg_id, category_name  FROM  category     []
[SQL_LOG:2020-10-20 01:29:05]: SELECT  item_id, item_name, price, image, ctg_id  FROM item    []
[SQL_LOG:2020-10-20 01:33:00]: SELECT ctg_id, category_name  FROM  category     []
[SQL_LOG:2020-10-20 01:33:00]: SELECT item_id, item_name, price, image, ctg_id  FROM  item     []
[SQL_LOG:2020-10-20 01:33:02]: SELECT ctg_id, category_name  FROM  category     []
[SQL_LOG:2020-10-20 01:33:02]: SELECT  item_id, item_name, price, image, ctg_id  FROM item    []
[SQL_LOG:2020-10-20 01:33:56]: SELECT ctg_id, category_name  FROM  category     []
[SQL_LOG:2020-10-20 01:33:56]: SELECT item_id, item_name, price, image, ctg_id  FROM  item     []
[SQL_LOG:2020-10-20 01:33:59]: SELECT ctg_id, category_name  FROM  category     []
[SQL_LOG:2020-10-20 01:33:59]: SELECT  item_id, item_name, price, image, ctg_id  FROM item    []
[SQL_LOG:2020-10-20 01:34:29]: SELECT ctg_id, category_name  FROM  category     []
[SQL_LOG:2020-10-20 01:34:29]: SELECT item_id, item_name, price, image, ctg_id  FROM  item  WHERE  ctg_id = ?     [1]
[SQL_LOG:2020-10-20 01:34:33]: SELECT ctg_id, category_name  FROM  category     []
[SQL_LOG:2020-10-20 01:34:33]: SELECT  item_id, item_name, price, image, ctg_id  FROM item    []
[SQL_LOG:2020-10-20 01:34:34]: SELECT ctg_id, category_name  FROM  category     []
[SQL_LOG:2020-10-20 01:34:34]: SELECT item_id, item_name, price, image, ctg_id  FROM  item  WHERE  ctg_id = ?     [1]
[SQL_LOG:2020-10-20 01:34:35]: SELECT ctg_id, category_name  FROM  category     []
[SQL_LOG:2020-10-20 01:34:35]: SELECT item_id, item_name, price, image, ctg_id  FROM  item  WHERE  ctg_id = ?     [1]
[SQL_LOG:2020-10-20 01:34:36]: SELECT ctg_id, category_name  FROM  category     []
[SQL_LOG:2020-10-20 01:34:36]: SELECT item_id, item_name, price, image, ctg_id  FROM  item  WHERE  ctg_id = ?     [2]
[SQL_LOG:2020-10-20 01:34:39]: SELECT ctg_id, category_name  FROM  category     []
[SQL_LOG:2020-10-20 01:34:39]: SELECT  item_id, item_name, price, image, ctg_id  FROM item    []
[SQL_LOG:2020-10-20 01:34:54]: SELECT ctg_id, category_name  FROM  category     []
[SQL_LOG:2020-10-20 01:34:54]: SELECT item_id, item_name, price, image, ctg_id  FROM  item  WHERE  ctg_id = ?     [2]
[SQL_LOG:2020-10-20 01:34:57]: SELECT ctg_id, category_name  FROM  category     []
[SQL_LOG:2020-10-20 01:34:57]: SELECT item_id, item_name, price, image, ctg_id  FROM  item  WHERE  ctg_id = ?     [1]
[SQL_LOG:2020-10-20 01:34:58]: SELECT ctg_id, category_name  FROM  category     []
[SQL_LOG:2020-10-20 01:34:58]: SELECT item_id, item_name, price, image, ctg_id  FROM  item     []
[SQL_LOG:2020-10-20 01:35:00]: SELECT ctg_id, category_name  FROM  category     []
[SQL_LOG:2020-10-20 01:35:00]: SELECT item_id, item_name, price, image, ctg_id  FROM  item  WHERE  ctg_id = ?     [1]
[SQL_LOG:2020-10-20 01:35:01]: SELECT ctg_id, category_name  FROM  category     []
[SQL_LOG:2020-10-20 01:35:01]: SELECT item_id, item_name, price, image, ctg_id  FROM  item     []
[SQL_LOG:2020-10-20 01:35:11]: SELECT ctg_id, category_name  FROM  category     []
[SQL_LOG:2020-10-20 01:35:11]: SELECT item_id, item_name, price, image, ctg_id  FROM  item  WHERE  ctg_id = ?     [1]
[SQL_LOG:2020-10-20 01:35:53]: SELECT ctg_id, category_name  FROM  category     []
[SQL_LOG:2020-10-20 01:35:53]: SELECT item_id, item_name, price, image, ctg_id  FROM  item     []
[SQL_LOG:2020-10-20 01:35:53]: SELECT ctg_id, category_name  FROM  category     []
[SQL_LOG:2020-10-20 01:35:53]: SELECT item_id, item_name, price, image, ctg_id  FROM  item     []
[SQL_LOG:2020-10-20 01:35:54]: SELECT ctg_id, category_name  FROM  category     []
[SQL_LOG:2020-10-20 01:35:54]: SELECT item_id, item_name, price, image, ctg_id  FROM  item     []
[SQL_LOG:2020-10-20 01:35:54]: SELECT ctg_id, category_name  FROM  category     []
[SQL_LOG:2020-10-20 01:35:54]: SELECT item_id, item_name, price, image, ctg_id  FROM  item     []
[SQL_LOG:2020-10-20 01:36:00]: SELECT ctg_id, category_name  FROM  category     []
[SQL_LOG:2020-10-20 01:36:00]: SELECT item_id, item_name, price, image, ctg_id  FROM  item  WHERE  ctg_id = ?     [1]
[SQL_LOG:2020-10-20 01:36:04]: SELECT ctg_id, category_name  FROM  category     []
[SQL_LOG:2020-10-20 01:36:04]: SELECT  item_id, item_name, price, image, ctg_id  FROM item    []
[SQL_LOG:2020-10-20 01:36:14]: SELECT ctg_id, category_name  FROM  category     []
[SQL_LOG:2020-10-20 01:36:14]: SELECT item_id, item_name, price, image, ctg_id  FROM  item     []
[SQL_LOG:2020-10-20 01:36:15]: SELECT ctg_id, category_name  FROM  category     []
[SQL_LOG:2020-10-20 01:36:15]: SELECT item_id, item_name, price, image, ctg_id  FROM  item  WHERE  ctg_id = ?     [1]
[SQL_LOG:2020-10-20 01:36:17]: SELECT ctg_id, category_name  FROM  category     []
[SQL_LOG:2020-10-20 01:36:17]: SELECT item_id, item_name, price, image, ctg_id  FROM  item  WHERE  ctg_id = ?     [2]
[SQL_LOG:2020-10-20 01:36:18]: SELECT ctg_id, category_name  FROM  category     []
[SQL_LOG:2020-10-20 01:36:18]: SELECT item_id, item_name, price, image, ctg_id  FROM  item  WHERE  ctg_id = ?     [3]
[SQL_LOG:2020-10-20 01:36:18]: SELECT ctg_id, category_name  FROM  category     []
[SQL_LOG:2020-10-20 01:36:18]: SELECT item_id, item_name, price, image, ctg_id  FROM  item     []
[SQL_LOG:2020-10-20 01:36:22]: SELECT ctg_id, category_name  FROM  category     []
[SQL_LOG:2020-10-20 01:36:22]: SELECT item_id, item_name, price, image, ctg_id  FROM  item     []
[SQL_LOG:2020-10-20 01:36:22]: SELECT ctg_id, category_name  FROM  category     []
[SQL_LOG:2020-10-20 01:36:22]: SELECT item_id, item_name, price, image, ctg_id  FROM  item  WHERE  ctg_id = ?     [1]
[SQL_LOG:2020-10-20 01:40:08]: SELECT ctg_id, category_name  FROM  category     []
[SQL_LOG:2020-10-20 01:40:08]: SELECT item_id, item_name, price, image, ctg_id  FROM  item     []
[SQL_LOG:2020-10-20 01:40:11]: SELECT ctg_id, category_name  FROM  category     []
[SQL_LOG:2020-10-20 01:40:11]: SELECT item_id, item_name, price, image, ctg_id  FROM  item  WHERE  ctg_id = ?     [1]
[SQL_LOG:2020-10-20 01:40:13]: SELECT ctg_id, category_name  FROM  category     []
[SQL_LOG:2020-10-20 01:40:13]: SELECT item_id, item_name, price, image, ctg_id  FROM  item     []
[SQL_LOG:2020-10-20 01:40:15]: SELECT ctg_id, category_name  FROM  category     []
[SQL_LOG:2020-10-20 01:40:15]: SELECT item_id, item_name, price, image, ctg_id  FROM  item     []
[SQL_LOG:2020-10-20 01:40:17]: SELECT ctg_id, category_name  FROM  category     []
[SQL_LOG:2020-10-20 01:40:17]: SELECT  item_id, item_name, price, image, ctg_id  FROM item    []
[SQL_LOG:2020-10-20 01:41:04]: SELECT ctg_id, category_name  FROM  category     []
[SQL_LOG:2020-10-20 01:41:04]: SELECT item_id, item_name, price, image, ctg_id  FROM  item     []
[SQL_LOG:2020-10-20 01:41:06]: SELECT ctg_id, category_name  FROM  category     []
[SQL_LOG:2020-10-20 01:41:06]: SELECT  item_id, item_name, price, image, ctg_id  FROM item    []
[SQL_LOG:2020-10-20 01:44:19]: SELECT ctg_id, category_name  FROM  category     []
[SQL_LOG:2020-10-20 01:44:19]: SELECT  item_id, item_name, price, image, ctg_id  FROM item    []
[SQL_LOG:2020-10-20 01:44:27]: SELECT ctg_id, category_name  FROM  category     []
[SQL_LOG:2020-10-20 01:44:27]: SELECT  item_id, item_name, price, image, ctg_id  FROM item    []
[SQL_LOG:2020-10-20 01:44:27]: SELECT ctg_id, category_name  FROM  category     []
[SQL_LOG:2020-10-20 01:44:27]: SELECT  item_id, item_name, price, image, ctg_id  FROM item    []
[SQL_LOG:2020-10-20 01:44:27]: SELECT ctg_id, category_name  FROM  category     []
[SQL_LOG:2020-10-20 01:44:27]: SELECT  item_id, item_name, price, image, ctg_id  FROM item    []
[SQL_LOG:2020-10-20 01:44:28]: SELECT ctg_id, category_name  FROM  category     []
[SQL_LOG:2020-10-20 01:44:28]: SELECT  item_id, item_name, price, image, ctg_id  FROM item WHERE  ctg_id = ? AND item_name LIKE % ? %    [1,1]
[SQL_LOG:2020-10-20 01:44:45]: SELECT ctg_id, category_name  FROM  category     []
[SQL_LOG:2020-10-20 01:44:45]: SELECT  item_id, item_name, price, image, ctg_id  FROM item    []
[SQL_LOG:2020-10-20 01:44:47]: SELECT ctg_id, category_name  FROM  category     []
[SQL_LOG:2020-10-20 01:44:47]: SELECT  item_id, item_name, price, image, ctg_id  FROM item    []
[SQL_LOG:2020-10-20 01:44:48]: SELECT ctg_id, category_name  FROM  category     []
[SQL_LOG:2020-10-20 01:44:48]: SELECT  item_id, item_name, price, image, ctg_id  FROM item    []
[SQL_LOG:2020-10-20 01:44:49]: SELECT ctg_id, category_name  FROM  category     []
[SQL_LOG:2020-10-20 01:44:49]: SELECT  item_id, item_name, price, image, ctg_id  FROM item WHERE  ctg_id = ? AND item_name LIKE % ? %    [1,1]
[SQL_LOG:2020-10-20 01:46:02]: SELECT ctg_id, category_name  FROM  category     []
[SQL_LOG:2020-10-20 01:46:02]: SELECT  item_id, item_name, price, image, ctg_id  FROM item    []
[SQL_LOG:2020-10-20 01:46:04]: SELECT ctg_id, category_name  FROM  category     []
[SQL_LOG:2020-10-20 01:46:04]: SELECT  item_id, item_name, price, image, ctg_id  FROM item    []
[SQL_LOG:2020-10-20 01:46:05]: SELECT ctg_id, category_name  FROM  category     []
[SQL_LOG:2020-10-20 01:46:05]: SELECT  item_id, item_name, price, image, ctg_id  FROM item    []
[SQL_LOG:2020-10-20 01:46:06]: SELECT ctg_id, category_name  FROM  category     []
[SQL_LOG:2020-10-20 01:46:06]: SELECT  item_id, item_name, price, image, ctg_id  FROM item    []
[SQL_LOG:2020-10-20 01:46:06]: SELECT ctg_id, category_name  FROM  category     []
[SQL_LOG:2020-10-20 01:46:06]: SELECT  item_id, item_name, price, image, ctg_id  FROM item    []
[SQL_LOG:2020-10-20 01:46:12]: SELECT ctg_id, category_name  FROM  category     []
[SQL_LOG:2020-10-20 01:46:12]: SELECT  item_id, item_name, price, image, ctg_id  FROM item    []
[SQL_LOG:2020-10-20 01:47:29]: SELECT ctg_id, category_name  FROM  category     []
[SQL_LOG:2020-10-20 01:47:29]: SELECT  item_id, item_name, price, image, ctg_id  FROM item    []
[SQL_LOG:2020-10-20 01:48:29]: SELECT ctg_id, category_name  FROM  category     []
[SQL_LOG:2020-10-20 01:48:29]: SELECT  item_id, item_name, price, image, ctg_id  FROM item WHERE  ctg_id = ? AND item_name LIKE % ? %    [1,1]
[SQL_LOG:2020-10-20 01:48:52]: SELECT ctg_id, category_name  FROM  category     []
[SQL_LOG:2020-10-20 01:48:52]: SELECT  item_id, item_name, price, image, ctg_id  FROM item    []
[SQL_LOG:2020-10-20 01:49:08]: SELECT ctg_id, category_name  FROM  category     []
[SQL_LOG:2020-10-20 01:49:08]: SELECT  item_id, item_name, price, image, ctg_id  FROM item    []
[SQL_LOG:2020-10-20 01:50:35]: SELECT ctg_id, category_name  FROM  category     []
[SQL_LOG:2020-10-20 01:50:35]: SELECT item_id, item_name, price, image, ctg_id  FROM  item     []
[SQL_LOG:2020-10-20 01:50:37]: SELECT ctg_id, category_name  FROM  category     []
[SQL_LOG:2020-10-20 01:50:37]: SELECT item_id, item_name, price, image, ctg_id  FROM  item     []
[SQL_LOG:2020-10-20 01:51:46]: SELECT ctg_id, category_name  FROM  category     []
[SQL_LOG:2020-10-20 01:51:46]: SELECT item_id, item_name, price, image, ctg_id  FROM  item     []
[SQL_LOG:2020-10-20 01:51:48]: SELECT ctg_id, category_name  FROM  category     []
[SQL_LOG:2020-10-20 01:51:48]: SELECT item_id, item_name, price, image, ctg_id  FROM  item  WHERE  ctg_id = ?     [1]
[SQL_LOG:2020-10-20 01:52:08]: SELECT ctg_id, category_name  FROM  category     []
[SQL_LOG:2020-10-20 01:52:08]: SELECT item_id, item_name, price, image, ctg_id  FROM  item  WHERE  ctg_id = ?     [2]
[SQL_LOG:2020-10-20 01:52:10]: SELECT ctg_id, category_name  FROM  category     []
[SQL_LOG:2020-10-20 01:52:10]: SELECT item_id, item_name, price, image, ctg_id  FROM  item  WHERE  ctg_id = ?     [3]
[SQL_LOG:2020-10-20 01:52:16]: SELECT ctg_id, category_name  FROM  category     []
[SQL_LOG:2020-10-20 01:52:16]: SELECT item_id, item_name, price, image, ctg_id  FROM  item     []
[SQL_LOG:2020-10-20 01:52:18]: SELECT ctg_id, category_name  FROM  category     []
[SQL_LOG:2020-10-20 01:52:18]: SELECT item_id, item_name, price, image, ctg_id  FROM  item  WHERE  ctg_id = ?     [1]
[SQL_LOG:2020-10-20 01:52:20]: SELECT ctg_id, category_name  FROM  category     []
[SQL_LOG:2020-10-20 01:52:20]: SELECT  item_id, item_name, price, image, ctg_id  FROM item    []
[SQL_LOG:2020-10-20 01:53:15]: SELECT ctg_id, category_name  FROM  category     []
[SQL_LOG:2020-10-20 01:53:15]: SELECT item_id, item_name, price, image, ctg_id  FROM  item     []
[SQL_LOG:2020-10-20 01:53:18]: SELECT ctg_id, category_name  FROM  category     []
[SQL_LOG:2020-10-20 01:53:18]: SELECT item_id, item_name, price, image, ctg_id  FROM  item     []
[SQL_LOG:2020-10-20 01:56:05]: SELECT ctg_id, category_name  FROM  category     []
[SQL_LOG:2020-10-20 01:56:05]: SELECT item_id, item_name, price, image, ctg_id  FROM  item     []
[SQL_LOG:2020-10-20 01:56:08]: SELECT ctg_id, category_name  FROM  category     []
[SQL_LOG:2020-10-20 01:56:08]: SELECT  item_id, item_name, price, image, ctg_id  FROM item    []
[SQL_LOG:2020-10-20 01:57:46]: SELECT ctg_id, category_name  FROM  category     []
[SQL_LOG:2020-10-20 01:57:46]: SELECT item_id, item_name, price, image, ctg_id  FROM  item  WHERE  ctg_id = ?     [1]
[SQL_LOG:2020-10-20 01:57:50]: SELECT ctg_id, category_name  FROM  category     []
[SQL_LOG:2020-10-20 01:57:50]: SELECT  item_id, item_name, price, image, ctg_id  FROM item    []
[SQL_LOG:2020-10-20 01:58:30]: SELECT ctg_id, category_name  FROM  category     []
[SQL_LOG:2020-10-20 01:58:30]: SELECT item_id, item_name, price, image, ctg_id  FROM  item     []
[SQL_LOG:2020-10-20 02:02:40]: SELECT ctg_id, category_name  FROM  category     []
[SQL_LOG:2020-10-20 02:02:40]: SELECT item_id, item_name, price, image, ctg_id  FROM  item     []
[SQL_LOG:2020-10-20 02:02:43]: SELECT ctg_id, category_name  FROM  category     []
[SQL_LOG:2020-10-20 02:02:43]: SELECT  item_id, item_name, price, image, ctg_id  FROM item WHERE  item_name LIKE % ? %    [た]
[SQL_LOG:2020-10-20 02:04:04]: SELECT ctg_id, category_name  FROM  category     []
[SQL_LOG:2020-10-20 02:04:04]: SELECT item_id, item_name, price, image, ctg_id  FROM  item     []
[SQL_LOG:2020-10-20 02:04:06]: SELECT ctg_id, category_name  FROM  category     []
[SQL_LOG:2020-10-20 02:04:06]: SELECT item_id, item_name, price, image, ctg_id  FROM  item     []
[SQL_LOG:2020-10-20 02:04:21]: SELECT ctg_id, category_name  FROM  category     []
[SQL_LOG:2020-10-20 02:04:21]: SELECT item_id, item_name, price, image, ctg_id  FROM  item     []
[SQL_LOG:2020-10-20 02:04:24]: SELECT ctg_id, category_name  FROM  category     []
[SQL_LOG:2020-10-20 02:04:24]: SELECT  item_id, item_name, price, image, ctg_id  FROM item WHERE  item_name LIKE %?%     [た]
[SQL_LOG:2020-10-20 02:06:21]: SELECT ctg_id, category_name  FROM  category     []
[SQL_LOG:2020-10-20 02:06:21]: SELECT item_id, item_name, price, image, ctg_id  FROM  item     []
[SQL_LOG:2020-10-20 02:06:33]: SELECT ctg_id, category_name  FROM  category     []
[SQL_LOG:2020-10-20 02:06:33]: SELECT item_id, item_name, price, image, ctg_id  FROM  item     []
[SQL_LOG:2020-10-20 02:06:36]: SELECT ctg_id, category_name  FROM  category     []
[SQL_LOG:2020-10-20 02:06:36]: SELECT  item_id, item_name, price, image, ctg_id  FROM item WHERE  item_name LIKE ?     [た]
[SQL_LOG:2020-10-20 02:06:45]: SELECT ctg_id, category_name  FROM  category     []
[SQL_LOG:2020-10-20 02:06:45]: SELECT  item_id, item_name, price, image, ctg_id  FROM item WHERE  item_name LIKE ?     [たまねぎ]
[SQL_LOG:2020-10-20 02:10:30]: SELECT ctg_id, category_name  FROM  category     []
[SQL_LOG:2020-10-20 02:10:30]: SELECT item_id, item_name, price, image, ctg_id  FROM  item     []
[SQL_LOG:2020-10-20 02:10:33]: SELECT ctg_id, category_name  FROM  category     []
[SQL_LOG:2020-10-20 02:10:33]: SELECT  item_id, item_name, price, image, ctg_id  FROM item WHERE  item_name LIKE ?     [た]
[SQL_LOG:2020-10-20 02:11:10]: SELECT ctg_id, category_name  FROM  category     []
[SQL_LOG:2020-10-20 02:11:10]: SELECT item_id, item_name, price, image, ctg_id  FROM  item     []
[SQL_LOG:2020-10-20 02:11:13]: SELECT ctg_id, category_name  FROM  category     []
[SQL_LOG:2020-10-20 02:11:13]: SELECT  item_id, item_name, price, image, ctg_id  FROM item WHERE  item_name LIKE ?     [た]
[SQL_LOG:2020-10-20 02:11:23]: SELECT ctg_id, category_name  FROM  category     []
[SQL_LOG:2020-10-20 02:11:23]: SELECT  item_id, item_name, price, image, ctg_id  FROM item WHERE  item_name LIKE ?     [た]
[SQL_LOG:2020-10-20 02:11:48]: SELECT ctg_id, category_name  FROM  category     []
[SQL_LOG:2020-10-20 02:11:48]: SELECT  item_id, item_name, price, image, ctg_id  FROM item WHERE  item_name LIKE ?     [た]
[SQL_LOG:2020-10-20 02:12:04]: SELECT ctg_id, category_name  FROM  category     []
[SQL_LOG:2020-10-20 02:12:04]: SELECT item_id, item_name, price, image, ctg_id  FROM  item     []
[SQL_LOG:2020-10-20 02:12:07]: SELECT ctg_id, category_name  FROM  category     []
[SQL_LOG:2020-10-20 02:12:07]: SELECT  item_id, item_name, price, image, ctg_id  FROM item WHERE  item_name LIKE ?     [た]
[SQL_LOG:2020-10-20 02:12:24]: SELECT ctg_id, category_name  FROM  category     []
[SQL_LOG:2020-10-20 02:12:24]: SELECT  item_id, item_name, price, image, ctg_id  FROM item WHERE  item_name LIKE ?     [たまねぎ]
[SQL_LOG:2020-10-20 02:12:25]: SELECT ctg_id, category_name  FROM  category     []
[SQL_LOG:2020-10-20 02:12:25]: SELECT item_id, item_name, price, image, ctg_id  FROM  item  WHERE  ctg_id = ?     [2]
[SQL_LOG:2020-10-20 02:12:27]: SELECT ctg_id, category_name  FROM  category     []
[SQL_LOG:2020-10-20 02:12:27]: SELECT item_id, item_name, price, image, ctg_id  FROM  item     []
[SQL_LOG:2020-10-20 02:12:31]: SELECT ctg_id, category_name  FROM  category     []
[SQL_LOG:2020-10-20 02:12:31]: SELECT  item_id, item_name, price, image, ctg_id  FROM item WHERE  item_name LIKE ?     [みかん]
[SQL_LOG:2020-10-20 02:12:35]: SELECT ctg_id, category_name  FROM  category     []
[SQL_LOG:2020-10-20 02:12:35]: SELECT item_id, item_name, price, image, ctg_id  FROM  item     []
[SQL_LOG:2020-10-20 02:14:26]: SELECT ctg_id, category_name  FROM  category     []
[SQL_LOG:2020-10-20 02:14:26]: SELECT item_id, item_name, price, image, ctg_id  FROM  item     []
[SQL_LOG:2020-10-20 02:14:41]: SELECT ctg_id, category_name  FROM  category     []
[SQL_LOG:2020-10-20 02:14:41]: SELECT  item_id, item_name, price, image, ctg_id  FROM item WHERE  item_name LIKE ?     []
[SQL_LOG:2020-10-20 02:15:40]: SELECT ctg_id, category_name  FROM  category     []
[SQL_LOG:2020-10-20 02:15:40]: SELECT item_id, item_name, price, image, ctg_id  FROM  item     []
[SQL_LOG:2020-10-20 02:15:41]: SELECT ctg_id, category_name  FROM  category     []
[SQL_LOG:2020-10-20 02:15:41]: SELECT item_id, item_name, price, image, ctg_id  FROM  item     []
[SQL_LOG:2020-10-20 02:15:45]: SELECT ctg_id, category_name  FROM  category     []
[SQL_LOG:2020-10-20 02:15:45]: SELECT  item_id, item_name, price, image, ctg_id  FROM item WHERE  item_name LIKE ?     [ka]
[SQL_LOG:2020-10-20 02:15:56]: SELECT ctg_id, category_name  FROM  category     []
[SQL_LOG:2020-10-20 02:15:56]: SELECT  item_id, item_name, price, image, ctg_id  FROM item WHERE  item_name LIKE ?     [ミネラルをーたー]
[SQL_LOG:2020-10-20 02:16:05]: SELECT ctg_id, category_name  FROM  category     []
[SQL_LOG:2020-10-20 02:16:05]: SELECT  item_id, item_name, price, image, ctg_id  FROM item WHERE  item_name LIKE ?     [ミネラルウォーター]
[SQL_LOG:2020-10-20 02:16:07]: SELECT ctg_id, category_name  FROM  category     []
[SQL_LOG:2020-10-20 02:16:07]: SELECT item_id, item_name, price, image, ctg_id  FROM  item     []
[SQL_LOG:2020-10-20 02:16:10]: SELECT ctg_id, category_name  FROM  category     []
[SQL_LOG:2020-10-20 02:16:10]: SELECT item_id, item_name, price, image, ctg_id  FROM  item  WHERE  ctg_id = ?     [1]
[SQL_LOG:2020-10-20 02:45:21]: SELECT ctg_id, category_name  FROM  category     []
[SQL_LOG:2020-10-20 02:45:21]: SELECT item_id, item_name, price, image, ctg_id  FROM  item     []
[SQL_LOG:2020-10-20 02:45:26]: SELECT ctg_id, category_name  FROM  category     []
[SQL_LOG:2020-10-20 02:45:26]: SELECT  item_id, item_name, price, image, ctg_id  FROM item WHERE  item_name LIKE ?     [%ta%]
[SQL_LOG:2020-10-20 02:45:29]: SELECT ctg_id, category_name  FROM  category     []
[SQL_LOG:2020-10-20 02:45:29]: SELECT  item_id, item_name, price, image, ctg_id  FROM item WHERE  item_name LIKE ?     [%た%]
[SQL_LOG:2020-10-20 02:45:37]: SELECT ctg_id, category_name  FROM  category     []
[SQL_LOG:2020-10-20 02:45:37]: SELECT  item_id, item_name, price, image, ctg_id  FROM item WHERE  item_name LIKE ?     [%ミ%]
[SQL_LOG:2020-10-20 02:45:43]: SELECT ctg_id, category_name  FROM  category     []
[SQL_LOG:2020-10-20 02:45:43]: SELECT item_id, item_name, price, image, ctg_id  FROM  item  WHERE  ctg_id = ?     [2]
[SQL_LOG:2020-10-20 02:45:47]: SELECT ctg_id, category_name  FROM  category     []
[SQL_LOG:2020-10-20 02:45:47]: SELECT  item_id, item_name, price, image, ctg_id  FROM item WHERE  item_name LIKE ?     [%み%]
[SQL_LOG:2020-10-20 02:45:50]: SELECT ctg_id, category_name  FROM  category     []
[SQL_LOG:2020-10-20 02:45:50]: SELECT item_id, item_name, price, image, ctg_id  FROM  item     []
[SQL_LOG:2020-10-20 02:46:03]: SELECT ctg_id, category_name  FROM  category     []
[SQL_LOG:2020-10-20 02:46:03]: SELECT item_id, item_name, price, image, ctg_id  FROM  item  WHERE  ctg_id = ?     [1]
[SQL_LOG:2020-10-20 02:46:07]: SELECT ctg_id, category_name  FROM  category     []
[SQL_LOG:2020-10-20 02:46:07]: SELECT item_id, item_name, price, image, ctg_id  FROM  item     []
[SQL_LOG:2020-10-20 02:46:18]: SELECT ctg_id, category_name  FROM  category     []
[SQL_LOG:2020-10-20 02:46:18]: SELECT  item_id, item_name, price, image, ctg_id  FROM item WHERE  item_name LIKE ?     [%ka%]
[SQL_LOG:2020-10-20 02:47:38]: SELECT ctg_id, category_name  FROM  category     []
[SQL_LOG:2020-10-20 02:47:38]: SELECT item_id, item_name, price, image, ctg_id  FROM  item     []
[SQL_LOG:2020-10-20 02:47:40]: SELECT ctg_id, category_name  FROM  category     []
[SQL_LOG:2020-10-20 02:47:40]: SELECT  item_id, item_name, price, image, ctg_id  FROM item WHERE  item_name LIKE ?     [%ka%]
[SQL_LOG:2020-10-20 02:47:40]: SELECT ctg_id, category_name  FROM  category     []
[SQL_LOG:2020-10-20 02:47:40]: SELECT item_id, item_name, price, image, ctg_id  FROM  item     []
[SQL_LOG:2020-10-20 02:48:37]: SELECT ctg_id, category_name  FROM  category     []
[SQL_LOG:2020-10-20 02:48:37]: SELECT  item_id, item_name, price, image, ctg_id  FROM item WHERE  item_name LIKE ?     [%ka%]
[SQL_LOG:2020-10-20 02:48:37]: SELECT item_id, item_name, price, image, ctg_id  FROM  item     []
[SQL_LOG:2020-10-20 02:48:42]: SELECT ctg_id, category_name  FROM  category     []
[SQL_LOG:2020-10-20 02:48:42]: SELECT  item_id, item_name, price, image, ctg_id  FROM item    []
[SQL_LOG:2020-10-20 02:48:45]: SELECT ctg_id, category_name  FROM  category     []
[SQL_LOG:2020-10-20 02:48:45]: SELECT  item_id, item_name, price, image, ctg_id  FROM item WHERE  item_name LIKE ?     [%ka%]
[SQL_LOG:2020-10-20 02:48:45]: SELECT item_id, item_name, price, image, ctg_id  FROM  item     []
[SQL_LOG:2020-10-20 02:50:47]: SELECT ctg_id, category_name  FROM  category     []
[SQL_LOG:2020-10-20 02:50:47]: SELECT item_id, item_name, price, image, ctg_id  FROM  item     []
[SQL_LOG:2020-10-20 02:50:50]: SELECT ctg_id, category_name  FROM  category     []
[SQL_LOG:2020-10-20 02:50:50]: SELECT  item_id, item_name, price, image, ctg_id  FROM item WHERE  item_name LIKE ?     [%ka%]
[SQL_LOG:2020-10-20 02:50:50]: SELECT item_id, item_name, price, image, ctg_id  FROM  item     []
[SQL_LOG:2020-10-20 02:51:22]: SELECT ctg_id, category_name  FROM  category     []
[SQL_LOG:2020-10-20 02:51:22]: SELECT  item_id, item_name, price, image, ctg_id  FROM item WHERE  item_name LIKE ?     [%ka%]
[SQL_LOG:2020-10-20 02:51:22]: SELECT item_id, item_name, price, image, ctg_id  FROM  item     []
[SQL_LOG:2020-10-20 02:52:01]: SELECT ctg_id, category_name  FROM  category     []
[SQL_LOG:2020-10-20 02:52:01]: SELECT  item_id, item_name, price, image, ctg_id  FROM item WHERE  item_name LIKE ?     [%ka%]
[SQL_LOG:2020-10-20 02:52:01]: SELECT item_id, item_name, price, image, ctg_id  FROM  item     []
[SQL_LOG:2020-10-20 02:52:02]: SELECT ctg_id, category_name  FROM  category     []
[SQL_LOG:2020-10-20 02:52:02]: SELECT item_id, item_name, price, image, ctg_id  FROM  item     []
[SQL_LOG:2020-10-20 02:52:12]: SELECT ctg_id, category_name  FROM  category     []
[SQL_LOG:2020-10-20 02:52:12]: SELECT  item_id, item_name, price, image, ctg_id  FROM item WHERE  item_name LIKE ?     [%ka%]
[SQL_LOG:2020-10-20 02:52:12]: SELECT item_id, item_name, price, image, ctg_id  FROM  item     []
[SQL_LOG:2020-10-20 02:52:36]: SELECT ctg_id, category_name  FROM  category     []
[SQL_LOG:2020-10-20 02:52:36]: SELECT  item_id, item_name, price, image, ctg_id  FROM item WHERE  item_name LIKE ?     [%た%]
[SQL_LOG:2020-10-20 02:52:37]: SELECT ctg_id, category_name  FROM  category     []
[SQL_LOG:2020-10-20 02:52:37]: SELECT item_id, item_name, price, image, ctg_id  FROM  item     []
[SQL_LOG:2020-10-20 02:55:36]: SELECT ctg_id, category_name  FROM  category     []
[SQL_LOG:2020-10-20 02:55:36]: SELECT  item_id, item_name, price, image, ctg_id  FROM item WHERE  item_name LIKE ?     [%ka%]
[SQL_LOG:2020-10-20 02:55:36]: SELECT item_id, item_name, price, image, ctg_id  FROM  item     []
[SQL_LOG:2020-10-20 02:57:27]: SELECT ctg_id, category_name  FROM  category     []
[SQL_LOG:2020-10-20 02:57:27]: SELECT item_id, item_name, price, image, ctg_id  FROM  item     []
[SQL_LOG:2020-10-20 02:57:28]: SELECT ctg_id, category_name  FROM  category     []
[SQL_LOG:2020-10-20 02:57:28]: SELECT  item_id, item_name, price, image, ctg_id  FROM item WHERE  item_name LIKE ?     [%ka%]
[SQL_LOG:2020-10-20 02:57:28]: SELECT item_id, item_name, price, image, ctg_id  FROM  item     []
[SQL_LOG:2020-10-20 02:57:35]: SELECT *  FROM  member  WHERE  email = ?     [tttvvvaken@gmail.com]
[SQL_LOG:2020-10-20 02:57:36]: SELECT session_key  FROM  loginsession  WHERE  mem_id = ?     [7]
[SQL_LOG:2020-10-20 02:57:36]: SELECT ctg_id, category_name  FROM  category     []
[SQL_LOG:2020-10-20 02:57:36]: SELECT item_id, item_name, price, image, ctg_id  FROM  item     []
[SQL_LOG:2020-10-20 02:57:39]: SELECT *  FROM  member  WHERE  mem_id = ?     [7]
[SQL_LOG:2020-10-20 02:57:41]: SELECT ctg_id, category_name  FROM  category     []
[SQL_LOG:2020-10-20 02:57:41]: SELECT item_id, item_name, price, image, ctg_id  FROM  item     []
[SQL_LOG:2020-10-20 02:57:43]: SELECT ctg_id, category_name  FROM  category     []
[SQL_LOG:2020-10-20 02:57:43]: SELECT  item_id, item_name, price, image, ctg_id  FROM item WHERE  item_name LIKE ?     [%ka%]
[SQL_LOG:2020-10-20 02:57:43]: SELECT item_id, item_name, price, image, ctg_id  FROM  item     []
[SQL_LOG:2020-10-20 02:57:49]: SELECT ctg_id, category_name  FROM  category     []
[SQL_LOG:2020-10-20 02:57:49]: SELECT  item_id, item_name, price, image, ctg_id  FROM item WHERE  item_name LIKE ?     [% た%]
[SQL_LOG:2020-10-20 02:57:49]: SELECT item_id, item_name, price, image, ctg_id  FROM  item     []
[SQL_LOG:2020-10-20 02:57:51]: SELECT ctg_id, category_name  FROM  category     []
[SQL_LOG:2020-10-20 02:57:51]: SELECT  item_id, item_name, price, image, ctg_id  FROM item WHERE  item_name LIKE ?     [% た%]
[SQL_LOG:2020-10-20 02:57:51]: SELECT item_id, item_name, price, image, ctg_id  FROM  item     []
[SQL_LOG:2020-10-20 02:57:54]: SELECT ctg_id, category_name  FROM  category     []
[SQL_LOG:2020-10-20 02:57:54]: SELECT  item_id, item_name, price, image, ctg_id  FROM item WHERE  item_name LIKE ?     [%た%]
[SQL_LOG:2020-10-20 02:57:55]: SELECT ctg_id, category_name  FROM  category     []
[SQL_LOG:2020-10-20 02:57:55]: SELECT item_id, item_name, price, image, ctg_id  FROM  item  WHERE  ctg_id = ?     [1]
[SQL_LOG:2020-10-20 02:58:04]: SELECT ctg_id, category_name  FROM  category     []
[SQL_LOG:2020-10-20 02:58:04]: SELECT  item_id, item_name, price, image, ctg_id  FROM item WHERE  item_name LIKE ?     [%た%]
[SQL_LOG:2020-10-20 02:58:07]: SELECT ctg_id, category_name  FROM  category     []
[SQL_LOG:2020-10-20 02:58:07]: SELECT item_id, item_name, price, image, ctg_id  FROM  item     []
[SQL_LOG:2020-10-20 02:58:09]: SELECT ctg_id, category_name  FROM  category     []
[SQL_LOG:2020-10-20 02:58:09]: SELECT item_id, item_name, price, image, ctg_id  FROM  item  WHERE  ctg_id = ?     [2]
[SQL_LOG:2020-10-20 02:58:12]: SELECT ctg_id, category_name  FROM  category     []
[SQL_LOG:2020-10-20 02:58:12]: SELECT  item_id, item_name, price, image, ctg_id  FROM item WHERE  item_name LIKE ?     [%た%]
[SQL_LOG:2020-10-20 02:58:15]: SELECT ctg_id, category_name  FROM  category     []
[SQL_LOG:2020-10-20 02:58:15]: SELECT item_id, item_name, price, image, ctg_id  FROM  item     []
[SQL_LOG:2020-10-20 02:59:07]: SELECT *  FROM  member  WHERE  mem_id = ?     [7]
[SQL_LOG:2020-10-20 02:59:08]: SELECT ctg_id, category_name  FROM  category     []
[SQL_LOG:2020-10-20 02:59:08]: SELECT item_id, item_name, price, image, ctg_id  FROM  item     []
[SQL_LOG:2020-10-20 02:59:10]: SELECT ctg_id, category_name  FROM  category     []
[SQL_LOG:2020-10-20 02:59:10]: SELECT  item_id, item_name, price, image, ctg_id  FROM item WHERE  item_name LIKE ?     [%ka%]
[SQL_LOG:2020-10-20 02:59:10]: SELECT item_id, item_name, price, image, ctg_id  FROM  item     []
[SQL_LOG:2020-10-20 02:59:12]: SELECT ctg_id, category_name  FROM  category     []
[SQL_LOG:2020-10-20 02:59:12]: SELECT  item_id, item_name, price, image, ctg_id  FROM item WHERE  item_name LIKE ?     [%ka%]
[SQL_LOG:2020-10-20 02:59:12]: SELECT item_id, item_name, price, image, ctg_id  FROM  item     []
[SQL_LOG:2020-10-20 02:59:14]: SELECT ctg_id, category_name  FROM  category     []
[SQL_LOG:2020-10-20 02:59:14]: SELECT  item_id, item_name, price, image, ctg_id  FROM item WHERE  item_name LIKE ?     [%ka%]
[SQL_LOG:2020-10-20 02:59:14]: SELECT item_id, item_name, price, image, ctg_id  FROM  item     []
[SQL_LOG:2020-10-20 02:59:15]: SELECT ctg_id, category_name  FROM  category     []
[SQL_LOG:2020-10-20 02:59:15]: SELECT  item_id, item_name, price, image, ctg_id  FROM item WHERE  item_name LIKE ?     [%ka%]
[SQL_LOG:2020-10-20 02:59:15]: SELECT item_id, item_name, price, image, ctg_id  FROM  item     []
[SQL_LOG:2020-10-20 02:59:22]: SELECT ctg_id, category_name  FROM  category     []
[SQL_LOG:2020-10-20 02:59:22]: SELECT  item_id, item_name, price, image, ctg_id  FROM item WHERE  item_name LIKE ?     [%玉ねぎ%]
[SQL_LOG:2020-10-20 02:59:22]: SELECT item_id, item_name, price, image, ctg_id  FROM  item     []
[SQL_LOG:2020-10-20 02:59:22]: SELECT ctg_id, category_name  FROM  category     []
[SQL_LOG:2020-10-20 02:59:22]: SELECT  item_id, item_name, price, image, ctg_id  FROM item WHERE  item_name LIKE ?     [%玉ねぎ%]
[SQL_LOG:2020-10-20 02:59:22]: SELECT item_id, item_name, price, image, ctg_id  FROM  item     []
[SQL_LOG:2020-10-20 02:59:25]: SELECT ctg_id, category_name  FROM  category     []
[SQL_LOG:2020-10-20 02:59:25]: SELECT  item_id, item_name, price, image, ctg_id  FROM item WHERE  item_name LIKE ?     [%ねぎ%]
[SQL_LOG:2020-10-20 02:59:28]: SELECT ctg_id, category_name  FROM  category     []
[SQL_LOG:2020-10-20 02:59:28]: SELECT  item_id, item_name, price, image, ctg_id  FROM item WHERE  item_name LIKE ?     [%ねぎ%]
[SQL_LOG:2020-10-20 02:59:42]: SELECT ctg_id, category_name  FROM  category     []
[SQL_LOG:2020-10-20 02:59:42]: SELECT item_id, item_name, price, image, ctg_id  FROM  item     []
[SQL_LOG:2020-10-20 02:59:44]: SELECT *  FROM  member  WHERE  mem_id = ?     [7]
[SQL_LOG:2020-10-20 02:59:46]: SELECT mem_id, family_name, first_name, family_name_kana, first_name_kana, email, user_id, sex, traffic, regist_date, update_date  FROM  member     []
[SQL_LOG:2020-10-20 02:59:46]: SELECT customer_no  FROM  session  WHERE  session_key = ?     [nha57q2j5noeb5i7mtnotcesri]
[SQL_LOG:2020-10-20 02:59:46]: SELECT c.crt_id, i.item_id, i.item_name, i.price, i.image FROM  cart c LEFT JOIN item i ON c.item_id = i.item_id  WHERE  c.customer_no = ? AND c.delete_flg = ?    [9,0]
[SQL_LOG:2020-10-20 02:59:46]: SELECT SUM(i.price) AS totalPrice  FROM  cart c LEFT JOIN item i ON c.item_id = i.item_id  WHERE  c.customer_no = ? AND c.delete_flg = ?    [9,0]
[SQL_LOG:2020-10-20 02:59:46]: SELECT SUM(num) AS num  FROM  cart c  WHERE  c.customer_no = ? AND c.delete_flg = ?    [9,0]
[SQL_LOG:2020-10-20 02:59:47]: SELECT ctg_id, category_name  FROM  category     []
[SQL_LOG:2020-10-20 02:59:47]: SELECT item_id, item_name, price, image, ctg_id  FROM  item     []
[SQL_LOG:2020-10-20 02:59:50]: SELECT *  FROM  member  WHERE  mem_id = ?     [7]
[SQL_LOG:2020-10-20 02:59:53]: SELECT ctg_id, category_name  FROM  category     []
[SQL_LOG:2020-10-20 02:59:53]: SELECT item_id, item_name, price, image, ctg_id  FROM  item     []
[SQL_LOG:2020-10-20 02:59:59]: SELECT *  FROM  member  WHERE  email = ?     [tttvvvaken@gmail.com]
[SQL_LOG:2020-10-20 03:00:00]: SELECT session_key  FROM  loginsession  WHERE  mem_id = ?     [7]
[SQL_LOG:2020-10-20 03:00:00]: SELECT ctg_id, category_name  FROM  category     []
[SQL_LOG:2020-10-20 03:00:00]: SELECT item_id, item_name, price, image, ctg_id  FROM  item     []
[SQL_LOG:2020-10-20 03:00:01]: SELECT *  FROM  member  WHERE  mem_id = ?     [7]
[SQL_LOG:2020-10-20 03:00:02]: SELECT *  FROM  member  WHERE  mem_id = ?     [7]
[SQL_LOG:2020-10-20 03:00:04]: SELECT *  FROM  member  WHERE  mem_id = ?     [7]
[SQL_LOG:2020-10-20 03:00:06]: SELECT *  FROM  member  WHERE  mem_id = ?     [7]
[SQL_LOG:2020-10-20 03:00:08]: SELECT *  FROM  member  WHERE  mem_id = ?     [7]
[SQL_LOG:2020-10-20 03:00:09]: SELECT ctg_id, category_name  FROM  category     []
[SQL_LOG:2020-10-20 03:00:09]: SELECT item_id, item_name, price, image, ctg_id  FROM  item     []
[SQL_LOG:2020-10-20 03:00:29]: SELECT *  FROM  member  WHERE  mem_id = ?     [7]
[SQL_LOG:2020-10-20 03:00:30]: SELECT *  FROM  member  WHERE  mem_id = ?     [7]
[SQL_LOG:2020-10-20 03:00:32]: SELECT *  FROM member WHERE  email = ?    LIMIT  1   [tttvvvaken@gmail.com]
[SQL_LOG:2020-10-20 03:00:37]: SELECT *  FROM member WHERE  email = ?    LIMIT  1   [tttvvvaken@gmail.co]
[SQL_LOG:2020-10-20 03:00:38]: SELECT ctg_id, category_name  FROM  category     []
[SQL_LOG:2020-10-20 03:00:38]: SELECT item_id, item_name, price, image, ctg_id  FROM  item     []
[SQL_LOG:2020-10-20 19:56:13]: SELECT ctg_id, category_name  FROM  category     []
[SQL_LOG:2020-10-20 19:56:13]: SELECT item_id, item_name, price, image, ctg_id  FROM  item     []
[SQL_LOG:2020-10-20 19:56:17]: SELECT ctg_id, category_name  FROM  category     []
[SQL_LOG:2020-10-20 19:56:17]: SELECT  item_id, item_name, price, image, ctg_id  FROM item WHERE  item_name LIKE ?     [%た%]
[SQL_LOG:2020-10-20 19:56:17]: SELECT ctg_id, category_name  FROM  category     []
[SQL_LOG:2020-10-20 19:56:17]: SELECT  item_id, item_name, price, image, ctg_id  FROM item WHERE  item_name LIKE ?     [%た%]
[SQL_LOG:2020-10-20 19:56:22]: SELECT ctg_id, category_name  FROM  category     []
[SQL_LOG:2020-10-20 19:56:22]: SELECT  item_id, item_name, price, image, ctg_id  FROM item WHERE  item_name LIKE ?     [%ka%]
[SQL_LOG:2020-10-20 19:56:22]: SELECT item_id, item_name, price, image, ctg_id  FROM  item     []
[SQL_LOG:2020-10-20 19:56:29]: SELECT ctg_id, category_name  FROM  category     []
[SQL_LOG:2020-10-20 19:56:29]: SELECT  item_id, item_name, price, image, ctg_id  FROM item WHERE  item_name LIKE ?     [%た%]
[SQL_LOG:2020-10-20 19:56:37]: SELECT ctg_id, category_name  FROM  category     []
[SQL_LOG:2020-10-20 19:56:37]: SELECT  item_id, item_name, price, image, ctg_id  FROM item WHERE  item_name LIKE ?     [%ka%]
[SQL_LOG:2020-10-20 19:56:37]: SELECT item_id, item_name, price, image, ctg_id  FROM  item     []
[SQL_LOG:2020-10-20 19:56:50]: SELECT *  FROM  member  WHERE  mem_id = ?     [7]
[SQL_LOG:2020-10-20 19:56:59]: SELECT *  FROM  member  WHERE  mem_id = ?     [7]
[SQL_LOG:2020-10-20 19:57:01]: SELECT *  FROM member WHERE  email = ?    LIMIT  1   [tttvvvaken@gmail.com]
[SQL_LOG:2020-10-20 19:57:03]: SELECT *  FROM  member  WHERE  mem_id = ?     [7]
[SQL_LOG:2020-10-20 19:57:05]: SELECT *  FROM  member  WHERE  mem_id = ?     [7]
[SQL_LOG:2020-10-20 19:57:10]: SELECT *  FROM  member  WHERE  mem_id = ?     [7]
[SQL_LOG:2020-10-20 19:57:11]: SELECT *  FROM  member  WHERE  mem_id = ?     [7]
[SQL_LOG:2020-10-20 19:57:18]: SELECT *  FROM member WHERE  email = ?    LIMIT  1   [tttvvvaken@gmail.com]
[SQL_LOG:2020-10-20 19:57:21]: SELECT *  FROM  member  WHERE  mem_id = ?     [7]
[SQL_LOG:2020-10-20 19:57:24]: SELECT *  FROM  member  WHERE  mem_id = ?     [7]
[SQL_LOG:2020-10-20 19:57:25]: SELECT ctg_id, category_name  FROM  category     []
[SQL_LOG:2020-10-20 19:57:25]: SELECT item_id, item_name, price, image, ctg_id  FROM  item     []
[SQL_LOG:2020-10-20 19:57:29]: SELECT ctg_id, category_name  FROM  category     []
[SQL_LOG:2020-10-20 19:57:29]: SELECT item_id, item_name, price, image, ctg_id  FROM  item     []
[SQL_LOG:2020-10-20 19:57:35]: SELECT *  FROM  member  WHERE  email = ?     [tttvvvaken@gmail.com]
[SQL_LOG:2020-10-20 19:57:35]: SELECT session_key  FROM  loginsession  WHERE  mem_id = ?     [7]
[SQL_LOG:2020-10-20 19:57:35]: SELECT ctg_id, category_name  FROM  category     []
[SQL_LOG:2020-10-20 19:57:35]: SELECT item_id, item_name, price, image, ctg_id  FROM  item     []
[SQL_LOG:2020-10-20 19:57:41]: SELECT ctg_id, category_name  FROM  category     []
[SQL_LOG:2020-10-20 19:57:41]: SELECT item_id, item_name, detail, price, image, ctg_id FROM  item  WHERE  item_id = ?     [1]
[SQL_LOG:2020-10-20 19:59:49]: SELECT ctg_id, category_name  FROM  category     []
[SQL_LOG:2020-10-20 19:59:49]: SELECT item_id, item_name, price, image, ctg_id  FROM  item     []
[SQL_LOG:2020-10-20 20:00:01]: SELECT ctg_id, category_name  FROM  category     []
[SQL_LOG:2020-10-20 20:00:01]: SELECT  item_id, item_name, price, image, ctg_id  FROM item WHERE  item_name LIKE ?     [%た%]
[SQL_LOG:2020-10-20 20:00:22]: SELECT ctg_id, category_name  FROM  category     []
[SQL_LOG:2020-10-20 20:00:22]: SELECT item_id, item_name, price, image, ctg_id  FROM  item     []
[SQL_LOG:2020-10-20 20:00:27]: SELECT *  FROM  member  WHERE  email = ?     [tttvvvaken@gmail.com]
[SQL_LOG:2020-10-20 20:00:27]: SELECT session_key  FROM  loginsession  WHERE  mem_id = ?     [7]
[SQL_LOG:2020-10-20 20:00:27]: SELECT ctg_id, category_name  FROM  category     []
[SQL_LOG:2020-10-20 20:00:27]: SELECT item_id, item_name, price, image, ctg_id  FROM  item     []
[SQL_LOG:2020-10-20 20:00:28]: SELECT *  FROM  member  WHERE  mem_id = ?     [7]
[SQL_LOG:2020-10-20 20:00:30]: SELECT *  FROM  member  WHERE  mem_id = ?     [7]
[SQL_LOG:2020-10-20 20:00:31]: SELECT *  FROM  member  WHERE  mem_id = ?     [7]
[SQL_LOG:2020-10-20 20:00:32]: SELECT ctg_id, category_name  FROM  category     []
[SQL_LOG:2020-10-20 20:00:32]: SELECT item_id, item_name, price, image, ctg_id  FROM  item     []
[SQL_LOG:2020-10-20 20:02:08]: SELECT ctg_id, category_name  FROM  category     []
[SQL_LOG:2020-10-20 20:02:08]: SELECT item_id, item_name, price, image, ctg_id  FROM  item     []
[SQL_LOG:2020-10-20 20:02:16]: SELECT *  FROM  member  WHERE  email = ?     [tttvvvaken@gmail.com]
[SQL_LOG:2020-10-20 20:02:16]: SELECT session_key  FROM  loginsession  WHERE  mem_id = ?     [7]
[SQL_LOG:2020-10-20 20:02:16]: SELECT ctg_id, category_name  FROM  category     []
[SQL_LOG:2020-10-20 20:02:16]: SELECT item_id, item_name, price, image, ctg_id  FROM  item     []
[SQL_LOG:2020-10-20 20:02:17]: SELECT *  FROM  member  WHERE  mem_id = ?     [7]
[SQL_LOG:2020-10-20 20:02:18]: SELECT *  FROM  member  WHERE  mem_id = ?     [7]
[SQL_LOG:2020-10-20 20:02:20]: SELECT *  FROM member WHERE  email = ?    LIMIT  1   [tttvvvaken@gmail.com]
[SQL_LOG:2020-10-20 20:02:25]: SELECT *  FROM member WHERE  email = ?    LIMIT  1   [tttvvvaken@gmail.co]
[SQL_LOG:2020-10-20 20:02:28]: SELECT *  FROM  member  WHERE  mem_id = ?     [7]
[SQL_LOG:2020-10-20 20:02:29]: SELECT *  FROM  member  WHERE  mem_id = ?     [7]
[SQL_LOG:2020-10-20 20:02:31]: SELECT *  FROM  member  WHERE  mem_id = ?     [7]
[SQL_LOG:2020-10-20 20:02:36]: SELECT *  FROM  member  WHERE  mem_id = ?     [7]
[SQL_LOG:2020-10-20 20:02:38]: SELECT ctg_id, category_name  FROM  category     []
[SQL_LOG:2020-10-20 20:02:38]: SELECT item_id, item_name, price, image, ctg_id  FROM  item     []
[SQL_LOG:2020-10-20 20:03:13]: SELECT ctg_id, category_name  FROM  category     []
[SQL_LOG:2020-10-20 20:03:13]: SELECT item_id, item_name, price, image, ctg_id  FROM  item     []
[SQL_LOG:2020-10-20 20:03:16]: SELECT ctg_id, category_name  FROM  category     []
[SQL_LOG:2020-10-20 20:03:16]: SELECT item_id, item_name, price, image, ctg_id  FROM  item     []
[SQL_LOG:2020-10-20 20:03:18]: SELECT *  FROM  member  WHERE  mem_id = ?     [7]
[SQL_LOG:2020-10-20 20:03:20]: SELECT *  FROM  member  WHERE  mem_id = ?     [7]
[SQL_LOG:2020-10-20 20:03:21]: SELECT *  FROM  member  WHERE  mem_id = ?     [7]
[SQL_LOG:2020-10-20 20:03:22]: SELECT ctg_id, category_name  FROM  category     []
[SQL_LOG:2020-10-20 20:03:22]: SELECT item_id, item_name, price, image, ctg_id  FROM  item     []
[SQL_LOG:2020-10-20 20:03:33]: SELECT ctg_id, category_name  FROM  category     []
[SQL_LOG:2020-10-20 20:03:33]: SELECT item_id, item_name, price, image, ctg_id  FROM  item     []
[SQL_LOG:2020-10-20 20:03:34]: SELECT ctg_id, category_name  FROM  category     []
[SQL_LOG:2020-10-20 20:03:34]: SELECT item_id, item_name, price, image, ctg_id  FROM  item     []
[SQL_LOG:2020-10-20 20:03:36]: SELECT mem_id, family_name, first_name, family_name_kana, first_name_kana, email, user_id, sex, traffic, regist_date, update_date  FROM  member     []
[SQL_LOG:2020-10-20 20:03:38]: SELECT ctg_id, category_name  FROM  category     []
[SQL_LOG:2020-10-20 20:03:38]: SELECT item_id, item_name, price, image, ctg_id  FROM  item     []
[SQL_LOG:2020-10-20 20:03:39]: SELECT *  FROM  member  WHERE  mem_id = ?     [7]
[SQL_LOG:2020-10-20 20:03:45]: SELECT *  FROM  member  WHERE  mem_id = ?     [7]
[SQL_LOG:2020-10-20 20:03:49]: SELECT ctg_id, category_name  FROM  category     []
[SQL_LOG:2020-10-20 20:03:49]: SELECT item_id, item_name, price, image, ctg_id  FROM  item     []
[SQL_LOG:2020-10-20 20:03:51]: SELECT *  FROM  member  WHERE  mem_id = ?     [7]
[SQL_LOG:2020-10-20 20:03:53]: SELECT *  FROM  member  WHERE  mem_id = ?     [7]
[SQL_LOG:2020-10-20 20:03:56]: SELECT ctg_id, category_name  FROM  category     []
[SQL_LOG:2020-10-20 20:03:56]: SELECT item_id, item_name, price, image, ctg_id  FROM  item     []
[SQL_LOG:2020-10-20 20:06:41]: SELECT ctg_id, category_name  FROM  category     []
[SQL_LOG:2020-10-20 20:06:41]: SELECT  item_id, item_name, price, image, ctg_id  FROM item    []
[SQL_LOG:2020-10-20 20:06:41]: SELECT ctg_id, category_name  FROM  category     []
[SQL_LOG:2020-10-20 20:06:41]: SELECT  item_id, item_name, price, image, ctg_id  FROM item    []
[SQL_LOG:2020-10-20 20:06:42]: SELECT ctg_id, category_name  FROM  category     []
[SQL_LOG:2020-10-20 20:06:42]: SELECT  item_id, item_name, price, image, ctg_id  FROM item    []
[SQL_LOG:2020-10-20 20:06:42]: SELECT ctg_id, category_name  FROM  category     []
[SQL_LOG:2020-10-20 20:06:42]: SELECT  item_id, item_name, price, image, ctg_id  FROM item    []
[SQL_LOG:2020-10-20 20:06:44]: SELECT ctg_id, category_name  FROM  category     []
[SQL_LOG:2020-10-20 20:06:44]: SELECT  item_id, item_name, price, image, ctg_id  FROM item WHERE  item_name LIKE ?     [%ka%]
[SQL_LOG:2020-10-20 20:06:44]: SELECT item_id, item_name, price, image, ctg_id  FROM  item     []
[SQL_LOG:2020-10-20 20:06:51]: SELECT ctg_id, category_name  FROM  category     []
[SQL_LOG:2020-10-20 20:06:51]: SELECT  item_id, item_name, price, image, ctg_id  FROM item    []
[SQL_LOG:2020-10-20 20:06:52]: SELECT ctg_id, category_name  FROM  category     []
[SQL_LOG:2020-10-20 20:06:52]: SELECT  item_id, item_name, price, image, ctg_id  FROM item    []
[SQL_LOG:2020-10-20 20:06:52]: SELECT ctg_id, category_name  FROM  category     []
[SQL_LOG:2020-10-20 20:06:52]: SELECT  item_id, item_name, price, image, ctg_id  FROM item    []
[SQL_LOG:2020-10-20 20:06:53]: SELECT ctg_id, category_name  FROM  category     []
[SQL_LOG:2020-10-20 20:06:53]: SELECT  item_id, item_name, price, image, ctg_id  FROM item    []
[SQL_LOG:2020-10-20 20:06:53]: SELECT ctg_id, category_name  FROM  category     []
[SQL_LOG:2020-10-20 20:06:53]: SELECT  item_id, item_name, price, image, ctg_id  FROM item    []
[SQL_LOG:2020-10-20 20:06:54]: SELECT ctg_id, category_name  FROM  category     []
[SQL_LOG:2020-10-20 20:06:54]: SELECT item_id, item_name, price, image, ctg_id  FROM  item     []
[SQL_LOG:2020-10-20 20:06:56]: SELECT customer_no  FROM  session  WHERE  session_key = ?     [nha57q2j5noeb5i7mtnotcesri]
[SQL_LOG:2020-10-20 20:06:56]: SELECT c.crt_id, i.item_id, i.item_name, i.price, i.image FROM  cart c LEFT JOIN item i ON c.item_id = i.item_id  WHERE  c.customer_no = ? AND c.delete_flg = ?    [9,0]
[SQL_LOG:2020-10-20 20:06:56]: SELECT SUM(i.price) AS totalPrice  FROM  cart c LEFT JOIN item i ON c.item_id = i.item_id  WHERE  c.customer_no = ? AND c.delete_flg = ?    [9,0]
[SQL_LOG:2020-10-20 20:06:56]: SELECT SUM(num) AS num  FROM  cart c  WHERE  c.customer_no = ? AND c.delete_flg = ?    [9,0]
[SQL_LOG:2020-10-20 20:06:57]: SELECT ctg_id, category_name  FROM  category     []
[SQL_LOG:2020-10-20 20:06:57]: SELECT item_id, item_name, price, image, ctg_id  FROM  item     []
[SQL_LOG:2020-10-20 20:06:58]: SELECT ctg_id, category_name  FROM  category     []
[SQL_LOG:2020-10-20 20:06:58]: SELECT item_id, item_name, detail, price, image, ctg_id FROM  item  WHERE  item_id = ?     [1]
[SQL_LOG:2020-10-20 20:06:59]: SELECT customer_no  FROM  session  WHERE  session_key = ?     [nha57q2j5noeb5i7mtnotcesri]
[SQL_LOG:2020-10-20 20:06:59]: INSERT INTO cart (customer_no,item_id)VALUES(?,?) [9,1]
[SQL_LOG:2020-10-20 20:06:59]: SELECT c.crt_id, i.item_id, i.item_name, i.price, i.image FROM  cart c LEFT JOIN item i ON c.item_id = i.item_id  WHERE  c.customer_no = ? AND c.delete_flg = ?    [9,0]
[SQL_LOG:2020-10-20 20:06:59]: SELECT SUM(i.price) AS totalPrice  FROM  cart c LEFT JOIN item i ON c.item_id = i.item_id  WHERE  c.customer_no = ? AND c.delete_flg = ?    [9,0]
[SQL_LOG:2020-10-20 20:06:59]: SELECT SUM(num) AS num  FROM  cart c  WHERE  c.customer_no = ? AND c.delete_flg = ?    [9,0]
[SQL_LOG:2020-10-20 20:07:01]: SELECT customer_no  FROM  session  WHERE  session_key = ?     [nha57q2j5noeb5i7mtnotcesri]
[SQL_LOG:2020-10-20 20:07:01]: UPDATE cart  SET delete_flg =?  WHERE  crt_id = ?  [1,36]
[SQL_LOG:2020-10-20 20:07:01]: SELECT c.crt_id, i.item_id, i.item_name, i.price, i.image FROM  cart c LEFT JOIN item i ON c.item_id = i.item_id  WHERE  c.customer_no = ? AND c.delete_flg = ?    [9,0]
[SQL_LOG:2020-10-20 20:07:01]: SELECT SUM(i.price) AS totalPrice  FROM  cart c LEFT JOIN item i ON c.item_id = i.item_id  WHERE  c.customer_no = ? AND c.delete_flg = ?    [9,0]
[SQL_LOG:2020-10-20 20:07:01]: SELECT SUM(num) AS num  FROM  cart c  WHERE  c.customer_no = ? AND c.delete_flg = ?    [9,0]
[SQL_LOG:2020-10-20 20:07:02]: SELECT ctg_id, category_name  FROM  category     []
[SQL_LOG:2020-10-20 20:07:02]: SELECT item_id, item_name, price, image, ctg_id  FROM  item     []
[SQL_LOG:2020-10-20 20:07:03]: SELECT *  FROM  member  WHERE  mem_id = ?     [7]
