[SQL_LOG:2020-12-01 14:00:10]: SELECT ctg_id, category_name  FROM  category     []
[SQL_LOG:2020-12-01 14:00:10]: SELECT item_id, item_name, price, image, ctg_id  FROM  item     []
[SQL_LOG:2020-12-01 14:00:22]: SELECT ctg_id, category_name  FROM  category     []
[SQL_LOG:2020-12-01 14:00:22]: SELECT item_id, item_name, detail, price, image, ctg_id FROM  item  WHERE  item_id = ?     [1]
[SQL_LOG:2020-12-01 14:00:22]: SELECT COUNT(*) AS NUM  FROM  likes  WHERE  item_id = ?     [1]
[SQL_LOG:2020-12-01 14:00:22]: SELECT *  FROM  likes  WHERE  item_id = ? AND mem_id = ?     [1,7]
[SQL_LOG:2020-12-01 14:02:37]: SELECT ctg_id, category_name  FROM  category     []
[SQL_LOG:2020-12-01 14:02:37]: SELECT item_id, item_name, price, image, ctg_id  FROM  item     []
[SQL_LOG:2020-12-01 14:05:43]: SELECT *  FROM  member  WHERE  mem_id = ?     [7]
[SQL_LOG:2020-12-01 14:05:47]: UPDATE member  SET email =? ,delete_date =? ,delete_flg =?  WHERE  mem_id = ?  [,2020-12-01 14:05:47,1,7]
[SQL_LOG:2020-12-01 14:08:25]: SELECT *  FROM  member  WHERE  email = ?     [tttvvvaken@gmail.com]
[SQL_LOG:2020-12-01 14:08:31]: SELECT *  FROM  member  WHERE  email = ?     [tttvvvaken@gmail.com]
[SQL_LOG:2020-12-01 14:08:34]: SELECT *  FROM  member  WHERE  email = ?     [tttvvvaken@gmail.com]
[SQL_LOG:2020-12-01 14:09:23]: SELECT *  FROM  member  WHERE  email = ?     [tttvvvaken@gmail.co]
[SQL_LOG:2020-12-01 14:09:26]: SELECT *  FROM  member  WHERE  email = ?     [tttvvvaken@gmail.co]
[SQL_LOG:2020-12-01 14:10:16]: SELECT *  FROM  member  WHERE  email = ?     [tttvvvaken@gmail.com]
[SQL_LOG:2020-12-01 14:10:17]: SELECT *  FROM  member  WHERE  email = ?     [tttvvvaken@gmail.com]
[SQL_LOG:2020-12-01 14:10:22]: SELECT *  FROM  member  WHERE  email = ?     [tttvvvaken@gmail.com]
[SQL_LOG:2020-12-01 14:10:22]: SELECT session_key  FROM  loginsession  WHERE  mem_id = ?     [7]
[SQL_LOG:2020-12-01 14:10:23]: SELECT ctg_id, category_name  FROM  category     []
[SQL_LOG:2020-12-01 14:10:23]: SELECT item_id, item_name, price, image, ctg_id  FROM  item     []
[SQL_LOG:2020-12-01 14:11:08]: SELECT ctg_id, category_name  FROM  category     []
[SQL_LOG:2020-12-01 14:11:08]: SELECT item_id, item_name, price, image, ctg_id  FROM  item     []
[SQL_LOG:2020-12-01 14:11:18]: SELECT ctg_id, category_name  FROM  category     []
[SQL_LOG:2020-12-01 14:11:18]: SELECT  item_id, item_name, price, image, ctg_id  FROM item WHERE  item_name LIKE ?     [%た%]
[SQL_LOG:2020-12-01 14:12:32]: SELECT ctg_id, category_name  FROM  category     []
[SQL_LOG:2020-12-01 14:12:32]: SELECT item_id, item_name, detail, price, image, ctg_id FROM  item  WHERE  item_id = ?     [1]
[SQL_LOG:2020-12-01 14:12:32]: SELECT COUNT(*) AS NUM  FROM  likes  WHERE  item_id = ?     [1]
[SQL_LOG:2020-12-01 14:12:32]: SELECT *  FROM  likes  WHERE  item_id = ? AND mem_id = ?     [1,7]
[SQL_LOG:2020-12-01 14:12:52]: SELECT ctg_id, category_name  FROM  category     []
[SQL_LOG:2020-12-01 14:12:52]: SELECT item_id, item_name, detail, price, image, ctg_id FROM  item  WHERE  item_id = ?     [1]
[SQL_LOG:2020-12-01 14:12:52]: SELECT COUNT(*) AS NUM  FROM  likes  WHERE  item_id = ?     [1]
[SQL_LOG:2020-12-01 14:12:52]: SELECT *  FROM  likes  WHERE  item_id = ? AND mem_id = ?     [1,7]
[SQL_LOG:2020-12-01 14:12:53]: SELECT ctg_id, category_name  FROM  category     []
[SQL_LOG:2020-12-01 14:12:53]: SELECT item_id, item_name, price, image, ctg_id  FROM  item     []
[SQL_LOG:2020-12-01 14:15:26]: SELECT ctg_id, category_name  FROM  category     []
[SQL_LOG:2020-12-01 14:15:26]: SELECT item_id, item_name, detail, price, image, ctg_id FROM  item  WHERE  item_id = ?     [1]
[SQL_LOG:2020-12-01 14:15:26]: SELECT COUNT(*) AS NUM  FROM  likes  WHERE  item_id = ?     [1]
[SQL_LOG:2020-12-01 14:15:26]: SELECT *  FROM  likes  WHERE  item_id = ? AND mem_id = ?     [1,7]
[SQL_LOG:2020-12-01 14:17:03]: SELECT *  FROM  member  WHERE  mem_id = ?     [7]
[SQL_LOG:2020-12-01 14:17:09]: SELECT *  FROM  member  WHERE  mem_id = ?     [7]
[SQL_LOG:2020-12-01 14:17:10]: SELECT ctg_id, category_name  FROM  category     []
[SQL_LOG:2020-12-01 14:17:10]: SELECT item_id, item_name, price, image, ctg_id  FROM  item     []
[SQL_LOG:2020-12-01 14:17:12]: SELECT ctg_id, category_name  FROM  category     []
[SQL_LOG:2020-12-01 14:17:12]: SELECT item_id, item_name, detail, price, image, ctg_id FROM  item  WHERE  item_id = ?     [1]
[SQL_LOG:2020-12-01 14:17:12]: SELECT COUNT(*) AS NUM  FROM  likes  WHERE  item_id = ?     [1]
[SQL_LOG:2020-12-01 14:18:31]: SELECT ctg_id, category_name  FROM  category     []
[SQL_LOG:2020-12-01 14:18:31]: SELECT item_id, item_name, price, image, ctg_id  FROM  item     []
[SQL_LOG:2020-12-01 14:20:40]: SELECT ctg_id, category_name  FROM  category     []
[SQL_LOG:2020-12-01 14:20:40]: SELECT item_id, item_name, price, image, ctg_id  FROM  item     []
[SQL_LOG:2020-12-01 14:20:47]: SELECT *  FROM  member  WHERE  email = ?     [tttvvvaken@gmail.com]
[SQL_LOG:2020-12-01 14:20:48]: SELECT session_key  FROM  loginsession  WHERE  mem_id = ?     [7]
[SQL_LOG:2020-12-01 14:20:48]: SELECT ctg_id, category_name  FROM  category     []
[SQL_LOG:2020-12-01 14:20:48]: SELECT item_id, item_name, price, image, ctg_id  FROM  item     []
[SQL_LOG:2020-12-01 14:20:53]: SELECT ctg_id, category_name  FROM  category     []
[SQL_LOG:2020-12-01 14:20:53]: SELECT item_id, item_name, price, image, ctg_id  FROM  item     []
[SQL_LOG:2020-12-01 14:21:00]: SELECT ctg_id, category_name  FROM  category     []
[SQL_LOG:2020-12-01 14:21:00]: SELECT item_id, item_name, detail, price, image, ctg_id FROM  item  WHERE  item_id = ?     [1]
[SQL_LOG:2020-12-01 14:21:00]: SELECT COUNT(*) AS NUM  FROM  likes  WHERE  item_id = ?     [1]
[SQL_LOG:2020-12-01 14:21:00]: SELECT *  FROM  likes  WHERE  item_id = ? AND mem_id = ?     [1,7]
[SQL_LOG:2020-12-01 14:21:03]: SELECT c.crt_id, i.item_id, i.item_name, i.price, i.image FROM  cart c LEFT JOIN item i ON c.item_id = i.item_id  WHERE  c.mem_id = ? AND c.delete_flg = ?    [7,0]
[SQL_LOG:2020-12-01 14:21:03]: SELECT SUM(i.price) AS totalPrice  FROM  cart c LEFT JOIN item i ON c.item_id = i.item_id  WHERE  c.mem_id = ? AND c.delete_flg = ?    [7,0]
[SQL_LOG:2020-12-01 14:21:03]: SELECT SUM(num) AS num  FROM  cart c  WHERE  c.mem_id = ? AND c.delete_flg = ?    [7,0]
[SQL_LOG:2020-12-01 14:21:10]: SELECT ctg_id, category_name  FROM  category     []
[SQL_LOG:2020-12-01 14:21:10]: SELECT item_id, item_name, price, image, ctg_id  FROM  item     []
[SQL_LOG:2020-12-01 14:21:11]: SELECT ctg_id, category_name  FROM  category     []
[SQL_LOG:2020-12-01 14:21:11]: SELECT item_id, item_name, detail, price, image, ctg_id FROM  item  WHERE  item_id = ?     [1]
[SQL_LOG:2020-12-01 14:21:11]: SELECT COUNT(*) AS NUM  FROM  likes  WHERE  item_id = ?     [1]
[SQL_LOG:2020-12-01 14:21:11]: SELECT *  FROM  likes  WHERE  item_id = ? AND mem_id = ?     [1,7]
[SQL_LOG:2020-12-01 14:21:12]: SELECT c.crt_id, i.item_id, i.item_name, i.price, i.image FROM  cart c LEFT JOIN item i ON c.item_id = i.item_id  WHERE  c.mem_id = ? AND c.delete_flg = ?    [7,0]
[SQL_LOG:2020-12-01 14:21:12]: SELECT SUM(i.price) AS totalPrice  FROM  cart c LEFT JOIN item i ON c.item_id = i.item_id  WHERE  c.mem_id = ? AND c.delete_flg = ?    [7,0]
[SQL_LOG:2020-12-01 14:21:12]: SELECT SUM(num) AS num  FROM  cart c  WHERE  c.mem_id = ? AND c.delete_flg = ?    [7,0]
[SQL_LOG:2020-12-01 14:21:23]: SELECT c.crt_id, i.item_id, i.item_name, i.price, i.image FROM  cart c LEFT JOIN item i ON c.item_id = i.item_id  WHERE  c.mem_id = ? AND c.delete_flg = ?    [7,0]
[SQL_LOG:2020-12-01 14:21:23]: SELECT SUM(i.price) AS totalPrice  FROM  cart c LEFT JOIN item i ON c.item_id = i.item_id  WHERE  c.mem_id = ? AND c.delete_flg = ?    [7,0]
[SQL_LOG:2020-12-01 14:21:23]: SELECT SUM(num) AS num  FROM  cart c  WHERE  c.mem_id = ? AND c.delete_flg = ?    [7,0]
[SQL_LOG:2020-12-01 14:21:23]: SELECT c.crt_id, i.item_id, i.item_name, i.price, i.image FROM  cart c LEFT JOIN item i ON c.item_id = i.item_id  WHERE  c.mem_id = ? AND c.delete_flg = ?    [7,0]
[SQL_LOG:2020-12-01 14:21:23]: SELECT SUM(i.price) AS totalPrice  FROM  cart c LEFT JOIN item i ON c.item_id = i.item_id  WHERE  c.mem_id = ? AND c.delete_flg = ?    [7,0]
[SQL_LOG:2020-12-01 14:21:23]: SELECT SUM(num) AS num  FROM  cart c  WHERE  c.mem_id = ? AND c.delete_flg = ?    [7,0]
[SQL_LOG:2020-12-01 14:21:25]: SELECT ctg_id, category_name  FROM  category     []
[SQL_LOG:2020-12-01 14:21:25]: SELECT item_id, item_name, price, image, ctg_id  FROM  item     []
[SQL_LOG:2020-12-01 14:21:55]: SELECT ctg_id, category_name  FROM  category     []
[SQL_LOG:2020-12-01 14:21:55]: SELECT item_id, item_name, price, image, ctg_id  FROM  item     []
[SQL_LOG:2020-12-01 14:21:56]: SELECT ctg_id, category_name  FROM  category     []
[SQL_LOG:2020-12-01 14:21:56]: SELECT item_id, item_name, price, image, ctg_id  FROM  item     []
[SQL_LOG:2020-12-01 14:24:25]: SELECT ctg_id, category_name  FROM  category     []
[SQL_LOG:2020-12-01 14:24:25]: SELECT item_id, item_name, price, image, ctg_id  FROM  item     []
[SQL_LOG:2020-12-01 14:32:44]: SELECT *  FROM  member  WHERE  mem_id = ?     [7]
[SQL_LOG:2020-12-01 14:32:51]: SELECT *  FROM  member  WHERE  mem_id = ?     [7]
[SQL_LOG:2020-12-01 14:35:29]: SELECT *  FROM  member  WHERE  mem_id = ?     [7]
[SQL_LOG:2020-12-01 14:35:49]: SELECT ctg_id, category_name  FROM  category     []
[SQL_LOG:2020-12-01 14:35:49]: SELECT item_id, item_name, price, image, ctg_id  FROM  item     []
[SQL_LOG:2020-12-01 14:36:04]: SELECT *  FROM  member  WHERE  mem_id = ?     [7]
[SQL_LOG:2020-12-01 14:36:06]: SELECT *  FROM  member  WHERE  mem_id = ?     [7]
[SQL_LOG:2020-12-01 14:36:11]: SELECT ctg_id, category_name  FROM  category     []
[SQL_LOG:2020-12-01 14:36:11]: SELECT item_id, item_name, price, image, ctg_id  FROM  item     []
[SQL_LOG:2020-12-01 14:37:31]: SELECT ctg_id, category_name  FROM  category     []
[SQL_LOG:2020-12-01 14:37:31]: SELECT item_id, item_name, price, image, ctg_id  FROM  item     []
[SQL_LOG:2020-12-01 14:37:43]: SELECT ctg_id, category_name  FROM  category     []
[SQL_LOG:2020-12-01 14:37:43]: SELECT item_id, item_name, price, image, ctg_id  FROM  item     []
[SQL_LOG:2020-12-01 14:38:36]: SELECT ctg_id, category_name  FROM  category     []
[SQL_LOG:2020-12-01 14:38:36]: SELECT item_id, item_name, price, image, ctg_id  FROM  item     []
[SQL_LOG:2020-12-01 14:41:16]: SELECT *  FROM  member  WHERE  mem_id = ?     [7]
[SQL_LOG:2020-12-01 14:41:23]: SELECT ctg_id, category_name  FROM  category     []
[SQL_LOG:2020-12-01 14:41:23]: SELECT item_id, item_name, price, image, ctg_id  FROM  item     []
[SQL_LOG:2020-12-01 14:42:01]: SELECT ctg_id, category_name  FROM  category     []
[SQL_LOG:2020-12-01 14:42:01]: SELECT  item_id, item_name, price, image, ctg_id  FROM item WHERE  item_name LIKE ?     [%た%]
[SQL_LOG:2020-12-01 14:42:31]: SELECT ctg_id, category_name  FROM  category     []
[SQL_LOG:2020-12-01 14:42:31]: SELECT  item_id, item_name, price, image, ctg_id  FROM item WHERE  item_name LIKE ?     [%ta%]
[SQL_LOG:2020-12-01 14:42:43]: SELECT ctg_id, category_name  FROM  category     []
[SQL_LOG:2020-12-01 14:42:43]: SELECT  item_id, item_name, price, image, ctg_id  FROM item WHERE  item_name LIKE ?     [%た%]
[SQL_LOG:2020-12-01 14:42:46]: SELECT ctg_id, category_name  FROM  category     []
[SQL_LOG:2020-12-01 14:42:46]: SELECT  item_id, item_name, price, image, ctg_id  FROM item WHERE  item_name LIKE ?     [%た%]
[SQL_LOG:2020-12-01 14:45:30]: SELECT ctg_id, category_name  FROM  category     []
[SQL_LOG:2020-12-01 14:45:30]: SELECT item_id, item_name, price, image, ctg_id  FROM  item     []
[SQL_LOG:2020-12-01 14:45:43]: SELECT ctg_id, category_name  FROM  category     []
[SQL_LOG:2020-12-01 14:45:43]: SELECT item_id, item_name, price, image, ctg_id  FROM  item     []
[SQL_LOG:2020-12-01 14:46:28]: SELECT ctg_id, category_name  FROM  category     []
[SQL_LOG:2020-12-01 14:46:28]: SELECT  item_id, item_name, price, image, ctg_id  FROM item    []
[SQL_LOG:2020-12-01 14:46:40]: SELECT ctg_id, category_name  FROM  category     []
[SQL_LOG:2020-12-01 14:46:40]: SELECT  item_id, item_name, price, image, ctg_id  FROM item WHERE  item_name LIKE ?     [%ka%]
[SQL_LOG:2020-12-01 14:46:46]: SELECT ctg_id, category_name  FROM  category     []
[SQL_LOG:2020-12-01 14:46:46]: SELECT  item_id, item_name, price, image, ctg_id  FROM item WHERE  item_name LIKE ?     [%た%]
[SQL_LOG:2020-12-01 14:52:24]: SELECT ctg_id, category_name  FROM  category     []
[SQL_LOG:2020-12-01 14:52:24]: SELECT  item_id, item_name, price, image, ctg_id  FROM item WHERE  item_name LIKE ?     [%%]
[SQL_LOG:2020-12-01 14:53:23]: SELECT ctg_id, category_name  FROM  category     []
[SQL_LOG:2020-12-01 14:53:23]: SELECT item_id, item_name, price, image, ctg_id  FROM  item     []
[SQL_LOG:2020-12-01 14:53:26]: SELECT mem_id, family_name, first_name, family_name_kana, first_name_kana, email, user_id, sex, traffic, regist_date, update_date  FROM  member     []
[SQL_LOG:2020-12-01 14:53:28]: SELECT mem_id, family_name, first_name, family_name_kana, first_name_kana, email, user_id, sex, traffic, regist_date, update_date  FROM  member     []
[SQL_LOG:2020-12-01 14:53:29]: SELECT ctg_id, category_name  FROM  category     []
[SQL_LOG:2020-12-01 14:53:29]: SELECT item_id, item_name, price, image, ctg_id  FROM  item     []
[SQL_LOG:2020-12-01 14:54:00]: SELECT ctg_id, category_name  FROM  category     []
[SQL_LOG:2020-12-01 14:54:00]: SELECT item_id, item_name, price, image, ctg_id  FROM  item     []
[SQL_LOG:2020-12-01 14:54:03]: SELECT ctg_id, category_name  FROM  category     []
[SQL_LOG:2020-12-01 14:54:03]: SELECT item_id, item_name, price, image, ctg_id  FROM  item     []
[SQL_LOG:2020-12-01 14:54:17]: SELECT ctg_id, category_name  FROM  category     []
[SQL_LOG:2020-12-01 14:54:17]: SELECT item_id, item_name, price, image, ctg_id  FROM  item     []
[SQL_LOG:2020-12-01 14:54:43]: SELECT ctg_id, category_name  FROM  category     []
[SQL_LOG:2020-12-01 14:54:43]: SELECT item_id, item_name, price, image, ctg_id  FROM  item     []
[SQL_LOG:2020-12-01 14:55:31]: SELECT ctg_id, category_name  FROM  category     []
[SQL_LOG:2020-12-01 14:55:31]: SELECT item_id, item_name, price, image, ctg_id  FROM  item     []
[SQL_LOG:2020-12-01 14:55:36]: SELECT ctg_id, category_name  FROM  category     []
[SQL_LOG:2020-12-01 14:55:36]: SELECT item_id, item_name, price, image, ctg_id  FROM  item     []
[SQL_LOG:2020-12-01 14:55:41]: SELECT ctg_id, category_name  FROM  category     []
[SQL_LOG:2020-12-01 14:55:41]: SELECT item_id, item_name, price, image, ctg_id  FROM  item     []
[SQL_LOG:2020-12-01 14:55:44]: SELECT ctg_id, category_name  FROM  category     []
[SQL_LOG:2020-12-01 14:55:44]: SELECT item_id, item_name, price, image, ctg_id  FROM  item     []
[SQL_LOG:2020-12-01 14:56:24]: SELECT ctg_id, category_name  FROM  category     []
[SQL_LOG:2020-12-01 14:56:24]: SELECT item_id, item_name, price, image, ctg_id  FROM  item     []
[SQL_LOG:2020-12-01 14:59:22]: SELECT ctg_id, category_name  FROM  category     []
[SQL_LOG:2020-12-01 14:59:22]: SELECT  item_id, item_name, price, image, ctg_id  FROM item WHERE  item_name LIKE ?     [%ー%]
[SQL_LOG:2020-12-01 15:00:27]: SELECT ctg_id, category_name  FROM  category     []
[SQL_LOG:2020-12-01 15:00:27]: SELECT  item_id, item_name, price, image, ctg_id  FROM item WHERE  item_name LIKE ?     [%ー%]
[SQL_LOG:2020-12-01 15:02:19]: SELECT ctg_id, category_name  FROM  category     []
[SQL_LOG:2020-12-01 15:02:19]: SELECT  item_id, item_name, price, image, ctg_id  FROM item WHERE  item_name LIKE ?     [%ー%]
[SQL_LOG:2020-12-01 15:02:21]: SELECT ctg_id, category_name  FROM  category     []
[SQL_LOG:2020-12-01 15:02:21]: SELECT  item_id, item_name, price, image, ctg_id  FROM item WHERE  item_name LIKE ?     [%%]
[SQL_LOG:2020-12-01 15:02:22]: SELECT ctg_id, category_name  FROM  category     []
[SQL_LOG:2020-12-01 15:02:22]: SELECT  item_id, item_name, price, image, ctg_id  FROM item WHERE  item_name LIKE ?     [%%]
[SQL_LOG:2020-12-01 15:02:40]: SELECT ctg_id, category_name  FROM  category     []
[SQL_LOG:2020-12-01 15:02:40]: SELECT  item_id, item_name, price, image, ctg_id  FROM item WHERE  item_name LIKE ?     [%た%]
[SQL_LOG:2020-12-01 15:03:10]: SELECT ctg_id, category_name  FROM  category     []
[SQL_LOG:2020-12-01 15:03:10]: SELECT  item_id, item_name, price, image, ctg_id  FROM item WHERE  item_name LIKE ?     [%%]
[SQL_LOG:2020-12-01 15:05:09]: SELECT ctg_id, category_name  FROM  category     []
[SQL_LOG:2020-12-01 15:05:09]: SELECT  item_id, item_name, price, image, ctg_id  FROM item WHERE  item_name LIKE ?     [%%]
[SQL_LOG:2020-12-01 15:05:10]: SELECT ctg_id, category_name  FROM  category     []
[SQL_LOG:2020-12-01 15:05:10]: SELECT  item_id, item_name, price, image, ctg_id  FROM item WHERE  item_name LIKE ?     [%%]
[SQL_LOG:2020-12-01 15:05:21]: SELECT ctg_id, category_name  FROM  category     []
[SQL_LOG:2020-12-01 15:05:21]: SELECT  item_id, item_name, price, image, ctg_id  FROM item WHERE  item_name LIKE ?     [%%]
[SQL_LOG:2020-12-01 15:05:22]: SELECT ctg_id, category_name  FROM  category     []
[SQL_LOG:2020-12-01 15:05:22]: SELECT  item_id, item_name, price, image, ctg_id  FROM item WHERE  item_name LIKE ?     [%%]
[SQL_LOG:2020-12-01 15:05:23]: SELECT ctg_id, category_name  FROM  category     []
[SQL_LOG:2020-12-01 15:05:23]: SELECT  item_id, item_name, price, image, ctg_id  FROM item WHERE  item_name LIKE ?     [%%]
[SQL_LOG:2020-12-01 15:05:25]: SELECT ctg_id, category_name  FROM  category     []
[SQL_LOG:2020-12-01 15:05:25]: SELECT item_id, item_name, price, image, ctg_id  FROM  item     []
[SQL_LOG:2020-12-01 15:05:26]: SELECT ctg_id, category_name  FROM  category     []
[SQL_LOG:2020-12-01 15:05:26]: SELECT item_id, item_name, price, image, ctg_id  FROM  item     []
[SQL_LOG:2020-12-01 15:05:27]: SELECT ctg_id, category_name  FROM  category     []
[SQL_LOG:2020-12-01 15:05:27]: SELECT item_id, item_name, price, image, ctg_id  FROM  item     []
[SQL_LOG:2020-12-01 15:05:28]: SELECT ctg_id, category_name  FROM  category     []
[SQL_LOG:2020-12-01 15:05:28]: SELECT item_id, item_name, price, image, ctg_id  FROM  item     []
[SQL_LOG:2020-12-01 15:05:28]: SELECT ctg_id, category_name  FROM  category     []
[SQL_LOG:2020-12-01 15:05:28]: SELECT item_id, item_name, price, image, ctg_id  FROM  item     []
[SQL_LOG:2020-12-01 15:05:29]: SELECT ctg_id, category_name  FROM  category     []
[SQL_LOG:2020-12-01 15:05:29]: SELECT item_id, item_name, price, image, ctg_id  FROM  item     []
[SQL_LOG:2020-12-01 15:05:59]: SELECT *  FROM  member  WHERE  mem_id = ?     [7]
[SQL_LOG:2020-12-01 15:06:05]: SELECT *  FROM  member  WHERE  mem_id = ?     [7]
[SQL_LOG:2020-12-01 15:06:07]: SELECT *  FROM member WHERE  email = ?    LIMIT  1   [tttvvvaken@gmail.com]
[SQL_LOG:2020-12-01 15:06:16]: SELECT *  FROM  member  WHERE  mem_id = ?     [7]
[SQL_LOG:2020-12-01 15:06:18]: SELECT *  FROM  member  WHERE  mem_id = ?     [7]
[SQL_LOG:2020-12-01 15:06:27]: SELECT *  FROM member WHERE  email = ?    LIMIT  1   [tttvvvaken@gmail.com]
[SQL_LOG:2020-12-01 15:07:46]: SELECT *  FROM member WHERE  email = ?    LIMIT  1   [tttvvvaken@gmail.com]
[SQL_LOG:2020-12-01 15:08:03]: SELECT *  FROM member WHERE  email = ?    LIMIT  1   [tttvvvaken@gmail.co]
[SQL_LOG:2020-12-01 15:09:53]: SELECT *  FROM member WHERE  email = ?    LIMIT  1   [tttvvvaken@gmail.co]
[SQL_LOG:2020-12-01 15:09:53]: SELECT *  FROM member WHERE  email = ?    LIMIT  1   [tttvvvaken@gmail.co]
[SQL_LOG:2020-12-01 15:09:53]: SELECT *  FROM member WHERE  email = ?    LIMIT  1   [tttvvvaken@gmail.co]
[SQL_LOG:2020-12-01 15:09:53]: SELECT *  FROM member WHERE  email = ?    LIMIT  1   [tttvvvaken@gmail.co]
[SQL_LOG:2020-12-01 15:10:00]: SELECT *  FROM member WHERE  email = ?    LIMIT  1   [tttvvvaken@gmail.co]
[SQL_LOG:2020-12-01 15:10:01]: SELECT *  FROM member WHERE  email = ?    LIMIT  1   [tttvvvaken@gmail.co]
[SQL_LOG:2020-12-01 15:10:05]: SELECT *  FROM member WHERE  email = ?    LIMIT  1   [tttvvvaken@gmail.co]
[SQL_LOG:2020-12-01 15:10:08]: SELECT *  FROM  member  WHERE  mem_id = ?     [7]
[SQL_LOG:2020-12-01 15:11:03]: SELECT *  FROM  member  WHERE  mem_id = ?     [7]
[SQL_LOG:2020-12-01 15:11:06]: SELECT ctg_id, category_name  FROM  category     []
[SQL_LOG:2020-12-01 15:11:06]: SELECT item_id, item_name, price, image, ctg_id  FROM  item     []
[SQL_LOG:2020-12-01 15:11:17]: SELECT *  FROM  member  WHERE  email = ?     [tit]
[SQL_LOG:2020-12-01 15:11:56]: SELECT *  FROM  member  WHERE  email = ?     [tttvvvaken@gmail.com]
[SQL_LOG:2020-12-01 15:11:56]: SELECT session_key  FROM  loginsession  WHERE  mem_id = ?     [7]
[SQL_LOG:2020-12-01 15:11:56]: SELECT ctg_id, category_name  FROM  category     []
[SQL_LOG:2020-12-01 15:11:56]: SELECT item_id, item_name, price, image, ctg_id  FROM  item     []
[SQL_LOG:2020-12-01 15:12:38]: SELECT ctg_id, category_name  FROM  category     []
[SQL_LOG:2020-12-01 15:12:38]: SELECT item_id, item_name, price, image, ctg_id  FROM  item     []
[SQL_LOG:2020-12-01 15:12:45]: SELECT *  FROM  member  WHERE  mem_id = ?     [7]
[SQL_LOG:2020-12-01 15:12:47]: SELECT ctg_id, category_name  FROM  category     []
[SQL_LOG:2020-12-01 15:12:47]: SELECT item_id, item_name, price, image, ctg_id  FROM  item     []
[SQL_LOG:2020-12-01 15:12:56]: SELECT *  FROM  member  WHERE  email = ?     [tttvvvaken@gmail.com]
[SQL_LOG:2020-12-01 15:12:56]: SELECT session_key  FROM  loginsession  WHERE  mem_id = ?     [7]
[SQL_LOG:2020-12-01 15:12:56]: SELECT ctg_id, category_name  FROM  category     []
[SQL_LOG:2020-12-01 15:12:56]: SELECT item_id, item_name, price, image, ctg_id  FROM  item     []
[SQL_LOG:2020-12-01 15:12:58]: SELECT ctg_id, category_name  FROM  category     []
[SQL_LOG:2020-12-01 15:12:58]: SELECT item_id, item_name, price, image, ctg_id  FROM  item     []
[SQL_LOG:2020-12-01 15:13:00]: SELECT *  FROM  member  WHERE  mem_id = ?     [7]
[SQL_LOG:2020-12-01 15:13:04]: UPDATE member  SET email =? ,delete_date =? ,delete_flg =?  WHERE  mem_id = ?  [,2020-12-01 15:13:04,1,7]
[SQL_LOG:2020-12-01 15:13:28]: SELECT *  FROM  member  WHERE  email = ?     [tttvvvaken@gmail.com]
[SQL_LOG:2020-12-01 15:14:27]: SELECT ctg_id, category_name  FROM  category     []
[SQL_LOG:2020-12-01 15:14:27]: SELECT item_id, item_name, price, image, ctg_id  FROM  item     []
[SQL_LOG:2020-12-01 15:14:35]: SELECT *  FROM  member  WHERE  email = ?     [tttvvvaken@gmail.com]
[SQL_LOG:2020-12-01 15:14:41]: SELECT *  FROM  member  WHERE  email = ?     [tttvvvaken@gmail.com]
[SQL_LOG:2020-12-01 15:14:47]: SELECT *  FROM member WHERE  email = ?    LIMIT  1   []
[SQL_LOG:2020-12-01 15:15:49]: SELECT ctg_id, category_name  FROM  category     []
[SQL_LOG:2020-12-01 15:15:49]: SELECT item_id, item_name, price, image, ctg_id  FROM  item     []
[SQL_LOG:2020-12-01 15:15:56]: SELECT *  FROM  member  WHERE  email = ?     [tttvvvaken@gmail.com]
[SQL_LOG:2020-12-01 15:15:57]: SELECT session_key  FROM  loginsession  WHERE  mem_id = ?     [7]
[SQL_LOG:2020-12-01 15:15:57]: SELECT ctg_id, category_name  FROM  category     []
[SQL_LOG:2020-12-01 15:15:57]: SELECT item_id, item_name, price, image, ctg_id  FROM  item     []
[SQL_LOG:2020-12-01 15:16:08]: SELECT ctg_id, category_name  FROM  category     []
[SQL_LOG:2020-12-01 15:16:08]: SELECT item_id, item_name, price, image, ctg_id  FROM  item     []
[SQL_LOG:2020-12-01 15:16:45]: SELECT *  FROM  member  WHERE  mem_id = ?     [7]
[SQL_LOG:2020-12-01 15:17:00]: SELECT ctg_id, category_name  FROM  category     []
[SQL_LOG:2020-12-01 15:17:00]: SELECT item_id, item_name, price, image, ctg_id  FROM  item     []
[SQL_LOG:2020-12-01 15:17:03]: SELECT ctg_id, category_name  FROM  category     []
[SQL_LOG:2020-12-01 15:17:03]: SELECT item_id, item_name, price, image, ctg_id  FROM  item     []
[SQL_LOG:2020-12-01 15:17:11]: SELECT *  FROM  member  WHERE  email = ?     [tttvvvaken@gmail.com]
[SQL_LOG:2020-12-01 15:17:12]: SELECT session_key  FROM  loginsession  WHERE  mem_id = ?     [7]
[SQL_LOG:2020-12-01 15:17:12]: SELECT ctg_id, category_name  FROM  category     []
[SQL_LOG:2020-12-01 15:17:12]: SELECT item_id, item_name, price, image, ctg_id  FROM  item     []
[SQL_LOG:2020-12-01 15:19:24]: SELECT *  FROM  member  WHERE  mem_id = ?     [7]
[SQL_LOG:2020-12-01 15:19:28]: SELECT ctg_id, category_name  FROM  category     []
[SQL_LOG:2020-12-01 15:19:28]: SELECT item_id, item_name, price, image, ctg_id  FROM  item     []
[SQL_LOG:2020-12-01 15:19:52]: SELECT *  FROM  member  WHERE  email = ?     [tttvvvaken@gmail.com]
[SQL_LOG:2020-12-01 15:19:53]: SELECT session_key  FROM  loginsession  WHERE  mem_id = ?     [7]
[SQL_LOG:2020-12-01 15:19:53]: SELECT ctg_id, category_name  FROM  category     []
[SQL_LOG:2020-12-01 15:19:53]: SELECT item_id, item_name, price, image, ctg_id  FROM  item     []
[SQL_LOG:2020-12-01 15:21:01]: SELECT *  FROM  member  WHERE  mem_id = ?     [7]
[SQL_LOG:2020-12-01 15:21:04]: SELECT ctg_id, category_name  FROM  category     []
[SQL_LOG:2020-12-01 15:21:04]: SELECT item_id, item_name, price, image, ctg_id  FROM  item     []
[SQL_LOG:2020-12-01 15:22:17]: SELECT *  FROM  member  WHERE  email = ?     [tttvvvaken@gmail.com]
[SQL_LOG:2020-12-01 15:22:23]: SELECT *  FROM  member  WHERE  email = ?     [tttvvvaken@gmail.com]
[SQL_LOG:2020-12-01 15:22:24]: SELECT session_key  FROM  loginsession  WHERE  mem_id = ?     [7]
[SQL_LOG:2020-12-01 15:22:24]: SELECT ctg_id, category_name  FROM  category     []
[SQL_LOG:2020-12-01 15:22:24]: SELECT item_id, item_name, price, image, ctg_id  FROM  item     []
[SQL_LOG:2020-12-01 15:22:26]: SELECT *  FROM  member  WHERE  mem_id = ?     [7]
[SQL_LOG:2020-12-01 15:22:32]: SELECT *  FROM  member  WHERE  mem_id = ?     [7]
[SQL_LOG:2020-12-01 15:26:37]: SELECT *  FROM  member  WHERE  mem_id = ?     [7]
[SQL_LOG:2020-12-01 15:26:38]: SELECT ctg_id, category_name  FROM  category     []
[SQL_LOG:2020-12-01 15:26:38]: SELECT item_id, item_name, price, image, ctg_id  FROM  item     []
[SQL_LOG:2020-12-01 15:26:40]: SELECT ctg_id, category_name  FROM  category     []
[SQL_LOG:2020-12-01 15:26:40]: SELECT item_id, item_name, detail, price, image, ctg_id FROM  item  WHERE  item_id = ?     [1]
[SQL_LOG:2020-12-01 15:26:40]: SELECT COUNT(*) AS NUM  FROM  likes  WHERE  item_id = ?     [1]
[SQL_LOG:2020-12-01 15:26:40]: SELECT *  FROM  likes  WHERE  item_id = ? AND mem_id = ?     [1,7]
[SQL_LOG:2020-12-01 15:26:42]: SELECT *  FROM  likes  WHERE  item_id = ? AND mem_id = ?     [1,7]
[SQL_LOG:2020-12-01 15:26:42]: DELETE FROM likes WHERE item_id = ? AND mem_id = ?  [1,7]
[SQL_LOG:2020-12-01 15:26:42]: SELECT COUNT(*) AS NUM  FROM  likes  WHERE  item_id = ?     [1]
[SQL_LOG:2020-12-01 15:26:43]: SELECT *  FROM  likes  WHERE  item_id = ? AND mem_id = ?     [1,7]
[SQL_LOG:2020-12-01 15:26:43]: INSERT INTO likes (item_id,mem_id,regist_date)VALUES(?,?,?) [1,7,2020-12-01 15:26:43]
[SQL_LOG:2020-12-01 15:26:43]: SELECT COUNT(*) AS NUM  FROM  likes  WHERE  item_id = ?     [1]
[SQL_LOG:2020-12-01 15:26:44]: SELECT *  FROM  likes  WHERE  item_id = ? AND mem_id = ?     [1,7]
[SQL_LOG:2020-12-01 15:26:44]: DELETE FROM likes WHERE item_id = ? AND mem_id = ?  [1,7]
[SQL_LOG:2020-12-01 15:26:44]: SELECT COUNT(*) AS NUM  FROM  likes  WHERE  item_id = ?     [1]
[SQL_LOG:2020-12-01 15:27:02]: SELECT ctg_id, category_name  FROM  category     []
[SQL_LOG:2020-12-01 15:27:02]: SELECT item_id, item_name, detail, price, image, ctg_id FROM  item  WHERE  item_id = ?     [1]
[SQL_LOG:2020-12-01 15:27:02]: SELECT COUNT(*) AS NUM  FROM  likes  WHERE  item_id = ?     [1]
[SQL_LOG:2020-12-01 15:27:02]: SELECT *  FROM  likes  WHERE  item_id = ? AND mem_id = ?     [1,7]
[SQL_LOG:2020-12-01 15:27:02]: SELECT ctg_id, category_name  FROM  category     []
[SQL_LOG:2020-12-01 15:27:02]: SELECT item_id, item_name, detail, price, image, ctg_id FROM  item  WHERE  item_id = ?     [1]
[SQL_LOG:2020-12-01 15:27:02]: SELECT COUNT(*) AS NUM  FROM  likes  WHERE  item_id = ?     [1]
[SQL_LOG:2020-12-01 15:27:02]: SELECT *  FROM  likes  WHERE  item_id = ? AND mem_id = ?     [1,7]
[SQL_LOG:2020-12-01 15:27:04]: SELECT ctg_id, category_name  FROM  category     []
[SQL_LOG:2020-12-01 15:27:04]: SELECT item_id, item_name, price, image, ctg_id  FROM  item     []
[SQL_LOG:2020-12-01 15:27:06]: SELECT ctg_id, category_name  FROM  category     []
[SQL_LOG:2020-12-01 15:27:06]: SELECT item_id, item_name, detail, price, image, ctg_id FROM  item  WHERE  item_id = ?     [2]
[SQL_LOG:2020-12-01 15:27:06]: SELECT COUNT(*) AS NUM  FROM  likes  WHERE  item_id = ?     [2]
[SQL_LOG:2020-12-01 15:27:06]: SELECT *  FROM  likes  WHERE  item_id = ? AND mem_id = ?     [2,7]
[SQL_LOG:2020-12-01 15:27:08]: SELECT *  FROM  likes  WHERE  item_id = ? AND mem_id = ?     [2,7]
[SQL_LOG:2020-12-01 15:27:08]: INSERT INTO likes (item_id,mem_id,regist_date)VALUES(?,?,?) [2,7,2020-12-01 15:27:08]
[SQL_LOG:2020-12-01 15:27:08]: SELECT COUNT(*) AS NUM  FROM  likes  WHERE  item_id = ?     [2]
[SQL_LOG:2020-12-01 15:27:09]: SELECT *  FROM  likes  WHERE  item_id = ? AND mem_id = ?     [2,7]
[SQL_LOG:2020-12-01 15:27:09]: DELETE FROM likes WHERE item_id = ? AND mem_id = ?  [2,7]
[SQL_LOG:2020-12-01 15:27:09]: SELECT COUNT(*) AS NUM  FROM  likes  WHERE  item_id = ?     [2]
[SQL_LOG:2020-12-01 15:27:13]: SELECT *  FROM  likes  WHERE  item_id = ? AND mem_id = ?     [2,7]
[SQL_LOG:2020-12-01 15:27:13]: INSERT INTO likes (item_id,mem_id,regist_date)VALUES(?,?,?) [2,7,2020-12-01 15:27:13]
[SQL_LOG:2020-12-01 15:27:13]: SELECT COUNT(*) AS NUM  FROM  likes  WHERE  item_id = ?     [2]
[SQL_LOG:2020-12-01 15:27:14]: SELECT *  FROM  likes  WHERE  item_id = ? AND mem_id = ?     [2,7]
[SQL_LOG:2020-12-01 15:27:14]: DELETE FROM likes WHERE item_id = ? AND mem_id = ?  [2,7]
[SQL_LOG:2020-12-01 15:27:14]: SELECT COUNT(*) AS NUM  FROM  likes  WHERE  item_id = ?     [2]
[SQL_LOG:2020-12-01 15:27:14]: SELECT *  FROM  likes  WHERE  item_id = ? AND mem_id = ?     [2,7]
[SQL_LOG:2020-12-01 15:27:14]: INSERT INTO likes (item_id,mem_id,regist_date)VALUES(?,?,?) [2,7,2020-12-01 15:27:14]
[SQL_LOG:2020-12-01 15:27:14]: SELECT COUNT(*) AS NUM  FROM  likes  WHERE  item_id = ?     [2]
[SQL_LOG:2020-12-01 15:27:15]: SELECT *  FROM  likes  WHERE  item_id = ? AND mem_id = ?     [2,7]
[SQL_LOG:2020-12-01 15:27:15]: DELETE FROM likes WHERE item_id = ? AND mem_id = ?  [2,7]
[SQL_LOG:2020-12-01 15:27:15]: SELECT COUNT(*) AS NUM  FROM  likes  WHERE  item_id = ?     [2]
[SQL_LOG:2020-12-01 15:27:15]: SELECT *  FROM  likes  WHERE  item_id = ? AND mem_id = ?     [2,7]
[SQL_LOG:2020-12-01 15:27:15]: INSERT INTO likes (item_id,mem_id,regist_date)VALUES(?,?,?) [2,7,2020-12-01 15:27:15]
[SQL_LOG:2020-12-01 15:27:15]: SELECT COUNT(*) AS NUM  FROM  likes  WHERE  item_id = ?     [2]
[SQL_LOG:2020-12-01 15:27:36]: SELECT *  FROM  likes  WHERE  item_id = ? AND mem_id = ?     [2,7]
[SQL_LOG:2020-12-01 15:27:36]: DELETE FROM likes WHERE item_id = ? AND mem_id = ?  [2,7]
[SQL_LOG:2020-12-01 15:27:36]: SELECT COUNT(*) AS NUM  FROM  likes  WHERE  item_id = ?     [2]
[SQL_LOG:2020-12-01 15:27:39]: SELECT *  FROM  likes  WHERE  item_id = ? AND mem_id = ?     [2,7]
[SQL_LOG:2020-12-01 15:27:39]: INSERT INTO likes (item_id,mem_id,regist_date)VALUES(?,?,?) [2,7,2020-12-01 15:27:39]
[SQL_LOG:2020-12-01 15:27:39]: SELECT COUNT(*) AS NUM  FROM  likes  WHERE  item_id = ?     [2]
[SQL_LOG:2020-12-01 15:27:55]: SELECT ctg_id, category_name  FROM  category     []
[SQL_LOG:2020-12-01 15:27:55]: SELECT item_id, item_name, price, image, ctg_id  FROM  item     []
[SQL_LOG:2020-12-01 15:27:57]: SELECT ctg_id, category_name  FROM  category     []
[SQL_LOG:2020-12-01 15:27:57]: SELECT item_id, item_name, detail, price, image, ctg_id FROM  item  WHERE  item_id = ?     [2]
[SQL_LOG:2020-12-01 15:27:57]: SELECT COUNT(*) AS NUM  FROM  likes  WHERE  item_id = ?     [2]
[SQL_LOG:2020-12-01 15:27:57]: SELECT *  FROM  likes  WHERE  item_id = ? AND mem_id = ?     [2,7]
[SQL_LOG:2020-12-01 15:27:59]: SELECT *  FROM  likes  WHERE  item_id = ? AND mem_id = ?     [2,7]
[SQL_LOG:2020-12-01 15:27:59]: DELETE FROM likes WHERE item_id = ? AND mem_id = ?  [2,7]
[SQL_LOG:2020-12-01 15:27:59]: SELECT COUNT(*) AS NUM  FROM  likes  WHERE  item_id = ?     [2]
[SQL_LOG:2020-12-01 15:27:59]: SELECT *  FROM  likes  WHERE  item_id = ? AND mem_id = ?     [2,7]
[SQL_LOG:2020-12-01 15:27:59]: INSERT INTO likes (item_id,mem_id,regist_date)VALUES(?,?,?) [2,7,2020-12-01 15:27:59]
[SQL_LOG:2020-12-01 15:27:59]: SELECT COUNT(*) AS NUM  FROM  likes  WHERE  item_id = ?     [2]
[SQL_LOG:2020-12-01 15:28:11]: SELECT *  FROM  likes  WHERE  item_id = ? AND mem_id = ?     [2,7]
[SQL_LOG:2020-12-01 15:28:11]: DELETE FROM likes WHERE item_id = ? AND mem_id = ?  [2,7]
[SQL_LOG:2020-12-01 15:28:11]: SELECT COUNT(*) AS NUM  FROM  likes  WHERE  item_id = ?     [2]
[SQL_LOG:2020-12-01 15:33:21]: SELECT ctg_id, category_name  FROM  category     []
[SQL_LOG:2020-12-01 15:33:21]: SELECT item_id, item_name, price, image, ctg_id  FROM  item     []
[SQL_LOG:2020-12-01 15:33:23]: SELECT ctg_id, category_name  FROM  category     []
[SQL_LOG:2020-12-01 15:33:23]: SELECT item_id, item_name, detail, price, image, ctg_id FROM  item  WHERE  item_id = ?     [1]
[SQL_LOG:2020-12-01 15:33:23]: SELECT COUNT(*) AS NUM  FROM  likes  WHERE  item_id = ?     [1]
[SQL_LOG:2020-12-01 15:33:23]: SELECT *  FROM  likes  WHERE  item_id = ? AND mem_id = ?     [1,7]
[SQL_LOG:2020-12-01 15:33:25]: SELECT *  FROM  likes  WHERE  item_id = ? AND mem_id = ?     [1,7]
[SQL_LOG:2020-12-01 15:33:25]: INSERT INTO likes (item_id,mem_id,regist_date)VALUES(?,?,?) [1,7,2020-12-01 15:33:25]
[SQL_LOG:2020-12-01 15:33:25]: SELECT COUNT(*) AS NUM  FROM  likes  WHERE  item_id = ?     [1]
[SQL_LOG:2020-12-01 15:33:27]: SELECT *  FROM  likes  WHERE  item_id = ? AND mem_id = ?     [1,7]
[SQL_LOG:2020-12-01 15:33:27]: DELETE FROM likes WHERE item_id = ? AND mem_id = ?  [1,7]
[SQL_LOG:2020-12-01 15:33:27]: SELECT COUNT(*) AS NUM  FROM  likes  WHERE  item_id = ?     [1]
[SQL_LOG:2020-12-01 15:34:32]: SELECT ctg_id, category_name  FROM  category     []
[SQL_LOG:2020-12-01 15:34:32]: SELECT item_id, item_name, price, image, ctg_id  FROM  item     []
[SQL_LOG:2020-12-01 15:35:25]: SELECT ctg_id, category_name  FROM  category     []
[SQL_LOG:2020-12-01 15:35:25]: SELECT item_id, item_name, price, image, ctg_id  FROM  item     []
[SQL_LOG:2020-12-01 15:35:26]: SELECT *  FROM  member  WHERE  mem_id = ?     [7]
[SQL_LOG:2020-12-01 15:35:29]: SELECT ctg_id, category_name  FROM  category     []
[SQL_LOG:2020-12-01 15:35:29]: SELECT item_id, item_name, price, image, ctg_id  FROM  item     []
[SQL_LOG:2020-12-01 15:36:00]: SELECT pref, city, town  FROM  postcode  WHERE  zip = ?    LIMIT  1   [1460093]
[SQL_LOG:2020-12-01 15:36:13]: SELECT *  FROM member WHERE  email = ?    LIMIT  1   [tkkj0017@gmail.com]
[SQL_LOG:2020-12-01 15:36:14]: INSERT INTO member (family_name,first_name,family_name_kana,first_name_kana,email,user_id,password,sex,year,month,day,zip1,zip2,address,tel1,tel2,tel3,traffic,contents,regist_date,delete_flg)VALUES(?,?,?,?,?,?,?,?,?,?,?,?,?,?,?,?,?,?,?,?,?) [aa,aa,aa,aa,tkkj0017@gmail.com,TK,$2y$10$zDICDHJsj51XhYU8VM3nD.kSPRi82xkp5tH8ih5bJVQOnraUBingO,1,1900,01,01,146,0093,東京都大田区矢口,090,0999,0000,2,,2020-12-01 15:36:14,]
[SQL_LOG:2020-12-01 15:36:22]: SELECT *  FROM  member  WHERE  email = ?     [tkkj0017@gmail.com]
[SQL_LOG:2020-12-01 15:36:22]: SELECT session_key  FROM  loginsession  WHERE  mem_id = ?     [10]
[SQL_LOG:2020-12-01 15:36:22]: INSERT INTO loginsession (mem_id,user_id,session_key,regist_date,delete_flg)VALUES(?,?,?,?,?) [10,TK,nha57q2j5noeb5i7mtnotcesri,2020-12-01 15:36:22,]
[SQL_LOG:2020-12-01 15:36:22]: SELECT ctg_id, category_name  FROM  category     []
[SQL_LOG:2020-12-01 15:36:22]: SELECT item_id, item_name, price, image, ctg_id  FROM  item     []
[SQL_LOG:2020-12-01 15:38:05]: SELECT *  FROM  member  WHERE  mem_id = ?     [10]
[SQL_LOG:2020-12-01 15:39:01]: SELECT *  FROM  member  WHERE  mem_id = ?     [10]
[SQL_LOG:2020-12-01 15:39:01]: INSERT INTO contact (subject,body,mem_id,user_id,email,regist_date,delete_flg)VALUES(?,?,?,?,?,?,?) [小島です,初めまして,10,TK,tkkj0017@gmail.com,2020-12-01 15:39:01,]
[SQL_LOG:2020-12-01 16:22:48]: SELECT ctg_id, category_name  FROM  category     []
[SQL_LOG:2020-12-01 16:22:48]: SELECT item_id, item_name, price, image, ctg_id  FROM  item     []
[SQL_LOG:2020-12-01 16:22:49]: SELECT ctg_id, category_name  FROM  category     []
[SQL_LOG:2020-12-01 16:22:49]: SELECT item_id, item_name, price, image, ctg_id  FROM  item     []
[SQL_LOG:2020-12-01 16:22:51]: SELECT ctg_id, category_name  FROM  category     []
[SQL_LOG:2020-12-01 16:22:51]: SELECT item_id, item_name, price, image, ctg_id  FROM  item     []
[SQL_LOG:2020-12-01 21:51:00]: SELECT ctg_id, category_name  FROM  category     []
[SQL_LOG:2020-12-01 21:51:00]: SELECT item_id, item_name, price, image, ctg_id  FROM  item     []
[SQL_LOG:2020-12-01 21:51:57]: SELECT ctg_id, category_name  FROM  category     []
[SQL_LOG:2020-12-01 21:51:57]: SELECT item_id, item_name, price, image, ctg_id  FROM  item     []
[SQL_LOG:2020-12-01 21:52:01]: SELECT ctg_id, category_name  FROM  category     []
[SQL_LOG:2020-12-01 21:52:01]: SELECT item_id, item_name, price, image, ctg_id  FROM  item     []
[SQL_LOG:2020-12-01 21:53:34]: SELECT ctg_id, category_name  FROM  category     []
[SQL_LOG:2020-12-01 21:53:34]: SELECT item_id, item_name, price, image, ctg_id  FROM  item     []
[SQL_LOG:2020-12-01 21:53:36]: SELECT ctg_id, category_name  FROM  category     []
[SQL_LOG:2020-12-01 21:53:36]: SELECT item_id, item_name, price, image, ctg_id  FROM  item     []
[SQL_LOG:2020-12-01 21:53:37]: SELECT ctg_id, category_name  FROM  category     []
[SQL_LOG:2020-12-01 21:53:37]: SELECT item_id, item_name, price, image, ctg_id  FROM  item     []
[SQL_LOG:2020-12-01 21:53:42]: SELECT ctg_id, category_name  FROM  category     []
[SQL_LOG:2020-12-01 21:53:42]: SELECT item_id, item_name, price, image, ctg_id  FROM  item     []
[SQL_LOG:2020-12-01 21:53:42]: SELECT ctg_id, category_name  FROM  category     []
[SQL_LOG:2020-12-01 21:53:42]: SELECT item_id, item_name, price, image, ctg_id  FROM  item     []
[SQL_LOG:2020-12-01 21:53:43]: SELECT ctg_id, category_name  FROM  category     []
[SQL_LOG:2020-12-01 21:53:43]: SELECT item_id, item_name, price, image, ctg_id  FROM  item     []
[SQL_LOG:2020-12-01 21:53:45]: SELECT ctg_id, category_name  FROM  category     []
[SQL_LOG:2020-12-01 21:53:45]: SELECT item_id, item_name, price, image, ctg_id  FROM  item     []
[SQL_LOG:2020-12-01 21:53:45]: SELECT ctg_id, category_name  FROM  category     []
[SQL_LOG:2020-12-01 21:53:45]: SELECT item_id, item_name, price, image, ctg_id  FROM  item     []
