[SQL_LOG:2020-10-30 00:00:50]: SELECT ctg_id, category_name  FROM  category     []
[SQL_LOG:2020-10-30 00:00:50]: SELECT item_id, item_name, price, image, ctg_id  FROM  item     []
[SQL_LOG:2020-10-30 00:17:40]: SELECT ctg_id, category_name  FROM  category     []
[SQL_LOG:2020-10-30 00:17:40]: SELECT item_id, item_name, detail, price, image, ctg_id FROM  item  WHERE  item_id = ?     [1]
[SQL_LOG:2020-10-30 00:17:41]: SELECT *  FROM  likes  WHERE  item_id = ? AND mem_id = ?     [1,8]
[SQL_LOG:2020-10-30 00:17:41]: INSERT INTO likes (item_id,mem_id,regist_date)VALUES(?,?,?) [1,8,2020-10-30 00:17:41]
[SQL_LOG:2020-10-30 00:17:44]: SELECT *  FROM  likes  WHERE  item_id = ? AND mem_id = ?     [1,8]
[SQL_LOG:2020-10-30 00:17:44]: DELETE FROM likes WHERE item_id = ? AND mem_id = ?  [1,8]
[SQL_LOG:2020-10-30 00:48:53]: SELECT *  FROM  likes  WHERE  item_id = ? AND mem_id = ?     [1,8]
[SQL_LOG:2020-10-30 00:48:53]: INSERT INTO likes (item_id,mem_id,regist_date)VALUES(?,?,?) [1,8,2020-10-30 00:48:53]
[SQL_LOG:2020-10-30 00:48:56]: SELECT *  FROM  likes  WHERE  item_id = ? AND mem_id = ?     [1,8]
[SQL_LOG:2020-10-30 00:48:56]: DELETE FROM likes WHERE item_id = ? AND mem_id = ?  [1,8]
[SQL_LOG:2020-10-30 21:29:08]: SELECT ctg_id, category_name  FROM  category     []
[SQL_LOG:2020-10-30 21:29:08]: SELECT item_id, item_name, price, image, ctg_id  FROM  item     []
[SQL_LOG:2020-10-30 21:29:19]: SELECT *  FROM  member  WHERE  mem_id = ?     [8]
[SQL_LOG:2020-10-30 21:29:21]: SELECT ctg_id, category_name  FROM  category     []
[SQL_LOG:2020-10-30 21:29:21]: SELECT item_id, item_name, price, image, ctg_id  FROM  item     []
[SQL_LOG:2020-10-30 21:29:22]: SELECT *  FROM  member  WHERE  mem_id = ?     [8]
[SQL_LOG:2020-10-30 21:29:24]: SELECT ctg_id, category_name  FROM  category     []
[SQL_LOG:2020-10-30 21:29:24]: SELECT item_id, item_name, price, image, ctg_id  FROM  item     []
[SQL_LOG:2020-10-30 21:29:31]: SELECT *  FROM  member  WHERE  email = ?     [tttvvvaken@gmail.com]
[SQL_LOG:2020-10-30 21:29:31]: SELECT session_key  FROM  loginsession  WHERE  mem_id = ?     [7]
[SQL_LOG:2020-10-30 21:29:31]: SELECT ctg_id, category_name  FROM  category     []
[SQL_LOG:2020-10-30 21:29:31]: SELECT item_id, item_name, price, image, ctg_id  FROM  item     []
[SQL_LOG:2020-10-30 21:29:35]: SELECT ctg_id, category_name  FROM  category     []
[SQL_LOG:2020-10-30 21:29:35]: SELECT item_id, item_name, price, image, ctg_id  FROM  item     []
[SQL_LOG:2020-10-30 21:29:36]: SELECT ctg_id, category_name  FROM  category     []
[SQL_LOG:2020-10-30 21:29:36]: SELECT item_id, item_name, detail, price, image, ctg_id FROM  item  WHERE  item_id = ?     [1]
[SQL_LOG:2020-10-30 21:29:38]: SELECT *  FROM  likes  WHERE  item_id = ? AND mem_id = ?     [1,7]
[SQL_LOG:2020-10-30 21:29:38]: INSERT INTO likes (item_id,mem_id,regist_date)VALUES(?,?,?) [1,7,2020-10-30 21:29:38]
[SQL_LOG:2020-10-30 21:29:41]: SELECT ctg_id, category_name  FROM  category     []
[SQL_LOG:2020-10-30 21:29:41]: SELECT item_id, item_name, price, image, ctg_id  FROM  item     []
[SQL_LOG:2020-10-30 21:29:42]: SELECT *  FROM  member  WHERE  mem_id = ?     [7]
[SQL_LOG:2020-10-30 21:29:45]: SELECT *  FROM  member  WHERE  mem_id = ?     [7]
[SQL_LOG:2020-10-30 21:29:48]: SELECT *  FROM member WHERE  email = ?    LIMIT  1   [tttvvvaken@gmail.com]
[SQL_LOG:2020-10-30 21:29:49]: SELECT ctg_id, category_name  FROM  category     []
[SQL_LOG:2020-10-30 21:29:49]: SELECT item_id, item_name, price, image, ctg_id  FROM  item     []
[SQL_LOG:2020-10-30 21:31:36]: SELECT *  FROM  member  WHERE  mem_id = ?     [7]
[SQL_LOG:2020-10-30 21:31:37]: SELECT *  FROM  member  WHERE  mem_id = ?     [7]
[SQL_LOG:2020-10-30 21:31:39]: SELECT *  FROM member WHERE  email = ?    LIMIT  1   [tttvvvaken@gmail.com]
[SQL_LOG:2020-10-30 21:31:41]: SELECT ctg_id, category_name  FROM  category     []
[SQL_LOG:2020-10-30 21:31:41]: SELECT item_id, item_name, price, image, ctg_id  FROM  item     []
[SQL_LOG:2020-10-30 21:31:53]: SELECT *  FROM  member  WHERE  mem_id = ?     [7]
[SQL_LOG:2020-10-30 21:31:55]: SELECT ctg_id, category_name  FROM  category     []
[SQL_LOG:2020-10-30 21:31:55]: SELECT item_id, item_name, price, image, ctg_id  FROM  item     []
[SQL_LOG:2020-10-30 21:31:57]: SELECT ctg_id, category_name  FROM  category     []
[SQL_LOG:2020-10-30 21:31:57]: SELECT item_id, item_name, detail, price, image, ctg_id FROM  item  WHERE  item_id = ?     [1]
[SQL_LOG:2020-10-30 21:32:01]: SELECT *  FROM  member  WHERE  mem_id = ?     [7]
[SQL_LOG:2020-10-30 21:32:02]: SELECT ctg_id, category_name  FROM  category     []
[SQL_LOG:2020-10-30 21:32:02]: SELECT item_id, item_name, price, image, ctg_id  FROM  item     []
[SQL_LOG:2020-10-30 21:32:13]: SELECT *  FROM  member  WHERE  email = ?     [tttvvvaken@gmail.com]
[SQL_LOG:2020-10-30 21:32:13]: SELECT session_key  FROM  loginsession  WHERE  mem_id = ?     [7]
[SQL_LOG:2020-10-30 21:32:13]: SELECT ctg_id, category_name  FROM  category     []
[SQL_LOG:2020-10-30 21:32:13]: SELECT item_id, item_name, price, image, ctg_id  FROM  item     []
[SQL_LOG:2020-10-30 21:33:15]: SELECT *  FROM  member  WHERE  mem_id = ?     [7]
[SQL_LOG:2020-10-30 21:33:17]: SELECT *  FROM  member  WHERE  mem_id = ?     [7]
[SQL_LOG:2020-10-30 21:33:19]: SELECT *  FROM member WHERE  email = ?    LIMIT  1   [tttvvvaken@gmail.com]
[SQL_LOG:2020-10-30 21:34:24]: SELECT *  FROM member WHERE  email = ?    LIMIT  1   [tttvvvaken@gmail.com]
[SQL_LOG:2020-10-30 21:34:46]: SELECT *  FROM  member  WHERE  mem_id = ?     [7]
[SQL_LOG:2020-10-30 21:34:47]: SELECT *  FROM  member  WHERE  mem_id = ?     [7]
[SQL_LOG:2020-10-30 21:34:48]: SELECT *  FROM member WHERE  email = ?    LIMIT  1   [tttvvvaken@gmail.com]
[SQL_LOG:2020-10-30 21:39:32]: SELECT ctg_id, category_name  FROM  category     []
[SQL_LOG:2020-10-30 21:39:32]: SELECT item_id, item_name, price, image, ctg_id  FROM  item     []
[SQL_LOG:2020-10-30 21:39:51]: SELECT *  FROM  member  WHERE  mem_id = ?     [7]
[SQL_LOG:2020-10-30 21:39:54]: SELECT ctg_id, category_name  FROM  category     []
[SQL_LOG:2020-10-30 21:39:54]: SELECT item_id, item_name, price, image, ctg_id  FROM  item     []
[SQL_LOG:2020-10-30 21:39:58]: SELECT ctg_id, category_name  FROM  category     []
[SQL_LOG:2020-10-30 21:39:58]: SELECT item_id, item_name, detail, price, image, ctg_id FROM  item  WHERE  item_id = ?     [1]
[SQL_LOG:2020-10-30 23:20:43]: SELECT ctg_id, category_name  FROM  category     []
[SQL_LOG:2020-10-30 23:20:43]: SELECT item_id, item_name, price, image, ctg_id  FROM  item     []
[SQL_LOG:2020-10-30 23:20:47]: SELECT ctg_id, category_name  FROM  category     []
[SQL_LOG:2020-10-30 23:20:47]: SELECT item_id, item_name, detail, price, image, ctg_id FROM  item  WHERE  item_id = ?     [1]
[SQL_LOG:2020-10-30 23:20:47]: SELECTCOUNT(*) AS NUM FROM  likes  WHERE  item_id = ?     [1]
[SQL_LOG:2020-10-30 23:21:20]: SELECT ctg_id, category_name  FROM  category     []
[SQL_LOG:2020-10-30 23:21:20]: SELECT item_id, item_name, price, image, ctg_id  FROM  item     []
[SQL_LOG:2020-10-30 23:21:22]: SELECT ctg_id, category_name  FROM  category     []
[SQL_LOG:2020-10-30 23:21:22]: SELECT item_id, item_name, price, image, ctg_id  FROM  item     []
[SQL_LOG:2020-10-30 23:21:43]: SELECT ctg_id, category_name  FROM  category     []
[SQL_LOG:2020-10-30 23:21:43]: SELECT item_id, item_name, detail, price, image, ctg_id FROM  item  WHERE  item_id = ?     [1]
[SQL_LOG:2020-10-30 23:21:43]: SELECTCOUNT(*) AS NUM FROM  likes  WHERE  item_id = ?     [1]
[SQL_LOG:2020-10-30 23:23:30]: SELECT ctg_id, category_name  FROM  category     []
[SQL_LOG:2020-10-30 23:23:30]: SELECT item_id, item_name, price, image, ctg_id  FROM  item     []
[SQL_LOG:2020-10-30 23:23:34]: SELECT ctg_id, category_name  FROM  category     []
[SQL_LOG:2020-10-30 23:23:34]: SELECT item_id, item_name, detail, price, image, ctg_id FROM  item  WHERE  item_id = ?     [1]
[SQL_LOG:2020-10-30 23:23:34]: SELECT COUNT(*) AS NUM  FROM  likes  WHERE  item_id = ?     [1]
[SQL_LOG:2020-10-30 23:23:41]: SELECT *  FROM  likes  WHERE  item_id = ? AND mem_id = ?     [1,7]
[SQL_LOG:2020-10-30 23:23:41]: DELETE FROM likes WHERE item_id = ? AND mem_id = ?  [1,7]
[SQL_LOG:2020-10-30 23:23:48]: SELECT *  FROM  likes  WHERE  item_id = ? AND mem_id = ?     [1,7]
[SQL_LOG:2020-10-30 23:23:48]: INSERT INTO likes (item_id,mem_id,regist_date)VALUES(?,?,?) [1,7,2020-10-30 23:23:48]
[SQL_LOG:2020-10-30 23:24:09]: SELECT *  FROM  likes  WHERE  item_id = ? AND mem_id = ?     [1,7]
[SQL_LOG:2020-10-30 23:24:09]: DELETE FROM likes WHERE item_id = ? AND mem_id = ?  [1,7]
[SQL_LOG:2020-10-30 23:24:25]: SELECT ctg_id, category_name  FROM  category     []
[SQL_LOG:2020-10-30 23:24:25]: SELECT item_id, item_name, price, image, ctg_id  FROM  item  WHERE  ctg_id = ?     [2]
[SQL_LOG:2020-10-30 23:24:28]: SELECT ctg_id, category_name  FROM  category     []
[SQL_LOG:2020-10-30 23:24:28]: SELECT item_id, item_name, detail, price, image, ctg_id FROM  item  WHERE  item_id = ?     [7]
[SQL_LOG:2020-10-30 23:24:28]: SELECT COUNT(*) AS NUM  FROM  likes  WHERE  item_id = ?     [7]
[SQL_LOG:2020-10-30 23:24:29]: SELECT *  FROM  likes  WHERE  item_id = ? AND mem_id = ?     [7,7]
[SQL_LOG:2020-10-30 23:24:29]: INSERT INTO likes (item_id,mem_id,regist_date)VALUES(?,?,?) [7,7,2020-10-30 23:24:29]
[SQL_LOG:2020-10-30 23:24:50]: SELECT ctg_id, category_name  FROM  category     []
[SQL_LOG:2020-10-30 23:24:50]: SELECT item_id, item_name, price, image, ctg_id  FROM  item     []
[SQL_LOG:2020-10-30 23:24:55]: SELECT ctg_id, category_name  FROM  category     []
[SQL_LOG:2020-10-30 23:24:55]: SELECT  item_id, item_name, price, image, ctg_id  FROM item WHERE  item_name LIKE ?     [%iakloih%]
[SQL_LOG:2020-10-30 23:25:00]: SELECT ctg_id, category_name  FROM  category     []
[SQL_LOG:2020-10-30 23:25:00]: SELECT  item_id, item_name, price, image, ctg_id  FROM item WHERE  item_name LIKE ?     [%か%]
[SQL_LOG:2020-10-30 23:25:06]: SELECT ctg_id, category_name  FROM  category     []
[SQL_LOG:2020-10-30 23:25:06]: SELECT  item_id, item_name, price, image, ctg_id  FROM item WHERE  item_name LIKE ?     [% か%]
[SQL_LOG:2020-10-30 23:25:37]: SELECT ctg_id, category_name  FROM  category     []
[SQL_LOG:2020-10-30 23:25:37]: SELECT item_id, item_name, price, image, ctg_id  FROM  item     []
[SQL_LOG:2020-10-30 23:25:39]: SELECT *  FROM  member  WHERE  mem_id = ?     [7]
[SQL_LOG:2020-10-30 23:25:41]: SELECT *  FROM  member  WHERE  mem_id = ?     [7]
[SQL_LOG:2020-10-30 23:25:42]: SELECT *  FROM member WHERE  email = ?    LIMIT  1   [tttvvvaken@gmail.com]
[SQL_LOG:2020-10-30 23:25:44]: SELECT *  FROM  member  WHERE  mem_id = ?     [7]
[SQL_LOG:2020-10-30 23:25:46]: SELECT ctg_id, category_name  FROM  category     []
[SQL_LOG:2020-10-30 23:25:46]: SELECT item_id, item_name, price, image, ctg_id  FROM  item     []
[SQL_LOG:2020-10-30 23:25:49]: SELECT ctg_id, category_name  FROM  category     []
[SQL_LOG:2020-10-30 23:25:49]: SELECT item_id, item_name, price, image, ctg_id  FROM  item     []
[SQL_LOG:2020-10-30 23:26:04]: SELECT ctg_id, category_name  FROM  category     []
[SQL_LOG:2020-10-30 23:26:04]: SELECT item_id, item_name, price, image, ctg_id  FROM  item     []
[SQL_LOG:2020-10-30 23:26:38]: SELECT ctg_id, category_name  FROM  category     []
[SQL_LOG:2020-10-30 23:26:38]: SELECT item_id, item_name, price, image, ctg_id  FROM  item     []
[SQL_LOG:2020-10-30 23:26:43]: SELECT *  FROM  member  WHERE  email = ?     [tttvvvaken@gmail.com]
[SQL_LOG:2020-10-30 23:26:44]: SELECT session_key  FROM  loginsession  WHERE  mem_id = ?     [7]
[SQL_LOG:2020-10-30 23:26:44]: SELECT ctg_id, category_name  FROM  category     []
[SQL_LOG:2020-10-30 23:26:44]: SELECT item_id, item_name, price, image, ctg_id  FROM  item     []
[SQL_LOG:2020-10-30 23:26:45]: SELECT *  FROM  member  WHERE  mem_id = ?     [7]
[SQL_LOG:2020-10-30 23:26:48]: SELECT *  FROM  member  WHERE  mem_id = ?     [7]
[SQL_LOG:2020-10-30 23:26:49]: SELECT ctg_id, category_name  FROM  category     []
[SQL_LOG:2020-10-30 23:26:49]: SELECT item_id, item_name, price, image, ctg_id  FROM  item     []
[SQL_LOG:2020-10-30 23:27:40]: SELECT ctg_id, category_name  FROM  category     []
[SQL_LOG:2020-10-30 23:27:40]: SELECT item_id, item_name, detail, price, image, ctg_id FROM  item  WHERE  item_id = ?     [1]
[SQL_LOG:2020-10-30 23:27:40]: SELECT COUNT(*) AS NUM  FROM  likes  WHERE  item_id = ?     [1]
[SQL_LOG:2020-10-30 23:27:41]: SELECT *  FROM  likes  WHERE  item_id = ? AND mem_id = ?     [1,7]
[SQL_LOG:2020-10-30 23:27:41]: INSERT INTO likes (item_id,mem_id,regist_date)VALUES(?,?,?) [1,7,2020-10-30 23:27:41]
[SQL_LOG:2020-10-30 23:27:54]: SELECT *  FROM  likes  WHERE  item_id = ? AND mem_id = ?     [1,7]
[SQL_LOG:2020-10-30 23:27:54]: DELETE FROM likes WHERE item_id = ? AND mem_id = ?  [1,7]
[SQL_LOG:2020-10-30 23:28:32]: SELECT ctg_id, category_name  FROM  category     []
[SQL_LOG:2020-10-30 23:28:32]: SELECT item_id, item_name, detail, price, image, ctg_id FROM  item  WHERE  item_id = ?     [1]
[SQL_LOG:2020-10-30 23:28:32]: SELECT COUNT(*) AS NUM  FROM  likes  WHERE  item_id = ?     [1]
[SQL_LOG:2020-10-30 23:28:39]: SELECT *  FROM  likes  WHERE  item_id = ? AND mem_id = ?     [1,7]
[SQL_LOG:2020-10-30 23:28:39]: INSERT INTO likes (item_id,mem_id,regist_date)VALUES(?,?,?) [1,7,2020-10-30 23:28:39]
[SQL_LOG:2020-10-30 23:28:46]: SELECT *  FROM  likes  WHERE  item_id = ? AND mem_id = ?     [1,7]
[SQL_LOG:2020-10-30 23:28:46]: DELETE FROM likes WHERE item_id = ? AND mem_id = ?  [1,7]
[SQL_LOG:2020-10-30 23:33:26]: SELECT ctg_id, category_name  FROM  category     []
[SQL_LOG:2020-10-30 23:33:26]: SELECT item_id, item_name, price, image, ctg_id  FROM  item     []
[SQL_LOG:2020-10-30 23:33:28]: SELECT ctg_id, category_name  FROM  category     []
[SQL_LOG:2020-10-30 23:33:28]: SELECT item_id, item_name, detail, price, image, ctg_id FROM  item  WHERE  item_id = ?     [1]
[SQL_LOG:2020-10-30 23:33:28]: SELECT COUNT(*) AS NUM  FROM  likes  WHERE  item_id = ?     [1]
[SQL_LOG:2020-10-30 23:33:29]: SELECT *  FROM  likes  WHERE  item_id = ? AND mem_id = ?     [1,7]
[SQL_LOG:2020-10-30 23:33:29]: INSERT INTO likes (item_id,mem_id,regist_date)VALUES(?,?,?) [1,7,2020-10-30 23:33:29]
[SQL_LOG:2020-10-30 23:35:30]: SELECT ctg_id, category_name  FROM  category     []
[SQL_LOG:2020-10-30 23:35:30]: SELECT item_id, item_name, detail, price, image, ctg_id FROM  item  WHERE  item_id = ?     [1]
[SQL_LOG:2020-10-30 23:35:30]: SELECT COUNT(*) AS NUM  FROM  likes  WHERE  item_id = ?     [1]
[SQL_LOG:2020-10-30 23:35:31]: SELECT ctg_id, category_name  FROM  category     []
[SQL_LOG:2020-10-30 23:35:31]: SELECT item_id, item_name, detail, price, image, ctg_id FROM  item  WHERE  item_id = ?     [1]
[SQL_LOG:2020-10-30 23:35:31]: SELECT COUNT(*) AS NUM  FROM  likes  WHERE  item_id = ?     [1]
[SQL_LOG:2020-10-30 23:35:31]: SELECT ctg_id, category_name  FROM  category     []
[SQL_LOG:2020-10-30 23:35:31]: SELECT item_id, item_name, detail, price, image, ctg_id FROM  item  WHERE  item_id = ?     [1]
[SQL_LOG:2020-10-30 23:35:31]: SELECT COUNT(*) AS NUM  FROM  likes  WHERE  item_id = ?     [1]
[SQL_LOG:2020-10-30 23:35:31]: SELECT ctg_id, category_name  FROM  category     []
[SQL_LOG:2020-10-30 23:35:31]: SELECT item_id, item_name, detail, price, image, ctg_id FROM  item  WHERE  item_id = ?     [1]
[SQL_LOG:2020-10-30 23:35:31]: SELECT COUNT(*) AS NUM  FROM  likes  WHERE  item_id = ?     [1]
[SQL_LOG:2020-10-30 23:36:22]: SELECT ctg_id, category_name  FROM  category     []
[SQL_LOG:2020-10-30 23:36:22]: SELECT item_id, item_name, detail, price, image, ctg_id FROM  item  WHERE  item_id = ?     [1]
[SQL_LOG:2020-10-30 23:36:22]: SELECT COUNT(*) AS NUM  FROM  likes  WHERE  item_id = ?     [1]
[SQL_LOG:2020-10-30 23:36:36]: SELECT ctg_id, category_name  FROM  category     []
[SQL_LOG:2020-10-30 23:36:36]: SELECT item_id, item_name, detail, price, image, ctg_id FROM  item  WHERE  item_id = ?     [1]
[SQL_LOG:2020-10-30 23:36:36]: SELECT COUNT(*) AS NUM  FROM  likes  WHERE  item_id = ?     [1]
[SQL_LOG:2020-10-30 23:36:43]: SELECT ctg_id, category_name  FROM  category     []
[SQL_LOG:2020-10-30 23:36:43]: SELECT item_id, item_name, price, image, ctg_id  FROM  item     []
[SQL_LOG:2020-10-30 23:36:44]: SELECT ctg_id, category_name  FROM  category     []
[SQL_LOG:2020-10-30 23:36:44]: SELECT item_id, item_name, detail, price, image, ctg_id FROM  item  WHERE  item_id = ?     [1]
[SQL_LOG:2020-10-30 23:36:44]: SELECT COUNT(*) AS NUM  FROM  likes  WHERE  item_id = ?     [1]
[SQL_LOG:2020-10-30 23:37:15]: SELECT ctg_id, category_name  FROM  category     []
[SQL_LOG:2020-10-30 23:37:15]: SELECT item_id, item_name, detail, price, image, ctg_id FROM  item  WHERE  item_id = ?     [1]
[SQL_LOG:2020-10-30 23:37:15]: SELECT COUNT(*) AS NUM  FROM  likes  WHERE  item_id = ?     [1]
[SQL_LOG:2020-10-30 23:38:27]: SELECT ctg_id, category_name  FROM  category     []
[SQL_LOG:2020-10-30 23:38:27]: SELECT item_id, item_name, detail, price, image, ctg_id FROM  item  WHERE  item_id = ?     [1]
[SQL_LOG:2020-10-30 23:38:27]: SELECT COUNT(*) AS NUM  FROM  likes  WHERE  item_id = ?     [1]
[SQL_LOG:2020-10-30 23:38:54]: SELECT ctg_id, category_name  FROM  category     []
[SQL_LOG:2020-10-30 23:38:54]: SELECT item_id, item_name, price, image, ctg_id  FROM  item     []
[SQL_LOG:2020-10-30 23:38:57]: SELECT ctg_id, category_name  FROM  category     []
[SQL_LOG:2020-10-30 23:38:57]: SELECT item_id, item_name, detail, price, image, ctg_id FROM  item  WHERE  item_id = ?     [1]
[SQL_LOG:2020-10-30 23:38:57]: SELECT COUNT(*) AS NUM  FROM  likes  WHERE  item_id = ?     [1]
[SQL_LOG:2020-10-30 23:39:34]: SELECT ctg_id, category_name  FROM  category     []
[SQL_LOG:2020-10-30 23:39:34]: SELECT item_id, item_name, price, image, ctg_id  FROM  item     []
[SQL_LOG:2020-10-30 23:39:36]: SELECT ctg_id, category_name  FROM  category     []
[SQL_LOG:2020-10-30 23:39:36]: SELECT item_id, item_name, detail, price, image, ctg_id FROM  item  WHERE  item_id = ?     [1]
[SQL_LOG:2020-10-30 23:39:36]: SELECT COUNT(*) AS NUM  FROM  likes  WHERE  item_id = ?     [1]
[SQL_LOG:2020-10-30 23:40:41]: SELECT ctg_id, category_name  FROM  category     []
[SQL_LOG:2020-10-30 23:40:41]: SELECT item_id, item_name, detail, price, image, ctg_id FROM  item  WHERE  item_id = ?     [1]
[SQL_LOG:2020-10-30 23:40:41]: SELECT COUNT(*) AS NUM  FROM  likes  WHERE  item_id = ?     [1]
[SQL_LOG:2020-10-30 23:40:43]: SELECT *  FROM  likes  WHERE  item_id = ? AND mem_id = ?     [1,7]
[SQL_LOG:2020-10-30 23:40:43]: DELETE FROM likes WHERE item_id = ? AND mem_id = ?  [1,7]
[SQL_LOG:2020-10-30 23:41:42]: SELECT *  FROM  likes  WHERE  item_id = ? AND mem_id = ?     [1,7]
[SQL_LOG:2020-10-30 23:41:42]: INSERT INTO likes (item_id,mem_id,regist_date)VALUES(?,?,?) [1,7,2020-10-30 23:41:42]
[SQL_LOG:2020-10-30 23:41:53]: SELECT ctg_id, category_name  FROM  category     []
[SQL_LOG:2020-10-30 23:41:53]: SELECT item_id, item_name, detail, price, image, ctg_id FROM  item  WHERE  item_id = ?     [1]
[SQL_LOG:2020-10-30 23:41:53]: SELECT COUNT(*) AS NUM  FROM  likes  WHERE  item_id = ?     [1]
[SQL_LOG:2020-10-30 23:41:53]: SELECT ctg_id, category_name  FROM  category     []
[SQL_LOG:2020-10-30 23:41:53]: SELECT item_id, item_name, detail, price, image, ctg_id FROM  item  WHERE  item_id = ?     [1]
[SQL_LOG:2020-10-30 23:41:53]: SELECT COUNT(*) AS NUM  FROM  likes  WHERE  item_id = ?     [1]
[SQL_LOG:2020-10-30 23:41:54]: SELECT *  FROM  likes  WHERE  item_id = ? AND mem_id = ?     [1,7]
[SQL_LOG:2020-10-30 23:41:54]: DELETE FROM likes WHERE item_id = ? AND mem_id = ?  [1,7]
[SQL_LOG:2020-10-30 23:42:10]: SELECT ctg_id, category_name  FROM  category     []
[SQL_LOG:2020-10-30 23:42:10]: SELECT item_id, item_name, detail, price, image, ctg_id FROM  item  WHERE  item_id = ?     [1]
[SQL_LOG:2020-10-30 23:42:10]: SELECT COUNT(*) AS NUM  FROM  likes  WHERE  item_id = ?     [1]
[SQL_LOG:2020-10-30 23:43:34]: SELECT ctg_id, category_name  FROM  category     []
[SQL_LOG:2020-10-30 23:43:34]: SELECT item_id, item_name, detail, price, image, ctg_id FROM  item  WHERE  item_id = ?     [1]
[SQL_LOG:2020-10-30 23:43:34]: SELECT COUNT(*) AS NUM  FROM  likes  WHERE  item_id = ?     [1]
[SQL_LOG:2020-10-30 23:44:15]: SELECT ctg_id, category_name  FROM  category     []
[SQL_LOG:2020-10-30 23:44:15]: SELECT item_id, item_name, detail, price, image, ctg_id FROM  item  WHERE  item_id = ?     [1]
[SQL_LOG:2020-10-30 23:44:15]: SELECT COUNT(*) AS NUM  FROM  likes  WHERE  item_id = ?     [1]
[SQL_LOG:2020-10-30 23:44:17]: SELECT *  FROM  likes  WHERE  item_id = ? AND mem_id = ?     [1,7]
[SQL_LOG:2020-10-30 23:44:17]: INSERT INTO likes (item_id,mem_id,regist_date)VALUES(?,?,?) [1,7,2020-10-30 23:44:17]
[SQL_LOG:2020-10-30 23:46:56]: SELECT ctg_id, category_name  FROM  category     []
[SQL_LOG:2020-10-30 23:46:56]: SELECT item_id, item_name, detail, price, image, ctg_id FROM  item  WHERE  item_id = ?     [1]
[SQL_LOG:2020-10-30 23:46:56]: SELECT COUNT(*) AS NUM  FROM  likes  WHERE  item_id = ?     [1]
[SQL_LOG:2020-10-30 23:47:55]: SELECT ctg_id, category_name  FROM  category     []
[SQL_LOG:2020-10-30 23:47:55]: SELECT item_id, item_name, detail, price, image, ctg_id FROM  item  WHERE  item_id = ?     [1]
[SQL_LOG:2020-10-30 23:47:55]: SELECT COUNT(*) AS NUM  FROM  likes  WHERE  item_id = ?     [1]
[SQL_LOG:2020-10-30 23:47:56]: SELECT ctg_id, category_name  FROM  category     []
[SQL_LOG:2020-10-30 23:47:56]: SELECT item_id, item_name, detail, price, image, ctg_id FROM  item  WHERE  item_id = ?     [1]
[SQL_LOG:2020-10-30 23:47:56]: SELECT COUNT(*) AS NUM  FROM  likes  WHERE  item_id = ?     [1]
[SQL_LOG:2020-10-30 23:47:56]: SELECT ctg_id, category_name  FROM  category     []
[SQL_LOG:2020-10-30 23:47:56]: SELECT item_id, item_name, detail, price, image, ctg_id FROM  item  WHERE  item_id = ?     [1]
[SQL_LOG:2020-10-30 23:47:56]: SELECT COUNT(*) AS NUM  FROM  likes  WHERE  item_id = ?     [1]
[SQL_LOG:2020-10-30 23:47:56]: SELECT ctg_id, category_name  FROM  category     []
[SQL_LOG:2020-10-30 23:47:56]: SELECT item_id, item_name, detail, price, image, ctg_id FROM  item  WHERE  item_id = ?     [1]
[SQL_LOG:2020-10-30 23:47:56]: SELECT COUNT(*) AS NUM  FROM  likes  WHERE  item_id = ?     [1]
[SQL_LOG:2020-10-30 23:47:57]: SELECT ctg_id, category_name  FROM  category     []
[SQL_LOG:2020-10-30 23:47:57]: SELECT item_id, item_name, detail, price, image, ctg_id FROM  item  WHERE  item_id = ?     [1]
[SQL_LOG:2020-10-30 23:47:57]: SELECT COUNT(*) AS NUM  FROM  likes  WHERE  item_id = ?     [1]
[SQL_LOG:2020-10-30 23:47:57]: SELECT ctg_id, category_name  FROM  category     []
[SQL_LOG:2020-10-30 23:47:57]: SELECT item_id, item_name, detail, price, image, ctg_id FROM  item  WHERE  item_id = ?     [1]
[SQL_LOG:2020-10-30 23:47:57]: SELECT COUNT(*) AS NUM  FROM  likes  WHERE  item_id = ?     [1]
[SQL_LOG:2020-10-30 23:51:43]: SELECT ctg_id, category_name  FROM  category     []
[SQL_LOG:2020-10-30 23:51:43]: SELECT item_id, item_name, detail, price, image, ctg_id FROM  item  WHERE  item_id = ?     [1]
[SQL_LOG:2020-10-30 23:51:43]: SELECT COUNT(*) AS NUM  FROM  likes  WHERE  item_id = ?     [1]
[SQL_LOG:2020-10-30 23:52:50]: SELECT ctg_id, category_name  FROM  category     []
[SQL_LOG:2020-10-30 23:52:50]: SELECT item_id, item_name, detail, price, image, ctg_id FROM  item  WHERE  item_id = ?     [1]
[SQL_LOG:2020-10-30 23:52:50]: SELECT COUNT(*) AS NUM  FROM  likes  WHERE  item_id = ?     [1]
[SQL_LOG:2020-10-30 23:52:51]: SELECT ctg_id, category_name  FROM  category     []
[SQL_LOG:2020-10-30 23:52:51]: SELECT item_id, item_name, detail, price, image, ctg_id FROM  item  WHERE  item_id = ?     [1]
[SQL_LOG:2020-10-30 23:52:51]: SELECT COUNT(*) AS NUM  FROM  likes  WHERE  item_id = ?     [1]
[SQL_LOG:2020-10-30 23:52:52]: SELECT ctg_id, category_name  FROM  category     []
[SQL_LOG:2020-10-30 23:52:52]: SELECT item_id, item_name, detail, price, image, ctg_id FROM  item  WHERE  item_id = ?     [1]
[SQL_LOG:2020-10-30 23:52:52]: SELECT COUNT(*) AS NUM  FROM  likes  WHERE  item_id = ?     [1]
[SQL_LOG:2020-10-30 23:52:52]: SELECT ctg_id, category_name  FROM  category     []
[SQL_LOG:2020-10-30 23:52:52]: SELECT item_id, item_name, detail, price, image, ctg_id FROM  item  WHERE  item_id = ?     [1]
[SQL_LOG:2020-10-30 23:52:52]: SELECT COUNT(*) AS NUM  FROM  likes  WHERE  item_id = ?     [1]
[SQL_LOG:2020-10-30 23:52:53]: SELECT *  FROM  likes  WHERE  item_id = ? AND mem_id = ?     [1,7]
[SQL_LOG:2020-10-30 23:52:53]: DELETE FROM likes WHERE item_id = ? AND mem_id = ?  [1,7]
[SQL_LOG:2020-10-30 23:52:56]: SELECT ctg_id, category_name  FROM  category     []
[SQL_LOG:2020-10-30 23:52:56]: SELECT item_id, item_name, detail, price, image, ctg_id FROM  item  WHERE  item_id = ?     [1]
[SQL_LOG:2020-10-30 23:52:56]: SELECT COUNT(*) AS NUM  FROM  likes  WHERE  item_id = ?     [1]
[SQL_LOG:2020-10-30 23:52:58]: SELECT *  FROM  likes  WHERE  item_id = ? AND mem_id = ?     [1,7]
[SQL_LOG:2020-10-30 23:52:58]: INSERT INTO likes (item_id,mem_id,regist_date)VALUES(?,?,?) [1,7,2020-10-30 23:52:58]
[SQL_LOG:2020-10-30 23:53:01]: SELECT ctg_id, category_name  FROM  category     []
[SQL_LOG:2020-10-30 23:53:01]: SELECT item_id, item_name, detail, price, image, ctg_id FROM  item  WHERE  item_id = ?     [1]
[SQL_LOG:2020-10-30 23:53:01]: SELECT COUNT(*) AS NUM  FROM  likes  WHERE  item_id = ?     [1]
[SQL_LOG:2020-10-30 23:53:44]: SELECT ctg_id, category_name  FROM  category     []
[SQL_LOG:2020-10-30 23:53:44]: SELECT item_id, item_name, detail, price, image, ctg_id FROM  item  WHERE  item_id = ?     [1]
[SQL_LOG:2020-10-30 23:53:44]: SELECT COUNT(*) AS NUM  FROM  likes  WHERE  item_id = ?     [1]
[SQL_LOG:2020-10-30 23:53:45]: SELECT ctg_id, category_name  FROM  category     []
[SQL_LOG:2020-10-30 23:53:45]: SELECT item_id, item_name, detail, price, image, ctg_id FROM  item  WHERE  item_id = ?     [1]
[SQL_LOG:2020-10-30 23:53:45]: SELECT COUNT(*) AS NUM  FROM  likes  WHERE  item_id = ?     [1]
[SQL_LOG:2020-10-30 23:53:45]: SELECT ctg_id, category_name  FROM  category     []
[SQL_LOG:2020-10-30 23:53:45]: SELECT item_id, item_name, detail, price, image, ctg_id FROM  item  WHERE  item_id = ?     [1]
[SQL_LOG:2020-10-30 23:53:45]: SELECT COUNT(*) AS NUM  FROM  likes  WHERE  item_id = ?     [1]
[SQL_LOG:2020-10-30 23:53:45]: SELECT ctg_id, category_name  FROM  category     []
[SQL_LOG:2020-10-30 23:53:45]: SELECT item_id, item_name, detail, price, image, ctg_id FROM  item  WHERE  item_id = ?     [1]
[SQL_LOG:2020-10-30 23:53:45]: SELECT COUNT(*) AS NUM  FROM  likes  WHERE  item_id = ?     [1]
[SQL_LOG:2020-10-30 23:55:44]: SELECT ctg_id, category_name  FROM  category     []
[SQL_LOG:2020-10-30 23:55:44]: SELECT item_id, item_name, detail, price, image, ctg_id FROM  item  WHERE  item_id = ?     [1]
[SQL_LOG:2020-10-30 23:55:44]: SELECT COUNT(*) AS NUM  FROM  likes  WHERE  item_id = ?     [1]
[SQL_LOG:2020-10-30 23:55:46]: SELECT *  FROM  likes  WHERE  item_id = ? AND mem_id = ?     [1,7]
[SQL_LOG:2020-10-30 23:55:46]: DELETE FROM likes WHERE item_id = ? AND mem_id = ?  [1,7]
[SQL_LOG:2020-10-30 23:55:48]: SELECT *  FROM  likes  WHERE  item_id = ? AND mem_id = ?     [1,7]
[SQL_LOG:2020-10-30 23:55:48]: INSERT INTO likes (item_id,mem_id,regist_date)VALUES(?,?,?) [1,7,2020-10-30 23:55:48]
[SQL_LOG:2020-10-30 23:58:04]: SELECT ctg_id, category_name  FROM  category     []
[SQL_LOG:2020-10-30 23:58:04]: SELECT item_id, item_name, detail, price, image, ctg_id FROM  item  WHERE  item_id = ?     [1]
[SQL_LOG:2020-10-30 23:58:04]: SELECT COUNT(*) AS NUM  FROM  likes  WHERE  item_id = ?     [1]
[SQL_LOG:2020-10-30 23:58:05]: SELECT ctg_id, category_name  FROM  category     []
[SQL_LOG:2020-10-30 23:58:05]: SELECT item_id, item_name, detail, price, image, ctg_id FROM  item  WHERE  item_id = ?     [1]
[SQL_LOG:2020-10-30 23:58:05]: SELECT COUNT(*) AS NUM  FROM  likes  WHERE  item_id = ?     [1]
[SQL_LOG:2020-10-30 23:58:19]: SELECT ctg_id, category_name  FROM  category     []
[SQL_LOG:2020-10-30 23:58:19]: SELECT item_id, item_name, detail, price, image, ctg_id FROM  item  WHERE  item_id = ?     [1]
[SQL_LOG:2020-10-30 23:58:19]: SELECT COUNT(*) AS NUM  FROM  likes  WHERE  item_id = ?     [1]
[SQL_LOG:2020-10-30 23:58:20]: SELECT ctg_id, category_name  FROM  category     []
[SQL_LOG:2020-10-30 23:58:20]: SELECT item_id, item_name, detail, price, image, ctg_id FROM  item  WHERE  item_id = ?     [1]
[SQL_LOG:2020-10-30 23:58:20]: SELECT COUNT(*) AS NUM  FROM  likes  WHERE  item_id = ?     [1]
[SQL_LOG:2020-10-30 23:58:20]: SELECT ctg_id, category_name  FROM  category     []
[SQL_LOG:2020-10-30 23:58:20]: SELECT item_id, item_name, detail, price, image, ctg_id FROM  item  WHERE  item_id = ?     [1]
[SQL_LOG:2020-10-30 23:58:20]: SELECT COUNT(*) AS NUM  FROM  likes  WHERE  item_id = ?     [1]
[SQL_LOG:2020-10-30 23:58:45]: SELECT *  FROM  likes  WHERE  item_id = ? AND mem_id = ?     [1,7]
[SQL_LOG:2020-10-30 23:58:45]: DELETE FROM likes WHERE item_id = ? AND mem_id = ?  [1,7]
