[SQL_LOG:2020-12-06 13:48:44]: SELECT ctg_id, category_name  FROM  category     []
[SQL_LOG:2020-12-06 13:48:44]: SELECT item_id, item_name, price, image, ctg_id  FROM  item     []
[SQL_LOG:2020-12-06 13:49:46]: SELECT ctg_id, category_name  FROM  category     []
[SQL_LOG:2020-12-06 13:49:46]: SELECT item_id, item_name, price, image, ctg_id  FROM  item     []
[SQL_LOG:2020-12-06 13:49:58]: SELECT ctg_id, category_name  FROM  category     []
[SQL_LOG:2020-12-06 13:49:58]: SELECT item_id, item_name, price, image, ctg_id  FROM  item     []
[SQL_LOG:2020-12-06 13:49:59]: SELECT ctg_id, category_name  FROM  category     []
[SQL_LOG:2020-12-06 13:49:59]: SELECT item_id, item_name, price, image, ctg_id  FROM  item     []
[SQL_LOG:2020-12-06 13:49:59]: SELECT ctg_id, category_name  FROM  category     []
[SQL_LOG:2020-12-06 13:49:59]: SELECT item_id, item_name, price, image, ctg_id  FROM  item     []
[SQL_LOG:2020-12-06 13:49:59]: SELECT ctg_id, category_name  FROM  category     []
[SQL_LOG:2020-12-06 13:49:59]: SELECT item_id, item_name, price, image, ctg_id  FROM  item     []
[SQL_LOG:2020-12-06 13:50:08]: SELECT ctg_id, category_name  FROM  category     []
[SQL_LOG:2020-12-06 13:50:08]: SELECT item_id, item_name, price, image, ctg_id  FROM  item     []
[SQL_LOG:2020-12-06 13:50:09]: SELECT ctg_id, category_name  FROM  category     []
[SQL_LOG:2020-12-06 13:50:09]: SELECT item_id, item_name, price, image, ctg_id  FROM  item     []
[SQL_LOG:2020-12-06 13:50:20]: SELECT ctg_id, category_name  FROM  category     []
[SQL_LOG:2020-12-06 13:50:20]: SELECT item_id, item_name, price, image, ctg_id  FROM  item     []
[SQL_LOG:2020-12-06 13:50:21]: SELECT ctg_id, category_name  FROM  category     []
[SQL_LOG:2020-12-06 13:50:21]: SELECT item_id, item_name, price, image, ctg_id  FROM  item     []
[SQL_LOG:2020-12-06 13:50:22]: SELECT ctg_id, category_name  FROM  category     []
[SQL_LOG:2020-12-06 13:50:22]: SELECT item_id, item_name, price, image, ctg_id  FROM  item     []
[SQL_LOG:2020-12-06 13:50:58]: SELECT ctg_id, category_name  FROM  category     []
[SQL_LOG:2020-12-06 13:50:58]: SELECT item_id, item_name, detail, price, image, ctg_id FROM  item  WHERE  item_id = ?     [1]
[SQL_LOG:2020-12-06 13:50:58]: SELECT COUNT(*) AS NUM  FROM  likes  WHERE  item_id = ?     [1]
[SQL_LOG:2020-12-06 13:51:09]: SELECT *  FROM  member  WHERE  email = ?     [tttvvvaken@gmail.com]
[SQL_LOG:2020-12-06 13:51:09]: SELECT session_key  FROM  loginsession  WHERE  mem_id = ?     [7]
[SQL_LOG:2020-12-06 13:51:09]: SELECT ctg_id, category_name  FROM  category     []
[SQL_LOG:2020-12-06 13:51:09]: SELECT item_id, item_name, price, image, ctg_id  FROM  item     []
[SQL_LOG:2020-12-06 13:51:12]: SELECT ctg_id, category_name  FROM  category     []
[SQL_LOG:2020-12-06 13:51:12]: SELECT item_id, item_name, detail, price, image, ctg_id FROM  item  WHERE  item_id = ?     [1]
[SQL_LOG:2020-12-06 13:51:12]: SELECT COUNT(*) AS NUM  FROM  likes  WHERE  item_id = ?     [1]
[SQL_LOG:2020-12-06 13:51:12]: SELECT *  FROM  likes  WHERE  item_id = ? AND mem_id = ?     [1,7]
[SQL_LOG:2020-12-06 13:51:17]: SELECT price  FROM  item  WHERE  item_id = ?     [1]
[SQL_LOG:2020-12-06 13:51:17]: INSERT INTO cart (mem_id,item_id,num,sub_total_price,regist_date)VALUES(?,?,?,?,?) [7,1,5,500,2020-12-06 13:51:17]
[SQL_LOG:2020-12-06 13:51:17]: SELECT c.crt_id, c.num, c.sub_total_price, i.item_id, i.item_name, i.price, i.image FROM  cart c LEFT JOIN item i ON c.item_id = i.item_id  WHERE  c.mem_id = ? AND c.delete_flg = ?     [7,0]
[SQL_LOG:2020-12-06 13:51:17]: SELECT SUM(c.sub_total_price) * c.num AS totalPrice  FROM  cart c LEFT JOIN item i ON c.item_id = i.item_id  WHERE  c.mem_id = ? AND c.delete_flg = ?    [7,0]
[SQL_LOG:2020-12-06 13:51:17]: SELECT SUM(num) AS num  FROM  cart c  WHERE  c.mem_id = ? AND c.delete_flg = ?    [7,0]
[SQL_LOG:2020-12-06 13:51:20]: UPDATE cart  SET delete_date =? ,delete_flg =?  WHERE  crt_id = ?  [2020-12-06 13:51:20,1,236]
[SQL_LOG:2020-12-06 13:51:20]: SELECT c.crt_id, c.num, c.sub_total_price, i.item_id, i.item_name, i.price, i.image FROM  cart c LEFT JOIN item i ON c.item_id = i.item_id  WHERE  c.mem_id = ? AND c.delete_flg = ?     [7,0]
[SQL_LOG:2020-12-06 13:51:20]: SELECT SUM(c.sub_total_price) * c.num AS totalPrice  FROM  cart c LEFT JOIN item i ON c.item_id = i.item_id  WHERE  c.mem_id = ? AND c.delete_flg = ?    [7,0]
[SQL_LOG:2020-12-06 13:51:20]: SELECT SUM(num) AS num  FROM  cart c  WHERE  c.mem_id = ? AND c.delete_flg = ?    [7,0]
[SQL_LOG:2020-12-06 13:51:22]: UPDATE cart  SET delete_date =? ,delete_flg =?  WHERE  crt_id = ?  [2020-12-06 13:51:22,1,235]
[SQL_LOG:2020-12-06 13:51:22]: SELECT c.crt_id, c.num, c.sub_total_price, i.item_id, i.item_name, i.price, i.image FROM  cart c LEFT JOIN item i ON c.item_id = i.item_id  WHERE  c.mem_id = ? AND c.delete_flg = ?     [7,0]
[SQL_LOG:2020-12-06 13:51:22]: SELECT SUM(c.sub_total_price) * c.num AS totalPrice  FROM  cart c LEFT JOIN item i ON c.item_id = i.item_id  WHERE  c.mem_id = ? AND c.delete_flg = ?    [7,0]
[SQL_LOG:2020-12-06 13:51:22]: SELECT SUM(num) AS num  FROM  cart c  WHERE  c.mem_id = ? AND c.delete_flg = ?    [7,0]
[SQL_LOG:2020-12-06 13:52:03]: SELECT *  FROM  member  WHERE  mem_id = ?     [7]
[SQL_LOG:2020-12-06 13:52:15]: SELECT *  FROM  member  WHERE  mem_id = ?     [7]
[SQL_LOG:2020-12-06 13:52:15]: INSERT INTO contact (subject,body,mem_id,user_id,email,regist_date,delete_flg)VALUES(?,?,?,?,?,?,?) [こーーーじま,ftydyrdsytdytdudfuytfiy,7,たけ,tttvvvaken@gmail.com,2020-12-06 13:52:15,]
[SQL_LOG:2020-12-06 14:40:27]: SELECT ctg_id, category_name  FROM  category     []
[SQL_LOG:2020-12-06 14:40:27]: SELECT item_id, item_name, price, image, ctg_id  FROM  item     []
[SQL_LOG:2020-12-06 14:40:39]: SELECT c.crt_id, c.num, c.sub_total_price, i.item_id, i.item_name, i.price, i.image FROM  cart c LEFT JOIN item i ON c.item_id = i.item_id  WHERE  c.mem_id = ? AND c.delete_flg = ?     [7,0]
[SQL_LOG:2020-12-06 14:40:39]: SELECT SUM(c.sub_total_price) * c.num AS totalPrice  FROM  cart c LEFT JOIN item i ON c.item_id = i.item_id  WHERE  c.mem_id = ? AND c.delete_flg = ?    [7,0]
[SQL_LOG:2020-12-06 14:40:39]: SELECT SUM(num) AS num  FROM  cart c  WHERE  c.mem_id = ? AND c.delete_flg = ?    [7,0]
[SQL_LOG:2020-12-06 15:03:26]: SELECT c.crt_id, c.num, c.sub_total_price, i.item_id, i.item_name, i.price, i.image FROM  cart c LEFT JOIN item i ON c.item_id = i.item_id  WHERE  c.mem_id = ? AND c.delete_flg = ?     [7,0]
[SQL_LOG:2020-12-06 15:03:26]: SELECT SUM(c.sub_total_price) * c.num AS totalPrice  FROM  cart c LEFT JOIN item i ON c.item_id = i.item_id  WHERE  c.mem_id = ? AND c.delete_flg = ?    [7,0]
[SQL_LOG:2020-12-06 15:03:26]: SELECT SUM(num) AS num  FROM  cart c  WHERE  c.mem_id = ? AND c.delete_flg = ?    [7,0]
[SQL_LOG:2020-12-06 15:03:29]: SELECT c.crt_id, c.num, c.sub_total_price, i.item_id, i.item_name, i.price, i.image FROM  cart c LEFT JOIN item i ON c.item_id = i.item_id  WHERE  c.mem_id = ? AND c.delete_flg = ?     [7,0]
[SQL_LOG:2020-12-06 15:05:48]: SELECT c.crt_id, c.num, c.sub_total_price, i.item_id, i.item_name, i.price, i.image FROM  cart c LEFT JOIN item i ON c.item_id = i.item_id  WHERE  c.mem_id = ? AND c.delete_flg = ?     [7,0]
