[SQL_LOG:2020-12-10 10:57:06]: SELECT ctg_id, category_name  FROM  category     []
[SQL_LOG:2020-12-10 10:57:06]: SELECT item_id, item_name, price, image, ctg_id  FROM  item     []
[SQL_LOG:2020-12-10 10:57:08]: SELECT ctg_id, category_name  FROM  category     []
[SQL_LOG:2020-12-10 10:57:08]: SELECT item_id, item_name, price, image, ctg_id  FROM  item     []
[SQL_LOG:2020-12-10 10:57:09]: SELECT c.crt_id, c.num, c.sub_total_price, i.item_id, i.item_name, i.price, i.image FROM  cart c LEFT JOIN item i ON c.item_id = i.item_id  WHERE  c.mem_id = ? AND c.delete_flg = ?     [7,0]
[SQL_LOG:2020-12-10 10:57:09]: SELECT SUM(c.sub_total_price) AS totalPrice  FROM  cart c LEFT JOIN item i ON c.item_id = i.item_id  WHERE  c.mem_id = ? AND c.delete_flg = ?    [7,0]
[SQL_LOG:2020-12-10 10:57:09]: SELECT SUM(num) AS num  FROM  cart c  WHERE  c.mem_id = ? AND c.delete_flg = ?    [7,0]
[SQL_LOG:2020-12-10 10:57:11]: SELECT ctg_id, category_name  FROM  category     []
[SQL_LOG:2020-12-10 10:57:11]: SELECT item_id, item_name, price, image, ctg_id  FROM  item     []
[SQL_LOG:2020-12-10 10:57:13]: SELECT ctg_id, category_name  FROM  category     []
[SQL_LOG:2020-12-10 10:57:13]: SELECT item_id, item_name, detail, price, image, ctg_id FROM  item  WHERE  item_id = ?     [1]
[SQL_LOG:2020-12-10 10:57:13]: SELECT COUNT(*) AS NUM  FROM  likes  WHERE  item_id = ?     [1]
[SQL_LOG:2020-12-10 10:57:13]: SELECT *  FROM  likes  WHERE  item_id = ? AND mem_id = ?     [1,7]
[SQL_LOG:2020-12-10 10:57:18]: SELECT price  FROM  item  WHERE  item_id = ?     [1]
[SQL_LOG:2020-12-10 10:57:18]: INSERT INTO cart (mem_id,item_id,num,sub_total_price,regist_date)VALUES(?,?,?,?,?) [7,1,6,600,2020-12-10 10:57:18]
[SQL_LOG:2020-12-10 10:57:18]: SELECT c.crt_id, c.num, c.sub_total_price, i.item_id, i.item_name, i.price, i.image FROM  cart c LEFT JOIN item i ON c.item_id = i.item_id  WHERE  c.mem_id = ? AND c.delete_flg = ?     [7,0]
[SQL_LOG:2020-12-10 10:57:18]: SELECT SUM(c.sub_total_price) AS totalPrice  FROM  cart c LEFT JOIN item i ON c.item_id = i.item_id  WHERE  c.mem_id = ? AND c.delete_flg = ?    [7,0]
[SQL_LOG:2020-12-10 10:57:18]: SELECT SUM(num) AS num  FROM  cart c  WHERE  c.mem_id = ? AND c.delete_flg = ?    [7,0]
[SQL_LOG:2020-12-10 10:57:20]: SELECT c.crt_id, c.num, c.sub_total_price, i.item_id, i.item_name, i.price, i.image FROM  cart c LEFT JOIN item i ON c.item_id = i.item_id  WHERE  c.mem_id = ? AND c.delete_flg = ?     [7,0]
[SQL_LOG:2020-12-10 10:57:20]: SELECT SUM(c.sub_total_price) AS totalPrice  FROM  cart c LEFT JOIN item i ON c.item_id = i.item_id  WHERE  c.mem_id = ? AND c.delete_flg = ?    [7,0]
[SQL_LOG:2020-12-10 10:57:20]: SELECT SUM(num) AS num  FROM  cart c  WHERE  c.mem_id = ? AND c.delete_flg = ?    [7,0]
[SQL_LOG:2020-12-10 10:57:22]: SELECT c.crt_id, c.num, c.sub_total_price, i.item_id, i.item_name, i.price, i.image FROM  cart c LEFT JOIN item i ON c.item_id = i.item_id  WHERE  c.mem_id = ? AND c.delete_flg = ?     [7,0]
[SQL_LOG:2020-12-10 10:57:22]: SELECT *  FROM  member  WHERE  mem_id = ?     [7]
[SQL_LOG:2020-12-10 10:57:22]: INSERT INTO orders (order_key,item_id,num,sub_total_price,mem_id,email,regist_date,delete_flg)VALUES(?,?,?,?,?,?,?,?) [SoSxrD0oAQSu58Q,1,6,600,7,tttvvvaken@gmail.com,2020-12-10 10:57:22,]
[SQL_LOG:2020-12-10 10:57:22]: UPDATE cart  SET delete_date =? ,delete_flg =?  WHERE  crt_id = ?  [2020-12-10 10:57:22,1,266]
[SQL_LOG:2020-12-10 15:39:04]: SELECT ctg_id, category_name  FROM  category     []
[SQL_LOG:2020-12-10 15:39:04]: SELECT item_id, item_name, price, image, ctg_id  FROM  item     []
[SQL_LOG:2020-12-10 15:39:06]: SELECT c.crt_id, c.num, c.sub_total_price, i.item_id, i.item_name, i.price, i.image FROM  cart c LEFT JOIN item i ON c.item_id = i.item_id  WHERE  c.mem_id = ? AND c.delete_flg = ?     [7,0]
[SQL_LOG:2020-12-10 15:39:06]: SELECT SUM(c.sub_total_price) AS totalPrice  FROM  cart c LEFT JOIN item i ON c.item_id = i.item_id  WHERE  c.mem_id = ? AND c.delete_flg = ?    [7,0]
[SQL_LOG:2020-12-10 15:39:06]: SELECT SUM(num) AS num  FROM  cart c  WHERE  c.mem_id = ? AND c.delete_flg = ?    [7,0]
[SQL_LOG:2020-12-10 15:39:08]: SELECT ctg_id, category_name  FROM  category     []
[SQL_LOG:2020-12-10 15:39:08]: SELECT item_id, item_name, price, image, ctg_id  FROM  item     []
[SQL_LOG:2020-12-10 15:39:35]: SELECT *  FROM  member  WHERE  mem_id = ?     [7]
[SQL_LOG:2020-12-10 15:39:39]: SELECT c.crt_id, c.num, c.sub_total_price, i.item_id, i.item_name, i.price, i.image FROM  cart c LEFT JOIN item i ON c.item_id = i.item_id  WHERE  c.mem_id = ? AND c.delete_flg = ?     [7,0]
[SQL_LOG:2020-12-10 15:39:39]: SELECT SUM(c.sub_total_price) AS totalPrice  FROM  cart c LEFT JOIN item i ON c.item_id = i.item_id  WHERE  c.mem_id = ? AND c.delete_flg = ?    [7,0]
[SQL_LOG:2020-12-10 15:39:39]: SELECT SUM(num) AS num  FROM  cart c  WHERE  c.mem_id = ? AND c.delete_flg = ?    [7,0]
[SQL_LOG:2020-12-10 15:39:40]: SELECT ctg_id, category_name  FROM  category     []
[SQL_LOG:2020-12-10 15:39:40]: SELECT item_id, item_name, price, image, ctg_id  FROM  item     []
[SQL_LOG:2020-12-10 15:39:41]: SELECT ctg_id, category_name  FROM  category     []
[SQL_LOG:2020-12-10 15:39:41]: SELECT item_id, item_name, price, image, ctg_id  FROM  item     []
[SQL_LOG:2020-12-10 15:39:45]: SELECT ctg_id, category_name  FROM  category     []
[SQL_LOG:2020-12-10 15:39:45]: SELECT item_id, item_name, detail, price, image, ctg_id FROM  item  WHERE  item_id = ?     [2]
[SQL_LOG:2020-12-10 15:39:45]: SELECT COUNT(*) AS NUM  FROM  likes  WHERE  item_id = ?     [2]
[SQL_LOG:2020-12-10 15:39:45]: SELECT *  FROM  likes  WHERE  item_id = ? AND mem_id = ?     [2,7]
[SQL_LOG:2020-12-10 15:40:05]: SELECT price  FROM  item  WHERE  item_id = ?     [2]
[SQL_LOG:2020-12-10 15:40:05]: INSERT INTO cart (mem_id,item_id,num,sub_total_price,regist_date)VALUES(?,?,?,?,?) [7,2,20,3000,2020-12-10 15:40:05]
[SQL_LOG:2020-12-10 15:40:05]: SELECT c.crt_id, c.num, c.sub_total_price, i.item_id, i.item_name, i.price, i.image FROM  cart c LEFT JOIN item i ON c.item_id = i.item_id  WHERE  c.mem_id = ? AND c.delete_flg = ?     [7,0]
[SQL_LOG:2020-12-10 15:40:05]: SELECT SUM(c.sub_total_price) AS totalPrice  FROM  cart c LEFT JOIN item i ON c.item_id = i.item_id  WHERE  c.mem_id = ? AND c.delete_flg = ?    [7,0]
[SQL_LOG:2020-12-10 15:40:05]: SELECT SUM(num) AS num  FROM  cart c  WHERE  c.mem_id = ? AND c.delete_flg = ?    [7,0]
[SQL_LOG:2020-12-10 15:40:09]: SELECT ctg_id, category_name  FROM  category     []
[SQL_LOG:2020-12-10 15:40:09]: SELECT item_id, item_name, price, image, ctg_id  FROM  item     []
[SQL_LOG:2020-12-10 15:40:11]: SELECT ctg_id, category_name  FROM  category     []
[SQL_LOG:2020-12-10 15:40:11]: SELECT item_id, item_name, detail, price, image, ctg_id FROM  item  WHERE  item_id = ?     [6]
[SQL_LOG:2020-12-10 15:40:11]: SELECT COUNT(*) AS NUM  FROM  likes  WHERE  item_id = ?     [6]
[SQL_LOG:2020-12-10 15:40:11]: SELECT *  FROM  likes  WHERE  item_id = ? AND mem_id = ?     [6,7]
[SQL_LOG:2020-12-10 15:40:15]: SELECT price  FROM  item  WHERE  item_id = ?     [6]
[SQL_LOG:2020-12-10 15:40:15]: INSERT INTO cart (mem_id,item_id,num,sub_total_price,regist_date)VALUES(?,?,?,?,?) [7,6,10,1000,2020-12-10 15:40:15]
[SQL_LOG:2020-12-10 15:40:15]: SELECT c.crt_id, c.num, c.sub_total_price, i.item_id, i.item_name, i.price, i.image FROM  cart c LEFT JOIN item i ON c.item_id = i.item_id  WHERE  c.mem_id = ? AND c.delete_flg = ?     [7,0]
[SQL_LOG:2020-12-10 15:40:15]: SELECT SUM(c.sub_total_price) AS totalPrice  FROM  cart c LEFT JOIN item i ON c.item_id = i.item_id  WHERE  c.mem_id = ? AND c.delete_flg = ?    [7,0]
[SQL_LOG:2020-12-10 15:40:15]: SELECT SUM(num) AS num  FROM  cart c  WHERE  c.mem_id = ? AND c.delete_flg = ?    [7,0]
[SQL_LOG:2020-12-10 15:40:18]: SELECT c.crt_id, c.num, c.sub_total_price, i.item_id, i.item_name, i.price, i.image FROM  cart c LEFT JOIN item i ON c.item_id = i.item_id  WHERE  c.mem_id = ? AND c.delete_flg = ?     [7,0]
[SQL_LOG:2020-12-10 15:40:18]: SELECT SUM(c.sub_total_price) AS totalPrice  FROM  cart c LEFT JOIN item i ON c.item_id = i.item_id  WHERE  c.mem_id = ? AND c.delete_flg = ?    [7,0]
[SQL_LOG:2020-12-10 15:40:18]: SELECT SUM(num) AS num  FROM  cart c  WHERE  c.mem_id = ? AND c.delete_flg = ?    [7,0]
[SQL_LOG:2020-12-10 15:40:22]: SELECT c.crt_id, c.num, c.sub_total_price, i.item_id, i.item_name, i.price, i.image FROM  cart c LEFT JOIN item i ON c.item_id = i.item_id  WHERE  c.mem_id = ? AND c.delete_flg = ?     [7,0]
[SQL_LOG:2020-12-10 15:40:22]: SELECT *  FROM  member  WHERE  mem_id = ?     [7]
[SQL_LOG:2020-12-10 15:40:22]: INSERT INTO orders (order_key,item_id,num,sub_total_price,mem_id,email,regist_date,delete_flg)VALUES(?,?,?,?,?,?,?,?) [axJlq5Eh4geGzRk,2,20,3000,7,tttvvvaken@gmail.com,2020-12-10 15:40:22,]
[SQL_LOG:2020-12-10 15:40:22]: UPDATE cart  SET delete_date =? ,delete_flg =?  WHERE  crt_id = ?  [2020-12-10 15:40:22,1,267]
[SQL_LOG:2020-12-10 15:40:22]: INSERT INTO orders (order_key,item_id,num,sub_total_price,mem_id,email,regist_date,delete_flg)VALUES(?,?,?,?,?,?,?,?) [axJlq5Eh4geGzRk,6,10,1000,7,tttvvvaken@gmail.com,2020-12-10 15:40:22,]
[SQL_LOG:2020-12-10 15:40:22]: UPDATE cart  SET delete_date =? ,delete_flg =?  WHERE  crt_id = ?  [2020-12-10 15:40:22,1,268]
[SQL_LOG:2020-12-10 15:43:33]: SELECT ctg_id, category_name  FROM  category     []
[SQL_LOG:2020-12-10 15:43:33]: SELECT item_id, item_name, price, image, ctg_id  FROM  item     []
[SQL_LOG:2020-12-10 15:43:52]: SELECT c.crt_id, c.num, c.sub_total_price, i.item_id, i.item_name, i.price, i.image FROM  cart c LEFT JOIN item i ON c.item_id = i.item_id  WHERE  c.mem_id = ? AND c.delete_flg = ?     [7,0]
[SQL_LOG:2020-12-10 15:43:52]: SELECT SUM(c.sub_total_price) AS totalPrice  FROM  cart c LEFT JOIN item i ON c.item_id = i.item_id  WHERE  c.mem_id = ? AND c.delete_flg = ?    [7,0]
[SQL_LOG:2020-12-10 15:43:52]: SELECT SUM(num) AS num  FROM  cart c  WHERE  c.mem_id = ? AND c.delete_flg = ?    [7,0]
[SQL_LOG:2020-12-10 15:43:54]: SELECT ctg_id, category_name  FROM  category     []
[SQL_LOG:2020-12-10 15:43:54]: SELECT item_id, item_name, price, image, ctg_id  FROM  item     []
[SQL_LOG:2020-12-10 15:43:56]: SELECT ctg_id, category_name  FROM  category     []
[SQL_LOG:2020-12-10 15:43:56]: SELECT item_id, item_name, detail, price, image, ctg_id FROM  item  WHERE  item_id = ?     [4]
[SQL_LOG:2020-12-10 15:43:56]: SELECT COUNT(*) AS NUM  FROM  likes  WHERE  item_id = ?     [4]
[SQL_LOG:2020-12-10 15:43:56]: SELECT *  FROM  likes  WHERE  item_id = ? AND mem_id = ?     [4,7]
[SQL_LOG:2020-12-10 15:44:02]: SELECT price  FROM  item  WHERE  item_id = ?     [4]
[SQL_LOG:2020-12-10 15:44:02]: INSERT INTO cart (mem_id,item_id,num,sub_total_price,regist_date)VALUES(?,?,?,?,?) [7,4,8,960,2020-12-10 15:44:02]
[SQL_LOG:2020-12-10 15:44:02]: SELECT c.crt_id, c.num, c.sub_total_price, i.item_id, i.item_name, i.price, i.image FROM  cart c LEFT JOIN item i ON c.item_id = i.item_id  WHERE  c.mem_id = ? AND c.delete_flg = ?     [7,0]
[SQL_LOG:2020-12-10 15:44:02]: SELECT SUM(c.sub_total_price) AS totalPrice  FROM  cart c LEFT JOIN item i ON c.item_id = i.item_id  WHERE  c.mem_id = ? AND c.delete_flg = ?    [7,0]
[SQL_LOG:2020-12-10 15:44:02]: SELECT SUM(num) AS num  FROM  cart c  WHERE  c.mem_id = ? AND c.delete_flg = ?    [7,0]
[SQL_LOG:2020-12-10 15:44:04]: SELECT c.crt_id, c.num, c.sub_total_price, i.item_id, i.item_name, i.price, i.image FROM  cart c LEFT JOIN item i ON c.item_id = i.item_id  WHERE  c.mem_id = ? AND c.delete_flg = ?     [7,0]
[SQL_LOG:2020-12-10 15:44:04]: SELECT SUM(c.sub_total_price) AS totalPrice  FROM  cart c LEFT JOIN item i ON c.item_id = i.item_id  WHERE  c.mem_id = ? AND c.delete_flg = ?    [7,0]
[SQL_LOG:2020-12-10 15:44:04]: SELECT SUM(num) AS num  FROM  cart c  WHERE  c.mem_id = ? AND c.delete_flg = ?    [7,0]
[SQL_LOG:2020-12-10 15:44:06]: SELECT c.crt_id, c.num, c.sub_total_price, i.item_id, i.item_name, i.price, i.image FROM  cart c LEFT JOIN item i ON c.item_id = i.item_id  WHERE  c.mem_id = ? AND c.delete_flg = ?     [7,0]
[SQL_LOG:2020-12-10 15:44:06]: SELECT *  FROM  member  WHERE  mem_id = ?     [7]
[SQL_LOG:2020-12-10 15:44:06]: INSERT INTO orders (order_key,item_id,num,sub_total_price,mem_id,email,regist_date,delete_flg)VALUES(?,?,?,?,?,?,?,?) [UTKlOZFCfsJXfN8,4,8,960,7,tttvvvaken@gmail.com,2020-12-10 15:44:06,]
[SQL_LOG:2020-12-10 15:44:06]: UPDATE cart  SET delete_date =? ,delete_flg =?  WHERE  crt_id = ?  [2020-12-10 15:44:06,1,269]
[SQL_LOG:2020-12-10 15:45:00]: SELECT *  FROM  member  WHERE  mem_id = ?     [7]
[SQL_LOG:2020-12-10 19:34:29]: SELECT ctg_id, category_name  FROM  category     []
[SQL_LOG:2020-12-10 19:34:29]: SELECT item_id, item_name, price, image, ctg_id  FROM  item     []
[SQL_LOG:2020-12-10 21:12:37]: SELECT ctg_id, category_name  FROM  category     []
[SQL_LOG:2020-12-10 21:12:37]: SELECT item_id, item_name, price, image, ctg_id  FROM  item     []
[SQL_LOG:2020-12-10 21:12:39]: SELECT *  FROM  member  WHERE  mem_id = ?     [7]
[SQL_LOG:2020-12-10 21:12:41]: SELECT ctg_id, category_name  FROM  category     []
[SQL_LOG:2020-12-10 21:12:41]: SELECT item_id, item_name, price, image, ctg_id  FROM  item     []
[SQL_LOG:2020-12-10 21:12:49]: SELECT *  FROM  member  WHERE  email = ?     [tttvvvaken@gmail.com]
[SQL_LOG:2020-12-10 21:13:31]: SELECT ctg_id, category_name  FROM  category     []
[SQL_LOG:2020-12-10 21:13:31]: SELECT item_id, item_name, price, image, ctg_id  FROM  item     []
[SQL_LOG:2020-12-10 21:14:27]: SELECT ctg_id, category_name  FROM  category     []
[SQL_LOG:2020-12-10 21:14:27]: SELECT item_id, item_name, price, image, ctg_id  FROM  item     []
[SQL_LOG:2020-12-10 21:15:28]: SELECT *  FROM  member  WHERE  email = ?     [tttvvvaken@gmail.com]
[SQL_LOG:2020-12-10 21:15:28]: SELECT session_key  FROM  loginsession  WHERE  mem_id = ?     [7]
[SQL_LOG:2020-12-10 21:15:28]: SELECT ctg_id, category_name  FROM  category     []
[SQL_LOG:2020-12-10 21:15:28]: SELECT item_id, item_name, price, image, ctg_id  FROM  item     []
[SQL_LOG:2020-12-10 21:15:34]: SELECT *  FROM  member  WHERE  mem_id = ?     [7]
