[SQL_LOG:2020-11-05 20:00:00]: SELECT ctg_id, category_name  FROM  category     []
[SQL_LOG:2020-11-05 20:00:00]: SELECT item_id, item_name, price, image, ctg_id  FROM  item     []
[SQL_LOG:2020-11-05 20:00:05]: SELECT *  FROM  member  WHERE  mem_id = ?     [7]
[SQL_LOG:2020-11-05 20:00:08]: SELECT ctg_id, category_name  FROM  category     []
[SQL_LOG:2020-11-05 20:00:08]: SELECT item_id, item_name, price, image, ctg_id  FROM  item     []
[SQL_LOG:2020-11-05 20:00:09]: SELECT ctg_id, category_name  FROM  category     []
[SQL_LOG:2020-11-05 20:00:09]: SELECT item_id, item_name, price, image, ctg_id  FROM  item  WHERE  ctg_id = ?     [1]
[SQL_LOG:2020-11-05 20:00:20]: SELECT *  FROM  member  WHERE  mem_id = ?     [7]
[SQL_LOG:2020-11-05 20:00:20]: INSERT INTO contact (subject,body,mem_id,user_id,email,regist_date,delete_flg)VALUES(?,?,?,?,?,?,?) [dっg,bfgひうhご,7,chemitaken,tttvvvaken@gmail.com,2020-11-05 20:00:20,]
[SQL_LOG:2020-11-05 20:00:22]: SELECT *  FROM  member  WHERE  mem_id = ?     [7]
[SQL_LOG:2020-11-05 21:58:22]: SELECT *  FROM  member  WHERE  mem_id = ?     [7]
[SQL_LOG:2020-11-05 21:58:22]: INSERT INTO contact (subject,body,mem_id,user_id,email,regist_date,delete_flg)VALUES(?,?,?,?,?,?,?) [今何時,そうね大体ね,7,chemitaken,tttvvvaken@gmail.com,2020-11-05 21:58:22,]
[SQL_LOG:2020-11-05 21:58:46]: SELECT *  FROM  member  WHERE  mem_id = ?     [7]
[SQL_LOG:2020-11-05 22:00:08]: SELECT *  FROM  member  WHERE  mem_id = ?     [7]
[SQL_LOG:2020-11-05 22:04:48]: SELECT *  FROM  member  WHERE  mem_id = ?     [7]
[SQL_LOG:2020-11-05 22:04:49]: SELECT *  FROM  member  WHERE  mem_id = ?     [7]
[SQL_LOG:2020-11-05 22:05:04]: SELECT *  FROM  member  WHERE  mem_id = ?     [7]
[SQL_LOG:2020-11-05 22:05:04]: INSERT INTO contact (subject,body,mem_id,user_id,email,regist_date,delete_flg)VALUES(?,?,?,?,?,?,?) [運kじょ,いえええい,7,chemitaken,tttvvvaken@gmail.com,2020-11-05 22:05:04,]
[SQL_LOG:2020-11-05 22:06:22]: SELECT ctg_id, category_name  FROM  category     []
[SQL_LOG:2020-11-05 22:06:22]: SELECT item_id, item_name, price, image, ctg_id  FROM  item     []
[SQL_LOG:2020-11-05 22:27:11]: SELECT *  FROM  member  WHERE  mem_id = ?     [7]
[SQL_LOG:2020-11-05 22:27:11]: INSERT INTO contact (subject,body,mem_id,user_id,email,regist_date,delete_flg)VALUES(?,?,?,?,?,?,?) [出来るかな,あーーーーー,7,chemitaken,tttvvvaken@gmail.com,2020-11-05 22:27:11,]
[SQL_LOG:2020-11-05 22:28:56]: SELECT *  FROM  member  WHERE  mem_id = ?     [7]
[SQL_LOG:2020-11-05 22:59:21]: SELECT ctg_id, category_name  FROM  category     []
[SQL_LOG:2020-11-05 22:59:21]: SELECT item_id, item_name, price, image, ctg_id  FROM  item     []
[SQL_LOG:2020-11-05 22:59:52]: SELECT ctg_id, category_name  FROM  category     []
[SQL_LOG:2020-11-05 22:59:52]: SELECT  item_id, item_name, price, image, ctg_id  FROM item WHERE  item_name LIKE ?     [%ka%]
[SQL_LOG:2020-11-05 23:04:30]: SELECT ctg_id, category_name  FROM  category     []
[SQL_LOG:2020-11-05 23:04:30]: SELECT item_id, item_name, price, image, ctg_id  FROM  item     []
[SQL_LOG:2020-11-05 23:04:51]: SELECT *  FROM  member  WHERE  mem_id = ?     [7]
[SQL_LOG:2020-11-05 23:04:51]: INSERT INTO contact (subject,body,mem_id,user_id,email,regist_date,delete_flg)VALUES(?,?,?,?,?,?,?) [おっさん,ヘーイ,7,chemitaken,tttvvvaken@gmail.com,2020-11-05 23:04:51,]
[SQL_LOG:2020-11-05 23:09:01]: SELECT ctg_id, category_name  FROM  category     []
[SQL_LOG:2020-11-05 23:09:01]: SELECT item_id, item_name, price, image, ctg_id  FROM  item     []
[SQL_LOG:2020-11-05 23:09:02]: SELECT c.crt_id, i.item_id, i.item_name, i.price, i.image FROM  cart c LEFT JOIN item i ON c.item_id = i.item_id  WHERE  c.customer_no = ? AND c.delete_flg = ?    [7,0]
[SQL_LOG:2020-11-05 23:09:02]: SELECT SUM(i.price) AS totalPrice  FROM  cart c LEFT JOIN item i ON c.item_id = i.item_id  WHERE  c.customer_no = ? AND c.delete_flg = ?    [7,0]
[SQL_LOG:2020-11-05 23:09:02]: SELECT SUM(num) AS num  FROM  cart c  WHERE  c.customer_no = ? AND c.delete_flg = ?    [7,0]
[SQL_LOG:2020-11-05 23:09:04]: SELECT *  FROM  member  WHERE  mem_id = ?     [7]
[SQL_LOG:2020-11-05 23:09:05]: SELECT mem_id, family_name, first_name, family_name_kana, first_name_kana, email, user_id, sex, traffic, regist_date, update_date  FROM  member     []
[SQL_LOG:2020-11-05 23:09:07]: SELECT c.crt_id, i.item_id, i.item_name, i.price, i.image FROM  cart c LEFT JOIN item i ON c.item_id = i.item_id  WHERE  c.customer_no = ? AND c.delete_flg = ?    [7,0]
[SQL_LOG:2020-11-05 23:09:07]: SELECT SUM(i.price) AS totalPrice  FROM  cart c LEFT JOIN item i ON c.item_id = i.item_id  WHERE  c.customer_no = ? AND c.delete_flg = ?    [7,0]
[SQL_LOG:2020-11-05 23:09:07]: SELECT SUM(num) AS num  FROM  cart c  WHERE  c.customer_no = ? AND c.delete_flg = ?    [7,0]
[SQL_LOG:2020-11-05 23:09:08]: SELECT ctg_id, category_name  FROM  category     []
[SQL_LOG:2020-11-05 23:09:08]: SELECT item_id, item_name, price, image, ctg_id  FROM  item     []
[SQL_LOG:2020-11-05 23:09:13]: SELECT *  FROM  member  WHERE  mem_id = ?     [7]
[SQL_LOG:2020-11-05 23:10:07]: SELECT *  FROM  member  WHERE  mem_id = ?     [7]
[SQL_LOG:2020-11-05 23:10:08]: SELECT ctg_id, category_name  FROM  category     []
[SQL_LOG:2020-11-05 23:10:08]: SELECT item_id, item_name, price, image, ctg_id  FROM  item     []
[SQL_LOG:2020-11-05 23:13:04]: SELECT *  FROM  member  WHERE  mem_id = ?     [7]
[SQL_LOG:2020-11-05 23:13:05]: SELECT ctg_id, category_name  FROM  category     []
[SQL_LOG:2020-11-05 23:13:05]: SELECT item_id, item_name, price, image, ctg_id  FROM  item     []
[SQL_LOG:2020-11-05 23:13:07]: SELECT ctg_id, category_name  FROM  category     []
[SQL_LOG:2020-11-05 23:13:07]: SELECT item_id, item_name, price, image, ctg_id  FROM  item     []
[SQL_LOG:2020-11-05 23:13:09]: SELECT mem_id, family_name, first_name, family_name_kana, first_name_kana, email, user_id, sex, traffic, regist_date, update_date  FROM  member     []
[SQL_LOG:2020-11-05 23:13:10]: SELECT *  FROM  member  WHERE  mem_id = ?     [7]
[SQL_LOG:2020-11-05 23:13:11]: SELECT *  FROM  member  WHERE  mem_id = ?     [7]
[SQL_LOG:2020-11-05 23:13:13]: SELECT *  FROM member WHERE  email = ?    LIMIT  1   [tttvvvaken@gmail.com]
[SQL_LOG:2020-11-05 23:13:21]: SELECT *  FROM member WHERE  email = ?    LIMIT  1   [tttvvvaken@gmail.co]
[SQL_LOG:2020-11-05 23:13:22]: SELECT ctg_id, category_name  FROM  category     []
[SQL_LOG:2020-11-05 23:13:22]: SELECT item_id, item_name, price, image, ctg_id  FROM  item     []
[SQL_LOG:2020-11-05 23:13:29]: SELECT ctg_id, category_name  FROM  category     []
[SQL_LOG:2020-11-05 23:13:29]: SELECT item_id, item_name, detail, price, image, ctg_id FROM  item  WHERE  item_id = ?     [1]
[SQL_LOG:2020-11-05 23:13:29]: SELECT COUNT(*) AS NUM  FROM  likes  WHERE  item_id = ?     [1]
[SQL_LOG:2020-11-05 23:13:29]: SELECT *  FROM  likes  WHERE  item_id = ? AND mem_id = ?     [1,7]
[SQL_LOG:2020-11-05 23:13:32]: SELECT ctg_id, category_name  FROM  category     []
[SQL_LOG:2020-11-05 23:13:32]: SELECT item_id, item_name, price, image, ctg_id  FROM  item     []
[SQL_LOG:2020-11-05 23:13:36]: SELECT ctg_id, category_name  FROM  category     []
[SQL_LOG:2020-11-05 23:13:36]: SELECT item_id, item_name, detail, price, image, ctg_id FROM  item  WHERE  item_id = ?     [2]
[SQL_LOG:2020-11-05 23:13:36]: SELECT COUNT(*) AS NUM  FROM  likes  WHERE  item_id = ?     [2]
[SQL_LOG:2020-11-05 23:13:36]: SELECT *  FROM  likes  WHERE  item_id = ? AND mem_id = ?     [2,7]
[SQL_LOG:2020-11-05 23:14:31]: SELECT ctg_id, category_name  FROM  category     []
[SQL_LOG:2020-11-05 23:14:31]: SELECT item_id, item_name, detail, price, image, ctg_id FROM  item  WHERE  item_id = ?     [2]
[SQL_LOG:2020-11-05 23:14:31]: SELECT COUNT(*) AS NUM  FROM  likes  WHERE  item_id = ?     [2]
[SQL_LOG:2020-11-05 23:14:31]: SELECT *  FROM  likes  WHERE  item_id = ? AND mem_id = ?     [2,7]
[SQL_LOG:2020-11-05 23:14:33]: SELECT *  FROM  likes  WHERE  item_id = ? AND mem_id = ?     [2,7]
[SQL_LOG:2020-11-05 23:14:33]: INSERT INTO likes (item_id,mem_id,regist_date)VALUES(?,?,?) [2,7,2020-11-05 23:14:33]
[SQL_LOG:2020-11-05 23:14:42]: SELECT *  FROM  likes  WHERE  item_id = ? AND mem_id = ?     [2,7]
[SQL_LOG:2020-11-05 23:14:42]: DELETE FROM likes WHERE item_id = ? AND mem_id = ?  [2,7]
[SQL_LOG:2020-11-05 23:15:48]: SELECT *  FROM  likes  WHERE  item_id = ? AND mem_id = ?     [2,7]
[SQL_LOG:2020-11-05 23:15:48]: INSERT INTO likes (item_id,mem_id,regist_date)VALUES(?,?,?) [2,7,2020-11-05 23:15:48]
[SQL_LOG:2020-11-05 23:16:05]: SELECT *  FROM  likes  WHERE  item_id = ? AND mem_id = ?     [2,7]
[SQL_LOG:2020-11-05 23:16:05]: DELETE FROM likes WHERE item_id = ? AND mem_id = ?  [2,7]
[SQL_LOG:2020-11-05 23:16:08]: SELECT *  FROM  likes  WHERE  item_id = ? AND mem_id = ?     [2,7]
[SQL_LOG:2020-11-05 23:16:08]: INSERT INTO likes (item_id,mem_id,regist_date)VALUES(?,?,?) [2,7,2020-11-05 23:16:08]
[SQL_LOG:2020-11-05 23:17:39]: SELECT *  FROM  member  WHERE  mem_id = ?     [7]
[SQL_LOG:2020-11-05 23:17:41]: SELECT ctg_id, category_name  FROM  category     []
[SQL_LOG:2020-11-05 23:17:41]: SELECT item_id, item_name, price, image, ctg_id  FROM  item     []
[SQL_LOG:2020-11-05 23:17:42]: SELECT ctg_id, category_name  FROM  category     []
[SQL_LOG:2020-11-05 23:17:42]: SELECT item_id, item_name, detail, price, image, ctg_id FROM  item  WHERE  item_id = ?     [1]
[SQL_LOG:2020-11-05 23:17:42]: SELECT COUNT(*) AS NUM  FROM  likes  WHERE  item_id = ?     [1]
[SQL_LOG:2020-11-05 23:17:42]: SELECT *  FROM  likes  WHERE  item_id = ? AND mem_id = ?     [1,7]
[SQL_LOG:2020-11-05 23:17:44]: SELECT *  FROM  likes  WHERE  item_id = ? AND mem_id = ?     [1,7]
[SQL_LOG:2020-11-05 23:17:44]: DELETE FROM likes WHERE item_id = ? AND mem_id = ?  [1,7]
[SQL_LOG:2020-11-05 23:17:44]: SELECT COUNT(*) AS NUM  FROM  likes  WHERE  item_id = ?     [1]
[SQL_LOG:2020-11-05 23:17:48]: SELECT *  FROM  likes  WHERE  item_id = ? AND mem_id = ?     [1,7]
[SQL_LOG:2020-11-05 23:17:48]: INSERT INTO likes (item_id,mem_id,regist_date)VALUES(?,?,?) [1,7,2020-11-05 23:17:48]
[SQL_LOG:2020-11-05 23:17:48]: SELECT COUNT(*) AS NUM  FROM  likes  WHERE  item_id = ?     [1]
[SQL_LOG:2020-11-05 23:17:57]: SELECT ctg_id, category_name  FROM  category     []
[SQL_LOG:2020-11-05 23:17:57]: SELECT item_id, item_name, price, image, ctg_id  FROM  item  WHERE  ctg_id = ?     [1]
[SQL_LOG:2020-11-05 23:17:59]: SELECT ctg_id, category_name  FROM  category     []
[SQL_LOG:2020-11-05 23:17:59]: SELECT item_id, item_name, detail, price, image, ctg_id FROM  item  WHERE  item_id = ?     [2]
[SQL_LOG:2020-11-05 23:17:59]: SELECT COUNT(*) AS NUM  FROM  likes  WHERE  item_id = ?     [2]
[SQL_LOG:2020-11-05 23:17:59]: SELECT *  FROM  likes  WHERE  item_id = ? AND mem_id = ?     [2,7]
[SQL_LOG:2020-11-05 23:18:00]: SELECT *  FROM  likes  WHERE  item_id = ? AND mem_id = ?     [2,7]
[SQL_LOG:2020-11-05 23:18:00]: DELETE FROM likes WHERE item_id = ? AND mem_id = ?  [2,7]
[SQL_LOG:2020-11-05 23:18:00]: SELECT COUNT(*) AS NUM  FROM  likes  WHERE  item_id = ?     [2]
[SQL_LOG:2020-11-05 23:18:03]: SELECT *  FROM  likes  WHERE  item_id = ? AND mem_id = ?     [2,7]
[SQL_LOG:2020-11-05 23:18:03]: INSERT INTO likes (item_id,mem_id,regist_date)VALUES(?,?,?) [2,7,2020-11-05 23:18:03]
[SQL_LOG:2020-11-05 23:18:03]: SELECT COUNT(*) AS NUM  FROM  likes  WHERE  item_id = ?     [2]
[SQL_LOG:2020-11-05 23:18:05]: SELECT *  FROM  likes  WHERE  item_id = ? AND mem_id = ?     [2,7]
[SQL_LOG:2020-11-05 23:18:05]: DELETE FROM likes WHERE item_id = ? AND mem_id = ?  [2,7]
[SQL_LOG:2020-11-05 23:18:05]: SELECT COUNT(*) AS NUM  FROM  likes  WHERE  item_id = ?     [2]
[SQL_LOG:2020-11-05 23:18:10]: SELECT ctg_id, category_name  FROM  category     []
[SQL_LOG:2020-11-05 23:18:10]: SELECT item_id, item_name, price, image, ctg_id  FROM  item  WHERE  ctg_id = ?     [2]
[SQL_LOG:2020-11-05 23:18:12]: SELECT ctg_id, category_name  FROM  category     []
[SQL_LOG:2020-11-05 23:18:12]: SELECT item_id, item_name, detail, price, image, ctg_id FROM  item  WHERE  item_id = ?     [6]
[SQL_LOG:2020-11-05 23:18:12]: SELECT COUNT(*) AS NUM  FROM  likes  WHERE  item_id = ?     [6]
[SQL_LOG:2020-11-05 23:18:12]: SELECT *  FROM  likes  WHERE  item_id = ? AND mem_id = ?     [6,7]
[SQL_LOG:2020-11-05 23:18:14]: SELECT *  FROM  likes  WHERE  item_id = ? AND mem_id = ?     [6,7]
[SQL_LOG:2020-11-05 23:18:14]: INSERT INTO likes (item_id,mem_id,regist_date)VALUES(?,?,?) [6,7,2020-11-05 23:18:14]
[SQL_LOG:2020-11-05 23:18:14]: SELECT COUNT(*) AS NUM  FROM  likes  WHERE  item_id = ?     [6]
[SQL_LOG:2020-11-05 23:18:16]: SELECT *  FROM  likes  WHERE  item_id = ? AND mem_id = ?     [6,7]
[SQL_LOG:2020-11-05 23:18:16]: DELETE FROM likes WHERE item_id = ? AND mem_id = ?  [6,7]
[SQL_LOG:2020-11-05 23:18:16]: SELECT COUNT(*) AS NUM  FROM  likes  WHERE  item_id = ?     [6]
[SQL_LOG:2020-11-05 23:18:19]: SELECT *  FROM  likes  WHERE  item_id = ? AND mem_id = ?     [6,7]
[SQL_LOG:2020-11-05 23:18:19]: INSERT INTO likes (item_id,mem_id,regist_date)VALUES(?,?,?) [6,7,2020-11-05 23:18:19]
[SQL_LOG:2020-11-05 23:18:19]: SELECT COUNT(*) AS NUM  FROM  likes  WHERE  item_id = ?     [6]
[SQL_LOG:2020-11-05 23:18:23]: SELECT *  FROM  likes  WHERE  item_id = ? AND mem_id = ?     [6,7]
[SQL_LOG:2020-11-05 23:18:23]: DELETE FROM likes WHERE item_id = ? AND mem_id = ?  [6,7]
[SQL_LOG:2020-11-05 23:18:23]: SELECT COUNT(*) AS NUM  FROM  likes  WHERE  item_id = ?     [6]
[SQL_LOG:2020-11-05 23:18:25]: SELECT ctg_id, category_name  FROM  category     []
[SQL_LOG:2020-11-05 23:18:25]: SELECT item_id, item_name, price, image, ctg_id  FROM  item     []
[SQL_LOG:2020-11-05 23:18:26]: SELECT ctg_id, category_name  FROM  category     []
[SQL_LOG:2020-11-05 23:18:26]: SELECT item_id, item_name, detail, price, image, ctg_id FROM  item  WHERE  item_id = ?     [1]
[SQL_LOG:2020-11-05 23:18:26]: SELECT COUNT(*) AS NUM  FROM  likes  WHERE  item_id = ?     [1]
[SQL_LOG:2020-11-05 23:18:26]: SELECT *  FROM  likes  WHERE  item_id = ? AND mem_id = ?     [1,7]
[SQL_LOG:2020-11-05 23:18:27]: SELECT *  FROM  likes  WHERE  item_id = ? AND mem_id = ?     [1,7]
[SQL_LOG:2020-11-05 23:18:27]: DELETE FROM likes WHERE item_id = ? AND mem_id = ?  [1,7]
[SQL_LOG:2020-11-05 23:18:27]: SELECT COUNT(*) AS NUM  FROM  likes  WHERE  item_id = ?     [1]
[SQL_LOG:2020-11-05 23:18:31]: SELECT *  FROM  likes  WHERE  item_id = ? AND mem_id = ?     [1,7]
[SQL_LOG:2020-11-05 23:18:31]: INSERT INTO likes (item_id,mem_id,regist_date)VALUES(?,?,?) [1,7,2020-11-05 23:18:31]
[SQL_LOG:2020-11-05 23:18:31]: SELECT COUNT(*) AS NUM  FROM  likes  WHERE  item_id = ?     [1]
[SQL_LOG:2020-11-05 23:19:54]: SELECT *  FROM  likes  WHERE  item_id = ? AND mem_id = ?     [1,7]
[SQL_LOG:2020-11-05 23:19:54]: DELETE FROM likes WHERE item_id = ? AND mem_id = ?  [1,7]
[SQL_LOG:2020-11-05 23:19:54]: SELECT COUNT(*) AS NUM  FROM  likes  WHERE  item_id = ?     [1]
[SQL_LOG:2020-11-05 23:19:57]: SELECT *  FROM  likes  WHERE  item_id = ? AND mem_id = ?     [1,7]
[SQL_LOG:2020-11-05 23:19:57]: INSERT INTO likes (item_id,mem_id,regist_date)VALUES(?,?,?) [1,7,2020-11-05 23:19:57]
[SQL_LOG:2020-11-05 23:19:57]: SELECT COUNT(*) AS NUM  FROM  likes  WHERE  item_id = ?     [1]
[SQL_LOG:2020-11-05 23:20:01]: SELECT ctg_id, category_name  FROM  category     []
[SQL_LOG:2020-11-05 23:20:01]: SELECT item_id, item_name, price, image, ctg_id  FROM  item     []
[SQL_LOG:2020-11-05 23:20:03]: SELECT ctg_id, category_name  FROM  category     []
[SQL_LOG:2020-11-05 23:20:03]: SELECT item_id, item_name, detail, price, image, ctg_id FROM  item  WHERE  item_id = ?     [2]
[SQL_LOG:2020-11-05 23:20:03]: SELECT COUNT(*) AS NUM  FROM  likes  WHERE  item_id = ?     [2]
[SQL_LOG:2020-11-05 23:20:03]: SELECT *  FROM  likes  WHERE  item_id = ? AND mem_id = ?     [2,7]
[SQL_LOG:2020-11-05 23:20:05]: SELECT *  FROM  likes  WHERE  item_id = ? AND mem_id = ?     [2,7]
[SQL_LOG:2020-11-05 23:20:05]: INSERT INTO likes (item_id,mem_id,regist_date)VALUES(?,?,?) [2,7,2020-11-05 23:20:05]
[SQL_LOG:2020-11-05 23:20:05]: SELECT COUNT(*) AS NUM  FROM  likes  WHERE  item_id = ?     [2]
[SQL_LOG:2020-11-05 23:22:50]: SELECT ctg_id, category_name  FROM  category     []
[SQL_LOG:2020-11-05 23:22:50]: SELECT item_id, item_name, detail, price, image, ctg_id FROM  item  WHERE  item_id = ?     [2]
[SQL_LOG:2020-11-05 23:22:50]: SELECT COUNT(*) AS NUM  FROM  likes  WHERE  item_id = ?     [2]
[SQL_LOG:2020-11-05 23:22:50]: SELECT *  FROM  likes  WHERE  item_id = ? AND mem_id = ?     [2,7]
[SQL_LOG:2020-11-05 23:22:52]: SELECT *  FROM  likes  WHERE  item_id = ? AND mem_id = ?     [2,7]
[SQL_LOG:2020-11-05 23:22:52]: DELETE FROM likes WHERE item_id = ? AND mem_id = ?  [2,7]
[SQL_LOG:2020-11-05 23:22:52]: SELECT COUNT(*) AS NUM  FROM  likes  WHERE  item_id = ?     [2]
[SQL_LOG:2020-11-05 23:22:55]: SELECT ctg_id, category_name  FROM  category     []
[SQL_LOG:2020-11-05 23:22:55]: SELECT item_id, item_name, price, image, ctg_id  FROM  item     []
[SQL_LOG:2020-11-05 23:22:56]: SELECT ctg_id, category_name  FROM  category     []
[SQL_LOG:2020-11-05 23:22:56]: SELECT item_id, item_name, detail, price, image, ctg_id FROM  item  WHERE  item_id = ?     [1]
[SQL_LOG:2020-11-05 23:22:56]: SELECT COUNT(*) AS NUM  FROM  likes  WHERE  item_id = ?     [1]
[SQL_LOG:2020-11-05 23:22:56]: SELECT *  FROM  likes  WHERE  item_id = ? AND mem_id = ?     [1,7]
[SQL_LOG:2020-11-05 23:23:04]: SELECT *  FROM  member  WHERE  mem_id = ?     [7]
[SQL_LOG:2020-11-05 23:23:06]: SELECT ctg_id, category_name  FROM  category     []
[SQL_LOG:2020-11-05 23:23:06]: SELECT item_id, item_name, price, image, ctg_id  FROM  item     []
[SQL_LOG:2020-11-05 23:23:07]: SELECT ctg_id, category_name  FROM  category     []
[SQL_LOG:2020-11-05 23:23:07]: SELECT item_id, item_name, detail, price, image, ctg_id FROM  item  WHERE  item_id = ?     [1]
[SQL_LOG:2020-11-05 23:23:07]: SELECT COUNT(*) AS NUM  FROM  likes  WHERE  item_id = ?     [1]
[SQL_LOG:2020-11-05 23:23:07]: SELECT *  FROM  likes  WHERE  item_id = ? AND mem_id = ?     [1,7]
[SQL_LOG:2020-11-05 23:23:09]: SELECT *  FROM  likes  WHERE  item_id = ? AND mem_id = ?     [1,7]
[SQL_LOG:2020-11-05 23:23:09]: DELETE FROM likes WHERE item_id = ? AND mem_id = ?  [1,7]
[SQL_LOG:2020-11-05 23:23:09]: SELECT COUNT(*) AS NUM  FROM  likes  WHERE  item_id = ?     [1]
[SQL_LOG:2020-11-05 23:23:12]: SELECT ctg_id, category_name  FROM  category     []
[SQL_LOG:2020-11-05 23:23:12]: SELECT item_id, item_name, price, image, ctg_id  FROM  item  WHERE  ctg_id = ?     [3]
[SQL_LOG:2020-11-05 23:23:15]: SELECT ctg_id, category_name  FROM  category     []
[SQL_LOG:2020-11-05 23:23:15]: SELECT item_id, item_name, detail, price, image, ctg_id FROM  item  WHERE  item_id = ?     [10]
[SQL_LOG:2020-11-05 23:23:15]: SELECT COUNT(*) AS NUM  FROM  likes  WHERE  item_id = ?     [10]
[SQL_LOG:2020-11-05 23:23:15]: SELECT *  FROM  likes  WHERE  item_id = ? AND mem_id = ?     [10,7]
[SQL_LOG:2020-11-05 23:25:40]: SELECT ctg_id, category_name  FROM  category     []
[SQL_LOG:2020-11-05 23:25:40]: SELECT item_id, item_name, price, image, ctg_id  FROM  item     []
[SQL_LOG:2020-11-05 23:25:43]: SELECT ctg_id, category_name  FROM  category     []
[SQL_LOG:2020-11-05 23:25:43]: SELECT item_id, item_name, detail, price, image, ctg_id FROM  item  WHERE  item_id = ?     [1]
[SQL_LOG:2020-11-05 23:25:43]: SELECT COUNT(*) AS NUM  FROM  likes  WHERE  item_id = ?     [1]
[SQL_LOG:2020-11-05 23:25:43]: SELECT *  FROM  likes  WHERE  item_id = ? AND mem_id = ?     [1,7]
[SQL_LOG:2020-11-05 23:25:45]: SELECT ctg_id, category_name  FROM  category     []
[SQL_LOG:2020-11-05 23:25:45]: SELECT item_id, item_name, price, image, ctg_id  FROM  item  WHERE  ctg_id = ?     [2]
[SQL_LOG:2020-11-05 23:25:47]: SELECT ctg_id, category_name  FROM  category     []
[SQL_LOG:2020-11-05 23:25:47]: SELECT item_id, item_name, detail, price, image, ctg_id FROM  item  WHERE  item_id = ?     [5]
[SQL_LOG:2020-11-05 23:25:47]: SELECT COUNT(*) AS NUM  FROM  likes  WHERE  item_id = ?     [5]
[SQL_LOG:2020-11-05 23:25:47]: SELECT *  FROM  likes  WHERE  item_id = ? AND mem_id = ?     [5,7]
[SQL_LOG:2020-11-05 23:25:48]: SELECT *  FROM  likes  WHERE  item_id = ? AND mem_id = ?     [5,7]
[SQL_LOG:2020-11-05 23:25:48]: DELETE FROM likes WHERE item_id = ? AND mem_id = ?  [5,7]
[SQL_LOG:2020-11-05 23:25:48]: SELECT COUNT(*) AS NUM  FROM  likes  WHERE  item_id = ?     [5]
[SQL_LOG:2020-11-05 23:26:36]: SELECT *  FROM  member  WHERE  mem_id = ?     [7]
[SQL_LOG:2020-11-05 23:26:38]: SELECT ctg_id, category_name  FROM  category     []
[SQL_LOG:2020-11-05 23:26:38]: SELECT item_id, item_name, price, image, ctg_id  FROM  item     []
[SQL_LOG:2020-11-05 23:26:39]: SELECT ctg_id, category_name  FROM  category     []
[SQL_LOG:2020-11-05 23:26:39]: SELECT item_id, item_name, price, image, ctg_id  FROM  item  WHERE  ctg_id = ?     [3]
[SQL_LOG:2020-11-05 23:26:40]: SELECT ctg_id, category_name  FROM  category     []
[SQL_LOG:2020-11-05 23:26:40]: SELECT item_id, item_name, detail, price, image, ctg_id FROM  item  WHERE  item_id = ?     [9]
[SQL_LOG:2020-11-05 23:26:40]: SELECT COUNT(*) AS NUM  FROM  likes  WHERE  item_id = ?     [9]
[SQL_LOG:2020-11-05 23:26:40]: SELECT *  FROM  likes  WHERE  item_id = ? AND mem_id = ?     [9,7]
[SQL_LOG:2020-11-05 23:26:42]: SELECT *  FROM  likes  WHERE  item_id = ? AND mem_id = ?     [9,7]
[SQL_LOG:2020-11-05 23:26:42]: INSERT INTO likes (item_id,mem_id,regist_date)VALUES(?,?,?) [9,7,2020-11-05 23:26:42]
[SQL_LOG:2020-11-05 23:26:42]: SELECT COUNT(*) AS NUM  FROM  likes  WHERE  item_id = ?     [9]
[SQL_LOG:2020-11-05 23:27:05]: SELECT ctg_id, category_name  FROM  category     []
[SQL_LOG:2020-11-05 23:27:05]: SELECT item_id, item_name, price, image, ctg_id  FROM  item     []
[SQL_LOG:2020-11-05 23:27:06]: SELECT ctg_id, category_name  FROM  category     []
[SQL_LOG:2020-11-05 23:27:06]: SELECT item_id, item_name, price, image, ctg_id  FROM  item     []
[SQL_LOG:2020-11-05 23:27:08]: SELECT ctg_id, category_name  FROM  category     []
[SQL_LOG:2020-11-05 23:27:08]: SELECT item_id, item_name, detail, price, image, ctg_id FROM  item  WHERE  item_id = ?     [1]
[SQL_LOG:2020-11-05 23:27:08]: SELECT COUNT(*) AS NUM  FROM  likes  WHERE  item_id = ?     [1]
[SQL_LOG:2020-11-05 23:27:08]: SELECT *  FROM  likes  WHERE  item_id = ? AND mem_id = ?     [1,7]
[SQL_LOG:2020-11-05 23:27:09]: SELECT *  FROM  likes  WHERE  item_id = ? AND mem_id = ?     [1,7]
[SQL_LOG:2020-11-05 23:27:09]: INSERT INTO likes (item_id,mem_id,regist_date)VALUES(?,?,?) [1,7,2020-11-05 23:27:09]
[SQL_LOG:2020-11-05 23:27:09]: SELECT COUNT(*) AS NUM  FROM  likes  WHERE  item_id = ?     [1]
[SQL_LOG:2020-11-05 23:27:31]: SELECT ctg_id, category_name  FROM  category     []
[SQL_LOG:2020-11-05 23:27:31]: SELECT item_id, item_name, detail, price, image, ctg_id FROM  item  WHERE  item_id = ?     [1]
[SQL_LOG:2020-11-05 23:27:31]: SELECT COUNT(*) AS NUM  FROM  likes  WHERE  item_id = ?     [1]
[SQL_LOG:2020-11-05 23:27:31]: SELECT *  FROM  likes  WHERE  item_id = ? AND mem_id = ?     [1,7]
[SQL_LOG:2020-11-05 23:27:40]: SELECT ctg_id, category_name  FROM  category     []
[SQL_LOG:2020-11-05 23:27:40]: SELECT item_id, item_name, price, image, ctg_id  FROM  item  WHERE  ctg_id = ?     [1]
[SQL_LOG:2020-11-05 23:27:42]: SELECT ctg_id, category_name  FROM  category     []
[SQL_LOG:2020-11-05 23:27:42]: SELECT item_id, item_name, detail, price, image, ctg_id FROM  item  WHERE  item_id = ?     [1]
[SQL_LOG:2020-11-05 23:27:42]: SELECT COUNT(*) AS NUM  FROM  likes  WHERE  item_id = ?     [1]
[SQL_LOG:2020-11-05 23:27:42]: SELECT *  FROM  likes  WHERE  item_id = ? AND mem_id = ?     [1,7]
[SQL_LOG:2020-11-05 23:27:43]: SELECT *  FROM  likes  WHERE  item_id = ? AND mem_id = ?     [1,7]
[SQL_LOG:2020-11-05 23:27:43]: DELETE FROM likes WHERE item_id = ? AND mem_id = ?  [1,7]
[SQL_LOG:2020-11-05 23:27:43]: SELECT COUNT(*) AS NUM  FROM  likes  WHERE  item_id = ?     [1]
[SQL_LOG:2020-11-05 23:27:43]: SELECT *  FROM  likes  WHERE  item_id = ? AND mem_id = ?     [1,7]
[SQL_LOG:2020-11-05 23:27:43]: INSERT INTO likes (item_id,mem_id,regist_date)VALUES(?,?,?) [1,7,2020-11-05 23:27:43]
[SQL_LOG:2020-11-05 23:27:43]: SELECT COUNT(*) AS NUM  FROM  likes  WHERE  item_id = ?     [1]
[SQL_LOG:2020-11-05 23:27:44]: SELECT *  FROM  likes  WHERE  item_id = ? AND mem_id = ?     [1,7]
[SQL_LOG:2020-11-05 23:27:44]: DELETE FROM likes WHERE item_id = ? AND mem_id = ?  [1,7]
[SQL_LOG:2020-11-05 23:27:44]: SELECT COUNT(*) AS NUM  FROM  likes  WHERE  item_id = ?     [1]
[SQL_LOG:2020-11-05 23:27:45]: SELECT ctg_id, category_name  FROM  category     []
[SQL_LOG:2020-11-05 23:27:45]: SELECT item_id, item_name, price, image, ctg_id  FROM  item  WHERE  ctg_id = ?     [3]
[SQL_LOG:2020-11-05 23:27:47]: SELECT ctg_id, category_name  FROM  category     []
[SQL_LOG:2020-11-05 23:27:47]: SELECT item_id, item_name, detail, price, image, ctg_id FROM  item  WHERE  item_id = ?     [10]
[SQL_LOG:2020-11-05 23:27:47]: SELECT COUNT(*) AS NUM  FROM  likes  WHERE  item_id = ?     [10]
[SQL_LOG:2020-11-05 23:27:47]: SELECT *  FROM  likes  WHERE  item_id = ? AND mem_id = ?     [10,7]
[SQL_LOG:2020-11-05 23:27:49]: SELECT *  FROM  likes  WHERE  item_id = ? AND mem_id = ?     [10,7]
[SQL_LOG:2020-11-05 23:27:49]: INSERT INTO likes (item_id,mem_id,regist_date)VALUES(?,?,?) [10,7,2020-11-05 23:27:49]
[SQL_LOG:2020-11-05 23:27:49]: SELECT COUNT(*) AS NUM  FROM  likes  WHERE  item_id = ?     [10]
[SQL_LOG:2020-11-05 23:27:49]: SELECT *  FROM  likes  WHERE  item_id = ? AND mem_id = ?     [10,7]
[SQL_LOG:2020-11-05 23:27:49]: DELETE FROM likes WHERE item_id = ? AND mem_id = ?  [10,7]
[SQL_LOG:2020-11-05 23:27:49]: SELECT COUNT(*) AS NUM  FROM  likes  WHERE  item_id = ?     [10]
[SQL_LOG:2020-11-05 23:30:26]: SELECT ctg_id, category_name  FROM  category     []
[SQL_LOG:2020-11-05 23:30:26]: SELECT item_id, item_name, price, image, ctg_id  FROM  item     []
[SQL_LOG:2020-11-05 23:30:28]: SELECT ctg_id, category_name  FROM  category     []
[SQL_LOG:2020-11-05 23:30:28]: SELECT item_id, item_name, price, image, ctg_id  FROM  item  WHERE  ctg_id = ?     [1]
[SQL_LOG:2020-11-05 23:30:29]: SELECT ctg_id, category_name  FROM  category     []
[SQL_LOG:2020-11-05 23:30:29]: SELECT item_id, item_name, price, image, ctg_id  FROM  item  WHERE  ctg_id = ?     [2]
[SQL_LOG:2020-11-05 23:30:32]: SELECT ctg_id, category_name  FROM  category     []
[SQL_LOG:2020-11-05 23:30:32]: SELECT item_id, item_name, detail, price, image, ctg_id FROM  item  WHERE  item_id = ?     [7]
[SQL_LOG:2020-11-05 23:30:32]: SELECT COUNT(*) AS NUM  FROM  likes  WHERE  item_id = ?     [7]
[SQL_LOG:2020-11-05 23:30:32]: SELECT *  FROM  likes  WHERE  item_id = ? AND mem_id = ?     [7,7]
[SQL_LOG:2020-11-05 23:30:34]: SELECT *  FROM  likes  WHERE  item_id = ? AND mem_id = ?     [7,7]
[SQL_LOG:2020-11-05 23:30:34]: DELETE FROM likes WHERE item_id = ? AND mem_id = ?  [7,7]
[SQL_LOG:2020-11-05 23:30:34]: SELECT COUNT(*) AS NUM  FROM  likes  WHERE  item_id = ?     [7]
[SQL_LOG:2020-11-05 23:30:34]: SELECT *  FROM  likes  WHERE  item_id = ? AND mem_id = ?     [7,7]
[SQL_LOG:2020-11-05 23:30:34]: INSERT INTO likes (item_id,mem_id,regist_date)VALUES(?,?,?) [7,7,2020-11-05 23:30:34]
[SQL_LOG:2020-11-05 23:30:34]: SELECT COUNT(*) AS NUM  FROM  likes  WHERE  item_id = ?     [7]
[SQL_LOG:2020-11-05 23:30:36]: SELECT ctg_id, category_name  FROM  category     []
[SQL_LOG:2020-11-05 23:30:36]: SELECT item_id, item_name, price, image, ctg_id  FROM  item  WHERE  ctg_id = ?     [3]
[SQL_LOG:2020-11-05 23:30:39]: SELECT ctg_id, category_name  FROM  category     []
[SQL_LOG:2020-11-05 23:30:39]: SELECT item_id, item_name, detail, price, image, ctg_id FROM  item  WHERE  item_id = ?     [11]
[SQL_LOG:2020-11-05 23:30:39]: SELECT COUNT(*) AS NUM  FROM  likes  WHERE  item_id = ?     [11]
[SQL_LOG:2020-11-05 23:30:39]: SELECT *  FROM  likes  WHERE  item_id = ? AND mem_id = ?     [11,7]
[SQL_LOG:2020-11-05 23:30:40]: SELECT *  FROM  likes  WHERE  item_id = ? AND mem_id = ?     [11,7]
[SQL_LOG:2020-11-05 23:30:40]: INSERT INTO likes (item_id,mem_id,regist_date)VALUES(?,?,?) [11,7,2020-11-05 23:30:40]
[SQL_LOG:2020-11-05 23:30:40]: SELECT COUNT(*) AS NUM  FROM  likes  WHERE  item_id = ?     [11]
[SQL_LOG:2020-11-05 23:30:40]: SELECT *  FROM  likes  WHERE  item_id = ? AND mem_id = ?     [11,7]
[SQL_LOG:2020-11-05 23:30:40]: DELETE FROM likes WHERE item_id = ? AND mem_id = ?  [11,7]
[SQL_LOG:2020-11-05 23:30:40]: SELECT COUNT(*) AS NUM  FROM  likes  WHERE  item_id = ?     [11]
[SQL_LOG:2020-11-05 23:30:40]: SELECT *  FROM  likes  WHERE  item_id = ? AND mem_id = ?     [11,7]
[SQL_LOG:2020-11-05 23:30:40]: INSERT INTO likes (item_id,mem_id,regist_date)VALUES(?,?,?) [11,7,2020-11-05 23:30:40]
[SQL_LOG:2020-11-05 23:30:40]: SELECT COUNT(*) AS NUM  FROM  likes  WHERE  item_id = ?     [11]
[SQL_LOG:2020-11-05 23:30:41]: SELECT *  FROM  likes  WHERE  item_id = ? AND mem_id = ?     [11,7]
[SQL_LOG:2020-11-05 23:30:41]: DELETE FROM likes WHERE item_id = ? AND mem_id = ?  [11,7]
[SQL_LOG:2020-11-05 23:30:41]: SELECT COUNT(*) AS NUM  FROM  likes  WHERE  item_id = ?     [11]
[SQL_LOG:2020-11-05 23:30:41]: SELECT *  FROM  likes  WHERE  item_id = ? AND mem_id = ?     [11,7]
[SQL_LOG:2020-11-05 23:30:41]: INSERT INTO likes (item_id,mem_id,regist_date)VALUES(?,?,?) [11,7,2020-11-05 23:30:41]
[SQL_LOG:2020-11-05 23:30:41]: SELECT COUNT(*) AS NUM  FROM  likes  WHERE  item_id = ?     [11]
[SQL_LOG:2020-11-05 23:31:03]: SELECT ctg_id, category_name  FROM  category     []
[SQL_LOG:2020-11-05 23:31:03]: SELECT item_id, item_name, price, image, ctg_id  FROM  item  WHERE  ctg_id = ?     [3]
[SQL_LOG:2020-11-05 23:31:08]: SELECT ctg_id, category_name  FROM  category     []
[SQL_LOG:2020-11-05 23:31:08]: SELECT item_id, item_name, price, image, ctg_id  FROM  item  WHERE  ctg_id = ?     [3]
[SQL_LOG:2020-11-05 23:31:09]: SELECT ctg_id, category_name  FROM  category     []
[SQL_LOG:2020-11-05 23:31:09]: SELECT item_id, item_name, detail, price, image, ctg_id FROM  item  WHERE  item_id = ?     [9]
[SQL_LOG:2020-11-05 23:31:09]: SELECT COUNT(*) AS NUM  FROM  likes  WHERE  item_id = ?     [9]
[SQL_LOG:2020-11-05 23:31:09]: SELECT *  FROM  likes  WHERE  item_id = ? AND mem_id = ?     [9,7]
[SQL_LOG:2020-11-05 23:31:11]: SELECT *  FROM  likes  WHERE  item_id = ? AND mem_id = ?     [9,7]
[SQL_LOG:2020-11-05 23:31:11]: DELETE FROM likes WHERE item_id = ? AND mem_id = ?  [9,7]
[SQL_LOG:2020-11-05 23:31:11]: SELECT COUNT(*) AS NUM  FROM  likes  WHERE  item_id = ?     [9]
[SQL_LOG:2020-11-05 23:31:12]: SELECT *  FROM  likes  WHERE  item_id = ? AND mem_id = ?     [9,7]
[SQL_LOG:2020-11-05 23:31:12]: INSERT INTO likes (item_id,mem_id,regist_date)VALUES(?,?,?) [9,7,2020-11-05 23:31:12]
[SQL_LOG:2020-11-05 23:31:12]: SELECT COUNT(*) AS NUM  FROM  likes  WHERE  item_id = ?     [9]
[SQL_LOG:2020-11-05 23:31:14]: SELECT ctg_id, category_name  FROM  category     []
[SQL_LOG:2020-11-05 23:31:14]: SELECT item_id, item_name, price, image, ctg_id  FROM  item     []
[SQL_LOG:2020-11-05 23:31:15]: SELECT *  FROM  member  WHERE  mem_id = ?     [7]
[SQL_LOG:2020-11-05 23:36:54]: SELECT ctg_id, category_name  FROM  category     []
[SQL_LOG:2020-11-05 23:36:54]: SELECT item_id, item_name, price, image, ctg_id  FROM  item     []
[SQL_LOG:2020-11-05 23:36:56]: SELECT ctg_id, category_name  FROM  category     []
[SQL_LOG:2020-11-05 23:36:56]: SELECT item_id, item_name, detail, price, image, ctg_id FROM  item  WHERE  item_id = ?     [1]
[SQL_LOG:2020-11-05 23:36:56]: SELECT COUNT(*) AS NUM  FROM  likes  WHERE  item_id = ?     [1]
[SQL_LOG:2020-11-05 23:36:56]: SELECT *  FROM  likes  WHERE  item_id = ? AND mem_id = ?     [1,7]
[SQL_LOG:2020-11-05 23:36:58]: SELECT ctg_id, category_name  FROM  category     []
[SQL_LOG:2020-11-05 23:36:58]: SELECT item_id, item_name, price, image, ctg_id  FROM  item  WHERE  ctg_id = ?     [2]
[SQL_LOG:2020-11-05 23:37:04]: SELECT ctg_id, category_name  FROM  category     []
[SQL_LOG:2020-11-05 23:37:04]: SELECT item_id, item_name, price, image, ctg_id  FROM  item  WHERE  ctg_id = ?     [2]
[SQL_LOG:2020-11-05 23:37:09]: SELECT ctg_id, category_name  FROM  category     []
[SQL_LOG:2020-11-05 23:37:09]: SELECT item_id, item_name, price, image, ctg_id  FROM  item  WHERE  ctg_id = ?     [2]
[SQL_LOG:2020-11-05 23:37:10]: SELECT ctg_id, category_name  FROM  category     []
[SQL_LOG:2020-11-05 23:37:10]: SELECT item_id, item_name, price, image, ctg_id  FROM  item     []
[SQL_LOG:2020-11-05 23:37:12]: SELECT ctg_id, category_name  FROM  category     []
[SQL_LOG:2020-11-05 23:37:12]: SELECT item_id, item_name, detail, price, image, ctg_id FROM  item  WHERE  item_id = ?     [1]
[SQL_LOG:2020-11-05 23:37:12]: SELECT COUNT(*) AS NUM  FROM  likes  WHERE  item_id = ?     [1]
[SQL_LOG:2020-11-05 23:37:12]: SELECT *  FROM  likes  WHERE  item_id = ? AND mem_id = ?     [1,7]
[SQL_LOG:2020-11-05 23:37:14]: SELECT ctg_id, category_name  FROM  category     []
[SQL_LOG:2020-11-05 23:37:14]: SELECT item_id, item_name, price, image, ctg_id  FROM  item     []
[SQL_LOG:2020-11-05 23:37:16]: SELECT ctg_id, category_name  FROM  category     []
[SQL_LOG:2020-11-05 23:37:16]: SELECT item_id, item_name, detail, price, image, ctg_id FROM  item  WHERE  item_id = ?     [1]
[SQL_LOG:2020-11-05 23:37:16]: SELECT COUNT(*) AS NUM  FROM  likes  WHERE  item_id = ?     [1]
[SQL_LOG:2020-11-05 23:37:16]: SELECT *  FROM  likes  WHERE  item_id = ? AND mem_id = ?     [1,7]
[SQL_LOG:2020-11-05 23:37:17]: SELECT *  FROM  likes  WHERE  item_id = ? AND mem_id = ?     [1,7]
[SQL_LOG:2020-11-05 23:37:17]: INSERT INTO likes (item_id,mem_id,regist_date)VALUES(?,?,?) [1,7,2020-11-05 23:37:17]
[SQL_LOG:2020-11-05 23:37:17]: SELECT COUNT(*) AS NUM  FROM  likes  WHERE  item_id = ?     [1]
[SQL_LOG:2020-11-05 23:37:18]: SELECT *  FROM  likes  WHERE  item_id = ? AND mem_id = ?     [1,7]
[SQL_LOG:2020-11-05 23:37:18]: DELETE FROM likes WHERE item_id = ? AND mem_id = ?  [1,7]
[SQL_LOG:2020-11-05 23:37:18]: SELECT COUNT(*) AS NUM  FROM  likes  WHERE  item_id = ?     [1]
[SQL_LOG:2020-11-05 23:37:19]: SELECT *  FROM  likes  WHERE  item_id = ? AND mem_id = ?     [1,7]
[SQL_LOG:2020-11-05 23:37:19]: INSERT INTO likes (item_id,mem_id,regist_date)VALUES(?,?,?) [1,7,2020-11-05 23:37:19]
[SQL_LOG:2020-11-05 23:37:19]: SELECT COUNT(*) AS NUM  FROM  likes  WHERE  item_id = ?     [1]
[SQL_LOG:2020-11-05 23:37:20]: SELECT *  FROM  likes  WHERE  item_id = ? AND mem_id = ?     [1,7]
[SQL_LOG:2020-11-05 23:37:20]: DELETE FROM likes WHERE item_id = ? AND mem_id = ?  [1,7]
[SQL_LOG:2020-11-05 23:37:20]: SELECT COUNT(*) AS NUM  FROM  likes  WHERE  item_id = ?     [1]
[SQL_LOG:2020-11-05 23:37:22]: SELECT ctg_id, category_name  FROM  category     []
[SQL_LOG:2020-11-05 23:37:22]: SELECT item_id, item_name, price, image, ctg_id  FROM  item  WHERE  ctg_id = ?     [3]
[SQL_LOG:2020-11-05 23:37:24]: SELECT ctg_id, category_name  FROM  category     []
[SQL_LOG:2020-11-05 23:37:24]: SELECT item_id, item_name, detail, price, image, ctg_id FROM  item  WHERE  item_id = ?     [10]
[SQL_LOG:2020-11-05 23:37:24]: SELECT COUNT(*) AS NUM  FROM  likes  WHERE  item_id = ?     [10]
[SQL_LOG:2020-11-05 23:37:24]: SELECT *  FROM  likes  WHERE  item_id = ? AND mem_id = ?     [10,7]
[SQL_LOG:2020-11-05 23:37:26]: SELECT *  FROM  likes  WHERE  item_id = ? AND mem_id = ?     [10,7]
[SQL_LOG:2020-11-05 23:37:26]: INSERT INTO likes (item_id,mem_id,regist_date)VALUES(?,?,?) [10,7,2020-11-05 23:37:26]
[SQL_LOG:2020-11-05 23:37:26]: SELECT COUNT(*) AS NUM  FROM  likes  WHERE  item_id = ?     [10]
[SQL_LOG:2020-11-05 23:37:51]: SELECT ctg_id, category_name  FROM  category     []
[SQL_LOG:2020-11-05 23:37:51]: SELECT item_id, item_name, price, image, ctg_id  FROM  item  WHERE  ctg_id = ?     [1]
[SQL_LOG:2020-11-05 23:38:10]: SELECT ctg_id, category_name  FROM  category     []
[SQL_LOG:2020-11-05 23:38:10]: SELECT item_id, item_name, detail, price, image, ctg_id FROM  item  WHERE  item_id = ?     [2]
[SQL_LOG:2020-11-05 23:38:10]: SELECT COUNT(*) AS NUM  FROM  likes  WHERE  item_id = ?     [2]
[SQL_LOG:2020-11-05 23:38:10]: SELECT *  FROM  likes  WHERE  item_id = ? AND mem_id = ?     [2,7]
[SQL_LOG:2020-11-05 23:38:12]: SELECT *  FROM  likes  WHERE  item_id = ? AND mem_id = ?     [2,7]
[SQL_LOG:2020-11-05 23:38:12]: INSERT INTO likes (item_id,mem_id,regist_date)VALUES(?,?,?) [2,7,2020-11-05 23:38:12]
[SQL_LOG:2020-11-05 23:38:12]: SELECT COUNT(*) AS NUM  FROM  likes  WHERE  item_id = ?     [2]
[SQL_LOG:2020-11-05 23:38:13]: SELECT *  FROM  likes  WHERE  item_id = ? AND mem_id = ?     [2,7]
[SQL_LOG:2020-11-05 23:38:13]: DELETE FROM likes WHERE item_id = ? AND mem_id = ?  [2,7]
[SQL_LOG:2020-11-05 23:38:13]: SELECT COUNT(*) AS NUM  FROM  likes  WHERE  item_id = ?     [2]
[SQL_LOG:2020-11-05 23:38:14]: SELECT *  FROM  likes  WHERE  item_id = ? AND mem_id = ?     [2,7]
[SQL_LOG:2020-11-05 23:38:14]: INSERT INTO likes (item_id,mem_id,regist_date)VALUES(?,?,?) [2,7,2020-11-05 23:38:14]
[SQL_LOG:2020-11-05 23:38:14]: SELECT COUNT(*) AS NUM  FROM  likes  WHERE  item_id = ?     [2]
[SQL_LOG:2020-11-05 23:38:14]: SELECT *  FROM  likes  WHERE  item_id = ? AND mem_id = ?     [2,7]
[SQL_LOG:2020-11-05 23:38:14]: DELETE FROM likes WHERE item_id = ? AND mem_id = ?  [2,7]
[SQL_LOG:2020-11-05 23:38:14]: SELECT COUNT(*) AS NUM  FROM  likes  WHERE  item_id = ?     [2]
[SQL_LOG:2020-11-05 23:38:16]: SELECT ctg_id, category_name  FROM  category     []
[SQL_LOG:2020-11-05 23:38:16]: SELECT item_id, item_name, price, image, ctg_id  FROM  item     []
[SQL_LOG:2020-11-05 23:38:19]: SELECT ctg_id, category_name  FROM  category     []
[SQL_LOG:2020-11-05 23:38:19]: SELECT item_id, item_name, detail, price, image, ctg_id FROM  item  WHERE  item_id = ?     [3]
[SQL_LOG:2020-11-05 23:38:19]: SELECT COUNT(*) AS NUM  FROM  likes  WHERE  item_id = ?     [3]
[SQL_LOG:2020-11-05 23:38:19]: SELECT *  FROM  likes  WHERE  item_id = ? AND mem_id = ?     [3,7]
[SQL_LOG:2020-11-05 23:38:20]: SELECT *  FROM  likes  WHERE  item_id = ? AND mem_id = ?     [3,7]
[SQL_LOG:2020-11-05 23:38:20]: INSERT INTO likes (item_id,mem_id,regist_date)VALUES(?,?,?) [3,7,2020-11-05 23:38:20]
[SQL_LOG:2020-11-05 23:38:20]: SELECT COUNT(*) AS NUM  FROM  likes  WHERE  item_id = ?     [3]
[SQL_LOG:2020-11-05 23:38:22]: SELECT ctg_id, category_name  FROM  category     []
[SQL_LOG:2020-11-05 23:38:22]: SELECT item_id, item_name, detail, price, image, ctg_id FROM  item  WHERE  item_id = ?     [3]
[SQL_LOG:2020-11-05 23:38:22]: SELECT COUNT(*) AS NUM  FROM  likes  WHERE  item_id = ?     [3]
[SQL_LOG:2020-11-05 23:38:22]: SELECT *  FROM  likes  WHERE  item_id = ? AND mem_id = ?     [3,7]
[SQL_LOG:2020-11-05 23:50:49]: SELECT ctg_id, category_name  FROM  category     []
[SQL_LOG:2020-11-05 23:50:49]: SELECT item_id, item_name, price, image, ctg_id  FROM  item     []
