[SQL_LOG:2020-12-11 15:06:04]: SELECT ctg_id, category_name  FROM  category     []
[SQL_LOG:2020-12-11 15:06:04]: SELECT item_id, item_name, price, image, ctg_id  FROM  item     []
[SQL_LOG:2020-12-11 17:54:06]: SELECT ctg_id, category_name  FROM  category     []
[SQL_LOG:2020-12-11 17:54:06]: SELECT item_id, item_name, price, image, ctg_id  FROM  item     []
[SQL_LOG:2020-12-11 17:54:16]: SELECT *  FROM  member  WHERE  mem_id = ?     [7]
[SQL_LOG:2020-12-11 17:54:28]: SELECT ctg_id, category_name  FROM  category     []
[SQL_LOG:2020-12-11 17:54:28]: SELECT item_id, item_name, price, image, ctg_id  FROM  item     []
[SQL_LOG:2020-12-11 17:54:29]: SELECT ctg_id, category_name  FROM  category     []
[SQL_LOG:2020-12-11 17:54:29]: SELECT item_id, item_name, price, image, ctg_id  FROM  item     []
[SQL_LOG:2020-12-11 17:54:31]: SELECT ctg_id, category_name  FROM  category     []
[SQL_LOG:2020-12-11 17:54:31]: SELECT item_id, item_name, price, image, ctg_id  FROM  item     []
[SQL_LOG:2020-12-11 17:54:32]: SELECT ctg_id, category_name  FROM  category     []
[SQL_LOG:2020-12-11 17:54:32]: SELECT item_id, item_name, price, image, ctg_id  FROM  item     []
[SQL_LOG:2020-12-11 20:47:12]: SELECT ctg_id, category_name  FROM  category     []
[SQL_LOG:2020-12-11 20:47:12]: SELECT item_id, item_name, price, image, ctg_id  FROM  item     []
[SQL_LOG:2020-12-11 20:47:21]: SELECT ctg_id, category_name  FROM  category     []
[SQL_LOG:2020-12-11 20:47:21]: SELECT item_id, item_name, price, image, ctg_id  FROM  item     []
[SQL_LOG:2020-12-11 20:48:01]: SELECT *  FROM  member  WHERE  mem_id = ?     [7]
[SQL_LOG:2020-12-11 20:48:04]: SELECT ctg_id, category_name  FROM  category     []
[SQL_LOG:2020-12-11 20:48:04]: SELECT item_id, item_name, price, image, ctg_id  FROM  item     []
[SQL_LOG:2020-12-11 20:50:35]: SELECT ctg_id, category_name  FROM  category     []
[SQL_LOG:2020-12-11 20:50:35]: SELECT item_id, item_name, price, image, ctg_id  FROM  item     []
[SQL_LOG:2020-12-11 20:50:50]: SELECT ctg_id, category_name  FROM  category     []
[SQL_LOG:2020-12-11 20:50:50]: SELECT item_id, item_name, price, image, ctg_id  FROM  item     []
[SQL_LOG:2020-12-11 20:51:01]: SELECT ctg_id, category_name  FROM  category     []
[SQL_LOG:2020-12-11 20:51:01]: SELECT item_id, item_name, detail, price, image, ctg_id FROM  item  WHERE  item_id = ?     [1]
[SQL_LOG:2020-12-11 20:51:01]: SELECT COUNT(*) AS NUM  FROM  likes  WHERE  item_id = ?     [1]
[SQL_LOG:2020-12-11 20:51:01]: SELECT *  FROM  likes  WHERE  item_id = ? AND mem_id = ?     [1,7]
[SQL_LOG:2020-12-11 20:51:08]: SELECT price  FROM  item  WHERE  item_id = ?     [1]
[SQL_LOG:2020-12-11 20:51:08]: INSERT INTO cart (mem_id,item_id,num,sub_total_price,regist_date)VALUES(?,?,?,?,?) [7,1,10,1000,2020-12-11 20:51:08]
[SQL_LOG:2020-12-11 20:51:08]: SELECT c.crt_id, c.num, c.sub_total_price, i.item_id, i.item_name, i.price, i.image FROM  cart c LEFT JOIN item i ON c.item_id = i.item_id  WHERE  c.mem_id = ? AND c.delete_flg = ?     [7,0]
[SQL_LOG:2020-12-11 20:51:08]: SELECT SUM(c.sub_total_price) AS totalPrice  FROM  cart c LEFT JOIN item i ON c.item_id = i.item_id  WHERE  c.mem_id = ? AND c.delete_flg = ?    [7,0]
[SQL_LOG:2020-12-11 20:51:08]: SELECT SUM(num) AS num  FROM  cart c  WHERE  c.mem_id = ? AND c.delete_flg = ?    [7,0]
[SQL_LOG:2020-12-11 20:51:10]: SELECT c.crt_id, c.num, c.sub_total_price, i.item_id, i.item_name, i.price, i.image FROM  cart c LEFT JOIN item i ON c.item_id = i.item_id  WHERE  c.mem_id = ? AND c.delete_flg = ?     [7,0]
[SQL_LOG:2020-12-11 20:51:10]: SELECT SUM(c.sub_total_price) AS totalPrice  FROM  cart c LEFT JOIN item i ON c.item_id = i.item_id  WHERE  c.mem_id = ? AND c.delete_flg = ?    [7,0]
[SQL_LOG:2020-12-11 20:51:10]: SELECT SUM(num) AS num  FROM  cart c  WHERE  c.mem_id = ? AND c.delete_flg = ?    [7,0]
[SQL_LOG:2020-12-11 20:51:12]: SELECT c.crt_id, c.num, c.sub_total_price, i.item_id, i.item_name, i.price, i.image FROM  cart c LEFT JOIN item i ON c.item_id = i.item_id  WHERE  c.mem_id = ? AND c.delete_flg = ?     [7,0]
[SQL_LOG:2020-12-11 20:51:12]: SELECT *  FROM  member  WHERE  mem_id = ?     [7]
[SQL_LOG:2020-12-11 20:51:12]: INSERT INTO orders (order_key,item_id,num,sub_total_price,mem_id,email,regist_date,delete_flg)VALUES(?,?,?,?,?,?,?,?) [A1jvGtFotEQvhXu,1,10,1000,7,tttvvvaken@gmail.com,2020-12-11 20:51:12,]
[SQL_LOG:2020-12-11 20:51:12]: UPDATE cart  SET delete_date =? ,delete_flg =?  WHERE  crt_id = ?  [2020-12-11 20:51:12,1,270]
[SQL_LOG:2020-12-11 20:51:14]: SELECT *  FROM  member  WHERE  mem_id = ?     [7]
[SQL_LOG:2020-12-11 20:51:56]: SELECT *  FROM  member  WHERE  mem_id = ?     [7]
[SQL_LOG:2020-12-11 20:51:59]: SELECT *  FROM  member  WHERE  mem_id = ?     [7]
[SQL_LOG:2020-12-11 20:52:00]: SELECT c.crt_id, c.num, c.sub_total_price, i.item_id, i.item_name, i.price, i.image FROM  cart c LEFT JOIN item i ON c.item_id = i.item_id  WHERE  c.mem_id = ? AND c.delete_flg = ?     [7,0]
[SQL_LOG:2020-12-11 20:52:00]: SELECT SUM(c.sub_total_price) AS totalPrice  FROM  cart c LEFT JOIN item i ON c.item_id = i.item_id  WHERE  c.mem_id = ? AND c.delete_flg = ?    [7,0]
[SQL_LOG:2020-12-11 20:52:00]: SELECT SUM(num) AS num  FROM  cart c  WHERE  c.mem_id = ? AND c.delete_flg = ?    [7,0]
[SQL_LOG:2020-12-11 20:52:01]: SELECT c.crt_id, c.num, c.sub_total_price, i.item_id, i.item_name, i.price, i.image FROM  cart c LEFT JOIN item i ON c.item_id = i.item_id  WHERE  c.mem_id = ? AND c.delete_flg = ?     [7,0]
[SQL_LOG:2020-12-11 20:52:01]: SELECT SUM(c.sub_total_price) AS totalPrice  FROM  cart c LEFT JOIN item i ON c.item_id = i.item_id  WHERE  c.mem_id = ? AND c.delete_flg = ?    [7,0]
[SQL_LOG:2020-12-11 20:52:01]: SELECT SUM(num) AS num  FROM  cart c  WHERE  c.mem_id = ? AND c.delete_flg = ?    [7,0]
[SQL_LOG:2020-12-11 20:52:03]: SELECT ctg_id, category_name  FROM  category     []
[SQL_LOG:2020-12-11 20:52:03]: SELECT item_id, item_name, price, image, ctg_id  FROM  item     []
[SQL_LOG:2020-12-11 20:52:14]: SELECT *  FROM  member  WHERE  mem_id = ?     [7]
[SQL_LOG:2020-12-11 20:54:25]: SELECT ctg_id, category_name  FROM  category     []
[SQL_LOG:2020-12-11 20:54:25]: SELECT item_id, item_name, price, image, ctg_id  FROM  item     []
[SQL_LOG:2020-12-11 21:11:50]: SELECT ctg_id, category_name  FROM  category     []
[SQL_LOG:2020-12-11 21:11:50]: SELECT item_id, item_name, price, image, ctg_id  FROM  item     []
[SQL_LOG:2020-12-11 21:11:53]: SELECT ctg_id, category_name  FROM  category     []
[SQL_LOG:2020-12-11 21:11:53]: SELECT item_id, item_name, price, image, ctg_id  FROM  item     []
