[SQL_LOG:2020-11-27 08:47:25]: SELECT ctg_id, category_name  FROM  category     []
[SQL_LOG:2020-11-27 08:47:25]: SELECT item_id, item_name, price, image, ctg_id  FROM  item     []
[SQL_LOG:2020-11-27 08:47:32]: SELECT ctg_id, category_name  FROM  category     []
[SQL_LOG:2020-11-27 08:47:32]: SELECT item_id, item_name, detail, price, image, ctg_id FROM  item  WHERE  item_id = ?     [1]
[SQL_LOG:2020-11-27 08:47:32]: SELECT COUNT(*) AS NUM  FROM  likes  WHERE  item_id = ?     [1]
[SQL_LOG:2020-11-27 08:47:32]: SELECT *  FROM  likes  WHERE  item_id = ? AND mem_id = ?     [1,7]
[SQL_LOG:2020-11-27 08:47:33]: SELECT *  FROM  likes  WHERE  item_id = ? AND mem_id = ?     [1,7]
[SQL_LOG:2020-11-27 08:47:33]: INSERT INTO likes (item_id,mem_id,regist_date)VALUES(?,?,?) [1,7,2020-11-27 08:47:33]
[SQL_LOG:2020-11-27 08:47:33]: SELECT COUNT(*) AS NUM  FROM  likes  WHERE  item_id = ?     [1]
[SQL_LOG:2020-11-27 08:47:34]: SELECT *  FROM  likes  WHERE  item_id = ? AND mem_id = ?     [1,7]
[SQL_LOG:2020-11-27 08:47:34]: DELETE FROM likes WHERE item_id = ? AND mem_id = ?  [1,7]
[SQL_LOG:2020-11-27 08:47:34]: SELECT COUNT(*) AS NUM  FROM  likes  WHERE  item_id = ?     [1]
[SQL_LOG:2020-11-27 10:49:53]: SELECT ctg_id, category_name  FROM  category     []
[SQL_LOG:2020-11-27 10:49:53]: SELECT item_id, item_name, price, image, ctg_id  FROM  item     []
[SQL_LOG:2020-11-27 10:50:20]: SELECT ctg_id, category_name  FROM  category     []
[SQL_LOG:2020-11-27 10:50:20]: SELECT item_id, item_name, price, image, ctg_id  FROM  item     []
[SQL_LOG:2020-11-27 14:11:29]: SELECT ctg_id, category_name  FROM  category     []
[SQL_LOG:2020-11-27 14:11:29]: SELECT item_id, item_name, price, image, ctg_id  FROM  item     []
[SQL_LOG:2020-11-27 14:11:33]: SELECT *  FROM  member  WHERE  mem_id = ?     [7]
[SQL_LOG:2020-11-27 14:11:42]: SELECT mem_id, family_name, first_name, family_name_kana, first_name_kana, email, user_id, sex, traffic, regist_date, update_date  FROM  member     []
[SQL_LOG:2020-11-27 14:11:43]: SELECT c.crt_id, i.item_id, i.item_name, i.price, i.image FROM  cart c LEFT JOIN item i ON c.item_id = i.item_id  WHERE  c.customer_no = ? AND c.delete_flg = ?    [7,0]
[SQL_LOG:2020-11-27 14:11:43]: SELECT SUM(i.price) AS totalPrice  FROM  cart c LEFT JOIN item i ON c.item_id = i.item_id  WHERE  c.customer_no = ? AND c.delete_flg = ?    [7,0]
[SQL_LOG:2020-11-27 14:11:43]: SELECT SUM(num) AS num  FROM  cart c  WHERE  c.customer_no = ? AND c.delete_flg = ?    [7,0]
[SQL_LOG:2020-11-27 14:11:44]: SELECT ctg_id, category_name  FROM  category     []
[SQL_LOG:2020-11-27 14:11:44]: SELECT item_id, item_name, price, image, ctg_id  FROM  item     []
[SQL_LOG:2020-11-27 14:11:46]: SELECT *  FROM  member  WHERE  mem_id = ?     [7]
[SQL_LOG:2020-11-27 14:11:51]: SELECT *  FROM  member  WHERE  mem_id = ?     [7]
[SQL_LOG:2020-11-27 14:11:53]: SELECT *  FROM  member  WHERE  mem_id = ?     [7]
[SQL_LOG:2020-11-27 14:12:05]: SELECT *  FROM  member  WHERE  mem_id = ?     [7]
[SQL_LOG:2020-11-27 14:12:07]: SELECT mem_id, family_name, first_name, family_name_kana, first_name_kana, email, user_id, sex, traffic, regist_date, update_date  FROM  member     []
[SQL_LOG:2020-11-27 14:12:08]: SELECT ctg_id, category_name  FROM  category     []
[SQL_LOG:2020-11-27 14:12:08]: SELECT item_id, item_name, price, image, ctg_id  FROM  item     []
[SQL_LOG:2020-11-27 14:13:14]: SELECT *  FROM  member  WHERE  mem_id = ?     [7]
[SQL_LOG:2020-11-27 14:13:19]: SELECT mem_id, family_name, first_name, family_name_kana, first_name_kana, email, user_id, sex, traffic, regist_date, update_date  FROM  member     []
[SQL_LOG:2020-11-27 14:13:20]: SELECT *  FROM  member  WHERE  mem_id = ?     [7]
[SQL_LOG:2020-11-27 14:13:21]: SELECT mem_id, family_name, first_name, family_name_kana, first_name_kana, email, user_id, sex, traffic, regist_date, update_date  FROM  member     []
[SQL_LOG:2020-11-27 14:13:23]: SELECT mem_id, family_name, first_name, family_name_kana, first_name_kana, email, user_id, sex, traffic, regist_date, update_date  FROM  member     []
[SQL_LOG:2020-11-27 14:13:32]: SELECT ctg_id, category_name  FROM  category     []
[SQL_LOG:2020-11-27 14:13:32]: SELECT item_id, item_name, price, image, ctg_id  FROM  item     []
[SQL_LOG:2020-11-27 14:13:39]: SELECT *  FROM  member  WHERE  mem_id = ?     [7]
[SQL_LOG:2020-11-27 14:13:45]: SELECT mem_id, family_name, first_name, family_name_kana, first_name_kana, email, user_id, sex, traffic, regist_date, update_date  FROM  member     []
[SQL_LOG:2020-11-27 14:13:47]: SELECT *  FROM  member  WHERE  mem_id = ?     [7]
[SQL_LOG:2020-11-27 14:13:50]: SELECT ctg_id, category_name  FROM  category     []
[SQL_LOG:2020-11-27 14:13:50]: SELECT item_id, item_name, price, image, ctg_id  FROM  item     []
[SQL_LOG:2020-11-27 14:13:52]: SELECT *  FROM  member  WHERE  mem_id = ?     [7]
[SQL_LOG:2020-11-27 14:13:53]: SELECT *  FROM  member  WHERE  mem_id = ?     [7]
[SQL_LOG:2020-11-27 14:13:55]: SELECT *  FROM  member  WHERE  mem_id = ?     [7]
[SQL_LOG:2020-11-27 14:13:56]: SELECT mem_id, family_name, first_name, family_name_kana, first_name_kana, email, user_id, sex, traffic, regist_date, update_date  FROM  member     []
[SQL_LOG:2020-11-27 14:13:57]: SELECT c.crt_id, i.item_id, i.item_name, i.price, i.image FROM  cart c LEFT JOIN item i ON c.item_id = i.item_id  WHERE  c.customer_no = ? AND c.delete_flg = ?    [7,0]
[SQL_LOG:2020-11-27 14:13:57]: SELECT SUM(i.price) AS totalPrice  FROM  cart c LEFT JOIN item i ON c.item_id = i.item_id  WHERE  c.customer_no = ? AND c.delete_flg = ?    [7,0]
[SQL_LOG:2020-11-27 14:13:57]: SELECT SUM(num) AS num  FROM  cart c  WHERE  c.customer_no = ? AND c.delete_flg = ?    [7,0]
[SQL_LOG:2020-11-27 14:13:58]: SELECT ctg_id, category_name  FROM  category     []
[SQL_LOG:2020-11-27 14:13:58]: SELECT item_id, item_name, price, image, ctg_id  FROM  item     []
[SQL_LOG:2020-11-27 14:14:00]: SELECT mem_id, family_name, first_name, family_name_kana, first_name_kana, email, user_id, sex, traffic, regist_date, update_date  FROM  member     []
[SQL_LOG:2020-11-27 14:15:17]: SELECT ctg_id, category_name  FROM  category     []
[SQL_LOG:2020-11-27 14:15:17]: SELECT item_id, item_name, price, image, ctg_id  FROM  item     []
[SQL_LOG:2020-11-27 14:15:19]: SELECT ctg_id, category_name  FROM  category     []
[SQL_LOG:2020-11-27 14:15:19]: SELECT item_id, item_name, detail, price, image, ctg_id FROM  item  WHERE  item_id = ?     [1]
[SQL_LOG:2020-11-27 14:15:19]: SELECT COUNT(*) AS NUM  FROM  likes  WHERE  item_id = ?     [1]
[SQL_LOG:2020-11-27 14:15:19]: SELECT *  FROM  likes  WHERE  item_id = ? AND mem_id = ?     [1,7]
[SQL_LOG:2020-11-27 14:15:20]: INSERT INTO cart (customer_no,item_id,regist_date)VALUES(?,?,?) [7,1,2020-11-27 14:15:20]
[SQL_LOG:2020-11-27 14:15:20]: SELECT c.crt_id, i.item_id, i.item_name, i.price, i.image FROM  cart c LEFT JOIN item i ON c.item_id = i.item_id  WHERE  c.customer_no = ? AND c.delete_flg = ?    [7,0]
[SQL_LOG:2020-11-27 14:15:20]: SELECT SUM(i.price) AS totalPrice  FROM  cart c LEFT JOIN item i ON c.item_id = i.item_id  WHERE  c.customer_no = ? AND c.delete_flg = ?    [7,0]
[SQL_LOG:2020-11-27 14:15:20]: SELECT SUM(num) AS num  FROM  cart c  WHERE  c.customer_no = ? AND c.delete_flg = ?    [7,0]
[SQL_LOG:2020-11-27 14:15:21]: SELECT c.crt_id, i.item_id, i.item_name, i.price, i.image FROM  cart c LEFT JOIN item i ON c.item_id = i.item_id  WHERE  c.customer_no = ? AND c.delete_flg = ?    [7,0]
[SQL_LOG:2020-11-27 14:15:21]: SELECT SUM(i.price) AS totalPrice  FROM  cart c LEFT JOIN item i ON c.item_id = i.item_id  WHERE  c.customer_no = ? AND c.delete_flg = ?    [7,0]
[SQL_LOG:2020-11-27 14:15:21]: SELECT SUM(num) AS num  FROM  cart c  WHERE  c.customer_no = ? AND c.delete_flg = ?    [7,0]
[SQL_LOG:2020-11-27 14:15:28]: SELECT c.crt_id, i.item_id, i.item_name, i.price, i.image FROM  cart c LEFT JOIN item i ON c.item_id = i.item_id  WHERE  c.customer_no = ? AND c.delete_flg = ?    [7,0]
[SQL_LOG:2020-11-27 14:15:28]: SELECT SUM(i.price) AS totalPrice  FROM  cart c LEFT JOIN item i ON c.item_id = i.item_id  WHERE  c.customer_no = ? AND c.delete_flg = ?    [7,0]
[SQL_LOG:2020-11-27 14:15:28]: SELECT SUM(num) AS num  FROM  cart c  WHERE  c.customer_no = ? AND c.delete_flg = ?    [7,0]
[SQL_LOG:2020-11-27 14:32:29]: SELECT ctg_id, category_name  FROM  category     []
[SQL_LOG:2020-11-27 14:32:29]: SELECT item_id, item_name, price, image, ctg_id  FROM  item     []
[SQL_LOG:2020-11-27 14:32:31]: SELECT ctg_id, category_name  FROM  category     []
[SQL_LOG:2020-11-27 14:32:31]: SELECT item_id, item_name, detail, price, image, ctg_id FROM  item  WHERE  item_id = ?     [1]
[SQL_LOG:2020-11-27 14:32:31]: SELECT COUNT(*) AS NUM  FROM  likes  WHERE  item_id = ?     [1]
[SQL_LOG:2020-11-27 14:32:31]: SELECT *  FROM  likes  WHERE  item_id = ? AND mem_id = ?     [1,7]
[SQL_LOG:2020-11-27 14:32:32]: SELECT *  FROM  likes  WHERE  item_id = ? AND mem_id = ?     [1,7]
[SQL_LOG:2020-11-27 14:32:32]: INSERT INTO likes (item_id,mem_id,regist_date)VALUES(?,?,?) [1,7,2020-11-27 14:32:32]
[SQL_LOG:2020-11-27 14:32:32]: SELECT COUNT(*) AS NUM  FROM  likes  WHERE  item_id = ?     [1]
[SQL_LOG:2020-11-27 14:32:33]: INSERT INTO cart (mem_id,item_id,regist_date)VALUES(?,?,?) [7,1,2020-11-27 14:32:33]
[SQL_LOG:2020-11-27 14:32:33]: SELECT c.crt_id, i.item_id, i.item_name, i.price, i.image FROM  cart c LEFT JOIN item i ON c.item_id = i.item_id  WHERE  c.mem_id = ? AND c.delete_flg = ?    [7,0]
[SQL_LOG:2020-11-27 14:32:33]: SELECT SUM(i.price) AS totalPrice  FROM  cart c LEFT JOIN item i ON c.item_id = i.item_id  WHERE  c.mem_id = ? AND c.delete_flg = ?    [7,0]
[SQL_LOG:2020-11-27 14:32:33]: SELECT SUM(num) AS num  FROM  cart c  WHERE  c.mem_id = ? AND c.delete_flg = ?    [7,0]
[SQL_LOG:2020-11-27 14:32:35]: INSERT INTO cart (mem_id,item_id,regist_date)VALUES(?,?,?) [7,1,2020-11-27 14:32:35]
[SQL_LOG:2020-11-27 14:32:35]: SELECT c.crt_id, i.item_id, i.item_name, i.price, i.image FROM  cart c LEFT JOIN item i ON c.item_id = i.item_id  WHERE  c.mem_id = ? AND c.delete_flg = ?    [7,0]
[SQL_LOG:2020-11-27 14:32:35]: SELECT SUM(i.price) AS totalPrice  FROM  cart c LEFT JOIN item i ON c.item_id = i.item_id  WHERE  c.mem_id = ? AND c.delete_flg = ?    [7,0]
[SQL_LOG:2020-11-27 14:32:35]: SELECT SUM(num) AS num  FROM  cart c  WHERE  c.mem_id = ? AND c.delete_flg = ?    [7,0]
[SQL_LOG:2020-11-27 14:32:39]: UPDATE cart  SET delete_date =? ,delete_flg =?  WHERE  crt_id = ?  [2020-11-27 14:32:39,1,80]
[SQL_LOG:2020-11-27 14:32:39]: SELECT c.crt_id, i.item_id, i.item_name, i.price, i.image FROM  cart c LEFT JOIN item i ON c.item_id = i.item_id  WHERE  c.mem_id = ? AND c.delete_flg = ?    [7,0]
[SQL_LOG:2020-11-27 14:32:39]: SELECT SUM(i.price) AS totalPrice  FROM  cart c LEFT JOIN item i ON c.item_id = i.item_id  WHERE  c.mem_id = ? AND c.delete_flg = ?    [7,0]
[SQL_LOG:2020-11-27 14:32:39]: SELECT SUM(num) AS num  FROM  cart c  WHERE  c.mem_id = ? AND c.delete_flg = ?    [7,0]
[SQL_LOG:2020-11-27 14:32:41]: UPDATE cart  SET delete_date =? ,delete_flg =?  WHERE  crt_id = ?  [2020-11-27 14:32:41,1,79]
[SQL_LOG:2020-11-27 14:32:41]: SELECT c.crt_id, i.item_id, i.item_name, i.price, i.image FROM  cart c LEFT JOIN item i ON c.item_id = i.item_id  WHERE  c.mem_id = ? AND c.delete_flg = ?    [7,0]
[SQL_LOG:2020-11-27 14:32:41]: SELECT SUM(i.price) AS totalPrice  FROM  cart c LEFT JOIN item i ON c.item_id = i.item_id  WHERE  c.mem_id = ? AND c.delete_flg = ?    [7,0]
[SQL_LOG:2020-11-27 14:32:41]: SELECT SUM(num) AS num  FROM  cart c  WHERE  c.mem_id = ? AND c.delete_flg = ?    [7,0]
[SQL_LOG:2020-11-27 14:32:43]: UPDATE cart  SET delete_date =? ,delete_flg =?  WHERE  crt_id = ?  [2020-11-27 14:32:43,1,79]
[SQL_LOG:2020-11-27 14:32:43]: SELECT c.crt_id, i.item_id, i.item_name, i.price, i.image FROM  cart c LEFT JOIN item i ON c.item_id = i.item_id  WHERE  c.mem_id = ? AND c.delete_flg = ?    [7,0]
[SQL_LOG:2020-11-27 14:32:43]: SELECT SUM(i.price) AS totalPrice  FROM  cart c LEFT JOIN item i ON c.item_id = i.item_id  WHERE  c.mem_id = ? AND c.delete_flg = ?    [7,0]
[SQL_LOG:2020-11-27 14:32:43]: SELECT SUM(num) AS num  FROM  cart c  WHERE  c.mem_id = ? AND c.delete_flg = ?    [7,0]
[SQL_LOG:2020-11-27 14:32:45]: SELECT ctg_id, category_name  FROM  category     []
[SQL_LOG:2020-11-27 14:32:45]: SELECT item_id, item_name, price, image, ctg_id  FROM  item     []
[SQL_LOG:2020-11-27 14:32:48]: SELECT ctg_id, category_name  FROM  category     []
[SQL_LOG:2020-11-27 14:32:48]: SELECT item_id, item_name, detail, price, image, ctg_id FROM  item  WHERE  item_id = ?     [1]
[SQL_LOG:2020-11-27 14:32:48]: SELECT COUNT(*) AS NUM  FROM  likes  WHERE  item_id = ?     [1]
[SQL_LOG:2020-11-27 14:32:48]: SELECT *  FROM  likes  WHERE  item_id = ? AND mem_id = ?     [1,7]
[SQL_LOG:2020-11-27 14:32:49]: INSERT INTO cart (mem_id,item_id,regist_date)VALUES(?,?,?) [7,1,2020-11-27 14:32:49]
[SQL_LOG:2020-11-27 14:32:49]: SELECT c.crt_id, i.item_id, i.item_name, i.price, i.image FROM  cart c LEFT JOIN item i ON c.item_id = i.item_id  WHERE  c.mem_id = ? AND c.delete_flg = ?    [7,0]
[SQL_LOG:2020-11-27 14:32:49]: SELECT SUM(i.price) AS totalPrice  FROM  cart c LEFT JOIN item i ON c.item_id = i.item_id  WHERE  c.mem_id = ? AND c.delete_flg = ?    [7,0]
[SQL_LOG:2020-11-27 14:32:49]: SELECT SUM(num) AS num  FROM  cart c  WHERE  c.mem_id = ? AND c.delete_flg = ?    [7,0]
[SQL_LOG:2020-11-27 14:32:52]: INSERT INTO cart (mem_id,item_id,regist_date)VALUES(?,?,?) [7,1,2020-11-27 14:32:52]
[SQL_LOG:2020-11-27 14:32:52]: SELECT c.crt_id, i.item_id, i.item_name, i.price, i.image FROM  cart c LEFT JOIN item i ON c.item_id = i.item_id  WHERE  c.mem_id = ? AND c.delete_flg = ?    [7,0]
[SQL_LOG:2020-11-27 14:32:52]: SELECT SUM(i.price) AS totalPrice  FROM  cart c LEFT JOIN item i ON c.item_id = i.item_id  WHERE  c.mem_id = ? AND c.delete_flg = ?    [7,0]
[SQL_LOG:2020-11-27 14:32:52]: SELECT SUM(num) AS num  FROM  cart c  WHERE  c.mem_id = ? AND c.delete_flg = ?    [7,0]
[SQL_LOG:2020-11-27 14:32:54]: UPDATE cart  SET delete_date =? ,delete_flg =?  WHERE  crt_id = ?  [2020-11-27 14:32:54,1,78]
[SQL_LOG:2020-11-27 14:32:54]: SELECT c.crt_id, i.item_id, i.item_name, i.price, i.image FROM  cart c LEFT JOIN item i ON c.item_id = i.item_id  WHERE  c.mem_id = ? AND c.delete_flg = ?    [7,0]
[SQL_LOG:2020-11-27 14:32:54]: SELECT SUM(i.price) AS totalPrice  FROM  cart c LEFT JOIN item i ON c.item_id = i.item_id  WHERE  c.mem_id = ? AND c.delete_flg = ?    [7,0]
[SQL_LOG:2020-11-27 14:32:54]: SELECT SUM(num) AS num  FROM  cart c  WHERE  c.mem_id = ? AND c.delete_flg = ?    [7,0]
[SQL_LOG:2020-11-27 14:32:54]: UPDATE cart  SET delete_date =? ,delete_flg =?  WHERE  crt_id = ?  [2020-11-27 14:32:54,1,81]
[SQL_LOG:2020-11-27 14:32:54]: SELECT c.crt_id, i.item_id, i.item_name, i.price, i.image FROM  cart c LEFT JOIN item i ON c.item_id = i.item_id  WHERE  c.mem_id = ? AND c.delete_flg = ?    [7,0]
[SQL_LOG:2020-11-27 14:32:54]: SELECT SUM(i.price) AS totalPrice  FROM  cart c LEFT JOIN item i ON c.item_id = i.item_id  WHERE  c.mem_id = ? AND c.delete_flg = ?    [7,0]
[SQL_LOG:2020-11-27 14:32:54]: SELECT SUM(num) AS num  FROM  cart c  WHERE  c.mem_id = ? AND c.delete_flg = ?    [7,0]
[SQL_LOG:2020-11-27 14:39:04]: UPDATE cart  SET delete_date =? ,delete_flg =?  WHERE  crt_id = ?  [2020-11-27 14:39:04,1,82]
[SQL_LOG:2020-11-27 14:39:04]: SELECT c.crt_id, i.item_id, i.item_name, i.price, i.image FROM  cart c LEFT JOIN item i ON c.item_id = i.item_id  WHERE  c.mem_id = ? AND c.delete_flg = ?    [7,0]
[SQL_LOG:2020-11-27 14:39:04]: SELECT SUM(i.price) AS totalPrice  FROM  cart c LEFT JOIN item i ON c.item_id = i.item_id  WHERE  c.mem_id = ? AND c.delete_flg = ?    [7,0]
[SQL_LOG:2020-11-27 14:39:04]: SELECT SUM(num) AS num  FROM  cart c  WHERE  c.mem_id = ? AND c.delete_flg = ?    [7,0]
[SQL_LOG:2020-11-27 14:47:04]: SELECT ctg_id, category_name  FROM  category     []
[SQL_LOG:2020-11-27 14:47:04]: SELECT item_id, item_name, price, image, ctg_id  FROM  item     []
[SQL_LOG:2020-11-27 14:47:07]: SELECT ctg_id, category_name  FROM  category     []
[SQL_LOG:2020-11-27 14:47:07]: SELECT item_id, item_name, detail, price, image, ctg_id FROM  item  WHERE  item_id = ?     [1]
[SQL_LOG:2020-11-27 14:47:07]: SELECT COUNT(*) AS NUM  FROM  likes  WHERE  item_id = ?     [1]
[SQL_LOG:2020-11-27 14:47:07]: SELECT *  FROM  likes  WHERE  item_id = ? AND mem_id = ?     [1,7]
[SQL_LOG:2020-11-27 14:51:19]: SELECT ctg_id, category_name  FROM  category     []
[SQL_LOG:2020-11-27 14:51:19]: SELECT item_id, item_name, price, image, ctg_id  FROM  item     []
[SQL_LOG:2020-11-27 14:51:23]: SELECT ctg_id, category_name  FROM  category     []
[SQL_LOG:2020-11-27 14:51:23]: SELECT item_id, item_name, detail, price, image, ctg_id FROM  item  WHERE  item_id = ?     [1]
[SQL_LOG:2020-11-27 14:51:23]: SELECT COUNT(*) AS NUM  FROM  likes  WHERE  item_id = ?     [1]
[SQL_LOG:2020-11-27 14:51:23]: SELECT *  FROM  likes  WHERE  item_id = ? AND mem_id = ?     [1,7]
[SQL_LOG:2020-11-27 14:58:00]: SELECT c.crt_id, i.item_id, i.item_name, i.price, i.image FROM  cart c LEFT JOIN item i ON c.item_id = i.item_id  WHERE  c.mem_id = ? AND c.delete_flg = ?    [7,0]
[SQL_LOG:2020-11-27 14:58:00]: SELECT SUM(i.price) AS totalPrice  FROM  cart c LEFT JOIN item i ON c.item_id = i.item_id  WHERE  c.mem_id = ? AND c.delete_flg = ?    [7,0]
[SQL_LOG:2020-11-27 14:58:00]: SELECT SUM(num) AS num  FROM  cart c  WHERE  c.mem_id = ? AND c.delete_flg = ?    [7,0]
[SQL_LOG:2020-11-27 14:58:02]: SELECT ctg_id, category_name  FROM  category     []
[SQL_LOG:2020-11-27 14:58:02]: SELECT item_id, item_name, price, image, ctg_id  FROM  item     []
[SQL_LOG:2020-11-27 14:58:03]: SELECT ctg_id, category_name  FROM  category     []
[SQL_LOG:2020-11-27 14:58:03]: SELECT item_id, item_name, detail, price, image, ctg_id FROM  item  WHERE  item_id = ?     [1]
[SQL_LOG:2020-11-27 14:58:03]: SELECT COUNT(*) AS NUM  FROM  likes  WHERE  item_id = ?     [1]
[SQL_LOG:2020-11-27 14:58:03]: SELECT *  FROM  likes  WHERE  item_id = ? AND mem_id = ?     [1,7]
[SQL_LOG:2020-11-27 14:58:04]: INSERT INTO cart (mem_id,item_id,regist_date)VALUES(?,?,?) [7,1,2020-11-27 14:58:04]
[SQL_LOG:2020-11-27 14:58:04]: SELECT c.crt_id, i.item_id, i.item_name, i.price, i.image FROM  cart c LEFT JOIN item i ON c.item_id = i.item_id  WHERE  c.mem_id = ? AND c.delete_flg = ?    [7,0]
[SQL_LOG:2020-11-27 14:58:04]: SELECT SUM(i.price) AS totalPrice  FROM  cart c LEFT JOIN item i ON c.item_id = i.item_id  WHERE  c.mem_id = ? AND c.delete_flg = ?    [7,0]
[SQL_LOG:2020-11-27 14:58:04]: SELECT SUM(num) AS num  FROM  cart c  WHERE  c.mem_id = ? AND c.delete_flg = ?    [7,0]
[SQL_LOG:2020-11-27 15:00:09]: SELECT mem_id, family_name, first_name, family_name_kana, first_name_kana, email, user_id, sex, traffic, regist_date, update_date  FROM  member     []
[SQL_LOG:2020-11-27 15:00:10]: SELECT c.crt_id, i.item_id, i.item_name, i.price, i.image FROM  cart c LEFT JOIN item i ON c.item_id = i.item_id  WHERE  c.mem_id = ? AND c.delete_flg = ?    [7,0]
[SQL_LOG:2020-11-27 15:00:10]: SELECT SUM(i.price) AS totalPrice  FROM  cart c LEFT JOIN item i ON c.item_id = i.item_id  WHERE  c.mem_id = ? AND c.delete_flg = ?    [7,0]
[SQL_LOG:2020-11-27 15:00:10]: SELECT SUM(num) AS num  FROM  cart c  WHERE  c.mem_id = ? AND c.delete_flg = ?    [7,0]
[SQL_LOG:2020-11-27 15:00:10]: SELECT ctg_id, category_name  FROM  category     []
[SQL_LOG:2020-11-27 15:00:10]: SELECT item_id, item_name, price, image, ctg_id  FROM  item     []
[SQL_LOG:2020-11-27 15:00:12]: SELECT *  FROM  member  WHERE  mem_id = ?     [7]
[SQL_LOG:2020-11-27 15:00:13]: SELECT ctg_id, category_name  FROM  category     []
[SQL_LOG:2020-11-27 15:00:13]: SELECT item_id, item_name, price, image, ctg_id  FROM  item     []
[SQL_LOG:2020-11-27 15:09:04]: SELECT mem_id, family_name, first_name, family_name_kana, first_name_kana, email, user_id, sex, traffic, regist_date, update_date  FROM  member     []
[SQL_LOG:2020-11-27 15:09:06]: SELECT *  FROM  member  WHERE  mem_id = ?     [2]
[SQL_LOG:2020-11-27 15:09:08]: SELECT mem_id, family_name, first_name, family_name_kana, first_name_kana, email, user_id, sex, traffic, regist_date, update_date  FROM  member     []
[SQL_LOG:2020-11-27 15:09:10]: SELECT *  FROM  member  WHERE  mem_id = ?     [7]
[SQL_LOG:2020-11-27 15:09:16]: SELECT ctg_id, category_name  FROM  category     []
[SQL_LOG:2020-11-27 15:09:16]: SELECT item_id, item_name, price, image, ctg_id  FROM  item     []
[SQL_LOG:2020-11-27 15:09:31]: SELECT ctg_id, category_name  FROM  category     []
[SQL_LOG:2020-11-27 15:09:31]: SELECT item_id, item_name, price, image, ctg_id  FROM  item     []
[SQL_LOG:2020-11-27 15:09:50]: SELECT *  FROM  member  WHERE  mem_id = ?     [7]
[SQL_LOG:2020-11-27 15:09:52]: SELECT ctg_id, category_name  FROM  category     []
[SQL_LOG:2020-11-27 15:09:52]: SELECT item_id, item_name, price, image, ctg_id  FROM  item     []
[SQL_LOG:2020-11-27 15:09:54]: SELECT ctg_id, category_name  FROM  category     []
[SQL_LOG:2020-11-27 15:09:54]: SELECT item_id, item_name, detail, price, image, ctg_id FROM  item  WHERE  item_id = ?     [1]
[SQL_LOG:2020-11-27 15:09:54]: SELECT COUNT(*) AS NUM  FROM  likes  WHERE  item_id = ?     [1]
[SQL_LOG:2020-11-27 15:09:54]: SELECT *  FROM  likes  WHERE  item_id = ? AND mem_id = ?     [1,7]
[SQL_LOG:2020-11-27 15:09:57]: SELECT mem_id, family_name, first_name, family_name_kana, first_name_kana, email, user_id, sex, traffic, regist_date, update_date  FROM  member     []
[SQL_LOG:2020-11-27 15:09:58]: SELECT *  FROM  member  WHERE  mem_id = ?     [7]
[SQL_LOG:2020-11-27 15:10:55]: SELECT ctg_id, category_name  FROM  category     []
[SQL_LOG:2020-11-27 15:10:55]: SELECT item_id, item_name, price, image, ctg_id  FROM  item     []
[SQL_LOG:2020-11-27 15:10:56]: SELECT ctg_id, category_name  FROM  category     []
[SQL_LOG:2020-11-27 15:10:56]: SELECT item_id, item_name, detail, price, image, ctg_id FROM  item  WHERE  item_id = ?     [1]
[SQL_LOG:2020-11-27 15:10:56]: SELECT COUNT(*) AS NUM  FROM  likes  WHERE  item_id = ?     [1]
[SQL_LOG:2020-11-27 15:10:56]: SELECT *  FROM  likes  WHERE  item_id = ? AND mem_id = ?     [1,7]
[SQL_LOG:2020-11-27 15:10:58]: SELECT ctg_id, category_name  FROM  category     []
[SQL_LOG:2020-11-27 15:10:58]: SELECT item_id, item_name, price, image, ctg_id  FROM  item     []
[SQL_LOG:2020-11-27 15:10:59]: SELECT *  FROM  member  WHERE  mem_id = ?     [7]
[SQL_LOG:2020-11-27 15:11:01]: SELECT ctg_id, category_name  FROM  category     []
[SQL_LOG:2020-11-27 15:11:01]: SELECT item_id, item_name, price, image, ctg_id  FROM  item     []
[SQL_LOG:2020-11-27 15:15:20]: SELECT c.crt_id, i.item_id, i.item_name, i.price, i.image FROM  cart c LEFT JOIN item i ON c.item_id = i.item_id  WHERE  c.mem_id = ? AND c.delete_flg = ?    [7,0]
[SQL_LOG:2020-11-27 15:15:20]: SELECT SUM(i.price) AS totalPrice  FROM  cart c LEFT JOIN item i ON c.item_id = i.item_id  WHERE  c.mem_id = ? AND c.delete_flg = ?    [7,0]
[SQL_LOG:2020-11-27 15:15:20]: SELECT SUM(num) AS num  FROM  cart c  WHERE  c.mem_id = ? AND c.delete_flg = ?    [7,0]
[SQL_LOG:2020-11-27 15:15:20]: SELECT ctg_id, category_name  FROM  category     []
[SQL_LOG:2020-11-27 15:15:20]: SELECT item_id, item_name, price, image, ctg_id  FROM  item     []
[SQL_LOG:2020-11-27 15:15:31]: SELECT ctg_id, category_name  FROM  category     []
[SQL_LOG:2020-11-27 15:15:31]: SELECT item_id, item_name, detail, price, image, ctg_id FROM  item  WHERE  item_id = ?     [1]
[SQL_LOG:2020-11-27 15:15:31]: SELECT COUNT(*) AS NUM  FROM  likes  WHERE  item_id = ?     [1]
[SQL_LOG:2020-11-27 15:15:31]: SELECT *  FROM  likes  WHERE  item_id = ? AND mem_id = ?     [1,7]
[SQL_LOG:2020-11-27 15:15:59]: SELECT ctg_id, category_name  FROM  category     []
[SQL_LOG:2020-11-27 15:15:59]: SELECT item_id, item_name, detail, price, image, ctg_id FROM  item  WHERE  item_id = ?     [1]
[SQL_LOG:2020-11-27 15:15:59]: SELECT COUNT(*) AS NUM  FROM  likes  WHERE  item_id = ?     [1]
[SQL_LOG:2020-11-27 15:15:59]: SELECT *  FROM  likes  WHERE  item_id = ? AND mem_id = ?     [1,7]
[SQL_LOG:2020-11-27 15:15:59]: SELECT ctg_id, category_name  FROM  category     []
[SQL_LOG:2020-11-27 15:15:59]: SELECT item_id, item_name, detail, price, image, ctg_id FROM  item  WHERE  item_id = ?     [1]
[SQL_LOG:2020-11-27 15:15:59]: SELECT COUNT(*) AS NUM  FROM  likes  WHERE  item_id = ?     [1]
[SQL_LOG:2020-11-27 15:15:59]: SELECT *  FROM  likes  WHERE  item_id = ? AND mem_id = ?     [1,7]
[SQL_LOG:2020-11-27 15:16:11]: SELECT ctg_id, category_name  FROM  category     []
[SQL_LOG:2020-11-27 15:16:11]: SELECT item_id, item_name, detail, price, image, ctg_id FROM  item  WHERE  item_id = ?     [1]
[SQL_LOG:2020-11-27 15:16:11]: SELECT COUNT(*) AS NUM  FROM  likes  WHERE  item_id = ?     [1]
[SQL_LOG:2020-11-27 15:16:11]: SELECT *  FROM  likes  WHERE  item_id = ? AND mem_id = ?     [1,7]
[SQL_LOG:2020-11-27 15:19:09]: SELECT ctg_id, category_name  FROM  category     []
[SQL_LOG:2020-11-27 15:19:09]: SELECT item_id, item_name, detail, price, image, ctg_id FROM  item  WHERE  item_id = ?     [1]
[SQL_LOG:2020-11-27 15:19:09]: SELECT COUNT(*) AS NUM  FROM  likes  WHERE  item_id = ?     [1]
[SQL_LOG:2020-11-27 15:19:09]: SELECT *  FROM  likes  WHERE  item_id = ? AND mem_id = ?     [1,7]
[SQL_LOG:2020-11-27 15:19:32]: INSERT INTO cart (mem_id,item_id,regist_date)VALUES(?,?,?) [7,1,2020-11-27 15:19:32]
[SQL_LOG:2020-11-27 15:19:32]: SELECT c.crt_id, i.item_id, i.item_name, i.price, i.image FROM  cart c LEFT JOIN item i ON c.item_id = i.item_id  WHERE  c.mem_id = ? AND c.delete_flg = ?    [7,0]
[SQL_LOG:2020-11-27 15:19:32]: SELECT SUM(i.price) AS totalPrice  FROM  cart c LEFT JOIN item i ON c.item_id = i.item_id  WHERE  c.mem_id = ? AND c.delete_flg = ?    [7,0]
[SQL_LOG:2020-11-27 15:19:32]: SELECT SUM(num) AS num  FROM  cart c  WHERE  c.mem_id = ? AND c.delete_flg = ?    [7,0]
[SQL_LOG:2020-11-27 15:19:36]: SELECT c.crt_id, i.item_id, i.item_name, i.price, i.image FROM  cart c LEFT JOIN item i ON c.item_id = i.item_id  WHERE  c.mem_id = ? AND c.delete_flg = ?    [7,0]
[SQL_LOG:2020-11-27 15:19:36]: SELECT SUM(i.price) AS totalPrice  FROM  cart c LEFT JOIN item i ON c.item_id = i.item_id  WHERE  c.mem_id = ? AND c.delete_flg = ?    [7,0]
[SQL_LOG:2020-11-27 15:19:36]: SELECT SUM(num) AS num  FROM  cart c  WHERE  c.mem_id = ? AND c.delete_flg = ?    [7,0]
[SQL_LOG:2020-11-27 15:19:37]: SELECT ctg_id, category_name  FROM  category     []
[SQL_LOG:2020-11-27 15:19:37]: SELECT item_id, item_name, price, image, ctg_id  FROM  item     []
[SQL_LOG:2020-11-27 15:19:38]: SELECT ctg_id, category_name  FROM  category     []
[SQL_LOG:2020-11-27 15:19:38]: SELECT item_id, item_name, detail, price, image, ctg_id FROM  item  WHERE  item_id = ?     [1]
[SQL_LOG:2020-11-27 15:19:38]: SELECT COUNT(*) AS NUM  FROM  likes  WHERE  item_id = ?     [1]
[SQL_LOG:2020-11-27 15:19:38]: SELECT *  FROM  likes  WHERE  item_id = ? AND mem_id = ?     [1,7]
[SQL_LOG:2020-11-27 15:27:37]: INSERT INTO cart (mem_id,item_id,regist_date)VALUES(?,?,?) [7,1,2020-11-27 15:27:37]
[SQL_LOG:2020-11-27 15:27:37]: SELECT c.crt_id, i.item_id, i.item_name, i.price, i.image FROM  cart c LEFT JOIN item i ON c.item_id = i.item_id  WHERE  c.mem_id = ? AND c.delete_flg = ?    [7,0]
[SQL_LOG:2020-11-27 15:27:37]: SELECT SUM(i.price) AS totalPrice  FROM  cart c LEFT JOIN item i ON c.item_id = i.item_id  WHERE  c.mem_id = ? AND c.delete_flg = ?    [7,0]
[SQL_LOG:2020-11-27 15:27:37]: SELECT SUM(num) AS num  FROM  cart c  WHERE  c.mem_id = ? AND c.delete_flg = ?    [7,0]
[SQL_LOG:2020-11-27 15:27:43]: SELECT ctg_id, category_name  FROM  category     []
[SQL_LOG:2020-11-27 15:27:43]: SELECT item_id, item_name, price, image, ctg_id  FROM  item     []
[SQL_LOG:2020-11-27 15:27:46]: SELECT ctg_id, category_name  FROM  category     []
[SQL_LOG:2020-11-27 15:27:46]: SELECT item_id, item_name, detail, price, image, ctg_id FROM  item  WHERE  item_id = ?     [2]
[SQL_LOG:2020-11-27 15:27:46]: SELECT COUNT(*) AS NUM  FROM  likes  WHERE  item_id = ?     [2]
[SQL_LOG:2020-11-27 15:27:46]: SELECT *  FROM  likes  WHERE  item_id = ? AND mem_id = ?     [2,7]
[SQL_LOG:2020-11-27 15:27:50]: SELECT ctg_id, category_name  FROM  category     []
[SQL_LOG:2020-11-27 15:27:50]: SELECT item_id, item_name, detail, price, image, ctg_id FROM  item  WHERE  item_id = ?     [2]
[SQL_LOG:2020-11-27 15:27:50]: SELECT COUNT(*) AS NUM  FROM  likes  WHERE  item_id = ?     [2]
[SQL_LOG:2020-11-27 15:27:50]: SELECT *  FROM  likes  WHERE  item_id = ? AND mem_id = ?     [2,7]
[SQL_LOG:2020-11-27 15:27:55]: INSERT INTO cart (mem_id,item_id,regist_date)VALUES(?,?,?) [7,2,2020-11-27 15:27:55]
[SQL_LOG:2020-11-27 15:27:55]: SELECT c.crt_id, i.item_id, i.item_name, i.price, i.image FROM  cart c LEFT JOIN item i ON c.item_id = i.item_id  WHERE  c.mem_id = ? AND c.delete_flg = ?    [7,0]
[SQL_LOG:2020-11-27 15:27:55]: SELECT SUM(i.price) AS totalPrice  FROM  cart c LEFT JOIN item i ON c.item_id = i.item_id  WHERE  c.mem_id = ? AND c.delete_flg = ?    [7,0]
[SQL_LOG:2020-11-27 15:27:55]: SELECT SUM(num) AS num  FROM  cart c  WHERE  c.mem_id = ? AND c.delete_flg = ?    [7,0]
[SQL_LOG:2020-11-27 15:44:40]: SELECT ctg_id, category_name  FROM  category     []
[SQL_LOG:2020-11-27 15:44:40]: SELECT item_id, item_name, price, image, ctg_id  FROM  item     []
[SQL_LOG:2020-11-27 15:44:42]: SELECT c.crt_id, i.item_id, i.item_name, i.price, i.image FROM  cart c LEFT JOIN item i ON c.item_id = i.item_id  WHERE  c.mem_id = ? AND c.delete_flg = ?    [7,0]
[SQL_LOG:2020-11-27 15:44:42]: SELECT SUM(i.price) AS totalPrice  FROM  cart c LEFT JOIN item i ON c.item_id = i.item_id  WHERE  c.mem_id = ? AND c.delete_flg = ?    [7,0]
[SQL_LOG:2020-11-27 15:44:42]: SELECT SUM(num) AS num  FROM  cart c  WHERE  c.mem_id = ? AND c.delete_flg = ?    [7,0]
[SQL_LOG:2020-11-27 15:50:48]: SELECT ctg_id, category_name  FROM  category     []
[SQL_LOG:2020-11-27 15:50:48]: SELECT item_id, item_name, price, image, ctg_id  FROM  item     []
[SQL_LOG:2020-11-27 15:50:50]: SELECT ctg_id, category_name  FROM  category     []
[SQL_LOG:2020-11-27 15:50:50]: SELECT  item_id, item_name, price, image, ctg_id  FROM item    []
[SQL_LOG:2020-11-27 15:50:52]: SELECT ctg_id, category_name  FROM  category     []
[SQL_LOG:2020-11-27 15:50:52]: SELECT  item_id, item_name, price, image, ctg_id  FROM item WHERE  item_name LIKE ?     [%ka%]
[SQL_LOG:2020-11-27 15:50:54]: SELECT ctg_id, category_name  FROM  category     []
[SQL_LOG:2020-11-27 15:50:54]: SELECT item_id, item_name, price, image, ctg_id  FROM  item  WHERE  ctg_id = ?     [1]
[SQL_LOG:2020-11-27 15:50:54]: SELECT ctg_id, category_name  FROM  category     []
[SQL_LOG:2020-11-27 15:50:54]: SELECT item_id, item_name, price, image, ctg_id  FROM  item     []
[SQL_LOG:2020-11-27 15:50:55]: SELECT ctg_id, category_name  FROM  category     []
[SQL_LOG:2020-11-27 15:50:55]: SELECT  item_id, item_name, price, image, ctg_id  FROM item    []
[SQL_LOG:2020-11-27 15:50:57]: SELECT ctg_id, category_name  FROM  category     []
[SQL_LOG:2020-11-27 15:50:57]: SELECT  item_id, item_name, price, image, ctg_id  FROM item    []
[SQL_LOG:2020-11-27 15:50:58]: SELECT ctg_id, category_name  FROM  category     []
[SQL_LOG:2020-11-27 15:50:58]: SELECT  item_id, item_name, price, image, ctg_id  FROM item    []
[SQL_LOG:2020-11-27 15:50:58]: SELECT ctg_id, category_name  FROM  category     []
[SQL_LOG:2020-11-27 15:50:58]: SELECT  item_id, item_name, price, image, ctg_id  FROM item    []
[SQL_LOG:2020-11-27 15:51:00]: SELECT ctg_id, category_name  FROM  category     []
[SQL_LOG:2020-11-27 15:51:00]: SELECT  item_id, item_name, price, image, ctg_id  FROM item    []
[SQL_LOG:2020-11-27 15:51:01]: SELECT ctg_id, category_name  FROM  category     []
[SQL_LOG:2020-11-27 15:51:01]: SELECT  item_id, item_name, price, image, ctg_id  FROM item WHERE  item_name LIKE ?     [%ka%]
[SQL_LOG:2020-11-27 15:51:04]: SELECT ctg_id, category_name  FROM  category     []
[SQL_LOG:2020-11-27 15:51:04]: SELECT  item_id, item_name, price, image, ctg_id  FROM item    []
[SQL_LOG:2020-11-27 15:51:05]: SELECT ctg_id, category_name  FROM  category     []
[SQL_LOG:2020-11-27 15:51:05]: SELECT item_id, item_name, detail, price, image, ctg_id FROM  item  WHERE  item_id = ?     [1]
[SQL_LOG:2020-11-27 15:51:05]: SELECT COUNT(*) AS NUM  FROM  likes  WHERE  item_id = ?     [1]
[SQL_LOG:2020-11-27 15:51:05]: SELECT *  FROM  likes  WHERE  item_id = ? AND mem_id = ?     [1,7]
[SQL_LOG:2020-11-27 15:51:35]: SELECT ctg_id, category_name  FROM  category     []
[SQL_LOG:2020-11-27 15:51:35]: SELECT item_id, item_name, detail, price, image, ctg_id FROM  item  WHERE  item_id = ?     [1]
[SQL_LOG:2020-11-27 15:51:35]: SELECT COUNT(*) AS NUM  FROM  likes  WHERE  item_id = ?     [1]
[SQL_LOG:2020-11-27 15:51:35]: SELECT *  FROM  likes  WHERE  item_id = ? AND mem_id = ?     [1,7]
[SQL_LOG:2020-11-27 15:51:46]: SELECT ctg_id, category_name  FROM  category     []
[SQL_LOG:2020-11-27 15:51:46]: SELECT item_id, item_name, detail, price, image, ctg_id FROM  item  WHERE  item_id = ?     [1]
[SQL_LOG:2020-11-27 15:51:46]: SELECT COUNT(*) AS NUM  FROM  likes  WHERE  item_id = ?     [1]
[SQL_LOG:2020-11-27 15:51:46]: SELECT *  FROM  likes  WHERE  item_id = ? AND mem_id = ?     [1,7]
[SQL_LOG:2020-11-27 15:52:30]: SELECT ctg_id, category_name  FROM  category     []
[SQL_LOG:2020-11-27 15:52:30]: SELECT item_id, item_name, detail, price, image, ctg_id FROM  item  WHERE  item_id = ?     [1]
[SQL_LOG:2020-11-27 15:52:30]: SELECT COUNT(*) AS NUM  FROM  likes  WHERE  item_id = ?     [1]
[SQL_LOG:2020-11-27 15:52:30]: SELECT *  FROM  likes  WHERE  item_id = ? AND mem_id = ?     [1,7]
[SQL_LOG:2020-11-27 15:52:41]: SELECT ctg_id, category_name  FROM  category     []
[SQL_LOG:2020-11-27 15:52:41]: SELECT  item_id, item_name, price, image, ctg_id  FROM item    []
[SQL_LOG:2020-11-27 15:52:47]: SELECT *  FROM  member  WHERE  mem_id = ?     [7]
[SQL_LOG:2020-11-27 15:52:48]: SELECT *  FROM  member  WHERE  mem_id = ?     [7]
[SQL_LOG:2020-11-27 15:52:50]: SELECT *  FROM  member  WHERE  mem_id = ?     [7]
[SQL_LOG:2020-11-27 15:52:54]: SELECT *  FROM  member  WHERE  mem_id = ?     [7]
[SQL_LOG:2020-11-27 15:52:55]: SELECT ctg_id, category_name  FROM  category     []
[SQL_LOG:2020-11-27 15:52:55]: SELECT item_id, item_name, price, image, ctg_id  FROM  item     []
[SQL_LOG:2020-11-27 15:52:57]: SELECT c.crt_id, i.item_id, i.item_name, i.price, i.image FROM  cart c LEFT JOIN item i ON c.item_id = i.item_id  WHERE  c.mem_id = ? AND c.delete_flg = ?    [7,0]
[SQL_LOG:2020-11-27 15:52:57]: SELECT SUM(i.price) AS totalPrice  FROM  cart c LEFT JOIN item i ON c.item_id = i.item_id  WHERE  c.mem_id = ? AND c.delete_flg = ?    [7,0]
[SQL_LOG:2020-11-27 15:52:57]: SELECT SUM(num) AS num  FROM  cart c  WHERE  c.mem_id = ? AND c.delete_flg = ?    [7,0]
[SQL_LOG:2020-11-27 15:52:58]: SELECT *  FROM  member  WHERE  mem_id = ?     [7]
[SQL_LOG:2020-11-27 15:53:02]: SELECT ctg_id, category_name  FROM  category     []
[SQL_LOG:2020-11-27 15:53:02]: SELECT item_id, item_name, price, image, ctg_id  FROM  item     []
[SQL_LOG:2020-11-27 15:53:03]: SELECT ctg_id, category_name  FROM  category     []
[SQL_LOG:2020-11-27 15:53:03]: SELECT item_id, item_name, price, image, ctg_id  FROM  item  WHERE  ctg_id = ?     [1]
[SQL_LOG:2020-11-27 15:53:04]: SELECT ctg_id, category_name  FROM  category     []
[SQL_LOG:2020-11-27 15:53:04]: SELECT item_id, item_name, price, image, ctg_id  FROM  item     []
[SQL_LOG:2020-11-27 15:53:20]: SELECT ctg_id, category_name  FROM  category     []
[SQL_LOG:2020-11-27 15:53:20]: SELECT item_id, item_name, price, image, ctg_id  FROM  item     []
[SQL_LOG:2020-11-27 15:53:21]: SELECT ctg_id, category_name  FROM  category     []
[SQL_LOG:2020-11-27 15:53:21]: SELECT item_id, item_name, price, image, ctg_id  FROM  item  WHERE  ctg_id = ?     [2]
[SQL_LOG:2020-11-27 15:53:22]: SELECT ctg_id, category_name  FROM  category     []
[SQL_LOG:2020-11-27 15:53:22]: SELECT item_id, item_name, price, image, ctg_id  FROM  item  WHERE  ctg_id = ?     [1]
[SQL_LOG:2020-11-27 15:53:22]: SELECT ctg_id, category_name  FROM  category     []
[SQL_LOG:2020-11-27 15:53:22]: SELECT item_id, item_name, price, image, ctg_id  FROM  item     []
[SQL_LOG:2020-11-27 15:53:23]: SELECT ctg_id, category_name  FROM  category     []
[SQL_LOG:2020-11-27 15:53:23]: SELECT item_id, item_name, price, image, ctg_id  FROM  item  WHERE  ctg_id = ?     [3]
[SQL_LOG:2020-11-27 15:56:11]: SELECT ctg_id, category_name  FROM  category     []
[SQL_LOG:2020-11-27 15:56:11]: SELECT item_id, item_name, price, image, ctg_id  FROM  item     []
[SQL_LOG:2020-11-27 15:56:18]: SELECT c.crt_id, i.item_id, i.item_name, i.price, i.image FROM  cart c LEFT JOIN item i ON c.item_id = i.item_id  WHERE  c.mem_id = ? AND c.delete_flg = ?    [7,0]
[SQL_LOG:2020-11-27 15:56:18]: SELECT SUM(i.price) AS totalPrice  FROM  cart c LEFT JOIN item i ON c.item_id = i.item_id  WHERE  c.mem_id = ? AND c.delete_flg = ?    [7,0]
[SQL_LOG:2020-11-27 15:56:18]: SELECT SUM(num) AS num  FROM  cart c  WHERE  c.mem_id = ? AND c.delete_flg = ?    [7,0]
[SQL_LOG:2020-11-27 15:56:19]: SELECT ctg_id, category_name  FROM  category     []
[SQL_LOG:2020-11-27 15:56:19]: SELECT item_id, item_name, price, image, ctg_id  FROM  item     []
[SQL_LOG:2020-11-27 15:56:30]: SELECT mem_id, family_name, first_name, family_name_kana, first_name_kana, email, user_id, sex, traffic, regist_date, update_date  FROM  member     []
[SQL_LOG:2020-11-27 15:56:30]: SELECT c.crt_id, i.item_id, i.item_name, i.price, i.image FROM  cart c LEFT JOIN item i ON c.item_id = i.item_id  WHERE  c.mem_id = ? AND c.delete_flg = ?    [7,0]
[SQL_LOG:2020-11-27 15:56:30]: SELECT SUM(i.price) AS totalPrice  FROM  cart c LEFT JOIN item i ON c.item_id = i.item_id  WHERE  c.mem_id = ? AND c.delete_flg = ?    [7,0]
[SQL_LOG:2020-11-27 15:56:30]: SELECT SUM(num) AS num  FROM  cart c  WHERE  c.mem_id = ? AND c.delete_flg = ?    [7,0]
[SQL_LOG:2020-11-27 15:56:31]: SELECT ctg_id, category_name  FROM  category     []
[SQL_LOG:2020-11-27 15:56:31]: SELECT item_id, item_name, price, image, ctg_id  FROM  item     []
[SQL_LOG:2020-11-27 15:56:56]: SELECT ctg_id, category_name  FROM  category     []
[SQL_LOG:2020-11-27 15:56:56]: SELECT  item_id, item_name, price, image, ctg_id  FROM item    []
[SQL_LOG:2020-11-27 15:56:59]: SELECT ctg_id, category_name  FROM  category     []
[SQL_LOG:2020-11-27 15:56:59]: SELECT  item_id, item_name, price, image, ctg_id  FROM item WHERE  item_name LIKE ?     [%jjhio%]
[SQL_LOG:2020-11-27 15:57:05]: SELECT ctg_id, category_name  FROM  category     []
[SQL_LOG:2020-11-27 15:57:05]: SELECT  item_id, item_name, price, image, ctg_id  FROM item WHERE  item_name LIKE ?     [%た%]
[SQL_LOG:2020-11-27 15:57:16]: SELECT ctg_id, category_name  FROM  category     []
[SQL_LOG:2020-11-27 15:57:16]: SELECT item_id, item_name, price, image, ctg_id  FROM  item     []
[SQL_LOG:2020-11-27 15:57:37]: SELECT ctg_id, category_name  FROM  category     []
[SQL_LOG:2020-11-27 15:57:37]: SELECT item_id, item_name, price, image, ctg_id  FROM  item     []
[SQL_LOG:2020-11-27 15:57:45]: SELECT ctg_id, category_name  FROM  category     []
[SQL_LOG:2020-11-27 15:57:45]: SELECT item_id, item_name, price, image, ctg_id  FROM  item     []
[SQL_LOG:2020-11-27 15:58:18]: SELECT ctg_id, category_name  FROM  category     []
[SQL_LOG:2020-11-27 15:58:18]: SELECT item_id, item_name, price, image, ctg_id  FROM  item     []
[SQL_LOG:2020-11-27 15:58:36]: SELECT ctg_id, category_name  FROM  category     []
[SQL_LOG:2020-11-27 15:58:36]: SELECT item_id, item_name, price, image, ctg_id  FROM  item     []
[SQL_LOG:2020-11-27 15:58:37]: SELECT mem_id, family_name, first_name, family_name_kana, first_name_kana, email, user_id, sex, traffic, regist_date, update_date  FROM  member     []
[SQL_LOG:2020-11-27 15:58:38]: SELECT ctg_id, category_name  FROM  category     []
[SQL_LOG:2020-11-27 15:58:38]: SELECT item_id, item_name, price, image, ctg_id  FROM  item     []
[SQL_LOG:2020-11-27 15:59:46]: SELECT ctg_id, category_name  FROM  category     []
[SQL_LOG:2020-11-27 15:59:46]: SELECT item_id, item_name, price, image, ctg_id  FROM  item     []
[SQL_LOG:2020-11-27 15:59:46]: SELECT ctg_id, category_name  FROM  category     []
[SQL_LOG:2020-11-27 15:59:46]: SELECT item_id, item_name, price, image, ctg_id  FROM  item     []
[SQL_LOG:2020-11-27 15:59:47]: SELECT ctg_id, category_name  FROM  category     []
[SQL_LOG:2020-11-27 15:59:47]: SELECT item_id, item_name, price, image, ctg_id  FROM  item     []
[SQL_LOG:2020-11-27 15:59:53]: SELECT ctg_id, category_name  FROM  category     []
[SQL_LOG:2020-11-27 15:59:53]: SELECT item_id, item_name, price, image, ctg_id  FROM  item     []
[SQL_LOG:2020-11-27 15:59:54]: SELECT ctg_id, category_name  FROM  category     []
[SQL_LOG:2020-11-27 15:59:54]: SELECT item_id, item_name, price, image, ctg_id  FROM  item     []
[SQL_LOG:2020-11-27 16:00:02]: SELECT ctg_id, category_name  FROM  category     []
[SQL_LOG:2020-11-27 16:00:02]: SELECT item_id, item_name, price, image, ctg_id  FROM  item     []
[SQL_LOG:2020-11-27 16:00:07]: SELECT ctg_id, category_name  FROM  category     []
[SQL_LOG:2020-11-27 16:00:07]: SELECT item_id, item_name, price, image, ctg_id  FROM  item     []
[SQL_LOG:2020-11-27 16:00:08]: SELECT ctg_id, category_name  FROM  category     []
[SQL_LOG:2020-11-27 16:00:08]: SELECT item_id, item_name, price, image, ctg_id  FROM  item     []
[SQL_LOG:2020-11-27 16:00:09]: SELECT ctg_id, category_name  FROM  category     []
[SQL_LOG:2020-11-27 16:00:09]: SELECT item_id, item_name, price, image, ctg_id  FROM  item     []
[SQL_LOG:2020-11-27 16:00:09]: SELECT ctg_id, category_name  FROM  category     []
[SQL_LOG:2020-11-27 16:00:09]: SELECT item_id, item_name, price, image, ctg_id  FROM  item     []
[SQL_LOG:2020-11-27 16:00:12]: SELECT ctg_id, category_name  FROM  category     []
[SQL_LOG:2020-11-27 16:00:12]: SELECT item_id, item_name, price, image, ctg_id  FROM  item     []
[SQL_LOG:2020-11-27 16:00:13]: SELECT ctg_id, category_name  FROM  category     []
[SQL_LOG:2020-11-27 16:00:13]: SELECT item_id, item_name, detail, price, image, ctg_id FROM  item  WHERE  item_id = ?     [1]
[SQL_LOG:2020-11-27 16:00:13]: SELECT COUNT(*) AS NUM  FROM  likes  WHERE  item_id = ?     [1]
[SQL_LOG:2020-11-27 16:00:13]: SELECT *  FROM  likes  WHERE  item_id = ? AND mem_id = ?     [1,7]
[SQL_LOG:2020-11-27 16:00:15]: SELECT ctg_id, category_name  FROM  category     []
[SQL_LOG:2020-11-27 16:00:15]: SELECT item_id, item_name, detail, price, image, ctg_id FROM  item  WHERE  item_id = ?     [1]
[SQL_LOG:2020-11-27 16:00:15]: SELECT COUNT(*) AS NUM  FROM  likes  WHERE  item_id = ?     [1]
[SQL_LOG:2020-11-27 16:00:15]: SELECT *  FROM  likes  WHERE  item_id = ? AND mem_id = ?     [1,7]
[SQL_LOG:2020-11-27 16:00:16]: SELECT ctg_id, category_name  FROM  category     []
[SQL_LOG:2020-11-27 16:00:16]: SELECT item_id, item_name, price, image, ctg_id  FROM  item     []
[SQL_LOG:2020-11-27 16:00:54]: SELECT ctg_id, category_name  FROM  category     []
[SQL_LOG:2020-11-27 16:00:54]: SELECT item_id, item_name, detail, price, image, ctg_id FROM  item  WHERE  item_id = ?     [1]
[SQL_LOG:2020-11-27 16:00:54]: SELECT COUNT(*) AS NUM  FROM  likes  WHERE  item_id = ?     [1]
[SQL_LOG:2020-11-27 16:00:54]: SELECT *  FROM  likes  WHERE  item_id = ? AND mem_id = ?     [1,7]
