[SQL_LOG:2020-12-03 07:43:38]: SELECT ctg_id, category_name  FROM  category     []
[SQL_LOG:2020-12-03 07:43:38]: SELECT item_id, item_name, price, image, ctg_id  FROM  item     []
[SQL_LOG:2020-12-03 07:43:44]: SELECT ctg_id, category_name  FROM  category     []
[SQL_LOG:2020-12-03 07:43:44]: SELECT item_id, item_name, price, image, ctg_id  FROM  item     []
[SQL_LOG:2020-12-03 07:43:47]: SELECT c.crt_id, c.num, i.item_id, i.item_name, i.price, i.image FROM  cart c LEFT JOIN item i ON c.item_id = i.item_id  WHERE  c.mem_id = ? AND c.delete_flg = ?     [10,0]
[SQL_LOG:2020-12-03 07:43:47]: SELECT SUM(i.price) * c.num AS totalPrice  FROM  cart c LEFT JOIN item i ON c.item_id = i.item_id  WHERE  c.mem_id = ? AND c.delete_flg = ?    [10,0]
[SQL_LOG:2020-12-03 07:43:47]: SELECT SUM(num) AS num  FROM  cart c  WHERE  c.mem_id = ? AND c.delete_flg = ?    [10,0]
[SQL_LOG:2020-12-03 07:43:48]: SELECT ctg_id, category_name  FROM  category     []
[SQL_LOG:2020-12-03 07:43:48]: SELECT item_id, item_name, price, image, ctg_id  FROM  item     []
[SQL_LOG:2020-12-03 07:43:50]: SELECT ctg_id, category_name  FROM  category     []
[SQL_LOG:2020-12-03 07:43:50]: SELECT item_id, item_name, detail, price, image, ctg_id FROM  item  WHERE  item_id = ?     [1]
[SQL_LOG:2020-12-03 07:43:50]: SELECT COUNT(*) AS NUM  FROM  likes  WHERE  item_id = ?     [1]
[SQL_LOG:2020-12-03 07:43:50]: SELECT *  FROM  likes  WHERE  item_id = ? AND mem_id = ?     [1,10]
[SQL_LOG:2020-12-03 07:43:55]: INSERT INTO cart (mem_id,item_id,num,regist_date)VALUES(?,?,?,?) [10,1,17,2020-12-03 07:43:55]
[SQL_LOG:2020-12-03 07:43:55]: SELECT c.crt_id, c.num, i.item_id, i.item_name, i.price, i.image FROM  cart c LEFT JOIN item i ON c.item_id = i.item_id  WHERE  c.mem_id = ? AND c.delete_flg = ?     [10,0]
[SQL_LOG:2020-12-03 07:43:55]: SELECT SUM(i.price) * c.num AS totalPrice  FROM  cart c LEFT JOIN item i ON c.item_id = i.item_id  WHERE  c.mem_id = ? AND c.delete_flg = ?    [10,0]
[SQL_LOG:2020-12-03 07:43:55]: SELECT SUM(num) AS num  FROM  cart c  WHERE  c.mem_id = ? AND c.delete_flg = ?    [10,0]
[SQL_LOG:2020-12-03 07:48:06]: SELECT *  FROM  member  WHERE  mem_id = ?     [10]
[SQL_LOG:2020-12-03 07:48:08]: SELECT ctg_id, category_name  FROM  category     []
[SQL_LOG:2020-12-03 07:48:08]: SELECT item_id, item_name, price, image, ctg_id  FROM  item     []
[SQL_LOG:2020-12-03 07:48:11]: SELECT ctg_id, category_name  FROM  category     []
[SQL_LOG:2020-12-03 07:48:11]: SELECT item_id, item_name, detail, price, image, ctg_id FROM  item  WHERE  item_id = ?     [1]
[SQL_LOG:2020-12-03 07:48:11]: SELECT COUNT(*) AS NUM  FROM  likes  WHERE  item_id = ?     [1]
[SQL_LOG:2020-12-03 07:48:11]: SELECT *  FROM  likes  WHERE  item_id = ? AND mem_id = ?     [1,10]
[SQL_LOG:2020-12-03 07:50:09]: SELECT ctg_id, category_name  FROM  category     []
[SQL_LOG:2020-12-03 07:50:09]: SELECT item_id, item_name, price, image, ctg_id  FROM  item     []
[SQL_LOG:2020-12-03 07:50:11]: SELECT ctg_id, category_name  FROM  category     []
[SQL_LOG:2020-12-03 07:50:11]: SELECT item_id, item_name, detail, price, image, ctg_id FROM  item  WHERE  item_id = ?     [1]
[SQL_LOG:2020-12-03 07:50:11]: SELECT COUNT(*) AS NUM  FROM  likes  WHERE  item_id = ?     [1]
[SQL_LOG:2020-12-03 07:50:11]: SELECT *  FROM  likes  WHERE  item_id = ? AND mem_id = ?     [1,10]
[SQL_LOG:2020-12-03 07:50:44]: SELECT c.crt_id, c.num, i.item_id, i.item_name, i.price, i.image FROM  cart c LEFT JOIN item i ON c.item_id = i.item_id  WHERE  c.mem_id = ? AND c.delete_flg = ?     [10,0]
[SQL_LOG:2020-12-03 07:50:44]: SELECT SUM(i.price) * c.num AS totalPrice  FROM  cart c LEFT JOIN item i ON c.item_id = i.item_id  WHERE  c.mem_id = ? AND c.delete_flg = ?    [10,0]
[SQL_LOG:2020-12-03 07:50:44]: SELECT SUM(num) AS num  FROM  cart c  WHERE  c.mem_id = ? AND c.delete_flg = ?    [10,0]
[SQL_LOG:2020-12-03 07:52:58]: SELECT c.crt_id, c.num, i.item_id, i.item_name, i.price, i.image FROM  cart c LEFT JOIN item i ON c.item_id = i.item_id  WHERE  c.mem_id = ? AND c.delete_flg = ?     [10,0]
[SQL_LOG:2020-12-03 07:52:58]: SELECT SUM(i.price) * c.num AS totalPrice  FROM  cart c LEFT JOIN item i ON c.item_id = i.item_id  WHERE  c.mem_id = ? AND c.delete_flg = ?    [10,0]
[SQL_LOG:2020-12-03 07:52:58]: SELECT SUM(num) AS num  FROM  cart c  WHERE  c.mem_id = ? AND c.delete_flg = ?    [10,0]
[SQL_LOG:2020-12-03 08:01:56]: SELECT c.crt_id, c.num, i.item_id, i.item_name, i.price, i.image FROM  cart c LEFT JOIN item i ON c.item_id = i.item_id  WHERE  c.mem_id = ? AND c.delete_flg = ?     [10,0]
[SQL_LOG:2020-12-03 08:01:56]: SELECT SUM(i.price) * c.num AS totalPrice  FROM  cart c LEFT JOIN item i ON c.item_id = i.item_id  WHERE  c.mem_id = ? AND c.delete_flg = ?    [10,0]
[SQL_LOG:2020-12-03 08:01:56]: SELECT SUM(num) AS num  FROM  cart c  WHERE  c.mem_id = ? AND c.delete_flg = ?    [10,0]
[SQL_LOG:2020-12-03 09:08:03]: SELECT c.crt_id, c.num, i.item_id, i.item_name, i.price, i.image FROM  cart c LEFT JOIN item i ON c.item_id = i.item_id  WHERE  c.mem_id = ? AND c.delete_flg = ?     [10,0]
[SQL_LOG:2020-12-03 09:08:03]: SELECT SUM(i.price) * c.num AS totalPrice  FROM  cart c LEFT JOIN item i ON c.item_id = i.item_id  WHERE  c.mem_id = ? AND c.delete_flg = ?    [10,0]
[SQL_LOG:2020-12-03 09:08:03]: SELECT SUM(num) AS num  FROM  cart c  WHERE  c.mem_id = ? AND c.delete_flg = ?    [10,0]
[SQL_LOG:2020-12-03 09:08:15]: SELECT c.crt_id, c.num, i.item_id, i.item_name, i.price, i.image FROM  cart c LEFT JOIN item i ON c.item_id = i.item_id  WHERE  c.mem_id = ? AND c.delete_flg = ?     [10,0]
[SQL_LOG:2020-12-03 09:08:15]: SELECT SUM(i.price) * c.num AS totalPrice  FROM  cart c LEFT JOIN item i ON c.item_id = i.item_id  WHERE  c.mem_id = ? AND c.delete_flg = ?    [10,0]
[SQL_LOG:2020-12-03 09:08:15]: SELECT SUM(num) AS num  FROM  cart c  WHERE  c.mem_id = ? AND c.delete_flg = ?    [10,0]
[SQL_LOG:2020-12-03 09:08:20]: SELECT c.crt_id, c.num, i.item_id, i.item_name, i.price, i.image FROM  cart c LEFT JOIN item i ON c.item_id = i.item_id  WHERE  c.mem_id = ? AND c.delete_flg = ?     [10,0]
[SQL_LOG:2020-12-03 09:08:20]: SELECT SUM(i.price) * c.num AS totalPrice  FROM  cart c LEFT JOIN item i ON c.item_id = i.item_id  WHERE  c.mem_id = ? AND c.delete_flg = ?    [10,0]
[SQL_LOG:2020-12-03 09:08:20]: SELECT SUM(num) AS num  FROM  cart c  WHERE  c.mem_id = ? AND c.delete_flg = ?    [10,0]
[SQL_LOG:2020-12-03 09:08:27]: SELECT c.crt_id, c.num, i.item_id, i.item_name, i.price, i.image FROM  cart c LEFT JOIN item i ON c.item_id = i.item_id  WHERE  c.mem_id = ? AND c.delete_flg = ?     [10,0]
[SQL_LOG:2020-12-03 09:08:27]: SELECT SUM(i.price) * c.num AS totalPrice  FROM  cart c LEFT JOIN item i ON c.item_id = i.item_id  WHERE  c.mem_id = ? AND c.delete_flg = ?    [10,0]
[SQL_LOG:2020-12-03 09:08:27]: SELECT SUM(num) AS num  FROM  cart c  WHERE  c.mem_id = ? AND c.delete_flg = ?    [10,0]
[SQL_LOG:2020-12-03 09:16:00]: SELECT c.crt_id, c.num, i.item_id, i.item_name, i.price, i.image FROM  cart c LEFT JOIN item i ON c.item_id = i.item_id  WHERE  c.mem_id = ? AND c.delete_flg = ?     [10,0]
[SQL_LOG:2020-12-03 09:16:00]: SELECT SUM(i.price) * c.num AS totalPrice  FROM  cart c LEFT JOIN item i ON c.item_id = i.item_id  WHERE  c.mem_id = ? AND c.delete_flg = ?    [10,0]
[SQL_LOG:2020-12-03 09:16:00]: SELECT SUM(num) AS num  FROM  cart c  WHERE  c.mem_id = ? AND c.delete_flg = ?    [10,0]
[SQL_LOG:2020-12-03 09:17:18]: SELECT c.crt_id, c.num, i.item_id, i.item_name, i.price, i.image FROM  cart c LEFT JOIN item i ON c.item_id = i.item_id  WHERE  c.mem_id = ? AND c.delete_flg = ?     [10,0]
[SQL_LOG:2020-12-03 09:17:18]: SELECT SUM(i.price) * c.num AS totalPrice  FROM  cart c LEFT JOIN item i ON c.item_id = i.item_id  WHERE  c.mem_id = ? AND c.delete_flg = ?    [10,0]
[SQL_LOG:2020-12-03 09:17:18]: SELECT SUM(num) AS num  FROM  cart c  WHERE  c.mem_id = ? AND c.delete_flg = ?    [10,0]
[SQL_LOG:2020-12-03 09:17:18]: SELECT c.crt_id, c.num, i.item_id, i.item_name, i.price, i.image FROM  cart c LEFT JOIN item i ON c.item_id = i.item_id  WHERE  c.mem_id = ? AND c.delete_flg = ?     [10,0]
[SQL_LOG:2020-12-03 09:17:18]: SELECT SUM(i.price) * c.num AS totalPrice  FROM  cart c LEFT JOIN item i ON c.item_id = i.item_id  WHERE  c.mem_id = ? AND c.delete_flg = ?    [10,0]
[SQL_LOG:2020-12-03 09:17:18]: SELECT SUM(num) AS num  FROM  cart c  WHERE  c.mem_id = ? AND c.delete_flg = ?    [10,0]
[SQL_LOG:2020-12-03 09:17:19]: SELECT c.crt_id, c.num, i.item_id, i.item_name, i.price, i.image FROM  cart c LEFT JOIN item i ON c.item_id = i.item_id  WHERE  c.mem_id = ? AND c.delete_flg = ?     [10,0]
[SQL_LOG:2020-12-03 09:17:19]: SELECT SUM(i.price) * c.num AS totalPrice  FROM  cart c LEFT JOIN item i ON c.item_id = i.item_id  WHERE  c.mem_id = ? AND c.delete_flg = ?    [10,0]
[SQL_LOG:2020-12-03 09:17:19]: SELECT SUM(num) AS num  FROM  cart c  WHERE  c.mem_id = ? AND c.delete_flg = ?    [10,0]
[SQL_LOG:2020-12-03 09:17:19]: SELECT c.crt_id, c.num, i.item_id, i.item_name, i.price, i.image FROM  cart c LEFT JOIN item i ON c.item_id = i.item_id  WHERE  c.mem_id = ? AND c.delete_flg = ?     [10,0]
[SQL_LOG:2020-12-03 09:17:19]: SELECT SUM(i.price) * c.num AS totalPrice  FROM  cart c LEFT JOIN item i ON c.item_id = i.item_id  WHERE  c.mem_id = ? AND c.delete_flg = ?    [10,0]
[SQL_LOG:2020-12-03 09:17:19]: SELECT SUM(num) AS num  FROM  cart c  WHERE  c.mem_id = ? AND c.delete_flg = ?    [10,0]
[SQL_LOG:2020-12-03 09:20:29]: SELECT ctg_id, category_name  FROM  category     []
[SQL_LOG:2020-12-03 09:20:29]: SELECT item_id, item_name, price, image, ctg_id  FROM  item     []
[SQL_LOG:2020-12-03 09:20:33]: SELECT ctg_id, category_name  FROM  category     []
[SQL_LOG:2020-12-03 09:20:33]: SELECT item_id, item_name, price, image, ctg_id  FROM  item     []
[SQL_LOG:2020-12-03 09:20:36]: SELECT ctg_id, category_name  FROM  category     []
[SQL_LOG:2020-12-03 09:20:36]: SELECT item_id, item_name, detail, price, image, ctg_id FROM  item  WHERE  item_id = ?     [1]
[SQL_LOG:2020-12-03 09:20:36]: SELECT COUNT(*) AS NUM  FROM  likes  WHERE  item_id = ?     [1]
[SQL_LOG:2020-12-03 09:20:36]: SELECT *  FROM  likes  WHERE  item_id = ? AND mem_id = ?     [1,10]
[SQL_LOG:2020-12-03 09:20:38]: SELECT c.crt_id, c.num, i.item_id, i.item_name, i.price, i.image FROM  cart c LEFT JOIN item i ON c.item_id = i.item_id  WHERE  c.mem_id = ? AND c.delete_flg = ?     [10,0]
[SQL_LOG:2020-12-03 09:20:38]: SELECT SUM(i.price) * c.num AS totalPrice  FROM  cart c LEFT JOIN item i ON c.item_id = i.item_id  WHERE  c.mem_id = ? AND c.delete_flg = ?    [10,0]
[SQL_LOG:2020-12-03 09:20:38]: SELECT SUM(num) AS num  FROM  cart c  WHERE  c.mem_id = ? AND c.delete_flg = ?    [10,0]
[SQL_LOG:2020-12-03 09:20:53]: SELECT ctg_id, category_name  FROM  category     []
[SQL_LOG:2020-12-03 09:20:53]: SELECT item_id, item_name, price, image, ctg_id  FROM  item     []
[SQL_LOG:2020-12-03 09:20:55]: SELECT c.crt_id, c.num, i.item_id, i.item_name, i.price, i.image FROM  cart c LEFT JOIN item i ON c.item_id = i.item_id  WHERE  c.mem_id = ? AND c.delete_flg = ?     [10,0]
[SQL_LOG:2020-12-03 09:20:55]: SELECT SUM(i.price) * c.num AS totalPrice  FROM  cart c LEFT JOIN item i ON c.item_id = i.item_id  WHERE  c.mem_id = ? AND c.delete_flg = ?    [10,0]
[SQL_LOG:2020-12-03 09:20:55]: SELECT SUM(num) AS num  FROM  cart c  WHERE  c.mem_id = ? AND c.delete_flg = ?    [10,0]
[SQL_LOG:2020-12-03 09:22:21]: SELECT ctg_id, category_name  FROM  category     []
[SQL_LOG:2020-12-03 09:22:21]: SELECT item_id, item_name, price, image, ctg_id  FROM  item     []
[SQL_LOG:2020-12-03 09:22:26]: SELECT ctg_id, category_name  FROM  category     []
[SQL_LOG:2020-12-03 09:22:26]: SELECT item_id, item_name, price, image, ctg_id  FROM  item     []
[SQL_LOG:2020-12-03 09:22:28]: SELECT c.crt_id, c.num, i.item_id, i.item_name, i.price, i.image FROM  cart c LEFT JOIN item i ON c.item_id = i.item_id  WHERE  c.mem_id = ? AND c.delete_flg = ?     [10,0]
[SQL_LOG:2020-12-03 09:22:28]: SELECT SUM(i.price) * c.num AS totalPrice  FROM  cart c LEFT JOIN item i ON c.item_id = i.item_id  WHERE  c.mem_id = ? AND c.delete_flg = ?    [10,0]
[SQL_LOG:2020-12-03 09:22:28]: SELECT SUM(num) AS num  FROM  cart c  WHERE  c.mem_id = ? AND c.delete_flg = ?    [10,0]
[SQL_LOG:2020-12-03 09:22:40]: SELECT ctg_id, category_name  FROM  category     []
[SQL_LOG:2020-12-03 09:22:40]: SELECT item_id, item_name, price, image, ctg_id  FROM  item     []
[SQL_LOG:2020-12-03 09:22:41]: SELECT ctg_id, category_name  FROM  category     []
[SQL_LOG:2020-12-03 09:22:41]: SELECT item_id, item_name, detail, price, image, ctg_id FROM  item  WHERE  item_id = ?     [1]
[SQL_LOG:2020-12-03 09:22:41]: SELECT COUNT(*) AS NUM  FROM  likes  WHERE  item_id = ?     [1]
[SQL_LOG:2020-12-03 09:22:41]: SELECT *  FROM  likes  WHERE  item_id = ? AND mem_id = ?     [1,10]
[SQL_LOG:2020-12-03 09:23:07]: SELECT ctg_id, category_name  FROM  category     []
[SQL_LOG:2020-12-03 09:23:07]: SELECT item_id, item_name, detail, price, image, ctg_id FROM  item  WHERE  item_id = ?     [1]
[SQL_LOG:2020-12-03 09:23:07]: SELECT COUNT(*) AS NUM  FROM  likes  WHERE  item_id = ?     [1]
[SQL_LOG:2020-12-03 09:23:07]: SELECT *  FROM  likes  WHERE  item_id = ? AND mem_id = ?     [1,10]
[SQL_LOG:2020-12-03 09:29:39]: SELECT ctg_id, category_name  FROM  category     []
[SQL_LOG:2020-12-03 09:29:39]: SELECT item_id, item_name, detail, price, image, ctg_id FROM  item  WHERE  item_id = ?     [1]
[SQL_LOG:2020-12-03 09:29:39]: SELECT COUNT(*) AS NUM  FROM  likes  WHERE  item_id = ?     [1]
[SQL_LOG:2020-12-03 09:29:39]: SELECT *  FROM  likes  WHERE  item_id = ? AND mem_id = ?     [1,10]
[SQL_LOG:2020-12-03 09:31:47]: SELECT ctg_id, category_name  FROM  category     []
[SQL_LOG:2020-12-03 09:31:47]: SELECT item_id, item_name, detail, price, image, ctg_id FROM  item  WHERE  item_id = ?     [1]
[SQL_LOG:2020-12-03 09:31:47]: SELECT COUNT(*) AS NUM  FROM  likes  WHERE  item_id = ?     [1]
[SQL_LOG:2020-12-03 09:31:47]: SELECT *  FROM  likes  WHERE  item_id = ? AND mem_id = ?     [1,10]
[SQL_LOG:2020-12-03 09:37:32]: SELECT ctg_id, category_name  FROM  category     []
[SQL_LOG:2020-12-03 09:37:32]: SELECT item_id, item_name, detail, price, image, ctg_id FROM  item  WHERE  item_id = ?     [1]
[SQL_LOG:2020-12-03 09:37:32]: SELECT COUNT(*) AS NUM  FROM  likes  WHERE  item_id = ?     [1]
[SQL_LOG:2020-12-03 09:37:32]: SELECT *  FROM  likes  WHERE  item_id = ? AND mem_id = ?     [1,10]
[SQL_LOG:2020-12-03 09:39:00]: SELECT ctg_id, category_name  FROM  category     []
[SQL_LOG:2020-12-03 09:39:00]: SELECT item_id, item_name, detail, price, image, ctg_id FROM  item  WHERE  item_id = ?     [1]
[SQL_LOG:2020-12-03 09:39:00]: SELECT COUNT(*) AS NUM  FROM  likes  WHERE  item_id = ?     [1]
[SQL_LOG:2020-12-03 09:39:00]: SELECT *  FROM  likes  WHERE  item_id = ? AND mem_id = ?     [1,10]
[SQL_LOG:2020-12-03 09:39:57]: SELECT ctg_id, category_name  FROM  category     []
[SQL_LOG:2020-12-03 09:39:57]: SELECT item_id, item_name, detail, price, image, ctg_id FROM  item  WHERE  item_id = ?     [1]
[SQL_LOG:2020-12-03 09:39:57]: SELECT COUNT(*) AS NUM  FROM  likes  WHERE  item_id = ?     [1]
[SQL_LOG:2020-12-03 09:39:57]: SELECT *  FROM  likes  WHERE  item_id = ? AND mem_id = ?     [1,10]
[SQL_LOG:2020-12-03 09:40:03]: SELECT ctg_id, category_name  FROM  category     []
[SQL_LOG:2020-12-03 09:40:03]: SELECT item_id, item_name, detail, price, image, ctg_id FROM  item  WHERE  item_id = ?     [1]
[SQL_LOG:2020-12-03 09:40:03]: SELECT COUNT(*) AS NUM  FROM  likes  WHERE  item_id = ?     [1]
[SQL_LOG:2020-12-03 09:40:03]: SELECT *  FROM  likes  WHERE  item_id = ? AND mem_id = ?     [1,10]
[SQL_LOG:2020-12-03 09:41:17]: SELECT ctg_id, category_name  FROM  category     []
[SQL_LOG:2020-12-03 09:41:17]: SELECT item_id, item_name, detail, price, image, ctg_id FROM  item  WHERE  item_id = ?     [1]
[SQL_LOG:2020-12-03 09:41:17]: SELECT COUNT(*) AS NUM  FROM  likes  WHERE  item_id = ?     [1]
[SQL_LOG:2020-12-03 09:41:17]: SELECT *  FROM  likes  WHERE  item_id = ? AND mem_id = ?     [1,10]
[SQL_LOG:2020-12-03 09:41:56]: SELECT ctg_id, category_name  FROM  category     []
[SQL_LOG:2020-12-03 09:41:56]: SELECT item_id, item_name, detail, price, image, ctg_id FROM  item  WHERE  item_id = ?     [1]
[SQL_LOG:2020-12-03 09:41:56]: SELECT COUNT(*) AS NUM  FROM  likes  WHERE  item_id = ?     [1]
[SQL_LOG:2020-12-03 09:41:56]: SELECT *  FROM  likes  WHERE  item_id = ? AND mem_id = ?     [1,10]
[SQL_LOG:2020-12-03 09:44:30]: SELECT ctg_id, category_name  FROM  category     []
[SQL_LOG:2020-12-03 09:44:30]: SELECT item_id, item_name, detail, price, image, ctg_id FROM  item  WHERE  item_id = ?     [1]
[SQL_LOG:2020-12-03 09:44:30]: SELECT COUNT(*) AS NUM  FROM  likes  WHERE  item_id = ?     [1]
[SQL_LOG:2020-12-03 09:44:30]: SELECT *  FROM  likes  WHERE  item_id = ? AND mem_id = ?     [1,10]
[SQL_LOG:2020-12-03 09:44:31]: SELECT ctg_id, category_name  FROM  category     []
[SQL_LOG:2020-12-03 09:44:31]: SELECT item_id, item_name, detail, price, image, ctg_id FROM  item  WHERE  item_id = ?     [1]
[SQL_LOG:2020-12-03 09:44:31]: SELECT COUNT(*) AS NUM  FROM  likes  WHERE  item_id = ?     [1]
[SQL_LOG:2020-12-03 09:44:31]: SELECT *  FROM  likes  WHERE  item_id = ? AND mem_id = ?     [1,10]
[SQL_LOG:2020-12-03 09:46:48]: SELECT ctg_id, category_name  FROM  category     []
[SQL_LOG:2020-12-03 09:46:48]: SELECT item_id, item_name, price, image, ctg_id  FROM  item     []
[SQL_LOG:2020-12-03 09:46:50]: SELECT ctg_id, category_name  FROM  category     []
[SQL_LOG:2020-12-03 09:46:50]: SELECT item_id, item_name, detail, price, image, ctg_id FROM  item  WHERE  item_id = ?     [1]
[SQL_LOG:2020-12-03 09:46:50]: SELECT COUNT(*) AS NUM  FROM  likes  WHERE  item_id = ?     [1]
[SQL_LOG:2020-12-03 09:46:50]: SELECT *  FROM  likes  WHERE  item_id = ? AND mem_id = ?     [1,10]
[SQL_LOG:2020-12-03 09:46:51]: SELECT ctg_id, category_name  FROM  category     []
[SQL_LOG:2020-12-03 09:46:51]: SELECT item_id, item_name, price, image, ctg_id  FROM  item     []
[SQL_LOG:2020-12-03 09:47:01]: SELECT ctg_id, category_name  FROM  category     []
[SQL_LOG:2020-12-03 09:47:01]: SELECT item_id, item_name, price, image, ctg_id  FROM  item     []
[SQL_LOG:2020-12-03 09:47:02]: SELECT ctg_id, category_name  FROM  category     []
[SQL_LOG:2020-12-03 09:47:02]: SELECT item_id, item_name, price, image, ctg_id  FROM  item     []
[SQL_LOG:2020-12-03 09:47:07]: SELECT ctg_id, category_name  FROM  category     []
[SQL_LOG:2020-12-03 09:47:07]: SELECT item_id, item_name, detail, price, image, ctg_id FROM  item  WHERE  item_id = ?     [1]
[SQL_LOG:2020-12-03 09:47:07]: SELECT COUNT(*) AS NUM  FROM  likes  WHERE  item_id = ?     [1]
[SQL_LOG:2020-12-03 09:47:07]: SELECT *  FROM  likes  WHERE  item_id = ? AND mem_id = ?     [1,10]
[SQL_LOG:2020-12-03 09:48:17]: SELECT c.crt_id, c.num, i.item_id, i.item_name, i.price, i.image FROM  cart c LEFT JOIN item i ON c.item_id = i.item_id  WHERE  c.mem_id = ? AND c.delete_flg = ?     [10,0]
[SQL_LOG:2020-12-03 09:48:17]: SELECT SUM(i.price) * c.num AS totalPrice  FROM  cart c LEFT JOIN item i ON c.item_id = i.item_id  WHERE  c.mem_id = ? AND c.delete_flg = ?    [10,0]
[SQL_LOG:2020-12-03 09:48:17]: SELECT SUM(num) AS num  FROM  cart c  WHERE  c.mem_id = ? AND c.delete_flg = ?    [10,0]
[SQL_LOG:2020-12-03 09:49:04]: SELECT ctg_id, category_name  FROM  category     []
[SQL_LOG:2020-12-03 09:49:04]: SELECT item_id, item_name, price, image, ctg_id  FROM  item     []
[SQL_LOG:2020-12-03 09:49:07]: SELECT ctg_id, category_name  FROM  category     []
[SQL_LOG:2020-12-03 09:49:07]: SELECT item_id, item_name, detail, price, image, ctg_id FROM  item  WHERE  item_id = ?     [1]
[SQL_LOG:2020-12-03 09:49:07]: SELECT COUNT(*) AS NUM  FROM  likes  WHERE  item_id = ?     [1]
[SQL_LOG:2020-12-03 09:49:07]: SELECT *  FROM  likes  WHERE  item_id = ? AND mem_id = ?     [1,10]
[SQL_LOG:2020-12-03 09:49:09]: SELECT ctg_id, category_name  FROM  category     []
[SQL_LOG:2020-12-03 09:49:09]: SELECT item_id, item_name, detail, price, image, ctg_id FROM  item  WHERE  item_id = ?     [1]
[SQL_LOG:2020-12-03 09:49:09]: SELECT COUNT(*) AS NUM  FROM  likes  WHERE  item_id = ?     [1]
[SQL_LOG:2020-12-03 09:49:09]: SELECT *  FROM  likes  WHERE  item_id = ? AND mem_id = ?     [1,10]
[SQL_LOG:2020-12-03 09:50:19]: SELECT ctg_id, category_name  FROM  category     []
[SQL_LOG:2020-12-03 09:50:19]: SELECT item_id, item_name, detail, price, image, ctg_id FROM  item  WHERE  item_id = ?     [1]
[SQL_LOG:2020-12-03 09:50:19]: SELECT COUNT(*) AS NUM  FROM  likes  WHERE  item_id = ?     [1]
[SQL_LOG:2020-12-03 09:50:19]: SELECT *  FROM  likes  WHERE  item_id = ? AND mem_id = ?     [1,10]
[SQL_LOG:2020-12-03 09:53:30]: SELECT ctg_id, category_name  FROM  category     []
[SQL_LOG:2020-12-03 09:53:30]: SELECT item_id, item_name, detail, price, image, ctg_id FROM  item  WHERE  item_id = ?     [1]
[SQL_LOG:2020-12-03 09:53:30]: SELECT COUNT(*) AS NUM  FROM  likes  WHERE  item_id = ?     [1]
[SQL_LOG:2020-12-03 09:53:30]: SELECT *  FROM  likes  WHERE  item_id = ? AND mem_id = ?     [1,10]
[SQL_LOG:2020-12-03 09:54:05]: SELECT ctg_id, category_name  FROM  category     []
[SQL_LOG:2020-12-03 09:54:05]: SELECT item_id, item_name, detail, price, image, ctg_id FROM  item  WHERE  item_id = ?     [1]
[SQL_LOG:2020-12-03 09:54:05]: SELECT COUNT(*) AS NUM  FROM  likes  WHERE  item_id = ?     [1]
[SQL_LOG:2020-12-03 09:54:05]: SELECT *  FROM  likes  WHERE  item_id = ? AND mem_id = ?     [1,10]
[SQL_LOG:2020-12-03 09:57:17]: INSERT INTO cart (mem_id,item_id,num,regist_date)VALUES(?,?,?,?) [10,1,4,2020-12-03 09:57:17]
[SQL_LOG:2020-12-03 09:57:17]: SELECT c.crt_id, c.num, i.item_id, i.item_name, i.price, i.image FROM  cart c LEFT JOIN item i ON c.item_id = i.item_id  WHERE  c.mem_id = ? AND c.delete_flg = ?     [10,0]
[SQL_LOG:2020-12-03 09:57:17]: SELECT SUM(i.price) * c.num AS totalPrice  FROM  cart c LEFT JOIN item i ON c.item_id = i.item_id  WHERE  c.mem_id = ? AND c.delete_flg = ?    [10,0]
[SQL_LOG:2020-12-03 09:57:17]: SELECT SUM(num) AS num  FROM  cart c  WHERE  c.mem_id = ? AND c.delete_flg = ?    [10,0]
[SQL_LOG:2020-12-03 09:58:41]: INSERT INTO cart (mem_id,item_id,num,regist_date)VALUES(?,?,?,?) [10,1,4,2020-12-03 09:58:41]
[SQL_LOG:2020-12-03 09:58:41]: SELECT c.crt_id, c.num, i.item_id, i.item_name, i.price, i.image FROM  cart c LEFT JOIN item i ON c.item_id = i.item_id  WHERE  c.mem_id = ? AND c.delete_flg = ?     [10,0]
[SQL_LOG:2020-12-03 09:58:41]: SELECT SUM(i.price) * c.num AS totalPrice  FROM  cart c LEFT JOIN item i ON c.item_id = i.item_id  WHERE  c.mem_id = ? AND c.delete_flg = ?    [10,0]
[SQL_LOG:2020-12-03 09:58:41]: SELECT SUM(num) AS num  FROM  cart c  WHERE  c.mem_id = ? AND c.delete_flg = ?    [10,0]
[SQL_LOG:2020-12-03 09:58:43]: SELECT ctg_id, category_name  FROM  category     []
[SQL_LOG:2020-12-03 09:58:43]: SELECT item_id, item_name, price, image, ctg_id  FROM  item     []
[SQL_LOG:2020-12-03 09:58:45]: SELECT ctg_id, category_name  FROM  category     []
[SQL_LOG:2020-12-03 09:58:45]: SELECT item_id, item_name, detail, price, image, ctg_id FROM  item  WHERE  item_id = ?     [1]
[SQL_LOG:2020-12-03 09:58:45]: SELECT COUNT(*) AS NUM  FROM  likes  WHERE  item_id = ?     [1]
[SQL_LOG:2020-12-03 09:58:45]: SELECT *  FROM  likes  WHERE  item_id = ? AND mem_id = ?     [1,10]
[SQL_LOG:2020-12-03 09:58:50]: SELECT *  FROM  likes  WHERE  item_id = ? AND mem_id = ?     [1,10]
[SQL_LOG:2020-12-03 09:58:50]: DELETE FROM likes WHERE item_id = ? AND mem_id = ?  [1,10]
[SQL_LOG:2020-12-03 09:58:50]: SELECT COUNT(*) AS NUM  FROM  likes  WHERE  item_id = ?     [1]
[SQL_LOG:2020-12-03 09:58:51]: SELECT *  FROM  likes  WHERE  item_id = ? AND mem_id = ?     [1,10]
[SQL_LOG:2020-12-03 09:58:51]: INSERT INTO likes (item_id,mem_id,regist_date)VALUES(?,?,?) [1,10,2020-12-03 09:58:51]
[SQL_LOG:2020-12-03 09:58:51]: SELECT COUNT(*) AS NUM  FROM  likes  WHERE  item_id = ?     [1]
[SQL_LOG:2020-12-03 09:58:53]: INSERT INTO cart (mem_id,item_id,num,regist_date)VALUES(?,?,?,?) [10,1,4,2020-12-03 09:58:53]
[SQL_LOG:2020-12-03 09:58:53]: SELECT c.crt_id, c.num, i.item_id, i.item_name, i.price, i.image FROM  cart c LEFT JOIN item i ON c.item_id = i.item_id  WHERE  c.mem_id = ? AND c.delete_flg = ?     [10,0]
[SQL_LOG:2020-12-03 09:58:53]: SELECT SUM(i.price) * c.num AS totalPrice  FROM  cart c LEFT JOIN item i ON c.item_id = i.item_id  WHERE  c.mem_id = ? AND c.delete_flg = ?    [10,0]
[SQL_LOG:2020-12-03 09:58:53]: SELECT SUM(num) AS num  FROM  cart c  WHERE  c.mem_id = ? AND c.delete_flg = ?    [10,0]
[SQL_LOG:2020-12-03 09:58:58]: UPDATE cart  SET delete_date =? ,delete_flg =?  WHERE  crt_id = ?  [2020-12-03 09:58:58,1,144]
[SQL_LOG:2020-12-03 09:58:58]: SELECT c.crt_id, c.num, i.item_id, i.item_name, i.price, i.image FROM  cart c LEFT JOIN item i ON c.item_id = i.item_id  WHERE  c.mem_id = ? AND c.delete_flg = ?     [10,0]
[SQL_LOG:2020-12-03 09:58:58]: SELECT SUM(i.price) * c.num AS totalPrice  FROM  cart c LEFT JOIN item i ON c.item_id = i.item_id  WHERE  c.mem_id = ? AND c.delete_flg = ?    [10,0]
[SQL_LOG:2020-12-03 09:58:58]: SELECT SUM(num) AS num  FROM  cart c  WHERE  c.mem_id = ? AND c.delete_flg = ?    [10,0]
[SQL_LOG:2020-12-03 09:58:59]: UPDATE cart  SET delete_date =? ,delete_flg =?  WHERE  crt_id = ?  [2020-12-03 09:58:59,1,145]
[SQL_LOG:2020-12-03 09:58:59]: SELECT c.crt_id, c.num, i.item_id, i.item_name, i.price, i.image FROM  cart c LEFT JOIN item i ON c.item_id = i.item_id  WHERE  c.mem_id = ? AND c.delete_flg = ?     [10,0]
[SQL_LOG:2020-12-03 09:58:59]: SELECT SUM(i.price) * c.num AS totalPrice  FROM  cart c LEFT JOIN item i ON c.item_id = i.item_id  WHERE  c.mem_id = ? AND c.delete_flg = ?    [10,0]
[SQL_LOG:2020-12-03 09:58:59]: SELECT SUM(num) AS num  FROM  cart c  WHERE  c.mem_id = ? AND c.delete_flg = ?    [10,0]
[SQL_LOG:2020-12-03 09:59:00]: UPDATE cart  SET delete_date =? ,delete_flg =?  WHERE  crt_id = ?  [2020-12-03 09:59:00,1,146]
[SQL_LOG:2020-12-03 09:59:00]: SELECT c.crt_id, c.num, i.item_id, i.item_name, i.price, i.image FROM  cart c LEFT JOIN item i ON c.item_id = i.item_id  WHERE  c.mem_id = ? AND c.delete_flg = ?     [10,0]
[SQL_LOG:2020-12-03 09:59:00]: SELECT SUM(i.price) * c.num AS totalPrice  FROM  cart c LEFT JOIN item i ON c.item_id = i.item_id  WHERE  c.mem_id = ? AND c.delete_flg = ?    [10,0]
[SQL_LOG:2020-12-03 09:59:00]: SELECT SUM(num) AS num  FROM  cart c  WHERE  c.mem_id = ? AND c.delete_flg = ?    [10,0]
[SQL_LOG:2020-12-03 09:59:03]: UPDATE cart  SET delete_date =? ,delete_flg =?  WHERE  crt_id = ?  [2020-12-03 09:59:03,1,147]
[SQL_LOG:2020-12-03 09:59:03]: SELECT c.crt_id, c.num, i.item_id, i.item_name, i.price, i.image FROM  cart c LEFT JOIN item i ON c.item_id = i.item_id  WHERE  c.mem_id = ? AND c.delete_flg = ?     [10,0]
[SQL_LOG:2020-12-03 09:59:03]: SELECT SUM(i.price) * c.num AS totalPrice  FROM  cart c LEFT JOIN item i ON c.item_id = i.item_id  WHERE  c.mem_id = ? AND c.delete_flg = ?    [10,0]
[SQL_LOG:2020-12-03 09:59:03]: SELECT SUM(num) AS num  FROM  cart c  WHERE  c.mem_id = ? AND c.delete_flg = ?    [10,0]
[SQL_LOG:2020-12-03 09:59:20]: UPDATE cart  SET delete_date =? ,delete_flg =?  WHERE  crt_id = ?  [2020-12-03 09:59:20,1,147]
[SQL_LOG:2020-12-03 09:59:20]: SELECT c.crt_id, c.num, i.item_id, i.item_name, i.price, i.image FROM  cart c LEFT JOIN item i ON c.item_id = i.item_id  WHERE  c.mem_id = ? AND c.delete_flg = ?     [10,0]
[SQL_LOG:2020-12-03 09:59:20]: SELECT SUM(i.price) * c.num AS totalPrice  FROM  cart c LEFT JOIN item i ON c.item_id = i.item_id  WHERE  c.mem_id = ? AND c.delete_flg = ?    [10,0]
[SQL_LOG:2020-12-03 09:59:20]: SELECT SUM(num) AS num  FROM  cart c  WHERE  c.mem_id = ? AND c.delete_flg = ?    [10,0]
[SQL_LOG:2020-12-03 09:59:24]: SELECT ctg_id, category_name  FROM  category     []
[SQL_LOG:2020-12-03 09:59:24]: SELECT item_id, item_name, price, image, ctg_id  FROM  item     []
[SQL_LOG:2020-12-03 09:59:26]: SELECT ctg_id, category_name  FROM  category     []
[SQL_LOG:2020-12-03 09:59:26]: SELECT item_id, item_name, detail, price, image, ctg_id FROM  item  WHERE  item_id = ?     [1]
[SQL_LOG:2020-12-03 09:59:26]: SELECT COUNT(*) AS NUM  FROM  likes  WHERE  item_id = ?     [1]
[SQL_LOG:2020-12-03 09:59:26]: SELECT *  FROM  likes  WHERE  item_id = ? AND mem_id = ?     [1,10]
[SQL_LOG:2020-12-03 10:00:34]: SELECT ctg_id, category_name  FROM  category     []
[SQL_LOG:2020-12-03 10:00:34]: SELECT item_id, item_name, detail, price, image, ctg_id FROM  item  WHERE  item_id = ?     [1]
[SQL_LOG:2020-12-03 10:00:34]: SELECT COUNT(*) AS NUM  FROM  likes  WHERE  item_id = ?     [1]
[SQL_LOG:2020-12-03 10:00:34]: SELECT *  FROM  likes  WHERE  item_id = ? AND mem_id = ?     [1,10]
[SQL_LOG:2020-12-03 10:00:41]: INSERT INTO cart (mem_id,item_id,num,regist_date)VALUES(?,?,?,?) [10,1,6,2020-12-03 10:00:41]
[SQL_LOG:2020-12-03 10:00:41]: SELECT c.crt_id, c.num, i.item_id, i.item_name, i.price, i.image FROM  cart c LEFT JOIN item i ON c.item_id = i.item_id  WHERE  c.mem_id = ? AND c.delete_flg = ?     [10,0]
[SQL_LOG:2020-12-03 10:00:41]: SELECT SUM(i.price) * c.num AS totalPrice  FROM  cart c LEFT JOIN item i ON c.item_id = i.item_id  WHERE  c.mem_id = ? AND c.delete_flg = ?    [10,0]
[SQL_LOG:2020-12-03 10:00:41]: SELECT SUM(num) AS num  FROM  cart c  WHERE  c.mem_id = ? AND c.delete_flg = ?    [10,0]
[SQL_LOG:2020-12-03 10:01:23]: SELECT ctg_id, category_name  FROM  category     []
[SQL_LOG:2020-12-03 10:01:23]: SELECT item_id, item_name, price, image, ctg_id  FROM  item     []
[SQL_LOG:2020-12-03 10:01:25]: SELECT ctg_id, category_name  FROM  category     []
[SQL_LOG:2020-12-03 10:01:25]: SELECT item_id, item_name, detail, price, image, ctg_id FROM  item  WHERE  item_id = ?     [1]
[SQL_LOG:2020-12-03 10:01:25]: SELECT COUNT(*) AS NUM  FROM  likes  WHERE  item_id = ?     [1]
[SQL_LOG:2020-12-03 10:01:25]: SELECT *  FROM  likes  WHERE  item_id = ? AND mem_id = ?     [1,10]
[SQL_LOG:2020-12-03 10:01:38]: SELECT *  FROM  likes  WHERE  item_id = ? AND mem_id = ?     [1,10]
[SQL_LOG:2020-12-03 10:01:38]: DELETE FROM likes WHERE item_id = ? AND mem_id = ?  [1,10]
[SQL_LOG:2020-12-03 10:01:38]: SELECT COUNT(*) AS NUM  FROM  likes  WHERE  item_id = ?     [1]
[SQL_LOG:2020-12-03 10:01:39]: SELECT *  FROM  likes  WHERE  item_id = ? AND mem_id = ?     [1,10]
[SQL_LOG:2020-12-03 10:01:39]: INSERT INTO likes (item_id,mem_id,regist_date)VALUES(?,?,?) [1,10,2020-12-03 10:01:39]
[SQL_LOG:2020-12-03 10:01:39]: SELECT COUNT(*) AS NUM  FROM  likes  WHERE  item_id = ?     [1]
[SQL_LOG:2020-12-03 10:01:44]: SELECT *  FROM  member  WHERE  mem_id = ?     [10]
[SQL_LOG:2020-12-03 10:01:45]: SELECT c.crt_id, c.num, i.item_id, i.item_name, i.price, i.image FROM  cart c LEFT JOIN item i ON c.item_id = i.item_id  WHERE  c.mem_id = ? AND c.delete_flg = ?     [10,0]
[SQL_LOG:2020-12-03 10:01:45]: SELECT SUM(i.price) * c.num AS totalPrice  FROM  cart c LEFT JOIN item i ON c.item_id = i.item_id  WHERE  c.mem_id = ? AND c.delete_flg = ?    [10,0]
[SQL_LOG:2020-12-03 10:01:45]: SELECT SUM(num) AS num  FROM  cart c  WHERE  c.mem_id = ? AND c.delete_flg = ?    [10,0]
[SQL_LOG:2020-12-03 10:02:28]: SELECT c.crt_id, c.num, i.item_id, i.item_name, i.price, i.image FROM  cart c LEFT JOIN item i ON c.item_id = i.item_id  WHERE  c.mem_id = ? AND c.delete_flg = ?     [10,0]
[SQL_LOG:2020-12-03 10:02:28]: SELECT SUM(i.price) * c.num AS totalPrice  FROM  cart c LEFT JOIN item i ON c.item_id = i.item_id  WHERE  c.mem_id = ? AND c.delete_flg = ?    [10,0]
[SQL_LOG:2020-12-03 10:02:28]: SELECT SUM(num) AS num  FROM  cart c  WHERE  c.mem_id = ? AND c.delete_flg = ?    [10,0]
[SQL_LOG:2020-12-03 10:02:39]: SELECT c.crt_id, c.num, i.item_id, i.item_name, i.price, i.image FROM  cart c LEFT JOIN item i ON c.item_id = i.item_id  WHERE  c.mem_id = ? AND c.delete_flg = ?     [10,0]
[SQL_LOG:2020-12-03 10:02:39]: SELECT SUM(i.price) * c.num AS totalPrice  FROM  cart c LEFT JOIN item i ON c.item_id = i.item_id  WHERE  c.mem_id = ? AND c.delete_flg = ?    [10,0]
[SQL_LOG:2020-12-03 10:02:39]: SELECT SUM(num) AS num  FROM  cart c  WHERE  c.mem_id = ? AND c.delete_flg = ?    [10,0]
[SQL_LOG:2020-12-03 10:02:57]: SELECT c.crt_id, c.num, i.item_id, i.item_name, i.price, i.image FROM  cart c LEFT JOIN item i ON c.item_id = i.item_id  WHERE  c.mem_id = ? AND c.delete_flg = ?     [10,0]
[SQL_LOG:2020-12-03 10:02:57]: SELECT SUM(i.price) * c.num AS totalPrice  FROM  cart c LEFT JOIN item i ON c.item_id = i.item_id  WHERE  c.mem_id = ? AND c.delete_flg = ?    [10,0]
[SQL_LOG:2020-12-03 10:02:57]: SELECT SUM(num) AS num  FROM  cart c  WHERE  c.mem_id = ? AND c.delete_flg = ?    [10,0]
[SQL_LOG:2020-12-03 10:02:58]: SELECT c.crt_id, c.num, i.item_id, i.item_name, i.price, i.image FROM  cart c LEFT JOIN item i ON c.item_id = i.item_id  WHERE  c.mem_id = ? AND c.delete_flg = ?     [10,0]
[SQL_LOG:2020-12-03 10:02:58]: SELECT SUM(i.price) * c.num AS totalPrice  FROM  cart c LEFT JOIN item i ON c.item_id = i.item_id  WHERE  c.mem_id = ? AND c.delete_flg = ?    [10,0]
[SQL_LOG:2020-12-03 10:02:58]: SELECT SUM(num) AS num  FROM  cart c  WHERE  c.mem_id = ? AND c.delete_flg = ?    [10,0]
[SQL_LOG:2020-12-03 13:32:34]: SELECT ctg_id, category_name  FROM  category     []
[SQL_LOG:2020-12-03 13:32:34]: SELECT item_id, item_name, price, image, ctg_id  FROM  item     []
[SQL_LOG:2020-12-03 13:32:38]: SELECT ctg_id, category_name  FROM  category     []
[SQL_LOG:2020-12-03 13:32:38]: SELECT item_id, item_name, detail, price, image, ctg_id FROM  item  WHERE  item_id = ?     [1]
[SQL_LOG:2020-12-03 13:32:38]: SELECT COUNT(*) AS NUM  FROM  likes  WHERE  item_id = ?     [1]
[SQL_LOG:2020-12-03 13:32:38]: SELECT *  FROM  likes  WHERE  item_id = ? AND mem_id = ?     [1,10]
[SQL_LOG:2020-12-03 13:32:45]: INSERT INTO cart (mem_id,item_id,num,regist_date)VALUES(?,?,?,?) [10,1,9,2020-12-03 13:32:45]
[SQL_LOG:2020-12-03 13:32:45]: SELECT c.crt_id, c.num, i.item_id, i.item_name, i.price, i.image FROM  cart c LEFT JOIN item i ON c.item_id = i.item_id  WHERE  c.mem_id = ? AND c.delete_flg = ?     [10,0]
[SQL_LOG:2020-12-03 13:32:45]: SELECT SUM(i.price) * c.num AS totalPrice  FROM  cart c LEFT JOIN item i ON c.item_id = i.item_id  WHERE  c.mem_id = ? AND c.delete_flg = ?    [10,0]
[SQL_LOG:2020-12-03 13:32:45]: SELECT SUM(num) AS num  FROM  cart c  WHERE  c.mem_id = ? AND c.delete_flg = ?    [10,0]
[SQL_LOG:2020-12-03 13:37:15]: SELECT ctg_id, category_name  FROM  category     []
[SQL_LOG:2020-12-03 13:37:15]: SELECT item_id, item_name, price, image, ctg_id  FROM  item     []
[SQL_LOG:2020-12-03 13:37:17]: SELECT ctg_id, category_name  FROM  category     []
[SQL_LOG:2020-12-03 13:37:17]: SELECT item_id, item_name, detail, price, image, ctg_id FROM  item  WHERE  item_id = ?     [1]
[SQL_LOG:2020-12-03 13:37:17]: SELECT COUNT(*) AS NUM  FROM  likes  WHERE  item_id = ?     [1]
[SQL_LOG:2020-12-03 13:37:17]: SELECT *  FROM  likes  WHERE  item_id = ? AND mem_id = ?     [1,10]
[SQL_LOG:2020-12-03 13:37:18]: SELECT *  FROM  likes  WHERE  item_id = ? AND mem_id = ?     [1,10]
[SQL_LOG:2020-12-03 13:37:18]: DELETE FROM likes WHERE item_id = ? AND mem_id = ?  [1,10]
[SQL_LOG:2020-12-03 13:37:18]: SELECT COUNT(*) AS NUM  FROM  likes  WHERE  item_id = ?     [1]
[SQL_LOG:2020-12-03 13:37:19]: SELECT *  FROM  likes  WHERE  item_id = ? AND mem_id = ?     [1,10]
[SQL_LOG:2020-12-03 13:37:19]: INSERT INTO likes (item_id,mem_id,regist_date)VALUES(?,?,?) [1,10,2020-12-03 13:37:19]
[SQL_LOG:2020-12-03 13:37:19]: SELECT COUNT(*) AS NUM  FROM  likes  WHERE  item_id = ?     [1]
[SQL_LOG:2020-12-03 13:37:20]: SELECT *  FROM  likes  WHERE  item_id = ? AND mem_id = ?     [1,10]
[SQL_LOG:2020-12-03 13:37:20]: DELETE FROM likes WHERE item_id = ? AND mem_id = ?  [1,10]
[SQL_LOG:2020-12-03 13:37:20]: SELECT COUNT(*) AS NUM  FROM  likes  WHERE  item_id = ?     [1]
[SQL_LOG:2020-12-03 13:37:22]: SELECT ctg_id, category_name  FROM  category     []
[SQL_LOG:2020-12-03 13:37:22]: SELECT item_id, item_name, detail, price, image, ctg_id FROM  item  WHERE  item_id = ?     [1]
[SQL_LOG:2020-12-03 13:37:22]: SELECT COUNT(*) AS NUM  FROM  likes  WHERE  item_id = ?     [1]
[SQL_LOG:2020-12-03 13:37:22]: SELECT *  FROM  likes  WHERE  item_id = ? AND mem_id = ?     [1,10]
[SQL_LOG:2020-12-03 13:37:24]: SELECT c.crt_id, c.num, i.item_id, i.item_name, i.price, i.image FROM  cart c LEFT JOIN item i ON c.item_id = i.item_id  WHERE  c.mem_id = ? AND c.delete_flg = ?     [10,0]
[SQL_LOG:2020-12-03 13:37:24]: SELECT SUM(i.price) * c.num AS totalPrice  FROM  cart c LEFT JOIN item i ON c.item_id = i.item_id  WHERE  c.mem_id = ? AND c.delete_flg = ?    [10,0]
[SQL_LOG:2020-12-03 13:37:24]: SELECT SUM(num) AS num  FROM  cart c  WHERE  c.mem_id = ? AND c.delete_flg = ?    [10,0]
[SQL_LOG:2020-12-03 13:39:39]: SELECT c.crt_id, c.num, i.item_id, i.item_name, i.price, i.image FROM  cart c LEFT JOIN item i ON c.item_id = i.item_id  WHERE  c.mem_id = ? AND c.delete_flg = ?     [10,0]
[SQL_LOG:2020-12-03 13:39:39]: SELECT SUM(i.price) * c.num AS totalPrice  FROM  cart c LEFT JOIN item i ON c.item_id = i.item_id  WHERE  c.mem_id = ? AND c.delete_flg = ?    [10,0]
[SQL_LOG:2020-12-03 13:39:39]: SELECT SUM(num) AS num  FROM  cart c  WHERE  c.mem_id = ? AND c.delete_flg = ?    [10,0]
[SQL_LOG:2020-12-03 13:40:20]: SELECT c.crt_id, c.num, i.item_id, i.item_name, i.price, i.image FROM  cart c LEFT JOIN item i ON c.item_id = i.item_id  WHERE  c.mem_id = ? AND c.delete_flg = ?     [10,0]
[SQL_LOG:2020-12-03 13:40:20]: SELECT SUM(i.price) * c.num AS totalPrice  FROM  cart c LEFT JOIN item i ON c.item_id = i.item_id  WHERE  c.mem_id = ? AND c.delete_flg = ?    [10,0]
[SQL_LOG:2020-12-03 13:40:20]: SELECT SUM(num) AS num  FROM  cart c  WHERE  c.mem_id = ? AND c.delete_flg = ?    [10,0]
[SQL_LOG:2020-12-03 13:40:20]: SELECT ctg_id, category_name  FROM  category     []
[SQL_LOG:2020-12-03 13:40:20]: SELECT item_id, item_name, price, image, ctg_id  FROM  item     []
[SQL_LOG:2020-12-03 13:40:23]: SELECT ctg_id, category_name  FROM  category     []
[SQL_LOG:2020-12-03 13:40:23]: SELECT item_id, item_name, detail, price, image, ctg_id FROM  item  WHERE  item_id = ?     [3]
[SQL_LOG:2020-12-03 13:40:23]: SELECT COUNT(*) AS NUM  FROM  likes  WHERE  item_id = ?     [3]
[SQL_LOG:2020-12-03 13:40:23]: SELECT *  FROM  likes  WHERE  item_id = ? AND mem_id = ?     [3,10]
[SQL_LOG:2020-12-03 13:40:26]: INSERT INTO cart (mem_id,item_id,num,regist_date)VALUES(?,?,?,?) [10,3,4,2020-12-03 13:40:26]
[SQL_LOG:2020-12-03 13:40:26]: SELECT c.crt_id, c.num, i.item_id, i.item_name, i.price, i.image FROM  cart c LEFT JOIN item i ON c.item_id = i.item_id  WHERE  c.mem_id = ? AND c.delete_flg = ?     [10,0]
[SQL_LOG:2020-12-03 13:40:26]: SELECT SUM(i.price) * c.num AS totalPrice  FROM  cart c LEFT JOIN item i ON c.item_id = i.item_id  WHERE  c.mem_id = ? AND c.delete_flg = ?    [10,0]
[SQL_LOG:2020-12-03 13:40:26]: SELECT SUM(num) AS num  FROM  cart c  WHERE  c.mem_id = ? AND c.delete_flg = ?    [10,0]
[SQL_LOG:2020-12-03 13:48:56]: SELECT ctg_id, category_name  FROM  category     []
[SQL_LOG:2020-12-03 13:48:56]: SELECT item_id, item_name, price, image, ctg_id  FROM  item     []
[SQL_LOG:2020-12-03 13:49:00]: SELECT ctg_id, category_name  FROM  category     []
[SQL_LOG:2020-12-03 13:49:00]: SELECT item_id, item_name, detail, price, image, ctg_id FROM  item  WHERE  item_id = ?     [1]
[SQL_LOG:2020-12-03 13:49:00]: SELECT COUNT(*) AS NUM  FROM  likes  WHERE  item_id = ?     [1]
[SQL_LOG:2020-12-03 13:49:00]: SELECT *  FROM  likes  WHERE  item_id = ? AND mem_id = ?     [1,10]
[SQL_LOG:2020-12-03 13:49:03]: INSERT INTO cart (mem_id,item_id,num,regist_date)VALUES(?,?,?,?) [10,1,5,2020-12-03 13:49:03]
[SQL_LOG:2020-12-03 13:49:03]: SELECT c.crt_id, c.num, i.item_id, i.item_name, i.price, i.image FROM  cart c LEFT JOIN item i ON c.item_id = i.item_id  WHERE  c.mem_id = ? AND c.delete_flg = ?     [10,0]
[SQL_LOG:2020-12-03 13:49:03]: SELECT SUM(i.price) * c.num AS totalPrice  FROM  cart c LEFT JOIN item i ON c.item_id = i.item_id  WHERE  c.mem_id = ? AND c.delete_flg = ?    [10,0]
[SQL_LOG:2020-12-03 13:49:03]: SELECT SUM(num) AS num  FROM  cart c  WHERE  c.mem_id = ? AND c.delete_flg = ?    [10,0]
