[SQL_LOG:2020-12-13 13:28:58]: SELECT ctg_id, category_name  FROM  category     []
[SQL_LOG:2020-12-13 13:28:58]: SELECT item_id, item_name, price, image, ctg_id  FROM  item     []
[SQL_LOG:2020-12-13 13:29:03]: SELECT *  FROM  member  WHERE  mem_id = ?     [7]
[SQL_LOG:2020-12-13 13:29:17]: SELECT ctg_id, category_name  FROM  category     []
[SQL_LOG:2020-12-13 13:29:17]: SELECT item_id, item_name, price, image, ctg_id  FROM  item     []
[SQL_LOG:2020-12-13 13:29:32]: SELECT ctg_id, category_name  FROM  category     []
[SQL_LOG:2020-12-13 13:29:32]: SELECT item_id, item_name, price, image, ctg_id  FROM  item     []
[SQL_LOG:2020-12-13 13:48:57]: SELECT ctg_id, category_name  FROM  category     []
[SQL_LOG:2020-12-13 13:48:57]: SELECT item_id, item_name, price, image, ctg_id  FROM  item     []
[SQL_LOG:2020-12-13 13:49:27]: SELECT ctg_id, category_name  FROM  category     []
[SQL_LOG:2020-12-13 13:49:27]: SELECT item_id, item_name, price, image, ctg_id  FROM  item     []
[SQL_LOG:2020-12-13 13:49:53]: SELECT *  FROM  member  WHERE  email = ?     [tttvvvaken@gmail.com]
[SQL_LOG:2020-12-13 13:49:53]: SELECT session_key  FROM  loginsession  WHERE  mem_id = ?     [7]
[SQL_LOG:2020-12-13 13:49:53]: SELECT ctg_id, category_name  FROM  category     []
[SQL_LOG:2020-12-13 13:49:53]: SELECT item_id, item_name, price, image, ctg_id  FROM  item     []
[SQL_LOG:2020-12-13 13:49:54]: SELECT *  FROM  member  WHERE  mem_id = ?     [7]
[SQL_LOG:2020-12-13 13:49:57]: SELECT *  FROM  member  WHERE  mem_id = ?     [7]
[SQL_LOG:2020-12-13 13:50:20]: SELECT *  FROM member WHERE  email = ?     [tttvvvaken@gmail.com]
[SQL_LOG:2020-12-13 13:50:27]: SELECT *  FROM  member  WHERE  mem_id = ?     [7]
[SQL_LOG:2020-12-13 13:50:33]: SELECT ctg_id, category_name  FROM  category     []
[SQL_LOG:2020-12-13 13:50:33]: SELECT item_id, item_name, price, image, ctg_id  FROM  item     []
[SQL_LOG:2020-12-13 13:52:40]: SELECT ctg_id, category_name  FROM  category     []
[SQL_LOG:2020-12-13 13:52:40]: SELECT item_id, item_name, price, image, ctg_id  FROM  item     []
[SQL_LOG:2020-12-13 13:52:42]: SELECT *  FROM  member  WHERE  mem_id = ?     [7]
[SQL_LOG:2020-12-13 13:52:52]: SELECT ctg_id, category_name  FROM  category     []
[SQL_LOG:2020-12-13 13:52:52]: SELECT item_id, item_name, price, image, ctg_id  FROM  item     []
[SQL_LOG:2020-12-13 13:52:55]: SELECT *  FROM  member  WHERE  mem_id = ?     [7]
[SQL_LOG:2020-12-13 13:53:02]: SELECT *  FROM  member  WHERE  mem_id = ?     [7]
[SQL_LOG:2020-12-13 14:51:58]: SELECT ctg_id, category_name  FROM  category     []
[SQL_LOG:2020-12-13 14:51:59]: SELECT item_id, item_name, price, image, ctg_id  FROM  item     []
[SQL_LOG:2020-12-13 14:56:13]: SELECT ctg_id, category_name  FROM  category     []
[SQL_LOG:2020-12-13 14:56:13]: SELECT item_id, item_name, price, image, ctg_id  FROM  item     []
[SQL_LOG:2020-12-13 14:56:15]: SELECT ctg_id, category_name  FROM  category     []
[SQL_LOG:2020-12-13 14:56:15]: SELECT item_id, item_name, price, image, ctg_id  FROM  item     []
[SQL_LOG:2020-12-13 14:56:16]: SELECT ctg_id, category_name  FROM  category     []
[SQL_LOG:2020-12-13 14:56:16]: SELECT item_id, item_name, price, image, ctg_id  FROM  item     []
[SQL_LOG:2020-12-13 15:01:41]: SELECT ctg_id, category_name  FROM  category     []
[SQL_LOG:2020-12-13 15:01:41]: SELECT item_id, item_name, price, image, ctg_id  FROM  item     []
[SQL_LOG:2020-12-13 15:01:43]: SELECT *  FROM  member  WHERE  mem_id = ?     [7]
[SQL_LOG:2020-12-13 15:02:15]: SELECT *  FROM  member  WHERE  mem_id = ?     [7]
[SQL_LOG:2020-12-13 15:07:04]: SELECT ctg_id, category_name  FROM  category     []
[SQL_LOG:2020-12-13 15:07:04]: SELECT item_id, item_name, price, image, ctg_id  FROM  item     []
[SQL_LOG:2020-12-13 15:07:06]: SELECT *  FROM  member  WHERE  mem_id = ?     [7]
[SQL_LOG:2020-12-13 15:07:08]: SELECT ctg_id, category_name  FROM  category     []
[SQL_LOG:2020-12-13 15:07:08]: SELECT item_id, item_name, price, image, ctg_id  FROM  item     []
[SQL_LOG:2020-12-13 16:59:13]: SELECT *  FROM member WHERE  email = ?     []
[SQL_LOG:2020-12-13 17:05:31]: SELECT *  FROM member WHERE  email = ?     [tttvvvaken@gmail.com]
[SQL_LOG:2020-12-13 17:05:46]: SELECT *  FROM member WHERE  email = ?     [tttvvvaken@gmail.com]
[SQL_LOG:2020-12-13 17:07:01]: SELECT *  FROM member WHERE  email = ?     [tttvvvaken@gmail.com]
[SQL_LOG:2020-12-13 17:08:54]: SELECT *  FROM member WHERE  email = ?     [tttvvvaken@gmail.com]
[SQL_LOG:2020-12-13 17:09:28]: SELECT *  FROM member WHERE  email = ?     [tttvvvaken@gmail.com]
[SQL_LOG:2020-12-13 17:09:30]: SELECT *  FROM member WHERE  email = ?     [tttvvvaken@gmail.com]
[SQL_LOG:2020-12-13 17:09:35]: SELECT *  FROM member WHERE  email = ?     [tttvvvaken@gmail.com]
[SQL_LOG:2020-12-13 17:09:43]: SELECT *  FROM member WHERE  email = ?     [tttvvvaken@gmail.com]
[SQL_LOG:2020-12-13 17:10:39]: SELECT *  FROM member WHERE  email = ?     [tttvvvaken@gmail.com]
[SQL_LOG:2020-12-13 17:10:44]: SELECT *  FROM member WHERE  email = ?     [tttvvvaken@gmail.com]
[SQL_LOG:2020-12-13 17:10:48]: SELECT *  FROM member WHERE  email = ?     [tttvvvaken@gmail.com]
[SQL_LOG:2020-12-13 17:10:53]: INSERT INTO member (family_name,first_name,family_name_kana,first_name_kana,email,user_name,password,sex,year,month,day,zip1,zip2,address,tel1,tel2,tel3,genre,comments,regist_date,delete_flg)VALUES(?,?,?,?,?,?,?,?,?,?,?,?,?,?,?,?,?,?,?,?,?) [小島,岳也,こじま,たけや,tttvvvaken@gmail.com,tkkj0017,$2y$10$PXmeVnCRT2aTDSPh1iaeGOmg8FmrYvlpUKLhZFlvmCS4l8Xzo0c9G,1,1900,01,01,000,0000,東京都,000,0000,000,0_1,,2020-12-13 17:10:53,]
[SQL_LOG:2020-12-13 17:12:17]: SELECT *  FROM  member  WHERE  email = ?     [tttvvvaken@gmail.com]
[SQL_LOG:2020-12-13 17:12:17]: SELECT session_key  FROM  loginsession  WHERE  mem_id = ?     [1]
[SQL_LOG:2020-12-13 17:12:17]: INSERT INTO loginsession (mem_id,user_id,session_key,regist_date,delete_flg)VALUES(?,?,?,?,?) [1,,nha57q2j5noeb5i7mtnotcesri,2020-12-13 17:12:17,]
[SQL_LOG:2020-12-13 17:13:22]: SELECT *  FROM  member  WHERE  email = ?     [tttvvvaken@gmail.com]
[SQL_LOG:2020-12-13 17:13:22]: SELECT session_key  FROM  loginsession  WHERE  mem_id = ?     [1]
[SQL_LOG:2020-12-13 17:13:22]: INSERT INTO loginsession (mem_id,user_id,session_key,regist_date,delete_flg)VALUES(?,?,?,?,?) [1,tkkj0017,nha57q2j5noeb5i7mtnotcesri,2020-12-13 17:13:22,]
[SQL_LOG:2020-12-13 17:13:22]: SELECT ctg_id, category_name  FROM  category     []
[SQL_LOG:2020-12-13 17:13:22]: SELECT item_id, item_name, price, image, ctg_id  FROM  item     []
[SQL_LOG:2020-12-13 17:13:24]: SELECT *  FROM  member  WHERE  mem_id = ?     [1]
[SQL_LOG:2020-12-13 17:13:42]: SELECT *  FROM  member  WHERE  mem_id = ?     [1]
[SQL_LOG:2020-12-13 17:13:42]: SELECT ctg_id, category_name  FROM  category     []
[SQL_LOG:2020-12-13 17:13:42]: SELECT item_id, item_name, price, image, ctg_id  FROM  item     []
[SQL_LOG:2020-12-13 17:20:37]: SELECT *  FROM  member  WHERE  mem_id = ?     [1]
[SQL_LOG:2020-12-13 17:20:43]: SELECT ctg_id, category_name  FROM  category     []
[SQL_LOG:2020-12-13 17:20:43]: SELECT item_id, item_name, price, image, ctg_id  FROM  item     []
[SQL_LOG:2020-12-13 17:23:24]: SELECT *  FROM  member  WHERE  email = ?     [tttvvvaken@gmail.com]
[SQL_LOG:2020-12-13 17:23:24]: SELECT session_key  FROM  loginsession  WHERE  mem_id = ?     [1]
[SQL_LOG:2020-12-13 17:23:24]: SELECT ctg_id, category_name  FROM  category     []
[SQL_LOG:2020-12-13 17:23:24]: SELECT item_id, item_name, price, image, ctg_id  FROM  item     []
[SQL_LOG:2020-12-13 17:23:26]: SELECT *  FROM  member  WHERE  mem_id = ?     [1]
[SQL_LOG:2020-12-13 17:25:46]: SELECT *  FROM  member  WHERE  mem_id = ?     [1]
[SQL_LOG:2020-12-13 17:26:18]: SELECT *  FROM  member  WHERE  mem_id = ?     [1]
[SQL_LOG:2020-12-13 17:26:18]: SELECT *  FROM  member  WHERE  mem_id = ?     [1]
[SQL_LOG:2020-12-13 17:27:10]: SELECT *  FROM  member  WHERE  mem_id = ?     [1]
[SQL_LOG:2020-12-13 17:27:11]: SELECT *  FROM  member  WHERE  mem_id = ?     [1]
[SQL_LOG:2020-12-13 17:27:25]: SELECT *  FROM  member  WHERE  mem_id = ?     [1]
[SQL_LOG:2020-12-13 17:27:42]: SELECT *  FROM  member  WHERE  mem_id = ?     [1]
[SQL_LOG:2020-12-13 17:27:44]: SELECT *  FROM member WHERE  email = ?     [tttvvvaken@gmail.com]
[SQL_LOG:2020-12-13 17:27:46]: SELECT *  FROM  member  WHERE  mem_id = ?     [1]
[SQL_LOG:2020-12-13 17:27:52]: SELECT *  FROM  member  WHERE  mem_id = ?     [1]
[SQL_LOG:2020-12-13 17:28:45]: SELECT ctg_id, category_name  FROM  category     []
[SQL_LOG:2020-12-13 17:28:45]: SELECT item_id, item_name, price, image, ctg_id  FROM  item     []
[SQL_LOG:2020-12-13 17:28:47]: SELECT *  FROM  member  WHERE  mem_id = ?     [1]
[SQL_LOG:2020-12-13 17:29:26]: SELECT *  FROM  member  WHERE  mem_id = ?     [1]
[SQL_LOG:2020-12-13 17:29:27]: SELECT *  FROM  member  WHERE  mem_id = ?     [1]
[SQL_LOG:2020-12-13 17:29:29]: SELECT *  FROM  member  WHERE  mem_id = ?     [1]
[SQL_LOG:2020-12-13 17:30:09]: SELECT *  FROM  member  WHERE  mem_id = ?     [1]
[SQL_LOG:2020-12-13 17:30:12]: SELECT *  FROM  member  WHERE  mem_id = ?     [1]
[SQL_LOG:2020-12-13 17:30:14]: SELECT *  FROM  member  WHERE  mem_id = ?     [1]
[SQL_LOG:2020-12-13 17:30:46]: SELECT *  FROM  member  WHERE  mem_id = ?     [1]
[SQL_LOG:2020-12-13 17:30:48]: SELECT *  FROM  member  WHERE  mem_id = ?     [1]
[SQL_LOG:2020-12-13 17:31:11]: SELECT *  FROM member WHERE  email = ?     [tttvvvaken@gmail.com]
[SQL_LOG:2020-12-13 17:31:13]: UPDATE member  SET family_name =? ,first_name =? ,family_name_kana =? ,first_name_kana =? ,email =? ,user_name =? ,password =? ,sex =? ,year =? ,month =? ,day =? ,zip1 =? ,zip2 =? ,address =? ,tel1 =? ,tel2 =? ,tel3 =? ,genre =? ,comments =? ,update_date =? ,delete_flg =?  WHERE mem_id = ? [小島,岳也,こじま,たけや,tttvvvaken@gmail.com,tkkj0017,$2y$10$cFBfGEd2fHBemYlS0cf5SOP6GwGb0D46zaow0R/rMJ3QqhJ6tEifu,1,1900,01,01,000,0000,東京都,000,0000,000,0_1,,2020-12-13 17:31:13,,1]
[SQL_LOG:2020-12-13 17:31:13]: SELECT *  FROM  member  WHERE  mem_id = ?     [1]
[SQL_LOG:2020-12-13 17:31:23]: SELECT *  FROM  member  WHERE  mem_id = ?     [1]
[SQL_LOG:2020-12-13 17:31:27]: SELECT *  FROM  member  WHERE  mem_id = ?     [1]
[SQL_LOG:2020-12-13 17:31:29]: SELECT ctg_id, category_name  FROM  category     []
[SQL_LOG:2020-12-13 17:31:29]: SELECT item_id, item_name, price, image, ctg_id  FROM  item     []
[SQL_LOG:2020-12-13 17:31:41]: SELECT *  FROM  member  WHERE  email = ?     [tttvvvaken@gmail.com]
[SQL_LOG:2020-12-13 17:31:41]: SELECT session_key  FROM  loginsession  WHERE  mem_id = ?     [1]
[SQL_LOG:2020-12-13 17:31:41]: SELECT ctg_id, category_name  FROM  category     []
[SQL_LOG:2020-12-13 17:31:41]: SELECT item_id, item_name, price, image, ctg_id  FROM  item     []
[SQL_LOG:2020-12-13 17:32:29]: SELECT ctg_id, category_name  FROM  category     []
[SQL_LOG:2020-12-13 17:32:29]: SELECT item_id, item_name, price, image, ctg_id  FROM  item     []
[SQL_LOG:2020-12-13 17:32:30]: SELECT *  FROM  member  WHERE  mem_id = ?     [1]
[SQL_LOG:2020-12-13 17:32:32]: SELECT *  FROM  member  WHERE  mem_id = ?     [1]
[SQL_LOG:2020-12-13 17:32:39]: SELECT *  FROM member WHERE  email = ?     [tttvvvaken@gmail.com]
[SQL_LOG:2020-12-13 17:33:13]: SELECT *  FROM  member  WHERE  mem_id = ?     [1]
[SQL_LOG:2020-12-13 17:33:16]: SELECT *  FROM  member  WHERE  mem_id = ?     [1]
[SQL_LOG:2020-12-13 17:33:22]: SELECT *  FROM member WHERE  email = ?     [tttvvvaken@gmail.com]
[SQL_LOG:2020-12-13 17:34:06]: SELECT *  FROM member WHERE  email = ?     [tttvvvaken@gmail.com]
[SQL_LOG:2020-12-13 17:34:08]: UPDATE member  SET family_name =? ,first_name =? ,family_name_kana =? ,first_name_kana =? ,email =? ,user_name =? ,password =? ,sex =? ,year =? ,month =? ,day =? ,zip1 =? ,zip2 =? ,address =? ,tel1 =? ,tel2 =? ,tel3 =? ,genre =? ,comments =? ,update_date =? ,delete_flg =?  WHERE mem_id = ? [小島,岳也,こじま,たけや,tttvvvaken@gmail.com,tkkj0017,$2y$10$ub.37Gc7jo2r0azrSFIYheUGkEtRrIP02jsm4nc/8BBU45SuPCglG,1,1900,01,01,000,0000,東京都,000,0000,000,0_1,,2020-12-13 17:34:08,,1]
[SQL_LOG:2020-12-13 17:34:08]: SELECT *  FROM  member  WHERE  mem_id = ?     [1]
[SQL_LOG:2020-12-13 17:34:11]: SELECT ctg_id, category_name  FROM  category     []
[SQL_LOG:2020-12-13 17:34:11]: SELECT item_id, item_name, price, image, ctg_id  FROM  item     []
[SQL_LOG:2020-12-13 17:34:19]: SELECT *  FROM  member  WHERE  email = ?     [tttvvvaken@gmail.com]
[SQL_LOG:2020-12-13 17:34:22]: SELECT *  FROM  member  WHERE  email = ?     [tttvvvaken@gmail.com]
[SQL_LOG:2020-12-13 17:34:22]: SELECT session_key  FROM  loginsession  WHERE  mem_id = ?     [1]
[SQL_LOG:2020-12-13 17:34:22]: SELECT ctg_id, category_name  FROM  category     []
[SQL_LOG:2020-12-13 17:34:22]: SELECT item_id, item_name, price, image, ctg_id  FROM  item     []
[SQL_LOG:2020-12-13 17:34:24]: SELECT *  FROM  member  WHERE  mem_id = ?     [1]
[SQL_LOG:2020-12-13 17:34:27]: SELECT ctg_id, category_name  FROM  category     []
[SQL_LOG:2020-12-13 17:34:27]: SELECT item_id, item_name, price, image, ctg_id  FROM  item     []
[SQL_LOG:2020-12-13 17:34:30]: SELECT *  FROM member WHERE  email = ?     []
[SQL_LOG:2020-12-13 17:46:51]: SELECT ctg_id, category_name  FROM  category     []
[SQL_LOG:2020-12-13 17:47:04]: SELECT ctg_id, category_name  FROM  category     []
[SQL_LOG:2020-12-13 19:04:11]: SELECT ctg_id, category_name, cate_genre FROM  category  WHERE  cate_genre = ?     [lesson]
[SQL_LOG:2020-12-13 19:04:11]: SELECT item_id, item_name, price, image, ctg_id  FROM  item     []
[SQL_LOG:2020-12-13 19:05:27]: SELECT ctg_id, category_name, cate_genre FROM  category  WHERE  cate_genre = ?     [lesson]
[SQL_LOG:2020-12-13 19:05:27]: SELECT item_id, item_name, price, image, ctg_id  FROM  item     []
[SQL_LOG:2020-12-13 19:05:29]: SELECT ctg_id, category_name, cate_genre FROM  category  WHERE  cate_genre = ?     [lesson]
[SQL_LOG:2020-12-13 19:05:29]: SELECT item_id, item_name, price, image, ctg_id  FROM  item     []
[SQL_LOG:2020-12-13 19:05:31]: SELECT ctg_id, category_name, cate_genre FROM  category  WHERE  cate_genre = ?     [lesson]
[SQL_LOG:2020-12-13 19:05:31]: SELECT item_id, item_name, price, image, ctg_id  FROM  item     []
[SQL_LOG:2020-12-13 19:06:34]: SELECT ctg_id, category_name, cate_genre FROM  category  WHERE  cate_genre = ?     [lesson]
[SQL_LOG:2020-12-13 19:06:34]: SELECT item_id, item_name, price, image, ctg_id  FROM  item     []
[SQL_LOG:2020-12-13 19:06:36]: SELECT ctg_id, category_name, cate_genre FROM  category  WHERE  cate_genre = ?     [lesson]
[SQL_LOG:2020-12-13 19:06:36]: SELECT item_id, item_name, price, image, ctg_id  FROM  item     []
[SQL_LOG:2020-12-13 19:06:37]: SELECT ctg_id, category_name, cate_genre FROM  category  WHERE  cate_genre = ?     [lesson]
[SQL_LOG:2020-12-13 19:06:37]: SELECT item_id, item_name, price, image, ctg_id  FROM  item     []
[SQL_LOG:2020-12-13 19:11:53]: SELECT ctg_id, category_name, cate_genre FROM  category  WHERE  cate_genre = ?     [lesson]
[SQL_LOG:2020-12-13 19:11:53]: SELECT item_id, item_name, price, image, ctg_id  FROM  item     []
[SQL_LOG:2020-12-13 19:11:55]: SELECT ctg_id, category_name, cate_genre FROM  category  WHERE  cate_genre = ?     [lesson]
[SQL_LOG:2020-12-13 19:11:55]: SELECT item_id, item_name, price, image, ctg_id  FROM  item     []
[SQL_LOG:2020-12-13 19:11:57]: SELECT ctg_id, category_name, cate_genre FROM  category  WHERE  cate_genre = ?     [lesson]
[SQL_LOG:2020-12-13 19:11:57]: SELECT item_id, item_name, price, image, ctg_id  FROM  item     []
[SQL_LOG:2020-12-13 19:12:45]: SELECT ctg_id, category_name, cate_genre FROM  category  WHERE  cate_genre = ?     [lesson]
[SQL_LOG:2020-12-13 19:12:45]: SELECT item_id, item_name, price, image, ctg_id  FROM  item     []
[SQL_LOG:2020-12-13 19:12:47]: SELECT ctg_id, category_name, cate_genre FROM  category  WHERE  cate_genre = ?     [lesson]
[SQL_LOG:2020-12-13 19:12:47]: SELECT item_id, item_name, price, image, ctg_id  FROM  item     []
[SQL_LOG:2020-12-13 19:12:48]: SELECT ctg_id, category_name, cate_genre FROM  category  WHERE  cate_genre = ?     [lesson]
[SQL_LOG:2020-12-13 19:12:48]: SELECT item_id, item_name, price, image, ctg_id  FROM  item     []
[SQL_LOG:2020-12-13 19:12:49]: SELECT ctg_id, category_name, cate_genre FROM  category  WHERE  cate_genre = ?     [lesson]
[SQL_LOG:2020-12-13 19:12:49]: SELECT item_id, item_name, price, image, ctg_id  FROM  item     []
[SQL_LOG:2020-12-13 19:12:50]: SELECT ctg_id, category_name, cate_genre FROM  category  WHERE  cate_genre = ?     [lesson]
[SQL_LOG:2020-12-13 19:12:50]: SELECT item_id, item_name, price, image, ctg_id  FROM  item     []
[SQL_LOG:2020-12-13 19:12:53]: SELECT ctg_id, category_name, cate_genre FROM  category  WHERE  cate_genre = ?     [lesson]
[SQL_LOG:2020-12-13 19:12:53]: SELECT item_id, item_name, price, image, ctg_id  FROM  item     []
[SQL_LOG:2020-12-13 19:14:23]: SELECT ctg_id, category_name, cate_genre FROM  category  WHERE  cate_genre = ?     [lesson]
[SQL_LOG:2020-12-13 19:14:23]: SELECT item_id, item_name, price, image, ctg_id  FROM  item     []
[SQL_LOG:2020-12-13 19:14:24]: SELECT ctg_id, category_name, cate_genre FROM  category  WHERE  cate_genre = ?     [lesson]
[SQL_LOG:2020-12-13 19:14:24]: SELECT item_id, item_name, price, image, ctg_id  FROM  item     []
[SQL_LOG:2020-12-13 19:14:26]: SELECT ctg_id, category_name, cate_genre FROM  category  WHERE  cate_genre = ?     [item]
[SQL_LOG:2020-12-13 19:14:26]: SELECT item_id, item_name, price, image, ctg_id  FROM  item     []
[SQL_LOG:2020-12-13 19:14:27]: SELECT ctg_id, category_name, cate_genre FROM  category  WHERE  cate_genre = ?     [lesson]
[SQL_LOG:2020-12-13 19:14:27]: SELECT item_id, item_name, price, image, ctg_id  FROM  item     []
[SQL_LOG:2020-12-13 19:14:29]: SELECT ctg_id, category_name, cate_genre FROM  category  WHERE  cate_genre = ?     [item]
[SQL_LOG:2020-12-13 19:14:29]: SELECT item_id, item_name, price, image, ctg_id  FROM  item     []
[SQL_LOG:2020-12-13 19:14:31]: SELECT ctg_id, category_name, cate_genre FROM  category  WHERE  cate_genre = ?     [lesson]
[SQL_LOG:2020-12-13 19:14:31]: SELECT item_id, item_name, price, image, ctg_id  FROM  item  WHERE  ctg_id = ?     [9]
[SQL_LOG:2020-12-13 19:14:33]: SELECT ctg_id, category_name, cate_genre FROM  category  WHERE  cate_genre = ?     [lesson]
[SQL_LOG:2020-12-13 19:14:33]: SELECT item_id, item_name, price, image, ctg_id  FROM  item     []
[SQL_LOG:2020-12-13 19:14:34]: SELECT ctg_id, category_name, cate_genre FROM  category  WHERE  cate_genre = ?     [item]
[SQL_LOG:2020-12-13 19:14:34]: SELECT item_id, item_name, price, image, ctg_id  FROM  item     []
[SQL_LOG:2020-12-13 19:14:35]: SELECT ctg_id, category_name, cate_genre FROM  category  WHERE  cate_genre = ?     [lesson]
[SQL_LOG:2020-12-13 19:14:35]: SELECT item_id, item_name, price, image, ctg_id  FROM  item  WHERE  ctg_id = ?     [9]
[SQL_LOG:2020-12-13 19:14:37]: SELECT ctg_id, category_name, cate_genre FROM  category  WHERE  cate_genre = ?     [lesson]
[SQL_LOG:2020-12-13 19:14:37]: SELECT item_id, item_name, price, image, ctg_id  FROM  item     []
[SQL_LOG:2020-12-13 19:14:38]: SELECT ctg_id, category_name, cate_genre FROM  category  WHERE  cate_genre = ?     [item]
[SQL_LOG:2020-12-13 19:14:38]: SELECT item_id, item_name, price, image, ctg_id  FROM  item     []
[SQL_LOG:2020-12-13 19:14:40]: SELECT ctg_id, category_name, cate_genre FROM  category  WHERE  cate_genre = ?     [lesson]
[SQL_LOG:2020-12-13 19:14:40]: SELECT item_id, item_name, price, image, ctg_id  FROM  item  WHERE  ctg_id = ?     [11]
[SQL_LOG:2020-12-13 19:14:41]: SELECT ctg_id, category_name, cate_genre FROM  category  WHERE  cate_genre = ?     [lesson]
[SQL_LOG:2020-12-13 19:14:41]: SELECT item_id, item_name, price, image, ctg_id  FROM  item     []
[SQL_LOG:2020-12-13 19:14:50]: SELECT *  FROM  member  WHERE  email = ?     [tttvvvaken@gmail.com]
[SQL_LOG:2020-12-13 19:14:52]: SELECT *  FROM  member  WHERE  email = ?     [tttvvvaken@gmail.com]
[SQL_LOG:2020-12-13 19:14:53]: SELECT session_key  FROM  loginsession  WHERE  mem_id = ?     [1]
[SQL_LOG:2020-12-13 19:14:53]: SELECT ctg_id, category_name, cate_genre FROM  category  WHERE  cate_genre = ?     [lesson]
[SQL_LOG:2020-12-13 19:14:53]: SELECT item_id, item_name, price, image, ctg_id  FROM  item     []
[SQL_LOG:2020-12-13 19:14:55]: SELECT ctg_id, category_name, cate_genre FROM  category  WHERE  cate_genre = ?     [item]
[SQL_LOG:2020-12-13 19:14:55]: SELECT item_id, item_name, price, image, ctg_id  FROM  item     []
[SQL_LOG:2020-12-13 19:14:59]: SELECT ctg_id, category_name, cate_genre FROM  category  WHERE  cate_genre = ?     [item]
[SQL_LOG:2020-12-13 19:14:59]: SELECT item_id, item_name, price, image, ctg_id  FROM  item     []
[SQL_LOG:2020-12-13 19:15:06]: SELECT c.crt_id, c.num, c.sub_total_price, i.item_id, i.item_name, i.price, i.image FROM  cart c LEFT JOIN item i ON c.item_id = i.item_id  WHERE  c.mem_id = ? AND c.delete_flg = ?     [1,0]
[SQL_LOG:2020-12-13 19:15:06]: SELECT SUM(c.sub_total_price) AS totalPrice  FROM  cart c LEFT JOIN item i ON c.item_id = i.item_id  WHERE  c.mem_id = ? AND c.delete_flg = ?    [1,0]
[SQL_LOG:2020-12-13 19:15:06]: SELECT SUM(num) AS num  FROM  cart c  WHERE  c.mem_id = ? AND c.delete_flg = ?    [1,0]
[SQL_LOG:2020-12-13 19:15:08]: SELECT *  FROM  member  WHERE  mem_id = ?     [1]
[SQL_LOG:2020-12-13 19:15:12]: SELECT *  FROM  member  WHERE  mem_id = ?     [1]
[SQL_LOG:2020-12-13 19:17:58]: SELECT ctg_id, category_name, cate_genre FROM  category  WHERE  cate_genre = ?     [lesson]
[SQL_LOG:2020-12-13 19:17:58]: SELECT item_id, item_name, price, image, ctg_id  FROM  item     []
[SQL_LOG:2020-12-13 19:18:00]: SELECT ctg_id, category_name, cate_genre FROM  category  WHERE  cate_genre = ?     [item]
[SQL_LOG:2020-12-13 19:18:00]: SELECT item_id, item_name, price, image, ctg_id  FROM  item     []
[SQL_LOG:2020-12-13 19:18:01]: SELECT ctg_id, category_name, cate_genre FROM  category  WHERE  cate_genre = ?     [lesson]
[SQL_LOG:2020-12-13 19:18:01]: SELECT item_id, item_name, price, image, ctg_id  FROM  item     []
[SQL_LOG:2020-12-13 19:18:02]: SELECT ctg_id, category_name, cate_genre FROM  category  WHERE  cate_genre = ?     [item]
[SQL_LOG:2020-12-13 19:18:02]: SELECT item_id, item_name, price, image, ctg_id  FROM  item     []
[SQL_LOG:2020-12-13 19:18:03]: SELECT ctg_id, category_name, cate_genre FROM  category  WHERE  cate_genre = ?     [item]
[SQL_LOG:2020-12-13 19:18:03]: SELECT item_id, item_name, price, image, ctg_id  FROM  item     []
[SQL_LOG:2020-12-13 19:18:06]: SELECT c.crt_id, c.num, c.sub_total_price, i.item_id, i.item_name, i.price, i.image FROM  cart c LEFT JOIN item i ON c.item_id = i.item_id  WHERE  c.mem_id = ? AND c.delete_flg = ?     [1,0]
[SQL_LOG:2020-12-13 19:18:06]: SELECT SUM(c.sub_total_price) AS totalPrice  FROM  cart c LEFT JOIN item i ON c.item_id = i.item_id  WHERE  c.mem_id = ? AND c.delete_flg = ?    [1,0]
[SQL_LOG:2020-12-13 19:18:06]: SELECT SUM(num) AS num  FROM  cart c  WHERE  c.mem_id = ? AND c.delete_flg = ?    [1,0]
[SQL_LOG:2020-12-13 19:18:07]: SELECT *  FROM  member  WHERE  mem_id = ?     [1]
[SQL_LOG:2020-12-13 19:18:11]: SELECT *  FROM  member  WHERE  mem_id = ?     [1]
[SQL_LOG:2020-12-13 19:18:13]: SELECT *  FROM member WHERE  email = ?     [tttvvvaken@gmail.com]
[SQL_LOG:2020-12-13 19:18:18]: SELECT *  FROM member WHERE  email = ?     [tttvvvaken@gmail.com]
[SQL_LOG:2020-12-13 19:18:43]: SELECT ctg_id, category_name, cate_genre FROM  category  WHERE  cate_genre = ?     [lesson]
[SQL_LOG:2020-12-13 19:18:43]: SELECT item_id, item_name, price, image, ctg_id  FROM  item     []
[SQL_LOG:2020-12-13 19:18:43]: SELECT ctg_id, category_name, cate_genre FROM  category  WHERE  cate_genre = ?     [item]
[SQL_LOG:2020-12-13 19:18:43]: SELECT item_id, item_name, price, image, ctg_id  FROM  item     []
[SQL_LOG:2020-12-13 19:20:26]: SELECT ctg_id, category_name, cate_genre FROM  category  WHERE  cate_genre = ?     [item]
[SQL_LOG:2020-12-13 19:20:26]: SELECT item_id, item_name, price, image, ctg_id  FROM  item     []
[SQL_LOG:2020-12-13 19:20:27]: SELECT ctg_id, category_name, cate_genre FROM  category  WHERE  cate_genre = ?     [lesson]
[SQL_LOG:2020-12-13 19:20:27]: SELECT item_id, item_name, price, image, ctg_id  FROM  item     []
[SQL_LOG:2020-12-13 19:20:37]: SELECT ctg_id, category_name, cate_genre FROM  category  WHERE  cate_genre = ?     [lesson]
[SQL_LOG:2020-12-13 19:20:37]: SELECT item_id, item_name, price, image, ctg_id  FROM  item     []
[SQL_LOG:2020-12-13 19:20:40]: SELECT ctg_id, category_name, cate_genre FROM  category  WHERE  cate_genre = ?     [item]
[SQL_LOG:2020-12-13 19:20:40]: SELECT item_id, item_name, price, image, ctg_id  FROM  item     []
[SQL_LOG:2020-12-13 19:20:40]: SELECT ctg_id, category_name, cate_genre FROM  category  WHERE  cate_genre = ?     [lesson]
[SQL_LOG:2020-12-13 19:20:40]: SELECT item_id, item_name, price, image, ctg_id  FROM  item     []
[SQL_LOG:2020-12-13 19:20:42]: SELECT ctg_id, category_name, cate_genre FROM  category  WHERE  cate_genre = ?     [item]
[SQL_LOG:2020-12-13 19:20:42]: SELECT item_id, item_name, price, image, ctg_id  FROM  item     []
[SQL_LOG:2020-12-13 19:20:42]: SELECT ctg_id, category_name, cate_genre FROM  category  WHERE  cate_genre = ?     [lesson]
[SQL_LOG:2020-12-13 19:20:42]: SELECT item_id, item_name, price, image, ctg_id  FROM  item     []
[SQL_LOG:2020-12-13 19:21:51]: SELECT ctg_id, category_name, cate_genre FROM  category  WHERE  cate_genre = ?     [lesson]
[SQL_LOG:2020-12-13 19:21:51]: SELECT item_id, item_name, price, image, ctg_id  FROM  item     []
[SQL_LOG:2020-12-13 19:21:53]: SELECT ctg_id, category_name, cate_genre FROM  category  WHERE  cate_genre = ?     [item]
[SQL_LOG:2020-12-13 19:21:53]: SELECT item_id, item_name, price, image, ctg_id  FROM  item     []
[SQL_LOG:2020-12-13 19:21:54]: SELECT ctg_id, category_name, cate_genre FROM  category  WHERE  cate_genre = ?     [lesson]
[SQL_LOG:2020-12-13 19:21:54]: SELECT item_id, item_name, price, image, ctg_id  FROM  item     []
[SQL_LOG:2020-12-13 19:21:55]: SELECT ctg_id, category_name, cate_genre FROM  category  WHERE  cate_genre = ?     [item]
[SQL_LOG:2020-12-13 19:21:55]: SELECT item_id, item_name, price, image, ctg_id  FROM  item     []
[SQL_LOG:2020-12-13 19:21:55]: SELECT ctg_id, category_name, cate_genre FROM  category  WHERE  cate_genre = ?     [lesson]
[SQL_LOG:2020-12-13 19:21:55]: SELECT item_id, item_name, price, image, ctg_id  FROM  item     []
[SQL_LOG:2020-12-13 19:22:19]: SELECT ctg_id, category_name, cate_genre FROM  category  WHERE  cate_genre = ?     [lesson]
[SQL_LOG:2020-12-13 19:22:19]: SELECT item_id, item_name, price, image, ctg_id  FROM  item     []
[SQL_LOG:2020-12-13 19:22:27]: SELECT ctg_id, category_name, cate_genre FROM  category  WHERE  cate_genre = ?     [lesson]
[SQL_LOG:2020-12-13 19:22:27]: SELECT item_id, item_name, price, image, ctg_id  FROM  item     []
[SQL_LOG:2020-12-13 19:22:28]: SELECT ctg_id, category_name, cate_genre FROM  category  WHERE  cate_genre = ?     [lesson]
[SQL_LOG:2020-12-13 19:22:28]: SELECT item_id, item_name, price, image, ctg_id  FROM  item     []
[SQL_LOG:2020-12-13 19:22:28]: SELECT ctg_id, category_name, cate_genre FROM  category  WHERE  cate_genre = ?     [lesson]
[SQL_LOG:2020-12-13 19:22:28]: SELECT item_id, item_name, price, image, ctg_id  FROM  item     []
[SQL_LOG:2020-12-13 19:22:29]: SELECT ctg_id, category_name, cate_genre FROM  category  WHERE  cate_genre = ?     [lesson]
[SQL_LOG:2020-12-13 19:22:29]: SELECT item_id, item_name, price, image, ctg_id  FROM  item     []
[SQL_LOG:2020-12-13 19:22:30]: SELECT ctg_id, category_name, cate_genre FROM  category  WHERE  cate_genre = ?     [lesson]
[SQL_LOG:2020-12-13 19:22:30]: SELECT item_id, item_name, price, image, ctg_id  FROM  item     []
[SQL_LOG:2020-12-13 19:22:31]: SELECT ctg_id, category_name, cate_genre FROM  category  WHERE  cate_genre = ?     [lesson]
[SQL_LOG:2020-12-13 19:22:31]: SELECT item_id, item_name, price, image, ctg_id  FROM  item     []
[SQL_LOG:2020-12-13 19:22:31]: SELECT ctg_id, category_name, cate_genre FROM  category  WHERE  cate_genre = ?     [item]
[SQL_LOG:2020-12-13 19:22:31]: SELECT item_id, item_name, price, image, ctg_id  FROM  item     []
[SQL_LOG:2020-12-13 19:22:32]: SELECT ctg_id, category_name, cate_genre FROM  category  WHERE  cate_genre = ?     [lesson]
[SQL_LOG:2020-12-13 19:22:32]: SELECT item_id, item_name, price, image, ctg_id  FROM  item     []
[SQL_LOG:2020-12-13 19:22:42]: SELECT ctg_id, category_name, cate_genre FROM  category  WHERE  cate_genre = ?     [lesson]
[SQL_LOG:2020-12-13 19:22:42]: SELECT item_id, item_name, price, image, ctg_id  FROM  item  WHERE  ctg_id = ?     [2]
[SQL_LOG:2020-12-13 19:22:43]: SELECT ctg_id, category_name, cate_genre FROM  category  WHERE  cate_genre = ?     [lesson]
[SQL_LOG:2020-12-13 19:22:43]: SELECT item_id, item_name, price, image, ctg_id  FROM  item     []
[SQL_LOG:2020-12-13 19:22:43]: SELECT ctg_id, category_name, cate_genre FROM  category  WHERE  cate_genre = ?     [lesson]
[SQL_LOG:2020-12-13 19:22:43]: SELECT item_id, item_name, price, image, ctg_id  FROM  item     []
[SQL_LOG:2020-12-13 19:22:44]: SELECT ctg_id, category_name, cate_genre FROM  category  WHERE  cate_genre = ?     [item]
[SQL_LOG:2020-12-13 19:22:44]: SELECT item_id, item_name, price, image, ctg_id  FROM  item     []
[SQL_LOG:2020-12-13 19:24:40]: SELECT ctg_id, category_name, cate_genre FROM  category  WHERE  cate_genre = ?     [item]
[SQL_LOG:2020-12-13 19:24:40]: SELECT item_id, item_name, price, image, ctg_id  FROM  item     []
[SQL_LOG:2020-12-13 19:24:41]: SELECT ctg_id, category_name, cate_genre FROM  category  WHERE  cate_genre = ?     [item]
[SQL_LOG:2020-12-13 19:24:41]: SELECT item_id, item_name, price, image, ctg_id  FROM  item  WHERE  ctg_id = ?     [9]
[SQL_LOG:2020-12-13 19:24:45]: SELECT ctg_id, category_name, cate_genre FROM  category  WHERE  cate_genre = ?     [item]
[SQL_LOG:2020-12-13 19:24:45]: SELECT item_id, item_name, price, image, ctg_id  FROM  item  WHERE  ctg_id = ?     [9]
[SQL_LOG:2020-12-13 19:24:46]: SELECT ctg_id, category_name, cate_genre FROM  category  WHERE  cate_genre = ?     [item]
[SQL_LOG:2020-12-13 19:24:46]: SELECT item_id, item_name, price, image, ctg_id  FROM  item  WHERE  ctg_id = ?     [10]
[SQL_LOG:2020-12-13 19:24:47]: SELECT ctg_id, category_name, cate_genre FROM  category  WHERE  cate_genre = ?     [item]
[SQL_LOG:2020-12-13 19:24:47]: SELECT item_id, item_name, price, image, ctg_id  FROM  item  WHERE  ctg_id = ?     [11]
[SQL_LOG:2020-12-13 19:24:48]: SELECT ctg_id, category_name, cate_genre FROM  category  WHERE  cate_genre = ?     [item]
[SQL_LOG:2020-12-13 19:24:48]: SELECT item_id, item_name, price, image, ctg_id  FROM  item  WHERE  ctg_id = ?     [12]
[SQL_LOG:2020-12-13 19:24:49]: SELECT ctg_id, category_name, cate_genre FROM  category  WHERE  cate_genre = ?     [item]
[SQL_LOG:2020-12-13 19:24:49]: SELECT item_id, item_name, price, image, ctg_id  FROM  item  WHERE  ctg_id = ?     [13]
[SQL_LOG:2020-12-13 19:24:52]: SELECT ctg_id, category_name, cate_genre FROM  category  WHERE  cate_genre = ?     [item]
[SQL_LOG:2020-12-13 19:24:52]: SELECT item_id, item_name, price, image, ctg_id  FROM  item  WHERE  ctg_id = ?     [13]
[SQL_LOG:2020-12-13 19:25:17]: SELECT ctg_id, category_name, cate_genre FROM  category  WHERE  cate_genre = ?     [item]
[SQL_LOG:2020-12-13 19:25:17]: SELECT item_id, item_name, price, image, ctg_id  FROM  item  WHERE  ctg_id = ?     [9]
[SQL_LOG:2020-12-13 19:25:18]: SELECT ctg_id, category_name, cate_genre FROM  category  WHERE  cate_genre = ?     [item]
[SQL_LOG:2020-12-13 19:25:18]: SELECT item_id, item_name, price, image, ctg_id  FROM  item  WHERE  ctg_id = ?     [11]
[SQL_LOG:2020-12-13 19:25:18]: SELECT ctg_id, category_name, cate_genre FROM  category  WHERE  cate_genre = ?     [item]
[SQL_LOG:2020-12-13 19:25:18]: SELECT item_id, item_name, price, image, ctg_id  FROM  item     []
[SQL_LOG:2020-12-13 19:25:22]: SELECT ctg_id, category_name, cate_genre FROM  category  WHERE  cate_genre = ?     [item]
[SQL_LOG:2020-12-13 19:25:22]: SELECT item_id, item_name, price, image, ctg_id  FROM  item     []
[SQL_LOG:2020-12-13 19:25:24]: SELECT ctg_id, category_name, cate_genre FROM  category  WHERE  cate_genre = ?     [item]
[SQL_LOG:2020-12-13 19:25:24]: SELECT item_id, item_name, price, image, ctg_id  FROM  item  WHERE  ctg_id = ?     [10]
[SQL_LOG:2020-12-13 19:25:24]: SELECT ctg_id, category_name, cate_genre FROM  category  WHERE  cate_genre = ?     [item]
[SQL_LOG:2020-12-13 19:25:24]: SELECT item_id, item_name, price, image, ctg_id  FROM  item  WHERE  ctg_id = ?     [11]
[SQL_LOG:2020-12-13 19:25:25]: SELECT ctg_id, category_name, cate_genre FROM  category  WHERE  cate_genre = ?     [item]
[SQL_LOG:2020-12-13 19:25:25]: SELECT item_id, item_name, price, image, ctg_id  FROM  item  WHERE  ctg_id = ?     [11]
[SQL_LOG:2020-12-13 19:25:25]: SELECT ctg_id, category_name, cate_genre FROM  category  WHERE  cate_genre = ?     [item]
[SQL_LOG:2020-12-13 19:25:25]: SELECT item_id, item_name, price, image, ctg_id  FROM  item  WHERE  ctg_id = ?     [12]
[SQL_LOG:2020-12-13 19:25:26]: SELECT ctg_id, category_name, cate_genre FROM  category  WHERE  cate_genre = ?     [item]
[SQL_LOG:2020-12-13 19:25:26]: SELECT item_id, item_name, price, image, ctg_id  FROM  item  WHERE  ctg_id = ?     [13]
[SQL_LOG:2020-12-13 19:25:26]: SELECT ctg_id, category_name, cate_genre FROM  category  WHERE  cate_genre = ?     [item]
[SQL_LOG:2020-12-13 19:25:26]: SELECT item_id, item_name, price, image, ctg_id  FROM  item  WHERE  ctg_id = ?     [14]
[SQL_LOG:2020-12-13 19:26:18]: SELECT ctg_id, category_name, cate_genre FROM  category  WHERE  cate_genre = ?     [item]
[SQL_LOG:2020-12-13 19:26:18]: SELECT item_id, item_name, price, image, ctg_id  FROM  item  WHERE  ctg_id = ?     [14]
[SQL_LOG:2020-12-13 19:26:47]: SELECT ctg_id, category_name, cate_genre FROM  category  WHERE  cate_genre = ?     [item]
[SQL_LOG:2020-12-13 19:26:47]: SELECT item_id, item_name, price, image, ctg_id  FROM  item  WHERE  ctg_id = ?     [14]
[SQL_LOG:2020-12-13 19:26:50]: SELECT ctg_id, category_name, cate_genre FROM  category  WHERE  cate_genre = ?     [item]
[SQL_LOG:2020-12-13 19:26:50]: SELECT item_id, item_name, price, image, ctg_id  FROM  item  WHERE  ctg_id = ?     [14]
[SQL_LOG:2020-12-13 19:26:51]: SELECT ctg_id, category_name, cate_genre FROM  category  WHERE  cate_genre = ?     [item]
[SQL_LOG:2020-12-13 19:26:51]: SELECT item_id, item_name, price, image, ctg_id  FROM  item  WHERE  ctg_id = ?     [14]
[SQL_LOG:2020-12-13 19:26:51]: SELECT ctg_id, category_name, cate_genre FROM  category  WHERE  cate_genre = ?     [item]
[SQL_LOG:2020-12-13 19:26:51]: SELECT item_id, item_name, price, image, ctg_id  FROM  item  WHERE  ctg_id = ?     [14]
[SQL_LOG:2020-12-13 19:26:51]: SELECT ctg_id, category_name, cate_genre FROM  category  WHERE  cate_genre = ?     [item]
[SQL_LOG:2020-12-13 19:26:51]: SELECT item_id, item_name, price, image, ctg_id  FROM  item  WHERE  ctg_id = ?     [14]
[SQL_LOG:2020-12-13 19:26:52]: SELECT ctg_id, category_name, cate_genre FROM  category  WHERE  cate_genre = ?     [item]
[SQL_LOG:2020-12-13 19:26:52]: SELECT item_id, item_name, price, image, ctg_id  FROM  item  WHERE  ctg_id = ?     [14]
[SQL_LOG:2020-12-13 19:26:52]: SELECT ctg_id, category_name, cate_genre FROM  category  WHERE  cate_genre = ?     [item]
[SQL_LOG:2020-12-13 19:26:52]: SELECT item_id, item_name, price, image, ctg_id  FROM  item  WHERE  ctg_id = ?     [14]
[SQL_LOG:2020-12-13 19:26:53]: SELECT ctg_id, category_name, cate_genre FROM  category  WHERE  cate_genre = ?     [lesson]
[SQL_LOG:2020-12-13 19:26:53]: SELECT item_id, item_name, price, image, ctg_id  FROM  item     []
[SQL_LOG:2020-12-13 19:27:23]: SELECT ctg_id, category_name, cate_genre FROM  category  WHERE  cate_genre = ?     [lesson]
[SQL_LOG:2020-12-13 19:27:23]: SELECT item_id, item_name, price, image, ctg_id  FROM  item     []
[SQL_LOG:2020-12-13 19:27:25]: SELECT ctg_id, category_name, cate_genre FROM  category  WHERE  cate_genre = ?     [lesson]
[SQL_LOG:2020-12-13 19:27:25]: SELECT item_id, item_name, price, image, ctg_id  FROM  item  WHERE  ctg_id = ?     [1]
[SQL_LOG:2020-12-13 19:27:57]: SELECT ctg_id, category_name, cate_genre FROM  category  WHERE  cate_genre = ?     [lesson]
[SQL_LOG:2020-12-13 19:27:57]: SELECT item_id, item_name, price, image, ctg_id  FROM  item  WHERE  ctg_id = ?     [1]
[SQL_LOG:2020-12-13 19:34:40]: SELECT ctg_id, category_name, cate_genre FROM  category  WHERE  cate_genre = ?     [lesson]
[SQL_LOG:2020-12-13 19:34:40]: SELECT item_id, item_name, price, image, ctg_id  FROM  item  WHERE  ctg_id = ?     [1]
[SQL_LOG:2020-12-13 19:34:47]: SELECT ctg_id, category_name, cate_genre FROM  category  WHERE  cate_genre = ?     [lesson]
[SQL_LOG:2020-12-13 19:34:47]: SELECT item_id, item_name, price, image, ctg_id  FROM  item  WHERE  ctg_id = ?     [1]
[SQL_LOG:2020-12-13 19:38:29]: SELECT ctg_id, category_name, cate_genre FROM  category  WHERE  cate_genre = ?     [item]
[SQL_LOG:2020-12-13 19:38:29]: SELECT item_id, item_name, price, image, ctg_id  FROM  item     []
[SQL_LOG:2020-12-13 19:38:47]: SELECT ctg_id, category_name, cate_genre FROM  category  WHERE  cate_genre = ?     [item]
[SQL_LOG:2020-12-13 19:38:47]: SELECT item_id, item_name, price, image, ctg_id  FROM  item     []
[SQL_LOG:2020-12-13 19:38:49]: SELECT ctg_id, category_name, cate_genre FROM  category  WHERE  cate_genre = ?     [item]
[SQL_LOG:2020-12-13 19:38:49]: SELECT item_id, item_name, price, image, ctg_id  FROM  item     []
[SQL_LOG:2020-12-13 19:38:50]: SELECT ctg_id, category_name, cate_genre FROM  category  WHERE  cate_genre = ?     [item]
[SQL_LOG:2020-12-13 19:38:50]: SELECT item_id, item_name, price, image, ctg_id  FROM  item  WHERE  ctg_id = ?     [9]
[SQL_LOG:2020-12-13 19:38:51]: SELECT ctg_id, category_name, cate_genre FROM  category  WHERE  cate_genre = ?     [item]
[SQL_LOG:2020-12-13 19:38:51]: SELECT item_id, item_name, price, image, ctg_id  FROM  item  WHERE  ctg_id = ?     [10]
[SQL_LOG:2020-12-13 19:39:00]: SELECT ctg_id, category_name, cate_genre FROM  category  WHERE  cate_genre = ?     [item]
[SQL_LOG:2020-12-13 19:39:00]: SELECT item_id, item_name, price, image, ctg_id  FROM  item     []
[SQL_LOG:2020-12-13 19:39:01]: SELECT ctg_id, category_name, cate_genre FROM  category  WHERE  cate_genre = ?     [item]
[SQL_LOG:2020-12-13 19:39:01]: SELECT item_id, item_name, price, image, ctg_id  FROM  item     []
[SQL_LOG:2020-12-13 19:39:02]: SELECT ctg_id, category_name, cate_genre FROM  category  WHERE  cate_genre = ?     [item]
[SQL_LOG:2020-12-13 19:39:02]: SELECT item_id, item_name, price, image, ctg_id  FROM  item     []
[SQL_LOG:2020-12-13 19:39:02]: SELECT ctg_id, category_name, cate_genre FROM  category  WHERE  cate_genre = ?     [item]
[SQL_LOG:2020-12-13 19:39:02]: SELECT item_id, item_name, price, image, ctg_id  FROM  item     []
[SQL_LOG:2020-12-13 19:39:02]: SELECT ctg_id, category_name, cate_genre FROM  category  WHERE  cate_genre = ?     [item]
[SQL_LOG:2020-12-13 19:39:02]: SELECT item_id, item_name, price, image, ctg_id  FROM  item     []
[SQL_LOG:2020-12-13 19:39:05]: SELECT ctg_id, category_name, cate_genre FROM  category  WHERE  cate_genre = ?     [lesson]
[SQL_LOG:2020-12-13 19:39:05]: SELECT item_id, item_name, price, image, ctg_id  FROM  item     []
[SQL_LOG:2020-12-13 19:39:06]: SELECT ctg_id, category_name, cate_genre FROM  category  WHERE  cate_genre = ?     [lesson]
[SQL_LOG:2020-12-13 19:39:06]: SELECT item_id, item_name, price, image, ctg_id  FROM  item     []
