[SQL_LOG:2020-12-14 06:17:08]: SELECT ctg_id, category_name, cate_genre FROM  category  WHERE  cate_genre = ?     [lesson]
[SQL_LOG:2020-12-14 06:17:08]: SELECT item_id, item_name, price, image, ctg_id  FROM  item     []
[SQL_LOG:2020-12-14 06:17:11]: SELECT ctg_id, category_name, cate_genre FROM  category  WHERE  cate_genre = ?     [item]
[SQL_LOG:2020-12-14 06:17:11]: SELECT item_id, item_name, price, image, ctg_id  FROM  item     []
[SQL_LOG:2020-12-14 06:17:41]: SELECT c.crt_id, c.num, c.sub_total_price, i.item_id, i.item_name, i.price, i.image FROM  cart c LEFT JOIN item i ON c.item_id = i.item_id  WHERE  c.mem_id = ? AND c.delete_flg = ?     [1,0]
[SQL_LOG:2020-12-14 06:17:41]: SELECT SUM(c.sub_total_price) AS totalPrice  FROM  cart c LEFT JOIN item i ON c.item_id = i.item_id  WHERE  c.mem_id = ? AND c.delete_flg = ?    [1,0]
[SQL_LOG:2020-12-14 06:17:41]: SELECT SUM(num) AS num  FROM  cart c  WHERE  c.mem_id = ? AND c.delete_flg = ?    [1,0]
[SQL_LOG:2020-12-14 06:17:43]: SELECT ctg_id, category_name, cate_genre FROM  category  WHERE  cate_genre = ?     [item]
[SQL_LOG:2020-12-14 06:17:43]: SELECT item_id, item_name, price, image, ctg_id  FROM  item     []
[SQL_LOG:2020-12-14 06:17:44]: SELECT ctg_id, category_name, cate_genre FROM  category  WHERE  cate_genre = ?     [item]
[SQL_LOG:2020-12-14 06:17:44]: SELECT item_id, item_name, detail, price, image, ctg_id FROM  item  WHERE  item_id = ?     [1]
[SQL_LOG:2020-12-14 06:17:44]: SELECT COUNT(*) AS NUM  FROM  likes  WHERE  item_id = ?     [1]
[SQL_LOG:2020-12-14 06:17:44]: SELECT *  FROM  likes  WHERE  item_id = ? AND mem_id = ?     [1,1]
[SQL_LOG:2020-12-14 06:17:53]: SELECT price  FROM  item  WHERE  item_id = ?     [1]
[SQL_LOG:2020-12-14 06:17:53]: INSERT INTO cart (mem_id,item_id,num,sub_total_price,regist_date)VALUES(?,?,?,?,?) [1,1,6,900,2020-12-14 06:17:53]
[SQL_LOG:2020-12-14 06:17:53]: SELECT c.crt_id, c.num, c.sub_total_price, i.item_id, i.item_name, i.price, i.image FROM  cart c LEFT JOIN item i ON c.item_id = i.item_id  WHERE  c.mem_id = ? AND c.delete_flg = ?     [1,0]
[SQL_LOG:2020-12-14 06:17:53]: SELECT SUM(c.sub_total_price) AS totalPrice  FROM  cart c LEFT JOIN item i ON c.item_id = i.item_id  WHERE  c.mem_id = ? AND c.delete_flg = ?    [1,0]
[SQL_LOG:2020-12-14 06:17:53]: SELECT SUM(num) AS num  FROM  cart c  WHERE  c.mem_id = ? AND c.delete_flg = ?    [1,0]
[SQL_LOG:2020-12-14 06:18:00]: SELECT c.crt_id, c.num, c.sub_total_price, i.item_id, i.item_name, i.price, i.image FROM  cart c LEFT JOIN item i ON c.item_id = i.item_id  WHERE  c.mem_id = ? AND c.delete_flg = ?     [1,0]
[SQL_LOG:2020-12-14 06:18:00]: SELECT SUM(c.sub_total_price) AS totalPrice  FROM  cart c LEFT JOIN item i ON c.item_id = i.item_id  WHERE  c.mem_id = ? AND c.delete_flg = ?    [1,0]
[SQL_LOG:2020-12-14 06:18:00]: SELECT SUM(num) AS num  FROM  cart c  WHERE  c.mem_id = ? AND c.delete_flg = ?    [1,0]
[SQL_LOG:2020-12-14 06:18:05]: SELECT c.crt_id, c.num, c.sub_total_price, i.item_id, i.item_name, i.price, i.image FROM  cart c LEFT JOIN item i ON c.item_id = i.item_id  WHERE  c.mem_id = ? AND c.delete_flg = ?     [1,0]
[SQL_LOG:2020-12-14 06:18:05]: SELECT *  FROM  member  WHERE  mem_id = ?     [1]
[SQL_LOG:2020-12-14 06:18:05]: INSERT INTO orders (order_key,item_id,num,sub_total_price,mem_id,email,regist_date,delete_flg)VALUES(?,?,?,?,?,?,?,?) [8SvttSH8aFlbFAi,1,6,900,1,tttvvvaken@gmail.com,2020-12-14 06:18:05,]
[SQL_LOG:2020-12-14 06:18:05]: UPDATE cart  SET delete_date =? ,delete_flg =?  WHERE  crt_id = ?  [2020-12-14 06:18:05,1,283]
[SQL_LOG:2020-12-14 06:18:05]: SELECT stock_num  FROM  item  WHERE  item_id = ?     [283]
[SQL_LOG:2020-12-14 06:18:05]: UPDATE item  SET 0 =?  WHERE  item_id = ?  [-6,283]
[SQL_LOG:2020-12-14 06:23:01]: SELECT ctg_id, category_name, cate_genre FROM  category  WHERE  cate_genre = ?     [lesson]
[SQL_LOG:2020-12-14 06:23:01]: SELECT item_id, item_name, price, image, ctg_id  FROM  item     []
[SQL_LOG:2020-12-14 06:23:02]: SELECT *  FROM  member  WHERE  mem_id = ?     [1]
[SQL_LOG:2020-12-14 06:23:04]: SELECT *  FROM  member  WHERE  mem_id = ?     [1]
[SQL_LOG:2020-12-14 06:23:10]: SELECT *  FROM member WHERE  email = ?     [tttvvvaken@gmail.com]
[SQL_LOG:2020-12-14 06:23:17]: UPDATE member  SET family_name =? ,first_name =? ,family_name_kana =? ,first_name_kana =? ,email =? ,user_name =? ,password =? ,sex =? ,year =? ,month =? ,day =? ,zip1 =? ,zip2 =? ,address =? ,tel1 =? ,tel2 =? ,tel3 =? ,genre =? ,comments =? ,update_date =? ,delete_flg =?  WHERE mem_id = ? [小島,岳也,こじま,たけや,tttvvvaken@gmail.com,tkkj0017,$2y$10$42aQuQ1t7PKntZm8.4hfW.I6BiSqqiivjcue2XzybldFK./qjJIN2,1,1900,01,01,000,0000,東京都,000,0000,000,0_1,あああああああ,2020-12-14 06:23:17,,1]
[SQL_LOG:2020-12-14 06:23:17]: SELECT *  FROM  member  WHERE  mem_id = ?     [1]
[SQL_LOG:2020-12-14 06:26:37]: SELECT *  FROM  member  WHERE  mem_id = ?     [1]
[SQL_LOG:2020-12-14 06:26:38]: SELECT ctg_id, category_name, cate_genre FROM  category  WHERE  cate_genre = ?     [lesson]
[SQL_LOG:2020-12-14 06:26:38]: SELECT item_id, item_name, price, image, ctg_id  FROM  item     []
[SQL_LOG:2020-12-14 06:26:39]: SELECT ctg_id, category_name, cate_genre FROM  category  WHERE  cate_genre = ?     [item]
[SQL_LOG:2020-12-14 06:26:39]: SELECT item_id, item_name, price, image, ctg_id  FROM  item     []
[SQL_LOG:2020-12-14 06:26:43]: SELECT ctg_id, category_name, cate_genre FROM  category  WHERE  cate_genre = ?     [item]
[SQL_LOG:2020-12-14 06:26:43]: SELECT item_id, item_name, detail, price, image, ctg_id FROM  item  WHERE  item_id = ?     [1]
[SQL_LOG:2020-12-14 06:26:43]: SELECT COUNT(*) AS NUM  FROM  likes  WHERE  item_id = ?     [1]
[SQL_LOG:2020-12-14 06:26:43]: SELECT *  FROM  likes  WHERE  item_id = ? AND mem_id = ?     [1,1]
[SQL_LOG:2020-12-14 06:26:48]: SELECT price  FROM  item  WHERE  item_id = ?     [1]
[SQL_LOG:2020-12-14 06:26:48]: INSERT INTO cart (mem_id,item_id,num,sub_total_price,regist_date)VALUES(?,?,?,?,?) [1,1,7,1050,2020-12-14 06:26:48]
[SQL_LOG:2020-12-14 06:26:48]: SELECT c.crt_id, c.num, c.sub_total_price, i.item_id, i.item_name, i.price, i.image FROM  cart c LEFT JOIN item i ON c.item_id = i.item_id  WHERE  c.mem_id = ? AND c.delete_flg = ?     [1,0]
[SQL_LOG:2020-12-14 06:26:48]: SELECT SUM(c.sub_total_price) AS totalPrice  FROM  cart c LEFT JOIN item i ON c.item_id = i.item_id  WHERE  c.mem_id = ? AND c.delete_flg = ?    [1,0]
[SQL_LOG:2020-12-14 06:26:48]: SELECT SUM(num) AS num  FROM  cart c  WHERE  c.mem_id = ? AND c.delete_flg = ?    [1,0]
[SQL_LOG:2020-12-14 06:27:07]: SELECT c.crt_id, c.num, c.sub_total_price, i.item_id, i.item_name, i.price, i.image FROM  cart c LEFT JOIN item i ON c.item_id = i.item_id  WHERE  c.mem_id = ? AND c.delete_flg = ?     [1,0]
[SQL_LOG:2020-12-14 06:27:07]: SELECT SUM(c.sub_total_price) AS totalPrice  FROM  cart c LEFT JOIN item i ON c.item_id = i.item_id  WHERE  c.mem_id = ? AND c.delete_flg = ?    [1,0]
[SQL_LOG:2020-12-14 06:27:07]: SELECT SUM(num) AS num  FROM  cart c  WHERE  c.mem_id = ? AND c.delete_flg = ?    [1,0]
[SQL_LOG:2020-12-14 06:27:09]: SELECT c.crt_id, c.num, c.sub_total_price, i.item_id, i.item_name, i.price, i.image FROM  cart c LEFT JOIN item i ON c.item_id = i.item_id  WHERE  c.mem_id = ? AND c.delete_flg = ?     [1,0]
[SQL_LOG:2020-12-14 06:27:09]: SELECT *  FROM  member  WHERE  mem_id = ?     [1]
[SQL_LOG:2020-12-14 06:27:09]: INSERT INTO orders (order_key,item_id,num,sub_total_price,mem_id,email,regist_date,delete_flg)VALUES(?,?,?,?,?,?,?,?) [SVPv2CBacLgpysZ,1,7,1050,1,tttvvvaken@gmail.com,2020-12-14 06:27:09,]
[SQL_LOG:2020-12-14 06:27:09]: UPDATE cart  SET delete_date =? ,delete_flg =?  WHERE  crt_id = ?  [2020-12-14 06:27:09,1,284]
[SQL_LOG:2020-12-14 06:27:09]: SELECT stock_num  FROM  item  WHERE  item_id = ?     [1]
[SQL_LOG:2020-12-14 06:28:13]: SELECT price  FROM  item  WHERE  item_id = ?     [1]
[SQL_LOG:2020-12-14 06:28:13]: INSERT INTO cart (mem_id,item_id,num,sub_total_price,regist_date)VALUES(?,?,?,?,?) [1,1,7,1050,2020-12-14 06:28:13]
[SQL_LOG:2020-12-14 06:28:13]: SELECT c.crt_id, c.num, c.sub_total_price, i.item_id, i.item_name, i.price, i.image FROM  cart c LEFT JOIN item i ON c.item_id = i.item_id  WHERE  c.mem_id = ? AND c.delete_flg = ?     [1,0]
[SQL_LOG:2020-12-14 06:28:13]: SELECT SUM(c.sub_total_price) AS totalPrice  FROM  cart c LEFT JOIN item i ON c.item_id = i.item_id  WHERE  c.mem_id = ? AND c.delete_flg = ?    [1,0]
[SQL_LOG:2020-12-14 06:28:13]: SELECT SUM(num) AS num  FROM  cart c  WHERE  c.mem_id = ? AND c.delete_flg = ?    [1,0]
[SQL_LOG:2020-12-14 06:28:27]: SELECT price  FROM  item  WHERE  item_id = ?     [1]
[SQL_LOG:2020-12-14 06:28:27]: INSERT INTO cart (mem_id,item_id,num,sub_total_price,regist_date)VALUES(?,?,?,?,?) [1,1,7,1050,2020-12-14 06:28:27]
[SQL_LOG:2020-12-14 06:28:27]: SELECT c.crt_id, c.num, c.sub_total_price, i.item_id, i.item_name, i.price, i.image FROM  cart c LEFT JOIN item i ON c.item_id = i.item_id  WHERE  c.mem_id = ? AND c.delete_flg = ?     [1,0]
[SQL_LOG:2020-12-14 06:28:27]: SELECT SUM(c.sub_total_price) AS totalPrice  FROM  cart c LEFT JOIN item i ON c.item_id = i.item_id  WHERE  c.mem_id = ? AND c.delete_flg = ?    [1,0]
[SQL_LOG:2020-12-14 06:28:27]: SELECT SUM(num) AS num  FROM  cart c  WHERE  c.mem_id = ? AND c.delete_flg = ?    [1,0]
[SQL_LOG:2020-12-14 06:28:30]: SELECT c.crt_id, c.num, c.sub_total_price, i.item_id, i.item_name, i.price, i.image FROM  cart c LEFT JOIN item i ON c.item_id = i.item_id  WHERE  c.mem_id = ? AND c.delete_flg = ?     [1,0]
[SQL_LOG:2020-12-14 06:28:30]: SELECT SUM(c.sub_total_price) AS totalPrice  FROM  cart c LEFT JOIN item i ON c.item_id = i.item_id  WHERE  c.mem_id = ? AND c.delete_flg = ?    [1,0]
[SQL_LOG:2020-12-14 06:28:30]: SELECT SUM(num) AS num  FROM  cart c  WHERE  c.mem_id = ? AND c.delete_flg = ?    [1,0]
[SQL_LOG:2020-12-14 06:28:37]: SELECT c.crt_id, c.num, c.sub_total_price, i.item_id, i.item_name, i.price, i.image FROM  cart c LEFT JOIN item i ON c.item_id = i.item_id  WHERE  c.mem_id = ? AND c.delete_flg = ?     [1,0]
[SQL_LOG:2020-12-14 06:28:37]: SELECT *  FROM  member  WHERE  mem_id = ?     [1]
[SQL_LOG:2020-12-14 06:28:37]: INSERT INTO orders (order_key,item_id,num,sub_total_price,mem_id,email,regist_date,delete_flg)VALUES(?,?,?,?,?,?,?,?) [BUA5fu2pg6Kzp04,1,7,1050,1,tttvvvaken@gmail.com,2020-12-14 06:28:37,]
[SQL_LOG:2020-12-14 06:28:37]: UPDATE cart  SET delete_date =? ,delete_flg =?  WHERE  crt_id = ?  [2020-12-14 06:28:37,1,285]
[SQL_LOG:2020-12-14 06:28:37]: SELECT stock_num  FROM  item  WHERE  item_id = ?     [1]
[SQL_LOG:2020-12-14 06:29:32]: SELECT c.crt_id, c.num, c.sub_total_price, i.item_id, i.item_name, i.price, i.image FROM  cart c LEFT JOIN item i ON c.item_id = i.item_id  WHERE  c.mem_id = ? AND c.delete_flg = ?     [1,0]
[SQL_LOG:2020-12-14 06:29:32]: SELECT *  FROM  member  WHERE  mem_id = ?     [1]
[SQL_LOG:2020-12-14 06:29:32]: INSERT INTO orders (order_key,item_id,num,sub_total_price,mem_id,email,regist_date,delete_flg)VALUES(?,?,?,?,?,?,?,?) [1A49dSm1MlJQQu4,1,7,1050,1,tttvvvaken@gmail.com,2020-12-14 06:29:32,]
[SQL_LOG:2020-12-14 06:29:32]: UPDATE cart  SET delete_date =? ,delete_flg =?  WHERE  crt_id = ?  [2020-12-14 06:29:32,1,286]
[SQL_LOG:2020-12-14 06:29:32]: SELECT stock_num  FROM  item  WHERE  item_id = ?     [1]
[SQL_LOG:2020-12-14 06:36:52]: SELECT ctg_id, category_name, cate_genre FROM  category  WHERE  cate_genre = ?     [lesson]
[SQL_LOG:2020-12-14 06:36:52]: SELECT item_id, item_name, price, image, ctg_id  FROM  item     []
[SQL_LOG:2020-12-14 06:36:54]: SELECT ctg_id, category_name, cate_genre FROM  category  WHERE  cate_genre = ?     [item]
[SQL_LOG:2020-12-14 06:36:54]: SELECT item_id, item_name, price, image, ctg_id  FROM  item     []
[SQL_LOG:2020-12-14 06:36:55]: SELECT c.crt_id, c.num, c.sub_total_price, i.item_id, i.item_name, i.price, i.image FROM  cart c LEFT JOIN item i ON c.item_id = i.item_id  WHERE  c.mem_id = ? AND c.delete_flg = ?     [1,0]
[SQL_LOG:2020-12-14 06:36:55]: SELECT SUM(c.sub_total_price) AS totalPrice  FROM  cart c LEFT JOIN item i ON c.item_id = i.item_id  WHERE  c.mem_id = ? AND c.delete_flg = ?    [1,0]
[SQL_LOG:2020-12-14 06:36:55]: SELECT SUM(num) AS num  FROM  cart c  WHERE  c.mem_id = ? AND c.delete_flg = ?    [1,0]
[SQL_LOG:2020-12-14 06:36:57]: SELECT ctg_id, category_name, cate_genre FROM  category  WHERE  cate_genre = ?     [item]
[SQL_LOG:2020-12-14 06:36:57]: SELECT item_id, item_name, price, image, ctg_id  FROM  item     []
[SQL_LOG:2020-12-14 06:36:58]: SELECT ctg_id, category_name, cate_genre FROM  category  WHERE  cate_genre = ?     [item]
[SQL_LOG:2020-12-14 06:36:58]: SELECT item_id, item_name, detail, price, image, ctg_id FROM  item  WHERE  item_id = ?     [1]
[SQL_LOG:2020-12-14 06:36:58]: SELECT COUNT(*) AS NUM  FROM  likes  WHERE  item_id = ?     [1]
[SQL_LOG:2020-12-14 06:36:58]: SELECT *  FROM  likes  WHERE  item_id = ? AND mem_id = ?     [1,1]
[SQL_LOG:2020-12-14 06:37:02]: SELECT *  FROM  likes  WHERE  item_id = ? AND mem_id = ?     [1,1]
[SQL_LOG:2020-12-14 06:37:02]: DELETE FROM likes WHERE item_id = ? AND mem_id = ?  [1,1]
[SQL_LOG:2020-12-14 06:37:02]: SELECT COUNT(*) AS NUM  FROM  likes  WHERE  item_id = ?     [1]
[SQL_LOG:2020-12-14 06:37:02]: SELECT price  FROM  item  WHERE  item_id = ?     [1]
[SQL_LOG:2020-12-14 06:37:02]: INSERT INTO cart (mem_id,item_id,num,sub_total_price,regist_date)VALUES(?,?,?,?,?) [1,1,17,2550,2020-12-14 06:37:02]
[SQL_LOG:2020-12-14 06:37:02]: SELECT c.crt_id, c.num, c.sub_total_price, i.item_id, i.item_name, i.price, i.image FROM  cart c LEFT JOIN item i ON c.item_id = i.item_id  WHERE  c.mem_id = ? AND c.delete_flg = ?     [1,0]
[SQL_LOG:2020-12-14 06:37:02]: SELECT SUM(c.sub_total_price) AS totalPrice  FROM  cart c LEFT JOIN item i ON c.item_id = i.item_id  WHERE  c.mem_id = ? AND c.delete_flg = ?    [1,0]
[SQL_LOG:2020-12-14 06:37:02]: SELECT SUM(num) AS num  FROM  cart c  WHERE  c.mem_id = ? AND c.delete_flg = ?    [1,0]
[SQL_LOG:2020-12-14 06:37:11]: SELECT c.crt_id, c.num, c.sub_total_price, i.item_id, i.item_name, i.price, i.image FROM  cart c LEFT JOIN item i ON c.item_id = i.item_id  WHERE  c.mem_id = ? AND c.delete_flg = ?     [1,0]
[SQL_LOG:2020-12-14 06:37:11]: SELECT SUM(c.sub_total_price) AS totalPrice  FROM  cart c LEFT JOIN item i ON c.item_id = i.item_id  WHERE  c.mem_id = ? AND c.delete_flg = ?    [1,0]
[SQL_LOG:2020-12-14 06:37:11]: SELECT SUM(num) AS num  FROM  cart c  WHERE  c.mem_id = ? AND c.delete_flg = ?    [1,0]
[SQL_LOG:2020-12-14 06:37:17]: SELECT c.crt_id, c.num, c.sub_total_price, i.item_id, i.item_name, i.price, i.image FROM  cart c LEFT JOIN item i ON c.item_id = i.item_id  WHERE  c.mem_id = ? AND c.delete_flg = ?     [1,0]
[SQL_LOG:2020-12-14 06:37:17]: SELECT *  FROM  member  WHERE  mem_id = ?     [1]
[SQL_LOG:2020-12-14 06:37:17]: INSERT INTO orders (order_key,item_id,num,sub_total_price,mem_id,email,regist_date,delete_flg)VALUES(?,?,?,?,?,?,?,?) [Y7ofrRYr4ZnRMwd,1,17,2550,1,tttvvvaken@gmail.com,2020-12-14 06:37:17,]
[SQL_LOG:2020-12-14 06:37:17]: UPDATE cart  SET delete_date =? ,delete_flg =?  WHERE  crt_id = ?  [2020-12-14 06:37:17,1,287]
[SQL_LOG:2020-12-14 06:37:17]: SELECT stock_num  FROM  item  WHERE  item_id = ?     [1]
[SQL_LOG:2020-12-14 06:37:17]: UPDATE item  SET  WHERE  item_id = ?  []
[SQL_LOG:2020-12-14 06:38:12]: SELECT c.crt_id, c.num, c.sub_total_price, i.item_id, i.item_name, i.price, i.image FROM  cart c LEFT JOIN item i ON c.item_id = i.item_id  WHERE  c.mem_id = ? AND c.delete_flg = ?     [1,0]
[SQL_LOG:2020-12-14 06:38:12]: SELECT *  FROM  member  WHERE  mem_id = ?     [1]
[SQL_LOG:2020-12-14 06:39:17]: SELECT ctg_id, category_name, cate_genre FROM  category  WHERE  cate_genre = ?     [lesson]
[SQL_LOG:2020-12-14 06:39:17]: SELECT item_id, item_name, price, image, ctg_id  FROM  item     []
[SQL_LOG:2020-12-14 06:39:19]: SELECT ctg_id, category_name, cate_genre FROM  category  WHERE  cate_genre = ?     [item]
[SQL_LOG:2020-12-14 06:39:19]: SELECT item_id, item_name, price, image, ctg_id  FROM  item     []
[SQL_LOG:2020-12-14 06:39:21]: SELECT ctg_id, category_name, cate_genre FROM  category  WHERE  cate_genre = ?     [item]
[SQL_LOG:2020-12-14 06:39:21]: SELECT item_id, item_name, detail, price, image, ctg_id FROM  item  WHERE  item_id = ?     [1]
[SQL_LOG:2020-12-14 06:39:21]: SELECT COUNT(*) AS NUM  FROM  likes  WHERE  item_id = ?     [1]
[SQL_LOG:2020-12-14 06:39:21]: SELECT *  FROM  likes  WHERE  item_id = ? AND mem_id = ?     [1,1]
[SQL_LOG:2020-12-14 06:39:45]: SELECT ctg_id, category_name, cate_genre FROM  category  WHERE  cate_genre = ?     [item]
[SQL_LOG:2020-12-14 06:39:45]: SELECT item_id, item_name, detail, price, image, ctg_id FROM  item  WHERE  item_id = ?     [1]
[SQL_LOG:2020-12-14 06:39:45]: SELECT COUNT(*) AS NUM  FROM  likes  WHERE  item_id = ?     [1]
[SQL_LOG:2020-12-14 06:39:45]: SELECT *  FROM  likes  WHERE  item_id = ? AND mem_id = ?     [1,1]
[SQL_LOG:2020-12-14 06:39:49]: SELECT price  FROM  item  WHERE  item_id = ?     [1]
[SQL_LOG:2020-12-14 06:39:49]: INSERT INTO cart (mem_id,item_id,num,sub_total_price,regist_date)VALUES(?,?,?,?,?) [1,1,5,750,2020-12-14 06:39:49]
[SQL_LOG:2020-12-14 06:39:49]: SELECT c.crt_id, c.num, c.sub_total_price, i.item_id, i.item_name, i.price, i.image FROM  cart c LEFT JOIN item i ON c.item_id = i.item_id  WHERE  c.mem_id = ? AND c.delete_flg = ?     [1,0]
[SQL_LOG:2020-12-14 06:39:49]: SELECT SUM(c.sub_total_price) AS totalPrice  FROM  cart c LEFT JOIN item i ON c.item_id = i.item_id  WHERE  c.mem_id = ? AND c.delete_flg = ?    [1,0]
[SQL_LOG:2020-12-14 06:39:49]: SELECT SUM(num) AS num  FROM  cart c  WHERE  c.mem_id = ? AND c.delete_flg = ?    [1,0]
[SQL_LOG:2020-12-14 06:39:50]: SELECT c.crt_id, c.num, c.sub_total_price, i.item_id, i.item_name, i.price, i.image FROM  cart c LEFT JOIN item i ON c.item_id = i.item_id  WHERE  c.mem_id = ? AND c.delete_flg = ?     [1,0]
[SQL_LOG:2020-12-14 06:39:50]: SELECT SUM(c.sub_total_price) AS totalPrice  FROM  cart c LEFT JOIN item i ON c.item_id = i.item_id  WHERE  c.mem_id = ? AND c.delete_flg = ?    [1,0]
[SQL_LOG:2020-12-14 06:39:50]: SELECT SUM(num) AS num  FROM  cart c  WHERE  c.mem_id = ? AND c.delete_flg = ?    [1,0]
[SQL_LOG:2020-12-14 06:39:57]: SELECT c.crt_id, c.num, c.sub_total_price, i.item_id, i.item_name, i.price, i.image FROM  cart c LEFT JOIN item i ON c.item_id = i.item_id  WHERE  c.mem_id = ? AND c.delete_flg = ?     [1,0]
[SQL_LOG:2020-12-14 06:39:57]: SELECT *  FROM  member  WHERE  mem_id = ?     [1]
[SQL_LOG:2020-12-14 06:39:57]: INSERT INTO orders (order_key,item_id,num,sub_total_price,mem_id,email,regist_date,delete_flg)VALUES(?,?,?,?,?,?,?,?) [GtGW81ShjPxeFJq,1,5,750,1,tttvvvaken@gmail.com,2020-12-14 06:39:57,]
[SQL_LOG:2020-12-14 06:39:57]: UPDATE cart  SET delete_date =? ,delete_flg =?  WHERE  crt_id = ?  [2020-12-14 06:39:57,1,288]
[SQL_LOG:2020-12-14 06:39:57]: SELECT stock_num  FROM  item  WHERE  item_id = ?     [1]
[SQL_LOG:2020-12-14 06:39:57]: UPDATE item  SET 0 =?  WHERE  item_id = ?  [-4,1]
[SQL_LOG:2020-12-14 13:56:04]: SELECT c.crt_id, c.num, c.sub_total_price, i.item_id, i.item_name, i.price, i.image FROM  cart c LEFT JOIN item i ON c.item_id = i.item_id  WHERE  c.mem_id = ? AND c.delete_flg = ?     [1,0]
[SQL_LOG:2020-12-14 13:56:04]: SELECT *  FROM  member  WHERE  mem_id = ?     [1]
[SQL_LOG:2020-12-14 13:56:06]: SELECT ctg_id, category_name, cate_genre FROM  category  WHERE  cate_genre = ?     [item]
[SQL_LOG:2020-12-14 13:56:06]: SELECT item_id, item_name, price, image, ctg_id  FROM  item     []
[SQL_LOG:2020-12-14 13:56:08]: SELECT ctg_id, category_name, cate_genre FROM  category  WHERE  cate_genre = ?     [item]
[SQL_LOG:2020-12-14 13:56:08]: SELECT item_id, item_name, detail, price, image, ctg_id FROM  item  WHERE  item_id = ?     [1]
[SQL_LOG:2020-12-14 13:56:08]: SELECT COUNT(*) AS NUM  FROM  likes  WHERE  item_id = ?     [1]
[SQL_LOG:2020-12-14 13:56:08]: SELECT *  FROM  likes  WHERE  item_id = ? AND mem_id = ?     [1,1]
[SQL_LOG:2020-12-14 13:56:13]: SELECT price  FROM  item  WHERE  item_id = ?     [1]
[SQL_LOG:2020-12-14 13:56:13]: INSERT INTO cart (mem_id,item_id,num,sub_total_price,regist_date)VALUES(?,?,?,?,?) [1,1,6,900,2020-12-14 13:56:13]
[SQL_LOG:2020-12-14 13:56:13]: SELECT c.crt_id, c.num, c.sub_total_price, i.item_id, i.item_name, i.price, i.image FROM  cart c LEFT JOIN item i ON c.item_id = i.item_id  WHERE  c.mem_id = ? AND c.delete_flg = ?     [1,0]
[SQL_LOG:2020-12-14 13:56:13]: SELECT SUM(c.sub_total_price) AS totalPrice  FROM  cart c LEFT JOIN item i ON c.item_id = i.item_id  WHERE  c.mem_id = ? AND c.delete_flg = ?    [1,0]
[SQL_LOG:2020-12-14 13:56:13]: SELECT SUM(num) AS num  FROM  cart c  WHERE  c.mem_id = ? AND c.delete_flg = ?    [1,0]
[SQL_LOG:2020-12-14 13:56:14]: SELECT c.crt_id, c.num, c.sub_total_price, i.item_id, i.item_name, i.price, i.image FROM  cart c LEFT JOIN item i ON c.item_id = i.item_id  WHERE  c.mem_id = ? AND c.delete_flg = ?     [1,0]
[SQL_LOG:2020-12-14 13:56:14]: SELECT SUM(c.sub_total_price) AS totalPrice  FROM  cart c LEFT JOIN item i ON c.item_id = i.item_id  WHERE  c.mem_id = ? AND c.delete_flg = ?    [1,0]
[SQL_LOG:2020-12-14 13:56:14]: SELECT SUM(num) AS num  FROM  cart c  WHERE  c.mem_id = ? AND c.delete_flg = ?    [1,0]
[SQL_LOG:2020-12-14 13:56:16]: SELECT c.crt_id, c.num, c.sub_total_price, i.item_id, i.item_name, i.price, i.image FROM  cart c LEFT JOIN item i ON c.item_id = i.item_id  WHERE  c.mem_id = ? AND c.delete_flg = ?     [1,0]
[SQL_LOG:2020-12-14 13:56:16]: SELECT *  FROM  member  WHERE  mem_id = ?     [1]
[SQL_LOG:2020-12-14 13:56:16]: INSERT INTO orders (order_key,item_id,num,sub_total_price,mem_id,email,regist_date,delete_flg)VALUES(?,?,?,?,?,?,?,?) [FASjUfFoNY6GyBo,1,6,900,1,tttvvvaken@gmail.com,2020-12-14 13:56:16,]
[SQL_LOG:2020-12-14 13:56:16]: UPDATE cart  SET delete_date =? ,delete_flg =?  WHERE  crt_id = ?  [2020-12-14 13:56:16,1,289]
[SQL_LOG:2020-12-14 13:56:16]: SELECT stock_num  FROM  item  WHERE  item_id = ?     [1]
[SQL_LOG:2020-12-14 13:56:16]: UPDATE item  SET 0 =?  WHERE  item_id = ?  [-5,1]
[SQL_LOG:2020-12-14 13:57:45]: SELECT ctg_id, category_name, cate_genre FROM  category  WHERE  cate_genre = ?     [lesson]
[SQL_LOG:2020-12-14 13:57:45]: SELECT item_id, item_name, price, image, ctg_id  FROM  item     []
[SQL_LOG:2020-12-14 13:57:46]: SELECT c.crt_id, c.num, c.sub_total_price, i.item_id, i.item_name, i.price, i.image FROM  cart c LEFT JOIN item i ON c.item_id = i.item_id  WHERE  c.mem_id = ? AND c.delete_flg = ?     [1,0]
[SQL_LOG:2020-12-14 13:57:46]: SELECT SUM(c.sub_total_price) AS totalPrice  FROM  cart c LEFT JOIN item i ON c.item_id = i.item_id  WHERE  c.mem_id = ? AND c.delete_flg = ?    [1,0]
[SQL_LOG:2020-12-14 13:57:46]: SELECT SUM(num) AS num  FROM  cart c  WHERE  c.mem_id = ? AND c.delete_flg = ?    [1,0]
[SQL_LOG:2020-12-14 13:57:48]: SELECT ctg_id, category_name, cate_genre FROM  category  WHERE  cate_genre = ?     [item]
[SQL_LOG:2020-12-14 13:57:48]: SELECT item_id, item_name, price, image, ctg_id  FROM  item     []
[SQL_LOG:2020-12-14 13:57:49]: SELECT ctg_id, category_name, cate_genre FROM  category  WHERE  cate_genre = ?     [item]
[SQL_LOG:2020-12-14 13:57:49]: SELECT item_id, item_name, detail, price, image, ctg_id FROM  item  WHERE  item_id = ?     [1]
[SQL_LOG:2020-12-14 13:57:49]: SELECT COUNT(*) AS NUM  FROM  likes  WHERE  item_id = ?     [1]
[SQL_LOG:2020-12-14 13:57:49]: SELECT *  FROM  likes  WHERE  item_id = ? AND mem_id = ?     [1,1]
[SQL_LOG:2020-12-14 13:57:53]: SELECT price  FROM  item  WHERE  item_id = ?     [1]
[SQL_LOG:2020-12-14 13:57:53]: INSERT INTO cart (mem_id,item_id,num,sub_total_price,regist_date)VALUES(?,?,?,?,?) [1,1,7,1050,2020-12-14 13:57:53]
[SQL_LOG:2020-12-14 13:57:53]: SELECT c.crt_id, c.num, c.sub_total_price, i.item_id, i.item_name, i.price, i.image FROM  cart c LEFT JOIN item i ON c.item_id = i.item_id  WHERE  c.mem_id = ? AND c.delete_flg = ?     [1,0]
[SQL_LOG:2020-12-14 13:57:53]: SELECT SUM(c.sub_total_price) AS totalPrice  FROM  cart c LEFT JOIN item i ON c.item_id = i.item_id  WHERE  c.mem_id = ? AND c.delete_flg = ?    [1,0]
[SQL_LOG:2020-12-14 13:57:53]: SELECT SUM(num) AS num  FROM  cart c  WHERE  c.mem_id = ? AND c.delete_flg = ?    [1,0]
[SQL_LOG:2020-12-14 13:57:55]: SELECT ctg_id, category_name, cate_genre FROM  category  WHERE  cate_genre = ?     [item]
[SQL_LOG:2020-12-14 13:57:55]: SELECT item_id, item_name, price, image, ctg_id  FROM  item     []
[SQL_LOG:2020-12-14 13:57:56]: SELECT ctg_id, category_name, cate_genre FROM  category  WHERE  cate_genre = ?     [item]
[SQL_LOG:2020-12-14 13:57:56]: SELECT item_id, item_name, detail, price, image, ctg_id FROM  item  WHERE  item_id = ?     [2]
[SQL_LOG:2020-12-14 13:57:56]: SELECT COUNT(*) AS NUM  FROM  likes  WHERE  item_id = ?     [2]
[SQL_LOG:2020-12-14 13:57:56]: SELECT *  FROM  likes  WHERE  item_id = ? AND mem_id = ?     [2,1]
[SQL_LOG:2020-12-14 13:58:00]: SELECT price  FROM  item  WHERE  item_id = ?     [2]
[SQL_LOG:2020-12-14 13:58:00]: INSERT INTO cart (mem_id,item_id,num,sub_total_price,regist_date)VALUES(?,?,?,?,?) [1,2,5,750,2020-12-14 13:58:00]
[SQL_LOG:2020-12-14 13:58:00]: SELECT c.crt_id, c.num, c.sub_total_price, i.item_id, i.item_name, i.price, i.image FROM  cart c LEFT JOIN item i ON c.item_id = i.item_id  WHERE  c.mem_id = ? AND c.delete_flg = ?     [1,0]
[SQL_LOG:2020-12-14 13:58:00]: SELECT SUM(c.sub_total_price) AS totalPrice  FROM  cart c LEFT JOIN item i ON c.item_id = i.item_id  WHERE  c.mem_id = ? AND c.delete_flg = ?    [1,0]
[SQL_LOG:2020-12-14 13:58:00]: SELECT SUM(num) AS num  FROM  cart c  WHERE  c.mem_id = ? AND c.delete_flg = ?    [1,0]
[SQL_LOG:2020-12-14 13:58:02]: SELECT c.crt_id, c.num, c.sub_total_price, i.item_id, i.item_name, i.price, i.image FROM  cart c LEFT JOIN item i ON c.item_id = i.item_id  WHERE  c.mem_id = ? AND c.delete_flg = ?     [1,0]
[SQL_LOG:2020-12-14 13:58:02]: SELECT SUM(c.sub_total_price) AS totalPrice  FROM  cart c LEFT JOIN item i ON c.item_id = i.item_id  WHERE  c.mem_id = ? AND c.delete_flg = ?    [1,0]
[SQL_LOG:2020-12-14 13:58:02]: SELECT SUM(num) AS num  FROM  cart c  WHERE  c.mem_id = ? AND c.delete_flg = ?    [1,0]
[SQL_LOG:2020-12-14 13:58:04]: SELECT c.crt_id, c.num, c.sub_total_price, i.item_id, i.item_name, i.price, i.image FROM  cart c LEFT JOIN item i ON c.item_id = i.item_id  WHERE  c.mem_id = ? AND c.delete_flg = ?     [1,0]
[SQL_LOG:2020-12-14 13:58:04]: SELECT *  FROM  member  WHERE  mem_id = ?     [1]
[SQL_LOG:2020-12-14 13:58:04]: INSERT INTO orders (order_key,item_id,num,sub_total_price,mem_id,email,regist_date,delete_flg)VALUES(?,?,?,?,?,?,?,?) [Xcq7Ar8qRL5r8pB,1,7,1050,1,tttvvvaken@gmail.com,2020-12-14 13:58:04,]
[SQL_LOG:2020-12-14 13:58:04]: UPDATE cart  SET delete_date =? ,delete_flg =?  WHERE  crt_id = ?  [2020-12-14 13:58:04,1,290]
[SQL_LOG:2020-12-14 13:58:04]: SELECT stock_num  FROM  item  WHERE  item_id = ?     [1]
[SQL_LOG:2020-12-14 13:58:04]: UPDATE item  SET 0 =?  WHERE  item_id = ?  [-6,1]
[SQL_LOG:2020-12-14 13:59:30]: SELECT c.crt_id, c.num, c.sub_total_price, i.item_id, i.item_name, i.price, i.image FROM  cart c LEFT JOIN item i ON c.item_id = i.item_id  WHERE  c.mem_id = ? AND c.delete_flg = ?     [1,0]
[SQL_LOG:2020-12-14 13:59:30]: SELECT SUM(c.sub_total_price) AS totalPrice  FROM  cart c LEFT JOIN item i ON c.item_id = i.item_id  WHERE  c.mem_id = ? AND c.delete_flg = ?    [1,0]
[SQL_LOG:2020-12-14 13:59:30]: SELECT SUM(num) AS num  FROM  cart c  WHERE  c.mem_id = ? AND c.delete_flg = ?    [1,0]
[SQL_LOG:2020-12-14 13:59:32]: SELECT c.crt_id, c.num, c.sub_total_price, i.item_id, i.item_name, i.price, i.image FROM  cart c LEFT JOIN item i ON c.item_id = i.item_id  WHERE  c.mem_id = ? AND c.delete_flg = ?     [1,0]
[SQL_LOG:2020-12-14 13:59:32]: SELECT *  FROM  member  WHERE  mem_id = ?     [1]
[SQL_LOG:2020-12-14 13:59:32]: INSERT INTO orders (order_key,item_id,num,sub_total_price,mem_id,email,regist_date,delete_flg)VALUES(?,?,?,?,?,?,?,?) [Q39N8XYzaXM621v,2,5,750,1,tttvvvaken@gmail.com,2020-12-14 13:59:32,]
[SQL_LOG:2020-12-14 13:59:32]: UPDATE cart  SET delete_date =? ,delete_flg =?  WHERE  crt_id = ?  [2020-12-14 13:59:32,1,291]
[SQL_LOG:2020-12-14 13:59:32]: SELECT stock_num  FROM  item  WHERE  item_id = ?     [2]
[SQL_LOG:2020-12-14 13:59:32]: UPDATE item  SET 0 =?  WHERE  item_id = ?  [-4,2]
[SQL_LOG:2020-12-14 14:00:12]: SELECT c.crt_id, c.num, c.sub_total_price, i.item_id, i.item_name, i.price, i.image FROM  cart c LEFT JOIN item i ON c.item_id = i.item_id  WHERE  c.mem_id = ? AND c.delete_flg = ?     [1,0]
[SQL_LOG:2020-12-14 14:00:12]: SELECT *  FROM  member  WHERE  mem_id = ?     [1]
[SQL_LOG:2020-12-14 14:01:35]: SELECT ctg_id, category_name, cate_genre FROM  category  WHERE  cate_genre = ?     [lesson]
[SQL_LOG:2020-12-14 14:01:35]: SELECT item_id, item_name, price, image, ctg_id  FROM  item     []
[SQL_LOG:2020-12-14 14:01:46]: SELECT ctg_id, category_name, cate_genre FROM  category  WHERE  cate_genre = ?     [item]
[SQL_LOG:2020-12-14 14:01:46]: SELECT item_id, item_name, price, image, ctg_id  FROM  item     []
[SQL_LOG:2020-12-14 14:01:48]: SELECT ctg_id, category_name, cate_genre FROM  category  WHERE  cate_genre = ?     [item]
[SQL_LOG:2020-12-14 14:01:48]: SELECT item_id, item_name, detail, price, image, ctg_id FROM  item  WHERE  item_id = ?     [1]
[SQL_LOG:2020-12-14 14:01:48]: SELECT COUNT(*) AS NUM  FROM  likes  WHERE  item_id = ?     [1]
[SQL_LOG:2020-12-14 14:01:48]: SELECT *  FROM  likes  WHERE  item_id = ? AND mem_id = ?     [1,1]
[SQL_LOG:2020-12-14 14:01:53]: SELECT price  FROM  item  WHERE  item_id = ?     [1]
[SQL_LOG:2020-12-14 14:01:53]: INSERT INTO cart (mem_id,item_id,num,sub_total_price,regist_date)VALUES(?,?,?,?,?) [1,1,20,3000,2020-12-14 14:01:53]
[SQL_LOG:2020-12-14 14:01:53]: SELECT c.crt_id, c.num, c.sub_total_price, i.item_id, i.item_name, i.price, i.image FROM  cart c LEFT JOIN item i ON c.item_id = i.item_id  WHERE  c.mem_id = ? AND c.delete_flg = ?     [1,0]
[SQL_LOG:2020-12-14 14:01:53]: SELECT SUM(c.sub_total_price) AS totalPrice  FROM  cart c LEFT JOIN item i ON c.item_id = i.item_id  WHERE  c.mem_id = ? AND c.delete_flg = ?    [1,0]
[SQL_LOG:2020-12-14 14:01:53]: SELECT SUM(num) AS num  FROM  cart c  WHERE  c.mem_id = ? AND c.delete_flg = ?    [1,0]
[SQL_LOG:2020-12-14 14:01:55]: SELECT c.crt_id, c.num, c.sub_total_price, i.item_id, i.item_name, i.price, i.image FROM  cart c LEFT JOIN item i ON c.item_id = i.item_id  WHERE  c.mem_id = ? AND c.delete_flg = ?     [1,0]
[SQL_LOG:2020-12-14 14:01:55]: SELECT SUM(c.sub_total_price) AS totalPrice  FROM  cart c LEFT JOIN item i ON c.item_id = i.item_id  WHERE  c.mem_id = ? AND c.delete_flg = ?    [1,0]
[SQL_LOG:2020-12-14 14:01:55]: SELECT SUM(num) AS num  FROM  cart c  WHERE  c.mem_id = ? AND c.delete_flg = ?    [1,0]
[SQL_LOG:2020-12-14 14:01:57]: SELECT c.crt_id, c.num, c.sub_total_price, i.item_id, i.item_name, i.price, i.image FROM  cart c LEFT JOIN item i ON c.item_id = i.item_id  WHERE  c.mem_id = ? AND c.delete_flg = ?     [1,0]
[SQL_LOG:2020-12-14 14:01:57]: SELECT *  FROM  member  WHERE  mem_id = ?     [1]
[SQL_LOG:2020-12-14 14:01:57]: INSERT INTO orders (order_key,item_id,num,sub_total_price,mem_id,email,regist_date,delete_flg)VALUES(?,?,?,?,?,?,?,?) [CwShSORG3Au2MXy,1,20,3000,1,tttvvvaken@gmail.com,2020-12-14 14:01:57,]
[SQL_LOG:2020-12-14 14:01:57]: UPDATE cart  SET delete_date =? ,delete_flg =?  WHERE  crt_id = ?  [2020-12-14 14:01:57,1,292]
[SQL_LOG:2020-12-14 14:01:57]: SELECT stock_num  FROM  item  WHERE  item_id = ?     [1]
[SQL_LOG:2020-12-14 14:01:57]: UPDATE item  SET 0 =?  WHERE  item_id = ?  [130,1]
[SQL_LOG:2020-12-14 14:09:43]: SELECT c.crt_id, c.num, c.sub_total_price, i.item_id, i.item_name, i.price, i.image FROM  cart c LEFT JOIN item i ON c.item_id = i.item_id  WHERE  c.mem_id = ? AND c.delete_flg = ?     [1,0]
[SQL_LOG:2020-12-14 14:09:43]: SELECT *  FROM  member  WHERE  mem_id = ?     [1]
[SQL_LOG:2020-12-14 14:09:46]: SELECT ctg_id, category_name, cate_genre FROM  category  WHERE  cate_genre = ?     [item]
[SQL_LOG:2020-12-14 14:09:46]: SELECT item_id, item_name, price, image, ctg_id  FROM  item     []
[SQL_LOG:2020-12-14 14:09:47]: SELECT ctg_id, category_name, cate_genre FROM  category  WHERE  cate_genre = ?     [item]
[SQL_LOG:2020-12-14 14:09:47]: SELECT item_id, item_name, detail, price, image, ctg_id FROM  item  WHERE  item_id = ?     [1]
[SQL_LOG:2020-12-14 14:09:47]: SELECT COUNT(*) AS NUM  FROM  likes  WHERE  item_id = ?     [1]
[SQL_LOG:2020-12-14 14:09:47]: SELECT *  FROM  likes  WHERE  item_id = ? AND mem_id = ?     [1,1]
[SQL_LOG:2020-12-14 14:09:50]: SELECT price  FROM  item  WHERE  item_id = ?     [1]
[SQL_LOG:2020-12-14 14:09:50]: INSERT INTO cart (mem_id,item_id,num,sub_total_price,regist_date)VALUES(?,?,?,?,?) [1,1,5,750,2020-12-14 14:09:50]
[SQL_LOG:2020-12-14 14:09:50]: SELECT c.crt_id, c.num, c.sub_total_price, i.item_id, i.item_name, i.price, i.image FROM  cart c LEFT JOIN item i ON c.item_id = i.item_id  WHERE  c.mem_id = ? AND c.delete_flg = ?     [1,0]
[SQL_LOG:2020-12-14 14:09:50]: SELECT SUM(c.sub_total_price) AS totalPrice  FROM  cart c LEFT JOIN item i ON c.item_id = i.item_id  WHERE  c.mem_id = ? AND c.delete_flg = ?    [1,0]
[SQL_LOG:2020-12-14 14:09:50]: SELECT SUM(num) AS num  FROM  cart c  WHERE  c.mem_id = ? AND c.delete_flg = ?    [1,0]
[SQL_LOG:2020-12-14 14:09:52]: SELECT c.crt_id, c.num, c.sub_total_price, i.item_id, i.item_name, i.price, i.image FROM  cart c LEFT JOIN item i ON c.item_id = i.item_id  WHERE  c.mem_id = ? AND c.delete_flg = ?     [1,0]
[SQL_LOG:2020-12-14 14:09:52]: SELECT SUM(c.sub_total_price) AS totalPrice  FROM  cart c LEFT JOIN item i ON c.item_id = i.item_id  WHERE  c.mem_id = ? AND c.delete_flg = ?    [1,0]
[SQL_LOG:2020-12-14 14:09:52]: SELECT SUM(num) AS num  FROM  cart c  WHERE  c.mem_id = ? AND c.delete_flg = ?    [1,0]
[SQL_LOG:2020-12-14 14:10:01]: SELECT c.crt_id, c.num, c.sub_total_price, i.item_id, i.item_name, i.price, i.image FROM  cart c LEFT JOIN item i ON c.item_id = i.item_id  WHERE  c.mem_id = ? AND c.delete_flg = ?     [1,0]
[SQL_LOG:2020-12-14 14:10:01]: SELECT *  FROM  member  WHERE  mem_id = ?     [1]
[SQL_LOG:2020-12-14 14:10:01]: INSERT INTO orders (order_key,item_id,num,sub_total_price,mem_id,email,regist_date,delete_flg)VALUES(?,?,?,?,?,?,?,?) [XsUtLNvQgCGVu2O,1,5,750,1,tttvvvaken@gmail.com,2020-12-14 14:10:01,]
[SQL_LOG:2020-12-14 14:10:01]: UPDATE cart  SET delete_date =? ,delete_flg =?  WHERE  crt_id = ?  [2020-12-14 14:10:01,1,293]
[SQL_LOG:2020-12-14 14:10:01]: SELECT stock_num  FROM  item  WHERE  item_id = ?     [1]
[SQL_LOG:2020-12-14 14:10:01]: UPDATE item  SET $stock_num =?  WHERE  item_id = ?  [145,1]
[SQL_LOG:2020-12-14 14:10:15]: SELECT ctg_id, category_name, cate_genre FROM  category  WHERE  cate_genre = ?     [lesson]
[SQL_LOG:2020-12-14 14:10:15]: SELECT item_id, item_name, price, image, ctg_id  FROM  item     []
[SQL_LOG:2020-12-14 14:10:16]: SELECT ctg_id, category_name, cate_genre FROM  category  WHERE  cate_genre = ?     [item]
[SQL_LOG:2020-12-14 14:10:16]: SELECT item_id, item_name, price, image, ctg_id  FROM  item     []
[SQL_LOG:2020-12-14 14:10:18]: SELECT c.crt_id, c.num, c.sub_total_price, i.item_id, i.item_name, i.price, i.image FROM  cart c LEFT JOIN item i ON c.item_id = i.item_id  WHERE  c.mem_id = ? AND c.delete_flg = ?     [1,0]
[SQL_LOG:2020-12-14 14:10:18]: SELECT SUM(c.sub_total_price) AS totalPrice  FROM  cart c LEFT JOIN item i ON c.item_id = i.item_id  WHERE  c.mem_id = ? AND c.delete_flg = ?    [1,0]
[SQL_LOG:2020-12-14 14:10:18]: SELECT SUM(num) AS num  FROM  cart c  WHERE  c.mem_id = ? AND c.delete_flg = ?    [1,0]
[SQL_LOG:2020-12-14 14:10:19]: SELECT ctg_id, category_name, cate_genre FROM  category  WHERE  cate_genre = ?     [item]
[SQL_LOG:2020-12-14 14:10:19]: SELECT item_id, item_name, price, image, ctg_id  FROM  item     []
[SQL_LOG:2020-12-14 14:10:21]: SELECT ctg_id, category_name, cate_genre FROM  category  WHERE  cate_genre = ?     [item]
[SQL_LOG:2020-12-14 14:10:21]: SELECT item_id, item_name, detail, price, image, ctg_id FROM  item  WHERE  item_id = ?     [1]
[SQL_LOG:2020-12-14 14:10:21]: SELECT COUNT(*) AS NUM  FROM  likes  WHERE  item_id = ?     [1]
[SQL_LOG:2020-12-14 14:10:21]: SELECT *  FROM  likes  WHERE  item_id = ? AND mem_id = ?     [1,1]
[SQL_LOG:2020-12-14 14:10:25]: SELECT price  FROM  item  WHERE  item_id = ?     [1]
[SQL_LOG:2020-12-14 14:10:25]: INSERT INTO cart (mem_id,item_id,num,sub_total_price,regist_date)VALUES(?,?,?,?,?) [1,1,5,750,2020-12-14 14:10:25]
[SQL_LOG:2020-12-14 14:10:25]: SELECT c.crt_id, c.num, c.sub_total_price, i.item_id, i.item_name, i.price, i.image FROM  cart c LEFT JOIN item i ON c.item_id = i.item_id  WHERE  c.mem_id = ? AND c.delete_flg = ?     [1,0]
[SQL_LOG:2020-12-14 14:10:25]: SELECT SUM(c.sub_total_price) AS totalPrice  FROM  cart c LEFT JOIN item i ON c.item_id = i.item_id  WHERE  c.mem_id = ? AND c.delete_flg = ?    [1,0]
[SQL_LOG:2020-12-14 14:10:25]: SELECT SUM(num) AS num  FROM  cart c  WHERE  c.mem_id = ? AND c.delete_flg = ?    [1,0]
[SQL_LOG:2020-12-14 14:10:27]: SELECT c.crt_id, c.num, c.sub_total_price, i.item_id, i.item_name, i.price, i.image FROM  cart c LEFT JOIN item i ON c.item_id = i.item_id  WHERE  c.mem_id = ? AND c.delete_flg = ?     [1,0]
[SQL_LOG:2020-12-14 14:10:27]: SELECT SUM(c.sub_total_price) AS totalPrice  FROM  cart c LEFT JOIN item i ON c.item_id = i.item_id  WHERE  c.mem_id = ? AND c.delete_flg = ?    [1,0]
[SQL_LOG:2020-12-14 14:10:27]: SELECT SUM(num) AS num  FROM  cart c  WHERE  c.mem_id = ? AND c.delete_flg = ?    [1,0]
[SQL_LOG:2020-12-14 14:10:30]: SELECT c.crt_id, c.num, c.sub_total_price, i.item_id, i.item_name, i.price, i.image FROM  cart c LEFT JOIN item i ON c.item_id = i.item_id  WHERE  c.mem_id = ? AND c.delete_flg = ?     [1,0]
[SQL_LOG:2020-12-14 14:10:30]: SELECT *  FROM  member  WHERE  mem_id = ?     [1]
[SQL_LOG:2020-12-14 14:10:30]: INSERT INTO orders (order_key,item_id,num,sub_total_price,mem_id,email,regist_date,delete_flg)VALUES(?,?,?,?,?,?,?,?) [yilVaHZqDpwYcmO,1,5,750,1,tttvvvaken@gmail.com,2020-12-14 14:10:30,]
[SQL_LOG:2020-12-14 14:10:30]: UPDATE cart  SET delete_date =? ,delete_flg =?  WHERE  crt_id = ?  [2020-12-14 14:10:30,1,294]
[SQL_LOG:2020-12-14 14:10:30]: SELECT stock_num  FROM  item  WHERE  item_id = ?     [1]
[SQL_LOG:2020-12-14 14:10:30]: UPDATE item  SET stock_num =?  WHERE  item_id = ?  [145,1]
