[SQL_LOG:2020-11-24 17:52:58]: SELECT ctg_id, category_name  FROM  category     []
[SQL_LOG:2020-11-24 17:52:58]: SELECT item_id, item_name, price, image, ctg_id  FROM  item     []
[SQL_LOG:2020-11-24 17:53:00]: SELECT *  FROM  member  WHERE  mem_id = ?     [7]
[SQL_LOG:2020-11-24 17:53:04]: SELECT *  FROM  member  WHERE  mem_id = ?     [7]
[SQL_LOG:2020-11-24 17:53:06]: SELECT ctg_id, category_name  FROM  category     []
[SQL_LOG:2020-11-24 17:53:06]: SELECT item_id, item_name, price, image, ctg_id  FROM  item     []
[SQL_LOG:2020-11-24 17:53:17]: SELECT ctg_id, category_name  FROM  category     []
[SQL_LOG:2020-11-24 17:53:17]: SELECT item_id, item_name, price, image, ctg_id  FROM  item     []
[SQL_LOG:2020-11-24 17:53:28]: SELECT ctg_id, category_name  FROM  category     []
[SQL_LOG:2020-11-24 17:53:28]: SELECT item_id, item_name, detail, price, image, ctg_id FROM  item  WHERE  item_id = ?     [1]
[SQL_LOG:2020-11-24 17:53:28]: SELECT COUNT(*) AS NUM  FROM  likes  WHERE  item_id = ?     [1]
[SQL_LOG:2020-11-24 17:53:28]: SELECT *  FROM  likes  WHERE  item_id = ? AND mem_id = ?     [1,]
[SQL_LOG:2020-11-24 17:56:31]: SELECT ctg_id, category_name  FROM  category     []
[SQL_LOG:2020-11-24 17:56:31]: SELECT item_id, item_name, detail, price, image, ctg_id FROM  item  WHERE  item_id = ?     [1]
[SQL_LOG:2020-11-24 17:56:31]: SELECT COUNT(*) AS NUM  FROM  likes  WHERE  item_id = ?     [1]
[SQL_LOG:2020-11-24 17:56:31]: SELECT *  FROM  likes  WHERE  item_id = ? AND mem_id = ?     [1,]
[SQL_LOG:2020-11-24 17:56:32]: SELECT ctg_id, category_name  FROM  category     []
[SQL_LOG:2020-11-24 17:56:32]: SELECT item_id, item_name, detail, price, image, ctg_id FROM  item  WHERE  item_id = ?     [1]
[SQL_LOG:2020-11-24 17:56:32]: SELECT COUNT(*) AS NUM  FROM  likes  WHERE  item_id = ?     [1]
[SQL_LOG:2020-11-24 17:56:32]: SELECT *  FROM  likes  WHERE  item_id = ? AND mem_id = ?     [1,]
[SQL_LOG:2020-11-24 17:56:33]: SELECT ctg_id, category_name  FROM  category     []
[SQL_LOG:2020-11-24 17:56:33]: SELECT item_id, item_name, detail, price, image, ctg_id FROM  item  WHERE  item_id = ?     [1]
[SQL_LOG:2020-11-24 17:56:33]: SELECT COUNT(*) AS NUM  FROM  likes  WHERE  item_id = ?     [1]
[SQL_LOG:2020-11-24 17:56:33]: SELECT *  FROM  likes  WHERE  item_id = ? AND mem_id = ?     [1,]
[SQL_LOG:2020-11-24 17:56:53]: SELECT ctg_id, category_name  FROM  category     []
[SQL_LOG:2020-11-24 17:56:53]: SELECT item_id, item_name, detail, price, image, ctg_id FROM  item  WHERE  item_id = ?     [1]
[SQL_LOG:2020-11-24 17:56:53]: SELECT COUNT(*) AS NUM  FROM  likes  WHERE  item_id = ?     [1]
[SQL_LOG:2020-11-24 17:56:53]: SELECT *  FROM  likes  WHERE  item_id = ? AND mem_id = ?     [1,]
[SQL_LOG:2020-11-24 17:57:25]: SELECT ctg_id, category_name  FROM  category     []
[SQL_LOG:2020-11-24 17:57:25]: SELECT item_id, item_name, detail, price, image, ctg_id FROM  item  WHERE  item_id = ?     [1]
[SQL_LOG:2020-11-24 17:57:25]: SELECT COUNT(*) AS NUM  FROM  likes  WHERE  item_id = ?     [1]
[SQL_LOG:2020-11-24 17:57:26]: SELECT ctg_id, category_name  FROM  category     []
[SQL_LOG:2020-11-24 17:57:26]: SELECT item_id, item_name, detail, price, image, ctg_id FROM  item  WHERE  item_id = ?     [1]
[SQL_LOG:2020-11-24 17:57:26]: SELECT COUNT(*) AS NUM  FROM  likes  WHERE  item_id = ?     [1]
[SQL_LOG:2020-11-24 17:57:34]: SELECT ctg_id, category_name  FROM  category     []
[SQL_LOG:2020-11-24 17:57:34]: SELECT item_id, item_name, detail, price, image, ctg_id FROM  item  WHERE  item_id = ?     [1]
[SQL_LOG:2020-11-24 17:57:34]: SELECT COUNT(*) AS NUM  FROM  likes  WHERE  item_id = ?     [1]
[SQL_LOG:2020-11-24 17:57:35]: SELECT ctg_id, category_name  FROM  category     []
[SQL_LOG:2020-11-24 17:57:35]: SELECT item_id, item_name, price, image, ctg_id  FROM  item     []
[SQL_LOG:2020-11-24 17:57:37]: SELECT ctg_id, category_name  FROM  category     []
[SQL_LOG:2020-11-24 17:57:37]: SELECT item_id, item_name, detail, price, image, ctg_id FROM  item  WHERE  item_id = ?     [1]
[SQL_LOG:2020-11-24 17:57:37]: SELECT COUNT(*) AS NUM  FROM  likes  WHERE  item_id = ?     [1]
[SQL_LOG:2020-11-24 17:57:40]: SELECT ctg_id, category_name  FROM  category     []
[SQL_LOG:2020-11-24 17:57:40]: SELECT item_id, item_name, price, image, ctg_id  FROM  item  WHERE  ctg_id = ?     [2]
[SQL_LOG:2020-11-24 17:57:42]: SELECT ctg_id, category_name  FROM  category     []
[SQL_LOG:2020-11-24 17:57:42]: SELECT item_id, item_name, price, image, ctg_id  FROM  item  WHERE  ctg_id = ?     [1]
[SQL_LOG:2020-11-24 17:57:43]: SELECT ctg_id, category_name  FROM  category     []
[SQL_LOG:2020-11-24 17:57:43]: SELECT item_id, item_name, price, image, ctg_id  FROM  item     []
[SQL_LOG:2020-11-24 17:57:43]: SELECT ctg_id, category_name  FROM  category     []
[SQL_LOG:2020-11-24 17:57:43]: SELECT item_id, item_name, price, image, ctg_id  FROM  item     []
[SQL_LOG:2020-11-24 17:57:50]: SELECT ctg_id, category_name  FROM  category     []
[SQL_LOG:2020-11-24 17:57:50]: SELECT item_id, item_name, price, image, ctg_id  FROM  item     []
[SQL_LOG:2020-11-24 17:58:58]: SELECT ctg_id, category_name  FROM  category     []
[SQL_LOG:2020-11-24 17:58:58]: SELECT item_id, item_name, price, image, ctg_id  FROM  item     []
[SQL_LOG:2020-11-24 17:59:28]: SELECT ctg_id, category_name  FROM  category     []
[SQL_LOG:2020-11-24 17:59:28]: SELECT item_id, item_name, price, image, ctg_id  FROM  item     []
[SQL_LOG:2020-11-24 17:59:48]: SELECT ctg_id, category_name  FROM  category     []
[SQL_LOG:2020-11-24 17:59:48]: SELECT item_id, item_name, price, image, ctg_id  FROM  item     []
[SQL_LOG:2020-11-24 18:00:51]: SELECT ctg_id, category_name  FROM  category     []
[SQL_LOG:2020-11-24 18:00:51]: SELECT item_id, item_name, price, image, ctg_id  FROM  item     []
[SQL_LOG:2020-11-24 18:00:57]: SELECT *  FROM  member  WHERE  email = ?     [tttvvvaken@gmail.com]
[SQL_LOG:2020-11-24 18:00:57]: SELECT session_key  FROM  loginsession  WHERE  mem_id = ?     [7]
[SQL_LOG:2020-11-24 18:00:57]: SELECT ctg_id, category_name  FROM  category     []
[SQL_LOG:2020-11-24 18:00:57]: SELECT item_id, item_name, price, image, ctg_id  FROM  item     []
[SQL_LOG:2020-11-24 18:01:02]: SELECT ctg_id, category_name  FROM  category     []
[SQL_LOG:2020-11-24 18:01:02]: SELECT item_id, item_name, price, image, ctg_id  FROM  item     []
[SQL_LOG:2020-11-24 18:01:05]: SELECT ctg_id, category_name  FROM  category     []
[SQL_LOG:2020-11-24 18:01:05]: SELECT  item_id, item_name, price, image, ctg_id  FROM item WHERE  item_name LIKE ?     [%た%]
[SQL_LOG:2020-11-24 18:01:09]: SELECT ctg_id, category_name  FROM  category     []
[SQL_LOG:2020-11-24 18:01:09]: SELECT  item_id, item_name, price, image, ctg_id  FROM item WHERE  item_name LIKE ?     [%ma%]
[SQL_LOG:2020-11-24 18:01:14]: SELECT ctg_id, category_name  FROM  category     []
[SQL_LOG:2020-11-24 18:01:14]: SELECT  item_id, item_name, price, image, ctg_id  FROM item WHERE  item_name LIKE ?     [%ま%]
[SQL_LOG:2020-11-24 18:01:17]: SELECT ctg_id, category_name  FROM  category     []
[SQL_LOG:2020-11-24 18:01:17]: SELECT  item_id, item_name, price, image, ctg_id  FROM item    []
[SQL_LOG:2020-11-24 18:01:19]: SELECT ctg_id, category_name  FROM  category     []
[SQL_LOG:2020-11-24 18:01:19]: SELECT  item_id, item_name, price, image, ctg_id  FROM item    []
[SQL_LOG:2020-11-24 18:01:31]: SELECT ctg_id, category_name  FROM  category     []
[SQL_LOG:2020-11-24 18:01:31]: SELECT  item_id, item_name, price, image, ctg_id  FROM item    []
[SQL_LOG:2020-11-24 18:03:49]: SELECT ctg_id, category_name  FROM  category     []
[SQL_LOG:2020-11-24 18:03:49]: SELECT  item_id, item_name, price, image, ctg_id  FROM item    []
[SQL_LOG:2020-11-24 18:03:50]: SELECT ctg_id, category_name  FROM  category     []
[SQL_LOG:2020-11-24 18:03:50]: SELECT  item_id, item_name, price, image, ctg_id  FROM item    []
[SQL_LOG:2020-11-24 18:03:51]: SELECT ctg_id, category_name  FROM  category     []
[SQL_LOG:2020-11-24 18:03:51]: SELECT  item_id, item_name, price, image, ctg_id  FROM item    []
[SQL_LOG:2020-11-24 18:03:51]: SELECT ctg_id, category_name  FROM  category     []
[SQL_LOG:2020-11-24 18:03:51]: SELECT  item_id, item_name, price, image, ctg_id  FROM item    []
[SQL_LOG:2020-11-24 18:03:54]: SELECT ctg_id, category_name  FROM  category     []
[SQL_LOG:2020-11-24 18:03:54]: SELECT  item_id, item_name, price, image, ctg_id  FROM item WHERE  item_name LIKE ?     [%た%]
[SQL_LOG:2020-11-24 18:03:57]: SELECT ctg_id, category_name  FROM  category     []
[SQL_LOG:2020-11-24 18:03:57]: SELECT  item_id, item_name, price, image, ctg_id  FROM item    []
[SQL_LOG:2020-11-24 18:03:58]: SELECT ctg_id, category_name  FROM  category     []
[SQL_LOG:2020-11-24 18:03:58]: SELECT  item_id, item_name, price, image, ctg_id  FROM item    []
[SQL_LOG:2020-11-24 18:06:03]: SELECT ctg_id, category_name  FROM  category     []
[SQL_LOG:2020-11-24 18:06:03]: SELECT item_id, item_name, price, image, ctg_id  FROM  item     []
[SQL_LOG:2020-11-24 18:06:04]: SELECT ctg_id, category_name  FROM  category     []
[SQL_LOG:2020-11-24 18:06:04]: SELECT  item_id, item_name, price, image, ctg_id  FROM item    []
[SQL_LOG:2020-11-24 18:06:04]: SELECT ctg_id, category_name  FROM  category     []
[SQL_LOG:2020-11-24 18:06:04]: SELECT  item_id, item_name, price, image, ctg_id  FROM item    []
[SQL_LOG:2020-11-24 18:06:05]: SELECT ctg_id, category_name  FROM  category     []
[SQL_LOG:2020-11-24 18:06:05]: SELECT  item_id, item_name, price, image, ctg_id  FROM item    []
[SQL_LOG:2020-11-24 18:09:44]: SELECT ctg_id, category_name  FROM  category     []
[SQL_LOG:2020-11-24 18:09:44]: SELECT item_id, item_name, price, image, ctg_id  FROM  item     []
[SQL_LOG:2020-11-24 18:09:45]: SELECT ctg_id, category_name  FROM  category     []
[SQL_LOG:2020-11-24 18:09:45]: SELECT  item_id, item_name, price, image, ctg_id  FROM item    []
[SQL_LOG:2020-11-24 18:09:46]: SELECT ctg_id, category_name  FROM  category     []
[SQL_LOG:2020-11-24 18:09:46]: SELECT  item_id, item_name, price, image, ctg_id  FROM item    []
[SQL_LOG:2020-11-24 18:09:56]: SELECT ctg_id, category_name  FROM  category     []
[SQL_LOG:2020-11-24 18:09:56]: SELECT  item_id, item_name, price, image, ctg_id  FROM item WHERE  item_name LIKE ?     [%た%]
[SQL_LOG:2020-11-24 18:10:01]: SELECT ctg_id, category_name  FROM  category     []
[SQL_LOG:2020-11-24 18:10:01]: SELECT  item_id, item_name, price, image, ctg_id  FROM item WHERE  item_name LIKE ?     [%ma%]
[SQL_LOG:2020-11-24 18:10:20]: SELECT ctg_id, category_name  FROM  category     []
[SQL_LOG:2020-11-24 18:10:20]: SELECT  item_id, item_name, price, image, ctg_id  FROM item WHERE  item_name LIKE ?     [%ma%]
[SQL_LOG:2020-11-24 18:10:55]: SELECT c.crt_id, i.item_id, i.item_name, i.price, i.image FROM  cart c LEFT JOIN item i ON c.item_id = i.item_id  WHERE  c.customer_no = ? AND c.delete_flg = ?    [7,0]
[SQL_LOG:2020-11-24 18:10:55]: SELECT SUM(i.price) AS totalPrice  FROM  cart c LEFT JOIN item i ON c.item_id = i.item_id  WHERE  c.customer_no = ? AND c.delete_flg = ?    [7,0]
[SQL_LOG:2020-11-24 18:10:55]: SELECT SUM(num) AS num  FROM  cart c  WHERE  c.customer_no = ? AND c.delete_flg = ?    [7,0]
[SQL_LOG:2020-11-24 18:10:56]: SELECT ctg_id, category_name  FROM  category     []
[SQL_LOG:2020-11-24 18:10:56]: SELECT item_id, item_name, price, image, ctg_id  FROM  item     []
[SQL_LOG:2020-11-24 18:10:57]: SELECT c.crt_id, i.item_id, i.item_name, i.price, i.image FROM  cart c LEFT JOIN item i ON c.item_id = i.item_id  WHERE  c.customer_no = ? AND c.delete_flg = ?    [7,0]
[SQL_LOG:2020-11-24 18:10:57]: SELECT SUM(i.price) AS totalPrice  FROM  cart c LEFT JOIN item i ON c.item_id = i.item_id  WHERE  c.customer_no = ? AND c.delete_flg = ?    [7,0]
[SQL_LOG:2020-11-24 18:10:57]: SELECT SUM(num) AS num  FROM  cart c  WHERE  c.customer_no = ? AND c.delete_flg = ?    [7,0]
[SQL_LOG:2020-11-24 18:10:58]: SELECT ctg_id, category_name  FROM  category     []
[SQL_LOG:2020-11-24 18:10:58]: SELECT item_id, item_name, price, image, ctg_id  FROM  item     []
[SQL_LOG:2020-11-24 18:11:00]: SELECT mem_id, family_name, first_name, family_name_kana, first_name_kana, email, user_id, sex, traffic, regist_date, update_date  FROM  member     []
[SQL_LOG:2020-11-24 18:11:02]: SELECT *  FROM  member  WHERE  mem_id = ?     [7]
[SQL_LOG:2020-11-24 18:11:37]: SELECT mem_id, family_name, first_name, family_name_kana, first_name_kana, email, user_id, sex, traffic, regist_date, update_date  FROM  member     []
[SQL_LOG:2020-11-24 18:11:39]: SELECT *  FROM  member  WHERE  mem_id = ?     [7]
[SQL_LOG:2020-11-24 18:11:40]: SELECT ctg_id, category_name  FROM  category     []
[SQL_LOG:2020-11-24 18:11:40]: SELECT item_id, item_name, price, image, ctg_id  FROM  item     []
[SQL_LOG:2020-11-24 18:11:42]: SELECT ctg_id, category_name  FROM  category     []
[SQL_LOG:2020-11-24 18:11:42]: SELECT item_id, item_name, detail, price, image, ctg_id FROM  item  WHERE  item_id = ?     [1]
[SQL_LOG:2020-11-24 18:11:42]: SELECT COUNT(*) AS NUM  FROM  likes  WHERE  item_id = ?     [1]
[SQL_LOG:2020-11-24 18:11:42]: SELECT *  FROM  likes  WHERE  item_id = ? AND mem_id = ?     [1,7]
[SQL_LOG:2020-11-24 18:11:44]: SELECT *  FROM  likes  WHERE  item_id = ? AND mem_id = ?     [1,7]
[SQL_LOG:2020-11-24 18:11:44]: DELETE FROM likes WHERE item_id = ? AND mem_id = ?  [1,7]
[SQL_LOG:2020-11-24 18:11:44]: SELECT COUNT(*) AS NUM  FROM  likes  WHERE  item_id = ?     [1]
[SQL_LOG:2020-11-24 18:11:46]: SELECT ctg_id, category_name  FROM  category     []
[SQL_LOG:2020-11-24 18:11:46]: SELECT item_id, item_name, price, image, ctg_id  FROM  item  WHERE  ctg_id = ?     [1]
[SQL_LOG:2020-11-24 18:11:47]: SELECT ctg_id, category_name  FROM  category     []
[SQL_LOG:2020-11-24 18:11:47]: SELECT item_id, item_name, detail, price, image, ctg_id FROM  item  WHERE  item_id = ?     [2]
[SQL_LOG:2020-11-24 18:11:47]: SELECT COUNT(*) AS NUM  FROM  likes  WHERE  item_id = ?     [2]
[SQL_LOG:2020-11-24 18:11:47]: SELECT *  FROM  likes  WHERE  item_id = ? AND mem_id = ?     [2,7]
[SQL_LOG:2020-11-24 18:11:49]: SELECT ctg_id, category_name  FROM  category     []
[SQL_LOG:2020-11-24 18:11:49]: SELECT item_id, item_name, price, image, ctg_id  FROM  item  WHERE  ctg_id = ?     [2]
[SQL_LOG:2020-11-24 18:11:53]: SELECT ctg_id, category_name  FROM  category     []
[SQL_LOG:2020-11-24 18:11:53]: SELECT item_id, item_name, detail, price, image, ctg_id FROM  item  WHERE  item_id = ?     [7]
[SQL_LOG:2020-11-24 18:11:53]: SELECT COUNT(*) AS NUM  FROM  likes  WHERE  item_id = ?     [7]
[SQL_LOG:2020-11-24 18:11:53]: SELECT *  FROM  likes  WHERE  item_id = ? AND mem_id = ?     [7,7]
[SQL_LOG:2020-11-24 18:11:54]: SELECT *  FROM  likes  WHERE  item_id = ? AND mem_id = ?     [7,7]
[SQL_LOG:2020-11-24 18:11:54]: INSERT INTO likes (item_id,mem_id,regist_date)VALUES(?,?,?) [7,7,2020-11-24 18:11:54]
[SQL_LOG:2020-11-24 18:11:54]: SELECT COUNT(*) AS NUM  FROM  likes  WHERE  item_id = ?     [7]
[SQL_LOG:2020-11-24 18:11:54]: SELECT *  FROM  likes  WHERE  item_id = ? AND mem_id = ?     [7,7]
[SQL_LOG:2020-11-24 18:11:54]: DELETE FROM likes WHERE item_id = ? AND mem_id = ?  [7,7]
[SQL_LOG:2020-11-24 18:11:54]: SELECT COUNT(*) AS NUM  FROM  likes  WHERE  item_id = ?     [7]
[SQL_LOG:2020-11-24 18:11:56]: SELECT ctg_id, category_name  FROM  category     []
[SQL_LOG:2020-11-24 18:11:56]: SELECT item_id, item_name, price, image, ctg_id  FROM  item  WHERE  ctg_id = ?     [2]
[SQL_LOG:2020-11-24 18:11:58]: SELECT ctg_id, category_name  FROM  category     []
[SQL_LOG:2020-11-24 18:11:58]: SELECT item_id, item_name, detail, price, image, ctg_id FROM  item  WHERE  item_id = ?     [8]
[SQL_LOG:2020-11-24 18:11:58]: SELECT COUNT(*) AS NUM  FROM  likes  WHERE  item_id = ?     [8]
[SQL_LOG:2020-11-24 18:11:58]: SELECT *  FROM  likes  WHERE  item_id = ? AND mem_id = ?     [8,7]
[SQL_LOG:2020-11-24 18:11:59]: SELECT *  FROM  likes  WHERE  item_id = ? AND mem_id = ?     [8,7]
[SQL_LOG:2020-11-24 18:11:59]: INSERT INTO likes (item_id,mem_id,regist_date)VALUES(?,?,?) [8,7,2020-11-24 18:11:59]
[SQL_LOG:2020-11-24 18:11:59]: SELECT COUNT(*) AS NUM  FROM  likes  WHERE  item_id = ?     [8]
[SQL_LOG:2020-11-24 18:11:59]: SELECT *  FROM  likes  WHERE  item_id = ? AND mem_id = ?     [8,7]
[SQL_LOG:2020-11-24 18:11:59]: DELETE FROM likes WHERE item_id = ? AND mem_id = ?  [8,7]
[SQL_LOG:2020-11-24 18:11:59]: SELECT COUNT(*) AS NUM  FROM  likes  WHERE  item_id = ?     [8]
[SQL_LOG:2020-11-24 18:12:00]: SELECT *  FROM  likes  WHERE  item_id = ? AND mem_id = ?     [8,7]
[SQL_LOG:2020-11-24 18:12:00]: INSERT INTO likes (item_id,mem_id,regist_date)VALUES(?,?,?) [8,7,2020-11-24 18:12:00]
[SQL_LOG:2020-11-24 18:12:00]: SELECT COUNT(*) AS NUM  FROM  likes  WHERE  item_id = ?     [8]
[SQL_LOG:2020-11-24 18:12:01]: SELECT *  FROM  likes  WHERE  item_id = ? AND mem_id = ?     [8,7]
[SQL_LOG:2020-11-24 18:12:01]: DELETE FROM likes WHERE item_id = ? AND mem_id = ?  [8,7]
[SQL_LOG:2020-11-24 18:12:01]: SELECT COUNT(*) AS NUM  FROM  likes  WHERE  item_id = ?     [8]
[SQL_LOG:2020-11-24 18:14:00]: SELECT ctg_id, category_name  FROM  category     []
[SQL_LOG:2020-11-24 18:14:00]: SELECT item_id, item_name, price, image, ctg_id  FROM  item     []
[SQL_LOG:2020-11-24 18:14:07]: SELECT ctg_id, category_name  FROM  category     []
[SQL_LOG:2020-11-24 18:14:07]: SELECT item_id, item_name, detail, price, image, ctg_id FROM  item  WHERE  item_id = ?     [12]
[SQL_LOG:2020-11-24 18:14:07]: SELECT COUNT(*) AS NUM  FROM  likes  WHERE  item_id = ?     [12]
[SQL_LOG:2020-11-24 18:14:07]: SELECT *  FROM  likes  WHERE  item_id = ? AND mem_id = ?     [12,7]
[SQL_LOG:2020-11-24 18:14:08]: SELECT *  FROM  likes  WHERE  item_id = ? AND mem_id = ?     [12,7]
[SQL_LOG:2020-11-24 18:14:08]: DELETE FROM likes WHERE item_id = ? AND mem_id = ?  [12,7]
[SQL_LOG:2020-11-24 18:14:08]: SELECT COUNT(*) AS NUM  FROM  likes  WHERE  item_id = ?     [12]
[SQL_LOG:2020-11-24 18:14:10]: SELECT ctg_id, category_name  FROM  category     []
[SQL_LOG:2020-11-24 18:14:10]: SELECT item_id, item_name, price, image, ctg_id  FROM  item     []
[SQL_LOG:2020-11-24 18:14:13]: SELECT ctg_id, category_name  FROM  category     []
[SQL_LOG:2020-11-24 18:14:13]: SELECT item_id, item_name, detail, price, image, ctg_id FROM  item  WHERE  item_id = ?     [7]
[SQL_LOG:2020-11-24 18:14:13]: SELECT COUNT(*) AS NUM  FROM  likes  WHERE  item_id = ?     [7]
[SQL_LOG:2020-11-24 18:14:13]: SELECT *  FROM  likes  WHERE  item_id = ? AND mem_id = ?     [7,7]
[SQL_LOG:2020-11-24 18:14:15]: SELECT *  FROM  likes  WHERE  item_id = ? AND mem_id = ?     [7,7]
[SQL_LOG:2020-11-24 18:14:15]: INSERT INTO likes (item_id,mem_id,regist_date)VALUES(?,?,?) [7,7,2020-11-24 18:14:15]
[SQL_LOG:2020-11-24 18:14:15]: SELECT COUNT(*) AS NUM  FROM  likes  WHERE  item_id = ?     [7]
[SQL_LOG:2020-11-24 18:14:17]: SELECT *  FROM  likes  WHERE  item_id = ? AND mem_id = ?     [7,7]
[SQL_LOG:2020-11-24 18:14:17]: DELETE FROM likes WHERE item_id = ? AND mem_id = ?  [7,7]
[SQL_LOG:2020-11-24 18:14:17]: SELECT COUNT(*) AS NUM  FROM  likes  WHERE  item_id = ?     [7]
[SQL_LOG:2020-11-24 18:14:30]: SELECT *  FROM  likes  WHERE  item_id = ? AND mem_id = ?     [7,7]
[SQL_LOG:2020-11-24 18:14:30]: INSERT INTO likes (item_id,mem_id,regist_date)VALUES(?,?,?) [7,7,2020-11-24 18:14:30]
[SQL_LOG:2020-11-24 18:14:30]: SELECT COUNT(*) AS NUM  FROM  likes  WHERE  item_id = ?     [7]
[SQL_LOG:2020-11-24 18:14:32]: SELECT *  FROM  likes  WHERE  item_id = ? AND mem_id = ?     [7,7]
[SQL_LOG:2020-11-24 18:14:32]: DELETE FROM likes WHERE item_id = ? AND mem_id = ?  [7,7]
[SQL_LOG:2020-11-24 18:14:32]: SELECT COUNT(*) AS NUM  FROM  likes  WHERE  item_id = ?     [7]
[SQL_LOG:2020-11-24 18:15:08]: SELECT ctg_id, category_name  FROM  category     []
[SQL_LOG:2020-11-24 18:15:08]: SELECT item_id, item_name, price, image, ctg_id  FROM  item  WHERE  ctg_id = ?     [2]
[SQL_LOG:2020-11-24 18:15:09]: SELECT ctg_id, category_name  FROM  category     []
[SQL_LOG:2020-11-24 18:15:09]: SELECT item_id, item_name, detail, price, image, ctg_id FROM  item  WHERE  item_id = ?     [5]
[SQL_LOG:2020-11-24 18:15:09]: SELECT COUNT(*) AS NUM  FROM  likes  WHERE  item_id = ?     [5]
[SQL_LOG:2020-11-24 18:15:09]: SELECT *  FROM  likes  WHERE  item_id = ? AND mem_id = ?     [5,7]
[SQL_LOG:2020-11-24 18:15:11]: SELECT ctg_id, category_name  FROM  category     []
[SQL_LOG:2020-11-24 18:15:11]: SELECT item_id, item_name, price, image, ctg_id  FROM  item  WHERE  ctg_id = ?     [2]
[SQL_LOG:2020-11-24 18:15:12]: SELECT c.crt_id, i.item_id, i.item_name, i.price, i.image FROM  cart c LEFT JOIN item i ON c.item_id = i.item_id  WHERE  c.customer_no = ? AND c.delete_flg = ?    [7,0]
[SQL_LOG:2020-11-24 18:15:12]: SELECT SUM(i.price) AS totalPrice  FROM  cart c LEFT JOIN item i ON c.item_id = i.item_id  WHERE  c.customer_no = ? AND c.delete_flg = ?    [7,0]
[SQL_LOG:2020-11-24 18:15:12]: SELECT SUM(num) AS num  FROM  cart c  WHERE  c.customer_no = ? AND c.delete_flg = ?    [7,0]
[SQL_LOG:2020-11-24 18:15:15]: SELECT mem_id, family_name, first_name, family_name_kana, first_name_kana, email, user_id, sex, traffic, regist_date, update_date  FROM  member     []
[SQL_LOG:2020-11-24 18:15:16]: SELECT *  FROM  member  WHERE  mem_id = ?     [8]
[SQL_LOG:2020-11-24 18:15:18]: SELECT mem_id, family_name, first_name, family_name_kana, first_name_kana, email, user_id, sex, traffic, regist_date, update_date  FROM  member     []
[SQL_LOG:2020-11-24 18:15:19]: SELECT *  FROM  member  WHERE  mem_id = ?     [7]
[SQL_LOG:2020-11-24 18:15:21]: SELECT *  FROM  member  WHERE  mem_id = ?     [7]
[SQL_LOG:2020-11-24 18:15:23]: SELECT *  FROM  member  WHERE  mem_id = ?     [7]
[SQL_LOG:2020-11-24 18:15:24]: SELECT ctg_id, category_name  FROM  category     []
[SQL_LOG:2020-11-24 18:15:24]: SELECT item_id, item_name, price, image, ctg_id  FROM  item     []
[SQL_LOG:2020-11-24 18:15:33]: SELECT mem_id, family_name, first_name, family_name_kana, first_name_kana, email, user_id, sex, traffic, regist_date, update_date  FROM  member     []
[SQL_LOG:2020-11-24 18:15:37]: SELECT ctg_id, category_name  FROM  category     []
[SQL_LOG:2020-11-24 18:15:37]: SELECT item_id, item_name, price, image, ctg_id  FROM  item     []
[SQL_LOG:2020-11-24 18:15:49]: SELECT ctg_id, category_name  FROM  category     []
[SQL_LOG:2020-11-24 18:15:49]: SELECT item_id, item_name, price, image, ctg_id  FROM  item     []
[SQL_LOG:2020-11-24 18:15:50]: SELECT *  FROM  member  WHERE  mem_id = ?     [7]
[SQL_LOG:2020-11-24 18:15:52]: SELECT ctg_id, category_name  FROM  category     []
[SQL_LOG:2020-11-24 18:15:52]: SELECT item_id, item_name, price, image, ctg_id  FROM  item     []
[SQL_LOG:2020-11-24 18:15:54]: SELECT c.crt_id, i.item_id, i.item_name, i.price, i.image FROM  cart c LEFT JOIN item i ON c.item_id = i.item_id  WHERE  c.customer_no = ? AND c.delete_flg = ?    [7,0]
[SQL_LOG:2020-11-24 18:15:54]: SELECT SUM(i.price) AS totalPrice  FROM  cart c LEFT JOIN item i ON c.item_id = i.item_id  WHERE  c.customer_no = ? AND c.delete_flg = ?    [7,0]
[SQL_LOG:2020-11-24 18:15:54]: SELECT SUM(num) AS num  FROM  cart c  WHERE  c.customer_no = ? AND c.delete_flg = ?    [7,0]
[SQL_LOG:2020-11-24 18:15:55]: SELECT ctg_id, category_name  FROM  category     []
[SQL_LOG:2020-11-24 18:15:55]: SELECT item_id, item_name, price, image, ctg_id  FROM  item     []
[SQL_LOG:2020-11-24 18:15:57]: SELECT *  FROM  member  WHERE  mem_id = ?     [7]
[SQL_LOG:2020-11-24 18:15:58]: SELECT *  FROM  member  WHERE  mem_id = ?     [7]
[SQL_LOG:2020-11-24 18:16:00]: SELECT *  FROM  member  WHERE  mem_id = ?     [7]
[SQL_LOG:2020-11-24 18:16:01]: SELECT *  FROM  member  WHERE  mem_id = ?     [7]
[SQL_LOG:2020-11-24 18:16:02]: SELECT *  FROM member WHERE  email = ?    LIMIT  1   [tttvvvaken@gmail.com]
