[SQL_LOG:2020-10-28 00:28:01]: SELECT ctg_id, category_name  FROM  category     []
[SQL_LOG:2020-10-28 00:28:01]: SELECT item_id, item_name, price, image, ctg_id  FROM  item     []
[SQL_LOG:2020-10-28 00:28:02]: SELECT ctg_id, category_name  FROM  category     []
[SQL_LOG:2020-10-28 00:28:02]: SELECT item_id, item_name, detail, price, image, ctg_id FROM  item  WHERE  item_id = ?     [1]
[SQL_LOG:2020-10-28 00:28:24]: SELECT ctg_id, category_name  FROM  category     []
[SQL_LOG:2020-10-28 00:28:24]: SELECT item_id, item_name, detail, price, image, ctg_id FROM  item  WHERE  item_id = ?     [1]
[SQL_LOG:2020-10-28 00:28:52]: SELECT ctg_id, category_name  FROM  category     []
[SQL_LOG:2020-10-28 00:28:52]: SELECT item_id, item_name, price, image, ctg_id  FROM  item     []
[SQL_LOG:2020-10-28 00:29:04]: SELECT ctg_id, category_name  FROM  category     []
[SQL_LOG:2020-10-28 00:29:04]: SELECT item_id, item_name, price, image, ctg_id  FROM  item     []
[SQL_LOG:2020-10-28 00:29:05]: SELECT ctg_id, category_name  FROM  category     []
[SQL_LOG:2020-10-28 00:29:05]: SELECT item_id, item_name, detail, price, image, ctg_id FROM  item  WHERE  item_id = ?     [1]
[SQL_LOG:2020-10-28 00:30:03]: SELECT ctg_id, category_name  FROM  category     []
[SQL_LOG:2020-10-28 00:30:03]: SELECT item_id, item_name, detail, price, image, ctg_id FROM  item  WHERE  item_id = ?     [1]
[SQL_LOG:2020-10-28 00:30:13]: SELECT ctg_id, category_name  FROM  category     []
[SQL_LOG:2020-10-28 00:30:13]: SELECT item_id, item_name, detail, price, image, ctg_id FROM  item  WHERE  item_id = ?     [1]
[SQL_LOG:2020-10-28 00:30:13]: SELECT ctg_id, category_name  FROM  category     []
[SQL_LOG:2020-10-28 00:30:13]: SELECT item_id, item_name, detail, price, image, ctg_id FROM  item  WHERE  item_id = ?     [1]
[SQL_LOG:2020-10-28 00:30:14]: SELECT ctg_id, category_name  FROM  category     []
[SQL_LOG:2020-10-28 00:30:14]: SELECT item_id, item_name, detail, price, image, ctg_id FROM  item  WHERE  item_id = ?     [1]
[SQL_LOG:2020-10-28 00:30:19]: SELECT ctg_id, category_name  FROM  category     []
[SQL_LOG:2020-10-28 00:30:19]: SELECT item_id, item_name, detail, price, image, ctg_id FROM  item  WHERE  item_id = ?     [1]
[SQL_LOG:2020-10-28 00:30:28]: SELECT ctg_id, category_name  FROM  category     []
[SQL_LOG:2020-10-28 00:30:28]: SELECT item_id, item_name, detail, price, image, ctg_id FROM  item  WHERE  item_id = ?     [1]
[SQL_LOG:2020-10-28 00:30:37]: SELECT ctg_id, category_name  FROM  category     []
[SQL_LOG:2020-10-28 00:30:37]: SELECT item_id, item_name, detail, price, image, ctg_id FROM  item  WHERE  item_id = ?     [1]
[SQL_LOG:2020-10-28 00:30:40]: SELECT ctg_id, category_name  FROM  category     []
[SQL_LOG:2020-10-28 00:30:40]: SELECT item_id, item_name, price, image, ctg_id  FROM  item     []
[SQL_LOG:2020-10-28 00:30:43]: SELECT ctg_id, category_name  FROM  category     []
[SQL_LOG:2020-10-28 00:30:43]: SELECT item_id, item_name, detail, price, image, ctg_id FROM  item  WHERE  item_id = ?     [1]
[SQL_LOG:2020-10-28 00:41:43]: SELECT ctg_id, category_name  FROM  category     []
[SQL_LOG:2020-10-28 00:41:43]: SELECT item_id, item_name, detail, price, image, ctg_id FROM  item  WHERE  item_id = ?     [1]
[SQL_LOG:2020-10-28 00:46:38]: SELECT ctg_id, category_name  FROM  category     []
[SQL_LOG:2020-10-28 00:46:38]: SELECT item_id, item_name, detail, price, image, ctg_id FROM  item  WHERE  item_id = ?     [1]
[SQL_LOG:2020-10-28 00:46:40]: SELECT ctg_id, category_name  FROM  category     []
[SQL_LOG:2020-10-28 00:46:40]: SELECT item_id, item_name, detail, price, image, ctg_id FROM  item     []
[SQL_LOG:2020-10-28 00:46:42]: SELECT ctg_id, category_name  FROM  category     []
[SQL_LOG:2020-10-28 00:46:42]: SELECT item_id, item_name, detail, price, image, ctg_id FROM  item  WHERE  item_id = ?     [1]
[SQL_LOG:2020-10-28 00:52:12]: SELECT ctg_id, category_name  FROM  category     []
[SQL_LOG:2020-10-28 00:52:12]: SELECT item_id, item_name, price, image, ctg_id  FROM  item     []
[SQL_LOG:2020-10-28 00:52:26]: SELECT ctg_id, category_name  FROM  category     []
[SQL_LOG:2020-10-28 00:52:26]: SELECT item_id, item_name, detail, price, image, ctg_id FROM  item  WHERE  item_id = ?     [1]
[SQL_LOG:2020-10-28 00:53:48]: SELECT ctg_id, category_name  FROM  category     []
[SQL_LOG:2020-10-28 00:53:48]: SELECT item_id, item_name, price, image, ctg_id  FROM  item     []
[SQL_LOG:2020-10-28 00:53:59]: SELECT ctg_id, category_name  FROM  category     []
[SQL_LOG:2020-10-28 00:53:59]: SELECT item_id, item_name, detail, price, image, ctg_id FROM  item  WHERE  item_id = ?     [1]
[SQL_LOG:2020-10-28 00:54:50]: SELECT ctg_id, category_name  FROM  category     []
[SQL_LOG:2020-10-28 00:54:50]: SELECT item_id, item_name, price, image, ctg_id  FROM  item     []
[SQL_LOG:2020-10-28 00:54:51]: SELECT ctg_id, category_name  FROM  category     []
[SQL_LOG:2020-10-28 00:54:51]: SELECT item_id, item_name, detail, price, image, ctg_id FROM  item  WHERE  item_id = ?     [1]
[SQL_LOG:2020-10-28 00:55:21]: SELECT ctg_id, category_name  FROM  category     []
[SQL_LOG:2020-10-28 00:55:21]: SELECT item_id, item_name, price, image, ctg_id  FROM  item     []
[SQL_LOG:2020-10-28 00:55:25]: SELECT ctg_id, category_name  FROM  category     []
[SQL_LOG:2020-10-28 00:55:25]: SELECT item_id, item_name, detail, price, image, ctg_id FROM  item  WHERE  item_id = ?     [1]
[SQL_LOG:2020-10-28 01:35:43]: SELECT ctg_id, category_name  FROM  category     []
[SQL_LOG:2020-10-28 01:35:43]: SELECT item_id, item_name, detail, price, image, ctg_id FROM  item  WHERE  item_id = ?     [1]
[SQL_LOG:2020-10-28 01:35:50]: SELECT ctg_id, category_name  FROM  category     []
[SQL_LOG:2020-10-28 01:35:50]: SELECT item_id, item_name, detail, price, image, ctg_id FROM  item  WHERE  item_id = ?     [1]
[SQL_LOG:2020-10-28 01:36:40]: SELECT ctg_id, category_name  FROM  category     []
[SQL_LOG:2020-10-28 01:36:40]: SELECT item_id, item_name, price, image, ctg_id  FROM  item     []
[SQL_LOG:2020-10-28 01:36:42]: SELECT ctg_id, category_name  FROM  category     []
[SQL_LOG:2020-10-28 01:36:42]: SELECT item_id, item_name, detail, price, image, ctg_id FROM  item  WHERE  item_id = ?     [1]
[SQL_LOG:2020-10-28 01:37:31]: SELECT ctg_id, category_name  FROM  category     []
[SQL_LOG:2020-10-28 01:37:31]: SELECT item_id, item_name, detail, price, image, ctg_id FROM  item  WHERE  item_id = ?     [1]
[SQL_LOG:2020-10-28 01:37:44]: SELECT ctg_id, category_name  FROM  category     []
[SQL_LOG:2020-10-28 01:37:44]: SELECT item_id, item_name, price, image, ctg_id  FROM  item     []
[SQL_LOG:2020-10-28 01:37:45]: SELECT ctg_id, category_name  FROM  category     []
[SQL_LOG:2020-10-28 01:37:45]: SELECT item_id, item_name, detail, price, image, ctg_id FROM  item  WHERE  item_id = ?     [1]
[SQL_LOG:2020-10-28 01:38:27]: SELECT ctg_id, category_name  FROM  category     []
[SQL_LOG:2020-10-28 01:38:27]: SELECT item_id, item_name, detail, price, image, ctg_id FROM  item  WHERE  item_id = ?     [1]
[SQL_LOG:2020-10-28 01:55:00]: SELECT ctg_id, category_name  FROM  category     []
[SQL_LOG:2020-10-28 01:55:00]: SELECT item_id, item_name, detail, price, image, ctg_id FROM  item  WHERE  item_id = ?     [1]
[SQL_LOG:2020-10-28 02:47:06]: SELECT ctg_id, category_name  FROM  category     []
[SQL_LOG:2020-10-28 02:47:06]: SELECT item_id, item_name, detail, price, image, ctg_id FROM  item  WHERE  item_id = ?     [1]
[SQL_LOG:2020-10-28 02:48:55]: SELECT ctg_id, category_name  FROM  category     []
[SQL_LOG:2020-10-28 02:48:55]: SELECT item_id, item_name, detail, price, image, ctg_id FROM  item  WHERE  item_id = ?     [1]
[SQL_LOG:2020-10-28 02:56:42]: SELECT ctg_id, category_name  FROM  category     []
[SQL_LOG:2020-10-28 02:56:42]: SELECT item_id, item_name, detail, price, image, ctg_id FROM  item  WHERE  item_id = ?     [1]
[SQL_LOG:2020-10-28 03:01:18]: SELECT ctg_id, category_name  FROM  category     []
[SQL_LOG:2020-10-28 03:01:18]: SELECT item_id, item_name, detail, price, image, ctg_id FROM  item  WHERE  item_id = ?     [1]
[SQL_LOG:2020-10-28 03:04:26]: SELECT ctg_id, category_name  FROM  category     []
[SQL_LOG:2020-10-28 03:04:26]: SELECT item_id, item_name, price, image, ctg_id  FROM  item     []
[SQL_LOG:2020-10-28 03:04:34]: SELECT ctg_id, category_name  FROM  category     []
[SQL_LOG:2020-10-28 03:04:34]: SELECT item_id, item_name, detail, price, image, ctg_id FROM  item  WHERE  item_id = ?     [1]
[SQL_LOG:2020-10-28 03:04:39]: SELECT *  FROM  like  WHERE  item_id = ? AND mem_id = ?     [1,]
[SQL_LOG:2020-10-28 03:05:50]: SELECT *  FROM  member  WHERE  mem_id = ?     [8]
[SQL_LOG:2020-10-28 03:05:52]: SELECT *  FROM  member  WHERE  mem_id = ?     [8]
[SQL_LOG:2020-10-28 03:05:54]: SELECT *  FROM member WHERE  email = ?    LIMIT  1   [tttvvvaken@gmail.co]
[SQL_LOG:2020-10-28 03:05:55]: SELECT ctg_id, category_name  FROM  category     []
[SQL_LOG:2020-10-28 03:05:55]: SELECT item_id, item_name, price, image, ctg_id  FROM  item     []
[SQL_LOG:2020-10-28 03:06:14]: SELECT ctg_id, category_name  FROM  category     []
[SQL_LOG:2020-10-28 03:06:14]: SELECT item_id, item_name, price, image, ctg_id  FROM  item     []
[SQL_LOG:2020-10-28 03:06:41]: SELECT ctg_id, category_name  FROM  category     []
[SQL_LOG:2020-10-28 03:06:41]: SELECT item_id, item_name, price, image, ctg_id  FROM  item     []
[SQL_LOG:2020-10-28 03:08:26]: SELECT ctg_id, category_name  FROM  category     []
[SQL_LOG:2020-10-28 03:08:26]: SELECT item_id, item_name, price, image, ctg_id  FROM  item     []
[SQL_LOG:2020-10-28 03:08:28]: SELECT ctg_id, category_name  FROM  category     []
[SQL_LOG:2020-10-28 03:08:28]: SELECT item_id, item_name, detail, price, image, ctg_id FROM  item  WHERE  item_id = ?     [1]
[SQL_LOG:2020-10-28 03:08:44]: SELECT *  FROM  like  WHERE  item_id = ? AND mem_id = ?     [1,]
[SQL_LOG:2020-10-28 03:12:39]: SELECT ctg_id, category_name  FROM  category     []
[SQL_LOG:2020-10-28 03:12:39]: SELECT item_id, item_name, detail, price, image, ctg_id FROM  item  WHERE  item_id = ?     [1]
[SQL_LOG:2020-10-28 03:12:40]: SELECT *  FROM  like  WHERE  item_id = ? AND mem_id = ?     [1,]
[SQL_LOG:2020-10-28 03:14:41]: SELECT ctg_id, category_name  FROM  category     []
[SQL_LOG:2020-10-28 03:14:41]: SELECT item_id, item_name, detail, price, image, ctg_id FROM  item  WHERE  item_id = ?     [1]
[SQL_LOG:2020-10-28 03:14:42]: SELECT *  FROM  like  WHERE  item_id = ? AND mem_id = ?     [1,]
[SQL_LOG:2020-10-28 03:15:07]: SELECT ctg_id, category_name  FROM  category     []
[SQL_LOG:2020-10-28 03:15:07]: SELECT item_id, item_name, detail, price, image, ctg_id FROM  item  WHERE  item_id = ?     [1]
[SQL_LOG:2020-10-28 03:15:08]: SELECT *  FROM  like  WHERE  item_id = ? AND mem_id = ?     [1,]
[SQL_LOG:2020-10-28 03:16:03]: SELECT ctg_id, category_name  FROM  category     []
[SQL_LOG:2020-10-28 03:16:03]: SELECT item_id, item_name, detail, price, image, ctg_id FROM  item  WHERE  item_id = ?     [1]
[SQL_LOG:2020-10-28 03:16:05]: SELECT *  FROM  like  WHERE  item_id = ? AND mem_id = ?     [1,]
[SQL_LOG:2020-10-28 03:21:14]: SELECT ctg_id, category_name  FROM  category     []
[SQL_LOG:2020-10-28 03:21:14]: SELECT item_id, item_name, price, image, ctg_id  FROM  item     []
[SQL_LOG:2020-10-28 03:21:38]: SELECT ctg_id, category_name  FROM  category     []
[SQL_LOG:2020-10-28 03:21:38]: SELECT item_id, item_name, detail, price, image, ctg_id FROM  item  WHERE  item_id = ?     [1]
[SQL_LOG:2020-10-28 03:21:40]: SELECT *  FROM  like  WHERE  item_id = ? AND mem_id = ?     [1,]
[SQL_LOG:2020-10-28 03:23:10]: SELECT ctg_id, category_name  FROM  category     []
[SQL_LOG:2020-10-28 03:23:10]: SELECT item_id, item_name, detail, price, image, ctg_id FROM  item  WHERE  item_id = ?     [1]
[SQL_LOG:2020-10-28 03:23:11]: SELECT *  FROM  like  WHERE  item_id = ? AND mem_id = ?     [1,]
[SQL_LOG:2020-10-28 03:24:49]: SELECT ctg_id, category_name  FROM  category     []
[SQL_LOG:2020-10-28 03:24:49]: SELECT item_id, item_name, detail, price, image, ctg_id FROM  item  WHERE  item_id = ?     [1]
[SQL_LOG:2020-10-28 03:24:50]: SELECT *  FROM  like  WHERE  item_id = ? AND mem_id = ?     []
[SQL_LOG:2020-10-28 03:27:59]: SELECT ctg_id, category_name  FROM  category     []
[SQL_LOG:2020-10-28 03:27:59]: SELECT item_id, item_name, detail, price, image, ctg_id FROM  item  WHERE  item_id = ?     [1]
[SQL_LOG:2020-10-28 03:28:01]: SELECT *  FROM  like  WHERE  item_id = ? AND mem_id = ?     [1,]
[SQL_LOG:2020-10-28 03:32:56]: SELECT ctg_id, category_name  FROM  category     []
[SQL_LOG:2020-10-28 03:32:56]: SELECT item_id, item_name, detail, price, image, ctg_id FROM  item  WHERE  item_id = ?     [1]
[SQL_LOG:2020-10-28 03:32:57]: SELECT *  FROM  like  WHERE  item_id = ? AND mem_id = ?     [1,]
[SQL_LOG:2020-10-28 03:36:25]: SELECT ctg_id, category_name  FROM  category     []
[SQL_LOG:2020-10-28 03:36:25]: SELECT item_id, item_name, detail, price, image, ctg_id FROM  item  WHERE  item_id = ?     [1]
[SQL_LOG:2020-10-28 03:36:28]: SELECT *  FROM  like  WHERE  item_id = ? AND mem_id = ?     [1,]
[SQL_LOG:2020-10-28 03:38:02]: SELECT *  FROM  like  WHERE  item_id = ? AND mem_id = ?     [1,]
[SQL_LOG:2020-10-28 03:38:30]: SELECT ctg_id, category_name  FROM  category     []
[SQL_LOG:2020-10-28 03:38:30]: SELECT item_id, item_name, detail, price, image, ctg_id FROM  item  WHERE  item_id = ?     [1]
[SQL_LOG:2020-10-28 03:38:36]: SELECT *  FROM  like  WHERE  item_id = ? AND mem_id = ?     [1,]
[SQL_LOG:2020-10-28 03:40:11]: SELECT ctg_id, category_name  FROM  category     []
[SQL_LOG:2020-10-28 03:40:11]: SELECT item_id, item_name, detail, price, image, ctg_id FROM  item  WHERE  item_id = ?     [1]
[SQL_LOG:2020-10-28 03:42:20]: SELECT ctg_id, category_name  FROM  category     []
[SQL_LOG:2020-10-28 03:42:20]: SELECT item_id, item_name, detail, price, image, ctg_id FROM  item  WHERE  item_id = ?     [1]
[SQL_LOG:2020-10-28 03:42:25]: SELECT *  FROM  like  WHERE  item_id = ? AND mem_id = ?     [1,8]
[SQL_LOG:2020-10-28 03:45:03]: SELECT ctg_id, category_name  FROM  category     []
[SQL_LOG:2020-10-28 03:45:03]: SELECT item_id, item_name, detail, price, image, ctg_id FROM  item  WHERE  item_id = ?     [1]
[SQL_LOG:2020-10-28 03:45:07]: SELECT *  FROM  like  WHERE  item_id = ? AND mem_id = ?     [1,8]
[SQL_LOG:2020-10-28 03:49:38]: SELECT ctg_id, category_name  FROM  category     []
[SQL_LOG:2020-10-28 03:49:38]: SELECT item_id, item_name, detail, price, image, ctg_id FROM  item  WHERE  item_id = ?     [1]
[SQL_LOG:2020-10-28 03:49:40]: SELECT *  FROM  like  WHERE  item_id = ? AND mem_id = ?     [1,8]
[SQL_LOG:2020-10-28 03:50:29]: SELECT ctg_id, category_name  FROM  category     []
[SQL_LOG:2020-10-28 03:50:29]: SELECT item_id, item_name, detail, price, image, ctg_id FROM  item  WHERE  item_id = ?     [1]
[SQL_LOG:2020-10-28 03:50:33]: SELECT *  FROM  like  WHERE  item_id = ? AND mem_id = ?     [1,8]
[SQL_LOG:2020-10-28 03:53:19]: SELECT ctg_id, category_name  FROM  category     []
[SQL_LOG:2020-10-28 03:53:19]: SELECT item_id, item_name, detail, price, image, ctg_id FROM  item  WHERE  item_id = ?     [1]
[SQL_LOG:2020-10-28 03:53:22]: SELECT *  FROM  like  WHERE  item_id = ? AND mem_id = ?     [1,8]
[SQL_LOG:2020-10-28 03:55:40]: SELECT ctg_id, category_name  FROM  category     []
[SQL_LOG:2020-10-28 03:55:40]: SELECT item_id, item_name, detail, price, image, ctg_id FROM  item  WHERE  item_id = ?     [1]
[SQL_LOG:2020-10-28 03:56:00]: SELECT *  FROM  like  WHERE  item_id = ? AND mem_id = ?     [1,8]
[SQL_LOG:2020-10-28 04:00:15]: SELECT ctg_id, category_name  FROM  category     []
[SQL_LOG:2020-10-28 04:00:15]: SELECT item_id, item_name, detail, price, image, ctg_id FROM  item  WHERE  item_id = ?     [1]
[SQL_LOG:2020-10-28 04:00:23]: SELECT *  FROM  like  WHERE  item_id = ? AND mem_id = ?     [1,8]
[SQL_LOG:2020-10-28 04:02:03]: SELECT ctg_id, category_name  FROM  category     []
[SQL_LOG:2020-10-28 04:02:03]: SELECT item_id, item_name, detail, price, image, ctg_id FROM  item  WHERE  item_id = ?     [1]
[SQL_LOG:2020-10-28 04:02:13]: SELECT ctg_id, category_name  FROM  category     []
[SQL_LOG:2020-10-28 04:02:13]: SELECT item_id, item_name, detail, price, image, ctg_id FROM  item  WHERE  item_id = ?     [1]
[SQL_LOG:2020-10-28 04:02:17]: INSERT INTO like (item_id,mem_id,regist_date)VALUES(?,?,?) [1,8,2020-10-28 04:02:17]
[SQL_LOG:2020-10-28 04:10:08]: SELECT ctg_id, category_name  FROM  category     []
[SQL_LOG:2020-10-28 04:10:08]: SELECT item_id, item_name, detail, price, image, ctg_id FROM  item  WHERE  item_id = ?     [1]
[SQL_LOG:2020-10-28 04:10:17]: SELECT ctg_id, category_name  FROM  category     []
[SQL_LOG:2020-10-28 04:10:17]: SELECT item_id, item_name, detail, price, image, ctg_id FROM  item  WHERE  item_id = ?     [1]
[SQL_LOG:2020-10-28 04:10:19]: SELECT *  FROM  like  WHERE  item_id = ? AND mem_id = ?     [1,8]
[SQL_LOG:2020-10-28 04:10:49]: SELECT ctg_id, category_name  FROM  category     []
[SQL_LOG:2020-10-28 04:10:49]: SELECT item_id, item_name, detail, price, image, ctg_id FROM  item  WHERE  item_id = ?     [1]
[SQL_LOG:2020-10-28 04:10:51]: INSERT INTO like (item_id,mem_id,regist_date)VALUES(?,?,?) [1,8,2020-10-28 04:10:51]
[SQL_LOG:2020-10-28 22:41:20]: SELECT ctg_id, category_name  FROM  category     []
[SQL_LOG:2020-10-28 22:41:20]: SELECT item_id, item_name, detail, price, image, ctg_id FROM  item  WHERE  item_id = ?     [1]
[SQL_LOG:2020-10-28 22:41:23]: SELECT ctg_id, category_name  FROM  category     []
[SQL_LOG:2020-10-28 22:41:23]: SELECT item_id, item_name, price, image, ctg_id  FROM  item     []
[SQL_LOG:2020-10-28 22:41:25]: SELECT ctg_id, category_name  FROM  category     []
[SQL_LOG:2020-10-28 22:41:25]: SELECT item_id, item_name, detail, price, image, ctg_id FROM  item  WHERE  item_id = ?     [1]
[SQL_LOG:2020-10-28 22:41:50]: SELECT ctg_id, category_name  FROM  category     []
[SQL_LOG:2020-10-28 22:41:50]: SELECT item_id, item_name, detail, price, image, ctg_id FROM  item  WHERE  item_id = ?     [1]
[SQL_LOG:2020-10-28 22:41:51]: SELECT ctg_id, category_name  FROM  category     []
[SQL_LOG:2020-10-28 22:41:51]: SELECT item_id, item_name, detail, price, image, ctg_id FROM  item  WHERE  item_id = ?     [1]
[SQL_LOG:2020-10-28 22:41:53]: SELECT ctg_id, category_name  FROM  category     []
[SQL_LOG:2020-10-28 22:41:53]: SELECT item_id, item_name, price, image, ctg_id  FROM  item     []
[SQL_LOG:2020-10-28 22:41:54]: SELECT *  FROM  member  WHERE  mem_id = ?     [8]
[SQL_LOG:2020-10-28 22:41:56]: SELECT ctg_id, category_name  FROM  category     []
[SQL_LOG:2020-10-28 22:41:56]: SELECT item_id, item_name, price, image, ctg_id  FROM  item     []
[SQL_LOG:2020-10-28 22:41:57]: SELECT ctg_id, category_name  FROM  category     []
[SQL_LOG:2020-10-28 22:41:57]: SELECT item_id, item_name, detail, price, image, ctg_id FROM  item  WHERE  item_id = ?     [1]
[SQL_LOG:2020-10-28 22:43:27]: SELECT ctg_id, category_name  FROM  category     []
[SQL_LOG:2020-10-28 22:43:27]: SELECT item_id, item_name, detail, price, image, ctg_id FROM  item  WHERE  item_id = ?     [1]
[SQL_LOG:2020-10-28 22:43:29]: INSERT INTO like (item_id,mem_id,regist_date)VALUES(?,?,?) [1,8,2020-10-28 22:43:29]
[SQL_LOG:2020-10-28 22:47:20]: INSERT INTO cart (customer_no,item_id,regist_date)VALUES(?,?,?) [8,1,2020-10-28 22:47:20]
[SQL_LOG:2020-10-28 22:47:20]: SELECT c.crt_id, i.item_id, i.item_name, i.price, i.image FROM  cart c LEFT JOIN item i ON c.item_id = i.item_id  WHERE  c.customer_no = ? AND c.delete_flg = ?    [8,0]
[SQL_LOG:2020-10-28 22:47:20]: SELECT SUM(i.price) AS totalPrice  FROM  cart c LEFT JOIN item i ON c.item_id = i.item_id  WHERE  c.customer_no = ? AND c.delete_flg = ?    [8,0]
[SQL_LOG:2020-10-28 22:47:20]: SELECT SUM(num) AS num  FROM  cart c  WHERE  c.customer_no = ? AND c.delete_flg = ?    [8,0]
[SQL_LOG:2020-10-28 22:47:52]: SELECT ctg_id, category_name  FROM  category     []
[SQL_LOG:2020-10-28 22:47:52]: SELECT item_id, item_name, price, image, ctg_id  FROM  item     []
[SQL_LOG:2020-10-28 22:47:53]: SELECT ctg_id, category_name  FROM  category     []
[SQL_LOG:2020-10-28 22:47:53]: SELECT item_id, item_name, detail, price, image, ctg_id FROM  item  WHERE  item_id = ?     [1]
[SQL_LOG:2020-10-28 22:47:56]: INSERT INTO cart (customer_no,item_id,regist_date)VALUES(?,?,?) [8,1,2020-10-28 22:47:56]
[SQL_LOG:2020-10-28 22:47:56]: SELECT c.crt_id, i.item_id, i.item_name, i.price, i.image FROM  cart c LEFT JOIN item i ON c.item_id = i.item_id  WHERE  c.customer_no = ? AND c.delete_flg = ?    [8,0]
[SQL_LOG:2020-10-28 22:47:56]: SELECT SUM(i.price) AS totalPrice  FROM  cart c LEFT JOIN item i ON c.item_id = i.item_id  WHERE  c.customer_no = ? AND c.delete_flg = ?    [8,0]
[SQL_LOG:2020-10-28 22:47:56]: SELECT SUM(num) AS num  FROM  cart c  WHERE  c.customer_no = ? AND c.delete_flg = ?    [8,0]
[SQL_LOG:2020-10-28 22:48:23]: UPDATE cart  SET delete_date =? ,delete_flg =?  WHERE  crt_id = ?  [2020-10-28 22:48:23,1,64]
[SQL_LOG:2020-10-28 22:48:23]: SELECT c.crt_id, i.item_id, i.item_name, i.price, i.image FROM  cart c LEFT JOIN item i ON c.item_id = i.item_id  WHERE  c.customer_no = ? AND c.delete_flg = ?    [8,0]
[SQL_LOG:2020-10-28 22:48:23]: SELECT SUM(i.price) AS totalPrice  FROM  cart c LEFT JOIN item i ON c.item_id = i.item_id  WHERE  c.customer_no = ? AND c.delete_flg = ?    [8,0]
[SQL_LOG:2020-10-28 22:48:23]: SELECT SUM(num) AS num  FROM  cart c  WHERE  c.customer_no = ? AND c.delete_flg = ?    [8,0]
[SQL_LOG:2020-10-28 22:48:24]: UPDATE cart  SET delete_date =? ,delete_flg =?  WHERE  crt_id = ?  [2020-10-28 22:48:24,1,63]
[SQL_LOG:2020-10-28 22:48:24]: SELECT c.crt_id, i.item_id, i.item_name, i.price, i.image FROM  cart c LEFT JOIN item i ON c.item_id = i.item_id  WHERE  c.customer_no = ? AND c.delete_flg = ?    [8,0]
[SQL_LOG:2020-10-28 22:48:24]: SELECT SUM(i.price) AS totalPrice  FROM  cart c LEFT JOIN item i ON c.item_id = i.item_id  WHERE  c.customer_no = ? AND c.delete_flg = ?    [8,0]
[SQL_LOG:2020-10-28 22:48:24]: SELECT SUM(num) AS num  FROM  cart c  WHERE  c.customer_no = ? AND c.delete_flg = ?    [8,0]
[SQL_LOG:2020-10-28 23:09:08]: UPDATE cart  SET delete_date =? ,delete_flg =?  WHERE  crt_id = ?  [2020-10-28 23:09:08,1,63]
[SQL_LOG:2020-10-28 23:09:08]: SELECT c.crt_id, i.item_id, i.item_name, i.price, i.image FROM  cart c LEFT JOIN item i ON c.item_id = i.item_id  WHERE  c.customer_no = ? AND c.delete_flg = ?    [8,0]
[SQL_LOG:2020-10-28 23:09:08]: SELECT SUM(i.price) AS totalPrice  FROM  cart c LEFT JOIN item i ON c.item_id = i.item_id  WHERE  c.customer_no = ? AND c.delete_flg = ?    [8,0]
[SQL_LOG:2020-10-28 23:09:08]: SELECT SUM(num) AS num  FROM  cart c  WHERE  c.customer_no = ? AND c.delete_flg = ?    [8,0]
[SQL_LOG:2020-10-28 23:09:09]: SELECT ctg_id, category_name  FROM  category     []
[SQL_LOG:2020-10-28 23:09:09]: SELECT item_id, item_name, price, image, ctg_id  FROM  item     []
[SQL_LOG:2020-10-28 23:09:11]: SELECT ctg_id, category_name  FROM  category     []
[SQL_LOG:2020-10-28 23:09:11]: SELECT item_id, item_name, detail, price, image, ctg_id FROM  item  WHERE  item_id = ?     [1]
[SQL_LOG:2020-10-28 23:09:13]: INSERT INTO cart (customer_no,item_id,regist_date)VALUES(?,?,?) [8,1,2020-10-28 23:09:13]
[SQL_LOG:2020-10-28 23:09:13]: SELECT c.crt_id, i.item_id, i.item_name, i.price, i.image FROM  cart c LEFT JOIN item i ON c.item_id = i.item_id  WHERE  c.customer_no = ? AND c.delete_flg = ?    [8,0]
[SQL_LOG:2020-10-28 23:09:13]: SELECT SUM(i.price) AS totalPrice  FROM  cart c LEFT JOIN item i ON c.item_id = i.item_id  WHERE  c.customer_no = ? AND c.delete_flg = ?    [8,0]
[SQL_LOG:2020-10-28 23:09:13]: SELECT SUM(num) AS num  FROM  cart c  WHERE  c.customer_no = ? AND c.delete_flg = ?    [8,0]
[SQL_LOG:2020-10-28 23:09:23]: SELECT ctg_id, category_name  FROM  category     []
[SQL_LOG:2020-10-28 23:09:23]: SELECT item_id, item_name, price, image, ctg_id  FROM  item     []
[SQL_LOG:2020-10-28 23:09:25]: SELECT ctg_id, category_name  FROM  category     []
[SQL_LOG:2020-10-28 23:09:25]: SELECT item_id, item_name, detail, price, image, ctg_id FROM  item  WHERE  item_id = ?     [1]
[SQL_LOG:2020-10-28 23:09:26]: INSERT INTO likes (item_id,mem_id,regist_date)VALUES(?,?,?) [1,8,2020-10-28 23:09:26]
[SQL_LOG:2020-10-28 23:09:26]: SELECT *  FROM  likes  WHERE  item_id = ? AND mem_id = ?     [1,8]
[SQL_LOG:2020-10-28 23:12:55]: SELECT ctg_id, category_name  FROM  category     []
[SQL_LOG:2020-10-28 23:12:55]: SELECT item_id, item_name, price, image, ctg_id  FROM  item     []
[SQL_LOG:2020-10-28 23:12:57]: SELECT ctg_id, category_name  FROM  category     []
[SQL_LOG:2020-10-28 23:12:57]: SELECT item_id, item_name, detail, price, image, ctg_id FROM  item  WHERE  item_id = ?     [1]
[SQL_LOG:2020-10-28 23:15:12]: SELECT *  FROM  likes  WHERE  item_id = ? AND mem_id = ?     [1,8]
[SQL_LOG:2020-10-28 23:37:41]: SELECT ctg_id, category_name  FROM  category     []
[SQL_LOG:2020-10-28 23:37:41]: SELECT item_id, item_name, detail, price, image, ctg_id FROM  item  WHERE  item_id = ?     [1]
[SQL_LOG:2020-10-28 23:38:28]: SELECT *  FROM  likes  WHERE  item_id = ? AND mem_id = ?     [1,8]
[SQL_LOG:2020-10-28 23:38:28]: DELETE FROM likes  item_id = ? AND mem_id = ?  [1,8]
[SQL_LOG:2020-10-28 23:39:34]: SELECT ctg_id, category_name  FROM  category     []
[SQL_LOG:2020-10-28 23:39:34]: SELECT item_id, item_name, detail, price, image, ctg_id FROM  item  WHERE  item_id = ?     [1]
[SQL_LOG:2020-10-28 23:39:40]: SELECT *  FROM  likes  WHERE  item_id = ? AND mem_id = ?     [1,8]
[SQL_LOG:2020-10-28 23:39:40]: DELETE FROM likes WHERE item_id = ? AND mem_id = ?  [1,8]
[SQL_LOG:2020-10-28 23:40:41]: SELECT *  FROM  likes  WHERE  item_id = ? AND mem_id = ?     [1,8]
[SQL_LOG:2020-10-28 23:40:41]: INSERT INTO likes (item_id,mem_id,regist_date)VALUES(?,?,?) [1,8,2020-10-28 23:40:41]
[SQL_LOG:2020-10-28 23:40:45]: SELECT ctg_id, category_name  FROM  category     []
[SQL_LOG:2020-10-28 23:40:45]: SELECT item_id, item_name, price, image, ctg_id  FROM  item     []
[SQL_LOG:2020-10-28 23:40:48]: SELECT ctg_id, category_name  FROM  category     []
[SQL_LOG:2020-10-28 23:40:48]: SELECT item_id, item_name, detail, price, image, ctg_id FROM  item  WHERE  item_id = ?     [2]
[SQL_LOG:2020-10-28 23:40:49]: SELECT *  FROM  likes  WHERE  item_id = ? AND mem_id = ?     [2,8]
[SQL_LOG:2020-10-28 23:40:49]: INSERT INTO likes (item_id,mem_id,regist_date)VALUES(?,?,?) [2,8,2020-10-28 23:40:49]
