[SQL_LOG:2020-10-17 17:16:07]: SELECT ctg_id, category_name  FROM  category     []
[SQL_LOG:2020-10-17 17:16:07]: SELECT item_id, item_name, price, image, ctg_id  FROM  item     []
[SQL_LOG:2020-10-17 17:16:14]: SELECT *  FROM  member  WHERE  email = ?     [tttvvvaken@gmail.com]
[SQL_LOG:2020-10-17 17:16:14]: SELECT session_key  FROM  loginsession  WHERE  mem_id = ?     [3]
[SQL_LOG:2020-10-17 17:16:14]: SELECT ctg_id, category_name  FROM  category     []
[SQL_LOG:2020-10-17 17:16:14]: SELECT item_id, item_name, price, image, ctg_id  FROM  item     []
[SQL_LOG:2020-10-17 17:16:17]: SELECT *  FROM  member  WHERE  mem_id = ?     [3]
[SQL_LOG:2020-10-17 17:16:19]: SELECT ctg_id, category_name  FROM  category     []
[SQL_LOG:2020-10-17 17:16:19]: SELECT item_id, item_name, price, image, ctg_id  FROM  item     []
[SQL_LOG:2020-10-17 17:16:20]: SELECT ctg_id, category_name  FROM  category     []
[SQL_LOG:2020-10-17 17:16:20]: SELECT item_id, item_name, price, image, ctg_id  FROM  item     []
[SQL_LOG:2020-10-17 17:16:22]: SELECT ctg_id, category_name  FROM  category     []
[SQL_LOG:2020-10-17 17:16:22]: SELECT item_id, item_name, detail, price, image, ctg_id FROM  item  WHERE  item_id = ?     [1]
[SQL_LOG:2020-10-17 17:16:22]: SELECT customer_no  FROM  session  WHERE  session_key = ?     [ouuhmc1r18b0dk9kav1eej12lg]
[SQL_LOG:2020-10-17 17:16:22]: INSERT INTO cart (customer_no,item_id)VALUES(?,?) [7,1]
[SQL_LOG:2020-10-17 17:16:22]: SELECT c.crt_id, i.item_id, i.item_name, i.price, i.image FROM  cart c LEFT JOIN item i ON c.item_id = i.item_id  WHERE  c.customer_no = ? AND c.delete_flg = ?    [7,0]
[SQL_LOG:2020-10-17 17:16:22]: SELECT SUM(i.price) AS totalPrice  FROM  cart c LEFT JOIN item i ON c.item_id = i.item_id  WHERE  c.customer_no = ? AND c.delete_flg = ?    [7,0]
[SQL_LOG:2020-10-17 17:16:22]: SELECT SUM(num) AS num  FROM  cart c  WHERE  c.customer_no = ? AND c.delete_flg = ?    [7,0]
[SQL_LOG:2020-10-17 17:16:25]: SELECT ctg_id, category_name  FROM  category     []
[SQL_LOG:2020-10-17 17:16:25]: SELECT item_id, item_name, price, image, ctg_id  FROM  item     []
[SQL_LOG:2020-10-17 17:16:26]: SELECT ctg_id, category_name  FROM  category     []
[SQL_LOG:2020-10-17 17:16:26]: SELECT item_id, item_name, price, image, ctg_id  FROM  item  WHERE  ctg_id = ?     [1]
[SQL_LOG:2020-10-17 17:16:27]: SELECT ctg_id, category_name  FROM  category     []
[SQL_LOG:2020-10-17 17:16:27]: SELECT item_id, item_name, price, image, ctg_id  FROM  item  WHERE  ctg_id = ?     [3]
[SQL_LOG:2020-10-17 17:16:29]: SELECT ctg_id, category_name  FROM  category     []
[SQL_LOG:2020-10-17 17:16:29]: SELECT item_id, item_name, price, image, ctg_id  FROM  item     []
[SQL_LOG:2020-10-17 17:16:35]: SELECT ctg_id, category_name  FROM  category     []
[SQL_LOG:2020-10-17 17:16:35]: SELECT item_id, item_name, price, image, ctg_id  FROM  item     []
[SQL_LOG:2020-10-17 17:16:43]: SELECT *  FROM  member  WHERE  email = ?     [tttvvvaken@gmail.com]
[SQL_LOG:2020-10-17 17:16:43]: SELECT session_key  FROM  loginsession  WHERE  mem_id = ?     [3]
[SQL_LOG:2020-10-17 17:16:43]: SELECT ctg_id, category_name  FROM  category     []
[SQL_LOG:2020-10-17 17:16:43]: SELECT item_id, item_name, price, image, ctg_id  FROM  item     []
[SQL_LOG:2020-10-17 17:17:17]: SELECT ctg_id, category_name  FROM  category     []
[SQL_LOG:2020-10-17 17:17:17]: SELECT item_id, item_name, price, image, ctg_id  FROM  item     []
[SQL_LOG:2020-10-17 17:17:19]: SELECT ctg_id, category_name  FROM  category     []
[SQL_LOG:2020-10-17 17:17:19]: SELECT item_id, item_name, price, image, ctg_id  FROM  item     []
[SQL_LOG:2020-10-17 17:17:23]: SELECT *  FROM member WHERE  email = ?    LIMIT  1   []
[SQL_LOG:2020-10-17 17:19:19]: SELECT ctg_id, category_name  FROM  category     []
[SQL_LOG:2020-10-17 17:19:19]: SELECT item_id, item_name, price, image, ctg_id  FROM  item     []
[SQL_LOG:2020-10-17 17:20:18]: SELECT *  FROM  member  WHERE  email = ?     [t@gm.com]
[SQL_LOG:2020-10-17 17:20:18]: SELECT session_key  FROM  loginsession  WHERE  mem_id = ?     [6]
[SQL_LOG:2020-10-17 17:20:18]: SELECT ctg_id, category_name  FROM  category     []
[SQL_LOG:2020-10-17 17:20:18]: SELECT item_id, item_name, price, image, ctg_id  FROM  item     []
[SQL_LOG:2020-10-17 20:08:09]: SELECT ctg_id, category_name  FROM  category     []
[SQL_LOG:2020-10-17 20:08:09]: SELECT item_id, item_name, price, image, ctg_id  FROM  item     []
[SQL_LOG:2020-10-17 20:08:25]: SELECT *  FROM  member  WHERE  email = ?     [tttvvalen@gmail.com]
[SQL_LOG:2020-10-17 20:08:40]: SELECT *  FROM  member  WHERE  email = ?     [tttvvvaken@gmail.com]
[SQL_LOG:2020-10-17 20:08:40]: SELECT session_key  FROM  loginsession  WHERE  mem_id = ?     [3]
[SQL_LOG:2020-10-17 20:08:40]: SELECT ctg_id, category_name  FROM  category     []
[SQL_LOG:2020-10-17 20:08:40]: SELECT item_id, item_name, price, image, ctg_id  FROM  item     []
[SQL_LOG:2020-10-17 20:08:45]: SELECT *  FROM  member  WHERE  mem_id = ?     [3]
[SQL_LOG:2020-10-17 20:08:47]: SELECT ctg_id, category_name  FROM  category     []
[SQL_LOG:2020-10-17 20:08:47]: SELECT item_id, item_name, price, image, ctg_id  FROM  item     []
[SQL_LOG:2020-10-17 20:08:48]: SELECT mem_id, family_name, first_name, family_name_kana, first_name_kana, email, user_id, sex, traffic, regist_date, update_date  FROM  member     []
[SQL_LOG:2020-10-17 20:08:49]: SELECT *  FROM  member  WHERE  mem_id = ?     [2]
[SQL_LOG:2020-10-17 20:08:50]: SELECT mem_id, family_name, first_name, family_name_kana, first_name_kana, email, user_id, sex, traffic, regist_date, update_date  FROM  member     []
[SQL_LOG:2020-10-17 20:08:52]: SELECT *  FROM  member  WHERE  mem_id = ?     [4]
[SQL_LOG:2020-10-17 20:08:53]: SELECT mem_id, family_name, first_name, family_name_kana, first_name_kana, email, user_id, sex, traffic, regist_date, update_date  FROM  member     []
[SQL_LOG:2020-10-17 20:08:54]: SELECT customer_no  FROM  session  WHERE  session_key = ?     [kb2tg1ng3eeg5no843lfh0kc69]
[SQL_LOG:2020-10-17 20:08:54]: INSERT INTO session (session_key,regist_date,delete_flg)VALUES(?,?,?) [kb2tg1ng3eeg5no843lfh0kc69,2020-10-17 20:08:54,]
[SQL_LOG:2020-10-17 20:08:54]: SELECT c.crt_id, i.item_id, i.item_name, i.price, i.image FROM  cart c LEFT JOIN item i ON c.item_id = i.item_id  WHERE  c.customer_no = ? AND c.delete_flg = ?    [8,0]
[SQL_LOG:2020-10-17 20:08:54]: SELECT SUM(i.price) AS totalPrice  FROM  cart c LEFT JOIN item i ON c.item_id = i.item_id  WHERE  c.customer_no = ? AND c.delete_flg = ?    [8,0]
[SQL_LOG:2020-10-17 20:08:54]: SELECT SUM(num) AS num  FROM  cart c  WHERE  c.customer_no = ? AND c.delete_flg = ?    [8,0]
[SQL_LOG:2020-10-17 20:08:55]: SELECT ctg_id, category_name  FROM  category     []
[SQL_LOG:2020-10-17 20:08:55]: SELECT item_id, item_name, price, image, ctg_id  FROM  item     []
[SQL_LOG:2020-10-17 20:08:56]: SELECT ctg_id, category_name  FROM  category     []
[SQL_LOG:2020-10-17 20:08:56]: SELECT item_id, item_name, price, image, ctg_id  FROM  item     []
[SQL_LOG:2020-10-17 20:09:02]: SELECT ctg_id, category_name  FROM  category     []
[SQL_LOG:2020-10-17 20:09:02]: SELECT item_id, item_name, price, image, ctg_id  FROM  item     []
[SQL_LOG:2020-10-17 20:09:10]: SELECT *  FROM  member  WHERE  email = ?     [tttvvvaken@gmail.com]
[SQL_LOG:2020-10-17 20:09:10]: SELECT session_key  FROM  loginsession  WHERE  mem_id = ?     [3]
[SQL_LOG:2020-10-17 20:09:10]: SELECT ctg_id, category_name  FROM  category     []
[SQL_LOG:2020-10-17 20:09:10]: SELECT item_id, item_name, price, image, ctg_id  FROM  item     []
[SQL_LOG:2020-10-17 20:09:14]: SELECT ctg_id, category_name  FROM  category     []
[SQL_LOG:2020-10-17 20:09:14]: SELECT item_id, item_name, price, image, ctg_id  FROM  item     []
[SQL_LOG:2020-10-17 20:09:17]: SELECT *  FROM member WHERE  email = ?    LIMIT  1   []
[SQL_LOG:2020-10-17 20:09:25]: SELECT *  FROM member WHERE  email = ?    LIMIT  1   []
[SQL_LOG:2020-10-17 20:09:26]: SELECT *  FROM member WHERE  email = ?    LIMIT  1   []
[SQL_LOG:2020-10-17 20:09:31]: SELECT *  FROM member WHERE  email = ?    LIMIT  1   []
[SQL_LOG:2020-10-17 20:09:35]: SELECT *  FROM member WHERE  email = ?    LIMIT  1   []
[SQL_LOG:2020-10-17 20:09:46]: SELECT ctg_id, category_name  FROM  category     []
[SQL_LOG:2020-10-17 20:09:46]: SELECT item_id, item_name, price, image, ctg_id  FROM  item     []
[SQL_LOG:2020-10-17 20:12:28]: SELECT ctg_id, category_name  FROM  category     []
[SQL_LOG:2020-10-17 20:12:28]: SELECT item_id, item_name, price, image, ctg_id  FROM  item     []
[SQL_LOG:2020-10-17 20:12:34]: SELECT *  FROM  member  WHERE  email = ?     [tttvvvaken@gmail.com]
[SQL_LOG:2020-10-17 20:12:35]: SELECT session_key  FROM  loginsession  WHERE  mem_id = ?     [3]
[SQL_LOG:2020-10-17 20:12:35]: SELECT ctg_id, category_name  FROM  category     []
[SQL_LOG:2020-10-17 20:12:35]: SELECT item_id, item_name, price, image, ctg_id  FROM  item     []
[SQL_LOG:2020-10-17 20:12:38]: SELECT mem_id, family_name, first_name, family_name_kana, first_name_kana, email, user_id, sex, traffic, regist_date, update_date  FROM  member     []
[SQL_LOG:2020-10-17 20:16:17]: SELECT *  FROM  member  WHERE  mem_id = ?     [2]
[SQL_LOG:2020-10-17 20:16:19]: SELECT mem_id, family_name, first_name, family_name_kana, first_name_kana, email, user_id, sex, traffic, regist_date, update_date  FROM  member     []
[SQL_LOG:2020-10-17 20:16:20]: SELECT ctg_id, category_name  FROM  category     []
[SQL_LOG:2020-10-17 20:16:20]: SELECT item_id, item_name, price, image, ctg_id  FROM  item     []
[SQL_LOG:2020-10-17 20:16:22]: SELECT ctg_id, category_name  FROM  category     []
[SQL_LOG:2020-10-17 20:16:22]: SELECT item_id, item_name, detail, price, image, ctg_id FROM  item  WHERE  item_id = ?     [1]
[SQL_LOG:2020-10-17 20:16:23]: SELECT ctg_id, category_name  FROM  category     []
[SQL_LOG:2020-10-17 20:16:23]: SELECT item_id, item_name, price, image, ctg_id  FROM  item     []
[SQL_LOG:2020-10-17 20:31:45]: SELECT mem_id, family_name, first_name, family_name_kana, first_name_kana, email, user_id, sex, traffic, regist_date, update_date  FROM  member     []
[SQL_LOG:2020-10-17 20:32:05]: SELECT mem_id, family_name, first_name, family_name_kana, first_name_kana, email, user_id, sex, traffic, regist_date, update_date  FROM  member     []
[SQL_LOG:2020-10-17 20:33:02]: SELECT *  FROM  member  WHERE  mem_id = ?     [3]
[SQL_LOG:2020-10-17 20:33:04]: SELECT *  FROM  member  WHERE  mem_id = ?     [3]
[SQL_LOG:2020-10-17 20:33:04]: SELECT *  FROM  member  WHERE  mem_id = ?     [3]
[SQL_LOG:2020-10-17 20:33:04]: SELECT *  FROM  member  WHERE  mem_id = ?     [3]
[SQL_LOG:2020-10-17 20:33:04]: SELECT *  FROM  member  WHERE  mem_id = ?     [3]
[SQL_LOG:2020-10-17 20:33:08]: SELECT mem_id, family_name, first_name, family_name_kana, first_name_kana, email, user_id, sex, traffic, regist_date, update_date  FROM  member     []
[SQL_LOG:2020-10-17 20:34:16]: SELECT mem_id, family_name, first_name, family_name_kana, first_name_kana, email, user_id, sex, traffic, regist_date, update_date  FROM  member     []
[SQL_LOG:2020-10-17 20:34:17]: SELECT mem_id, family_name, first_name, family_name_kana, first_name_kana, email, user_id, sex, traffic, regist_date, update_date  FROM  member     []
[SQL_LOG:2020-10-17 20:34:29]: SELECT ctg_id, category_name  FROM  category     []
[SQL_LOG:2020-10-17 20:34:29]: SELECT item_id, item_name, price, image, ctg_id  FROM  item     []
[SQL_LOG:2020-10-17 20:34:31]: SELECT ctg_id, category_name  FROM  category     []
[SQL_LOG:2020-10-17 20:34:31]: SELECT item_id, item_name, price, image, ctg_id  FROM  item     []
[SQL_LOG:2020-10-17 20:34:37]: SELECT *  FROM  member  WHERE  email = ?     [tttvvvaken@gmail.com]
[SQL_LOG:2020-10-17 20:34:37]: SELECT session_key  FROM  loginsession  WHERE  mem_id = ?     [3]
[SQL_LOG:2020-10-17 20:34:37]: SELECT ctg_id, category_name  FROM  category     []
[SQL_LOG:2020-10-17 20:34:37]: SELECT item_id, item_name, price, image, ctg_id  FROM  item     []
[SQL_LOG:2020-10-17 20:34:38]: SELECT *  FROM  member  WHERE  mem_id = ?     [3]
[SQL_LOG:2020-10-17 20:34:51]: SELECT *  FROM  member  WHERE  mem_id = ?     [3]
[SQL_LOG:2020-10-17 20:34:55]: SELECT *  FROM  member  WHERE  mem_id = ?     [3]
[SQL_LOG:2020-10-17 20:34:55]: SELECT *  FROM  member  WHERE  mem_id = ?     [3]
[SQL_LOG:2020-10-17 20:34:56]: SELECT *  FROM  member  WHERE  mem_id = ?     [3]
[SQL_LOG:2020-10-17 20:34:56]: SELECT *  FROM  member  WHERE  mem_id = ?     [3]
[SQL_LOG:2020-10-17 20:34:56]: SELECT *  FROM  member  WHERE  mem_id = ?     [3]
[SQL_LOG:2020-10-17 20:36:08]: SELECT ctg_id, category_name  FROM  category     []
[SQL_LOG:2020-10-17 20:36:08]: SELECT item_id, item_name, price, image, ctg_id  FROM  item     []
[SQL_LOG:2020-10-17 20:36:17]: SELECT *  FROM  member  WHERE  email = ?     [tttvvvaken@gmail.com]
[SQL_LOG:2020-10-17 20:36:17]: SELECT session_key  FROM  loginsession  WHERE  mem_id = ?     [3]
[SQL_LOG:2020-10-17 20:36:17]: SELECT ctg_id, category_name  FROM  category     []
[SQL_LOG:2020-10-17 20:36:17]: SELECT item_id, item_name, price, image, ctg_id  FROM  item     []
[SQL_LOG:2020-10-17 20:36:19]: SELECT *  FROM  member  WHERE  mem_id = ?     [3]
[SQL_LOG:2020-10-17 20:37:32]: SELECT ctg_id, category_name  FROM  category     []
[SQL_LOG:2020-10-17 20:37:32]: SELECT item_id, item_name, price, image, ctg_id  FROM  item     []
[SQL_LOG:2020-10-17 20:37:33]: SELECT ctg_id, category_name  FROM  category     []
[SQL_LOG:2020-10-17 20:37:33]: SELECT item_id, item_name, price, image, ctg_id  FROM  item     []
[SQL_LOG:2020-10-17 20:37:35]: SELECT *  FROM  member  WHERE  mem_id = ?     [3]
[SQL_LOG:2020-10-17 20:37:38]: SELECT ctg_id, category_name  FROM  category     []
[SQL_LOG:2020-10-17 20:37:38]: SELECT item_id, item_name, price, image, ctg_id  FROM  item     []
[SQL_LOG:2020-10-17 20:38:51]: SELECT *  FROM  member  WHERE  mem_id = ?     [3]
[SQL_LOG:2020-10-17 20:39:02]: SELECT ctg_id, category_name  FROM  category     []
[SQL_LOG:2020-10-17 20:39:02]: SELECT item_id, item_name, price, image, ctg_id  FROM  item     []
[SQL_LOG:2020-10-17 20:39:03]: SELECT ctg_id, category_name  FROM  category     []
[SQL_LOG:2020-10-17 20:39:03]: SELECT item_id, item_name, price, image, ctg_id  FROM  item     []
[SQL_LOG:2020-10-17 20:39:04]: SELECT *  FROM  member  WHERE  mem_id = ?     [3]
[SQL_LOG:2020-10-17 20:39:23]: SELECT ctg_id, category_name  FROM  category     []
[SQL_LOG:2020-10-17 20:39:23]: SELECT item_id, item_name, price, image, ctg_id  FROM  item     []
[SQL_LOG:2020-10-17 20:39:39]: SELECT *  FROM  member  WHERE  email = ?     [tttvvvaken@gmail.com]
[SQL_LOG:2020-10-17 20:39:39]: SELECT session_key  FROM  loginsession  WHERE  mem_id = ?     [3]
[SQL_LOG:2020-10-17 20:39:39]: SELECT ctg_id, category_name  FROM  category     []
[SQL_LOG:2020-10-17 20:39:39]: SELECT item_id, item_name, price, image, ctg_id  FROM  item     []
[SQL_LOG:2020-10-17 20:39:48]: SELECT customer_no  FROM  session  WHERE  session_key = ?     [kb2tg1ng3eeg5no843lfh0kc69]
[SQL_LOG:2020-10-17 20:39:48]: SELECT c.crt_id, i.item_id, i.item_name, i.price, i.image FROM  cart c LEFT JOIN item i ON c.item_id = i.item_id  WHERE  c.customer_no = ? AND c.delete_flg = ?    [8,0]
[SQL_LOG:2020-10-17 20:39:48]: SELECT SUM(i.price) AS totalPrice  FROM  cart c LEFT JOIN item i ON c.item_id = i.item_id  WHERE  c.customer_no = ? AND c.delete_flg = ?    [8,0]
[SQL_LOG:2020-10-17 20:39:48]: SELECT SUM(num) AS num  FROM  cart c  WHERE  c.customer_no = ? AND c.delete_flg = ?    [8,0]
[SQL_LOG:2020-10-17 20:39:50]: SELECT ctg_id, category_name  FROM  category     []
[SQL_LOG:2020-10-17 20:39:50]: SELECT item_id, item_name, price, image, ctg_id  FROM  item     []
[SQL_LOG:2020-10-17 20:41:01]: SELECT ctg_id, category_name  FROM  category     []
[SQL_LOG:2020-10-17 20:41:01]: SELECT item_id, item_name, price, image, ctg_id  FROM  item     []
[SQL_LOG:2020-10-17 20:41:02]: SELECT ctg_id, category_name  FROM  category     []
[SQL_LOG:2020-10-17 20:41:02]: SELECT item_id, item_name, price, image, ctg_id  FROM  item     []
[SQL_LOG:2020-10-17 20:41:08]: SELECT *  FROM  member  WHERE  email = ?     [tttvvvaken@gmail.com]
[SQL_LOG:2020-10-17 20:41:09]: SELECT session_key  FROM  loginsession  WHERE  mem_id = ?     [3]
[SQL_LOG:2020-10-17 20:41:09]: SELECT ctg_id, category_name  FROM  category     []
[SQL_LOG:2020-10-17 20:41:09]: SELECT item_id, item_name, price, image, ctg_id  FROM  item     []
[SQL_LOG:2020-10-17 20:41:47]: SELECT ctg_id, category_name  FROM  category     []
[SQL_LOG:2020-10-17 20:41:47]: SELECT item_id, item_name, price, image, ctg_id  FROM  item     []
[SQL_LOG:2020-10-17 20:42:07]: SELECT *  FROM  member  WHERE  email = ?     [tttvvvaken@gmail.co]
[SQL_LOG:2020-10-17 20:42:07]: SELECT session_key  FROM  loginsession  WHERE  mem_id = ?     [2]
[SQL_LOG:2020-10-17 20:42:07]: SELECT ctg_id, category_name  FROM  category     []
[SQL_LOG:2020-10-17 20:42:07]: SELECT item_id, item_name, price, image, ctg_id  FROM  item     []
[SQL_LOG:2020-10-17 20:42:20]: SELECT ctg_id, category_name  FROM  category     []
[SQL_LOG:2020-10-17 20:42:20]: SELECT item_id, item_name, price, image, ctg_id  FROM  item     []
[SQL_LOG:2020-10-17 20:42:21]: SELECT ctg_id, category_name  FROM  category     []
[SQL_LOG:2020-10-17 20:42:21]: SELECT item_id, item_name, price, image, ctg_id  FROM  item     []
[SQL_LOG:2020-10-17 20:42:21]: SELECT ctg_id, category_name  FROM  category     []
[SQL_LOG:2020-10-17 20:42:21]: SELECT item_id, item_name, price, image, ctg_id  FROM  item     []
[SQL_LOG:2020-10-17 20:42:21]: SELECT ctg_id, category_name  FROM  category     []
[SQL_LOG:2020-10-17 20:42:21]: SELECT item_id, item_name, price, image, ctg_id  FROM  item     []
[SQL_LOG:2020-10-17 20:42:21]: SELECT ctg_id, category_name  FROM  category     []
[SQL_LOG:2020-10-17 20:42:21]: SELECT item_id, item_name, price, image, ctg_id  FROM  item     []
[SQL_LOG:2020-10-17 20:43:02]: SELECT ctg_id, category_name  FROM  category     []
[SQL_LOG:2020-10-17 20:43:02]: SELECT item_id, item_name, price, image, ctg_id  FROM  item     []
[SQL_LOG:2020-10-17 20:44:15]: SELECT ctg_id, category_name  FROM  category     []
[SQL_LOG:2020-10-17 20:44:15]: SELECT item_id, item_name, price, image, ctg_id  FROM  item     []
[SQL_LOG:2020-10-17 20:44:17]: SELECT ctg_id, category_name  FROM  category     []
[SQL_LOG:2020-10-17 20:44:17]: SELECT item_id, item_name, price, image, ctg_id  FROM  item     []
[SQL_LOG:2020-10-17 20:44:22]: SELECT *  FROM  member  WHERE  email = ?     [tttvvvaken@gmail.com]
[SQL_LOG:2020-10-17 20:44:22]: SELECT session_key  FROM  loginsession  WHERE  mem_id = ?     [3]
[SQL_LOG:2020-10-17 20:44:22]: SELECT ctg_id, category_name  FROM  category     []
[SQL_LOG:2020-10-17 20:44:22]: SELECT item_id, item_name, price, image, ctg_id  FROM  item     []
[SQL_LOG:2020-10-17 20:44:24]: SELECT *  FROM  member  WHERE  mem_id = ?     [3]
[SQL_LOG:2020-10-17 20:50:04]: SELECT ctg_id, category_name  FROM  category     []
[SQL_LOG:2020-10-17 20:50:04]: SELECT item_id, item_name, price, image, ctg_id  FROM  item     []
[SQL_LOG:2020-10-17 20:50:07]: SELECT mem_id, family_name, first_name, family_name_kana, first_name_kana, email, user_id, sex, traffic, regist_date, update_date  FROM  member     []
[SQL_LOG:2020-10-17 20:50:08]: SELECT customer_no  FROM  session  WHERE  session_key = ?     [kb2tg1ng3eeg5no843lfh0kc69]
[SQL_LOG:2020-10-17 20:50:08]: SELECT c.crt_id, i.item_id, i.item_name, i.price, i.image FROM  cart c LEFT JOIN item i ON c.item_id = i.item_id  WHERE  c.customer_no = ? AND c.delete_flg = ?    [8,0]
[SQL_LOG:2020-10-17 20:50:08]: SELECT SUM(i.price) AS totalPrice  FROM  cart c LEFT JOIN item i ON c.item_id = i.item_id  WHERE  c.customer_no = ? AND c.delete_flg = ?    [8,0]
[SQL_LOG:2020-10-17 20:50:08]: SELECT SUM(num) AS num  FROM  cart c  WHERE  c.customer_no = ? AND c.delete_flg = ?    [8,0]
[SQL_LOG:2020-10-17 20:50:09]: SELECT *  FROM  member  WHERE  mem_id = ?     [3]
[SQL_LOG:2020-10-17 20:50:44]: SELECT ctg_id, category_name  FROM  category     []
[SQL_LOG:2020-10-17 20:50:44]: SELECT item_id, item_name, price, image, ctg_id  FROM  item     []
[SQL_LOG:2020-10-17 20:50:51]: SELECT *  FROM  member  WHERE  email = ?     [tttvvvaken@gmail.com]
[SQL_LOG:2020-10-17 20:50:51]: SELECT session_key  FROM  loginsession  WHERE  mem_id = ?     [3]
[SQL_LOG:2020-10-17 20:50:51]: SELECT ctg_id, category_name  FROM  category     []
[SQL_LOG:2020-10-17 20:50:51]: SELECT item_id, item_name, price, image, ctg_id  FROM  item     []
[SQL_LOG:2020-10-17 20:50:52]: SELECT *  FROM  member  WHERE  mem_id = ?     [3]
[SQL_LOG:2020-10-17 20:50:58]: SELECT *  FROM  member  WHERE  mem_id = ?     [3]
[SQL_LOG:2020-10-17 20:51:00]: SELECT ctg_id, category_name  FROM  category     []
[SQL_LOG:2020-10-17 20:51:00]: SELECT item_id, item_name, price, image, ctg_id  FROM  item     []
[SQL_LOG:2020-10-17 20:51:16]: SELECT *  FROM  member  WHERE  email = ?     [tttvvvaken@gmail.com]
[SQL_LOG:2020-10-17 20:51:16]: SELECT session_key  FROM  loginsession  WHERE  mem_id = ?     [3]
[SQL_LOG:2020-10-17 20:51:16]: SELECT ctg_id, category_name  FROM  category     []
[SQL_LOG:2020-10-17 20:51:16]: SELECT item_id, item_name, price, image, ctg_id  FROM  item     []
[SQL_LOG:2020-10-17 20:51:17]: SELECT *  FROM  member  WHERE  mem_id = ?     [3]
[SQL_LOG:2020-10-17 20:52:07]: SELECT ctg_id, category_name  FROM  category     []
[SQL_LOG:2020-10-17 20:52:07]: SELECT item_id, item_name, price, image, ctg_id  FROM  item     []
[SQL_LOG:2020-10-17 20:52:12]: SELECT *  FROM  member  WHERE  email = ?     [tttvvvaken@gmail.com]
[SQL_LOG:2020-10-17 20:52:12]: SELECT session_key  FROM  loginsession  WHERE  mem_id = ?     [3]
[SQL_LOG:2020-10-17 20:52:12]: SELECT ctg_id, category_name  FROM  category     []
[SQL_LOG:2020-10-17 20:52:12]: SELECT item_id, item_name, price, image, ctg_id  FROM  item     []
[SQL_LOG:2020-10-17 20:52:13]: SELECT *  FROM  member  WHERE  mem_id = ?     [3]
[SQL_LOG:2020-10-17 20:52:18]: SELECT *  FROM  member  WHERE  mem_id = ?     [3]
[SQL_LOG:2020-10-17 20:54:42]: SELECT ctg_id, category_name  FROM  category     []
[SQL_LOG:2020-10-17 20:54:42]: SELECT item_id, item_name, price, image, ctg_id  FROM  item     []
[SQL_LOG:2020-10-17 20:54:45]: SELECT ctg_id, category_name  FROM  category     []
[SQL_LOG:2020-10-17 20:54:45]: SELECT item_id, item_name, price, image, ctg_id  FROM  item     []
[SQL_LOG:2020-10-17 20:54:55]: SELECT *  FROM  member  WHERE  email = ?     [tttvvvaken@gmail.com]
[SQL_LOG:2020-10-17 20:55:04]: SELECT *  FROM  member  WHERE  email = ?     [tttvvvaken@gmail.com]
[SQL_LOG:2020-10-17 20:55:04]: SELECT session_key  FROM  loginsession  WHERE  mem_id = ?     [3]
[SQL_LOG:2020-10-17 20:55:04]: SELECT ctg_id, category_name  FROM  category     []
[SQL_LOG:2020-10-17 20:55:04]: SELECT item_id, item_name, price, image, ctg_id  FROM  item     []
[SQL_LOG:2020-10-17 20:55:06]: SELECT *  FROM  member  WHERE  mem_id = ?     [3]
[SQL_LOG:2020-10-17 20:57:43]: SELECT ctg_id, category_name  FROM  category     []
[SQL_LOG:2020-10-17 20:57:43]: SELECT item_id, item_name, price, image, ctg_id  FROM  item     []
[SQL_LOG:2020-10-17 20:58:16]: SELECT *  FROM  member  WHERE  email = ?     [tttvvvaken@gmail.com]
[SQL_LOG:2020-10-17 20:58:21]: SELECT *  FROM  member  WHERE  email = ?     [tttvvvaken@gmail.co]
[SQL_LOG:2020-10-17 20:58:21]: SELECT session_key  FROM  loginsession  WHERE  mem_id = ?     [2]
[SQL_LOG:2020-10-17 20:58:21]: INSERT INTO loginsession (mem_id,user_id,session_key,regist_date,delete_flg)VALUES(?,?,?,?,?) [2,kojima_takeya,g2cvgf8k3olll96o65dg0pcprc,2020-10-17 20:58:21,]
[SQL_LOG:2020-10-17 20:58:21]: SELECT ctg_id, category_name  FROM  category     []
[SQL_LOG:2020-10-17 20:58:21]: SELECT item_id, item_name, price, image, ctg_id  FROM  item     []
[SQL_LOG:2020-10-17 20:59:39]: SELECT *  FROM  member  WHERE  mem_id = ?     [3]
[SQL_LOG:2020-10-17 20:59:43]: SELECT *  FROM  member  WHERE  mem_id = ?     [3]
[SQL_LOG:2020-10-17 20:59:43]: SELECT *  FROM  member  WHERE  mem_id = ?     [3]
[SQL_LOG:2020-10-17 20:59:44]: SELECT *  FROM  member  WHERE  mem_id = ?     [3]
[SQL_LOG:2020-10-17 20:59:44]: SELECT *  FROM  member  WHERE  mem_id = ?     [3]
[SQL_LOG:2020-10-17 21:00:06]: SELECT *  FROM  member  WHERE  mem_id = ?     [3]
[SQL_LOG:2020-10-17 21:01:26]: SELECT ctg_id, category_name  FROM  category     []
[SQL_LOG:2020-10-17 21:01:26]: SELECT item_id, item_name, price, image, ctg_id  FROM  item     []
[SQL_LOG:2020-10-17 21:01:27]: SELECT ctg_id, category_name  FROM  category     []
[SQL_LOG:2020-10-17 21:01:27]: SELECT item_id, item_name, price, image, ctg_id  FROM  item     []
[SQL_LOG:2020-10-17 21:01:36]: SELECT *  FROM  member  WHERE  email = ?     [tttvvvaken@gmail.com]
[SQL_LOG:2020-10-17 21:01:44]: SELECT *  FROM  member  WHERE  email = ?     [tttvvvaken@gmail.com]
[SQL_LOG:2020-10-17 21:01:44]: SELECT session_key  FROM  loginsession  WHERE  mem_id = ?     [3]
[SQL_LOG:2020-10-17 21:01:44]: SELECT ctg_id, category_name  FROM  category     []
[SQL_LOG:2020-10-17 21:01:44]: SELECT item_id, item_name, price, image, ctg_id  FROM  item     []
[SQL_LOG:2020-10-17 21:01:46]: SELECT ctg_id, category_name  FROM  category     []
[SQL_LOG:2020-10-17 21:01:46]: SELECT item_id, item_name, price, image, ctg_id  FROM  item     []
[SQL_LOG:2020-10-17 21:01:47]: SELECT customer_no  FROM  session  WHERE  session_key = ?     [kb2tg1ng3eeg5no843lfh0kc69]
[SQL_LOG:2020-10-17 21:01:47]: SELECT c.crt_id, i.item_id, i.item_name, i.price, i.image FROM  cart c LEFT JOIN item i ON c.item_id = i.item_id  WHERE  c.customer_no = ? AND c.delete_flg = ?    [8,0]
[SQL_LOG:2020-10-17 21:01:47]: SELECT SUM(i.price) AS totalPrice  FROM  cart c LEFT JOIN item i ON c.item_id = i.item_id  WHERE  c.customer_no = ? AND c.delete_flg = ?    [8,0]
[SQL_LOG:2020-10-17 21:01:47]: SELECT SUM(num) AS num  FROM  cart c  WHERE  c.customer_no = ? AND c.delete_flg = ?    [8,0]
[SQL_LOG:2020-10-17 21:01:48]: SELECT ctg_id, category_name  FROM  category     []
[SQL_LOG:2020-10-17 21:01:48]: SELECT item_id, item_name, price, image, ctg_id  FROM  item     []
[SQL_LOG:2020-10-17 21:01:50]: SELECT ctg_id, category_name  FROM  category     []
[SQL_LOG:2020-10-17 21:01:50]: SELECT item_id, item_name, detail, price, image, ctg_id FROM  item  WHERE  item_id = ?     [1]
[SQL_LOG:2020-10-17 21:01:51]: SELECT customer_no  FROM  session  WHERE  session_key = ?     [kb2tg1ng3eeg5no843lfh0kc69]
[SQL_LOG:2020-10-17 21:01:51]: INSERT INTO cart (customer_no,item_id)VALUES(?,?) [8,1]
[SQL_LOG:2020-10-17 21:01:51]: SELECT c.crt_id, i.item_id, i.item_name, i.price, i.image FROM  cart c LEFT JOIN item i ON c.item_id = i.item_id  WHERE  c.customer_no = ? AND c.delete_flg = ?    [8,0]
[SQL_LOG:2020-10-17 21:01:51]: SELECT SUM(i.price) AS totalPrice  FROM  cart c LEFT JOIN item i ON c.item_id = i.item_id  WHERE  c.customer_no = ? AND c.delete_flg = ?    [8,0]
[SQL_LOG:2020-10-17 21:01:51]: SELECT SUM(num) AS num  FROM  cart c  WHERE  c.customer_no = ? AND c.delete_flg = ?    [8,0]
[SQL_LOG:2020-10-17 21:01:54]: SELECT customer_no  FROM  session  WHERE  session_key = ?     [kb2tg1ng3eeg5no843lfh0kc69]
[SQL_LOG:2020-10-17 21:01:54]: INSERT INTO cart (customer_no,item_id)VALUES(?,?) [8,1]
[SQL_LOG:2020-10-17 21:01:54]: SELECT c.crt_id, i.item_id, i.item_name, i.price, i.image FROM  cart c LEFT JOIN item i ON c.item_id = i.item_id  WHERE  c.customer_no = ? AND c.delete_flg = ?    [8,0]
[SQL_LOG:2020-10-17 21:01:54]: SELECT SUM(i.price) AS totalPrice  FROM  cart c LEFT JOIN item i ON c.item_id = i.item_id  WHERE  c.customer_no = ? AND c.delete_flg = ?    [8,0]
[SQL_LOG:2020-10-17 21:01:54]: SELECT SUM(num) AS num  FROM  cart c  WHERE  c.customer_no = ? AND c.delete_flg = ?    [8,0]
[SQL_LOG:2020-10-17 21:01:54]: SELECT customer_no  FROM  session  WHERE  session_key = ?     [kb2tg1ng3eeg5no843lfh0kc69]
[SQL_LOG:2020-10-17 21:01:54]: INSERT INTO cart (customer_no,item_id)VALUES(?,?) [8,1]
[SQL_LOG:2020-10-17 21:01:54]: SELECT c.crt_id, i.item_id, i.item_name, i.price, i.image FROM  cart c LEFT JOIN item i ON c.item_id = i.item_id  WHERE  c.customer_no = ? AND c.delete_flg = ?    [8,0]
[SQL_LOG:2020-10-17 21:01:54]: SELECT SUM(i.price) AS totalPrice  FROM  cart c LEFT JOIN item i ON c.item_id = i.item_id  WHERE  c.customer_no = ? AND c.delete_flg = ?    [8,0]
[SQL_LOG:2020-10-17 21:01:54]: SELECT SUM(num) AS num  FROM  cart c  WHERE  c.customer_no = ? AND c.delete_flg = ?    [8,0]
[SQL_LOG:2020-10-17 21:01:55]: SELECT customer_no  FROM  session  WHERE  session_key = ?     [kb2tg1ng3eeg5no843lfh0kc69]
[SQL_LOG:2020-10-17 21:01:55]: INSERT INTO cart (customer_no,item_id)VALUES(?,?) [8,1]
[SQL_LOG:2020-10-17 21:01:55]: SELECT c.crt_id, i.item_id, i.item_name, i.price, i.image FROM  cart c LEFT JOIN item i ON c.item_id = i.item_id  WHERE  c.customer_no = ? AND c.delete_flg = ?    [8,0]
[SQL_LOG:2020-10-17 21:01:55]: SELECT SUM(i.price) AS totalPrice  FROM  cart c LEFT JOIN item i ON c.item_id = i.item_id  WHERE  c.customer_no = ? AND c.delete_flg = ?    [8,0]
[SQL_LOG:2020-10-17 21:01:55]: SELECT SUM(num) AS num  FROM  cart c  WHERE  c.customer_no = ? AND c.delete_flg = ?    [8,0]
[SQL_LOG:2020-10-17 21:01:55]: SELECT customer_no  FROM  session  WHERE  session_key = ?     [kb2tg1ng3eeg5no843lfh0kc69]
[SQL_LOG:2020-10-17 21:01:55]: INSERT INTO cart (customer_no,item_id)VALUES(?,?) [8,1]
[SQL_LOG:2020-10-17 21:01:55]: SELECT c.crt_id, i.item_id, i.item_name, i.price, i.image FROM  cart c LEFT JOIN item i ON c.item_id = i.item_id  WHERE  c.customer_no = ? AND c.delete_flg = ?    [8,0]
[SQL_LOG:2020-10-17 21:01:55]: SELECT SUM(i.price) AS totalPrice  FROM  cart c LEFT JOIN item i ON c.item_id = i.item_id  WHERE  c.customer_no = ? AND c.delete_flg = ?    [8,0]
[SQL_LOG:2020-10-17 21:01:55]: SELECT SUM(num) AS num  FROM  cart c  WHERE  c.customer_no = ? AND c.delete_flg = ?    [8,0]
[SQL_LOG:2020-10-17 21:01:56]: SELECT customer_no  FROM  session  WHERE  session_key = ?     [kb2tg1ng3eeg5no843lfh0kc69]
[SQL_LOG:2020-10-17 21:01:56]: UPDATE cart  SET delete_flg =?  WHERE  crt_id = ?  [1,31]
[SQL_LOG:2020-10-17 21:01:56]: SELECT c.crt_id, i.item_id, i.item_name, i.price, i.image FROM  cart c LEFT JOIN item i ON c.item_id = i.item_id  WHERE  c.customer_no = ? AND c.delete_flg = ?    [8,0]
[SQL_LOG:2020-10-17 21:01:56]: SELECT SUM(i.price) AS totalPrice  FROM  cart c LEFT JOIN item i ON c.item_id = i.item_id  WHERE  c.customer_no = ? AND c.delete_flg = ?    [8,0]
[SQL_LOG:2020-10-17 21:01:56]: SELECT SUM(num) AS num  FROM  cart c  WHERE  c.customer_no = ? AND c.delete_flg = ?    [8,0]
[SQL_LOG:2020-10-17 21:01:57]: SELECT customer_no  FROM  session  WHERE  session_key = ?     [kb2tg1ng3eeg5no843lfh0kc69]
[SQL_LOG:2020-10-17 21:01:57]: UPDATE cart  SET delete_flg =?  WHERE  crt_id = ?  [1,32]
[SQL_LOG:2020-10-17 21:01:57]: SELECT c.crt_id, i.item_id, i.item_name, i.price, i.image FROM  cart c LEFT JOIN item i ON c.item_id = i.item_id  WHERE  c.customer_no = ? AND c.delete_flg = ?    [8,0]
[SQL_LOG:2020-10-17 21:01:57]: SELECT SUM(i.price) AS totalPrice  FROM  cart c LEFT JOIN item i ON c.item_id = i.item_id  WHERE  c.customer_no = ? AND c.delete_flg = ?    [8,0]
[SQL_LOG:2020-10-17 21:01:57]: SELECT SUM(num) AS num  FROM  cart c  WHERE  c.customer_no = ? AND c.delete_flg = ?    [8,0]
[SQL_LOG:2020-10-17 21:01:57]: SELECT customer_no  FROM  session  WHERE  session_key = ?     [kb2tg1ng3eeg5no843lfh0kc69]
[SQL_LOG:2020-10-17 21:01:57]: UPDATE cart  SET delete_flg =?  WHERE  crt_id = ?  [1,33]
[SQL_LOG:2020-10-17 21:01:57]: SELECT c.crt_id, i.item_id, i.item_name, i.price, i.image FROM  cart c LEFT JOIN item i ON c.item_id = i.item_id  WHERE  c.customer_no = ? AND c.delete_flg = ?    [8,0]
[SQL_LOG:2020-10-17 21:01:57]: SELECT SUM(i.price) AS totalPrice  FROM  cart c LEFT JOIN item i ON c.item_id = i.item_id  WHERE  c.customer_no = ? AND c.delete_flg = ?    [8,0]
[SQL_LOG:2020-10-17 21:01:57]: SELECT SUM(num) AS num  FROM  cart c  WHERE  c.customer_no = ? AND c.delete_flg = ?    [8,0]
[SQL_LOG:2020-10-17 21:01:57]: SELECT customer_no  FROM  session  WHERE  session_key = ?     [kb2tg1ng3eeg5no843lfh0kc69]
[SQL_LOG:2020-10-17 21:01:57]: UPDATE cart  SET delete_flg =?  WHERE  crt_id = ?  [1,34]
[SQL_LOG:2020-10-17 21:01:57]: SELECT c.crt_id, i.item_id, i.item_name, i.price, i.image FROM  cart c LEFT JOIN item i ON c.item_id = i.item_id  WHERE  c.customer_no = ? AND c.delete_flg = ?    [8,0]
[SQL_LOG:2020-10-17 21:01:57]: SELECT SUM(i.price) AS totalPrice  FROM  cart c LEFT JOIN item i ON c.item_id = i.item_id  WHERE  c.customer_no = ? AND c.delete_flg = ?    [8,0]
[SQL_LOG:2020-10-17 21:01:57]: SELECT SUM(num) AS num  FROM  cart c  WHERE  c.customer_no = ? AND c.delete_flg = ?    [8,0]
[SQL_LOG:2020-10-17 21:01:57]: SELECT customer_no  FROM  session  WHERE  session_key = ?     [kb2tg1ng3eeg5no843lfh0kc69]
[SQL_LOG:2020-10-17 21:01:57]: UPDATE cart  SET delete_flg =?  WHERE  crt_id = ?  [1,35]
[SQL_LOG:2020-10-17 21:01:57]: SELECT c.crt_id, i.item_id, i.item_name, i.price, i.image FROM  cart c LEFT JOIN item i ON c.item_id = i.item_id  WHERE  c.customer_no = ? AND c.delete_flg = ?    [8,0]
[SQL_LOG:2020-10-17 21:01:57]: SELECT SUM(i.price) AS totalPrice  FROM  cart c LEFT JOIN item i ON c.item_id = i.item_id  WHERE  c.customer_no = ? AND c.delete_flg = ?    [8,0]
[SQL_LOG:2020-10-17 21:01:57]: SELECT SUM(num) AS num  FROM  cart c  WHERE  c.customer_no = ? AND c.delete_flg = ?    [8,0]
[SQL_LOG:2020-10-17 21:01:59]: SELECT mem_id, family_name, first_name, family_name_kana, first_name_kana, email, user_id, sex, traffic, regist_date, update_date  FROM  member     []
[SQL_LOG:2020-10-17 21:02:01]: SELECT *  FROM  member  WHERE  mem_id = ?     [2]
[SQL_LOG:2020-10-17 21:02:03]: SELECT mem_id, family_name, first_name, family_name_kana, first_name_kana, email, user_id, sex, traffic, regist_date, update_date  FROM  member     []
[SQL_LOG:2020-10-17 21:02:05]: SELECT *  FROM  member  WHERE  mem_id = ?     [4]
[SQL_LOG:2020-10-17 21:02:07]: SELECT mem_id, family_name, first_name, family_name_kana, first_name_kana, email, user_id, sex, traffic, regist_date, update_date  FROM  member     []
[SQL_LOG:2020-10-17 21:08:10]: SELECT ctg_id, category_name  FROM  category     []
[SQL_LOG:2020-10-17 21:08:10]: SELECT item_id, item_name, price, image, ctg_id  FROM  item     []
[SQL_LOG:2020-10-17 21:08:12]: SELECT *  FROM  member  WHERE  mem_id = ?     [3]
[SQL_LOG:2020-10-17 21:08:15]: SELECT ctg_id, category_name  FROM  category     []
[SQL_LOG:2020-10-17 21:08:15]: SELECT item_id, item_name, price, image, ctg_id  FROM  item     []
[SQL_LOG:2020-10-17 21:16:08]: SELECT ctg_id, category_name  FROM  category     []
[SQL_LOG:2020-10-17 21:16:08]: SELECT item_id, item_name, price, image, ctg_id  FROM  item     []
[SQL_LOG:2020-10-17 21:16:15]: SELECT *  FROM  member  WHERE  email = ?     [tttvvvaken@gmail.com]
[SQL_LOG:2020-10-17 21:16:15]: SELECT session_key  FROM  loginsession  WHERE  mem_id = ?     [3]
[SQL_LOG:2020-10-17 21:16:15]: SELECT ctg_id, category_name  FROM  category     []
[SQL_LOG:2020-10-17 21:16:15]: SELECT item_id, item_name, price, image, ctg_id  FROM  item     []
[SQL_LOG:2020-10-17 21:20:12]: SELECT ctg_id, category_name  FROM  category     []
[SQL_LOG:2020-10-17 21:20:12]: SELECT item_id, item_name, price, image, ctg_id  FROM  item     []
[SQL_LOG:2020-10-17 21:20:13]: SELECT ctg_id, category_name  FROM  category     []
[SQL_LOG:2020-10-17 21:20:13]: SELECT item_id, item_name, price, image, ctg_id  FROM  item     []
[SQL_LOG:2020-10-17 21:20:14]: SELECT *  FROM  member  WHERE  mem_id = ?     [3]
[SQL_LOG:2020-10-17 21:20:51]: SELECT *  FROM  member  WHERE  mem_id = ?     [3]
[SQL_LOG:2020-10-17 21:20:53]: SELECT ctg_id, category_name  FROM  category     []
[SQL_LOG:2020-10-17 21:20:53]: SELECT item_id, item_name, price, image, ctg_id  FROM  item     []
[SQL_LOG:2020-10-17 21:20:55]: SELECT *  FROM  member  WHERE  mem_id = ?     [3]
[SQL_LOG:2020-10-17 21:20:58]: SELECT *  FROM  member  WHERE  mem_id = ?     [3]
[SQL_LOG:2020-10-17 21:22:41]: SELECT ctg_id, category_name  FROM  category     []
[SQL_LOG:2020-10-17 21:22:41]: SELECT item_id, item_name, price, image, ctg_id  FROM  item     []
[SQL_LOG:2020-10-17 21:22:47]: SELECT *  FROM  member  WHERE  email = ?     [tttvvvaken@gmail.com]
[SQL_LOG:2020-10-17 21:22:47]: SELECT session_key  FROM  loginsession  WHERE  mem_id = ?     [3]
[SQL_LOG:2020-10-17 21:22:47]: SELECT ctg_id, category_name  FROM  category     []
[SQL_LOG:2020-10-17 21:22:47]: SELECT item_id, item_name, price, image, ctg_id  FROM  item     []
[SQL_LOG:2020-10-17 21:22:49]: SELECT mem_id, family_name, first_name, family_name_kana, first_name_kana, email, user_id, sex, traffic, regist_date, update_date  FROM  member     []
[SQL_LOG:2020-10-17 21:22:50]: SELECT customer_no  FROM  session  WHERE  session_key = ?     [kb2tg1ng3eeg5no843lfh0kc69]
[SQL_LOG:2020-10-17 21:22:50]: SELECT c.crt_id, i.item_id, i.item_name, i.price, i.image FROM  cart c LEFT JOIN item i ON c.item_id = i.item_id  WHERE  c.customer_no = ? AND c.delete_flg = ?    [8,0]
[SQL_LOG:2020-10-17 21:22:50]: SELECT SUM(i.price) AS totalPrice  FROM  cart c LEFT JOIN item i ON c.item_id = i.item_id  WHERE  c.customer_no = ? AND c.delete_flg = ?    [8,0]
[SQL_LOG:2020-10-17 21:22:50]: SELECT SUM(num) AS num  FROM  cart c  WHERE  c.customer_no = ? AND c.delete_flg = ?    [8,0]
[SQL_LOG:2020-10-17 21:22:51]: SELECT ctg_id, category_name  FROM  category     []
[SQL_LOG:2020-10-17 21:22:51]: SELECT item_id, item_name, price, image, ctg_id  FROM  item     []
[SQL_LOG:2020-10-17 21:22:51]: SELECT ctg_id, category_name  FROM  category     []
[SQL_LOG:2020-10-17 21:22:51]: SELECT item_id, item_name, price, image, ctg_id  FROM  item     []
[SQL_LOG:2020-10-17 21:22:52]: SELECT ctg_id, category_name  FROM  category     []
[SQL_LOG:2020-10-17 21:22:52]: SELECT item_id, item_name, price, image, ctg_id  FROM  item     []
[SQL_LOG:2020-10-17 21:22:53]: SELECT ctg_id, category_name  FROM  category     []
[SQL_LOG:2020-10-17 21:22:53]: SELECT item_id, item_name, price, image, ctg_id  FROM  item     []
[SQL_LOG:2020-10-17 21:34:01]: SELECT *  FROM  member  WHERE  email = ?     [tttvvvaken@gmail.com]
[SQL_LOG:2020-10-17 21:34:01]: SELECT session_key  FROM  loginsession  WHERE  mem_id = ?     [3]
[SQL_LOG:2020-10-17 21:34:01]: SELECT ctg_id, category_name  FROM  category     []
[SQL_LOG:2020-10-17 21:34:01]: SELECT item_id, item_name, price, image, ctg_id  FROM  item     []
[SQL_LOG:2020-10-17 21:35:54]: SELECT ctg_id, category_name  FROM  category     []
[SQL_LOG:2020-10-17 21:35:54]: SELECT item_id, item_name, price, image, ctg_id  FROM  item     []
[SQL_LOG:2020-10-17 21:36:01]: SELECT *  FROM  member  WHERE  email = ?     [tttvvvaken@gmail.com]
[SQL_LOG:2020-10-17 21:36:01]: SELECT session_key  FROM  loginsession  WHERE  mem_id = ?     [3]
[SQL_LOG:2020-10-17 21:36:01]: SELECT ctg_id, category_name  FROM  category     []
[SQL_LOG:2020-10-17 21:36:01]: SELECT item_id, item_name, price, image, ctg_id  FROM  item     []
[SQL_LOG:2020-10-17 21:36:05]: SELECT ctg_id, category_name  FROM  category     []
[SQL_LOG:2020-10-17 21:36:05]: SELECT item_id, item_name, price, image, ctg_id  FROM  item     []
[SQL_LOG:2020-10-17 21:36:07]: SELECT ctg_id, category_name  FROM  category     []
[SQL_LOG:2020-10-17 21:36:07]: SELECT item_id, item_name, price, image, ctg_id  FROM  item     []
[SQL_LOG:2020-10-17 21:46:25]: SELECT *  FROM  member  WHERE  email = ?     [tttvvvaken@gmail.com]
[SQL_LOG:2020-10-17 21:46:26]: SELECT session_key  FROM  loginsession  WHERE  mem_id = ?     [3]
[SQL_LOG:2020-10-17 21:46:26]: SELECT ctg_id, category_name  FROM  category     []
[SQL_LOG:2020-10-17 21:46:26]: SELECT item_id, item_name, price, image, ctg_id  FROM  item     []
[SQL_LOG:2020-10-17 21:46:27]: SELECT ctg_id, category_name  FROM  category     []
[SQL_LOG:2020-10-17 21:46:27]: SELECT item_id, item_name, price, image, ctg_id  FROM  item     []
[SQL_LOG:2020-10-17 21:46:31]: SELECT ctg_id, category_name  FROM  category     []
[SQL_LOG:2020-10-17 21:46:31]: SELECT item_id, item_name, price, image, ctg_id  FROM  item     []
[SQL_LOG:2020-10-17 21:46:33]: SELECT *  FROM member WHERE  email = ?    LIMIT  1   []
[SQL_LOG:2020-10-17 21:46:35]: SELECT ctg_id, category_name  FROM  category     []
[SQL_LOG:2020-10-17 21:46:35]: SELECT item_id, item_name, price, image, ctg_id  FROM  item     []
