[SQL_LOG:2020-10-22 17:35:55]: SELECT ctg_id, category_name  FROM  category     []
[SQL_LOG:2020-10-22 17:35:55]: SELECT item_id, item_name, price, image, ctg_id  FROM  item     []
[SQL_LOG:2020-10-22 17:36:01]: SELECT *  FROM  member  WHERE  email = ?     [tttvvvaken@gmail.com]
[SQL_LOG:2020-10-22 17:36:01]: SELECT session_key  FROM  loginsession  WHERE  mem_id = ?     [7]
[SQL_LOG:2020-10-22 17:36:01]: SELECT ctg_id, category_name  FROM  category     []
[SQL_LOG:2020-10-22 17:36:01]: SELECT item_id, item_name, price, image, ctg_id  FROM  item     []
[SQL_LOG:2020-10-22 17:36:14]: SELECT *  FROM  member  WHERE  mem_id = ?     [7]
[SQL_LOG:2020-10-22 17:36:16]: SELECT *  FROM  member  WHERE  mem_id = ?     [7]
[SQL_LOG:2020-10-22 17:39:59]: SELECT ctg_id, category_name  FROM  category     []
[SQL_LOG:2020-10-22 17:39:59]: SELECT item_id, item_name, price, image, ctg_id  FROM  item     []
[SQL_LOG:2020-10-22 17:41:30]: SELECT ctg_id, category_name  FROM  category     []
[SQL_LOG:2020-10-22 17:41:30]: SELECT item_id, item_name, price, image, ctg_id  FROM  item     []
[SQL_LOG:2020-10-22 17:41:32]: SELECT *  FROM  member  WHERE  mem_id = ?     [7]
[SQL_LOG:2020-10-22 17:41:34]: SELECT *  FROM  member  WHERE  mem_id = ?     [7]
[SQL_LOG:2020-10-22 17:41:35]: SELECT *  FROM  member  WHERE  mem_id = ?     [7]
[SQL_LOG:2020-10-22 17:41:35]: SELECT ctg_id, category_name  FROM  category     []
[SQL_LOG:2020-10-22 17:41:35]: SELECT item_id, item_name, price, image, ctg_id  FROM  item     []
[SQL_LOG:2020-10-22 17:41:37]: SELECT ctg_id, category_name  FROM  category     []
[SQL_LOG:2020-10-22 17:41:37]: SELECT item_id, item_name, price, image, ctg_id  FROM  item     []
[SQL_LOG:2020-10-22 17:41:38]: SELECT c.crt_id, i.item_id, i.item_name, i.price, i.image FROM  cart c LEFT JOIN item i ON c.item_id = i.item_id  WHERE  c.customer_no = ? AND c.delete_flg = ?    [7,0]
[SQL_LOG:2020-10-22 17:41:38]: SELECT SUM(i.price) AS totalPrice  FROM  cart c LEFT JOIN item i ON c.item_id = i.item_id  WHERE  c.customer_no = ? AND c.delete_flg = ?    [7,0]
[SQL_LOG:2020-10-22 17:41:38]: SELECT SUM(num) AS num  FROM  cart c  WHERE  c.customer_no = ? AND c.delete_flg = ?    [7,0]
[SQL_LOG:2020-10-22 17:41:39]: SELECT ctg_id, category_name  FROM  category     []
[SQL_LOG:2020-10-22 17:41:39]: SELECT item_id, item_name, price, image, ctg_id  FROM  item     []
[SQL_LOG:2020-10-22 17:41:44]: SELECT *  FROM  member  WHERE  mem_id = ?     [7]
[SQL_LOG:2020-10-22 17:41:45]: SELECT ctg_id, category_name  FROM  category     []
[SQL_LOG:2020-10-22 17:41:45]: SELECT item_id, item_name, price, image, ctg_id  FROM  item     []
[SQL_LOG:2020-10-22 17:42:30]: SELECT ctg_id, category_name  FROM  category     []
[SQL_LOG:2020-10-22 17:42:30]: SELECT item_id, item_name, detail, price, image, ctg_id FROM  item  WHERE  item_id = ?     [1]
[SQL_LOG:2020-10-22 17:42:31]: INSERT INTO cart (customer_no,item_id,regist_date)VALUES(?,?,?) [7,1,2020-10-22 17:42:31]
[SQL_LOG:2020-10-22 17:42:31]: SELECT c.crt_id, i.item_id, i.item_name, i.price, i.image FROM  cart c LEFT JOIN item i ON c.item_id = i.item_id  WHERE  c.customer_no = ? AND c.delete_flg = ?    [7,0]
[SQL_LOG:2020-10-22 17:42:31]: SELECT SUM(i.price) AS totalPrice  FROM  cart c LEFT JOIN item i ON c.item_id = i.item_id  WHERE  c.customer_no = ? AND c.delete_flg = ?    [7,0]
[SQL_LOG:2020-10-22 17:42:31]: SELECT SUM(num) AS num  FROM  cart c  WHERE  c.customer_no = ? AND c.delete_flg = ?    [7,0]
[SQL_LOG:2020-10-22 17:42:33]: UPDATE cart  SET delete_date =? ,delete_flg =?  WHERE  crt_id = ?  [2020-10-22 17:42:33,1,59]
[SQL_LOG:2020-10-22 17:42:33]: SELECT c.crt_id, i.item_id, i.item_name, i.price, i.image FROM  cart c LEFT JOIN item i ON c.item_id = i.item_id  WHERE  c.customer_no = ? AND c.delete_flg = ?    [7,0]
[SQL_LOG:2020-10-22 17:42:33]: SELECT SUM(i.price) AS totalPrice  FROM  cart c LEFT JOIN item i ON c.item_id = i.item_id  WHERE  c.customer_no = ? AND c.delete_flg = ?    [7,0]
[SQL_LOG:2020-10-22 17:42:33]: SELECT SUM(num) AS num  FROM  cart c  WHERE  c.customer_no = ? AND c.delete_flg = ?    [7,0]
[SQL_LOG:2020-10-22 17:42:34]: UPDATE cart  SET delete_date =? ,delete_flg =?  WHERE  crt_id = ?  [2020-10-22 17:42:34,1,58]
[SQL_LOG:2020-10-22 17:42:34]: SELECT c.crt_id, i.item_id, i.item_name, i.price, i.image FROM  cart c LEFT JOIN item i ON c.item_id = i.item_id  WHERE  c.customer_no = ? AND c.delete_flg = ?    [7,0]
[SQL_LOG:2020-10-22 17:42:34]: SELECT SUM(i.price) AS totalPrice  FROM  cart c LEFT JOIN item i ON c.item_id = i.item_id  WHERE  c.customer_no = ? AND c.delete_flg = ?    [7,0]
[SQL_LOG:2020-10-22 17:42:34]: SELECT SUM(num) AS num  FROM  cart c  WHERE  c.customer_no = ? AND c.delete_flg = ?    [7,0]
[SQL_LOG:2020-10-22 17:42:36]: UPDATE cart  SET delete_date =? ,delete_flg =?  WHERE  crt_id = ?  [2020-10-22 17:42:36,1,57]
[SQL_LOG:2020-10-22 17:42:36]: SELECT c.crt_id, i.item_id, i.item_name, i.price, i.image FROM  cart c LEFT JOIN item i ON c.item_id = i.item_id  WHERE  c.customer_no = ? AND c.delete_flg = ?    [7,0]
[SQL_LOG:2020-10-22 17:42:36]: SELECT SUM(i.price) AS totalPrice  FROM  cart c LEFT JOIN item i ON c.item_id = i.item_id  WHERE  c.customer_no = ? AND c.delete_flg = ?    [7,0]
[SQL_LOG:2020-10-22 17:42:36]: SELECT SUM(num) AS num  FROM  cart c  WHERE  c.customer_no = ? AND c.delete_flg = ?    [7,0]
[SQL_LOG:2020-10-22 17:42:59]: SELECT ctg_id, category_name  FROM  category     []
[SQL_LOG:2020-10-22 17:42:59]: SELECT item_id, item_name, price, image, ctg_id  FROM  item     []
[SQL_LOG:2020-10-22 17:43:09]: SELECT *  FROM  member  WHERE  mem_id = ?     [7]
[SQL_LOG:2020-10-22 17:43:10]: SELECT ctg_id, category_name  FROM  category     []
[SQL_LOG:2020-10-22 17:43:10]: SELECT item_id, item_name, price, image, ctg_id  FROM  item     []
[SQL_LOG:2020-10-22 17:44:43]: SELECT *  FROM  member  WHERE  mem_id = ?     [7]
[SQL_LOG:2020-10-22 17:44:45]: SELECT ctg_id, category_name  FROM  category     []
[SQL_LOG:2020-10-22 17:44:45]: SELECT item_id, item_name, price, image, ctg_id  FROM  item     []
[SQL_LOG:2020-10-22 17:44:50]: SELECT *  FROM member WHERE  email = ?    LIMIT  1   [tttvvvaken@gmail.com]
[SQL_LOG:2020-10-22 17:44:56]: SELECT *  FROM member WHERE  email = ?    LIMIT  1   [tttvvvaken@]
[SQL_LOG:2020-10-22 17:44:57]: SELECT *  FROM member WHERE  email = ?    LIMIT  1   [tttvvvaken@]
[SQL_LOG:2020-10-22 17:45:04]: SELECT *  FROM member WHERE  email = ?    LIMIT  1   [tttvvvaken@gmail]
[SQL_LOG:2020-10-22 17:45:11]: SELECT *  FROM member WHERE  email = ?    LIMIT  1   [tttvvvaken@gmail.]
[SQL_LOG:2020-10-22 17:45:11]: SELECT *  FROM member WHERE  email = ?    LIMIT  1   [tttvvvaken@gmail.]
[SQL_LOG:2020-10-22 17:45:12]: SELECT *  FROM member WHERE  email = ?    LIMIT  1   [tttvvvaken@gmail.]
[SQL_LOG:2020-10-22 17:45:18]: SELECT *  FROM member WHERE  email = ?    LIMIT  1   [tttvvvaken@]
[SQL_LOG:2020-10-22 17:47:56]: SELECT ctg_id, category_name  FROM  category     []
[SQL_LOG:2020-10-22 17:47:56]: SELECT item_id, item_name, price, image, ctg_id  FROM  item     []
[SQL_LOG:2020-10-22 17:50:56]: SELECT *  FROM  member  WHERE  email = ?     [tttvvvaken@gmail.com]
[SQL_LOG:2020-10-22 17:50:59]: SELECT ctg_id, category_name  FROM  category     []
[SQL_LOG:2020-10-22 17:50:59]: SELECT item_id, item_name, price, image, ctg_id  FROM  item     []
[SQL_LOG:2020-10-22 17:51:03]: SELECT ctg_id, category_name  FROM  category     []
[SQL_LOG:2020-10-22 17:51:03]: SELECT item_id, item_name, price, image, ctg_id  FROM  item     []
[SQL_LOG:2020-10-22 17:51:05]: SELECT *  FROM member WHERE  email = ?    LIMIT  1   []
[SQL_LOG:2020-10-22 17:52:48]: SELECT ctg_id, category_name  FROM  category     []
[SQL_LOG:2020-10-22 17:52:48]: SELECT item_id, item_name, price, image, ctg_id  FROM  item     []
[SQL_LOG:2020-10-22 17:53:04]: SELECT *  FROM member WHERE  email = ?    LIMIT  1   [tttvvvaken@gmail.com]
[SQL_LOG:2020-10-22 17:53:09]: SELECT *  FROM member WHERE  email = ?    LIMIT  1   [tttvvvaken@gmail]
[SQL_LOG:2020-10-22 17:53:29]: SELECT *  FROM member WHERE  email = ?    LIMIT  1   [tttvvvaken@]
[SQL_LOG:2020-10-22 17:54:13]: SELECT *  FROM member WHERE  email = ?    LIMIT  1   [tttvvvaken@]
[SQL_LOG:2020-10-22 17:54:13]: SELECT *  FROM member WHERE  email = ?    LIMIT  1   [tttvvvaken@]
[SQL_LOG:2020-10-22 17:54:14]: SELECT ctg_id, category_name  FROM  category     []
[SQL_LOG:2020-10-22 17:54:14]: SELECT item_id, item_name, price, image, ctg_id  FROM  item     []
[SQL_LOG:2020-10-22 17:54:20]: SELECT *  FROM member WHERE  email = ?    LIMIT  1   [tttvvvaken@]
[SQL_LOG:2020-10-22 17:54:25]: SELECT *  FROM member WHERE  email = ?    LIMIT  1   [tttvvvaken@gmail]
[SQL_LOG:2020-10-22 17:54:30]: SELECT *  FROM member WHERE  email = ?    LIMIT  1   [tttvvvaken@gmail.]
[SQL_LOG:2020-10-22 17:54:31]: SELECT *  FROM member WHERE  email = ?    LIMIT  1   [tttvvvaken@gmail.]
[SQL_LOG:2020-10-22 17:54:31]: SELECT *  FROM member WHERE  email = ?    LIMIT  1   [tttvvvaken@gmail.]
[SQL_LOG:2020-10-22 17:54:31]: SELECT *  FROM member WHERE  email = ?    LIMIT  1   [tttvvvaken@gmail.]
[SQL_LOG:2020-10-22 17:54:31]: SELECT *  FROM member WHERE  email = ?    LIMIT  1   [tttvvvaken@gmail.]
[SQL_LOG:2020-10-22 17:56:19]: SELECT ctg_id, category_name  FROM  category     []
[SQL_LOG:2020-10-22 17:56:19]: SELECT item_id, item_name, price, image, ctg_id  FROM  item     []
[SQL_LOG:2020-10-22 17:56:24]: SELECT *  FROM member WHERE  email = ?    LIMIT  1   [tttvvvaken@gmail.]
[SQL_LOG:2020-10-22 17:56:29]: SELECT *  FROM member WHERE  email = ?    LIMIT  1   [tttvvvaken@gmail]
[SQL_LOG:2020-10-22 17:56:30]: SELECT *  FROM member WHERE  email = ?    LIMIT  1   [tttvvvaken@gmail]
[SQL_LOG:2020-10-22 17:56:30]: SELECT *  FROM member WHERE  email = ?    LIMIT  1   [tttvvvaken@gmail]
[SQL_LOG:2020-10-22 17:56:30]: SELECT *  FROM member WHERE  email = ?    LIMIT  1   [tttvvvaken@gmail]
[SQL_LOG:2020-10-22 17:56:30]: SELECT *  FROM member WHERE  email = ?    LIMIT  1   [tttvvvaken@gmail]
[SQL_LOG:2020-10-22 17:58:07]: SELECT ctg_id, category_name  FROM  category     []
[SQL_LOG:2020-10-22 17:58:07]: SELECT item_id, item_name, price, image, ctg_id  FROM  item     []
[SQL_LOG:2020-10-22 17:58:15]: SELECT *  FROM member WHERE  email = ?    LIMIT  1   [tttvvvaken@]
[SQL_LOG:2020-10-22 17:58:21]: SELECT *  FROM member WHERE  email = ?    LIMIT  1   [tttvvvaken@gmail]
[SQL_LOG:2020-10-22 17:58:29]: SELECT *  FROM member WHERE  email = ?    LIMIT  1   [tttvvvaken@gmail]
[SQL_LOG:2020-10-22 17:58:30]: SELECT *  FROM member WHERE  email = ?    LIMIT  1   [tttvvvaken@gmail]
[SQL_LOG:2020-10-22 17:58:30]: SELECT *  FROM member WHERE  email = ?    LIMIT  1   [tttvvvaken@gmail]
[SQL_LOG:2020-10-22 17:58:30]: SELECT *  FROM member WHERE  email = ?    LIMIT  1   [tttvvvaken@gmail]
[SQL_LOG:2020-10-22 17:58:30]: SELECT *  FROM member WHERE  email = ?    LIMIT  1   [tttvvvaken@gmail]
[SQL_LOG:2020-10-22 18:00:49]: SELECT *  FROM member WHERE  email = ?    LIMIT  1   [tttvvvaken@gmail.]
[SQL_LOG:2020-10-22 18:00:53]: SELECT *  FROM member WHERE  email = ?    LIMIT  1   [tttvvvaken@gmail]
[SQL_LOG:2020-10-22 18:02:32]: SELECT *  FROM member WHERE  email = ?    LIMIT  1   [tttvvvaken@gmail]
[SQL_LOG:2020-10-22 18:03:17]: SELECT *  FROM member WHERE  email = ?    LIMIT  1   [tttvvvaken@gmail]
[SQL_LOG:2020-10-22 18:03:24]: SELECT *  FROM member WHERE  email = ?    LIMIT  1   [tttvvvaken@gmail.]
[SQL_LOG:2020-10-22 18:03:25]: SELECT *  FROM member WHERE  email = ?    LIMIT  1   [tttvvvaken@gmail.]
[SQL_LOG:2020-10-22 18:03:25]: SELECT *  FROM member WHERE  email = ?    LIMIT  1   [tttvvvaken@gmail.]
[SQL_LOG:2020-10-22 18:04:10]: SELECT ctg_id, category_name  FROM  category     []
[SQL_LOG:2020-10-22 18:04:10]: SELECT item_id, item_name, price, image, ctg_id  FROM  item     []
[SQL_LOG:2020-10-22 18:04:16]: SELECT *  FROM  member  WHERE  email = ?     [tttvvvaken@gmail.com]
[SQL_LOG:2020-10-22 18:04:17]: SELECT session_key  FROM  loginsession  WHERE  mem_id = ?     [7]
[SQL_LOG:2020-10-22 18:04:17]: SELECT ctg_id, category_name  FROM  category     []
[SQL_LOG:2020-10-22 18:04:17]: SELECT item_id, item_name, price, image, ctg_id  FROM  item     []
[SQL_LOG:2020-10-22 18:04:18]: SELECT *  FROM  member  WHERE  mem_id = ?     [7]
[SQL_LOG:2020-10-22 18:04:20]: SELECT *  FROM  member  WHERE  mem_id = ?     [7]
[SQL_LOG:2020-10-22 18:04:21]: SELECT *  FROM member WHERE  email = ?    LIMIT  1   [tttvvvaken@gmail.com]
[SQL_LOG:2020-10-22 18:04:26]: SELECT ctg_id, category_name  FROM  category     []
[SQL_LOG:2020-10-22 18:04:26]: SELECT item_id, item_name, price, image, ctg_id  FROM  item     []
[SQL_LOG:2020-10-22 18:05:16]: SELECT *  FROM  member  WHERE  mem_id = ?     [7]
[SQL_LOG:2020-10-22 18:05:17]: SELECT ctg_id, category_name  FROM  category     []
[SQL_LOG:2020-10-22 18:05:17]: SELECT item_id, item_name, price, image, ctg_id  FROM  item     []
[SQL_LOG:2020-10-22 18:05:18]: SELECT *  FROM  member  WHERE  mem_id = ?     [7]
[SQL_LOG:2020-10-22 18:05:21]: SELECT *  FROM  member  WHERE  mem_id = ?     [7]
[SQL_LOG:2020-10-22 18:05:23]: SELECT *  FROM member WHERE  email = ?    LIMIT  1   [tttvvvaken@gmail.com]
[SQL_LOG:2020-10-22 18:05:24]: SELECT ctg_id, category_name  FROM  category     []
[SQL_LOG:2020-10-22 18:05:24]: SELECT item_id, item_name, price, image, ctg_id  FROM  item     []
[SQL_LOG:2020-10-22 18:05:28]: SELECT *  FROM  member  WHERE  mem_id = ?     [7]
[SQL_LOG:2020-10-22 18:05:29]: SELECT ctg_id, category_name  FROM  category     []
[SQL_LOG:2020-10-22 18:05:29]: SELECT item_id, item_name, price, image, ctg_id  FROM  item     []
[SQL_LOG:2020-10-22 18:05:30]: SELECT c.crt_id, i.item_id, i.item_name, i.price, i.image FROM  cart c LEFT JOIN item i ON c.item_id = i.item_id  WHERE  c.customer_no = ? AND c.delete_flg = ?    [7,0]
[SQL_LOG:2020-10-22 18:05:30]: SELECT SUM(i.price) AS totalPrice  FROM  cart c LEFT JOIN item i ON c.item_id = i.item_id  WHERE  c.customer_no = ? AND c.delete_flg = ?    [7,0]
[SQL_LOG:2020-10-22 18:05:30]: SELECT SUM(num) AS num  FROM  cart c  WHERE  c.customer_no = ? AND c.delete_flg = ?    [7,0]
[SQL_LOG:2020-10-22 18:05:32]: SELECT ctg_id, category_name  FROM  category     []
[SQL_LOG:2020-10-22 18:05:32]: SELECT item_id, item_name, price, image, ctg_id  FROM  item     []
[SQL_LOG:2020-10-22 18:05:33]: SELECT c.crt_id, i.item_id, i.item_name, i.price, i.image FROM  cart c LEFT JOIN item i ON c.item_id = i.item_id  WHERE  c.customer_no = ? AND c.delete_flg = ?    [7,0]
[SQL_LOG:2020-10-22 18:05:33]: SELECT SUM(i.price) AS totalPrice  FROM  cart c LEFT JOIN item i ON c.item_id = i.item_id  WHERE  c.customer_no = ? AND c.delete_flg = ?    [7,0]
[SQL_LOG:2020-10-22 18:05:33]: SELECT SUM(num) AS num  FROM  cart c  WHERE  c.customer_no = ? AND c.delete_flg = ?    [7,0]
[SQL_LOG:2020-10-22 18:05:34]: SELECT ctg_id, category_name  FROM  category     []
[SQL_LOG:2020-10-22 18:05:34]: SELECT item_id, item_name, price, image, ctg_id  FROM  item     []
[SQL_LOG:2020-10-22 18:05:35]: SELECT ctg_id, category_name  FROM  category     []
[SQL_LOG:2020-10-22 18:05:35]: SELECT item_id, item_name, price, image, ctg_id  FROM  item     []
[SQL_LOG:2020-10-22 18:05:36]: SELECT c.crt_id, i.item_id, i.item_name, i.price, i.image FROM  cart c LEFT JOIN item i ON c.item_id = i.item_id  WHERE  c.customer_no = ? AND c.delete_flg = ?    [7,0]
[SQL_LOG:2020-10-22 18:05:36]: SELECT SUM(i.price) AS totalPrice  FROM  cart c LEFT JOIN item i ON c.item_id = i.item_id  WHERE  c.customer_no = ? AND c.delete_flg = ?    [7,0]
[SQL_LOG:2020-10-22 18:05:36]: SELECT SUM(num) AS num  FROM  cart c  WHERE  c.customer_no = ? AND c.delete_flg = ?    [7,0]
[SQL_LOG:2020-10-22 18:05:37]: SELECT ctg_id, category_name  FROM  category     []
[SQL_LOG:2020-10-22 18:05:37]: SELECT item_id, item_name, price, image, ctg_id  FROM  item     []
[SQL_LOG:2020-10-22 18:05:38]: SELECT ctg_id, category_name  FROM  category     []
[SQL_LOG:2020-10-22 18:05:38]: SELECT item_id, item_name, price, image, ctg_id  FROM  item     []
[SQL_LOG:2020-10-22 18:05:39]: SELECT c.crt_id, i.item_id, i.item_name, i.price, i.image FROM  cart c LEFT JOIN item i ON c.item_id = i.item_id  WHERE  c.customer_no = ? AND c.delete_flg = ?    [7,0]
[SQL_LOG:2020-10-22 18:05:39]: SELECT SUM(i.price) AS totalPrice  FROM  cart c LEFT JOIN item i ON c.item_id = i.item_id  WHERE  c.customer_no = ? AND c.delete_flg = ?    [7,0]
[SQL_LOG:2020-10-22 18:05:39]: SELECT SUM(num) AS num  FROM  cart c  WHERE  c.customer_no = ? AND c.delete_flg = ?    [7,0]
[SQL_LOG:2020-10-22 18:05:40]: SELECT ctg_id, category_name  FROM  category     []
[SQL_LOG:2020-10-22 18:05:40]: SELECT item_id, item_name, price, image, ctg_id  FROM  item     []
[SQL_LOG:2020-10-22 18:05:42]: SELECT ctg_id, category_name  FROM  category     []
[SQL_LOG:2020-10-22 18:05:42]: SELECT item_id, item_name, price, image, ctg_id  FROM  item     []
[SQL_LOG:2020-10-22 18:05:43]: SELECT c.crt_id, i.item_id, i.item_name, i.price, i.image FROM  cart c LEFT JOIN item i ON c.item_id = i.item_id  WHERE  c.customer_no = ? AND c.delete_flg = ?    [7,0]
[SQL_LOG:2020-10-22 18:05:43]: SELECT SUM(i.price) AS totalPrice  FROM  cart c LEFT JOIN item i ON c.item_id = i.item_id  WHERE  c.customer_no = ? AND c.delete_flg = ?    [7,0]
[SQL_LOG:2020-10-22 18:05:43]: SELECT SUM(num) AS num  FROM  cart c  WHERE  c.customer_no = ? AND c.delete_flg = ?    [7,0]
[SQL_LOG:2020-10-22 18:05:47]: SELECT *  FROM  member  WHERE  mem_id = ?     [7]
[SQL_LOG:2020-10-22 18:05:49]: SELECT ctg_id, category_name  FROM  category     []
[SQL_LOG:2020-10-22 18:05:49]: SELECT item_id, item_name, price, image, ctg_id  FROM  item     []
[SQL_LOG:2020-10-22 18:07:58]: SELECT ctg_id, category_name  FROM  category     []
[SQL_LOG:2020-10-22 18:07:58]: SELECT item_id, item_name, price, image, ctg_id  FROM  item     []
[SQL_LOG:2020-10-22 18:07:59]: SELECT *  FROM  member  WHERE  mem_id = ?     [7]
[SQL_LOG:2020-10-22 18:08:00]: SELECT *  FROM  member  WHERE  mem_id = ?     [7]
[SQL_LOG:2020-10-22 18:08:03]: SELECT ctg_id, category_name  FROM  category     []
[SQL_LOG:2020-10-22 18:08:03]: SELECT item_id, item_name, price, image, ctg_id  FROM  item     []
[SQL_LOG:2020-10-22 18:08:05]: SELECT *  FROM  member  WHERE  mem_id = ?     [7]
[SQL_LOG:2020-10-22 18:08:29]: SELECT *  FROM  member  WHERE  mem_id = ?     [7]
[SQL_LOG:2020-10-22 18:08:31]: SELECT ctg_id, category_name  FROM  category     []
[SQL_LOG:2020-10-22 18:08:31]: SELECT item_id, item_name, price, image, ctg_id  FROM  item     []
[SQL_LOG:2020-10-22 18:08:34]: SELECT ctg_id, category_name  FROM  category     []
[SQL_LOG:2020-10-22 18:08:34]: SELECT item_id, item_name, price, image, ctg_id  FROM  item     []
[SQL_LOG:2020-10-22 18:08:41]: SELECT *  FROM  member  WHERE  email = ?     [tttvvvaken@gmail.com]
[SQL_LOG:2020-10-22 18:08:41]: SELECT session_key  FROM  loginsession  WHERE  mem_id = ?     [7]
[SQL_LOG:2020-10-22 18:08:41]: SELECT ctg_id, category_name  FROM  category     []
[SQL_LOG:2020-10-22 18:08:41]: SELECT item_id, item_name, price, image, ctg_id  FROM  item     []
[SQL_LOG:2020-10-22 18:08:42]: SELECT *  FROM  member  WHERE  mem_id = ?     [7]
[SQL_LOG:2020-10-22 18:08:49]: SELECT ctg_id, category_name  FROM  category     []
[SQL_LOG:2020-10-22 18:08:49]: SELECT item_id, item_name, price, image, ctg_id  FROM  item     []
[SQL_LOG:2020-10-22 18:08:51]: SELECT ctg_id, category_name  FROM  category     []
[SQL_LOG:2020-10-22 18:08:51]: SELECT item_id, item_name, detail, price, image, ctg_id FROM  item  WHERE  item_id = ?     [1]
[SQL_LOG:2020-10-22 18:08:55]: INSERT INTO cart (customer_no,item_id,regist_date)VALUES(?,?,?) [7,1,2020-10-22 18:08:55]
[SQL_LOG:2020-10-22 18:08:55]: SELECT c.crt_id, i.item_id, i.item_name, i.price, i.image FROM  cart c LEFT JOIN item i ON c.item_id = i.item_id  WHERE  c.customer_no = ? AND c.delete_flg = ?    [7,0]
[SQL_LOG:2020-10-22 18:08:55]: SELECT SUM(i.price) AS totalPrice  FROM  cart c LEFT JOIN item i ON c.item_id = i.item_id  WHERE  c.customer_no = ? AND c.delete_flg = ?    [7,0]
[SQL_LOG:2020-10-22 18:08:55]: SELECT SUM(num) AS num  FROM  cart c  WHERE  c.customer_no = ? AND c.delete_flg = ?    [7,0]
[SQL_LOG:2020-10-22 18:13:46]: INSERT INTO cart (customer_no,item_id,regist_date)VALUES(?,?,?) [7,1,2020-10-22 18:13:46]
[SQL_LOG:2020-10-22 18:13:46]: SELECT c.crt_id, i.item_id, i.item_name, i.price, i.image FROM  cart c LEFT JOIN item i ON c.item_id = i.item_id  WHERE  c.customer_no = ? AND c.delete_flg = ?    [7,0]
[SQL_LOG:2020-10-22 18:13:46]: SELECT SUM(i.price) AS totalPrice  FROM  cart c LEFT JOIN item i ON c.item_id = i.item_id  WHERE  c.customer_no = ? AND c.delete_flg = ?    [7,0]
[SQL_LOG:2020-10-22 18:13:46]: SELECT SUM(num) AS num  FROM  cart c  WHERE  c.customer_no = ? AND c.delete_flg = ?    [7,0]
[SQL_LOG:2020-10-22 18:13:52]: SELECT ctg_id, category_name  FROM  category     []
[SQL_LOG:2020-10-22 18:13:52]: SELECT item_id, item_name, price, image, ctg_id  FROM  item     []
[SQL_LOG:2020-10-22 18:13:59]: SELECT c.crt_id, i.item_id, i.item_name, i.price, i.image FROM  cart c LEFT JOIN item i ON c.item_id = i.item_id  WHERE  c.customer_no = ? AND c.delete_flg = ?    [7,0]
[SQL_LOG:2020-10-22 18:13:59]: SELECT SUM(i.price) AS totalPrice  FROM  cart c LEFT JOIN item i ON c.item_id = i.item_id  WHERE  c.customer_no = ? AND c.delete_flg = ?    [7,0]
[SQL_LOG:2020-10-22 18:13:59]: SELECT SUM(num) AS num  FROM  cart c  WHERE  c.customer_no = ? AND c.delete_flg = ?    [7,0]
[SQL_LOG:2020-10-22 18:14:42]: SELECT c.crt_id, i.item_id, i.item_name, i.price, i.image FROM  cart c LEFT JOIN item i ON c.item_id = i.item_id  WHERE  c.customer_no = ? AND c.delete_flg = ?    [7,0]
[SQL_LOG:2020-10-22 18:14:42]: SELECT SUM(i.price) AS totalPrice  FROM  cart c LEFT JOIN item i ON c.item_id = i.item_id  WHERE  c.customer_no = ? AND c.delete_flg = ?    [7,0]
[SQL_LOG:2020-10-22 18:14:42]: SELECT SUM(num) AS num  FROM  cart c  WHERE  c.customer_no = ? AND c.delete_flg = ?    [7,0]
[SQL_LOG:2020-10-22 18:14:43]: SELECT c.crt_id, i.item_id, i.item_name, i.price, i.image FROM  cart c LEFT JOIN item i ON c.item_id = i.item_id  WHERE  c.customer_no = ? AND c.delete_flg = ?    [7,0]
[SQL_LOG:2020-10-22 18:14:43]: SELECT SUM(i.price) AS totalPrice  FROM  cart c LEFT JOIN item i ON c.item_id = i.item_id  WHERE  c.customer_no = ? AND c.delete_flg = ?    [7,0]
[SQL_LOG:2020-10-22 18:14:43]: SELECT SUM(num) AS num  FROM  cart c  WHERE  c.customer_no = ? AND c.delete_flg = ?    [7,0]
[SQL_LOG:2020-10-22 18:14:44]: SELECT c.crt_id, i.item_id, i.item_name, i.price, i.image FROM  cart c LEFT JOIN item i ON c.item_id = i.item_id  WHERE  c.customer_no = ? AND c.delete_flg = ?    [7,0]
[SQL_LOG:2020-10-22 18:14:44]: SELECT SUM(i.price) AS totalPrice  FROM  cart c LEFT JOIN item i ON c.item_id = i.item_id  WHERE  c.customer_no = ? AND c.delete_flg = ?    [7,0]
[SQL_LOG:2020-10-22 18:14:44]: SELECT SUM(num) AS num  FROM  cart c  WHERE  c.customer_no = ? AND c.delete_flg = ?    [7,0]
[SQL_LOG:2020-10-22 18:14:44]: SELECT c.crt_id, i.item_id, i.item_name, i.price, i.image FROM  cart c LEFT JOIN item i ON c.item_id = i.item_id  WHERE  c.customer_no = ? AND c.delete_flg = ?    [7,0]
[SQL_LOG:2020-10-22 18:14:44]: SELECT SUM(i.price) AS totalPrice  FROM  cart c LEFT JOIN item i ON c.item_id = i.item_id  WHERE  c.customer_no = ? AND c.delete_flg = ?    [7,0]
[SQL_LOG:2020-10-22 18:14:44]: SELECT SUM(num) AS num  FROM  cart c  WHERE  c.customer_no = ? AND c.delete_flg = ?    [7,0]
[SQL_LOG:2020-10-22 18:14:44]: SELECT c.crt_id, i.item_id, i.item_name, i.price, i.image FROM  cart c LEFT JOIN item i ON c.item_id = i.item_id  WHERE  c.customer_no = ? AND c.delete_flg = ?    [7,0]
[SQL_LOG:2020-10-22 18:14:44]: SELECT SUM(i.price) AS totalPrice  FROM  cart c LEFT JOIN item i ON c.item_id = i.item_id  WHERE  c.customer_no = ? AND c.delete_flg = ?    [7,0]
[SQL_LOG:2020-10-22 18:14:44]: SELECT SUM(num) AS num  FROM  cart c  WHERE  c.customer_no = ? AND c.delete_flg = ?    [7,0]
[SQL_LOG:2020-10-22 18:14:44]: SELECT c.crt_id, i.item_id, i.item_name, i.price, i.image FROM  cart c LEFT JOIN item i ON c.item_id = i.item_id  WHERE  c.customer_no = ? AND c.delete_flg = ?    [7,0]
[SQL_LOG:2020-10-22 18:14:44]: SELECT SUM(i.price) AS totalPrice  FROM  cart c LEFT JOIN item i ON c.item_id = i.item_id  WHERE  c.customer_no = ? AND c.delete_flg = ?    [7,0]
[SQL_LOG:2020-10-22 18:14:44]: SELECT SUM(num) AS num  FROM  cart c  WHERE  c.customer_no = ? AND c.delete_flg = ?    [7,0]
[SQL_LOG:2020-10-22 18:14:53]: SELECT *  FROM  member  WHERE  mem_id = ?     [7]
[SQL_LOG:2020-10-22 18:14:55]: SELECT ctg_id, category_name  FROM  category     []
[SQL_LOG:2020-10-22 18:14:55]: SELECT item_id, item_name, price, image, ctg_id  FROM  item     []
[SQL_LOG:2020-10-22 18:14:56]: SELECT *  FROM  member  WHERE  mem_id = ?     [7]
[SQL_LOG:2020-10-22 18:14:59]: SELECT *  FROM  member  WHERE  mem_id = ?     [7]
[SQL_LOG:2020-10-22 18:15:00]: SELECT mem_id, family_name, first_name, family_name_kana, first_name_kana, email, user_id, sex, traffic, regist_date, update_date  FROM  member     []
[SQL_LOG:2020-10-22 18:15:01]: SELECT c.crt_id, i.item_id, i.item_name, i.price, i.image FROM  cart c LEFT JOIN item i ON c.item_id = i.item_id  WHERE  c.customer_no = ? AND c.delete_flg = ?    [7,0]
[SQL_LOG:2020-10-22 18:15:01]: SELECT SUM(i.price) AS totalPrice  FROM  cart c LEFT JOIN item i ON c.item_id = i.item_id  WHERE  c.customer_no = ? AND c.delete_flg = ?    [7,0]
[SQL_LOG:2020-10-22 18:15:01]: SELECT SUM(num) AS num  FROM  cart c  WHERE  c.customer_no = ? AND c.delete_flg = ?    [7,0]
[SQL_LOG:2020-10-22 18:15:01]: SELECT ctg_id, category_name  FROM  category     []
[SQL_LOG:2020-10-22 18:15:01]: SELECT item_id, item_name, price, image, ctg_id  FROM  item     []
[SQL_LOG:2020-10-22 18:15:08]: SELECT *  FROM  member  WHERE  mem_id = ?     [7]
[SQL_LOG:2020-10-22 18:15:18]: SELECT *  FROM  member  WHERE  mem_id = ?     [7]
[SQL_LOG:2020-10-22 18:15:22]: SELECT *  FROM  member  WHERE  mem_id = ?     [7]
[SQL_LOG:2020-10-22 18:16:33]: SELECT ctg_id, category_name  FROM  category     []
[SQL_LOG:2020-10-22 18:16:33]: SELECT item_id, item_name, price, image, ctg_id  FROM  item     []
[SQL_LOG:2020-10-22 18:16:34]: SELECT c.crt_id, i.item_id, i.item_name, i.price, i.image FROM  cart c LEFT JOIN item i ON c.item_id = i.item_id  WHERE  c.customer_no = ? AND c.delete_flg = ?    [7,0]
[SQL_LOG:2020-10-22 18:16:34]: SELECT SUM(i.price) AS totalPrice  FROM  cart c LEFT JOIN item i ON c.item_id = i.item_id  WHERE  c.customer_no = ? AND c.delete_flg = ?    [7,0]
[SQL_LOG:2020-10-22 18:16:34]: SELECT SUM(num) AS num  FROM  cart c  WHERE  c.customer_no = ? AND c.delete_flg = ?    [7,0]
[SQL_LOG:2020-10-22 18:16:39]: SELECT ctg_id, category_name  FROM  category     []
[SQL_LOG:2020-10-22 18:16:39]: SELECT item_id, item_name, price, image, ctg_id  FROM  item     []
[SQL_LOG:2020-10-22 18:16:56]: SELECT ctg_id, category_name  FROM  category     []
[SQL_LOG:2020-10-22 18:16:56]: SELECT item_id, item_name, detail, price, image, ctg_id FROM  item  WHERE  item_id = ?     [1]
[SQL_LOG:2020-10-22 18:16:58]: SELECT c.crt_id, i.item_id, i.item_name, i.price, i.image FROM  cart c LEFT JOIN item i ON c.item_id = i.item_id  WHERE  c.customer_no = ? AND c.delete_flg = ?    [7,0]
[SQL_LOG:2020-10-22 18:16:59]: SELECT SUM(i.price) AS totalPrice  FROM  cart c LEFT JOIN item i ON c.item_id = i.item_id  WHERE  c.customer_no = ? AND c.delete_flg = ?    [7,0]
[SQL_LOG:2020-10-22 18:16:59]: SELECT SUM(num) AS num  FROM  cart c  WHERE  c.customer_no = ? AND c.delete_flg = ?    [7,0]
[SQL_LOG:2020-10-22 18:16:59]: SELECT c.crt_id, i.item_id, i.item_name, i.price, i.image FROM  cart c LEFT JOIN item i ON c.item_id = i.item_id  WHERE  c.customer_no = ? AND c.delete_flg = ?    [7,0]
[SQL_LOG:2020-10-22 18:16:59]: SELECT SUM(i.price) AS totalPrice  FROM  cart c LEFT JOIN item i ON c.item_id = i.item_id  WHERE  c.customer_no = ? AND c.delete_flg = ?    [7,0]
[SQL_LOG:2020-10-22 18:16:59]: SELECT SUM(num) AS num  FROM  cart c  WHERE  c.customer_no = ? AND c.delete_flg = ?    [7,0]
[SQL_LOG:2020-10-22 18:17:00]: SELECT c.crt_id, i.item_id, i.item_name, i.price, i.image FROM  cart c LEFT JOIN item i ON c.item_id = i.item_id  WHERE  c.customer_no = ? AND c.delete_flg = ?    [7,0]
[SQL_LOG:2020-10-22 18:17:00]: SELECT SUM(i.price) AS totalPrice  FROM  cart c LEFT JOIN item i ON c.item_id = i.item_id  WHERE  c.customer_no = ? AND c.delete_flg = ?    [7,0]
[SQL_LOG:2020-10-22 18:17:00]: SELECT SUM(num) AS num  FROM  cart c  WHERE  c.customer_no = ? AND c.delete_flg = ?    [7,0]
[SQL_LOG:2020-10-22 18:18:22]: SELECT ctg_id, category_name  FROM  category     []
[SQL_LOG:2020-10-22 18:18:22]: SELECT item_id, item_name, price, image, ctg_id  FROM  item     []
[SQL_LOG:2020-10-22 18:18:25]: SELECT *  FROM  member  WHERE  mem_id = ?     [7]
[SQL_LOG:2020-10-22 18:18:26]: SELECT mem_id, family_name, first_name, family_name_kana, first_name_kana, email, user_id, sex, traffic, regist_date, update_date  FROM  member     []
[SQL_LOG:2020-10-22 18:18:27]: SELECT c.crt_id, i.item_id, i.item_name, i.price, i.image FROM  cart c LEFT JOIN item i ON c.item_id = i.item_id  WHERE  c.customer_no = ? AND c.delete_flg = ?    [7,0]
[SQL_LOG:2020-10-22 18:18:27]: SELECT SUM(i.price) AS totalPrice  FROM  cart c LEFT JOIN item i ON c.item_id = i.item_id  WHERE  c.customer_no = ? AND c.delete_flg = ?    [7,0]
[SQL_LOG:2020-10-22 18:18:27]: SELECT SUM(num) AS num  FROM  cart c  WHERE  c.customer_no = ? AND c.delete_flg = ?    [7,0]
[SQL_LOG:2020-10-22 18:18:28]: SELECT ctg_id, category_name  FROM  category     []
[SQL_LOG:2020-10-22 18:18:28]: SELECT item_id, item_name, price, image, ctg_id  FROM  item     []
[SQL_LOG:2020-10-22 18:33:05]: SELECT *  FROM  member  WHERE  mem_id = ?     [7]
[SQL_LOG:2020-10-22 18:33:07]: SELECT *  FROM  member  WHERE  mem_id = ?     [7]
[SQL_LOG:2020-10-22 18:33:08]: SELECT *  FROM member WHERE  email = ?    LIMIT  1   [tttvvvaken@gmail.com]
[SQL_LOG:2020-10-22 18:33:11]: SELECT *  FROM member WHERE  email = ?    LIMIT  1   [tttvvvaken@gmail.co]
[SQL_LOG:2020-10-22 18:33:13]: SELECT *  FROM  member  WHERE  mem_id = ?     [7]
[SQL_LOG:2020-10-22 18:33:18]: SELECT *  FROM  member  WHERE  mem_id = ?     [7]
[SQL_LOG:2020-10-22 18:33:22]: SELECT *  FROM  member  WHERE  mem_id = ?     [7]
[SQL_LOG:2020-10-22 18:33:25]: SELECT *  FROM  member  WHERE  mem_id = ?     [7]
[SQL_LOG:2020-10-22 18:33:26]: SELECT ctg_id, category_name  FROM  category     []
[SQL_LOG:2020-10-22 18:33:26]: SELECT item_id, item_name, price, image, ctg_id  FROM  item     []
[SQL_LOG:2020-10-22 18:33:58]: SELECT ctg_id, category_name  FROM  category     []
[SQL_LOG:2020-10-22 18:33:58]: SELECT item_id, item_name, price, image, ctg_id  FROM  item     []
[SQL_LOG:2020-10-22 18:33:59]: SELECT *  FROM  member  WHERE  mem_id = ?     [7]
[SQL_LOG:2020-10-22 18:34:01]: SELECT *  FROM  member  WHERE  mem_id = ?     [7]
[SQL_LOG:2020-10-22 18:34:02]: SELECT ctg_id, category_name  FROM  category     []
[SQL_LOG:2020-10-22 18:34:02]: SELECT item_id, item_name, price, image, ctg_id  FROM  item     []
[SQL_LOG:2020-10-22 18:34:03]: SELECT *  FROM  member  WHERE  mem_id = ?     [7]
[SQL_LOG:2020-10-22 18:34:05]: SELECT *  FROM  member  WHERE  mem_id = ?     [7]
[SQL_LOG:2020-10-22 18:34:06]: SELECT ctg_id, category_name  FROM  category     []
[SQL_LOG:2020-10-22 18:34:06]: SELECT item_id, item_name, price, image, ctg_id  FROM  item     []
[SQL_LOG:2020-10-22 18:34:13]: SELECT ctg_id, category_name  FROM  category     []
[SQL_LOG:2020-10-22 18:34:13]: SELECT item_id, item_name, detail, price, image, ctg_id FROM  item  WHERE  item_id = ?     [1]
[SQL_LOG:2020-10-22 18:34:15]: INSERT INTO cart (customer_no,item_id,regist_date)VALUES(?,?,?) [7,1,2020-10-22 18:34:15]
[SQL_LOG:2020-10-22 18:34:15]: SELECT c.crt_id, i.item_id, i.item_name, i.price, i.image FROM  cart c LEFT JOIN item i ON c.item_id = i.item_id  WHERE  c.customer_no = ? AND c.delete_flg = ?    [7,0]
[SQL_LOG:2020-10-22 18:34:15]: SELECT SUM(i.price) AS totalPrice  FROM  cart c LEFT JOIN item i ON c.item_id = i.item_id  WHERE  c.customer_no = ? AND c.delete_flg = ?    [7,0]
[SQL_LOG:2020-10-22 18:34:15]: SELECT SUM(num) AS num  FROM  cart c  WHERE  c.customer_no = ? AND c.delete_flg = ?    [7,0]
[SQL_LOG:2020-10-22 18:34:17]: UPDATE cart  SET delete_date =? ,delete_flg =?  WHERE  crt_id = ?  [2020-10-22 18:34:17,1,60]
[SQL_LOG:2020-10-22 18:34:17]: SELECT c.crt_id, i.item_id, i.item_name, i.price, i.image FROM  cart c LEFT JOIN item i ON c.item_id = i.item_id  WHERE  c.customer_no = ? AND c.delete_flg = ?    [7,0]
[SQL_LOG:2020-10-22 18:34:17]: SELECT SUM(i.price) AS totalPrice  FROM  cart c LEFT JOIN item i ON c.item_id = i.item_id  WHERE  c.customer_no = ? AND c.delete_flg = ?    [7,0]
[SQL_LOG:2020-10-22 18:34:17]: SELECT SUM(num) AS num  FROM  cart c  WHERE  c.customer_no = ? AND c.delete_flg = ?    [7,0]
[SQL_LOG:2020-10-22 18:34:18]: UPDATE cart  SET delete_date =? ,delete_flg =?  WHERE  crt_id = ?  [2020-10-22 18:34:18,1,61]
[SQL_LOG:2020-10-22 18:34:18]: SELECT c.crt_id, i.item_id, i.item_name, i.price, i.image FROM  cart c LEFT JOIN item i ON c.item_id = i.item_id  WHERE  c.customer_no = ? AND c.delete_flg = ?    [7,0]
[SQL_LOG:2020-10-22 18:34:18]: SELECT SUM(i.price) AS totalPrice  FROM  cart c LEFT JOIN item i ON c.item_id = i.item_id  WHERE  c.customer_no = ? AND c.delete_flg = ?    [7,0]
[SQL_LOG:2020-10-22 18:34:18]: SELECT SUM(num) AS num  FROM  cart c  WHERE  c.customer_no = ? AND c.delete_flg = ?    [7,0]
[SQL_LOG:2020-10-22 18:34:18]: UPDATE cart  SET delete_date =? ,delete_flg =?  WHERE  crt_id = ?  [2020-10-22 18:34:18,1,62]
[SQL_LOG:2020-10-22 18:34:18]: SELECT c.crt_id, i.item_id, i.item_name, i.price, i.image FROM  cart c LEFT JOIN item i ON c.item_id = i.item_id  WHERE  c.customer_no = ? AND c.delete_flg = ?    [7,0]
[SQL_LOG:2020-10-22 18:34:18]: SELECT SUM(i.price) AS totalPrice  FROM  cart c LEFT JOIN item i ON c.item_id = i.item_id  WHERE  c.customer_no = ? AND c.delete_flg = ?    [7,0]
[SQL_LOG:2020-10-22 18:34:18]: SELECT SUM(num) AS num  FROM  cart c  WHERE  c.customer_no = ? AND c.delete_flg = ?    [7,0]
[SQL_LOG:2020-10-22 18:34:20]: SELECT ctg_id, category_name  FROM  category     []
[SQL_LOG:2020-10-22 18:34:20]: SELECT item_id, item_name, price, image, ctg_id  FROM  item     []
[SQL_LOG:2020-10-22 18:34:22]: SELECT *  FROM  member  WHERE  mem_id = ?     [7]
[SQL_LOG:2020-10-22 18:34:26]: SELECT ctg_id, category_name  FROM  category     []
[SQL_LOG:2020-10-22 18:34:26]: SELECT item_id, item_name, price, image, ctg_id  FROM  item     []
[SQL_LOG:2020-10-22 18:34:31]: SELECT ctg_id, category_name  FROM  category     []
[SQL_LOG:2020-10-22 18:34:31]: SELECT item_id, item_name, detail, price, image, ctg_id FROM  item  WHERE  item_id = ?     [1]
[SQL_LOG:2020-10-22 18:34:36]: SELECT *  FROM  member  WHERE  mem_id = ?     [7]
[SQL_LOG:2020-10-22 18:34:37]: SELECT ctg_id, category_name  FROM  category     []
[SQL_LOG:2020-10-22 18:34:37]: SELECT item_id, item_name, price, image, ctg_id  FROM  item     []
[SQL_LOG:2020-10-22 18:34:52]: SELECT *  FROM  member  WHERE  mem_id = ?     [7]
[SQL_LOG:2020-10-22 18:34:54]: SELECT ctg_id, category_name  FROM  category     []
[SQL_LOG:2020-10-22 18:34:54]: SELECT item_id, item_name, price, image, ctg_id  FROM  item     []
[SQL_LOG:2020-10-22 18:36:30]: SELECT *  FROM  member  WHERE  mem_id = ?     [7]
[SQL_LOG:2020-10-22 18:36:34]: SELECT *  FROM  member  WHERE  mem_id = ?     [7]
[SQL_LOG:2020-10-22 18:36:35]: SELECT *  FROM  member  WHERE  mem_id = ?     [7]
[SQL_LOG:2020-10-22 18:36:37]: SELECT *  FROM member WHERE  email = ?    LIMIT  1   [tttvvvaken@gmail.com]
[SQL_LOG:2020-10-22 18:36:40]: SELECT *  FROM member WHERE  email = ?    LIMIT  1   [tttvvvaken@gmail.co]
[SQL_LOG:2020-10-22 18:36:44]: SELECT *  FROM member WHERE  email = ?    LIMIT  1   [tttvvvaken@gmail]
[SQL_LOG:2020-10-22 18:37:36]: SELECT *  FROM member WHERE  email = ?    LIMIT  1   [tttvvvaken@gmail]
[SQL_LOG:2020-10-22 18:37:36]: SELECT *  FROM member WHERE  email = ?    LIMIT  1   [tttvvvaken@gmail]
[SQL_LOG:2020-10-22 18:37:36]: SELECT *  FROM member WHERE  email = ?    LIMIT  1   [tttvvvaken@gmail]
[SQL_LOG:2020-10-22 18:38:07]: SELECT ctg_id, category_name  FROM  category     []
[SQL_LOG:2020-10-22 18:38:07]: SELECT item_id, item_name, price, image, ctg_id  FROM  item     []
[SQL_LOG:2020-10-22 18:38:08]: SELECT *  FROM  member  WHERE  mem_id = ?     [7]
[SQL_LOG:2020-10-22 18:38:09]: SELECT *  FROM  member  WHERE  mem_id = ?     [7]
[SQL_LOG:2020-10-22 18:38:10]: SELECT *  FROM member WHERE  email = ?    LIMIT  1   [tttvvvaken@gmail.com]
[SQL_LOG:2020-10-22 18:38:23]: SELECT *  FROM member WHERE  email = ?    LIMIT  1   [tttvvvaken@gmail.com]
[SQL_LOG:2020-10-22 18:38:31]: SELECT *  FROM member WHERE  email = ?    LIMIT  1   [tttvvvaken@gmail]
[SQL_LOG:2020-10-22 18:39:13]: SELECT *  FROM member WHERE  email = ?    LIMIT  1   [tttvvvaken@gmail]
[SQL_LOG:2020-10-22 18:40:27]: SELECT *  FROM member WHERE  email = ?    LIMIT  1   [tttvvvaken@gmail]
[SQL_LOG:2020-10-22 18:40:41]: SELECT *  FROM member WHERE  email = ?    LIMIT  1   [tttvvvaken@gmail]
[SQL_LOG:2020-10-22 18:40:41]: SELECT *  FROM member WHERE  email = ?    LIMIT  1   [tttvvvaken@gmail]
[SQL_LOG:2020-10-22 18:40:42]: SELECT *  FROM member WHERE  email = ?    LIMIT  1   [tttvvvaken@gmail]
[SQL_LOG:2020-10-22 18:43:06]: SELECT *  FROM member WHERE  email = ?    LIMIT  1   [tttvvvaken@gmail]
[SQL_LOG:2020-10-22 18:43:12]: SELECT *  FROM member WHERE  email = ?    LIMIT  1   [tttvvvaken@gmail.]
[SQL_LOG:2020-10-22 18:43:18]: SELECT *  FROM member WHERE  email = ?    LIMIT  1   [tttvvvaken@]
[SQL_LOG:2020-10-22 18:43:19]: SELECT ctg_id, category_name  FROM  category     []
[SQL_LOG:2020-10-22 18:43:19]: SELECT item_id, item_name, price, image, ctg_id  FROM  item     []
[SQL_LOG:2020-10-22 18:43:21]: SELECT *  FROM  member  WHERE  mem_id = ?     [7]
[SQL_LOG:2020-10-22 18:43:23]: SELECT ctg_id, category_name  FROM  category     []
[SQL_LOG:2020-10-22 18:43:23]: SELECT item_id, item_name, price, image, ctg_id  FROM  item     []
[SQL_LOG:2020-10-22 18:43:26]: SELECT ctg_id, category_name  FROM  category     []
[SQL_LOG:2020-10-22 18:43:26]: SELECT item_id, item_name, price, image, ctg_id  FROM  item     []
[SQL_LOG:2020-10-22 18:43:27]: SELECT *  FROM  member  WHERE  mem_id = ?     [7]
[SQL_LOG:2020-10-22 18:43:28]: SELECT ctg_id, category_name  FROM  category     []
[SQL_LOG:2020-10-22 18:43:28]: SELECT item_id, item_name, price, image, ctg_id  FROM  item     []
[SQL_LOG:2020-10-22 18:43:30]: SELECT *  FROM  member  WHERE  mem_id = ?     [7]
[SQL_LOG:2020-10-22 18:43:31]: SELECT *  FROM  member  WHERE  mem_id = ?     [7]
[SQL_LOG:2020-10-22 18:43:32]: SELECT *  FROM member WHERE  email = ?    LIMIT  1   [tttvvvaken@gmail.com]
[SQL_LOG:2020-10-22 18:43:34]: SELECT ctg_id, category_name  FROM  category     []
[SQL_LOG:2020-10-22 18:43:34]: SELECT item_id, item_name, price, image, ctg_id  FROM  item     []
[SQL_LOG:2020-10-22 18:43:36]: SELECT *  FROM  member  WHERE  mem_id = ?     [7]
[SQL_LOG:2020-10-22 18:43:37]: SELECT *  FROM  member  WHERE  mem_id = ?     [7]
[SQL_LOG:2020-10-22 18:43:40]: SELECT ctg_id, category_name  FROM  category     []
[SQL_LOG:2020-10-22 18:43:40]: SELECT item_id, item_name, price, image, ctg_id  FROM  item     []
[SQL_LOG:2020-10-22 18:43:50]: SELECT ctg_id, category_name  FROM  category     []
[SQL_LOG:2020-10-22 18:43:50]: SELECT item_id, item_name, price, image, ctg_id  FROM  item     []
[SQL_LOG:2020-10-22 18:43:55]: SELECT c.crt_id, i.item_id, i.item_name, i.price, i.image FROM  cart c LEFT JOIN item i ON c.item_id = i.item_id  WHERE  c.customer_no = ? AND c.delete_flg = ?    [7,0]
[SQL_LOG:2020-10-22 18:43:55]: SELECT SUM(i.price) AS totalPrice  FROM  cart c LEFT JOIN item i ON c.item_id = i.item_id  WHERE  c.customer_no = ? AND c.delete_flg = ?    [7,0]
[SQL_LOG:2020-10-22 18:43:55]: SELECT SUM(num) AS num  FROM  cart c  WHERE  c.customer_no = ? AND c.delete_flg = ?    [7,0]
[SQL_LOG:2020-10-22 18:43:57]: SELECT ctg_id, category_name  FROM  category     []
[SQL_LOG:2020-10-22 18:43:57]: SELECT item_id, item_name, price, image, ctg_id  FROM  item     []
[SQL_LOG:2020-10-22 18:45:00]: SELECT *  FROM  member  WHERE  mem_id = ?     [7]
[SQL_LOG:2020-10-22 18:45:01]: SELECT ctg_id, category_name  FROM  category     []
[SQL_LOG:2020-10-22 18:45:01]: SELECT item_id, item_name, price, image, ctg_id  FROM  item     []
[SQL_LOG:2020-10-22 18:45:03]: SELECT *  FROM  member  WHERE  mem_id = ?     [7]
[SQL_LOG:2020-10-22 18:45:04]: SELECT *  FROM  member  WHERE  mem_id = ?     [7]
[SQL_LOG:2020-10-22 18:45:05]: SELECT *  FROM member WHERE  email = ?    LIMIT  1   [tttvvvaken@gmail.com]
[SQL_LOG:2020-10-22 18:45:06]: SELECT *  FROM  member  WHERE  mem_id = ?     [7]
[SQL_LOG:2020-10-22 18:45:08]: SELECT *  FROM  member  WHERE  mem_id = ?     [7]
[SQL_LOG:2020-10-22 18:45:10]: SELECT ctg_id, category_name  FROM  category     []
[SQL_LOG:2020-10-22 18:45:10]: SELECT item_id, item_name, price, image, ctg_id  FROM  item     []
[SQL_LOG:2020-10-22 18:45:49]: SELECT ctg_id, category_name  FROM  category     []
[SQL_LOG:2020-10-22 18:45:49]: SELECT item_id, item_name, price, image, ctg_id  FROM  item     []
[SQL_LOG:2020-10-22 18:45:52]: SELECT *  FROM  member  WHERE  mem_id = ?     [7]
[SQL_LOG:2020-10-22 18:45:55]: SELECT ctg_id, category_name  FROM  category     []
[SQL_LOG:2020-10-22 18:45:55]: SELECT item_id, item_name, price, image, ctg_id  FROM  item     []
[SQL_LOG:2020-10-22 18:54:25]: SELECT *  FROM  member  WHERE  mem_id = ?     [7]
[SQL_LOG:2020-10-22 18:54:26]: SELECT ctg_id, category_name  FROM  category     []
[SQL_LOG:2020-10-22 18:54:26]: SELECT item_id, item_name, price, image, ctg_id  FROM  item     []
[SQL_LOG:2020-10-22 18:56:35]: SELECT ctg_id, category_name  FROM  category     []
[SQL_LOG:2020-10-22 18:56:35]: SELECT item_id, item_name, price, image, ctg_id  FROM  item     []
[SQL_LOG:2020-10-22 18:56:36]: SELECT *  FROM  member  WHERE  mem_id = ?     [7]
[SQL_LOG:2020-10-22 18:56:38]: SELECT ctg_id, category_name  FROM  category     []
[SQL_LOG:2020-10-22 18:56:38]: SELECT item_id, item_name, price, image, ctg_id  FROM  item     []
[SQL_LOG:2020-10-22 18:56:39]: SELECT ctg_id, category_name  FROM  category     []
[SQL_LOG:2020-10-22 18:56:39]: SELECT item_id, item_name, price, image, ctg_id  FROM  item     []
[SQL_LOG:2020-10-22 18:56:49]: SELECT ctg_id, category_name  FROM  category     []
[SQL_LOG:2020-10-22 18:56:49]: SELECT item_id, item_name, price, image, ctg_id  FROM  item     []
[SQL_LOG:2020-10-22 18:57:02]: SELECT *  FROM  member  WHERE  email = ?     [tttvvvaken@gmail.com]
[SQL_LOG:2020-10-22 18:57:02]: SELECT session_key  FROM  loginsession  WHERE  mem_id = ?     [7]
[SQL_LOG:2020-10-22 18:57:02]: SELECT ctg_id, category_name  FROM  category     []
[SQL_LOG:2020-10-22 18:57:02]: SELECT item_id, item_name, price, image, ctg_id  FROM  item     []
[SQL_LOG:2020-10-22 18:58:20]: SELECT ctg_id, category_name  FROM  category     []
[SQL_LOG:2020-10-22 18:58:20]: SELECT item_id, item_name, price, image, ctg_id  FROM  item     []
[SQL_LOG:2020-10-22 18:58:37]: SELECT *  FROM  member  WHERE  mem_id = ?     [7]
[SQL_LOG:2020-10-22 18:59:10]: SELECT *  FROM  member  WHERE  mem_id = ?     [7]
[SQL_LOG:2020-10-22 18:59:13]: SELECT *  FROM  member  WHERE  mem_id = ?     [7]
[SQL_LOG:2020-10-22 18:59:15]: SELECT ctg_id, category_name  FROM  category     []
[SQL_LOG:2020-10-22 18:59:15]: SELECT item_id, item_name, price, image, ctg_id  FROM  item     []
[SQL_LOG:2020-10-22 18:59:22]: SELECT *  FROM  member  WHERE  mem_id = ?     [7]
[SQL_LOG:2020-10-22 18:59:23]: SELECT ctg_id, category_name  FROM  category     []
[SQL_LOG:2020-10-22 18:59:23]: SELECT item_id, item_name, price, image, ctg_id  FROM  item     []
[SQL_LOG:2020-10-22 18:59:25]: SELECT *  FROM  member  WHERE  mem_id = ?     [7]
[SQL_LOG:2020-10-22 18:59:29]: SELECT *  FROM  member  WHERE  mem_id = ?     [7]
[SQL_LOG:2020-10-22 18:59:31]: SELECT *  FROM  member  WHERE  mem_id = ?     [7]
[SQL_LOG:2020-10-22 18:59:32]: SELECT *  FROM  member  WHERE  mem_id = ?     [7]
[SQL_LOG:2020-10-22 18:59:33]: SELECT ctg_id, category_name  FROM  category     []
[SQL_LOG:2020-10-22 18:59:33]: SELECT item_id, item_name, price, image, ctg_id  FROM  item     []
[SQL_LOG:2020-10-22 18:59:36]: SELECT *  FROM  member  WHERE  mem_id = ?     [7]
[SQL_LOG:2020-10-22 19:00:08]: SELECT *  FROM  member  WHERE  mem_id = ?     [7]
[SQL_LOG:2020-10-22 19:00:09]: SELECT ctg_id, category_name  FROM  category     []
[SQL_LOG:2020-10-22 19:00:09]: SELECT item_id, item_name, price, image, ctg_id  FROM  item     []
[SQL_LOG:2020-10-22 19:00:11]: SELECT *  FROM  member  WHERE  mem_id = ?     [7]
[SQL_LOG:2020-10-22 19:00:14]: SELECT ctg_id, category_name  FROM  category     []
[SQL_LOG:2020-10-22 19:00:14]: SELECT item_id, item_name, price, image, ctg_id  FROM  item     []
[SQL_LOG:2020-10-22 19:00:25]: SELECT *  FROM  member  WHERE  mem_id = ?     [7]
[SQL_LOG:2020-10-22 19:00:26]: SELECT ctg_id, category_name  FROM  category     []
[SQL_LOG:2020-10-22 19:00:26]: SELECT item_id, item_name, price, image, ctg_id  FROM  item     []
[SQL_LOG:2020-10-22 19:00:35]: SELECT *  FROM  member  WHERE  mem_id = ?     [7]
[SQL_LOG:2020-10-22 19:00:36]: SELECT ctg_id, category_name  FROM  category     []
[SQL_LOG:2020-10-22 19:00:36]: SELECT item_id, item_name, price, image, ctg_id  FROM  item     []
[SQL_LOG:2020-10-22 19:00:37]: SELECT *  FROM  member  WHERE  mem_id = ?     [7]
[SQL_LOG:2020-10-22 19:01:02]: SELECT ctg_id, category_name  FROM  category     []
[SQL_LOG:2020-10-22 19:01:02]: SELECT item_id, item_name, price, image, ctg_id  FROM  item     []
[SQL_LOG:2020-10-22 19:01:03]: SELECT *  FROM  member  WHERE  mem_id = ?     [7]
[SQL_LOG:2020-10-22 19:01:04]: SELECT *  FROM  member  WHERE  mem_id = ?     [7]
[SQL_LOG:2020-10-22 19:01:06]: SELECT *  FROM member WHERE  email = ?    LIMIT  1   [tttvvvaken@gmail.com]
[SQL_LOG:2020-10-22 19:01:07]: SELECT ctg_id, category_name  FROM  category     []
[SQL_LOG:2020-10-22 19:01:07]: SELECT item_id, item_name, price, image, ctg_id  FROM  item     []
[SQL_LOG:2020-10-22 19:01:08]: SELECT mem_id, family_name, first_name, family_name_kana, first_name_kana, email, user_id, sex, traffic, regist_date, update_date  FROM  member     []
[SQL_LOG:2020-10-22 19:01:09]: SELECT ctg_id, category_name  FROM  category     []
[SQL_LOG:2020-10-22 19:01:09]: SELECT item_id, item_name, price, image, ctg_id  FROM  item     []
[SQL_LOG:2020-10-22 19:01:11]: SELECT *  FROM  member  WHERE  mem_id = ?     [7]
[SQL_LOG:2020-10-22 19:01:12]: SELECT ctg_id, category_name  FROM  category     []
[SQL_LOG:2020-10-22 19:01:12]: SELECT item_id, item_name, price, image, ctg_id  FROM  item     []
[SQL_LOG:2020-10-22 19:01:15]: SELECT *  FROM  member  WHERE  mem_id = ?     [7]
[SQL_LOG:2020-10-22 19:01:16]: SELECT c.crt_id, i.item_id, i.item_name, i.price, i.image FROM  cart c LEFT JOIN item i ON c.item_id = i.item_id  WHERE  c.customer_no = ? AND c.delete_flg = ?    [7,0]
[SQL_LOG:2020-10-22 19:01:16]: SELECT SUM(i.price) AS totalPrice  FROM  cart c LEFT JOIN item i ON c.item_id = i.item_id  WHERE  c.customer_no = ? AND c.delete_flg = ?    [7,0]
[SQL_LOG:2020-10-22 19:01:16]: SELECT SUM(num) AS num  FROM  cart c  WHERE  c.customer_no = ? AND c.delete_flg = ?    [7,0]
[SQL_LOG:2020-10-22 19:01:18]: SELECT c.crt_id, i.item_id, i.item_name, i.price, i.image FROM  cart c LEFT JOIN item i ON c.item_id = i.item_id  WHERE  c.customer_no = ? AND c.delete_flg = ?    [7,0]
[SQL_LOG:2020-10-22 19:01:18]: SELECT SUM(i.price) AS totalPrice  FROM  cart c LEFT JOIN item i ON c.item_id = i.item_id  WHERE  c.customer_no = ? AND c.delete_flg = ?    [7,0]
[SQL_LOG:2020-10-22 19:01:18]: SELECT SUM(num) AS num  FROM  cart c  WHERE  c.customer_no = ? AND c.delete_flg = ?    [7,0]
[SQL_LOG:2020-10-22 19:01:20]: SELECT *  FROM  member  WHERE  mem_id = ?     [7]
[SQL_LOG:2020-10-22 19:01:22]: SELECT ctg_id, category_name  FROM  category     []
[SQL_LOG:2020-10-22 19:01:22]: SELECT item_id, item_name, price, image, ctg_id  FROM  item     []
[SQL_LOG:2020-10-22 19:03:40]: SELECT *  FROM  member  WHERE  mem_id = ?     [7]
[SQL_LOG:2020-10-22 19:03:41]: SELECT ctg_id, category_name  FROM  category     []
[SQL_LOG:2020-10-22 19:03:41]: SELECT item_id, item_name, price, image, ctg_id  FROM  item     []
[SQL_LOG:2020-10-22 19:03:56]: SELECT *  FROM  member  WHERE  mem_id = ?     [7]
[SQL_LOG:2020-10-22 19:03:57]: SELECT ctg_id, category_name  FROM  category     []
[SQL_LOG:2020-10-22 19:03:57]: SELECT item_id, item_name, price, image, ctg_id  FROM  item     []
[SQL_LOG:2020-10-22 19:03:59]: SELECT *  FROM  member  WHERE  mem_id = ?     [7]
[SQL_LOG:2020-10-22 19:04:02]: SELECT *  FROM  member  WHERE  mem_id = ?     [7]
[SQL_LOG:2020-10-22 19:04:03]: SELECT *  FROM  member  WHERE  mem_id = ?     [7]
[SQL_LOG:2020-10-22 19:04:04]: SELECT ctg_id, category_name  FROM  category     []
[SQL_LOG:2020-10-22 19:04:04]: SELECT item_id, item_name, price, image, ctg_id  FROM  item     []
[SQL_LOG:2020-10-22 19:04:06]: SELECT *  FROM  member  WHERE  mem_id = ?     [7]
[SQL_LOG:2020-10-22 19:04:08]: SELECT ctg_id, category_name  FROM  category     []
[SQL_LOG:2020-10-22 19:04:08]: SELECT item_id, item_name, price, image, ctg_id  FROM  item     []
[SQL_LOG:2020-10-22 19:04:11]: SELECT *  FROM  member  WHERE  mem_id = ?     [7]
[SQL_LOG:2020-10-22 19:04:16]: SELECT ctg_id, category_name  FROM  category     []
[SQL_LOG:2020-10-22 19:04:16]: SELECT item_id, item_name, price, image, ctg_id  FROM  item     []
[SQL_LOG:2020-10-22 19:04:17]: SELECT *  FROM  member  WHERE  mem_id = ?     [7]
[SQL_LOG:2020-10-22 19:04:19]: SELECT ctg_id, category_name  FROM  category     []
[SQL_LOG:2020-10-22 19:04:19]: SELECT item_id, item_name, price, image, ctg_id  FROM  item     []
[SQL_LOG:2020-10-22 19:04:58]: SELECT *  FROM  member  WHERE  mem_id = ?     [7]
[SQL_LOG:2020-10-22 19:04:59]: SELECT ctg_id, category_name  FROM  category     []
[SQL_LOG:2020-10-22 19:04:59]: SELECT item_id, item_name, price, image, ctg_id  FROM  item     []
[SQL_LOG:2020-10-22 19:05:40]: SELECT ctg_id, category_name  FROM  category     []
[SQL_LOG:2020-10-22 19:05:40]: SELECT item_id, item_name, price, image, ctg_id  FROM  item     []
[SQL_LOG:2020-10-22 19:06:05]: SELECT ctg_id, category_name  FROM  category     []
[SQL_LOG:2020-10-22 19:06:05]: SELECT item_id, item_name, price, image, ctg_id  FROM  item     []
[SQL_LOG:2020-10-22 19:06:18]: SELECT ctg_id, category_name  FROM  category     []
[SQL_LOG:2020-10-22 19:06:18]: SELECT item_id, item_name, price, image, ctg_id  FROM  item     []
[SQL_LOG:2020-10-22 19:06:24]: SELECT *  FROM  member  WHERE  mem_id = ?     [7]
[SQL_LOG:2020-10-22 19:06:25]: SELECT ctg_id, category_name  FROM  category     []
[SQL_LOG:2020-10-22 19:06:25]: SELECT item_id, item_name, price, image, ctg_id  FROM  item     []
[SQL_LOG:2020-10-22 19:06:29]: SELECT ctg_id, category_name  FROM  category     []
[SQL_LOG:2020-10-22 19:06:29]: SELECT item_id, item_name, price, image, ctg_id  FROM  item     []
[SQL_LOG:2020-10-22 19:06:30]: SELECT ctg_id, category_name  FROM  category     []
[SQL_LOG:2020-10-22 19:06:30]: SELECT item_id, item_name, price, image, ctg_id  FROM  item  WHERE  ctg_id = ?     [1]
[SQL_LOG:2020-10-22 19:06:31]: SELECT ctg_id, category_name  FROM  category     []
[SQL_LOG:2020-10-22 19:06:31]: SELECT item_id, item_name, price, image, ctg_id  FROM  item  WHERE  ctg_id = ?     [2]
[SQL_LOG:2020-10-22 19:06:31]: SELECT ctg_id, category_name  FROM  category     []
[SQL_LOG:2020-10-22 19:06:31]: SELECT item_id, item_name, price, image, ctg_id  FROM  item  WHERE  ctg_id = ?     [3]
[SQL_LOG:2020-10-22 19:06:32]: SELECT ctg_id, category_name  FROM  category     []
[SQL_LOG:2020-10-22 19:06:32]: SELECT item_id, item_name, price, image, ctg_id  FROM  item     []
[SQL_LOG:2020-10-22 19:06:33]: SELECT c.crt_id, i.item_id, i.item_name, i.price, i.image FROM  cart c LEFT JOIN item i ON c.item_id = i.item_id  WHERE  c.customer_no = ? AND c.delete_flg = ?    [7,0]
[SQL_LOG:2020-10-22 19:06:33]: SELECT SUM(i.price) AS totalPrice  FROM  cart c LEFT JOIN item i ON c.item_id = i.item_id  WHERE  c.customer_no = ? AND c.delete_flg = ?    [7,0]
[SQL_LOG:2020-10-22 19:06:33]: SELECT SUM(num) AS num  FROM  cart c  WHERE  c.customer_no = ? AND c.delete_flg = ?    [7,0]
[SQL_LOG:2020-10-22 19:06:33]: SELECT ctg_id, category_name  FROM  category     []
[SQL_LOG:2020-10-22 19:06:33]: SELECT item_id, item_name, price, image, ctg_id  FROM  item     []
[SQL_LOG:2020-10-22 19:06:35]: SELECT *  FROM  member  WHERE  mem_id = ?     [7]
[SQL_LOG:2020-10-22 19:06:36]: SELECT ctg_id, category_name  FROM  category     []
[SQL_LOG:2020-10-22 19:06:36]: SELECT item_id, item_name, price, image, ctg_id  FROM  item     []
[SQL_LOG:2020-10-22 19:06:37]: SELECT *  FROM  member  WHERE  mem_id = ?     [7]
[SQL_LOG:2020-10-22 19:06:43]: SELECT ctg_id, category_name  FROM  category     []
[SQL_LOG:2020-10-22 19:06:43]: SELECT item_id, item_name, price, image, ctg_id  FROM  item     []
[SQL_LOG:2020-10-22 19:06:49]: SELECT *  FROM  member  WHERE  mem_id = ?     [7]
[SQL_LOG:2020-10-22 19:06:51]: SELECT ctg_id, category_name  FROM  category     []
[SQL_LOG:2020-10-22 19:06:51]: SELECT item_id, item_name, price, image, ctg_id  FROM  item     []
[SQL_LOG:2020-10-22 19:06:56]: SELECT *  FROM  member  WHERE  mem_id = ?     [7]
[SQL_LOG:2020-10-22 19:06:59]: SELECT ctg_id, category_name  FROM  category     []
[SQL_LOG:2020-10-22 19:06:59]: SELECT item_id, item_name, price, image, ctg_id  FROM  item     []
[SQL_LOG:2020-10-22 19:07:02]: SELECT *  FROM  member  WHERE  mem_id = ?     [7]
[SQL_LOG:2020-10-22 19:07:09]: SELECT ctg_id, category_name  FROM  category     []
[SQL_LOG:2020-10-22 19:07:09]: SELECT item_id, item_name, price, image, ctg_id  FROM  item     []
[SQL_LOG:2020-10-22 19:07:22]: SELECT *  FROM  member  WHERE  mem_id = ?     [7]
[SQL_LOG:2020-10-22 19:07:24]: SELECT ctg_id, category_name  FROM  category     []
[SQL_LOG:2020-10-22 19:07:24]: SELECT item_id, item_name, price, image, ctg_id  FROM  item     []
[SQL_LOG:2020-10-22 19:12:59]: SELECT ctg_id, category_name  FROM  category     []
[SQL_LOG:2020-10-22 19:12:59]: SELECT item_id, item_name, price, image, ctg_id  FROM  item     []
[SQL_LOG:2020-10-22 19:13:09]: SELECT ctg_id, category_name  FROM  category     []
[SQL_LOG:2020-10-22 19:13:09]: SELECT item_id, item_name, price, image, ctg_id  FROM  item     []
[SQL_LOG:2020-10-22 19:13:28]: SELECT ctg_id, category_name  FROM  category     []
[SQL_LOG:2020-10-22 19:13:28]: SELECT item_id, item_name, detail, price, image, ctg_id FROM  item  WHERE  item_id = ?     [1]
[SQL_LOG:2020-10-22 19:13:30]: SELECT ctg_id, category_name  FROM  category     []
[SQL_LOG:2020-10-22 19:13:30]: SELECT item_id, item_name, price, image, ctg_id  FROM  item     []
[SQL_LOG:2020-10-22 19:13:32]: SELECT ctg_id, category_name  FROM  category     []
[SQL_LOG:2020-10-22 19:13:32]: SELECT item_id, item_name, price, image, ctg_id  FROM  item     []
[SQL_LOG:2020-10-22 19:13:33]: SELECT ctg_id, category_name  FROM  category     []
[SQL_LOG:2020-10-22 19:13:33]: SELECT item_id, item_name, detail, price, image, ctg_id FROM  item  WHERE  item_id = ?     [1]
[SQL_LOG:2020-10-22 19:13:36]: SELECT ctg_id, category_name  FROM  category     []
[SQL_LOG:2020-10-22 19:13:36]: SELECT item_id, item_name, price, image, ctg_id  FROM  item     []
[SQL_LOG:2020-10-22 19:13:57]: SELECT ctg_id, category_name  FROM  category     []
[SQL_LOG:2020-10-22 19:13:57]: SELECT item_id, item_name, price, image, ctg_id  FROM  item     []
[SQL_LOG:2020-10-22 19:14:07]: SELECT ctg_id, category_name  FROM  category     []
[SQL_LOG:2020-10-22 19:14:07]: SELECT item_id, item_name, price, image, ctg_id  FROM  item     []
[SQL_LOG:2020-10-22 19:14:16]: SELECT *  FROM  member  WHERE  mem_id = ?     [7]
[SQL_LOG:2020-10-22 19:14:17]: SELECT ctg_id, category_name  FROM  category     []
[SQL_LOG:2020-10-22 19:14:17]: SELECT item_id, item_name, price, image, ctg_id  FROM  item     []
[SQL_LOG:2020-10-22 19:14:19]: SELECT ctg_id, category_name  FROM  category     []
[SQL_LOG:2020-10-22 19:14:19]: SELECT item_id, item_name, price, image, ctg_id  FROM  item     []
[SQL_LOG:2020-10-22 19:14:20]: SELECT ctg_id, category_name  FROM  category     []
[SQL_LOG:2020-10-22 19:14:20]: SELECT item_id, item_name, price, image, ctg_id  FROM  item     []
[SQL_LOG:2020-10-22 19:14:25]: SELECT *  FROM  member  WHERE  email = ?     [tttvvvaken@gmail.com]
[SQL_LOG:2020-10-22 19:14:26]: SELECT session_key  FROM  loginsession  WHERE  mem_id = ?     [7]
[SQL_LOG:2020-10-22 19:14:26]: SELECT ctg_id, category_name  FROM  category     []
[SQL_LOG:2020-10-22 19:14:26]: SELECT item_id, item_name, price, image, ctg_id  FROM  item     []
[SQL_LOG:2020-10-22 19:15:29]: SELECT ctg_id, category_name  FROM  category     []
[SQL_LOG:2020-10-22 19:15:29]: SELECT item_id, item_name, price, image, ctg_id  FROM  item     []
[SQL_LOG:2020-10-22 19:15:47]: SELECT ctg_id, category_name  FROM  category     []
[SQL_LOG:2020-10-22 19:15:47]: SELECT item_id, item_name, price, image, ctg_id  FROM  item     []
[SQL_LOG:2020-10-22 19:16:19]: SELECT ctg_id, category_name  FROM  category     []
[SQL_LOG:2020-10-22 19:16:19]: SELECT item_id, item_name, price, image, ctg_id  FROM  item     []
[SQL_LOG:2020-10-22 19:16:43]: SELECT *  FROM  member  WHERE  mem_id = ?     [7]
[SQL_LOG:2020-10-22 19:16:44]: SELECT ctg_id, category_name  FROM  category     []
[SQL_LOG:2020-10-22 19:16:44]: SELECT item_id, item_name, price, image, ctg_id  FROM  item     []
[SQL_LOG:2020-10-22 19:17:11]: SELECT *  FROM  member  WHERE  mem_id = ?     [7]
[SQL_LOG:2020-10-22 19:17:12]: SELECT c.crt_id, i.item_id, i.item_name, i.price, i.image FROM  cart c LEFT JOIN item i ON c.item_id = i.item_id  WHERE  c.customer_no = ? AND c.delete_flg = ?    [7,0]
[SQL_LOG:2020-10-22 19:17:12]: SELECT SUM(i.price) AS totalPrice  FROM  cart c LEFT JOIN item i ON c.item_id = i.item_id  WHERE  c.customer_no = ? AND c.delete_flg = ?    [7,0]
[SQL_LOG:2020-10-22 19:17:12]: SELECT SUM(num) AS num  FROM  cart c  WHERE  c.customer_no = ? AND c.delete_flg = ?    [7,0]
[SQL_LOG:2020-10-22 19:17:12]: SELECT ctg_id, category_name  FROM  category     []
[SQL_LOG:2020-10-22 19:17:12]: SELECT item_id, item_name, price, image, ctg_id  FROM  item     []
[SQL_LOG:2020-10-22 19:17:17]: SELECT ctg_id, category_name  FROM  category     []
[SQL_LOG:2020-10-22 19:17:17]: SELECT item_id, item_name, price, image, ctg_id  FROM  item     []
[SQL_LOG:2020-10-22 19:17:58]: SELECT *  FROM  member  WHERE  mem_id = ?     [7]
[SQL_LOG:2020-10-22 19:17:59]: SELECT ctg_id, category_name  FROM  category     []
[SQL_LOG:2020-10-22 19:17:59]: SELECT item_id, item_name, price, image, ctg_id  FROM  item     []
[SQL_LOG:2020-10-22 19:18:02]: SELECT *  FROM  member  WHERE  mem_id = ?     [7]
[SQL_LOG:2020-10-22 19:18:04]: SELECT mem_id, family_name, first_name, family_name_kana, first_name_kana, email, user_id, sex, traffic, regist_date, update_date  FROM  member     []
[SQL_LOG:2020-10-22 19:18:05]: SELECT *  FROM  member  WHERE  mem_id = ?     [7]
[SQL_LOG:2020-10-22 19:18:07]: SELECT ctg_id, category_name  FROM  category     []
[SQL_LOG:2020-10-22 19:18:07]: SELECT item_id, item_name, price, image, ctg_id  FROM  item     []
[SQL_LOG:2020-10-22 19:18:08]: SELECT *  FROM  member  WHERE  mem_id = ?     [7]
[SQL_LOG:2020-10-22 19:18:09]: SELECT ctg_id, category_name  FROM  category     []
[SQL_LOG:2020-10-22 19:18:09]: SELECT item_id, item_name, price, image, ctg_id  FROM  item     []
[SQL_LOG:2020-10-22 19:18:11]: SELECT *  FROM  member  WHERE  mem_id = ?     [7]
[SQL_LOG:2020-10-22 19:18:12]: SELECT ctg_id, category_name  FROM  category     []
[SQL_LOG:2020-10-22 19:18:12]: SELECT item_id, item_name, price, image, ctg_id  FROM  item     []
[SQL_LOG:2020-10-22 19:18:13]: SELECT *  FROM  member  WHERE  mem_id = ?     [7]
[SQL_LOG:2020-10-22 19:18:14]: SELECT ctg_id, category_name  FROM  category     []
[SQL_LOG:2020-10-22 19:18:14]: SELECT item_id, item_name, price, image, ctg_id  FROM  item     []
[SQL_LOG:2020-10-22 19:18:43]: SELECT *  FROM  member  WHERE  mem_id = ?     [7]
[SQL_LOG:2020-10-22 19:18:45]: SELECT ctg_id, category_name  FROM  category     []
[SQL_LOG:2020-10-22 19:18:45]: SELECT item_id, item_name, price, image, ctg_id  FROM  item     []
[SQL_LOG:2020-10-22 19:18:47]: SELECT *  FROM  member  WHERE  mem_id = ?     [7]
[SQL_LOG:2020-10-22 19:18:49]: SELECT ctg_id, category_name  FROM  category     []
[SQL_LOG:2020-10-22 19:18:49]: SELECT item_id, item_name, price, image, ctg_id  FROM  item     []
[SQL_LOG:2020-10-22 19:18:51]: SELECT *  FROM  member  WHERE  mem_id = ?     [7]
[SQL_LOG:2020-10-22 19:18:52]: SELECT ctg_id, category_name  FROM  category     []
[SQL_LOG:2020-10-22 19:18:52]: SELECT item_id, item_name, price, image, ctg_id  FROM  item     []
[SQL_LOG:2020-10-22 19:18:56]: SELECT *  FROM  member  WHERE  mem_id = ?     [7]
[SQL_LOG:2020-10-22 19:19:01]: SELECT ctg_id, category_name  FROM  category     []
[SQL_LOG:2020-10-22 19:19:01]: SELECT item_id, item_name, price, image, ctg_id  FROM  item     []
[SQL_LOG:2020-10-22 19:19:05]: SELECT *  FROM  member  WHERE  mem_id = ?     [7]
[SQL_LOG:2020-10-22 19:19:10]: SELECT ctg_id, category_name  FROM  category     []
[SQL_LOG:2020-10-22 19:19:10]: SELECT item_id, item_name, price, image, ctg_id  FROM  item     []
[SQL_LOG:2020-10-22 19:19:12]: SELECT *  FROM  member  WHERE  mem_id = ?     [7]
[SQL_LOG:2020-10-22 19:19:14]: SELECT ctg_id, category_name  FROM  category     []
[SQL_LOG:2020-10-22 19:19:14]: SELECT item_id, item_name, price, image, ctg_id  FROM  item     []
[SQL_LOG:2020-10-22 19:19:18]: SELECT ctg_id, category_name  FROM  category     []
[SQL_LOG:2020-10-22 19:19:18]: SELECT item_id, item_name, price, image, ctg_id  FROM  item  WHERE  ctg_id = ?     [1]
[SQL_LOG:2020-10-22 19:19:19]: SELECT ctg_id, category_name  FROM  category     []
[SQL_LOG:2020-10-22 19:19:19]: SELECT item_id, item_name, price, image, ctg_id  FROM  item     []
[SQL_LOG:2020-10-22 19:19:25]: SELECT mem_id, family_name, first_name, family_name_kana, first_name_kana, email, user_id, sex, traffic, regist_date, update_date  FROM  member     []
[SQL_LOG:2020-10-22 19:19:26]: SELECT c.crt_id, i.item_id, i.item_name, i.price, i.image FROM  cart c LEFT JOIN item i ON c.item_id = i.item_id  WHERE  c.customer_no = ? AND c.delete_flg = ?    [7,0]
[SQL_LOG:2020-10-22 19:19:26]: SELECT SUM(i.price) AS totalPrice  FROM  cart c LEFT JOIN item i ON c.item_id = i.item_id  WHERE  c.customer_no = ? AND c.delete_flg = ?    [7,0]
[SQL_LOG:2020-10-22 19:19:26]: SELECT SUM(num) AS num  FROM  cart c  WHERE  c.customer_no = ? AND c.delete_flg = ?    [7,0]
[SQL_LOG:2020-10-22 19:19:27]: SELECT ctg_id, category_name  FROM  category     []
[SQL_LOG:2020-10-22 19:19:27]: SELECT item_id, item_name, price, image, ctg_id  FROM  item     []
[SQL_LOG:2020-10-22 19:19:28]: SELECT *  FROM  member  WHERE  mem_id = ?     [7]
[SQL_LOG:2020-10-22 19:19:30]: SELECT *  FROM  member  WHERE  mem_id = ?     [7]
[SQL_LOG:2020-10-22 19:19:31]: SELECT *  FROM  member  WHERE  mem_id = ?     [7]
[SQL_LOG:2020-10-22 19:19:32]: SELECT *  FROM  member  WHERE  mem_id = ?     [7]
[SQL_LOG:2020-10-22 19:19:33]: SELECT *  FROM member WHERE  email = ?    LIMIT  1   [tttvvvaken@gmail.com]
[SQL_LOG:2020-10-22 19:19:37]: SELECT *  FROM member WHERE  email = ?    LIMIT  1   [tttvvvaken@gmail.co]
[SQL_LOG:2020-10-22 19:19:38]: SELECT *  FROM member WHERE  email = ?    LIMIT  1   [tttvvvaken@gmail.co]
[SQL_LOG:2020-10-22 19:19:43]: SELECT *  FROM member WHERE  email = ?    LIMIT  1   [tttvvvaken@gmail]
[SQL_LOG:2020-10-22 19:19:45]: SELECT ctg_id, category_name  FROM  category     []
[SQL_LOG:2020-10-22 19:19:45]: SELECT item_id, item_name, price, image, ctg_id  FROM  item     []
[SQL_LOG:2020-10-22 19:19:46]: SELECT ctg_id, category_name  FROM  category     []
[SQL_LOG:2020-10-22 19:19:46]: SELECT item_id, item_name, price, image, ctg_id  FROM  item  WHERE  ctg_id = ?     [1]
[SQL_LOG:2020-10-22 19:19:47]: SELECT *  FROM  member  WHERE  mem_id = ?     [7]
[SQL_LOG:2020-10-22 19:19:49]: SELECT ctg_id, category_name  FROM  category     []
[SQL_LOG:2020-10-22 19:19:49]: SELECT item_id, item_name, price, image, ctg_id  FROM  item     []
[SQL_LOG:2020-10-22 19:19:56]: SELECT *  FROM  member  WHERE  mem_id = ?     [7]
[SQL_LOG:2020-10-22 19:19:58]: SELECT ctg_id, category_name  FROM  category     []
[SQL_LOG:2020-10-22 19:19:58]: SELECT item_id, item_name, price, image, ctg_id  FROM  item     []
[SQL_LOG:2020-10-22 19:20:00]: SELECT mem_id, family_name, first_name, family_name_kana, first_name_kana, email, user_id, sex, traffic, regist_date, update_date  FROM  member     []
[SQL_LOG:2020-10-22 19:20:01]: SELECT *  FROM  member  WHERE  mem_id = ?     [7]
[SQL_LOG:2020-10-22 19:20:03]: SELECT ctg_id, category_name  FROM  category     []
[SQL_LOG:2020-10-22 19:20:03]: SELECT item_id, item_name, price, image, ctg_id  FROM  item     []
[SQL_LOG:2020-10-22 19:20:07]: SELECT *  FROM  member  WHERE  mem_id = ?     [7]
[SQL_LOG:2020-10-22 19:20:12]: SELECT *  FROM  member  WHERE  mem_id = ?     [7]
[SQL_LOG:2020-10-22 19:20:16]: SELECT *  FROM  member  WHERE  mem_id = ?     [7]
[SQL_LOG:2020-10-22 19:20:20]: SELECT *  FROM  member  WHERE  mem_id = ?     [7]
[SQL_LOG:2020-10-22 19:20:22]: SELECT ctg_id, category_name  FROM  category     []
[SQL_LOG:2020-10-22 19:20:22]: SELECT item_id, item_name, price, image, ctg_id  FROM  item     []
[SQL_LOG:2020-10-22 19:20:55]: SELECT *  FROM  member  WHERE  mem_id = ?     [7]
[SQL_LOG:2020-10-22 19:20:56]: SELECT ctg_id, category_name  FROM  category     []
[SQL_LOG:2020-10-22 19:20:56]: SELECT item_id, item_name, price, image, ctg_id  FROM  item     []
[SQL_LOG:2020-10-22 19:21:03]: SELECT ctg_id, category_name  FROM  category     []
[SQL_LOG:2020-10-22 19:21:03]: SELECT item_id, item_name, price, image, ctg_id  FROM  item     []
[SQL_LOG:2020-10-22 19:21:05]: SELECT *  FROM  member  WHERE  mem_id = ?     [7]
[SQL_LOG:2020-10-22 19:21:07]: SELECT ctg_id, category_name  FROM  category     []
[SQL_LOG:2020-10-22 19:21:07]: SELECT item_id, item_name, price, image, ctg_id  FROM  item     []
[SQL_LOG:2020-10-22 19:21:09]: SELECT *  FROM  member  WHERE  mem_id = ?     [7]
[SQL_LOG:2020-10-22 19:21:11]: SELECT ctg_id, category_name  FROM  category     []
[SQL_LOG:2020-10-22 19:21:11]: SELECT item_id, item_name, price, image, ctg_id  FROM  item     []
[SQL_LOG:2020-10-22 19:21:13]: SELECT *  FROM  member  WHERE  mem_id = ?     [7]
[SQL_LOG:2020-10-22 19:21:14]: SELECT ctg_id, category_name  FROM  category     []
[SQL_LOG:2020-10-22 19:21:14]: SELECT item_id, item_name, price, image, ctg_id  FROM  item     []
[SQL_LOG:2020-10-22 19:21:16]: SELECT ctg_id, category_name  FROM  category     []
[SQL_LOG:2020-10-22 19:21:16]: SELECT item_id, item_name, price, image, ctg_id  FROM  item     []
[SQL_LOG:2020-10-22 19:21:17]: SELECT ctg_id, category_name  FROM  category     []
[SQL_LOG:2020-10-22 19:21:17]: SELECT item_id, item_name, detail, price, image, ctg_id FROM  item  WHERE  item_id = ?     [1]
[SQL_LOG:2020-10-22 19:21:18]: SELECT ctg_id, category_name  FROM  category     []
[SQL_LOG:2020-10-22 19:21:18]: SELECT item_id, item_name, price, image, ctg_id  FROM  item     []
[SQL_LOG:2020-10-22 19:21:23]: SELECT ctg_id, category_name  FROM  category     []
[SQL_LOG:2020-10-22 19:21:23]: SELECT item_id, item_name, price, image, ctg_id  FROM  item  WHERE  ctg_id = ?     [1]
[SQL_LOG:2020-10-22 19:21:24]: SELECT ctg_id, category_name  FROM  category     []
[SQL_LOG:2020-10-22 19:21:24]: SELECT item_id, item_name, price, image, ctg_id  FROM  item     []
[SQL_LOG:2020-10-22 19:21:25]: SELECT *  FROM  member  WHERE  mem_id = ?     [7]
[SQL_LOG:2020-10-22 19:21:26]: SELECT ctg_id, category_name  FROM  category     []
[SQL_LOG:2020-10-22 19:21:26]: SELECT item_id, item_name, price, image, ctg_id  FROM  item     []
