[SQL_LOG:2020-10-29 23:32:38]: SELECT ctg_id, category_name  FROM  category     []
[SQL_LOG:2020-10-29 23:32:38]: SELECT item_id, item_name, price, image, ctg_id  FROM  item     []
[SQL_LOG:2020-10-29 23:32:40]: SELECT ctg_id, category_name  FROM  category     []
[SQL_LOG:2020-10-29 23:32:40]: SELECT item_id, item_name, detail, price, image, ctg_id FROM  item  WHERE  item_id = ?     [1]
[SQL_LOG:2020-10-29 23:32:42]: SELECT *  FROM  likes  WHERE  item_id = ? AND mem_id = ?     [1,8]
[SQL_LOG:2020-10-29 23:32:42]: DELETE FROM likes WHERE item_id = ? AND mem_id = ?  [1,8]
[SQL_LOG:2020-10-29 23:32:47]: SELECT *  FROM  likes  WHERE  item_id = ? AND mem_id = ?     [1,8]
[SQL_LOG:2020-10-29 23:32:47]: INSERT INTO likes (item_id,mem_id,regist_date)VALUES(?,?,?) [1,8,2020-10-29 23:32:47]
[SQL_LOG:2020-10-29 23:32:50]: SELECT *  FROM  likes  WHERE  item_id = ? AND mem_id = ?     [1,8]
[SQL_LOG:2020-10-29 23:32:50]: DELETE FROM likes WHERE item_id = ? AND mem_id = ?  [1,8]
[SQL_LOG:2020-10-29 23:33:54]: SELECT ctg_id, category_name  FROM  category     []
[SQL_LOG:2020-10-29 23:33:54]: SELECT item_id, item_name, price, image, ctg_id  FROM  item     []
[SQL_LOG:2020-10-29 23:33:56]: SELECT ctg_id, category_name  FROM  category     []
[SQL_LOG:2020-10-29 23:33:56]: SELECT item_id, item_name, detail, price, image, ctg_id FROM  item  WHERE  item_id = ?     [1]
[SQL_LOG:2020-10-29 23:33:57]: SELECT *  FROM  likes  WHERE  item_id = ? AND mem_id = ?     [1,8]
[SQL_LOG:2020-10-29 23:33:57]: INSERT INTO likes (item_id,mem_id,regist_date)VALUES(?,?,?) [1,8,2020-10-29 23:33:57]
[SQL_LOG:2020-10-29 23:34:01]: SELECT *  FROM  likes  WHERE  item_id = ? AND mem_id = ?     [1,8]
[SQL_LOG:2020-10-29 23:34:01]: DELETE FROM likes WHERE item_id = ? AND mem_id = ?  [1,8]
[SQL_LOG:2020-10-29 23:39:50]: SELECT ctg_id, category_name  FROM  category     []
[SQL_LOG:2020-10-29 23:39:50]: SELECT item_id, item_name, price, image, ctg_id  FROM  item     []
[SQL_LOG:2020-10-29 23:39:53]: SELECT ctg_id, category_name  FROM  category     []
[SQL_LOG:2020-10-29 23:39:53]: SELECT item_id, item_name, detail, price, image, ctg_id FROM  item  WHERE  item_id = ?     [5]
[SQL_LOG:2020-10-29 23:39:54]: SELECT *  FROM  likes  WHERE  item_id = ? AND mem_id = ?     [5,8]
[SQL_LOG:2020-10-29 23:39:54]: INSERT INTO likes (item_id,mem_id,regist_date)VALUES(?,?,?) [5,8,2020-10-29 23:39:54]
[SQL_LOG:2020-10-29 23:39:59]: SELECT ctg_id, category_name  FROM  category     []
[SQL_LOG:2020-10-29 23:39:59]: SELECT item_id, item_name, price, image, ctg_id  FROM  item     []
[SQL_LOG:2020-10-29 23:40:01]: SELECT *  FROM  member  WHERE  mem_id = ?     [8]
[SQL_LOG:2020-10-29 23:40:06]: SELECT ctg_id, category_name  FROM  category     []
[SQL_LOG:2020-10-29 23:40:06]: SELECT item_id, item_name, price, image, ctg_id  FROM  item     []
[SQL_LOG:2020-10-29 23:40:11]: SELECT *  FROM  member  WHERE  mem_id = ?     [8]
[SQL_LOG:2020-10-29 23:40:12]: SELECT ctg_id, category_name  FROM  category     []
[SQL_LOG:2020-10-29 23:40:12]: SELECT item_id, item_name, price, image, ctg_id  FROM  item     []
[SQL_LOG:2020-10-29 23:40:20]: SELECT c.crt_id, i.item_id, i.item_name, i.price, i.image FROM  cart c LEFT JOIN item i ON c.item_id = i.item_id  WHERE  c.customer_no = ? AND c.delete_flg = ?    [8,0]
[SQL_LOG:2020-10-29 23:40:20]: SELECT SUM(i.price) AS totalPrice  FROM  cart c LEFT JOIN item i ON c.item_id = i.item_id  WHERE  c.customer_no = ? AND c.delete_flg = ?    [8,0]
[SQL_LOG:2020-10-29 23:40:20]: SELECT SUM(num) AS num  FROM  cart c  WHERE  c.customer_no = ? AND c.delete_flg = ?    [8,0]
[SQL_LOG:2020-10-29 23:40:22]: SELECT ctg_id, category_name  FROM  category     []
[SQL_LOG:2020-10-29 23:40:22]: SELECT item_id, item_name, price, image, ctg_id  FROM  item     []
[SQL_LOG:2020-10-29 23:40:23]: SELECT c.crt_id, i.item_id, i.item_name, i.price, i.image FROM  cart c LEFT JOIN item i ON c.item_id = i.item_id  WHERE  c.customer_no = ? AND c.delete_flg = ?    [8,0]
[SQL_LOG:2020-10-29 23:40:23]: SELECT SUM(i.price) AS totalPrice  FROM  cart c LEFT JOIN item i ON c.item_id = i.item_id  WHERE  c.customer_no = ? AND c.delete_flg = ?    [8,0]
[SQL_LOG:2020-10-29 23:40:23]: SELECT SUM(num) AS num  FROM  cart c  WHERE  c.customer_no = ? AND c.delete_flg = ?    [8,0]
[SQL_LOG:2020-10-29 23:40:25]: SELECT c.crt_id, i.item_id, i.item_name, i.price, i.image FROM  cart c LEFT JOIN item i ON c.item_id = i.item_id  WHERE  c.customer_no = ? AND c.delete_flg = ?    [8,0]
[SQL_LOG:2020-10-29 23:40:25]: SELECT SUM(i.price) AS totalPrice  FROM  cart c LEFT JOIN item i ON c.item_id = i.item_id  WHERE  c.customer_no = ? AND c.delete_flg = ?    [8,0]
[SQL_LOG:2020-10-29 23:40:25]: SELECT SUM(num) AS num  FROM  cart c  WHERE  c.customer_no = ? AND c.delete_flg = ?    [8,0]
[SQL_LOG:2020-10-29 23:40:28]: SELECT ctg_id, category_name  FROM  category     []
[SQL_LOG:2020-10-29 23:40:28]: SELECT item_id, item_name, price, image, ctg_id  FROM  item     []
