[SQL_LOG:2021-01-15 00:21:02]: SELECT ctg_id, category_name, cate_genre FROM  category  WHERE  cate_genre = ?     [item]
[SQL_LOG:2021-01-15 00:21:02]: SELECT item_id, item_name, price, image, ctg_id  FROM  item     []
[SQL_LOG:2021-01-15 00:21:22]: SELECT ctg_id, category_name, cate_genre FROM  category  WHERE  cate_genre = ?     [item]
[SQL_LOG:2021-01-15 00:21:22]: SELECT item_id, item_name, price, image, ctg_id  FROM  item  WHERE  ctg_id = ?     [9]
[SQL_LOG:2021-01-15 00:21:22]: SELECT ctg_id, category_name, cate_genre FROM  category  WHERE  cate_genre = ?     [item]
[SQL_LOG:2021-01-15 00:21:22]: SELECT item_id, item_name, price, image, ctg_id  FROM  item  WHERE  ctg_id = ?     [10]
[SQL_LOG:2021-01-15 00:21:23]: SELECT ctg_id, category_name, cate_genre FROM  category  WHERE  cate_genre = ?     [item]
[SQL_LOG:2021-01-15 00:21:23]: SELECT item_id, item_name, price, image, ctg_id  FROM  item  WHERE  ctg_id = ?     [12]
[SQL_LOG:2021-01-15 00:21:24]: SELECT ctg_id, category_name, cate_genre FROM  category  WHERE  cate_genre = ?     [item]
[SQL_LOG:2021-01-15 00:21:24]: SELECT item_id, item_name, price, image, ctg_id  FROM  item  WHERE  ctg_id = ?     [11]
[SQL_LOG:2021-01-15 00:21:24]: SELECT ctg_id, category_name, cate_genre FROM  category  WHERE  cate_genre = ?     [item]
[SQL_LOG:2021-01-15 00:21:24]: SELECT item_id, item_name, price, image, ctg_id  FROM  item  WHERE  ctg_id = ?     [9]
[SQL_LOG:2021-01-15 00:21:25]: SELECT ctg_id, category_name, cate_genre FROM  category  WHERE  cate_genre = ?     [item]
[SQL_LOG:2021-01-15 00:21:25]: SELECT item_id, item_name, price, image, ctg_id  FROM  item     []
[SQL_LOG:2021-01-15 00:51:46]: SELECT news_id, title, body, regist_date, update_date  FROM  news  WHERE  delete_flg = ?   ORDER BY  regist_date DESC    [0]
[SQL_LOG:2021-01-15 00:52:12]: SELECT ctg_id, category_name, cate_genre FROM  category  WHERE  cate_genre = ?     [item]
[SQL_LOG:2021-01-15 00:52:12]: SELECT item_id, item_name, price, image, ctg_id  FROM  item     []
[SQL_LOG:2021-01-15 00:52:13]: SELECT ctg_id, category_name, cate_genre FROM  category  WHERE  cate_genre = ?     [item]
[SQL_LOG:2021-01-15 00:52:13]: SELECT item_id, item_name, detail, price, image, ctg_id FROM  item  WHERE  item_id = ?     [1]
[SQL_LOG:2021-01-15 00:52:13]: SELECT COUNT(*) AS NUM  FROM  likes  WHERE  item_id = ?     [1]
[SQL_LOG:2021-01-15 00:52:13]: SELECT *  FROM  likes  WHERE  item_id = ? AND mem_id = ?     [1,1]
[SQL_LOG:2021-01-15 01:05:19]: SELECT ctg_id, category_name, cate_genre FROM  category  WHERE  cate_genre = ?     [item]
[SQL_LOG:2021-01-15 01:05:19]: SELECT item_id, item_name, detail, price, image, ctg_id FROM  item  WHERE  item_id = ?     [1]
[SQL_LOG:2021-01-15 01:05:19]: SELECT COUNT(*) AS NUM  FROM  likes  WHERE  item_id = ?     [1]
[SQL_LOG:2021-01-15 01:05:19]: SELECT *  FROM  likes  WHERE  item_id = ? AND mem_id = ?     [1,1]
[SQL_LOG:2021-01-15 01:54:24]: SELECT ctg_id, category_name, cate_genre FROM  category  WHERE  cate_genre = ?     [item]
[SQL_LOG:2021-01-15 01:54:24]: SELECT item_id, item_name, detail, price, image, ctg_id FROM  item  WHERE  item_id = ?     [1]
[SQL_LOG:2021-01-15 01:54:24]: SELECT COUNT(*) AS NUM  FROM  likes  WHERE  item_id = ?     [1]
[SQL_LOG:2021-01-15 01:54:24]: SELECT *  FROM  likes  WHERE  item_id = ? AND mem_id = ?     [1,1]
[SQL_LOG:2021-01-15 06:13:21]: SELECT news_id, title, body, regist_date, update_date  FROM  news  WHERE  delete_flg = ?   ORDER BY  regist_date DESC    [0]
[SQL_LOG:2021-01-15 06:13:23]: SELECT c.crt_id, c.num, c.unit_price, c.sub_total_price, i.item_id, i.item_name, i.price, i.image FROM  cart c LEFT JOIN item i ON c.item_id = i.item_id  WHERE  c.mem_id = ? AND c.delete_flg = ?     [1,0]
[SQL_LOG:2021-01-15 06:13:23]: SELECT SUM(c.sub_total_price) AS totalPrice  FROM  cart c LEFT JOIN item i ON c.item_id = i.item_id  WHERE  c.mem_id = ? AND c.delete_flg = ?    [1,0]
[SQL_LOG:2021-01-15 06:13:23]: SELECT SUM(num) AS num  FROM  cart c  WHERE  c.mem_id = ? AND c.delete_flg = ?    [1,0]
[SQL_LOG:2021-01-15 06:13:25]: SELECT news_id, title, body, regist_date, update_date  FROM  news  WHERE  delete_flg = ?   ORDER BY  regist_date DESC    [0]
[SQL_LOG:2021-01-15 06:13:26]: SELECT ctg_id, category_name, cate_genre FROM  category  WHERE  cate_genre = ?     [item]
[SQL_LOG:2021-01-15 06:13:26]: SELECT item_id, item_name, price, image, ctg_id  FROM  item     []
[SQL_LOG:2021-01-15 06:13:27]: SELECT ctg_id, category_name, cate_genre FROM  category  WHERE  cate_genre = ?     [item]
[SQL_LOG:2021-01-15 06:13:27]: SELECT item_id, item_name, price, image, ctg_id  FROM  item     []
[SQL_LOG:2021-01-15 06:13:32]: SELECT news_id, title, body, regist_date, update_date  FROM  news  WHERE  delete_flg = ?   ORDER BY  regist_date DESC    [0]
[SQL_LOG:2021-01-15 06:13:34]: SELECT ctg_id, category_name, cate_genre FROM  category  WHERE  cate_genre = ?     [item]
[SQL_LOG:2021-01-15 06:13:34]: SELECT item_id, item_name, price, image, ctg_id  FROM  item     []
[SQL_LOG:2021-01-15 06:13:35]: SELECT news_id, title, body, regist_date, update_date  FROM  news  WHERE  delete_flg = ?   ORDER BY  regist_date DESC    [0]
[SQL_LOG:2021-01-15 06:14:04]: SELECT ctg_id, category_name, cate_genre FROM  category  WHERE  cate_genre = ?     [item]
[SQL_LOG:2021-01-15 06:14:04]: SELECT item_id, item_name, price, image, ctg_id  FROM  item     []
[SQL_LOG:2021-01-15 06:14:05]: SELECT news_id, title, body, regist_date, update_date  FROM  news  WHERE  delete_flg = ?   ORDER BY  regist_date DESC    [0]
[SQL_LOG:2021-01-15 06:14:28]: SELECT news_id, title, body, regist_date, update_date  FROM  news  WHERE  delete_flg = ?   ORDER BY  regist_date DESC    [0]
[SQL_LOG:2021-01-15 06:14:34]: SELECT news_id, title, body, regist_date, update_date  FROM  news  WHERE  delete_flg = ?   ORDER BY  regist_date DESC    [0]
[SQL_LOG:2021-01-15 06:45:12]: SELECT ctg_id, category_name, cate_genre FROM  category  WHERE  cate_genre = ?     [item]
[SQL_LOG:2021-01-15 06:45:12]: SELECT item_id, item_name, price, image, ctg_id  FROM  item     []
[SQL_LOG:2021-01-15 06:45:13]: SELECT news_id, title, body, regist_date, update_date  FROM  news  WHERE  delete_flg = ?   ORDER BY  regist_date DESC    [0]
[SQL_LOG:2021-01-15 06:45:17]: SELECT ctg_id, category_name, cate_genre FROM  category  WHERE  cate_genre = ?     [item]
[SQL_LOG:2021-01-15 06:45:17]: SELECT item_id, item_name, price, image, ctg_id  FROM  item     []
[SQL_LOG:2021-01-15 06:45:17]: SELECT news_id, title, body, regist_date, update_date  FROM  news  WHERE  delete_flg = ?   ORDER BY  regist_date DESC    [0]
[SQL_LOG:2021-01-15 06:45:18]: SELECT ctg_id, category_name, cate_genre FROM  category  WHERE  cate_genre = ?     [item]
[SQL_LOG:2021-01-15 06:45:18]: SELECT item_id, item_name, price, image, ctg_id  FROM  item     []
[SQL_LOG:2021-01-15 06:45:20]: SELECT news_id, title, body, regist_date, update_date  FROM  news  WHERE  delete_flg = ?   ORDER BY  regist_date DESC    [0]
[SQL_LOG:2021-01-15 06:45:21]: SELECT ctg_id, category_name, cate_genre FROM  category  WHERE  cate_genre = ?     [item]
[SQL_LOG:2021-01-15 06:45:21]: SELECT item_id, item_name, price, image, ctg_id  FROM  item     []
[SQL_LOG:2021-01-15 06:45:22]: SELECT news_id, title, body, regist_date, update_date  FROM  news  WHERE  delete_flg = ?   ORDER BY  regist_date DESC    [0]
[SQL_LOG:2021-01-15 11:54:31]: SELECT news_id, title, body, regist_date, update_date  FROM  news  WHERE  delete_flg = ?   ORDER BY  regist_date DESC    [0]
[SQL_LOG:2021-01-15 11:54:33]: SELECT ctg_id, category_name, cate_genre FROM  category  WHERE  cate_genre = ?     [item]
[SQL_LOG:2021-01-15 11:54:33]: SELECT item_id, item_name, price, image, ctg_id  FROM  item     []
[SQL_LOG:2021-01-15 11:54:34]: SELECT ctg_id, category_name, cate_genre FROM  category  WHERE  cate_genre = ?     [item]
[SQL_LOG:2021-01-15 11:54:34]: SELECT item_id, item_name, detail, price, image, ctg_id FROM  item  WHERE  item_id = ?     [1]
[SQL_LOG:2021-01-15 11:54:34]: SELECT COUNT(*) AS NUM  FROM  likes  WHERE  item_id = ?     [1]
[SQL_LOG:2021-01-15 11:54:34]: SELECT *  FROM  likes  WHERE  item_id = ? AND mem_id = ?     [1,1]
[SQL_LOG:2021-01-15 11:54:37]: SELECT price  FROM  item  WHERE  item_id = ?     [1]
[SQL_LOG:2021-01-15 11:54:37]: INSERT INTO cart (mem_id,item_id,num,unit_price,sub_total_price,regist_date)VALUES(?,?,?,?,?,?) [1,1,7,150,1050,2021-01-15 11:54:37]
[SQL_LOG:2021-01-15 11:54:37]: SELECT c.crt_id, c.num, c.unit_price, c.sub_total_price, i.item_id, i.item_name, i.price, i.image FROM  cart c LEFT JOIN item i ON c.item_id = i.item_id  WHERE  c.mem_id = ? AND c.delete_flg = ?     [1,0]
[SQL_LOG:2021-01-15 11:54:37]: SELECT SUM(c.sub_total_price) AS totalPrice  FROM  cart c LEFT JOIN item i ON c.item_id = i.item_id  WHERE  c.mem_id = ? AND c.delete_flg = ?    [1,0]
[SQL_LOG:2021-01-15 11:54:37]: SELECT SUM(num) AS num  FROM  cart c  WHERE  c.mem_id = ? AND c.delete_flg = ?    [1,0]
[SQL_LOG:2021-01-15 11:54:40]: SELECT c.crt_id, c.num, c.unit_price, c.sub_total_price, i.item_id, i.item_name, i.price, i.image FROM  cart c LEFT JOIN item i ON c.item_id = i.item_id  WHERE  c.mem_id = ? AND c.delete_flg = ?     [1,0]
[SQL_LOG:2021-01-15 11:54:40]: SELECT SUM(c.sub_total_price) AS totalPrice  FROM  cart c LEFT JOIN item i ON c.item_id = i.item_id  WHERE  c.mem_id = ? AND c.delete_flg = ?    [1,0]
[SQL_LOG:2021-01-15 11:54:40]: SELECT SUM(num) AS num  FROM  cart c  WHERE  c.mem_id = ? AND c.delete_flg = ?    [1,0]
[SQL_LOG:2021-01-15 11:54:41]: SELECT c.crt_id, c.num, c.unit_price, c.sub_total_price, i.item_id, i.item_name, i.price, i.image FROM  cart c LEFT JOIN item i ON c.item_id = i.item_id  WHERE  c.mem_id = ? AND c.delete_flg = ?     [1,0]
[SQL_LOG:2021-01-15 11:54:41]: SELECT SUM(c.sub_total_price) AS totalPrice  FROM  cart c LEFT JOIN item i ON c.item_id = i.item_id  WHERE  c.mem_id = ? AND c.delete_flg = ?    [1,0]
[SQL_LOG:2021-01-15 11:54:41]: SELECT SUM(num) AS num  FROM  cart c  WHERE  c.mem_id = ? AND c.delete_flg = ?    [1,0]
[SQL_LOG:2021-01-15 11:54:50]: SELECT c.crt_id, c.num, c.unit_price, c.sub_total_price, i.item_id, i.item_name, i.price, i.image FROM  cart c LEFT JOIN item i ON c.item_id = i.item_id  WHERE  c.mem_id = ? AND c.delete_flg = ?     [1,0]
[SQL_LOG:2021-01-15 11:54:50]: SELECT SUM(c.sub_total_price) AS totalPrice  FROM  cart c LEFT JOIN item i ON c.item_id = i.item_id  WHERE  c.mem_id = ? AND c.delete_flg = ?    [1,0]
[SQL_LOG:2021-01-15 11:54:50]: SELECT SUM(num) AS num  FROM  cart c  WHERE  c.mem_id = ? AND c.delete_flg = ?    [1,0]
[SQL_LOG:2021-01-15 11:54:55]: SELECT c.crt_id, c.num, c.unit_price, c.sub_total_price, i.item_id, i.item_name, i.price, i.image FROM  cart c LEFT JOIN item i ON c.item_id = i.item_id  WHERE  c.mem_id = ? AND c.delete_flg = ?     [1,0]
[SQL_LOG:2021-01-15 11:54:55]: SELECT SUM(c.sub_total_price) AS totalPrice  FROM  cart c LEFT JOIN item i ON c.item_id = i.item_id  WHERE  c.mem_id = ? AND c.delete_flg = ?    [1,0]
[SQL_LOG:2021-01-15 11:54:55]: SELECT SUM(num) AS num  FROM  cart c  WHERE  c.mem_id = ? AND c.delete_flg = ?    [1,0]
[SQL_LOG:2021-01-15 11:55:01]: SELECT ctg_id, category_name, cate_genre FROM  category  WHERE  cate_genre = ?     [item]
[SQL_LOG:2021-01-15 11:55:01]: SELECT item_id, item_name, price, image, ctg_id  FROM  item     []
[SQL_LOG:2021-01-15 11:55:02]: SELECT ctg_id, category_name, cate_genre FROM  category  WHERE  cate_genre = ?     [item]
[SQL_LOG:2021-01-15 11:55:02]: SELECT item_id, item_name, detail, price, image, ctg_id FROM  item  WHERE  item_id = ?     [2]
[SQL_LOG:2021-01-15 11:55:02]: SELECT COUNT(*) AS NUM  FROM  likes  WHERE  item_id = ?     [2]
[SQL_LOG:2021-01-15 11:55:02]: SELECT *  FROM  likes  WHERE  item_id = ? AND mem_id = ?     [2,1]
[SQL_LOG:2021-01-15 11:55:10]: SELECT price  FROM  item  WHERE  item_id = ?     [2]
[SQL_LOG:2021-01-15 11:55:10]: INSERT INTO cart (mem_id,item_id,num,unit_price,sub_total_price,regist_date)VALUES(?,?,?,?,?,?) [1,2,4,150,600,2021-01-15 11:55:10]
[SQL_LOG:2021-01-15 11:55:10]: SELECT c.crt_id, c.num, c.unit_price, c.sub_total_price, i.item_id, i.item_name, i.price, i.image FROM  cart c LEFT JOIN item i ON c.item_id = i.item_id  WHERE  c.mem_id = ? AND c.delete_flg = ?     [1,0]
[SQL_LOG:2021-01-15 11:55:10]: SELECT SUM(c.sub_total_price) AS totalPrice  FROM  cart c LEFT JOIN item i ON c.item_id = i.item_id  WHERE  c.mem_id = ? AND c.delete_flg = ?    [1,0]
[SQL_LOG:2021-01-15 11:55:10]: SELECT SUM(num) AS num  FROM  cart c  WHERE  c.mem_id = ? AND c.delete_flg = ?    [1,0]
[SQL_LOG:2021-01-15 11:55:12]: SELECT c.crt_id, c.num, c.unit_price, c.sub_total_price, i.item_id, i.item_name, i.price, i.image FROM  cart c LEFT JOIN item i ON c.item_id = i.item_id  WHERE  c.mem_id = ? AND c.delete_flg = ?     [1,0]
[SQL_LOG:2021-01-15 11:55:12]: SELECT SUM(c.sub_total_price) AS totalPrice  FROM  cart c LEFT JOIN item i ON c.item_id = i.item_id  WHERE  c.mem_id = ? AND c.delete_flg = ?    [1,0]
[SQL_LOG:2021-01-15 11:55:12]: SELECT SUM(num) AS num  FROM  cart c  WHERE  c.mem_id = ? AND c.delete_flg = ?    [1,0]
[SQL_LOG:2021-01-15 11:56:35]: SELECT c.crt_id, c.num, c.unit_price, c.sub_total_price, i.item_id, i.item_name, i.price, i.image FROM  cart c LEFT JOIN item i ON c.item_id = i.item_id  WHERE  c.mem_id = ? AND c.delete_flg = ?     [1,0]
[SQL_LOG:2021-01-15 11:56:35]: SELECT *  FROM  member  WHERE  mem_id = ?     [1]
[SQL_LOG:2021-01-15 11:56:35]: INSERT INTO orders (order_key,item_id,num,sub_total_price,mem_id,email,regist_date,delete_flg)VALUES(?,?,?,?,?,?,?,?) [APZZkneStWU0jeY,1,7,1050,1,tttvvvaken@gmail.com,2021-01-15 11:56:35,]
[SQL_LOG:2021-01-15 11:56:35]: UPDATE cart  SET delete_date =? ,delete_flg =?  WHERE  crt_id = ?  [2021-01-15 11:56:35,1,337]
[SQL_LOG:2021-01-15 11:56:35]: SELECT stock_num  FROM  item  WHERE  item_id = ?     [1]
[SQL_LOG:2021-01-15 11:56:35]: UPDATE item  SET stock_num =?  WHERE  item_id = ?  [74,1]
[SQL_LOG:2021-01-15 11:56:35]: INSERT INTO orders (order_key,item_id,num,sub_total_price,mem_id,email,regist_date,delete_flg)VALUES(?,?,?,?,?,?,?,?) [APZZkneStWU0jeY,2,4,600,1,tttvvvaken@gmail.com,2021-01-15 11:56:35,]
[SQL_LOG:2021-01-15 11:56:35]: UPDATE cart  SET delete_date =? ,delete_flg =?  WHERE  crt_id = ?  [2021-01-15 11:56:35,1,338]
[SQL_LOG:2021-01-15 11:56:35]: SELECT stock_num  FROM  item  WHERE  item_id = ?     [2]
[SQL_LOG:2021-01-15 11:56:35]: UPDATE item  SET stock_num =?  WHERE  item_id = ?  [132,2]
[SQL_LOG:2021-01-15 11:57:31]: SELECT news_id, title, body, regist_date, update_date  FROM  news  WHERE  delete_flg = ?   ORDER BY  regist_date DESC    [0]
[SQL_LOG:2021-01-15 14:03:05]: SELECT news_id, title, body, regist_date, update_date  FROM  news  WHERE  delete_flg = ?   ORDER BY  regist_date DESC    [0]
[SQL_LOG:2021-01-15 14:03:06]: SELECT news_id, title, body, regist_date, update_date  FROM  news  WHERE  delete_flg = ?   ORDER BY  regist_date DESC    [0]
[SQL_LOG:2021-01-15 14:03:12]: SELECT *  FROM  member  WHERE  mem_id = ?     [1]
[SQL_LOG:2021-01-15 14:03:14]: SELECT news_id, title, body, regist_date, update_date  FROM  news  WHERE  delete_flg = ?   ORDER BY  regist_date DESC    [0]
