[SQL_LOG:2021-02-03 22:40:58]: SELECT news_id, title, body, regist_date, update_date  FROM  news  WHERE  delete_flg = ?   ORDER BY  regist_date DESC    [0]
[SQL_LOG:2021-02-03 22:41:00]: SELECT news_id, title, body, regist_date, update_date  FROM  news  WHERE  delete_flg = ?   ORDER BY  regist_date DESC    [0]
[SQL_LOG:2021-02-03 22:41:01]: SELECT ctg_id, category_name, cate_genre FROM  category  WHERE  cate_genre = ?     [item]
[SQL_LOG:2021-02-03 22:41:01]: SELECT item_id, item_name, price, image, ctg_id  FROM  item     []
[SQL_LOG:2021-02-03 22:43:03]: SELECT *  FROM  member  WHERE  mem_id = ?     [2]
[SQL_LOG:2021-02-03 22:43:05]: SELECT news_id, title, body, regist_date, update_date  FROM  news  WHERE  delete_flg = ?   ORDER BY  regist_date DESC    [0]
[SQL_LOG:2021-02-03 22:49:16]: SELECT ctg_id, category_name, cate_genre FROM  category  WHERE  cate_genre = ?     [item]
[SQL_LOG:2021-02-03 22:49:16]: SELECT item_id, item_name, price, image, ctg_id  FROM  item     []
[SQL_LOG:2021-02-03 22:56:05]: SELECT ctg_id, category_name, cate_genre FROM  category  WHERE  cate_genre = ?     [item]
[SQL_LOG:2021-02-03 22:56:05]: SELECT item_id, item_name, price, image, ctg_id  FROM  item     []
[SQL_LOG:2021-02-03 22:56:06]: SELECT ctg_id, category_name, cate_genre FROM  category  WHERE  cate_genre = ?     [item]
[SQL_LOG:2021-02-03 22:56:06]: SELECT item_id, item_name, price, image, ctg_id  FROM  item     []
[SQL_LOG:2021-02-03 22:56:08]: SELECT news_id, title, body, regist_date, update_date  FROM  news  WHERE  delete_flg = ?   ORDER BY  regist_date DESC    [0]
[SQL_LOG:2021-02-03 22:56:15]: SELECT ctg_id, category_name, cate_genre FROM  category  WHERE  cate_genre = ?     [item]
[SQL_LOG:2021-02-03 22:56:15]: SELECT item_id, item_name, price, image, ctg_id  FROM  item     []
[SQL_LOG:2021-02-03 22:56:24]: SELECT ctg_id, category_name, cate_genre FROM  category  WHERE  cate_genre = ?     [item]
[SQL_LOG:2021-02-03 22:56:24]: SELECT item_id, item_name, price, image, ctg_id  FROM  item     []
[SQL_LOG:2021-02-03 22:57:32]: SELECT ctg_id, category_name, cate_genre FROM  category  WHERE  cate_genre = ?     [item]
[SQL_LOG:2021-02-03 22:57:32]: SELECT item_id, item_name, price, image, ctg_id  FROM  item     []
[SQL_LOG:2021-02-03 22:57:41]: SELECT ctg_id, category_name, cate_genre FROM  category  WHERE  cate_genre = ?     [item]
[SQL_LOG:2021-02-03 22:57:41]: SELECT item_id, item_name, price, image, ctg_id  FROM  item     []
[SQL_LOG:2021-02-03 22:57:42]: SELECT ctg_id, category_name, cate_genre FROM  category  WHERE  cate_genre = ?     [item]
[SQL_LOG:2021-02-03 22:57:42]: SELECT item_id, item_name, price, image, ctg_id  FROM  item     []
[SQL_LOG:2021-02-03 23:02:24]: SELECT ctg_id, category_name, cate_genre FROM  category  WHERE  cate_genre = ?     [item]
[SQL_LOG:2021-02-03 23:02:24]: SELECT item_id, item_name, price, image, ctg_id  FROM  item     []
[SQL_LOG:2021-02-03 23:03:17]: SELECT ctg_id, category_name, cate_genre FROM  category  WHERE  cate_genre = ?     [item]
[SQL_LOG:2021-02-03 23:03:17]: SELECT  item_id, item_name, price, image, ctg_id  FROM item    []
[SQL_LOG:2021-02-03 23:03:18]: SELECT ctg_id, category_name, cate_genre FROM  category  WHERE  cate_genre = ?     [item]
[SQL_LOG:2021-02-03 23:03:18]: SELECT  item_id, item_name, price, image, ctg_id  FROM item    []
[SQL_LOG:2021-02-03 23:10:19]: SELECT ctg_id, category_name, cate_genre FROM  category  WHERE  cate_genre = ?     [item]
[SQL_LOG:2021-02-03 23:10:19]: SELECT  item_id, item_name, price, image, ctg_id  FROM item    []
[SQL_LOG:2021-02-03 23:10:43]: SELECT ctg_id, category_name, cate_genre FROM  category  WHERE  cate_genre = ?     [item]
[SQL_LOG:2021-02-03 23:10:43]: SELECT  item_id, item_name, price, image, ctg_id  FROM item    []
[SQL_LOG:2021-02-03 23:11:32]: SELECT ctg_id, category_name, cate_genre FROM  category  WHERE  cate_genre = ?     [item]
[SQL_LOG:2021-02-03 23:11:32]: SELECT  item_id, item_name, price, image, ctg_id  FROM item    []
[SQL_LOG:2021-02-03 23:11:50]: SELECT ctg_id, category_name, cate_genre FROM  category  WHERE  cate_genre = ?     [item]
[SQL_LOG:2021-02-03 23:11:50]: SELECT  item_id, item_name, price, image, ctg_id  FROM item    []
[SQL_LOG:2021-02-03 23:13:56]: SELECT ctg_id, category_name, cate_genre FROM  category  WHERE  cate_genre = ?     [item]
[SQL_LOG:2021-02-03 23:13:56]: SELECT  item_id, item_name, price, image, ctg_id  FROM item    []
[SQL_LOG:2021-02-03 23:16:02]: SELECT ctg_id, category_name, cate_genre FROM  category  WHERE  cate_genre = ?     [item]
[SQL_LOG:2021-02-03 23:16:02]: SELECT  item_id, item_name, price, image, ctg_id  FROM item    []
[SQL_LOG:2021-02-03 23:17:11]: SELECT ctg_id, category_name, cate_genre FROM  category  WHERE  cate_genre = ?     [item]
[SQL_LOG:2021-02-03 23:17:11]: SELECT item_id, item_name, detail, price, image, ctg_id FROM  item  WHERE  item_id = ?     [2]
[SQL_LOG:2021-02-03 23:17:11]: SELECT COUNT(*) AS NUM  FROM  likes  WHERE  item_id = ?     [2]
[SQL_LOG:2021-02-03 23:17:11]: SELECT *  FROM  likes  WHERE  item_id = ? AND mem_id = ?     [2,2]
[SQL_LOG:2021-02-03 23:17:23]: SELECT ctg_id, category_name, cate_genre FROM  category  WHERE  cate_genre = ?     [item]
[SQL_LOG:2021-02-03 23:17:23]: SELECT  item_id, item_name, price, image, ctg_id  FROM item    []
[SQL_LOG:2021-02-03 23:17:25]: SELECT ctg_id, category_name, cate_genre FROM  category  WHERE  cate_genre = ?     [item]
[SQL_LOG:2021-02-03 23:17:25]: SELECT item_id, item_name, detail, price, image, ctg_id FROM  item  WHERE  item_id = ?     [1]
[SQL_LOG:2021-02-03 23:17:25]: SELECT COUNT(*) AS NUM  FROM  likes  WHERE  item_id = ?     [1]
[SQL_LOG:2021-02-03 23:17:25]: SELECT *  FROM  likes  WHERE  item_id = ? AND mem_id = ?     [1,2]
[SQL_LOG:2021-02-03 23:17:34]: SELECT ctg_id, category_name, cate_genre FROM  category  WHERE  cate_genre = ?     [item]
[SQL_LOG:2021-02-03 23:17:34]: SELECT  item_id, item_name, price, image, ctg_id  FROM item    []
[SQL_LOG:2021-02-03 23:17:35]: SELECT ctg_id, category_name, cate_genre FROM  category  WHERE  cate_genre = ?     [item]
[SQL_LOG:2021-02-03 23:17:35]: SELECT item_id, item_name, detail, price, image, ctg_id FROM  item  WHERE  item_id = ?     [1]
[SQL_LOG:2021-02-03 23:17:35]: SELECT COUNT(*) AS NUM  FROM  likes  WHERE  item_id = ?     [1]
[SQL_LOG:2021-02-03 23:17:35]: SELECT *  FROM  likes  WHERE  item_id = ? AND mem_id = ?     [1,2]
[SQL_LOG:2021-02-03 23:17:41]: SELECT ctg_id, category_name, cate_genre FROM  category  WHERE  cate_genre = ?     [item]
[SQL_LOG:2021-02-03 23:17:41]: SELECT  item_id, item_name, price, image, ctg_id  FROM item    []
[SQL_LOG:2021-02-03 23:17:43]: SELECT ctg_id, category_name, cate_genre FROM  category  WHERE  cate_genre = ?     [item]
[SQL_LOG:2021-02-03 23:17:43]: SELECT item_id, item_name, detail, price, image, ctg_id FROM  item  WHERE  item_id = ?     [1]
[SQL_LOG:2021-02-03 23:17:43]: SELECT COUNT(*) AS NUM  FROM  likes  WHERE  item_id = ?     [1]
[SQL_LOG:2021-02-03 23:17:43]: SELECT *  FROM  likes  WHERE  item_id = ? AND mem_id = ?     [1,2]
[SQL_LOG:2021-02-03 23:17:51]: SELECT ctg_id, category_name, cate_genre FROM  category  WHERE  cate_genre = ?     [item]
[SQL_LOG:2021-02-03 23:17:51]: SELECT  item_id, item_name, price, image, ctg_id  FROM item    []
[SQL_LOG:2021-02-03 23:18:54]: SELECT ctg_id, category_name, cate_genre FROM  category  WHERE  cate_genre = ?     [item]
[SQL_LOG:2021-02-03 23:18:54]: SELECT item_id, item_name, price, image, ctg_id  FROM  item  WHERE  ctg_id = ?     [9]
[SQL_LOG:2021-02-03 23:18:54]: SELECT ctg_id, category_name, cate_genre FROM  category  WHERE  cate_genre = ?     [item]
[SQL_LOG:2021-02-03 23:18:54]: SELECT item_id, item_name, price, image, ctg_id  FROM  item  WHERE  ctg_id = ?     [10]
[SQL_LOG:2021-02-03 23:18:55]: SELECT ctg_id, category_name, cate_genre FROM  category  WHERE  cate_genre = ?     [item]
[SQL_LOG:2021-02-03 23:18:55]: SELECT item_id, item_name, price, image, ctg_id  FROM  item  WHERE  ctg_id = ?     [11]
[SQL_LOG:2021-02-03 23:18:57]: SELECT ctg_id, category_name, cate_genre FROM  category  WHERE  cate_genre = ?     [item]
[SQL_LOG:2021-02-03 23:18:57]: SELECT item_id, item_name, price, image, ctg_id  FROM  item  WHERE  ctg_id = ?     [9]
[SQL_LOG:2021-02-03 23:18:58]: SELECT ctg_id, category_name, cate_genre FROM  category  WHERE  cate_genre = ?     [item]
[SQL_LOG:2021-02-03 23:18:58]: SELECT item_id, item_name, price, image, ctg_id  FROM  item     []
[SQL_LOG:2021-02-03 23:21:24]: SELECT ctg_id, category_name, cate_genre FROM  category  WHERE  cate_genre = ?     [item]
[SQL_LOG:2021-02-03 23:21:24]: SELECT  item_id, item_name, price, image, ctg_id  FROM item    []
[SQL_LOG:2021-02-03 23:23:30]: SELECT ctg_id, category_name, cate_genre FROM  category  WHERE  cate_genre = ?     [item]
[SQL_LOG:2021-02-03 23:23:30]: SELECT  item_id, item_name, price, image, ctg_id  FROM item    []
[SQL_LOG:2021-02-03 23:24:04]: SELECT ctg_id, category_name, cate_genre FROM  category  WHERE  cate_genre = ?     [item]
[SQL_LOG:2021-02-03 23:24:04]: SELECT  item_id, item_name, price, image, ctg_id  FROM item    []
[SQL_LOG:2021-02-03 23:24:23]: SELECT ctg_id, category_name, cate_genre FROM  category  WHERE  cate_genre = ?     [item]
[SQL_LOG:2021-02-03 23:24:23]: SELECT  item_id, item_name, price, image, ctg_id  FROM item    []
[SQL_LOG:2021-02-03 23:25:03]: SELECT ctg_id, category_name, cate_genre FROM  category  WHERE  cate_genre = ?     [item]
[SQL_LOG:2021-02-03 23:25:03]: SELECT item_id, item_name, price, image, ctg_id  FROM  item  WHERE  ctg_id = ?     [10]
[SQL_LOG:2021-02-03 23:25:04]: SELECT ctg_id, category_name, cate_genre FROM  category  WHERE  cate_genre = ?     [item]
[SQL_LOG:2021-02-03 23:25:04]: SELECT item_id, item_name, price, image, ctg_id  FROM  item  WHERE  ctg_id = ?     [9]
[SQL_LOG:2021-02-03 23:25:05]: SELECT ctg_id, category_name, cate_genre FROM  category  WHERE  cate_genre = ?     [item]
[SQL_LOG:2021-02-03 23:25:05]: SELECT item_id, item_name, price, image, ctg_id  FROM  item     []
[SQL_LOG:2021-02-03 23:25:08]: SELECT ctg_id, category_name, cate_genre FROM  category  WHERE  cate_genre = ?     [item]
[SQL_LOG:2021-02-03 23:25:08]: SELECT item_id, item_name, detail, price, image, ctg_id FROM  item  WHERE  item_id = ?     [1]
[SQL_LOG:2021-02-03 23:25:08]: SELECT COUNT(*) AS NUM  FROM  likes  WHERE  item_id = ?     [1]
[SQL_LOG:2021-02-03 23:25:08]: SELECT *  FROM  likes  WHERE  item_id = ? AND mem_id = ?     [1,2]
[SQL_LOG:2021-02-03 23:25:11]: SELECT ctg_id, category_name, cate_genre FROM  category  WHERE  cate_genre = ?     [item]
[SQL_LOG:2021-02-03 23:25:11]: SELECT item_id, item_name, price, image, ctg_id  FROM  item     []
[SQL_LOG:2021-02-03 23:25:41]: SELECT ctg_id, category_name, cate_genre FROM  category  WHERE  cate_genre = ?     [item]
[SQL_LOG:2021-02-03 23:25:41]: SELECT item_id, item_name, price, image, ctg_id  FROM  item     []
[SQL_LOG:2021-02-03 23:28:12]: SELECT ctg_id, category_name, cate_genre FROM  category  WHERE  cate_genre = ?     [item]
[SQL_LOG:2021-02-03 23:28:12]: SELECT item_id, item_name, price, image, ctg_id  FROM  item     []
[SQL_LOG:2021-02-03 23:28:13]: SELECT ctg_id, category_name, cate_genre FROM  category  WHERE  cate_genre = ?     [item]
[SQL_LOG:2021-02-03 23:28:13]: SELECT item_id, item_name, price, image, ctg_id  FROM  item     []
[SQL_LOG:2021-02-03 23:28:24]: SELECT ctg_id, category_name, cate_genre FROM  category  WHERE  cate_genre = ?     [item]
[SQL_LOG:2021-02-03 23:28:24]: SELECT item_id, item_name, price, image, ctg_id  FROM  item     []
[SQL_LOG:2021-02-03 23:28:28]: SELECT ctg_id, category_name, cate_genre FROM  category  WHERE  cate_genre = ?     [item]
[SQL_LOG:2021-02-03 23:28:28]: SELECT item_id, item_name, detail, price, image, ctg_id FROM  item  WHERE  item_id = ?     [1]
[SQL_LOG:2021-02-03 23:28:28]: SELECT COUNT(*) AS NUM  FROM  likes  WHERE  item_id = ?     [1]
[SQL_LOG:2021-02-03 23:28:28]: SELECT *  FROM  likes  WHERE  item_id = ? AND mem_id = ?     [1,2]
[SQL_LOG:2021-02-03 23:28:30]: SELECT ctg_id, category_name, cate_genre FROM  category  WHERE  cate_genre = ?     [item]
[SQL_LOG:2021-02-03 23:28:30]: SELECT item_id, item_name, price, image, ctg_id  FROM  item     []
[SQL_LOG:2021-02-03 23:28:48]: SELECT ctg_id, category_name, cate_genre FROM  category  WHERE  cate_genre = ?     [item]
[SQL_LOG:2021-02-03 23:28:48]: SELECT item_id, item_name, price, image, ctg_id  FROM  item     []
[SQL_LOG:2021-02-03 23:29:57]: SELECT ctg_id, category_name, cate_genre FROM  category  WHERE  cate_genre = ?     [item]
[SQL_LOG:2021-02-03 23:29:57]: SELECT item_id, item_name, price, image, ctg_id  FROM  item     []
[SQL_LOG:2021-02-03 23:30:22]: SELECT ctg_id, category_name, cate_genre FROM  category  WHERE  cate_genre = ?     [item]
[SQL_LOG:2021-02-03 23:30:22]: SELECT item_id, item_name, price, image, ctg_id  FROM  item     []
[SQL_LOG:2021-02-03 23:30:26]: SELECT ctg_id, category_name, cate_genre FROM  category  WHERE  cate_genre = ?     [item]
[SQL_LOG:2021-02-03 23:30:26]: SELECT item_id, item_name, price, image, ctg_id  FROM  item     []
[SQL_LOG:2021-02-03 23:31:16]: SELECT ctg_id, category_name, cate_genre FROM  category  WHERE  cate_genre = ?     [item]
[SQL_LOG:2021-02-03 23:31:16]: SELECT item_id, item_name, price, image, ctg_id  FROM  item     []
[SQL_LOG:2021-02-03 23:33:03]: SELECT ctg_id, category_name, cate_genre FROM  category  WHERE  cate_genre = ?     [item]
[SQL_LOG:2021-02-03 23:33:03]: SELECT item_id, item_name, price, image, ctg_id  FROM  item     []
[SQL_LOG:2021-02-03 23:33:48]: SELECT ctg_id, category_name, cate_genre FROM  category  WHERE  cate_genre = ?     [item]
[SQL_LOG:2021-02-03 23:33:48]: SELECT item_id, item_name, price, image, ctg_id  FROM  item     []
[SQL_LOG:2021-02-03 23:34:12]: SELECT ctg_id, category_name, cate_genre FROM  category  WHERE  cate_genre = ?     [item]
[SQL_LOG:2021-02-03 23:34:12]: SELECT item_id, item_name, price, image, ctg_id  FROM  item     []
[SQL_LOG:2021-02-03 23:34:51]: SELECT ctg_id, category_name, cate_genre FROM  category  WHERE  cate_genre = ?     [item]
[SQL_LOG:2021-02-03 23:34:51]: SELECT item_id, item_name, price, image, ctg_id  FROM  item     []
[SQL_LOG:2021-02-03 23:35:36]: SELECT c.crt_id, c.num, c.unit_price, c.sub_total_price, i.item_id, i.item_name, i.price, i.image FROM  cart c LEFT JOIN item i ON c.item_id = i.item_id  WHERE  c.mem_id = ? AND c.delete_flg = ?     [2,0]
[SQL_LOG:2021-02-03 23:35:36]: SELECT SUM(c.sub_total_price) AS totalPrice  FROM  cart c LEFT JOIN item i ON c.item_id = i.item_id  WHERE  c.mem_id = ? AND c.delete_flg = ?    [2,0]
[SQL_LOG:2021-02-03 23:35:36]: SELECT SUM(num) AS num  FROM  cart c  WHERE  c.mem_id = ? AND c.delete_flg = ?    [2,0]
[SQL_LOG:2021-02-03 23:35:40]: SELECT news_id, title, body, regist_date, update_date  FROM  news  WHERE  delete_flg = ?   ORDER BY  regist_date DESC    [0]
[SQL_LOG:2021-02-03 23:37:12]: SELECT news_id, title, body, regist_date, update_date  FROM  news  WHERE  delete_flg = ?   ORDER BY  regist_date DESC    [0]
[SQL_LOG:2021-02-03 23:37:14]: SELECT ctg_id, category_name, cate_genre FROM  category  WHERE  cate_genre = ?     [item]
[SQL_LOG:2021-02-03 23:37:14]: SELECT item_id, item_name, price, image, ctg_id  FROM  item     []
[SQL_LOG:2021-02-03 23:37:17]: SELECT news_id, title, body, regist_date, update_date  FROM  news  WHERE  delete_flg = ?   ORDER BY  regist_date DESC    [0]
[SQL_LOG:2021-02-03 23:37:18]: SELECT ctg_id, category_name, cate_genre FROM  category  WHERE  cate_genre = ?     [item]
[SQL_LOG:2021-02-03 23:37:18]: SELECT item_id, item_name, price, image, ctg_id  FROM  item     []
[SQL_LOG:2021-02-03 23:41:07]: SELECT c.crt_id, c.num, c.unit_price, c.sub_total_price, i.item_id, i.item_name, i.price, i.image FROM  cart c LEFT JOIN item i ON c.item_id = i.item_id  WHERE  c.mem_id = ? AND c.delete_flg = ?     [2,0]
[SQL_LOG:2021-02-03 23:41:07]: SELECT SUM(c.sub_total_price) AS totalPrice  FROM  cart c LEFT JOIN item i ON c.item_id = i.item_id  WHERE  c.mem_id = ? AND c.delete_flg = ?    [2,0]
[SQL_LOG:2021-02-03 23:41:07]: SELECT SUM(num) AS num  FROM  cart c  WHERE  c.mem_id = ? AND c.delete_flg = ?    [2,0]
[SQL_LOG:2021-02-03 23:41:09]: SELECT ctg_id, category_name, cate_genre FROM  category  WHERE  cate_genre = ?     [item]
[SQL_LOG:2021-02-03 23:41:09]: SELECT item_id, item_name, price, image, ctg_id  FROM  item     []
[SQL_LOG:2021-02-03 23:41:19]: SELECT news_id, title, body, regist_date, update_date  FROM  news  WHERE  delete_flg = ?   ORDER BY  regist_date DESC    [0]
[SQL_LOG:2021-02-03 23:41:27]: SELECT *  FROM  member  WHERE  mem_id = ?     []
[SQL_LOG:2021-02-03 23:41:27]: INSERT INTO contact (subject,body,mem_id,user_id,email,regist_date,delete_flg)VALUES(?,?,?,?,?,?,?) [dっg,jihuhuo,,,,2021-02-03 23:41:27,]
[SQL_LOG:2021-02-03 23:41:31]: SELECT news_id, title, body, regist_date, update_date  FROM  news  WHERE  delete_flg = ?   ORDER BY  regist_date DESC    [0]
[SQL_LOG:2021-02-03 23:41:36]: SELECT news_id, title, body, regist_date, update_date  FROM  news  WHERE  delete_flg = ?   ORDER BY  regist_date DESC    [0]
[SQL_LOG:2021-02-03 23:42:23]: SELECT *  FROM member WHERE  email = ?     []
[SQL_LOG:2021-02-03 23:51:26]: SELECT news_id, title, body, regist_date, update_date  FROM  news  WHERE  delete_flg = ?   ORDER BY  regist_date DESC    [0]
[SQL_LOG:2021-02-03 23:51:32]: SELECT news_id, title, body, regist_date, update_date  FROM  news  WHERE  delete_flg = ?   ORDER BY  regist_date DESC    [0]
[SQL_LOG:2021-02-03 23:51:44]: SELECT *  FROM  member  WHERE  email = ?     [tttvvvaken@gmail.com]
[SQL_LOG:2021-02-03 23:51:50]: SELECT *  FROM  member  WHERE  email = ?     [tttvvvaken@gmail.com]
[SQL_LOG:2021-02-03 23:52:14]: SELECT *  FROM  member  WHERE  email = ?     [tttvvvaken2@gmail.com]
[SQL_LOG:2021-02-03 23:52:15]: SELECT session_key  FROM  loginsession  WHERE  mem_id = ?     [2]
[SQL_LOG:2021-02-03 23:52:15]: SELECT news_id, title, body, regist_date, update_date  FROM  news  WHERE  delete_flg = ?   ORDER BY  regist_date DESC    [0]
[SQL_LOG:2021-02-03 23:52:17]: SELECT ctg_id, category_name, cate_genre FROM  category  WHERE  cate_genre = ?     [item]
[SQL_LOG:2021-02-03 23:52:17]: SELECT item_id, item_name, price, image, ctg_id  FROM  item     []
[SQL_LOG:2021-02-03 23:52:19]: SELECT news_id, title, body, regist_date, update_date  FROM  news  WHERE  delete_flg = ?   ORDER BY  regist_date DESC    [0]
[SQL_LOG:2021-02-03 23:52:21]: SELECT ctg_id, category_name, cate_genre FROM  category  WHERE  cate_genre = ?     [item]
[SQL_LOG:2021-02-03 23:52:21]: SELECT item_id, item_name, price, image, ctg_id  FROM  item     []
[SQL_LOG:2021-02-03 23:52:23]: SELECT ctg_id, category_name, cate_genre FROM  category  WHERE  cate_genre = ?     [item]
[SQL_LOG:2021-02-03 23:52:23]: SELECT item_id, item_name, price, image, ctg_id  FROM  item  WHERE  ctg_id = ?     [9]
[SQL_LOG:2021-02-03 23:52:23]: SELECT ctg_id, category_name, cate_genre FROM  category  WHERE  cate_genre = ?     [item]
[SQL_LOG:2021-02-03 23:52:23]: SELECT item_id, item_name, price, image, ctg_id  FROM  item     []
[SQL_LOG:2021-02-03 23:52:24]: SELECT ctg_id, category_name, cate_genre FROM  category  WHERE  cate_genre = ?     [item]
[SQL_LOG:2021-02-03 23:52:24]: SELECT item_id, item_name, price, image, ctg_id  FROM  item  WHERE  ctg_id = ?     [10]
[SQL_LOG:2021-02-03 23:52:24]: SELECT ctg_id, category_name, cate_genre FROM  category  WHERE  cate_genre = ?     [item]
[SQL_LOG:2021-02-03 23:52:24]: SELECT item_id, item_name, price, image, ctg_id  FROM  item  WHERE  ctg_id = ?     [11]
[SQL_LOG:2021-02-03 23:52:25]: SELECT ctg_id, category_name, cate_genre FROM  category  WHERE  cate_genre = ?     [item]
[SQL_LOG:2021-02-03 23:52:25]: SELECT item_id, item_name, price, image, ctg_id  FROM  item     []
[SQL_LOG:2021-02-03 23:52:27]: SELECT ctg_id, category_name, cate_genre FROM  category  WHERE  cate_genre = ?     [item]
[SQL_LOG:2021-02-03 23:52:27]: SELECT item_id, item_name, price, image, ctg_id  FROM  item     []
[SQL_LOG:2021-02-03 23:52:29]: SELECT ctg_id, category_name, cate_genre FROM  category  WHERE  cate_genre = ?     [item]
[SQL_LOG:2021-02-03 23:52:29]: SELECT item_id, item_name, price, image, ctg_id  FROM  item     []
[SQL_LOG:2021-02-03 23:52:38]: SELECT news_id, title, body, regist_date, update_date  FROM  news  WHERE  delete_flg = ?   ORDER BY  regist_date DESC    [0]
