[SQL_LOG:2021-01-16 18:21:38]: SELECT c.crt_id, c.num, c.unit_price, c.sub_total_price, i.item_id, i.item_name, i.price, i.image FROM  cart c LEFT JOIN item i ON c.item_id = i.item_id  WHERE  c.mem_id = ? AND c.delete_flg = ?     [1,0]
[SQL_LOG:2021-01-16 18:21:38]: SELECT SUM(c.sub_total_price) AS totalPrice  FROM  cart c LEFT JOIN item i ON c.item_id = i.item_id  WHERE  c.mem_id = ? AND c.delete_flg = ?    [1,0]
[SQL_LOG:2021-01-16 18:21:38]: SELECT SUM(num) AS num  FROM  cart c  WHERE  c.mem_id = ? AND c.delete_flg = ?    [1,0]
[SQL_LOG:2021-01-16 18:21:46]: SELECT news_id, title, body, regist_date, update_date  FROM  news  WHERE  delete_flg = ?   ORDER BY  regist_date DESC    [0]
[SQL_LOG:2021-01-16 18:21:48]: SELECT c.crt_id, c.num, c.unit_price, c.sub_total_price, i.item_id, i.item_name, i.price, i.image FROM  cart c LEFT JOIN item i ON c.item_id = i.item_id  WHERE  c.mem_id = ? AND c.delete_flg = ?     [1,0]
[SQL_LOG:2021-01-16 18:21:48]: SELECT SUM(c.sub_total_price) AS totalPrice  FROM  cart c LEFT JOIN item i ON c.item_id = i.item_id  WHERE  c.mem_id = ? AND c.delete_flg = ?    [1,0]
[SQL_LOG:2021-01-16 18:21:48]: SELECT SUM(num) AS num  FROM  cart c  WHERE  c.mem_id = ? AND c.delete_flg = ?    [1,0]
[SQL_LOG:2021-01-16 18:21:50]: SELECT ctg_id, category_name, cate_genre FROM  category  WHERE  cate_genre = ?     [item]
[SQL_LOG:2021-01-16 18:21:50]: SELECT item_id, item_name, price, image, ctg_id  FROM  item     []
[SQL_LOG:2021-01-16 18:21:51]: SELECT news_id, title, body, regist_date, update_date  FROM  news  WHERE  delete_flg = ?   ORDER BY  regist_date DESC    [0]
[SQL_LOG:2021-01-16 18:21:56]: SELECT ctg_id, category_name, cate_genre FROM  category  WHERE  cate_genre = ?     [item]
[SQL_LOG:2021-01-16 18:21:56]: SELECT item_id, item_name, price, image, ctg_id  FROM  item     []
[SQL_LOG:2021-01-16 18:21:58]: SELECT news_id, title, body, regist_date, update_date  FROM  news  WHERE  delete_flg = ?   ORDER BY  regist_date DESC    [0]
[SQL_LOG:2021-01-16 18:21:59]: SELECT ctg_id, category_name, cate_genre FROM  category  WHERE  cate_genre = ?     [item]
[SQL_LOG:2021-01-16 18:21:59]: SELECT item_id, item_name, price, image, ctg_id  FROM  item     []
[SQL_LOG:2021-01-16 18:22:01]: SELECT news_id, title, body, regist_date, update_date  FROM  news  WHERE  delete_flg = ?   ORDER BY  regist_date DESC    [0]
[SQL_LOG:2021-01-16 18:23:14]: SELECT news_id, title, body, regist_date, update_date  FROM  news  WHERE  delete_flg = ?   ORDER BY  regist_date DESC    [0]
[SQL_LOG:2021-01-16 18:48:41]: SELECT news_id, title, body, regist_date, update_date  FROM  news  WHERE  delete_flg = ?   ORDER BY  regist_date DESC    [0]
[SQL_LOG:2021-01-16 18:48:42]: SELECT news_id, title, body, regist_date, update_date  FROM  news  WHERE  delete_flg = ?   ORDER BY  regist_date DESC    [0]
[SQL_LOG:2021-01-16 18:48:57]: SELECT news_id, title, body, regist_date, update_date  FROM  news  WHERE  delete_flg = ?   ORDER BY  regist_date DESC    [0]
[SQL_LOG:2021-01-16 18:49:33]: SELECT news_id, title, body, regist_date, update_date  FROM  news  WHERE  delete_flg = ?   ORDER BY  regist_date DESC    [0]
[SQL_LOG:2021-01-16 18:54:06]: SELECT news_id, title, body, regist_date, update_date  FROM  news  WHERE  delete_flg = ?   ORDER BY  regist_date DESC    [0]
[SQL_LOG:2021-01-16 19:43:29]: SELECT news_id, title, body, regist_date, update_date  FROM  news  WHERE  delete_flg = ?   ORDER BY  regist_date DESC    [0]
[SQL_LOG:2021-01-16 19:43:30]: SELECT news_id, title, body, regist_date, update_date  FROM  news  WHERE  delete_flg = ?   ORDER BY  regist_date DESC    [0]
[SQL_LOG:2021-01-16 19:43:37]: SELECT news_id, title, body, regist_date, update_date  FROM  news  WHERE  delete_flg = ?   ORDER BY  regist_date DESC    [0]
[SQL_LOG:2021-01-16 19:43:38]: SELECT news_id, title, body, regist_date, update_date  FROM  news  WHERE  delete_flg = ?   ORDER BY  regist_date DESC    [0]
[SQL_LOG:2021-01-16 19:43:39]: SELECT ctg_id, category_name, cate_genre FROM  category  WHERE  cate_genre = ?     [item]
[SQL_LOG:2021-01-16 19:43:39]: SELECT item_id, item_name, price, image, ctg_id  FROM  item     []
[SQL_LOG:2021-01-16 19:43:41]: SELECT ctg_id, category_name, cate_genre FROM  category  WHERE  cate_genre = ?     [item]
[SQL_LOG:2021-01-16 19:43:41]: SELECT item_id, item_name, price, image, ctg_id  FROM  item     []
[SQL_LOG:2021-01-16 19:43:47]: SELECT c.crt_id, c.num, c.unit_price, c.sub_total_price, i.item_id, i.item_name, i.price, i.image FROM  cart c LEFT JOIN item i ON c.item_id = i.item_id  WHERE  c.mem_id = ? AND c.delete_flg = ?     [1,0]
[SQL_LOG:2021-01-16 19:43:47]: SELECT SUM(c.sub_total_price) AS totalPrice  FROM  cart c LEFT JOIN item i ON c.item_id = i.item_id  WHERE  c.mem_id = ? AND c.delete_flg = ?    [1,0]
[SQL_LOG:2021-01-16 19:43:47]: SELECT SUM(num) AS num  FROM  cart c  WHERE  c.mem_id = ? AND c.delete_flg = ?    [1,0]
[SQL_LOG:2021-01-16 19:44:14]: SELECT news_id, title, body, regist_date, update_date  FROM  news  WHERE  delete_flg = ?   ORDER BY  regist_date DESC    [0]
[SQL_LOG:2021-01-16 19:44:17]: SELECT ctg_id, category_name, cate_genre FROM  category  WHERE  cate_genre = ?     [item]
[SQL_LOG:2021-01-16 19:44:17]: SELECT item_id, item_name, price, image, ctg_id  FROM  item     []
[SQL_LOG:2021-01-16 20:06:21]: SELECT ctg_id, category_name, cate_genre FROM  category  WHERE  cate_genre = ?     [item]
[SQL_LOG:2021-01-16 20:06:21]: SELECT item_id, item_name, price, image, ctg_id  FROM  item     []
[SQL_LOG:2021-01-16 20:06:46]: SELECT ctg_id, category_name, cate_genre FROM  category  WHERE  cate_genre = ?     [item]
[SQL_LOG:2021-01-16 20:06:46]: SELECT item_id, item_name, price, image, ctg_id  FROM  item     []
[SQL_LOG:2021-01-16 20:07:24]: SELECT ctg_id, category_name, cate_genre FROM  category  WHERE  cate_genre = ?     [item]
[SQL_LOG:2021-01-16 20:07:24]: SELECT item_id, item_name, price, image, ctg_id  FROM  item     []
[SQL_LOG:2021-01-16 20:17:14]: SELECT ctg_id, category_name, cate_genre FROM  category  WHERE  cate_genre = ?     [item]
[SQL_LOG:2021-01-16 20:17:14]: SELECT item_id, item_name, price, image, ctg_id  FROM  item     []
[SQL_LOG:2021-01-16 20:37:34]: SELECT ctg_id, category_name, cate_genre FROM  category  WHERE  cate_genre = ?     [item]
[SQL_LOG:2021-01-16 20:37:34]: SELECT item_id, item_name, price, image, ctg_id  FROM  item     []
[SQL_LOG:2021-01-16 20:37:41]: SELECT ctg_id, category_name, cate_genre FROM  category  WHERE  cate_genre = ?     [item]
[SQL_LOG:2021-01-16 20:37:41]: SELECT item_id, item_name, price, image, ctg_id  FROM  item     []
[SQL_LOG:2021-01-16 20:43:49]: SELECT news_id, title, body, regist_date, update_date  FROM  news  WHERE  delete_flg = ?   ORDER BY  regist_date DESC    [0]
[SQL_LOG:2021-01-16 20:44:35]: SELECT c.crt_id, c.num, c.unit_price, c.sub_total_price, i.item_id, i.item_name, i.price, i.image FROM  cart c LEFT JOIN item i ON c.item_id = i.item_id  WHERE  c.mem_id = ? AND c.delete_flg = ?     [1,0]
[SQL_LOG:2021-01-16 20:44:35]: SELECT SUM(c.sub_total_price) AS totalPrice  FROM  cart c LEFT JOIN item i ON c.item_id = i.item_id  WHERE  c.mem_id = ? AND c.delete_flg = ?    [1,0]
[SQL_LOG:2021-01-16 20:44:35]: SELECT SUM(num) AS num  FROM  cart c  WHERE  c.mem_id = ? AND c.delete_flg = ?    [1,0]
[SQL_LOG:2021-01-16 20:49:56]: SELECT *  FROM  member  WHERE  mem_id = ?     [1]
[SQL_LOG:2021-01-16 20:49:58]: SELECT *  FROM  member  WHERE  mem_id = ?     [1]
[SQL_LOG:2021-01-16 20:50:11]: SELECT *  FROM  member  WHERE  mem_id = ?     [1]
[SQL_LOG:2021-01-16 20:50:13]: SELECT news_id, title, body, regist_date, update_date  FROM  news  WHERE  delete_flg = ?   ORDER BY  regist_date DESC    [0]
[SQL_LOG:2021-01-16 20:50:30]: SELECT *  FROM  member  WHERE  email = ?     [tttvvvaken@gmail.com]
[SQL_LOG:2021-01-16 20:50:30]: SELECT session_key  FROM  loginsession  WHERE  mem_id = ?     [1]
[SQL_LOG:2021-01-16 20:50:30]: SELECT news_id, title, body, regist_date, update_date  FROM  news  WHERE  delete_flg = ?   ORDER BY  regist_date DESC    [0]
[SQL_LOG:2021-01-16 20:53:41]: SELECT news_id, title, body, regist_date, update_date  FROM  news  WHERE  delete_flg = ?   ORDER BY  regist_date DESC    [0]
[SQL_LOG:2021-01-16 20:53:43]: SELECT c.crt_id, c.num, c.unit_price, c.sub_total_price, i.item_id, i.item_name, i.price, i.image FROM  cart c LEFT JOIN item i ON c.item_id = i.item_id  WHERE  c.mem_id = ? AND c.delete_flg = ?     [1,0]
[SQL_LOG:2021-01-16 20:53:43]: SELECT SUM(c.sub_total_price) AS totalPrice  FROM  cart c LEFT JOIN item i ON c.item_id = i.item_id  WHERE  c.mem_id = ? AND c.delete_flg = ?    [1,0]
[SQL_LOG:2021-01-16 20:53:43]: SELECT SUM(num) AS num  FROM  cart c  WHERE  c.mem_id = ? AND c.delete_flg = ?    [1,0]
[SQL_LOG:2021-01-16 20:53:49]: SELECT news_id, title, body, regist_date, update_date  FROM  news  WHERE  delete_flg = ?   ORDER BY  regist_date DESC    [0]
[SQL_LOG:2021-01-16 20:54:33]: SELECT ctg_id, category_name, cate_genre FROM  category  WHERE  cate_genre = ?     [item]
[SQL_LOG:2021-01-16 20:54:33]: SELECT item_id, item_name, price, image, ctg_id  FROM  item     []
[SQL_LOG:2021-01-16 20:54:35]: SELECT news_id, title, body, regist_date, update_date  FROM  news  WHERE  delete_flg = ?   ORDER BY  regist_date DESC    [0]
[SQL_LOG:2021-01-16 21:33:33]: SELECT news_id, title, body, regist_date, update_date  FROM  news  WHERE  delete_flg = ?   ORDER BY  regist_date DESC    [0]
[SQL_LOG:2021-01-16 21:37:28]: SELECT c.crt_id, c.num, c.unit_price, c.sub_total_price, i.item_id, i.item_name, i.price, i.image FROM  cart c LEFT JOIN item i ON c.item_id = i.item_id  WHERE  c.mem_id = ? AND c.delete_flg = ?     [1,0]
[SQL_LOG:2021-01-16 21:37:28]: SELECT SUM(c.sub_total_price) AS totalPrice  FROM  cart c LEFT JOIN item i ON c.item_id = i.item_id  WHERE  c.mem_id = ? AND c.delete_flg = ?    [1,0]
[SQL_LOG:2021-01-16 21:37:28]: SELECT SUM(num) AS num  FROM  cart c  WHERE  c.mem_id = ? AND c.delete_flg = ?    [1,0]
[SQL_LOG:2021-01-16 21:37:30]: SELECT ctg_id, category_name, cate_genre FROM  category  WHERE  cate_genre = ?     [item]
[SQL_LOG:2021-01-16 21:37:30]: SELECT item_id, item_name, price, image, ctg_id  FROM  item     []
[SQL_LOG:2021-01-16 21:37:43]: SELECT *  FROM  member  WHERE  mem_id = ?     [1]
[SQL_LOG:2021-01-16 21:37:47]: SELECT *  FROM  member  WHERE  mem_id = ?     [1]
[SQL_LOG:2021-01-16 21:45:38]: SELECT news_id, title, body, regist_date, update_date  FROM  news  WHERE  delete_flg = ?   ORDER BY  regist_date DESC    [0]
[SQL_LOG:2021-01-16 21:46:05]: SELECT news_id, title, body, regist_date, update_date  FROM  news  WHERE  delete_flg = ?   ORDER BY  regist_date DESC    [0]
[SQL_LOG:2021-01-16 21:46:26]: SELECT news_id, title, body, regist_date, update_date  FROM  news  WHERE  delete_flg = ?   ORDER BY  regist_date DESC    [0]
[SQL_LOG:2021-01-16 21:46:40]: SELECT news_id, title, body, regist_date, update_date  FROM  news  WHERE  delete_flg = ?   ORDER BY  regist_date DESC    [0]
[SQL_LOG:2021-01-16 21:46:55]: SELECT news_id, title, body, regist_date, update_date  FROM  news  WHERE  delete_flg = ?   ORDER BY  regist_date DESC    [0]
[SQL_LOG:2021-01-16 21:46:57]: SELECT news_id, title, body, regist_date, update_date  FROM  news  WHERE  delete_flg = ?   ORDER BY  regist_date DESC    [0]
[SQL_LOG:2021-01-16 21:47:21]: SELECT news_id, title, body, regist_date, update_date  FROM  news  WHERE  delete_flg = ?   ORDER BY  regist_date DESC    [0]
[SQL_LOG:2021-01-16 21:48:09]: SELECT news_id, title, body, regist_date, update_date  FROM  news  WHERE  delete_flg = ?   ORDER BY  regist_date DESC    [0]
[SQL_LOG:2021-01-16 21:48:33]: SELECT news_id, title, body, regist_date, update_date  FROM  news  WHERE  delete_flg = ?   ORDER BY  regist_date DESC    [0]
[SQL_LOG:2021-01-16 21:48:51]: SELECT news_id, title, body, regist_date, update_date  FROM  news  WHERE  delete_flg = ?   ORDER BY  regist_date DESC    [0]
[SQL_LOG:2021-01-16 21:48:59]: SELECT c.crt_id, c.num, c.unit_price, c.sub_total_price, i.item_id, i.item_name, i.price, i.image FROM  cart c LEFT JOIN item i ON c.item_id = i.item_id  WHERE  c.mem_id = ? AND c.delete_flg = ?     [1,0]
[SQL_LOG:2021-01-16 21:48:59]: SELECT SUM(c.sub_total_price) AS totalPrice  FROM  cart c LEFT JOIN item i ON c.item_id = i.item_id  WHERE  c.mem_id = ? AND c.delete_flg = ?    [1,0]
[SQL_LOG:2021-01-16 21:48:59]: SELECT SUM(num) AS num  FROM  cart c  WHERE  c.mem_id = ? AND c.delete_flg = ?    [1,0]
[SQL_LOG:2021-01-16 21:50:35]: SELECT news_id, title, body, regist_date, update_date  FROM  news  WHERE  delete_flg = ?   ORDER BY  regist_date DESC    [0]
[SQL_LOG:2021-01-16 21:51:00]: SELECT news_id, title, body, regist_date, update_date  FROM  news  WHERE  delete_flg = ?   ORDER BY  regist_date DESC    [0]
[SQL_LOG:2021-01-16 21:51:43]: SELECT news_id, title, body, regist_date, update_date  FROM  news  WHERE  delete_flg = ?   ORDER BY  regist_date DESC    [0]
[SQL_LOG:2021-01-16 21:57:42]: SELECT news_id, title, body, regist_date, update_date  FROM  news  WHERE  delete_flg = ?   ORDER BY  regist_date DESC    [0]
[SQL_LOG:2021-01-16 21:58:48]: SELECT news_id, title, body, regist_date, update_date  FROM  news  WHERE  delete_flg = ?   ORDER BY  regist_date DESC    [0]
[SQL_LOG:2021-01-16 21:58:59]: SELECT *  FROM  member  WHERE  email = ?     [tttvvvaken@gmail.com]
[SQL_LOG:2021-01-16 21:59:07]: SELECT *  FROM  member  WHERE  email = ?     [tttvvvaken@gmail.com]
[SQL_LOG:2021-01-16 21:59:20]: SELECT *  FROM  member  WHERE  email = ?     [tttvvvaken@gmail.com]
[SQL_LOG:2021-01-16 21:59:25]: SELECT *  FROM  member  WHERE  email = ?     [tttvvvaken@gmail.com]
[SQL_LOG:2021-01-16 21:59:59]: SELECT *  FROM  member  WHERE  email = ?     [tttvvvaken@gmail.com]
[SQL_LOG:2021-01-16 21:59:59]: SELECT session_key  FROM  loginsession  WHERE  mem_id = ?     [1]
[SQL_LOG:2021-01-16 21:59:59]: SELECT news_id, title, body, regist_date, update_date  FROM  news  WHERE  delete_flg = ?   ORDER BY  regist_date DESC    [0]
[SQL_LOG:2021-01-16 22:03:45]: SELECT news_id, title, body, regist_date, update_date  FROM  news  WHERE  delete_flg = ?   ORDER BY  regist_date DESC    [0]
