[SQL_LOG:2021-02-02 11:10:16]: SELECT news_id, title, body, regist_date, update_date  FROM  news  WHERE  delete_flg = ?   ORDER BY  regist_date DESC    [0]
[SQL_LOG:2021-02-02 11:11:33]: SELECT news_id, title, body, regist_date, update_date  FROM  news  WHERE  delete_flg = ?   ORDER BY  regist_date DESC    [0]
[SQL_LOG:2021-02-02 11:12:07]: SELECT news_id, title, body, regist_date, update_date  FROM  news  WHERE  delete_flg = ?   ORDER BY  regist_date DESC    [0]
[SQL_LOG:2021-02-02 11:13:30]: SELECT *  FROM member WHERE  email = ?     [tttvvvaken]
[SQL_LOG:2021-02-02 11:13:50]: SELECT *  FROM member WHERE  email = ?     [tttvvvaken]
[SQL_LOG:2021-02-02 11:14:19]: SELECT *  FROM member WHERE  email = ?     [tttvvvaken@gmail.]
[SQL_LOG:2021-02-02 11:14:26]: SELECT *  FROM member WHERE  email = ?     [tttvvvaken@gmail]
[SQL_LOG:2021-02-02 11:14:42]: SELECT *  FROM member WHERE  email = ?     [tttvvvaken@gmail]
[SQL_LOG:2021-02-02 11:14:53]: SELECT *  FROM member WHERE  email = ?     [tttvvvaken@gmail]
[SQL_LOG:2021-02-02 11:15:04]: SELECT *  FROM member WHERE  email = ?     [tttvvvaken@gmail.com]
[SQL_LOG:2021-02-02 11:16:26]: SELECT *  FROM  member  WHERE  email = ?     [tttvvvaken@gmail.com]
[SQL_LOG:2021-02-02 11:16:26]: SELECT session_key  FROM  loginsession  WHERE  mem_id = ?     [1]
[SQL_LOG:2021-02-02 11:16:26]: SELECT news_id, title, body, regist_date, update_date  FROM  news  WHERE  delete_flg = ?   ORDER BY  regist_date DESC    [0]
[SQL_LOG:2021-02-02 11:17:45]: SELECT ctg_id, category_name, cate_genre FROM  category  WHERE  cate_genre = ?     [item]
[SQL_LOG:2021-02-02 11:17:45]: SELECT item_id, item_name, price, image, ctg_id  FROM  item     []
[SQL_LOG:2021-02-02 11:18:27]: SELECT ctg_id, category_name, cate_genre FROM  category  WHERE  cate_genre = ?     [item]
[SQL_LOG:2021-02-02 11:18:27]: SELECT item_id, item_name, price, image, ctg_id  FROM  item  WHERE  ctg_id = ?     [10]
[SQL_LOG:2021-02-02 11:18:28]: SELECT ctg_id, category_name, cate_genre FROM  category  WHERE  cate_genre = ?     [item]
[SQL_LOG:2021-02-02 11:18:28]: SELECT item_id, item_name, price, image, ctg_id  FROM  item  WHERE  ctg_id = ?     [9]
[SQL_LOG:2021-02-02 11:18:33]: SELECT ctg_id, category_name, cate_genre FROM  category  WHERE  cate_genre = ?     [item]
[SQL_LOG:2021-02-02 11:18:33]: SELECT item_id, item_name, detail, price, image, ctg_id FROM  item  WHERE  item_id = ?     [1]
[SQL_LOG:2021-02-02 11:18:33]: SELECT COUNT(*) AS NUM  FROM  likes  WHERE  item_id = ?     [1]
[SQL_LOG:2021-02-02 11:18:33]: SELECT *  FROM  likes  WHERE  item_id = ? AND mem_id = ?     [1,1]
[SQL_LOG:2021-02-02 11:18:44]: SELECT ctg_id, category_name, cate_genre FROM  category  WHERE  cate_genre = ?     [item]
[SQL_LOG:2021-02-02 11:18:44]: SELECT item_id, item_name, price, image, ctg_id  FROM  item  WHERE  ctg_id = ?     [9]
[SQL_LOG:2021-02-02 11:18:45]: SELECT ctg_id, category_name, cate_genre FROM  category  WHERE  cate_genre = ?     [item]
[SQL_LOG:2021-02-02 11:18:45]: SELECT item_id, item_name, detail, price, image, ctg_id FROM  item  WHERE  item_id = ?     [1]
[SQL_LOG:2021-02-02 11:18:45]: SELECT COUNT(*) AS NUM  FROM  likes  WHERE  item_id = ?     [1]
[SQL_LOG:2021-02-02 11:18:45]: SELECT *  FROM  likes  WHERE  item_id = ? AND mem_id = ?     [1,1]
[SQL_LOG:2021-02-02 11:18:49]: SELECT price  FROM  item  WHERE  item_id = ?     [1]
[SQL_LOG:2021-02-02 11:18:49]: INSERT INTO cart (mem_id,item_id,num,unit_price,sub_total_price,regist_date)VALUES(?,?,?,?,?,?) [1,1,4,150,600,2021-02-02 11:18:49]
[SQL_LOG:2021-02-02 11:18:49]: SELECT c.crt_id, c.num, c.unit_price, c.sub_total_price, i.item_id, i.item_name, i.price, i.image FROM  cart c LEFT JOIN item i ON c.item_id = i.item_id  WHERE  c.mem_id = ? AND c.delete_flg = ?     [1,0]
[SQL_LOG:2021-02-02 11:18:49]: SELECT SUM(c.sub_total_price) AS totalPrice  FROM  cart c LEFT JOIN item i ON c.item_id = i.item_id  WHERE  c.mem_id = ? AND c.delete_flg = ?    [1,0]
[SQL_LOG:2021-02-02 11:18:49]: SELECT SUM(num) AS num  FROM  cart c  WHERE  c.mem_id = ? AND c.delete_flg = ?    [1,0]
[SQL_LOG:2021-02-02 11:18:58]: SELECT ctg_id, category_name, cate_genre FROM  category  WHERE  cate_genre = ?     [item]
[SQL_LOG:2021-02-02 11:18:58]: SELECT item_id, item_name, price, image, ctg_id  FROM  item     []
[SQL_LOG:2021-02-02 11:18:59]: SELECT ctg_id, category_name, cate_genre FROM  category  WHERE  cate_genre = ?     [item]
[SQL_LOG:2021-02-02 11:18:59]: SELECT item_id, item_name, detail, price, image, ctg_id FROM  item  WHERE  item_id = ?     [1]
[SQL_LOG:2021-02-02 11:18:59]: SELECT COUNT(*) AS NUM  FROM  likes  WHERE  item_id = ?     [1]
[SQL_LOG:2021-02-02 11:18:59]: SELECT *  FROM  likes  WHERE  item_id = ? AND mem_id = ?     [1,1]
[SQL_LOG:2021-02-02 11:19:07]: SELECT price  FROM  item  WHERE  item_id = ?     [1]
[SQL_LOG:2021-02-02 11:19:07]: INSERT INTO cart (mem_id,item_id,num,unit_price,sub_total_price,regist_date)VALUES(?,?,?,?,?,?) [1,1,5,150,750,2021-02-02 11:19:07]
[SQL_LOG:2021-02-02 11:19:07]: SELECT c.crt_id, c.num, c.unit_price, c.sub_total_price, i.item_id, i.item_name, i.price, i.image FROM  cart c LEFT JOIN item i ON c.item_id = i.item_id  WHERE  c.mem_id = ? AND c.delete_flg = ?     [1,0]
[SQL_LOG:2021-02-02 11:19:07]: SELECT SUM(c.sub_total_price) AS totalPrice  FROM  cart c LEFT JOIN item i ON c.item_id = i.item_id  WHERE  c.mem_id = ? AND c.delete_flg = ?    [1,0]
[SQL_LOG:2021-02-02 11:19:07]: SELECT SUM(num) AS num  FROM  cart c  WHERE  c.mem_id = ? AND c.delete_flg = ?    [1,0]
[SQL_LOG:2021-02-02 11:19:27]: SELECT ctg_id, category_name, cate_genre FROM  category  WHERE  cate_genre = ?     [item]
[SQL_LOG:2021-02-02 11:19:27]: SELECT item_id, item_name, price, image, ctg_id  FROM  item     []
[SQL_LOG:2021-02-02 11:19:33]: SELECT ctg_id, category_name, cate_genre FROM  category  WHERE  cate_genre = ?     [item]
[SQL_LOG:2021-02-02 11:19:33]: SELECT  item_id, item_name, price, image, ctg_id  FROM item WHERE  item_name LIKE ?     [%ka%]
[SQL_LOG:2021-02-02 11:19:41]: SELECT ctg_id, category_name, cate_genre FROM  category  WHERE  cate_genre = ?     [item]
[SQL_LOG:2021-02-02 11:19:41]: SELECT  item_id, item_name, price, image, ctg_id  FROM item WHERE  item_name LIKE ?     [%シャ%]
[SQL_LOG:2021-02-02 11:19:49]: SELECT ctg_id, category_name, cate_genre FROM  category  WHERE  cate_genre = ?     [item]
[SQL_LOG:2021-02-02 11:19:49]: SELECT  item_id, item_name, price, image, ctg_id  FROM item    []
[SQL_LOG:2021-02-02 11:20:04]: SELECT c.crt_id, c.num, c.unit_price, c.sub_total_price, i.item_id, i.item_name, i.price, i.image FROM  cart c LEFT JOIN item i ON c.item_id = i.item_id  WHERE  c.mem_id = ? AND c.delete_flg = ?     [1,0]
[SQL_LOG:2021-02-02 11:20:04]: SELECT SUM(c.sub_total_price) AS totalPrice  FROM  cart c LEFT JOIN item i ON c.item_id = i.item_id  WHERE  c.mem_id = ? AND c.delete_flg = ?    [1,0]
[SQL_LOG:2021-02-02 11:20:04]: SELECT SUM(num) AS num  FROM  cart c  WHERE  c.mem_id = ? AND c.delete_flg = ?    [1,0]
[SQL_LOG:2021-02-02 11:20:07]: SELECT c.crt_id, c.num, c.unit_price, c.sub_total_price, i.item_id, i.item_name, i.price, i.image FROM  cart c LEFT JOIN item i ON c.item_id = i.item_id  WHERE  c.mem_id = ? AND c.delete_flg = ?     [1,0]
[SQL_LOG:2021-02-02 11:20:07]: SELECT SUM(c.sub_total_price) AS totalPrice  FROM  cart c LEFT JOIN item i ON c.item_id = i.item_id  WHERE  c.mem_id = ? AND c.delete_flg = ?    [1,0]
[SQL_LOG:2021-02-02 11:20:07]: SELECT SUM(num) AS num  FROM  cart c  WHERE  c.mem_id = ? AND c.delete_flg = ?    [1,0]
[SQL_LOG:2021-02-02 11:20:10]: SELECT c.crt_id, c.num, c.unit_price, c.sub_total_price, i.item_id, i.item_name, i.price, i.image FROM  cart c LEFT JOIN item i ON c.item_id = i.item_id  WHERE  c.mem_id = ? AND c.delete_flg = ?     [1,0]
[SQL_LOG:2021-02-02 11:20:10]: SELECT *  FROM  member  WHERE  mem_id = ?     [1]
[SQL_LOG:2021-02-02 11:20:10]: INSERT INTO orders (order_key,item_id,num,sub_total_price,mem_id,email,regist_date,delete_flg)VALUES(?,?,?,?,?,?,?,?) [DICR19dojT84EEj,1,4,600,1,tttvvvaken@gmail.com,2021-02-02 11:20:10,]
[SQL_LOG:2021-02-02 11:20:10]: UPDATE cart  SET delete_date =? ,delete_flg =?  WHERE  crt_id = ?  [2021-02-02 11:20:10,1,339]
[SQL_LOG:2021-02-02 11:20:10]: SELECT stock_num  FROM  item  WHERE  item_id = ?     [1]
[SQL_LOG:2021-02-02 11:20:10]: UPDATE item  SET stock_num =?  WHERE  item_id = ?  [70,1]
[SQL_LOG:2021-02-02 11:20:10]: INSERT INTO orders (order_key,item_id,num,sub_total_price,mem_id,email,regist_date,delete_flg)VALUES(?,?,?,?,?,?,?,?) [DICR19dojT84EEj,1,5,750,1,tttvvvaken@gmail.com,2021-02-02 11:20:10,]
[SQL_LOG:2021-02-02 11:20:10]: UPDATE cart  SET delete_date =? ,delete_flg =?  WHERE  crt_id = ?  [2021-02-02 11:20:10,1,340]
[SQL_LOG:2021-02-02 11:20:10]: SELECT stock_num  FROM  item  WHERE  item_id = ?     [1]
[SQL_LOG:2021-02-02 11:20:10]: UPDATE item  SET stock_num =?  WHERE  item_id = ?  [65,1]
[SQL_LOG:2021-02-02 11:20:13]: SELECT c.crt_id, c.num, c.unit_price, c.sub_total_price, i.item_id, i.item_name, i.price, i.image FROM  cart c LEFT JOIN item i ON c.item_id = i.item_id  WHERE  c.mem_id = ? AND c.delete_flg = ?     [1,0]
[SQL_LOG:2021-02-02 11:20:13]: SELECT SUM(c.sub_total_price) AS totalPrice  FROM  cart c LEFT JOIN item i ON c.item_id = i.item_id  WHERE  c.mem_id = ? AND c.delete_flg = ?    [1,0]
[SQL_LOG:2021-02-02 11:20:13]: SELECT SUM(num) AS num  FROM  cart c  WHERE  c.mem_id = ? AND c.delete_flg = ?    [1,0]
[SQL_LOG:2021-02-02 11:21:19]: SELECT *  FROM  member  WHERE  mem_id = ?     [1]
[SQL_LOG:2021-02-02 11:21:19]: INSERT INTO contact (subject,body,mem_id,user_id,email,regist_date,delete_flg)VALUES(?,?,?,?,?,?,?) [2020年11月20日,こじま,1,tkkj0017,tttvvvaken@gmail.com,2021-02-02 11:21:19,]
[SQL_LOG:2021-02-02 11:23:34]: SELECT *  FROM  member  WHERE  mem_id = ?     [1]
[SQL_LOG:2021-02-02 11:23:50]: SELECT *  FROM  member  WHERE  mem_id = ?     [1]
[SQL_LOG:2021-02-02 11:24:11]: SELECT *  FROM member WHERE  email = ?     [tttvvvaken@gmail.com]
[SQL_LOG:2021-02-02 11:24:12]: SELECT *  FROM member WHERE  email = ?     [tttvvvaken@gmail.com]
[SQL_LOG:2021-02-02 11:24:12]: SELECT *  FROM member WHERE  email = ?     [tttvvvaken@gmail.com]
[SQL_LOG:2021-02-02 11:24:12]: SELECT *  FROM member WHERE  email = ?     [tttvvvaken@gmail.com]
[SQL_LOG:2021-02-02 11:24:13]: SELECT *  FROM member WHERE  email = ?     [tttvvvaken@gmail.com]
[SQL_LOG:2021-02-02 11:24:24]: SELECT *  FROM member WHERE  email = ?     [tttvvvaken@gmail.com]
[SQL_LOG:2021-02-02 11:24:24]: SELECT *  FROM member WHERE  email = ?     [tttvvvaken@gmail.com]
[SQL_LOG:2021-02-02 11:24:25]: SELECT *  FROM member WHERE  email = ?     [tttvvvaken@gmail.com]
[SQL_LOG:2021-02-02 11:24:25]: SELECT *  FROM member WHERE  email = ?     [tttvvvaken@gmail.com]
[SQL_LOG:2021-02-02 11:24:33]: SELECT *  FROM member WHERE  email = ?     [tttvvvaken2@gmail.com]
[SQL_LOG:2021-02-02 11:24:34]: SELECT *  FROM member WHERE  email = ?     [tttvvvaken2@gmail.com]
[SQL_LOG:2021-02-02 11:24:38]: SELECT *  FROM member WHERE  email = ?     [tttvvvaken@gmail.com]
[SQL_LOG:2021-02-02 11:25:31]: SELECT *  FROM member WHERE  email = ?     [tttvvvaken@gmail.co]
[SQL_LOG:2021-02-02 11:25:33]: UPDATE member  SET family_name =? ,first_name =? ,family_name_kana =? ,first_name_kana =? ,email =? ,user_name =? ,password =? ,sex =? ,year =? ,month =? ,day =? ,zip1 =? ,zip2 =? ,address =? ,tel1 =? ,tel2 =? ,tel3 =? ,genre =? ,comments =? ,update_date =? ,delete_flg =?  WHERE mem_id = ? [小島,岳也,こじま,たけや,tttvvvaken@gmail.co,tkkj0017,$2y$10$exahceLdGX6EdM3/KElCNOTGrOf6GsC2oZmaMJLmiK4GcvLiukczO,1,1900,01,01,000,0000,東京都,000,0000,000,0_1,2月2日,2021-02-02 11:25:33,,1]
[SQL_LOG:2021-02-02 11:25:33]: SELECT *  FROM  member  WHERE  mem_id = ?     [1]
[SQL_LOG:2021-02-02 11:26:37]: SELECT news_id, title, body, regist_date, update_date  FROM  news  WHERE  delete_flg = ?   ORDER BY  regist_date DESC    [0]
[SQL_LOG:2021-02-02 11:26:48]: SELECT *  FROM  member  WHERE  email = ?     [tttvvvaken@gmail.com]
[SQL_LOG:2021-02-02 11:26:52]: SELECT *  FROM  member  WHERE  email = ?     [tttvvvaken@gmail.com]
[SQL_LOG:2021-02-02 11:26:55]: SELECT *  FROM  member  WHERE  email = ?     [tttvvvaken@gmail.com]
[SQL_LOG:2021-02-02 11:26:55]: SELECT *  FROM  member  WHERE  email = ?     [tttvvvaken@gmail.com]
[SQL_LOG:2021-02-02 11:26:56]: SELECT *  FROM  member  WHERE  email = ?     [tttvvvaken@gmail.com]
[SQL_LOG:2021-02-02 11:27:03]: SELECT *  FROM  member  WHERE  email = ?     [tttvvvaken@gmail.com]
[SQL_LOG:2021-02-02 11:27:06]: SELECT *  FROM  member  WHERE  email = ?     [tttvvvaken@gmail.com]
[SQL_LOG:2021-02-02 11:28:00]: SELECT *  FROM  member  WHERE  email = ?     [tttvvvaken@gmail.com]
[SQL_LOG:2021-02-02 11:28:01]: SELECT *  FROM  member  WHERE  email = ?     [tttvvvaken@gmail.com]
[SQL_LOG:2021-02-02 11:28:45]: SELECT *  FROM member WHERE  email = ?     [tttvvvaken2@gmail.com]
[SQL_LOG:2021-02-02 11:28:46]: INSERT INTO member (family_name,first_name,family_name_kana,first_name_kana,email,user_name,password,sex,year,month,day,zip1,zip2,address,tel1,tel2,tel3,genre,comments,regist_date,delete_flg)VALUES(?,?,?,?,?,?,?,?,?,?,?,?,?,?,?,?,?,?,?,?,?) [小島,岳也,こじま,たけや,tttvvvaken2@gmail.com,tk,$2y$10$Z8o1jY7cH6sotoYoRa1ODuST.pzC6AosJeD/.jY.rY4iI7iR7zTlu,1,1900,01,01,146,0093,東京,000,0000,0000,0,,2021-02-02 11:28:46,]
[SQL_LOG:2021-02-02 11:28:56]: SELECT *  FROM  member  WHERE  email = ?     [tttvvvaken2@gmail.com]
[SQL_LOG:2021-02-02 11:28:57]: SELECT session_key  FROM  loginsession  WHERE  mem_id = ?     [2]
[SQL_LOG:2021-02-02 11:28:57]: SELECT news_id, title, body, regist_date, update_date  FROM  news  WHERE  delete_flg = ?   ORDER BY  regist_date DESC    [0]
[SQL_LOG:2021-02-02 11:29:00]: SELECT *  FROM  member  WHERE  mem_id = ?     [2]
[SQL_LOG:2021-02-02 11:29:44]: SELECT news_id, title, body, regist_date, update_date  FROM  news  WHERE  delete_flg = ?   ORDER BY  regist_date DESC    [0]
[SQL_LOG:2021-02-02 11:29:47]: SELECT *  FROM  member  WHERE  mem_id = ?     [2]
[SQL_LOG:2021-02-02 11:44:53]: SELECT *  FROM  member  WHERE  mem_id = ?     [2]
