[SQL_LOG:2021-01-05 15:03:03]: SELECT ctg_id, category_name, cate_genre FROM  category  WHERE  cate_genre = ?     [lesson]
[SQL_LOG:2021-01-05 15:03:03]: SELECT item_id, item_name, price, image, ctg_id  FROM  item     []
[SQL_LOG:2021-01-05 15:03:04]: SELECT ctg_id, category_name, cate_genre FROM  category  WHERE  cate_genre = ?     [item]
[SQL_LOG:2021-01-05 15:03:04]: SELECT item_id, item_name, price, image, ctg_id  FROM  item     []
[SQL_LOG:2021-01-05 15:03:05]: SELECT ctg_id, category_name, cate_genre FROM  category  WHERE  cate_genre = ?     [lesson]
[SQL_LOG:2021-01-05 15:03:05]: SELECT item_id, item_name, price, image, ctg_id  FROM  item     []
[SQL_LOG:2021-01-05 15:03:09]: SELECT ctg_id, category_name, cate_genre FROM  category  WHERE  cate_genre = ?     [lesson]
[SQL_LOG:2021-01-05 15:03:09]: SELECT item_id, item_name, price, image, ctg_id  FROM  item     []
[SQL_LOG:2021-01-05 15:03:09]: SELECT ctg_id, category_name, cate_genre FROM  category  WHERE  cate_genre = ?     [lesson]
[SQL_LOG:2021-01-05 15:03:09]: SELECT item_id, item_name, price, image, ctg_id  FROM  item     []
[SQL_LOG:2021-01-05 15:03:10]: SELECT ctg_id, category_name, cate_genre FROM  category  WHERE  cate_genre = ?     [lesson]
[SQL_LOG:2021-01-05 15:03:10]: SELECT item_id, item_name, price, image, ctg_id  FROM  item     []
[SQL_LOG:2021-01-05 15:03:16]: SELECT ctg_id, category_name, cate_genre FROM  category  WHERE  cate_genre = ?     [item]
[SQL_LOG:2021-01-05 15:03:16]: SELECT item_id, item_name, price, image, ctg_id  FROM  item     []
[SQL_LOG:2021-01-05 15:03:16]: SELECT ctg_id, category_name, cate_genre FROM  category  WHERE  cate_genre = ?     [lesson]
[SQL_LOG:2021-01-05 15:03:16]: SELECT item_id, item_name, price, image, ctg_id  FROM  item     []
[SQL_LOG:2021-01-05 15:03:17]: SELECT ctg_id, category_name, cate_genre FROM  category  WHERE  cate_genre = ?     [lesson]
[SQL_LOG:2021-01-05 15:03:17]: SELECT item_id, item_name, price, image, ctg_id  FROM  item     []
[SQL_LOG:2021-01-05 15:03:18]: SELECT ctg_id, category_name, cate_genre FROM  category  WHERE  cate_genre = ?     [lesson]
[SQL_LOG:2021-01-05 15:03:18]: SELECT item_id, item_name, price, image, ctg_id  FROM  item     []
[SQL_LOG:2021-01-05 15:03:28]: SELECT ctg_id, category_name, cate_genre FROM  category  WHERE  cate_genre = ?     [item]
[SQL_LOG:2021-01-05 15:03:28]: SELECT item_id, item_name, price, image, ctg_id  FROM  item     []
[SQL_LOG:2021-01-05 15:03:29]: SELECT ctg_id, category_name, cate_genre FROM  category  WHERE  cate_genre = ?     [lesson]
[SQL_LOG:2021-01-05 15:03:29]: SELECT item_id, item_name, price, image, ctg_id  FROM  item     []
[SQL_LOG:2021-01-05 15:04:14]: SELECT ctg_id, category_name, cate_genre FROM  category  WHERE  cate_genre = ?     [lesson]
[SQL_LOG:2021-01-05 15:04:14]: SELECT item_id, item_name, price, image, ctg_id  FROM  item     []
[SQL_LOG:2021-01-05 15:04:15]: SELECT ctg_id, category_name, cate_genre FROM  category  WHERE  cate_genre = ?     [item]
[SQL_LOG:2021-01-05 15:04:15]: SELECT item_id, item_name, price, image, ctg_id  FROM  item     []
[SQL_LOG:2021-01-05 15:04:16]: SELECT ctg_id, category_name, cate_genre FROM  category  WHERE  cate_genre = ?     [lesson]
[SQL_LOG:2021-01-05 15:04:16]: SELECT item_id, item_name, price, image, ctg_id  FROM  item     []
[SQL_LOG:2021-01-05 15:04:17]: SELECT ctg_id, category_name, cate_genre FROM  category  WHERE  cate_genre = ?     [item]
[SQL_LOG:2021-01-05 15:04:17]: SELECT item_id, item_name, price, image, ctg_id  FROM  item     []
[SQL_LOG:2021-01-05 15:04:19]: SELECT ctg_id, category_name, cate_genre FROM  category  WHERE  cate_genre = ?     [lesson]
[SQL_LOG:2021-01-05 15:04:19]: SELECT item_id, item_name, price, image, ctg_id  FROM  item     []
[SQL_LOG:2021-01-05 15:04:21]: SELECT ctg_id, category_name, cate_genre FROM  category  WHERE  cate_genre = ?     [lesson]
[SQL_LOG:2021-01-05 15:04:21]: SELECT item_id, item_name, price, image, ctg_id  FROM  item     []
[SQL_LOG:2021-01-05 15:04:22]: SELECT ctg_id, category_name, cate_genre FROM  category  WHERE  cate_genre = ?     [item]
[SQL_LOG:2021-01-05 15:04:22]: SELECT item_id, item_name, price, image, ctg_id  FROM  item     []
[SQL_LOG:2021-01-05 15:04:23]: SELECT ctg_id, category_name, cate_genre FROM  category  WHERE  cate_genre = ?     [lesson]
[SQL_LOG:2021-01-05 15:04:23]: SELECT item_id, item_name, price, image, ctg_id  FROM  item     []
[SQL_LOG:2021-01-05 15:04:42]: SELECT ctg_id, category_name, cate_genre FROM  category  WHERE  cate_genre = ?     [lesson]
[SQL_LOG:2021-01-05 15:04:42]: SELECT item_id, item_name, price, image, ctg_id  FROM  item     []
[SQL_LOG:2021-01-05 15:04:43]: SELECT ctg_id, category_name, cate_genre FROM  category  WHERE  cate_genre = ?     [lesson]
[SQL_LOG:2021-01-05 15:04:43]: SELECT item_id, item_name, price, image, ctg_id  FROM  item     []
[SQL_LOG:2021-01-05 15:04:44]: SELECT ctg_id, category_name, cate_genre FROM  category  WHERE  cate_genre = ?     [item]
[SQL_LOG:2021-01-05 15:04:44]: SELECT item_id, item_name, price, image, ctg_id  FROM  item     []
[SQL_LOG:2021-01-05 15:04:46]: SELECT ctg_id, category_name, cate_genre FROM  category  WHERE  cate_genre = ?     [item]
[SQL_LOG:2021-01-05 15:04:46]: SELECT item_id, item_name, price, image, ctg_id  FROM  item     []
[SQL_LOG:2021-01-05 15:04:47]: SELECT ctg_id, category_name, cate_genre FROM  category  WHERE  cate_genre = ?     [lesson]
[SQL_LOG:2021-01-05 15:04:47]: SELECT item_id, item_name, price, image, ctg_id  FROM  item     []
[SQL_LOG:2021-01-05 15:05:00]: SELECT ctg_id, category_name, cate_genre FROM  category  WHERE  cate_genre = ?     [item]
[SQL_LOG:2021-01-05 15:05:00]: SELECT item_id, item_name, price, image, ctg_id  FROM  item     []
[SQL_LOG:2021-01-05 15:05:02]: SELECT ctg_id, category_name, cate_genre FROM  category  WHERE  cate_genre = ?     [lesson]
[SQL_LOG:2021-01-05 15:05:02]: SELECT item_id, item_name, price, image, ctg_id  FROM  item     []
[SQL_LOG:2021-01-05 15:05:02]: SELECT ctg_id, category_name, cate_genre FROM  category  WHERE  cate_genre = ?     [lesson]
[SQL_LOG:2021-01-05 15:05:02]: SELECT item_id, item_name, price, image, ctg_id  FROM  item     []
[SQL_LOG:2021-01-05 15:05:03]: SELECT ctg_id, category_name, cate_genre FROM  category  WHERE  cate_genre = ?     [lesson]
[SQL_LOG:2021-01-05 15:05:03]: SELECT item_id, item_name, price, image, ctg_id  FROM  item     []
[SQL_LOG:2021-01-05 15:05:19]: SELECT ctg_id, category_name, cate_genre FROM  category  WHERE  cate_genre = ?     [lesson]
[SQL_LOG:2021-01-05 15:05:19]: SELECT item_id, item_name, price, image, ctg_id  FROM  item     []
[SQL_LOG:2021-01-05 15:05:20]: SELECT ctg_id, category_name, cate_genre FROM  category  WHERE  cate_genre = ?     [lesson]
[SQL_LOG:2021-01-05 15:05:20]: SELECT item_id, item_name, price, image, ctg_id  FROM  item     []
[SQL_LOG:2021-01-05 15:05:21]: SELECT ctg_id, category_name, cate_genre FROM  category  WHERE  cate_genre = ?     [lesson]
[SQL_LOG:2021-01-05 15:05:21]: SELECT item_id, item_name, price, image, ctg_id  FROM  item     []
[SQL_LOG:2021-01-05 15:05:22]: SELECT ctg_id, category_name, cate_genre FROM  category  WHERE  cate_genre = ?     [item]
[SQL_LOG:2021-01-05 15:05:22]: SELECT item_id, item_name, price, image, ctg_id  FROM  item     []
[SQL_LOG:2021-01-05 15:05:30]: SELECT ctg_id, category_name, cate_genre FROM  category  WHERE  cate_genre = ?     [item]
[SQL_LOG:2021-01-05 15:05:30]: SELECT item_id, item_name, price, image, ctg_id  FROM  item     []
[SQL_LOG:2021-01-05 15:05:30]: SELECT ctg_id, category_name, cate_genre FROM  category  WHERE  cate_genre = ?     [item]
[SQL_LOG:2021-01-05 15:05:30]: SELECT item_id, item_name, price, image, ctg_id  FROM  item     []
[SQL_LOG:2021-01-05 15:05:31]: SELECT ctg_id, category_name, cate_genre FROM  category  WHERE  cate_genre = ?     [lesson]
[SQL_LOG:2021-01-05 15:05:31]: SELECT item_id, item_name, price, image, ctg_id  FROM  item     []
[SQL_LOG:2021-01-05 15:05:32]: SELECT ctg_id, category_name, cate_genre FROM  category  WHERE  cate_genre = ?     [lesson]
[SQL_LOG:2021-01-05 15:05:32]: SELECT item_id, item_name, price, image, ctg_id  FROM  item     []
[SQL_LOG:2021-01-05 15:07:00]: SELECT ctg_id, category_name, cate_genre FROM  category  WHERE  cate_genre = ?     [lesson]
[SQL_LOG:2021-01-05 15:07:00]: SELECT item_id, item_name, price, image, ctg_id  FROM  item     []
[SQL_LOG:2021-01-05 15:07:50]: SELECT *  FROM  member  WHERE  email = ?     [tttvvvaken@gmail.com]
[SQL_LOG:2021-01-05 15:07:50]: SELECT session_key  FROM  loginsession  WHERE  mem_id = ?     [1]
[SQL_LOG:2021-01-05 15:07:50]: SELECT ctg_id, category_name, cate_genre FROM  category  WHERE  cate_genre = ?     [lesson]
[SQL_LOG:2021-01-05 15:07:50]: SELECT item_id, item_name, price, image, ctg_id  FROM  item     []
[SQL_LOG:2021-01-05 15:07:55]: SELECT *  FROM  member  WHERE  mem_id = ?     [1]
[SQL_LOG:2021-01-05 15:07:57]: SELECT *  FROM  member  WHERE  mem_id = ?     [1]
[SQL_LOG:2021-01-05 15:08:03]: SELECT *  FROM member WHERE  email = ?     [tttvvvaken@gmail.com]
[SQL_LOG:2021-01-05 15:08:10]: SELECT *  FROM  member  WHERE  mem_id = ?     [1]
[SQL_LOG:2021-01-05 15:08:18]: SELECT ctg_id, category_name, cate_genre FROM  category  WHERE  cate_genre = ?     [lesson]
[SQL_LOG:2021-01-05 15:08:18]: SELECT item_id, item_name, price, image, ctg_id  FROM  item     []
[SQL_LOG:2021-01-05 15:08:21]: SELECT ctg_id, category_name, cate_genre FROM  category  WHERE  cate_genre = ?     [lesson]
[SQL_LOG:2021-01-05 15:08:21]: SELECT item_id, item_name, price, image, ctg_id  FROM  item  WHERE  ctg_id = ?     [1]
[SQL_LOG:2021-01-05 15:08:21]: SELECT ctg_id, category_name, cate_genre FROM  category  WHERE  cate_genre = ?     [lesson]
[SQL_LOG:2021-01-05 15:08:21]: SELECT item_id, item_name, price, image, ctg_id  FROM  item  WHERE  ctg_id = ?     [1]
[SQL_LOG:2021-01-05 15:08:27]: SELECT ctg_id, category_name, cate_genre FROM  category  WHERE  cate_genre = ?     [item]
[SQL_LOG:2021-01-05 15:08:27]: SELECT item_id, item_name, price, image, ctg_id  FROM  item     []
[SQL_LOG:2021-01-05 15:08:28]: SELECT ctg_id, category_name, cate_genre FROM  category  WHERE  cate_genre = ?     [item]
[SQL_LOG:2021-01-05 15:08:28]: SELECT item_id, item_name, price, image, ctg_id  FROM  item  WHERE  ctg_id = ?     [13]
[SQL_LOG:2021-01-05 15:08:29]: SELECT ctg_id, category_name, cate_genre FROM  category  WHERE  cate_genre = ?     [item]
[SQL_LOG:2021-01-05 15:08:29]: SELECT item_id, item_name, price, image, ctg_id  FROM  item  WHERE  ctg_id = ?     [12]
[SQL_LOG:2021-01-05 15:08:30]: SELECT ctg_id, category_name, cate_genre FROM  category  WHERE  cate_genre = ?     [item]
[SQL_LOG:2021-01-05 15:08:30]: SELECT item_id, item_name, price, image, ctg_id  FROM  item  WHERE  ctg_id = ?     [10]
[SQL_LOG:2021-01-05 15:08:30]: SELECT ctg_id, category_name, cate_genre FROM  category  WHERE  cate_genre = ?     [item]
[SQL_LOG:2021-01-05 15:08:30]: SELECT item_id, item_name, price, image, ctg_id  FROM  item  WHERE  ctg_id = ?     [9]
[SQL_LOG:2021-01-05 15:08:31]: SELECT ctg_id, category_name, cate_genre FROM  category  WHERE  cate_genre = ?     [item]
[SQL_LOG:2021-01-05 15:08:31]: SELECT item_id, item_name, price, image, ctg_id  FROM  item  WHERE  ctg_id = ?     [11]
[SQL_LOG:2021-01-05 15:08:34]: SELECT ctg_id, category_name, cate_genre FROM  category  WHERE  cate_genre = ?     [item]
[SQL_LOG:2021-01-05 15:08:34]: SELECT item_id, item_name, detail, price, image, ctg_id FROM  item  WHERE  item_id = ?     [3]
[SQL_LOG:2021-01-05 15:08:34]: SELECT COUNT(*) AS NUM  FROM  likes  WHERE  item_id = ?     [3]
[SQL_LOG:2021-01-05 15:08:34]: SELECT *  FROM  likes  WHERE  item_id = ? AND mem_id = ?     [3,1]
[SQL_LOG:2021-01-05 15:08:37]: SELECT price  FROM  item  WHERE  item_id = ?     [3]
[SQL_LOG:2021-01-05 15:08:37]: INSERT INTO cart (mem_id,item_id,num,unit_price,sub_total_price,regist_date)VALUES(?,?,?,?,?,?) [1,3,1,150,150,2021-01-05 15:08:37]
[SQL_LOG:2021-01-05 15:08:37]: SELECT c.crt_id, c.num, c.unit_price, c.sub_total_price, i.item_id, i.item_name, i.price, i.image FROM  cart c LEFT JOIN item i ON c.item_id = i.item_id  WHERE  c.mem_id = ? AND c.delete_flg = ?     [1,0]
[SQL_LOG:2021-01-05 15:08:37]: SELECT SUM(c.sub_total_price) AS totalPrice  FROM  cart c LEFT JOIN item i ON c.item_id = i.item_id  WHERE  c.mem_id = ? AND c.delete_flg = ?    [1,0]
[SQL_LOG:2021-01-05 15:08:37]: SELECT SUM(num) AS num  FROM  cart c  WHERE  c.mem_id = ? AND c.delete_flg = ?    [1,0]
[SQL_LOG:2021-01-05 15:08:39]: UPDATE cart  SET delete_date =? ,delete_flg =?  WHERE  crt_id = ?  [2021-01-05 15:08:39,1,326]
[SQL_LOG:2021-01-05 15:08:39]: SELECT c.crt_id, c.num, c.unit_price, c.sub_total_price, i.item_id, i.item_name, i.price, i.image FROM  cart c LEFT JOIN item i ON c.item_id = i.item_id  WHERE  c.mem_id = ? AND c.delete_flg = ?     [1,0]
[SQL_LOG:2021-01-05 15:08:39]: SELECT SUM(c.sub_total_price) AS totalPrice  FROM  cart c LEFT JOIN item i ON c.item_id = i.item_id  WHERE  c.mem_id = ? AND c.delete_flg = ?    [1,0]
[SQL_LOG:2021-01-05 15:08:39]: SELECT SUM(num) AS num  FROM  cart c  WHERE  c.mem_id = ? AND c.delete_flg = ?    [1,0]
[SQL_LOG:2021-01-05 15:08:42]: SELECT ctg_id, category_name, cate_genre FROM  category  WHERE  cate_genre = ?     [item]
[SQL_LOG:2021-01-05 15:08:42]: SELECT item_id, item_name, price, image, ctg_id  FROM  item     []
[SQL_LOG:2021-01-05 15:08:44]: SELECT ctg_id, category_name, cate_genre FROM  category  WHERE  cate_genre = ?     [item]
[SQL_LOG:2021-01-05 15:08:44]: SELECT item_id, item_name, price, image, ctg_id  FROM  item  WHERE  ctg_id = ?     [11]
[SQL_LOG:2021-01-05 15:08:44]: SELECT ctg_id, category_name, cate_genre FROM  category  WHERE  cate_genre = ?     [item]
[SQL_LOG:2021-01-05 15:08:44]: SELECT item_id, item_name, price, image, ctg_id  FROM  item  WHERE  ctg_id = ?     [12]
[SQL_LOG:2021-01-05 15:10:14]: SELECT ctg_id, category_name, cate_genre FROM  category  WHERE  cate_genre = ?     [item]
[SQL_LOG:2021-01-05 15:10:14]: SELECT item_id, item_name, price, image, ctg_id  FROM  item     []
[SQL_LOG:2021-01-05 15:12:47]: SELECT ctg_id, category_name, cate_genre FROM  category  WHERE  cate_genre = ?     [lesson]
[SQL_LOG:2021-01-05 15:12:47]: SELECT item_id, item_name, price, image, ctg_id  FROM  item     []
[SQL_LOG:2021-01-05 15:13:11]: SELECT ctg_id, category_name, cate_genre FROM  category  WHERE  cate_genre = ?     [lesson]
[SQL_LOG:2021-01-05 15:13:11]: SELECT item_id, item_name, price, image, ctg_id  FROM  item     []
[SQL_LOG:2021-01-05 15:13:11]: SELECT ctg_id, category_name, cate_genre FROM  category  WHERE  cate_genre = ?     [lesson]
[SQL_LOG:2021-01-05 15:13:11]: SELECT item_id, item_name, price, image, ctg_id  FROM  item     []
[SQL_LOG:2021-01-05 15:13:32]: SELECT ctg_id, category_name, cate_genre FROM  category  WHERE  cate_genre = ?     [lesson]
[SQL_LOG:2021-01-05 15:13:32]: SELECT item_id, item_name, price, image, ctg_id  FROM  item     []
[SQL_LOG:2021-01-05 15:17:05]: SELECT ctg_id, category_name, cate_genre FROM  category  WHERE  cate_genre = ?     [lesson]
[SQL_LOG:2021-01-05 15:17:05]: SELECT item_id, item_name, price, image, ctg_id  FROM  item     []
[SQL_LOG:2021-01-05 15:17:37]: SELECT ctg_id, category_name, cate_genre FROM  category  WHERE  cate_genre = ?     [lesson]
[SQL_LOG:2021-01-05 15:17:37]: SELECT item_id, item_name, price, image, ctg_id  FROM  item     []
[SQL_LOG:2021-01-05 15:18:45]: SELECT ctg_id, category_name, cate_genre FROM  category  WHERE  cate_genre = ?     [lesson]
[SQL_LOG:2021-01-05 15:18:45]: SELECT item_id, item_name, price, image, ctg_id  FROM  item     []
[SQL_LOG:2021-01-05 15:19:07]: SELECT ctg_id, category_name, cate_genre FROM  category  WHERE  cate_genre = ?     [lesson]
[SQL_LOG:2021-01-05 15:19:07]: SELECT item_id, item_name, price, image, ctg_id  FROM  item     []
[SQL_LOG:2021-01-05 15:19:14]: SELECT ctg_id, category_name, cate_genre FROM  category  WHERE  cate_genre = ?     [lesson]
[SQL_LOG:2021-01-05 15:19:14]: SELECT item_id, item_name, price, image, ctg_id  FROM  item     []
[SQL_LOG:2021-01-05 15:19:32]: SELECT c.crt_id, c.num, c.unit_price, c.sub_total_price, i.item_id, i.item_name, i.price, i.image FROM  cart c LEFT JOIN item i ON c.item_id = i.item_id  WHERE  c.mem_id = ? AND c.delete_flg = ?     [1,0]
[SQL_LOG:2021-01-05 15:19:32]: SELECT SUM(c.sub_total_price) AS totalPrice  FROM  cart c LEFT JOIN item i ON c.item_id = i.item_id  WHERE  c.mem_id = ? AND c.delete_flg = ?    [1,0]
[SQL_LOG:2021-01-05 15:19:32]: SELECT SUM(num) AS num  FROM  cart c  WHERE  c.mem_id = ? AND c.delete_flg = ?    [1,0]
[SQL_LOG:2021-01-05 15:19:36]: SELECT *  FROM  member  WHERE  mem_id = ?     [1]
[SQL_LOG:2021-01-05 15:19:38]: SELECT *  FROM  member  WHERE  mem_id = ?     [1]
[SQL_LOG:2021-01-05 15:19:40]: SELECT *  FROM  member  WHERE  mem_id = ?     [1]
[SQL_LOG:2021-01-05 15:19:44]: SELECT ctg_id, category_name, cate_genre FROM  category  WHERE  cate_genre = ?     [lesson]
[SQL_LOG:2021-01-05 15:19:44]: SELECT item_id, item_name, price, image, ctg_id  FROM  item     []
[SQL_LOG:2021-01-05 15:20:20]: SELECT *  FROM  member  WHERE  mem_id = ?     [1]
[SQL_LOG:2021-01-05 15:20:56]: SELECT c.crt_id, c.num, c.unit_price, c.sub_total_price, i.item_id, i.item_name, i.price, i.image FROM  cart c LEFT JOIN item i ON c.item_id = i.item_id  WHERE  c.mem_id = ? AND c.delete_flg = ?     [1,0]
[SQL_LOG:2021-01-05 15:20:56]: SELECT SUM(c.sub_total_price) AS totalPrice  FROM  cart c LEFT JOIN item i ON c.item_id = i.item_id  WHERE  c.mem_id = ? AND c.delete_flg = ?    [1,0]
[SQL_LOG:2021-01-05 15:20:56]: SELECT SUM(num) AS num  FROM  cart c  WHERE  c.mem_id = ? AND c.delete_flg = ?    [1,0]
[SQL_LOG:2021-01-05 15:21:00]: SELECT *  FROM  member  WHERE  mem_id = ?     [1]
[SQL_LOG:2021-01-05 15:21:42]: SELECT *  FROM  member  WHERE  mem_id = ?     [1]
[SQL_LOG:2021-01-05 15:21:51]: SELECT ctg_id, category_name, cate_genre FROM  category  WHERE  cate_genre = ?     [lesson]
[SQL_LOG:2021-01-05 15:21:51]: SELECT item_id, item_name, price, image, ctg_id  FROM  item     []
[SQL_LOG:2021-01-05 15:21:54]: SELECT ctg_id, category_name, cate_genre FROM  category  WHERE  cate_genre = ?     [lesson]
[SQL_LOG:2021-01-05 15:21:54]: SELECT item_id, item_name, price, image, ctg_id  FROM  item     []
[SQL_LOG:2021-01-05 15:22:58]: SELECT *  FROM  member  WHERE  mem_id = ?     [1]
[SQL_LOG:2021-01-05 15:23:16]: SELECT *  FROM  member  WHERE  mem_id = ?     [1]
[SQL_LOG:2021-01-05 18:01:36]: SELECT ctg_id, category_name, cate_genre FROM  category  WHERE  cate_genre = ?     [lesson]
[SQL_LOG:2021-01-05 18:01:36]: SELECT item_id, item_name, price, image, ctg_id  FROM  item     []
[SQL_LOG:2021-01-05 18:02:35]: SELECT ctg_id, category_name, cate_genre FROM  category  WHERE  cate_genre = ?     [lesson]
[SQL_LOG:2021-01-05 18:02:35]: SELECT item_id, item_name, price, image, ctg_id  FROM  item     []
[SQL_LOG:2021-01-05 18:04:34]: SELECT ctg_id, category_name, cate_genre FROM  category  WHERE  cate_genre = ?     [lesson]
[SQL_LOG:2021-01-05 18:04:34]: SELECT item_id, item_name, price, image, ctg_id  FROM  item     []
[SQL_LOG:2021-01-05 18:06:35]: SELECT c.crt_id, c.num, c.unit_price, c.sub_total_price, i.item_id, i.item_name, i.price, i.image FROM  cart c LEFT JOIN item i ON c.item_id = i.item_id  WHERE  c.mem_id = ? AND c.delete_flg = ?     [1,0]
[SQL_LOG:2021-01-05 18:06:35]: SELECT SUM(c.sub_total_price) AS totalPrice  FROM  cart c LEFT JOIN item i ON c.item_id = i.item_id  WHERE  c.mem_id = ? AND c.delete_flg = ?    [1,0]
[SQL_LOG:2021-01-05 18:06:35]: SELECT SUM(num) AS num  FROM  cart c  WHERE  c.mem_id = ? AND c.delete_flg = ?    [1,0]
[SQL_LOG:2021-01-05 18:06:37]: SELECT ctg_id, category_name, cate_genre FROM  category  WHERE  cate_genre = ?     [lesson]
[SQL_LOG:2021-01-05 18:06:37]: SELECT item_id, item_name, price, image, ctg_id  FROM  item     []
[SQL_LOG:2021-01-05 18:06:38]: SELECT ctg_id, category_name, cate_genre FROM  category  WHERE  cate_genre = ?     [lesson]
[SQL_LOG:2021-01-05 18:06:38]: SELECT item_id, item_name, price, image, ctg_id  FROM  item     []
[SQL_LOG:2021-01-05 18:06:42]: SELECT ctg_id, category_name, cate_genre FROM  category  WHERE  cate_genre = ?     [lesson]
[SQL_LOG:2021-01-05 18:06:42]: SELECT item_id, item_name, price, image, ctg_id  FROM  item     []
[SQL_LOG:2021-01-05 18:07:43]: SELECT ctg_id, category_name, cate_genre FROM  category  WHERE  cate_genre = ?     [lesson]
[SQL_LOG:2021-01-05 18:07:43]: SELECT item_id, item_name, price, image, ctg_id  FROM  item     []
[SQL_LOG:2021-01-05 18:08:10]: SELECT *  FROM  member  WHERE  mem_id = ?     [1]
[SQL_LOG:2021-01-05 18:08:25]: SELECT *  FROM  member  WHERE  mem_id = ?     [1]
[SQL_LOG:2021-01-05 18:08:29]: SELECT ctg_id, category_name, cate_genre FROM  category  WHERE  cate_genre = ?     [lesson]
[SQL_LOG:2021-01-05 18:08:29]: SELECT item_id, item_name, price, image, ctg_id  FROM  item     []
[SQL_LOG:2021-01-05 18:09:07]: SELECT ctg_id, category_name, cate_genre FROM  category  WHERE  cate_genre = ?     [lesson]
[SQL_LOG:2021-01-05 18:09:07]: SELECT item_id, item_name, price, image, ctg_id  FROM  item     []
[SQL_LOG:2021-01-05 18:09:11]: SELECT *  FROM  member  WHERE  mem_id = ?     [1]
[SQL_LOG:2021-01-05 18:09:17]: SELECT *  FROM  member  WHERE  mem_id = ?     [1]
[SQL_LOG:2021-01-05 18:09:18]: SELECT *  FROM  member  WHERE  mem_id = ?     [1]
[SQL_LOG:2021-01-05 18:09:20]: SELECT *  FROM  member  WHERE  mem_id = ?     [1]
[SQL_LOG:2021-01-05 18:09:25]: SELECT *  FROM  member  WHERE  mem_id = ?     [1]
[SQL_LOG:2021-01-05 18:09:27]: SELECT *  FROM  member  WHERE  mem_id = ?     [1]
[SQL_LOG:2021-01-05 18:09:28]: SELECT *  FROM  member  WHERE  mem_id = ?     [1]
[SQL_LOG:2021-01-05 18:09:35]: SELECT *  FROM  member  WHERE  mem_id = ?     [1]
[SQL_LOG:2021-01-05 18:09:36]: SELECT *  FROM  member  WHERE  mem_id = ?     [1]
[SQL_LOG:2021-01-05 18:09:38]: SELECT *  FROM  member  WHERE  mem_id = ?     [1]
[SQL_LOG:2021-01-05 18:09:39]: SELECT ctg_id, category_name, cate_genre FROM  category  WHERE  cate_genre = ?     [lesson]
[SQL_LOG:2021-01-05 18:09:39]: SELECT item_id, item_name, price, image, ctg_id  FROM  item     []
[SQL_LOG:2021-01-05 18:09:45]: SELECT ctg_id, category_name, cate_genre FROM  category  WHERE  cate_genre = ?     [lesson]
[SQL_LOG:2021-01-05 18:09:45]: SELECT item_id, item_name, price, image, ctg_id  FROM  item     []
[SQL_LOG:2021-01-05 18:09:49]: SELECT ctg_id, category_name, cate_genre FROM  category  WHERE  cate_genre = ?     [lesson]
[SQL_LOG:2021-01-05 18:09:49]: SELECT item_id, item_name, price, image, ctg_id  FROM  item     []
[SQL_LOG:2021-01-05 18:09:57]: SELECT ctg_id, category_name, cate_genre FROM  category  WHERE  cate_genre = ?     [lesson]
[SQL_LOG:2021-01-05 18:09:57]: SELECT item_id, item_name, price, image, ctg_id  FROM  item     []
[SQL_LOG:2021-01-05 18:10:00]: SELECT ctg_id, category_name, cate_genre FROM  category  WHERE  cate_genre = ?     [lesson]
[SQL_LOG:2021-01-05 18:10:00]: SELECT item_id, item_name, price, image, ctg_id  FROM  item     []
[SQL_LOG:2021-01-05 18:10:00]: SELECT ctg_id, category_name, cate_genre FROM  category  WHERE  cate_genre = ?     [item]
[SQL_LOG:2021-01-05 18:10:00]: SELECT item_id, item_name, price, image, ctg_id  FROM  item     []
[SQL_LOG:2021-01-05 18:10:01]: SELECT ctg_id, category_name, cate_genre FROM  category  WHERE  cate_genre = ?     [lesson]
[SQL_LOG:2021-01-05 18:10:01]: SELECT item_id, item_name, price, image, ctg_id  FROM  item     []
[SQL_LOG:2021-01-05 18:10:02]: SELECT ctg_id, category_name, cate_genre FROM  category  WHERE  cate_genre = ?     [item]
[SQL_LOG:2021-01-05 18:10:02]: SELECT item_id, item_name, price, image, ctg_id  FROM  item     []
[SQL_LOG:2021-01-05 18:10:03]: SELECT ctg_id, category_name, cate_genre FROM  category  WHERE  cate_genre = ?     [lesson]
[SQL_LOG:2021-01-05 18:10:03]: SELECT item_id, item_name, price, image, ctg_id  FROM  item     []
[SQL_LOG:2021-01-05 18:10:07]: SELECT ctg_id, category_name, cate_genre FROM  category  WHERE  cate_genre = ?     [lesson]
[SQL_LOG:2021-01-05 18:10:07]: SELECT item_id, item_name, price, image, ctg_id  FROM  item     []
[SQL_LOG:2021-01-05 18:12:11]: SELECT ctg_id, category_name, cate_genre FROM  category  WHERE  cate_genre = ?     [lesson]
[SQL_LOG:2021-01-05 18:12:11]: SELECT item_id, item_name, price, image, ctg_id  FROM  item     []
[SQL_LOG:2021-01-05 18:12:11]: SELECT ctg_id, category_name, cate_genre FROM  category  WHERE  cate_genre = ?     [lesson]
[SQL_LOG:2021-01-05 18:12:11]: SELECT item_id, item_name, price, image, ctg_id  FROM  item     []
[SQL_LOG:2021-01-05 18:13:46]: SELECT ctg_id, category_name, cate_genre FROM  category  WHERE  cate_genre = ?     [lesson]
[SQL_LOG:2021-01-05 18:13:46]: SELECT item_id, item_name, price, image, ctg_id  FROM  item     []
[SQL_LOG:2021-01-05 18:13:47]: SELECT ctg_id, category_name, cate_genre FROM  category  WHERE  cate_genre = ?     [lesson]
[SQL_LOG:2021-01-05 18:13:47]: SELECT item_id, item_name, price, image, ctg_id  FROM  item     []
[SQL_LOG:2021-01-05 18:13:49]: SELECT ctg_id, category_name, cate_genre FROM  category  WHERE  cate_genre = ?     [lesson]
[SQL_LOG:2021-01-05 18:13:49]: SELECT item_id, item_name, price, image, ctg_id  FROM  item     []
[SQL_LOG:2021-01-05 18:16:09]: SELECT ctg_id, category_name, cate_genre FROM  category  WHERE  cate_genre = ?     [lesson]
[SQL_LOG:2021-01-05 18:16:09]: SELECT item_id, item_name, price, image, ctg_id  FROM  item     []
[SQL_LOG:2021-01-05 18:16:20]: SELECT ctg_id, category_name, cate_genre FROM  category  WHERE  cate_genre = ?     [lesson]
[SQL_LOG:2021-01-05 18:16:20]: SELECT item_id, item_name, price, image, ctg_id  FROM  item     []
[SQL_LOG:2021-01-05 18:20:20]: SELECT ctg_id, category_name, cate_genre FROM  category  WHERE  cate_genre = ?     [lesson]
[SQL_LOG:2021-01-05 18:20:20]: SELECT item_id, item_name, price, image, ctg_id  FROM  item     []
[SQL_LOG:2021-01-05 18:20:26]: SELECT ctg_id, category_name, cate_genre FROM  category  WHERE  cate_genre = ?     [lesson]
[SQL_LOG:2021-01-05 18:20:26]: SELECT item_id, item_name, price, image, ctg_id  FROM  item     []
[SQL_LOG:2021-01-05 18:21:24]: SELECT ctg_id, category_name, cate_genre FROM  category  WHERE  cate_genre = ?     [lesson]
[SQL_LOG:2021-01-05 18:21:24]: SELECT item_id, item_name, price, image, ctg_id  FROM  item     []
[SQL_LOG:2021-01-05 18:22:10]: SELECT ctg_id, category_name, cate_genre FROM  category  WHERE  cate_genre = ?     [lesson]
[SQL_LOG:2021-01-05 18:22:10]: SELECT item_id, item_name, price, image, ctg_id  FROM  item     []
[SQL_LOG:2021-01-05 18:23:00]: SELECT ctg_id, category_name, cate_genre FROM  category  WHERE  cate_genre = ?     [lesson]
[SQL_LOG:2021-01-05 18:23:00]: SELECT item_id, item_name, price, image, ctg_id  FROM  item     []
[SQL_LOG:2021-01-05 18:23:19]: SELECT ctg_id, category_name, cate_genre FROM  category  WHERE  cate_genre = ?     [item]
[SQL_LOG:2021-01-05 18:23:19]: SELECT item_id, item_name, price, image, ctg_id  FROM  item     []
[SQL_LOG:2021-01-05 18:23:20]: SELECT ctg_id, category_name, cate_genre FROM  category  WHERE  cate_genre = ?     [lesson]
[SQL_LOG:2021-01-05 18:23:20]: SELECT item_id, item_name, price, image, ctg_id  FROM  item     []
[SQL_LOG:2021-01-05 18:23:20]: SELECT ctg_id, category_name, cate_genre FROM  category  WHERE  cate_genre = ?     [lesson]
[SQL_LOG:2021-01-05 18:23:20]: SELECT item_id, item_name, price, image, ctg_id  FROM  item     []
[SQL_LOG:2021-01-05 18:23:58]: SELECT ctg_id, category_name, cate_genre FROM  category  WHERE  cate_genre = ?     [lesson]
[SQL_LOG:2021-01-05 18:23:58]: SELECT item_id, item_name, price, image, ctg_id  FROM  item     []
[SQL_LOG:2021-01-05 18:24:08]: SELECT ctg_id, category_name, cate_genre FROM  category  WHERE  cate_genre = ?     [lesson]
[SQL_LOG:2021-01-05 18:24:08]: SELECT item_id, item_name, price, image, ctg_id  FROM  item     []
[SQL_LOG:2021-01-05 18:26:03]: SELECT ctg_id, category_name, cate_genre FROM  category  WHERE  cate_genre = ?     [lesson]
[SQL_LOG:2021-01-05 18:26:03]: SELECT item_id, item_name, price, image, ctg_id  FROM  item     []
[SQL_LOG:2021-01-05 18:26:37]: SELECT ctg_id, category_name, cate_genre FROM  category  WHERE  cate_genre = ?     [lesson]
[SQL_LOG:2021-01-05 18:26:37]: SELECT item_id, item_name, price, image, ctg_id  FROM  item     []
[SQL_LOG:2021-01-05 18:26:38]: SELECT ctg_id, category_name, cate_genre FROM  category  WHERE  cate_genre = ?     [lesson]
[SQL_LOG:2021-01-05 18:26:38]: SELECT item_id, item_name, price, image, ctg_id  FROM  item     []
[SQL_LOG:2021-01-05 18:27:23]: SELECT ctg_id, category_name, cate_genre FROM  category  WHERE  cate_genre = ?     [lesson]
[SQL_LOG:2021-01-05 18:27:23]: SELECT item_id, item_name, price, image, ctg_id  FROM  item     []
[SQL_LOG:2021-01-05 18:27:23]: SELECT ctg_id, category_name, cate_genre FROM  category  WHERE  cate_genre = ?     [lesson]
[SQL_LOG:2021-01-05 18:27:23]: SELECT item_id, item_name, price, image, ctg_id  FROM  item     []
[SQL_LOG:2021-01-05 18:27:24]: SELECT ctg_id, category_name, cate_genre FROM  category  WHERE  cate_genre = ?     [item]
[SQL_LOG:2021-01-05 18:27:24]: SELECT item_id, item_name, price, image, ctg_id  FROM  item     []
[SQL_LOG:2021-01-05 18:27:27]: SELECT ctg_id, category_name, cate_genre FROM  category  WHERE  cate_genre = ?     [item]
[SQL_LOG:2021-01-05 18:27:27]: SELECT item_id, item_name, price, image, ctg_id  FROM  item     []
[SQL_LOG:2021-01-05 18:29:06]: SELECT ctg_id, category_name, cate_genre FROM  category  WHERE  cate_genre = ?     [item]
[SQL_LOG:2021-01-05 18:29:06]: SELECT item_id, item_name, detail, price, image, ctg_id FROM  item  WHERE  item_id = ?     [1]
[SQL_LOG:2021-01-05 18:29:06]: SELECT COUNT(*) AS NUM  FROM  likes  WHERE  item_id = ?     [1]
[SQL_LOG:2021-01-05 18:29:10]: SELECT ctg_id, category_name, cate_genre FROM  category  WHERE  cate_genre = ?     [item]
[SQL_LOG:2021-01-05 18:29:10]: SELECT item_id, item_name, price, image, ctg_id  FROM  item     []
[SQL_LOG:2021-01-05 18:29:11]: SELECT ctg_id, category_name, cate_genre FROM  category  WHERE  cate_genre = ?     [item]
[SQL_LOG:2021-01-05 18:29:11]: SELECT item_id, item_name, detail, price, image, ctg_id FROM  item  WHERE  item_id = ?     [1]
[SQL_LOG:2021-01-05 18:29:11]: SELECT COUNT(*) AS NUM  FROM  likes  WHERE  item_id = ?     [1]
[SQL_LOG:2021-01-05 18:29:14]: SELECT ctg_id, category_name, cate_genre FROM  category  WHERE  cate_genre = ?     [lesson]
[SQL_LOG:2021-01-05 18:29:14]: SELECT item_id, item_name, price, image, ctg_id  FROM  item     []
[SQL_LOG:2021-01-05 18:29:15]: SELECT ctg_id, category_name, cate_genre FROM  category  WHERE  cate_genre = ?     [lesson]
[SQL_LOG:2021-01-05 18:29:15]: SELECT item_id, item_name, price, image, ctg_id  FROM  item     []
[SQL_LOG:2021-01-05 18:29:16]: SELECT ctg_id, category_name, cate_genre FROM  category  WHERE  cate_genre = ?     [lesson]
[SQL_LOG:2021-01-05 18:29:16]: SELECT item_id, item_name, price, image, ctg_id  FROM  item     []
[SQL_LOG:2021-01-05 18:29:18]: SELECT ctg_id, category_name, cate_genre FROM  category  WHERE  cate_genre = ?     [lesson]
[SQL_LOG:2021-01-05 18:29:18]: SELECT item_id, item_name, price, image, ctg_id  FROM  item     []
[SQL_LOG:2021-01-05 18:29:18]: SELECT ctg_id, category_name, cate_genre FROM  category  WHERE  cate_genre = ?     [item]
[SQL_LOG:2021-01-05 18:29:18]: SELECT item_id, item_name, price, image, ctg_id  FROM  item     []
[SQL_LOG:2021-01-05 18:29:22]: SELECT ctg_id, category_name, cate_genre FROM  category  WHERE  cate_genre = ?     [lesson]
[SQL_LOG:2021-01-05 18:29:22]: SELECT item_id, item_name, price, image, ctg_id  FROM  item     []
[SQL_LOG:2021-01-05 18:29:23]: SELECT ctg_id, category_name, cate_genre FROM  category  WHERE  cate_genre = ?     [item]
[SQL_LOG:2021-01-05 18:29:23]: SELECT item_id, item_name, price, image, ctg_id  FROM  item     []
[SQL_LOG:2021-01-05 18:29:24]: SELECT ctg_id, category_name, cate_genre FROM  category  WHERE  cate_genre = ?     [lesson]
[SQL_LOG:2021-01-05 18:29:24]: SELECT item_id, item_name, price, image, ctg_id  FROM  item     []
[SQL_LOG:2021-01-05 18:29:24]: SELECT ctg_id, category_name, cate_genre FROM  category  WHERE  cate_genre = ?     [item]
[SQL_LOG:2021-01-05 18:29:24]: SELECT item_id, item_name, price, image, ctg_id  FROM  item     []
[SQL_LOG:2021-01-05 18:29:26]: SELECT ctg_id, category_name, cate_genre FROM  category  WHERE  cate_genre = ?     [item]
[SQL_LOG:2021-01-05 18:29:26]: SELECT item_id, item_name, price, image, ctg_id  FROM  item     []
[SQL_LOG:2021-01-05 18:29:27]: SELECT ctg_id, category_name, cate_genre FROM  category  WHERE  cate_genre = ?     [item]
[SQL_LOG:2021-01-05 18:29:27]: SELECT item_id, item_name, price, image, ctg_id  FROM  item  WHERE  ctg_id = ?     [10]
[SQL_LOG:2021-01-05 18:29:28]: SELECT ctg_id, category_name, cate_genre FROM  category  WHERE  cate_genre = ?     [lesson]
[SQL_LOG:2021-01-05 18:29:28]: SELECT item_id, item_name, price, image, ctg_id  FROM  item     []
[SQL_LOG:2021-01-05 18:29:28]: SELECT ctg_id, category_name, cate_genre FROM  category  WHERE  cate_genre = ?     [lesson]
[SQL_LOG:2021-01-05 18:29:28]: SELECT item_id, item_name, price, image, ctg_id  FROM  item  WHERE  ctg_id = ?     [1]
[SQL_LOG:2021-01-05 18:29:29]: SELECT ctg_id, category_name, cate_genre FROM  category  WHERE  cate_genre = ?     [lesson]
[SQL_LOG:2021-01-05 18:29:29]: SELECT item_id, item_name, price, image, ctg_id  FROM  item  WHERE  ctg_id = ?     [2]
[SQL_LOG:2021-01-05 18:29:29]: SELECT ctg_id, category_name, cate_genre FROM  category  WHERE  cate_genre = ?     [lesson]
[SQL_LOG:2021-01-05 18:29:29]: SELECT item_id, item_name, price, image, ctg_id  FROM  item     []
[SQL_LOG:2021-01-05 18:29:30]: SELECT ctg_id, category_name, cate_genre FROM  category  WHERE  cate_genre = ?     [lesson]
[SQL_LOG:2021-01-05 18:29:30]: SELECT item_id, item_name, price, image, ctg_id  FROM  item     []
[SQL_LOG:2021-01-05 18:29:44]: SELECT ctg_id, category_name, cate_genre FROM  category  WHERE  cate_genre = ?     [lesson]
[SQL_LOG:2021-01-05 18:29:44]: SELECT item_id, item_name, price, image, ctg_id  FROM  item     []
[SQL_LOG:2021-01-05 18:30:03]: SELECT ctg_id, category_name, cate_genre FROM  category  WHERE  cate_genre = ?     [lesson]
[SQL_LOG:2021-01-05 18:30:03]: SELECT item_id, item_name, price, image, ctg_id  FROM  item     []
[SQL_LOG:2021-01-05 18:30:05]: SELECT ctg_id, category_name, cate_genre FROM  category  WHERE  cate_genre = ?     [item]
[SQL_LOG:2021-01-05 18:30:05]: SELECT item_id, item_name, price, image, ctg_id  FROM  item     []
[SQL_LOG:2021-01-05 18:30:07]: SELECT ctg_id, category_name, cate_genre FROM  category  WHERE  cate_genre = ?     [item]
[SQL_LOG:2021-01-05 18:30:07]: SELECT  item_id, item_name, price, image, ctg_id  FROM item    []
[SQL_LOG:2021-01-05 18:30:07]: SELECT ctg_id, category_name, cate_genre FROM  category  WHERE  cate_genre = ?     [item]
[SQL_LOG:2021-01-05 18:30:07]: SELECT  item_id, item_name, price, image, ctg_id  FROM item    []
[SQL_LOG:2021-01-05 18:30:09]: SELECT ctg_id, category_name, cate_genre FROM  category  WHERE  cate_genre = ?     [item]
[SQL_LOG:2021-01-05 18:30:09]: SELECT item_id, item_name, price, image, ctg_id  FROM  item  WHERE  ctg_id = ?     [10]
[SQL_LOG:2021-01-05 18:30:12]: SELECT ctg_id, category_name, cate_genre FROM  category  WHERE  cate_genre = ?     [item]
[SQL_LOG:2021-01-05 18:30:12]: SELECT  item_id, item_name, price, image, ctg_id  FROM item WHERE  item_name LIKE ?     [%f%]
[SQL_LOG:2021-01-05 18:30:19]: SELECT ctg_id, category_name, cate_genre FROM  category  WHERE  cate_genre = ?     [item]
[SQL_LOG:2021-01-05 18:30:19]: SELECT  item_id, item_name, price, image, ctg_id  FROM item WHERE  item_name LIKE ?     [%T%]
[SQL_LOG:2021-01-05 18:30:51]: SELECT ctg_id, category_name, cate_genre FROM  category  WHERE  cate_genre = ?     [item]
[SQL_LOG:2021-01-05 18:30:51]: SELECT item_id, item_name, price, image, ctg_id  FROM  item     []
[SQL_LOG:2021-01-05 18:30:52]: SELECT ctg_id, category_name, cate_genre FROM  category  WHERE  cate_genre = ?     [lesson]
[SQL_LOG:2021-01-05 18:30:52]: SELECT item_id, item_name, price, image, ctg_id  FROM  item     []
[SQL_LOG:2021-01-05 18:32:14]: SELECT *  FROM  member  WHERE  email = ?     [tttvvvaken@gmail.com]
[SQL_LOG:2021-01-05 18:32:14]: SELECT session_key  FROM  loginsession  WHERE  mem_id = ?     [1]
[SQL_LOG:2021-01-05 18:32:14]: SELECT ctg_id, category_name, cate_genre FROM  category  WHERE  cate_genre = ?     [lesson]
[SQL_LOG:2021-01-05 18:32:14]: SELECT item_id, item_name, price, image, ctg_id  FROM  item     []
[SQL_LOG:2021-01-05 18:32:20]: SELECT ctg_id, category_name, cate_genre FROM  category  WHERE  cate_genre = ?     [item]
[SQL_LOG:2021-01-05 18:32:20]: SELECT item_id, item_name, price, image, ctg_id  FROM  item     []
[SQL_LOG:2021-01-05 18:32:21]: SELECT ctg_id, category_name, cate_genre FROM  category  WHERE  cate_genre = ?     [item]
[SQL_LOG:2021-01-05 18:32:21]: SELECT item_id, item_name, price, image, ctg_id  FROM  item  WHERE  ctg_id = ?     [11]
[SQL_LOG:2021-01-05 18:32:22]: SELECT ctg_id, category_name, cate_genre FROM  category  WHERE  cate_genre = ?     [lesson]
[SQL_LOG:2021-01-05 18:32:22]: SELECT item_id, item_name, price, image, ctg_id  FROM  item     []
[SQL_LOG:2021-01-05 20:25:12]: SELECT ctg_id, category_name, cate_genre FROM  category  WHERE  cate_genre = ?     [lesson]
[SQL_LOG:2021-01-05 20:25:12]: SELECT item_id, item_name, price, image, ctg_id  FROM  item     []
[SQL_LOG:2021-01-05 20:25:13]: SELECT ctg_id, category_name, cate_genre FROM  category  WHERE  cate_genre = ?     [lesson]
[SQL_LOG:2021-01-05 20:25:13]: SELECT item_id, item_name, price, image, ctg_id  FROM  item     []
[SQL_LOG:2021-01-05 20:25:17]: SELECT ctg_id, category_name, cate_genre FROM  category  WHERE  cate_genre = ?     [item]
[SQL_LOG:2021-01-05 20:25:17]: SELECT item_id, item_name, price, image, ctg_id  FROM  item     []
[SQL_LOG:2021-01-05 20:25:17]: SELECT ctg_id, category_name, cate_genre FROM  category  WHERE  cate_genre = ?     [item]
[SQL_LOG:2021-01-05 20:25:18]: SELECT item_id, item_name, price, image, ctg_id  FROM  item  WHERE  ctg_id = ?     [9]
[SQL_LOG:2021-01-05 20:25:18]: SELECT ctg_id, category_name, cate_genre FROM  category  WHERE  cate_genre = ?     [lesson]
[SQL_LOG:2021-01-05 20:25:18]: SELECT item_id, item_name, price, image, ctg_id  FROM  item     []
[SQL_LOG:2021-01-05 20:25:21]: SELECT ctg_id, category_name, cate_genre FROM  category  WHERE  cate_genre = ?     [item]
[SQL_LOG:2021-01-05 20:25:21]: SELECT item_id, item_name, price, image, ctg_id  FROM  item     []
[SQL_LOG:2021-01-05 20:25:22]: SELECT ctg_id, category_name, cate_genre FROM  category  WHERE  cate_genre = ?     [item]
[SQL_LOG:2021-01-05 20:25:22]: SELECT item_id, item_name, price, image, ctg_id  FROM  item  WHERE  ctg_id = ?     [9]
[SQL_LOG:2021-01-05 20:25:24]: SELECT ctg_id, category_name, cate_genre FROM  category  WHERE  cate_genre = ?     [item]
[SQL_LOG:2021-01-05 20:25:24]: SELECT item_id, item_name, price, image, ctg_id  FROM  item  WHERE  ctg_id = ?     [11]
[SQL_LOG:2021-01-05 20:25:25]: SELECT ctg_id, category_name, cate_genre FROM  category  WHERE  cate_genre = ?     [item]
[SQL_LOG:2021-01-05 20:25:25]: SELECT item_id, item_name, price, image, ctg_id  FROM  item  WHERE  ctg_id = ?     [10]
[SQL_LOG:2021-01-05 20:25:25]: SELECT ctg_id, category_name, cate_genre FROM  category  WHERE  cate_genre = ?     [item]
[SQL_LOG:2021-01-05 20:25:25]: SELECT item_id, item_name, price, image, ctg_id  FROM  item  WHERE  ctg_id = ?     [12]
[SQL_LOG:2021-01-05 20:25:26]: SELECT ctg_id, category_name, cate_genre FROM  category  WHERE  cate_genre = ?     [item]
[SQL_LOG:2021-01-05 20:25:26]: SELECT item_id, item_name, price, image, ctg_id  FROM  item  WHERE  ctg_id = ?     [13]
[SQL_LOG:2021-01-05 20:25:27]: SELECT ctg_id, category_name, cate_genre FROM  category  WHERE  cate_genre = ?     [item]
[SQL_LOG:2021-01-05 20:25:27]: SELECT item_id, item_name, price, image, ctg_id  FROM  item  WHERE  ctg_id = ?     [14]
[SQL_LOG:2021-01-05 20:25:27]: SELECT ctg_id, category_name, cate_genre FROM  category  WHERE  cate_genre = ?     [lesson]
[SQL_LOG:2021-01-05 20:25:27]: SELECT item_id, item_name, price, image, ctg_id  FROM  item     []
[SQL_LOG:2021-01-05 20:25:31]: SELECT c.crt_id, c.num, c.unit_price, c.sub_total_price, i.item_id, i.item_name, i.price, i.image FROM  cart c LEFT JOIN item i ON c.item_id = i.item_id  WHERE  c.mem_id = ? AND c.delete_flg = ?     [1,0]
[SQL_LOG:2021-01-05 20:25:31]: SELECT SUM(c.sub_total_price) AS totalPrice  FROM  cart c LEFT JOIN item i ON c.item_id = i.item_id  WHERE  c.mem_id = ? AND c.delete_flg = ?    [1,0]
[SQL_LOG:2021-01-05 20:25:31]: SELECT SUM(num) AS num  FROM  cart c  WHERE  c.mem_id = ? AND c.delete_flg = ?    [1,0]
[SQL_LOG:2021-01-05 20:25:35]: SELECT *  FROM  member  WHERE  mem_id = ?     [1]
[SQL_LOG:2021-01-05 20:25:37]: SELECT *  FROM  member  WHERE  mem_id = ?     [1]
[SQL_LOG:2021-01-05 20:25:39]: SELECT *  FROM  member  WHERE  mem_id = ?     [1]
[SQL_LOG:2021-01-05 20:25:41]: SELECT ctg_id, category_name, cate_genre FROM  category  WHERE  cate_genre = ?     [lesson]
[SQL_LOG:2021-01-05 20:25:41]: SELECT item_id, item_name, price, image, ctg_id  FROM  item     []
[SQL_LOG:2021-01-05 20:25:43]: SELECT ctg_id, category_name, cate_genre FROM  category  WHERE  cate_genre = ?     [lesson]
[SQL_LOG:2021-01-05 20:25:43]: SELECT item_id, item_name, price, image, ctg_id  FROM  item     []
[SQL_LOG:2021-01-05 22:28:04]: SELECT ctg_id, category_name, cate_genre FROM  category  WHERE  cate_genre = ?     [item]
[SQL_LOG:2021-01-05 22:28:04]: SELECT item_id, item_name, price, image, ctg_id  FROM  item     []
[SQL_LOG:2021-01-05 22:28:09]: SELECT ctg_id, category_name, cate_genre FROM  category  WHERE  cate_genre = ?     [item]
[SQL_LOG:2021-01-05 22:28:09]: SELECT item_id, item_name, price, image, ctg_id  FROM  item     []
[SQL_LOG:2021-01-05 22:28:10]: SELECT ctg_id, category_name, cate_genre FROM  category  WHERE  cate_genre = ?     [item]
[SQL_LOG:2021-01-05 22:28:10]: SELECT item_id, item_name, price, image, ctg_id  FROM  item  WHERE  ctg_id = ?     [9]
[SQL_LOG:2021-01-05 22:28:11]: SELECT ctg_id, category_name, cate_genre FROM  category  WHERE  cate_genre = ?     [lesson]
[SQL_LOG:2021-01-05 22:28:11]: SELECT item_id, item_name, price, image, ctg_id  FROM  item     []
[SQL_LOG:2021-01-05 22:28:14]: SELECT ctg_id, category_name, cate_genre FROM  category  WHERE  cate_genre = ?     [item]
[SQL_LOG:2021-01-05 22:28:14]: SELECT item_id, item_name, price, image, ctg_id  FROM  item     []
[SQL_LOG:2021-01-05 22:28:22]: SELECT *  FROM  member  WHERE  mem_id = ?     [1]
[SQL_LOG:2021-01-05 22:37:06]: SELECT ctg_id, category_name, cate_genre FROM  category  WHERE  cate_genre = ?     [lesson]
[SQL_LOG:2021-01-05 22:37:06]: SELECT item_id, item_name, price, image, ctg_id  FROM  item     []
[SQL_LOG:2021-01-05 22:37:08]: SELECT ctg_id, category_name, cate_genre FROM  category  WHERE  cate_genre = ?     [item]
[SQL_LOG:2021-01-05 22:37:08]: SELECT item_id, item_name, price, image, ctg_id  FROM  item     []
[SQL_LOG:2021-01-05 22:37:15]: SELECT c.crt_id, c.num, c.unit_price, c.sub_total_price, i.item_id, i.item_name, i.price, i.image FROM  cart c LEFT JOIN item i ON c.item_id = i.item_id  WHERE  c.mem_id = ? AND c.delete_flg = ?     [1,0]
[SQL_LOG:2021-01-05 22:37:15]: SELECT SUM(c.sub_total_price) AS totalPrice  FROM  cart c LEFT JOIN item i ON c.item_id = i.item_id  WHERE  c.mem_id = ? AND c.delete_flg = ?    [1,0]
[SQL_LOG:2021-01-05 22:37:15]: SELECT SUM(num) AS num  FROM  cart c  WHERE  c.mem_id = ? AND c.delete_flg = ?    [1,0]
[SQL_LOG:2021-01-05 22:37:20]: SELECT ctg_id, category_name, cate_genre FROM  category  WHERE  cate_genre = ?     [lesson]
[SQL_LOG:2021-01-05 22:37:20]: SELECT item_id, item_name, price, image, ctg_id  FROM  item     []
[SQL_LOG:2021-01-05 22:37:24]: SELECT ctg_id, category_name, cate_genre FROM  category  WHERE  cate_genre = ?     [item]
[SQL_LOG:2021-01-05 22:37:24]: SELECT item_id, item_name, price, image, ctg_id  FROM  item     []
[SQL_LOG:2021-01-05 22:37:25]: SELECT ctg_id, category_name, cate_genre FROM  category  WHERE  cate_genre = ?     [item]
[SQL_LOG:2021-01-05 22:37:25]: SELECT item_id, item_name, detail, price, image, ctg_id FROM  item  WHERE  item_id = ?     [1]
[SQL_LOG:2021-01-05 22:37:25]: SELECT COUNT(*) AS NUM  FROM  likes  WHERE  item_id = ?     [1]
[SQL_LOG:2021-01-05 22:37:25]: SELECT *  FROM  likes  WHERE  item_id = ? AND mem_id = ?     [1,1]
[SQL_LOG:2021-01-05 22:37:28]: SELECT price  FROM  item  WHERE  item_id = ?     [1]
[SQL_LOG:2021-01-05 22:37:28]: INSERT INTO cart (mem_id,item_id,num,unit_price,sub_total_price,regist_date)VALUES(?,?,?,?,?,?) [1,1,4,150,600,2021-01-05 22:37:28]
[SQL_LOG:2021-01-05 22:37:28]: SELECT c.crt_id, c.num, c.unit_price, c.sub_total_price, i.item_id, i.item_name, i.price, i.image FROM  cart c LEFT JOIN item i ON c.item_id = i.item_id  WHERE  c.mem_id = ? AND c.delete_flg = ?     [1,0]
[SQL_LOG:2021-01-05 22:37:28]: SELECT SUM(c.sub_total_price) AS totalPrice  FROM  cart c LEFT JOIN item i ON c.item_id = i.item_id  WHERE  c.mem_id = ? AND c.delete_flg = ?    [1,0]
[SQL_LOG:2021-01-05 22:37:28]: SELECT SUM(num) AS num  FROM  cart c  WHERE  c.mem_id = ? AND c.delete_flg = ?    [1,0]
[SQL_LOG:2021-01-05 22:40:08]: SELECT ctg_id, category_name, cate_genre FROM  category  WHERE  cate_genre = ?     [lesson]
[SQL_LOG:2021-01-05 22:40:08]: SELECT item_id, item_name, price, image, ctg_id  FROM  item     []
[SQL_LOG:2021-01-05 22:40:11]: SELECT *  FROM  member  WHERE  mem_id = ?     [1]
[SQL_LOG:2021-01-05 22:40:12]: SELECT *  FROM  member  WHERE  mem_id = ?     [1]
[SQL_LOG:2021-01-05 22:40:14]: SELECT *  FROM  member  WHERE  mem_id = ?     [1]
[SQL_LOG:2021-01-05 22:40:14]: SELECT *  FROM  member  WHERE  mem_id = ?     [1]
[SQL_LOG:2021-01-05 22:40:15]: SELECT *  FROM  member  WHERE  mem_id = ?     [1]
[SQL_LOG:2021-01-05 22:40:16]: SELECT *  FROM  member  WHERE  mem_id = ?     [1]
[SQL_LOG:2021-01-05 22:40:18]: SELECT *  FROM  member  WHERE  mem_id = ?     [1]
[SQL_LOG:2021-01-05 22:40:24]: SELECT *  FROM  member  WHERE  mem_id = ?     [1]
[SQL_LOG:2021-01-05 22:40:25]: SELECT *  FROM  member  WHERE  mem_id = ?     [1]
[SQL_LOG:2021-01-05 22:40:25]: SELECT *  FROM  member  WHERE  mem_id = ?     [1]
[SQL_LOG:2021-01-05 22:40:27]: SELECT *  FROM  member  WHERE  mem_id = ?     [1]
[SQL_LOG:2021-01-05 22:41:20]: SELECT ctg_id, category_name, cate_genre FROM  category  WHERE  cate_genre = ?     [lesson]
[SQL_LOG:2021-01-05 22:41:20]: SELECT item_id, item_name, price, image, ctg_id  FROM  item     []
[SQL_LOG:2021-01-05 22:41:21]: SELECT ctg_id, category_name, cate_genre FROM  category  WHERE  cate_genre = ?     [lesson]
[SQL_LOG:2021-01-05 22:41:21]: SELECT item_id, item_name, price, image, ctg_id  FROM  item     []
[SQL_LOG:2021-01-05 22:46:47]: SELECT ctg_id, category_name, cate_genre FROM  category  WHERE  cate_genre = ?     [lesson]
[SQL_LOG:2021-01-05 22:46:47]: SELECT item_id, item_name, price, image, ctg_id  FROM  item     []
[SQL_LOG:2021-01-05 22:47:55]: SELECT ctg_id, category_name, cate_genre FROM  category  WHERE  cate_genre = ?     [lesson]
[SQL_LOG:2021-01-05 22:47:55]: SELECT item_id, item_name, price, image, ctg_id  FROM  item     []
[SQL_LOG:2021-01-05 22:49:49]: SELECT ctg_id, category_name, cate_genre FROM  category  WHERE  cate_genre = ?     [lesson]
[SQL_LOG:2021-01-05 22:49:49]: SELECT item_id, item_name, price, image, ctg_id  FROM  item     []
[SQL_LOG:2021-01-05 22:50:04]: SELECT ctg_id, category_name, cate_genre FROM  category  WHERE  cate_genre = ?     [lesson]
[SQL_LOG:2021-01-05 22:50:04]: SELECT item_id, item_name, price, image, ctg_id  FROM  item     []
[SQL_LOG:2021-01-05 22:50:34]: SELECT ctg_id, category_name, cate_genre FROM  category  WHERE  cate_genre = ?     [lesson]
[SQL_LOG:2021-01-05 22:50:34]: SELECT item_id, item_name, price, image, ctg_id  FROM  item     []
[SQL_LOG:2021-01-05 22:51:14]: SELECT ctg_id, category_name, cate_genre FROM  category  WHERE  cate_genre = ?     [lesson]
[SQL_LOG:2021-01-05 22:51:14]: SELECT item_id, item_name, price, image, ctg_id  FROM  item     []
[SQL_LOG:2021-01-05 22:51:15]: SELECT ctg_id, category_name, cate_genre FROM  category  WHERE  cate_genre = ?     [lesson]
[SQL_LOG:2021-01-05 22:51:15]: SELECT item_id, item_name, price, image, ctg_id  FROM  item     []
[SQL_LOG:2021-01-05 22:51:22]: SELECT ctg_id, category_name, cate_genre FROM  category  WHERE  cate_genre = ?     [lesson]
[SQL_LOG:2021-01-05 22:51:22]: SELECT item_id, item_name, price, image, ctg_id  FROM  item     []
[SQL_LOG:2021-01-05 22:51:24]: SELECT ctg_id, category_name, cate_genre FROM  category  WHERE  cate_genre = ?     [item]
[SQL_LOG:2021-01-05 22:51:24]: SELECT item_id, item_name, price, image, ctg_id  FROM  item     []
[SQL_LOG:2021-01-05 22:51:41]: SELECT ctg_id, category_name, cate_genre FROM  category  WHERE  cate_genre = ?     [item]
[SQL_LOG:2021-01-05 22:51:41]: SELECT item_id, item_name, price, image, ctg_id  FROM  item     []
[SQL_LOG:2021-01-05 22:51:42]: SELECT ctg_id, category_name, cate_genre FROM  category  WHERE  cate_genre = ?     [item]
[SQL_LOG:2021-01-05 22:51:42]: SELECT item_id, item_name, price, image, ctg_id  FROM  item  WHERE  ctg_id = ?     [9]
[SQL_LOG:2021-01-05 22:51:42]: SELECT ctg_id, category_name, cate_genre FROM  category  WHERE  cate_genre = ?     [item]
[SQL_LOG:2021-01-05 22:51:42]: SELECT item_id, item_name, price, image, ctg_id  FROM  item  WHERE  ctg_id = ?     [10]
[SQL_LOG:2021-01-05 22:51:43]: SELECT ctg_id, category_name, cate_genre FROM  category  WHERE  cate_genre = ?     [lesson]
[SQL_LOG:2021-01-05 22:51:43]: SELECT item_id, item_name, price, image, ctg_id  FROM  item     []
[SQL_LOG:2021-01-05 22:51:43]: SELECT ctg_id, category_name, cate_genre FROM  category  WHERE  cate_genre = ?     [lesson]
[SQL_LOG:2021-01-05 22:51:43]: SELECT item_id, item_name, price, image, ctg_id  FROM  item     []
[SQL_LOG:2021-01-05 22:51:48]: SELECT ctg_id, category_name, cate_genre FROM  category  WHERE  cate_genre = ?     [item]
[SQL_LOG:2021-01-05 22:51:48]: SELECT item_id, item_name, price, image, ctg_id  FROM  item     []
[SQL_LOG:2021-01-05 22:51:48]: SELECT ctg_id, category_name, cate_genre FROM  category  WHERE  cate_genre = ?     [lesson]
[SQL_LOG:2021-01-05 22:51:48]: SELECT item_id, item_name, price, image, ctg_id  FROM  item     []
[SQL_LOG:2021-01-05 22:51:49]: SELECT ctg_id, category_name, cate_genre FROM  category  WHERE  cate_genre = ?     [lesson]
[SQL_LOG:2021-01-05 22:51:49]: SELECT item_id, item_name, price, image, ctg_id  FROM  item     []
[SQL_LOG:2021-01-05 22:53:05]: SELECT ctg_id, category_name, cate_genre FROM  category  WHERE  cate_genre = ?     [item]
[SQL_LOG:2021-01-05 22:53:05]: SELECT item_id, item_name, price, image, ctg_id  FROM  item     []
[SQL_LOG:2021-01-05 22:53:05]: SELECT ctg_id, category_name, cate_genre FROM  category  WHERE  cate_genre = ?     [lesson]
[SQL_LOG:2021-01-05 22:53:05]: SELECT item_id, item_name, price, image, ctg_id  FROM  item     []
[SQL_LOG:2021-01-05 22:53:06]: SELECT ctg_id, category_name, cate_genre FROM  category  WHERE  cate_genre = ?     [lesson]
[SQL_LOG:2021-01-05 22:53:06]: SELECT item_id, item_name, price, image, ctg_id  FROM  item     []
[SQL_LOG:2021-01-05 22:53:06]: SELECT ctg_id, category_name, cate_genre FROM  category  WHERE  cate_genre = ?     [lesson]
[SQL_LOG:2021-01-05 22:53:06]: SELECT item_id, item_name, price, image, ctg_id  FROM  item     []
[SQL_LOG:2021-01-05 22:53:19]: SELECT ctg_id, category_name, cate_genre FROM  category  WHERE  cate_genre = ?     [lesson]
[SQL_LOG:2021-01-05 22:53:19]: SELECT item_id, item_name, price, image, ctg_id  FROM  item     []
[SQL_LOG:2021-01-05 22:55:51]: SELECT ctg_id, category_name, cate_genre FROM  category  WHERE  cate_genre = ?     [lesson]
[SQL_LOG:2021-01-05 22:55:51]: SELECT item_id, item_name, price, image, ctg_id  FROM  item     []
[SQL_LOG:2021-01-05 22:56:36]: SELECT ctg_id, category_name, cate_genre FROM  category  WHERE  cate_genre = ?     [lesson]
[SQL_LOG:2021-01-05 22:56:36]: SELECT item_id, item_name, price, image, ctg_id  FROM  item     []
[SQL_LOG:2021-01-05 22:59:47]: SELECT ctg_id, category_name, cate_genre FROM  category  WHERE  cate_genre = ?     [lesson]
[SQL_LOG:2021-01-05 22:59:47]: SELECT item_id, item_name, price, image, ctg_id  FROM  item     []
[SQL_LOG:2021-01-05 23:00:24]: SELECT ctg_id, category_name, cate_genre FROM  category  WHERE  cate_genre = ?     [lesson]
[SQL_LOG:2021-01-05 23:00:24]: SELECT item_id, item_name, price, image, ctg_id  FROM  item     []
[SQL_LOG:2021-01-05 23:01:17]: SELECT ctg_id, category_name, cate_genre FROM  category  WHERE  cate_genre = ?     [lesson]
[SQL_LOG:2021-01-05 23:01:17]: SELECT item_id, item_name, price, image, ctg_id  FROM  item     []
[SQL_LOG:2021-01-05 23:02:15]: SELECT ctg_id, category_name, cate_genre FROM  category  WHERE  cate_genre = ?     [lesson]
[SQL_LOG:2021-01-05 23:02:15]: SELECT item_id, item_name, price, image, ctg_id  FROM  item     []
[SQL_LOG:2021-01-05 23:02:16]: SELECT ctg_id, category_name, cate_genre FROM  category  WHERE  cate_genre = ?     [lesson]
[SQL_LOG:2021-01-05 23:02:16]: SELECT item_id, item_name, price, image, ctg_id  FROM  item     []
[SQL_LOG:2021-01-05 23:05:43]: SELECT ctg_id, category_name, cate_genre FROM  category  WHERE  cate_genre = ?     [lesson]
[SQL_LOG:2021-01-05 23:05:43]: SELECT item_id, item_name, price, image, ctg_id  FROM  item     []
[SQL_LOG:2021-01-05 23:05:50]: SELECT *  FROM  member  WHERE  mem_id = ?     [1]
[SQL_LOG:2021-01-05 23:05:55]: SELECT ctg_id, category_name, cate_genre FROM  category  WHERE  cate_genre = ?     [lesson]
[SQL_LOG:2021-01-05 23:05:55]: SELECT item_id, item_name, price, image, ctg_id  FROM  item     []
[SQL_LOG:2021-01-05 23:31:59]: SELECT ctg_id, category_name, cate_genre FROM  category  WHERE  cate_genre = ?     [lesson]
[SQL_LOG:2021-01-05 23:31:59]: SELECT item_id, item_name, price, image, ctg_id  FROM  item     []
[SQL_LOG:2021-01-05 23:32:02]: SELECT ctg_id, category_name, cate_genre FROM  category  WHERE  cate_genre = ?     [item]
[SQL_LOG:2021-01-05 23:32:02]: SELECT item_id, item_name, price, image, ctg_id  FROM  item     []
[SQL_LOG:2021-01-05 23:33:46]: SELECT ctg_id, category_name, cate_genre FROM  category  WHERE  cate_genre = ?     [item]
[SQL_LOG:2021-01-05 23:33:46]: SELECT item_id, item_name, price, image, ctg_id  FROM  item     []
[SQL_LOG:2021-01-05 23:34:04]: SELECT ctg_id, category_name, cate_genre FROM  category  WHERE  cate_genre = ?     [item]
[SQL_LOG:2021-01-05 23:34:04]: SELECT item_id, item_name, price, image, ctg_id  FROM  item     []
[SQL_LOG:2021-01-05 23:34:05]: SELECT ctg_id, category_name, cate_genre FROM  category  WHERE  cate_genre = ?     [lesson]
[SQL_LOG:2021-01-05 23:34:05]: SELECT item_id, item_name, price, image, ctg_id  FROM  item     []
[SQL_LOG:2021-01-05 23:53:01]: SELECT *  FROM  member  WHERE  email = ?     [tttvvvaken@gmail.com]
[SQL_LOG:2021-01-05 23:53:01]: SELECT session_key  FROM  loginsession  WHERE  mem_id = ?     [1]
[SQL_LOG:2021-01-05 23:53:01]: SELECT ctg_id, category_name, cate_genre FROM  category  WHERE  cate_genre = ?     [lesson]
[SQL_LOG:2021-01-05 23:53:01]: SELECT item_id, item_name, price, image, ctg_id  FROM  item     []
[SQL_LOG:2021-01-05 23:53:05]: SELECT ctg_id, category_name, cate_genre FROM  category  WHERE  cate_genre = ?     [item]
[SQL_LOG:2021-01-05 23:53:05]: SELECT item_id, item_name, price, image, ctg_id  FROM  item     []
[SQL_LOG:2021-01-05 23:53:06]: SELECT ctg_id, category_name, cate_genre FROM  category  WHERE  cate_genre = ?     [lesson]
[SQL_LOG:2021-01-05 23:53:06]: SELECT item_id, item_name, price, image, ctg_id  FROM  item     []
[SQL_LOG:2021-01-05 23:53:09]: SELECT ctg_id, category_name, cate_genre FROM  category  WHERE  cate_genre = ?     [lesson]
[SQL_LOG:2021-01-05 23:53:09]: SELECT item_id, item_name, price, image, ctg_id  FROM  item     []
[SQL_LOG:2021-01-05 23:53:11]: SELECT c.crt_id, c.num, c.unit_price, c.sub_total_price, i.item_id, i.item_name, i.price, i.image FROM  cart c LEFT JOIN item i ON c.item_id = i.item_id  WHERE  c.mem_id = ? AND c.delete_flg = ?     [1,0]
[SQL_LOG:2021-01-05 23:53:11]: SELECT SUM(c.sub_total_price) AS totalPrice  FROM  cart c LEFT JOIN item i ON c.item_id = i.item_id  WHERE  c.mem_id = ? AND c.delete_flg = ?    [1,0]
[SQL_LOG:2021-01-05 23:53:11]: SELECT SUM(num) AS num  FROM  cart c  WHERE  c.mem_id = ? AND c.delete_flg = ?    [1,0]
[SQL_LOG:2021-01-05 23:53:15]: SELECT *  FROM  member  WHERE  mem_id = ?     [1]
[SQL_LOG:2021-01-05 23:53:16]: SELECT *  FROM  member  WHERE  mem_id = ?     [1]
[SQL_LOG:2021-01-05 23:53:18]: SELECT ctg_id, category_name, cate_genre FROM  category  WHERE  cate_genre = ?     [lesson]
[SQL_LOG:2021-01-05 23:53:18]: SELECT item_id, item_name, price, image, ctg_id  FROM  item     []
[SQL_LOG:2021-01-05 23:56:01]: SELECT ctg_id, category_name, cate_genre FROM  category  WHERE  cate_genre = ?     [lesson]
[SQL_LOG:2021-01-05 23:56:01]: SELECT item_id, item_name, price, image, ctg_id  FROM  item     []
[SQL_LOG:2021-01-05 23:56:12]: SELECT ctg_id, category_name, cate_genre FROM  category  WHERE  cate_genre = ?     [lesson]
[SQL_LOG:2021-01-05 23:56:12]: SELECT item_id, item_name, price, image, ctg_id  FROM  item     []
[SQL_LOG:2021-01-05 23:58:04]: SELECT ctg_id, category_name, cate_genre FROM  category  WHERE  cate_genre = ?     [lesson]
[SQL_LOG:2021-01-05 23:58:04]: SELECT item_id, item_name, price, image, ctg_id  FROM  item     []
[SQL_LOG:2021-01-05 23:58:30]: SELECT *  FROM  member  WHERE  email = ?     [tttvvvaken@gmail.com]
[SQL_LOG:2021-01-05 23:58:30]: SELECT session_key  FROM  loginsession  WHERE  mem_id = ?     [1]
[SQL_LOG:2021-01-05 23:58:30]: SELECT ctg_id, category_name, cate_genre FROM  category  WHERE  cate_genre = ?     [lesson]
[SQL_LOG:2021-01-05 23:58:30]: SELECT item_id, item_name, price, image, ctg_id  FROM  item     []
[SQL_LOG:2021-01-05 23:59:22]: SELECT ctg_id, category_name, cate_genre FROM  category  WHERE  cate_genre = ?     [lesson]
[SQL_LOG:2021-01-05 23:59:22]: SELECT item_id, item_name, price, image, ctg_id  FROM  item     []
[SQL_LOG:2021-01-05 23:59:31]: SELECT ctg_id, category_name, cate_genre FROM  category  WHERE  cate_genre = ?     [lesson]
[SQL_LOG:2021-01-05 23:59:31]: SELECT item_id, item_name, price, image, ctg_id  FROM  item     []
[SQL_LOG:2021-01-05 23:59:44]: SELECT ctg_id, category_name, cate_genre FROM  category  WHERE  cate_genre = ?     [lesson]
[SQL_LOG:2021-01-05 23:59:44]: SELECT item_id, item_name, price, image, ctg_id  FROM  item     []
