[SQL_LOG:2021-01-03 17:39:35]: SELECT ctg_id, category_name, cate_genre FROM  category  WHERE  cate_genre = ?     [lesson]
[SQL_LOG:2021-01-03 17:39:35]: SELECT item_id, item_name, price, image, ctg_id  FROM  item     []
[SQL_LOG:2021-01-03 17:41:32]: SELECT ctg_id, category_name, cate_genre FROM  category  WHERE  cate_genre = ?     [lesson]
[SQL_LOG:2021-01-03 17:41:32]: SELECT item_id, item_name, price, image, ctg_id  FROM  item     []
[SQL_LOG:2021-01-03 17:41:33]: SELECT ctg_id, category_name, cate_genre FROM  category  WHERE  cate_genre = ?     [lesson]
[SQL_LOG:2021-01-03 17:41:33]: SELECT item_id, item_name, price, image, ctg_id  FROM  item     []
[SQL_LOG:2021-01-03 17:41:43]: SELECT ctg_id, category_name, cate_genre FROM  category  WHERE  cate_genre = ?     [lesson]
[SQL_LOG:2021-01-03 17:41:43]: SELECT item_id, item_name, price, image, ctg_id  FROM  item     []
[SQL_LOG:2021-01-03 17:42:31]: SELECT ctg_id, category_name, cate_genre FROM  category  WHERE  cate_genre = ?     [lesson]
[SQL_LOG:2021-01-03 17:42:31]: SELECT item_id, item_name, price, image, ctg_id  FROM  item     []
[SQL_LOG:2021-01-03 17:42:32]: SELECT ctg_id, category_name, cate_genre FROM  category  WHERE  cate_genre = ?     [lesson]
[SQL_LOG:2021-01-03 17:42:32]: SELECT item_id, item_name, price, image, ctg_id  FROM  item     []
[SQL_LOG:2021-01-03 17:42:36]: SELECT ctg_id, category_name, cate_genre FROM  category  WHERE  cate_genre = ?     [lesson]
[SQL_LOG:2021-01-03 17:42:36]: SELECT item_id, item_name, price, image, ctg_id  FROM  item     []
[SQL_LOG:2021-01-03 17:43:24]: SELECT ctg_id, category_name, cate_genre FROM  category  WHERE  cate_genre = ?     [lesson]
[SQL_LOG:2021-01-03 17:43:24]: SELECT item_id, item_name, price, image, ctg_id  FROM  item     []
[SQL_LOG:2021-01-03 17:43:29]: SELECT ctg_id, category_name, cate_genre FROM  category  WHERE  cate_genre = ?     [lesson]
[SQL_LOG:2021-01-03 17:43:29]: SELECT item_id, item_name, price, image, ctg_id  FROM  item     []
[SQL_LOG:2021-01-03 17:44:50]: SELECT ctg_id, category_name, cate_genre FROM  category  WHERE  cate_genre = ?     [lesson]
[SQL_LOG:2021-01-03 17:44:50]: SELECT item_id, item_name, price, image, ctg_id  FROM  item     []
[SQL_LOG:2021-01-03 17:44:55]: SELECT ctg_id, category_name, cate_genre FROM  category  WHERE  cate_genre = ?     [lesson]
[SQL_LOG:2021-01-03 17:44:55]: SELECT item_id, item_name, price, image, ctg_id  FROM  item     []
[SQL_LOG:2021-01-03 17:46:08]: SELECT ctg_id, category_name, cate_genre FROM  category  WHERE  cate_genre = ?     [lesson]
[SQL_LOG:2021-01-03 17:46:08]: SELECT item_id, item_name, price, image, ctg_id  FROM  item     []
[SQL_LOG:2021-01-03 17:50:31]: SELECT ctg_id, category_name, cate_genre FROM  category  WHERE  cate_genre = ?     [lesson]
[SQL_LOG:2021-01-03 17:50:31]: SELECT item_id, item_name, price, image, ctg_id  FROM  item     []
[SQL_LOG:2021-01-03 17:50:49]: SELECT ctg_id, category_name, cate_genre FROM  category  WHERE  cate_genre = ?     [lesson]
[SQL_LOG:2021-01-03 17:50:49]: SELECT item_id, item_name, price, image, ctg_id  FROM  item     []
[SQL_LOG:2021-01-03 17:51:09]: SELECT ctg_id, category_name, cate_genre FROM  category  WHERE  cate_genre = ?     [lesson]
[SQL_LOG:2021-01-03 17:51:09]: SELECT item_id, item_name, price, image, ctg_id  FROM  item     []
[SQL_LOG:2021-01-03 17:51:18]: SELECT ctg_id, category_name, cate_genre FROM  category  WHERE  cate_genre = ?     [lesson]
[SQL_LOG:2021-01-03 17:51:18]: SELECT item_id, item_name, price, image, ctg_id  FROM  item     []
[SQL_LOG:2021-01-03 17:51:47]: SELECT ctg_id, category_name, cate_genre FROM  category  WHERE  cate_genre = ?     [lesson]
[SQL_LOG:2021-01-03 17:51:47]: SELECT item_id, item_name, price, image, ctg_id  FROM  item     []
[SQL_LOG:2021-01-03 17:51:48]: SELECT ctg_id, category_name, cate_genre FROM  category  WHERE  cate_genre = ?     [lesson]
[SQL_LOG:2021-01-03 17:51:48]: SELECT item_id, item_name, price, image, ctg_id  FROM  item     []
[SQL_LOG:2021-01-03 17:51:49]: SELECT ctg_id, category_name, cate_genre FROM  category  WHERE  cate_genre = ?     [lesson]
[SQL_LOG:2021-01-03 17:51:49]: SELECT item_id, item_name, price, image, ctg_id  FROM  item     []
[SQL_LOG:2021-01-03 17:51:54]: SELECT ctg_id, category_name, cate_genre FROM  category  WHERE  cate_genre = ?     [lesson]
[SQL_LOG:2021-01-03 17:51:54]: SELECT item_id, item_name, price, image, ctg_id  FROM  item     []
[SQL_LOG:2021-01-03 17:51:55]: SELECT ctg_id, category_name, cate_genre FROM  category  WHERE  cate_genre = ?     [lesson]
[SQL_LOG:2021-01-03 17:51:55]: SELECT item_id, item_name, price, image, ctg_id  FROM  item     []
[SQL_LOG:2021-01-03 17:52:56]: SELECT ctg_id, category_name, cate_genre FROM  category  WHERE  cate_genre = ?     [lesson]
[SQL_LOG:2021-01-03 17:52:56]: SELECT item_id, item_name, price, image, ctg_id  FROM  item     []
[SQL_LOG:2021-01-03 17:54:05]: SELECT ctg_id, category_name, cate_genre FROM  category  WHERE  cate_genre = ?     [lesson]
[SQL_LOG:2021-01-03 17:54:05]: SELECT item_id, item_name, price, image, ctg_id  FROM  item     []
[SQL_LOG:2021-01-03 17:54:17]: SELECT ctg_id, category_name, cate_genre FROM  category  WHERE  cate_genre = ?     [lesson]
[SQL_LOG:2021-01-03 17:54:17]: SELECT item_id, item_name, price, image, ctg_id  FROM  item     []
[SQL_LOG:2021-01-03 17:54:17]: SELECT ctg_id, category_name, cate_genre FROM  category  WHERE  cate_genre = ?     [lesson]
[SQL_LOG:2021-01-03 17:54:17]: SELECT item_id, item_name, price, image, ctg_id  FROM  item     []
[SQL_LOG:2021-01-03 17:54:21]: SELECT ctg_id, category_name, cate_genre FROM  category  WHERE  cate_genre = ?     [lesson]
[SQL_LOG:2021-01-03 17:54:21]: SELECT item_id, item_name, price, image, ctg_id  FROM  item     []
[SQL_LOG:2021-01-03 17:55:10]: SELECT *  FROM  member  WHERE  mem_id = ?     [1]
[SQL_LOG:2021-01-03 17:55:12]: SELECT ctg_id, category_name, cate_genre FROM  category  WHERE  cate_genre = ?     [lesson]
[SQL_LOG:2021-01-03 17:55:12]: SELECT item_id, item_name, price, image, ctg_id  FROM  item     []
[SQL_LOG:2021-01-03 17:57:45]: SELECT ctg_id, category_name, cate_genre FROM  category  WHERE  cate_genre = ?     [lesson]
[SQL_LOG:2021-01-03 17:57:45]: SELECT item_id, item_name, price, image, ctg_id  FROM  item     []
[SQL_LOG:2021-01-03 18:00:02]: SELECT ctg_id, category_name, cate_genre FROM  category  WHERE  cate_genre = ?     [lesson]
[SQL_LOG:2021-01-03 18:00:02]: SELECT item_id, item_name, price, image, ctg_id  FROM  item     []
[SQL_LOG:2021-01-03 18:01:21]: SELECT ctg_id, category_name, cate_genre FROM  category  WHERE  cate_genre = ?     [lesson]
[SQL_LOG:2021-01-03 18:01:21]: SELECT item_id, item_name, price, image, ctg_id  FROM  item     []
[SQL_LOG:2021-01-03 18:01:47]: SELECT ctg_id, category_name, cate_genre FROM  category  WHERE  cate_genre = ?     [lesson]
[SQL_LOG:2021-01-03 18:01:47]: SELECT item_id, item_name, price, image, ctg_id  FROM  item     []
[SQL_LOG:2021-01-03 18:01:52]: SELECT ctg_id, category_name, cate_genre FROM  category  WHERE  cate_genre = ?     [lesson]
[SQL_LOG:2021-01-03 18:01:52]: SELECT item_id, item_name, price, image, ctg_id  FROM  item     []
[SQL_LOG:2021-01-03 18:03:04]: SELECT ctg_id, category_name, cate_genre FROM  category  WHERE  cate_genre = ?     [lesson]
[SQL_LOG:2021-01-03 18:03:04]: SELECT item_id, item_name, price, image, ctg_id  FROM  item     []
[SQL_LOG:2021-01-03 18:03:04]: SELECT ctg_id, category_name, cate_genre FROM  category  WHERE  cate_genre = ?     [lesson]
[SQL_LOG:2021-01-03 18:03:04]: SELECT item_id, item_name, price, image, ctg_id  FROM  item     []
[SQL_LOG:2021-01-03 18:03:28]: SELECT ctg_id, category_name, cate_genre FROM  category  WHERE  cate_genre = ?     [lesson]
[SQL_LOG:2021-01-03 18:03:28]: SELECT item_id, item_name, price, image, ctg_id  FROM  item     []
[SQL_LOG:2021-01-03 18:03:28]: SELECT ctg_id, category_name, cate_genre FROM  category  WHERE  cate_genre = ?     [lesson]
[SQL_LOG:2021-01-03 18:03:28]: SELECT item_id, item_name, price, image, ctg_id  FROM  item     []
[SQL_LOG:2021-01-03 18:07:47]: SELECT ctg_id, category_name, cate_genre FROM  category  WHERE  cate_genre = ?     [lesson]
[SQL_LOG:2021-01-03 18:07:47]: SELECT item_id, item_name, price, image, ctg_id  FROM  item     []
[SQL_LOG:2021-01-03 18:07:48]: SELECT ctg_id, category_name, cate_genre FROM  category  WHERE  cate_genre = ?     [lesson]
[SQL_LOG:2021-01-03 18:07:48]: SELECT item_id, item_name, price, image, ctg_id  FROM  item     []
[SQL_LOG:2021-01-03 18:07:49]: SELECT ctg_id, category_name, cate_genre FROM  category  WHERE  cate_genre = ?     [lesson]
[SQL_LOG:2021-01-03 18:07:49]: SELECT item_id, item_name, price, image, ctg_id  FROM  item     []
[SQL_LOG:2021-01-03 18:08:37]: SELECT ctg_id, category_name, cate_genre FROM  category  WHERE  cate_genre = ?     [lesson]
[SQL_LOG:2021-01-03 18:08:37]: SELECT item_id, item_name, price, image, ctg_id  FROM  item     []
[SQL_LOG:2021-01-03 18:10:08]: SELECT ctg_id, category_name, cate_genre FROM  category  WHERE  cate_genre = ?     [lesson]
[SQL_LOG:2021-01-03 18:10:08]: SELECT item_id, item_name, price, image, ctg_id  FROM  item     []
[SQL_LOG:2021-01-03 18:13:04]: SELECT ctg_id, category_name, cate_genre FROM  category  WHERE  cate_genre = ?     [lesson]
[SQL_LOG:2021-01-03 18:13:04]: SELECT item_id, item_name, price, image, ctg_id  FROM  item     []
[SQL_LOG:2021-01-03 18:13:04]: SELECT ctg_id, category_name, cate_genre FROM  category  WHERE  cate_genre = ?     [lesson]
[SQL_LOG:2021-01-03 18:13:04]: SELECT item_id, item_name, price, image, ctg_id  FROM  item     []
[SQL_LOG:2021-01-03 18:13:13]: SELECT ctg_id, category_name, cate_genre FROM  category  WHERE  cate_genre = ?     [lesson]
[SQL_LOG:2021-01-03 18:13:13]: SELECT item_id, item_name, price, image, ctg_id  FROM  item     []
[SQL_LOG:2021-01-03 18:13:48]: SELECT ctg_id, category_name, cate_genre FROM  category  WHERE  cate_genre = ?     [lesson]
[SQL_LOG:2021-01-03 18:13:48]: SELECT item_id, item_name, price, image, ctg_id  FROM  item     []
[SQL_LOG:2021-01-03 18:13:49]: SELECT ctg_id, category_name, cate_genre FROM  category  WHERE  cate_genre = ?     [lesson]
[SQL_LOG:2021-01-03 18:13:49]: SELECT item_id, item_name, price, image, ctg_id  FROM  item     []
[SQL_LOG:2021-01-03 18:13:55]: SELECT ctg_id, category_name, cate_genre FROM  category  WHERE  cate_genre = ?     [lesson]
[SQL_LOG:2021-01-03 18:13:55]: SELECT item_id, item_name, price, image, ctg_id  FROM  item     []
[SQL_LOG:2021-01-03 18:14:39]: SELECT ctg_id, category_name, cate_genre FROM  category  WHERE  cate_genre = ?     [lesson]
[SQL_LOG:2021-01-03 18:14:39]: SELECT item_id, item_name, price, image, ctg_id  FROM  item     []
[SQL_LOG:2021-01-03 18:21:47]: SELECT ctg_id, category_name, cate_genre FROM  category  WHERE  cate_genre = ?     [item]
[SQL_LOG:2021-01-03 18:21:47]: SELECT item_id, item_name, price, image, ctg_id  FROM  item     []
[SQL_LOG:2021-01-03 18:23:33]: SELECT ctg_id, category_name, cate_genre FROM  category  WHERE  cate_genre = ?     [lesson]
[SQL_LOG:2021-01-03 18:23:33]: SELECT item_id, item_name, price, image, ctg_id  FROM  item     []
[SQL_LOG:2021-01-03 18:40:23]: SELECT ctg_id, category_name, cate_genre FROM  category  WHERE  cate_genre = ?     [lesson]
[SQL_LOG:2021-01-03 18:40:23]: SELECT item_id, item_name, price, image, ctg_id  FROM  item     []
[SQL_LOG:2021-01-03 18:40:55]: SELECT ctg_id, category_name, cate_genre FROM  category  WHERE  cate_genre = ?     [lesson]
[SQL_LOG:2021-01-03 18:40:55]: SELECT item_id, item_name, price, image, ctg_id  FROM  item     []
[SQL_LOG:2021-01-03 18:40:55]: SELECT ctg_id, category_name, cate_genre FROM  category  WHERE  cate_genre = ?     [lesson]
[SQL_LOG:2021-01-03 18:40:55]: SELECT item_id, item_name, price, image, ctg_id  FROM  item     []
[SQL_LOG:2021-01-03 18:42:19]: SELECT ctg_id, category_name, cate_genre FROM  category  WHERE  cate_genre = ?     [lesson]
[SQL_LOG:2021-01-03 18:42:19]: SELECT item_id, item_name, price, image, ctg_id  FROM  item     []
[SQL_LOG:2021-01-03 18:42:59]: SELECT ctg_id, category_name, cate_genre FROM  category  WHERE  cate_genre = ?     [lesson]
[SQL_LOG:2021-01-03 18:42:59]: SELECT item_id, item_name, price, image, ctg_id  FROM  item     []
[SQL_LOG:2021-01-03 18:43:48]: SELECT ctg_id, category_name, cate_genre FROM  category  WHERE  cate_genre = ?     [lesson]
[SQL_LOG:2021-01-03 18:43:48]: SELECT item_id, item_name, price, image, ctg_id  FROM  item     []
[SQL_LOG:2021-01-03 18:44:01]: SELECT ctg_id, category_name, cate_genre FROM  category  WHERE  cate_genre = ?     [lesson]
[SQL_LOG:2021-01-03 18:44:01]: SELECT item_id, item_name, price, image, ctg_id  FROM  item     []
[SQL_LOG:2021-01-03 18:44:08]: SELECT ctg_id, category_name, cate_genre FROM  category  WHERE  cate_genre = ?     [lesson]
[SQL_LOG:2021-01-03 18:44:08]: SELECT item_id, item_name, price, image, ctg_id  FROM  item     []
[SQL_LOG:2021-01-03 18:44:45]: SELECT ctg_id, category_name, cate_genre FROM  category  WHERE  cate_genre = ?     [lesson]
[SQL_LOG:2021-01-03 18:44:45]: SELECT item_id, item_name, price, image, ctg_id  FROM  item     []
[SQL_LOG:2021-01-03 18:44:46]: SELECT ctg_id, category_name, cate_genre FROM  category  WHERE  cate_genre = ?     [lesson]
[SQL_LOG:2021-01-03 18:44:46]: SELECT item_id, item_name, price, image, ctg_id  FROM  item     []
[SQL_LOG:2021-01-03 18:47:38]: SELECT ctg_id, category_name, cate_genre FROM  category  WHERE  cate_genre = ?     [lesson]
[SQL_LOG:2021-01-03 18:47:38]: SELECT item_id, item_name, price, image, ctg_id  FROM  item     []
[SQL_LOG:2021-01-03 18:57:16]: SELECT ctg_id, category_name, cate_genre FROM  category  WHERE  cate_genre = ?     [lesson]
[SQL_LOG:2021-01-03 18:57:16]: SELECT item_id, item_name, price, image, ctg_id  FROM  item     []
[SQL_LOG:2021-01-03 18:58:27]: SELECT ctg_id, category_name, cate_genre FROM  category  WHERE  cate_genre = ?     [lesson]
[SQL_LOG:2021-01-03 18:58:27]: SELECT item_id, item_name, price, image, ctg_id  FROM  item     []
[SQL_LOG:2021-01-03 18:58:55]: SELECT ctg_id, category_name, cate_genre FROM  category  WHERE  cate_genre = ?     [lesson]
[SQL_LOG:2021-01-03 18:58:55]: SELECT item_id, item_name, price, image, ctg_id  FROM  item     []
[SQL_LOG:2021-01-03 18:59:10]: SELECT ctg_id, category_name, cate_genre FROM  category  WHERE  cate_genre = ?     [lesson]
[SQL_LOG:2021-01-03 18:59:10]: SELECT item_id, item_name, price, image, ctg_id  FROM  item     []
[SQL_LOG:2021-01-03 18:59:10]: SELECT ctg_id, category_name, cate_genre FROM  category  WHERE  cate_genre = ?     [lesson]
[SQL_LOG:2021-01-03 18:59:10]: SELECT item_id, item_name, price, image, ctg_id  FROM  item     []
[SQL_LOG:2021-01-03 19:00:34]: SELECT ctg_id, category_name, cate_genre FROM  category  WHERE  cate_genre = ?     [lesson]
[SQL_LOG:2021-01-03 19:00:34]: SELECT item_id, item_name, price, image, ctg_id  FROM  item     []
[SQL_LOG:2021-01-03 19:01:52]: SELECT ctg_id, category_name, cate_genre FROM  category  WHERE  cate_genre = ?     [lesson]
[SQL_LOG:2021-01-03 19:01:52]: SELECT item_id, item_name, price, image, ctg_id  FROM  item     []
[SQL_LOG:2021-01-03 19:02:34]: SELECT ctg_id, category_name, cate_genre FROM  category  WHERE  cate_genre = ?     [lesson]
[SQL_LOG:2021-01-03 19:02:34]: SELECT item_id, item_name, price, image, ctg_id  FROM  item     []
[SQL_LOG:2021-01-03 19:02:42]: SELECT ctg_id, category_name, cate_genre FROM  category  WHERE  cate_genre = ?     [lesson]
[SQL_LOG:2021-01-03 19:02:42]: SELECT item_id, item_name, price, image, ctg_id  FROM  item     []
[SQL_LOG:2021-01-03 19:02:42]: SELECT ctg_id, category_name, cate_genre FROM  category  WHERE  cate_genre = ?     [lesson]
[SQL_LOG:2021-01-03 19:02:42]: SELECT item_id, item_name, price, image, ctg_id  FROM  item     []
[SQL_LOG:2021-01-03 19:04:30]: SELECT ctg_id, category_name, cate_genre FROM  category  WHERE  cate_genre = ?     [lesson]
[SQL_LOG:2021-01-03 19:04:30]: SELECT item_id, item_name, price, image, ctg_id  FROM  item     []
[SQL_LOG:2021-01-03 19:11:25]: SELECT ctg_id, category_name, cate_genre FROM  category  WHERE  cate_genre = ?     [lesson]
[SQL_LOG:2021-01-03 19:11:25]: SELECT item_id, item_name, price, image, ctg_id  FROM  item     []
[SQL_LOG:2021-01-03 19:11:38]: SELECT ctg_id, category_name, cate_genre FROM  category  WHERE  cate_genre = ?     [lesson]
[SQL_LOG:2021-01-03 19:11:38]: SELECT item_id, item_name, price, image, ctg_id  FROM  item     []
[SQL_LOG:2021-01-03 19:11:43]: SELECT ctg_id, category_name, cate_genre FROM  category  WHERE  cate_genre = ?     [item]
[SQL_LOG:2021-01-03 19:11:43]: SELECT item_id, item_name, price, image, ctg_id  FROM  item     []
[SQL_LOG:2021-01-03 19:11:44]: SELECT ctg_id, category_name, cate_genre FROM  category  WHERE  cate_genre = ?     [lesson]
[SQL_LOG:2021-01-03 19:11:44]: SELECT item_id, item_name, price, image, ctg_id  FROM  item     []
[SQL_LOG:2021-01-03 19:12:08]: SELECT ctg_id, category_name, cate_genre FROM  category  WHERE  cate_genre = ?     [lesson]
[SQL_LOG:2021-01-03 19:12:08]: SELECT item_id, item_name, price, image, ctg_id  FROM  item     []
[SQL_LOG:2021-01-03 19:12:20]: SELECT *  FROM  member  WHERE  email = ?     [tttvvvaken@gmail.com]
[SQL_LOG:2021-01-03 19:12:20]: SELECT session_key  FROM  loginsession  WHERE  mem_id = ?     [1]
[SQL_LOG:2021-01-03 19:12:20]: SELECT ctg_id, category_name, cate_genre FROM  category  WHERE  cate_genre = ?     [lesson]
[SQL_LOG:2021-01-03 19:12:20]: SELECT item_id, item_name, price, image, ctg_id  FROM  item     []
[SQL_LOG:2021-01-03 19:12:28]: SELECT *  FROM  member  WHERE  mem_id = ?     [1]
[SQL_LOG:2021-01-03 19:12:36]: SELECT ctg_id, category_name, cate_genre FROM  category  WHERE  cate_genre = ?     [lesson]
[SQL_LOG:2021-01-03 19:12:36]: SELECT item_id, item_name, price, image, ctg_id  FROM  item     []
[SQL_LOG:2021-01-03 19:21:39]: SELECT ctg_id, category_name, cate_genre FROM  category  WHERE  cate_genre = ?     [lesson]
[SQL_LOG:2021-01-03 19:21:39]: SELECT item_id, item_name, price, image, ctg_id  FROM  item     []
[SQL_LOG:2021-01-03 19:21:47]: SELECT ctg_id, category_name, cate_genre FROM  category  WHERE  cate_genre = ?     [lesson]
[SQL_LOG:2021-01-03 19:21:47]: SELECT item_id, item_name, price, image, ctg_id  FROM  item     []
[SQL_LOG:2021-01-03 19:21:56]: SELECT *  FROM  member  WHERE  email = ?     [tttvvvaken@gmail.com]
[SQL_LOG:2021-01-03 19:21:56]: SELECT session_key  FROM  loginsession  WHERE  mem_id = ?     [1]
[SQL_LOG:2021-01-03 19:21:56]: SELECT ctg_id, category_name, cate_genre FROM  category  WHERE  cate_genre = ?     [lesson]
[SQL_LOG:2021-01-03 19:21:56]: SELECT item_id, item_name, price, image, ctg_id  FROM  item     []
[SQL_LOG:2021-01-03 19:28:40]: SELECT ctg_id, category_name, cate_genre FROM  category  WHERE  cate_genre = ?     [lesson]
[SQL_LOG:2021-01-03 19:28:40]: SELECT item_id, item_name, price, image, ctg_id  FROM  item     []
[SQL_LOG:2021-01-03 19:28:48]: SELECT ctg_id, category_name, cate_genre FROM  category  WHERE  cate_genre = ?     [lesson]
[SQL_LOG:2021-01-03 19:28:48]: SELECT item_id, item_name, price, image, ctg_id  FROM  item     []
[SQL_LOG:2021-01-03 19:31:20]: SELECT ctg_id, category_name, cate_genre FROM  category  WHERE  cate_genre = ?     [lesson]
[SQL_LOG:2021-01-03 19:31:20]: SELECT item_id, item_name, price, image, ctg_id  FROM  item     []
[SQL_LOG:2021-01-03 19:32:17]: SELECT ctg_id, category_name, cate_genre FROM  category  WHERE  cate_genre = ?     [lesson]
[SQL_LOG:2021-01-03 19:32:17]: SELECT item_id, item_name, price, image, ctg_id  FROM  item     []
[SQL_LOG:2021-01-03 19:32:20]: SELECT ctg_id, category_name, cate_genre FROM  category  WHERE  cate_genre = ?     [lesson]
[SQL_LOG:2021-01-03 19:32:20]: SELECT item_id, item_name, price, image, ctg_id  FROM  item     []
[SQL_LOG:2021-01-03 19:32:23]: SELECT ctg_id, category_name, cate_genre FROM  category  WHERE  cate_genre = ?     [lesson]
[SQL_LOG:2021-01-03 19:32:23]: SELECT item_id, item_name, price, image, ctg_id  FROM  item     []
[SQL_LOG:2021-01-03 19:32:32]: SELECT ctg_id, category_name, cate_genre FROM  category  WHERE  cate_genre = ?     [lesson]
[SQL_LOG:2021-01-03 19:32:32]: SELECT item_id, item_name, price, image, ctg_id  FROM  item     []
[SQL_LOG:2021-01-03 19:32:52]: SELECT ctg_id, category_name, cate_genre FROM  category  WHERE  cate_genre = ?     [lesson]
[SQL_LOG:2021-01-03 19:32:52]: SELECT item_id, item_name, price, image, ctg_id  FROM  item     []
[SQL_LOG:2021-01-03 19:34:22]: SELECT ctg_id, category_name, cate_genre FROM  category  WHERE  cate_genre = ?     [lesson]
[SQL_LOG:2021-01-03 19:34:22]: SELECT item_id, item_name, price, image, ctg_id  FROM  item     []
[SQL_LOG:2021-01-03 19:34:29]: SELECT ctg_id, category_name, cate_genre FROM  category  WHERE  cate_genre = ?     [lesson]
[SQL_LOG:2021-01-03 19:34:29]: SELECT item_id, item_name, price, image, ctg_id  FROM  item     []
[SQL_LOG:2021-01-03 19:34:34]: SELECT ctg_id, category_name, cate_genre FROM  category  WHERE  cate_genre = ?     [lesson]
[SQL_LOG:2021-01-03 19:34:34]: SELECT item_id, item_name, price, image, ctg_id  FROM  item     []
[SQL_LOG:2021-01-03 19:34:58]: SELECT ctg_id, category_name, cate_genre FROM  category  WHERE  cate_genre = ?     [lesson]
[SQL_LOG:2021-01-03 19:34:58]: SELECT item_id, item_name, price, image, ctg_id  FROM  item     []
[SQL_LOG:2021-01-03 19:35:04]: SELECT ctg_id, category_name, cate_genre FROM  category  WHERE  cate_genre = ?     [lesson]
[SQL_LOG:2021-01-03 19:35:04]: SELECT item_id, item_name, price, image, ctg_id  FROM  item     []
[SQL_LOG:2021-01-03 19:36:44]: SELECT ctg_id, category_name, cate_genre FROM  category  WHERE  cate_genre = ?     [lesson]
[SQL_LOG:2021-01-03 19:36:44]: SELECT item_id, item_name, price, image, ctg_id  FROM  item     []
[SQL_LOG:2021-01-03 19:36:47]: SELECT ctg_id, category_name, cate_genre FROM  category  WHERE  cate_genre = ?     [lesson]
[SQL_LOG:2021-01-03 19:36:47]: SELECT item_id, item_name, price, image, ctg_id  FROM  item     []
[SQL_LOG:2021-01-03 19:36:49]: SELECT ctg_id, category_name, cate_genre FROM  category  WHERE  cate_genre = ?     [lesson]
[SQL_LOG:2021-01-03 19:36:49]: SELECT item_id, item_name, price, image, ctg_id  FROM  item     []
[SQL_LOG:2021-01-03 19:36:50]: SELECT ctg_id, category_name, cate_genre FROM  category  WHERE  cate_genre = ?     [lesson]
[SQL_LOG:2021-01-03 19:36:50]: SELECT item_id, item_name, price, image, ctg_id  FROM  item     []
[SQL_LOG:2021-01-03 19:36:58]: SELECT c.crt_id, c.num, c.unit_price, c.sub_total_price, i.item_id, i.item_name, i.price, i.image FROM  cart c LEFT JOIN item i ON c.item_id = i.item_id  WHERE  c.mem_id = ? AND c.delete_flg = ?     [,0]
[SQL_LOG:2021-01-03 19:36:58]: SELECT SUM(c.sub_total_price) AS totalPrice  FROM  cart c LEFT JOIN item i ON c.item_id = i.item_id  WHERE  c.mem_id = ? AND c.delete_flg = ?    [,0]
[SQL_LOG:2021-01-03 19:36:58]: SELECT SUM(num) AS num  FROM  cart c  WHERE  c.mem_id = ? AND c.delete_flg = ?    [,0]
[SQL_LOG:2021-01-03 19:37:01]: SELECT ctg_id, category_name, cate_genre FROM  category  WHERE  cate_genre = ?     [lesson]
[SQL_LOG:2021-01-03 19:37:01]: SELECT item_id, item_name, price, image, ctg_id  FROM  item     []
[SQL_LOG:2021-01-03 19:37:04]: SELECT ctg_id, category_name, cate_genre FROM  category  WHERE  cate_genre = ?     [lesson]
[SQL_LOG:2021-01-03 19:37:04]: SELECT item_id, item_name, price, image, ctg_id  FROM  item     []
[SQL_LOG:2021-01-03 19:37:18]: SELECT ctg_id, category_name, cate_genre FROM  category  WHERE  cate_genre = ?     [lesson]
[SQL_LOG:2021-01-03 19:37:18]: SELECT item_id, item_name, price, image, ctg_id  FROM  item     []
[SQL_LOG:2021-01-03 19:37:22]: SELECT c.crt_id, c.num, c.unit_price, c.sub_total_price, i.item_id, i.item_name, i.price, i.image FROM  cart c LEFT JOIN item i ON c.item_id = i.item_id  WHERE  c.mem_id = ? AND c.delete_flg = ?     [,0]
[SQL_LOG:2021-01-03 19:37:22]: SELECT SUM(c.sub_total_price) AS totalPrice  FROM  cart c LEFT JOIN item i ON c.item_id = i.item_id  WHERE  c.mem_id = ? AND c.delete_flg = ?    [,0]
[SQL_LOG:2021-01-03 19:37:22]: SELECT SUM(num) AS num  FROM  cart c  WHERE  c.mem_id = ? AND c.delete_flg = ?    [,0]
[SQL_LOG:2021-01-03 19:37:24]: SELECT ctg_id, category_name, cate_genre FROM  category  WHERE  cate_genre = ?     [item]
[SQL_LOG:2021-01-03 19:37:24]: SELECT item_id, item_name, price, image, ctg_id  FROM  item     []
[SQL_LOG:2021-01-03 19:37:25]: SELECT ctg_id, category_name, cate_genre FROM  category  WHERE  cate_genre = ?     [lesson]
[SQL_LOG:2021-01-03 19:37:25]: SELECT item_id, item_name, price, image, ctg_id  FROM  item     []
[SQL_LOG:2021-01-03 19:37:26]: SELECT ctg_id, category_name, cate_genre FROM  category  WHERE  cate_genre = ?     [lesson]
[SQL_LOG:2021-01-03 19:37:26]: SELECT item_id, item_name, price, image, ctg_id  FROM  item     []
[SQL_LOG:2021-01-03 19:38:19]: SELECT ctg_id, category_name, cate_genre FROM  category  WHERE  cate_genre = ?     [lesson]
[SQL_LOG:2021-01-03 19:38:19]: SELECT item_id, item_name, price, image, ctg_id  FROM  item     []
[SQL_LOG:2021-01-03 19:38:45]: SELECT ctg_id, category_name, cate_genre FROM  category  WHERE  cate_genre = ?     [lesson]
[SQL_LOG:2021-01-03 19:38:45]: SELECT item_id, item_name, price, image, ctg_id  FROM  item     []
[SQL_LOG:2021-01-03 19:38:46]: SELECT ctg_id, category_name, cate_genre FROM  category  WHERE  cate_genre = ?     [lesson]
[SQL_LOG:2021-01-03 19:38:46]: SELECT item_id, item_name, price, image, ctg_id  FROM  item     []
[SQL_LOG:2021-01-03 20:07:15]: SELECT c.crt_id, c.num, c.unit_price, c.sub_total_price, i.item_id, i.item_name, i.price, i.image FROM  cart c LEFT JOIN item i ON c.item_id = i.item_id  WHERE  c.mem_id = ? AND c.delete_flg = ?     [,0]
[SQL_LOG:2021-01-03 20:07:15]: SELECT SUM(c.sub_total_price) AS totalPrice  FROM  cart c LEFT JOIN item i ON c.item_id = i.item_id  WHERE  c.mem_id = ? AND c.delete_flg = ?    [,0]
[SQL_LOG:2021-01-03 20:07:15]: SELECT SUM(num) AS num  FROM  cart c  WHERE  c.mem_id = ? AND c.delete_flg = ?    [,0]
[SQL_LOG:2021-01-03 20:07:17]: SELECT ctg_id, category_name, cate_genre FROM  category  WHERE  cate_genre = ?     [lesson]
[SQL_LOG:2021-01-03 20:07:17]: SELECT item_id, item_name, price, image, ctg_id  FROM  item     []
[SQL_LOG:2021-01-03 20:07:18]: SELECT ctg_id, category_name, cate_genre FROM  category  WHERE  cate_genre = ?     [lesson]
[SQL_LOG:2021-01-03 20:07:18]: SELECT item_id, item_name, price, image, ctg_id  FROM  item     []
[SQL_LOG:2021-01-03 20:07:18]: SELECT ctg_id, category_name, cate_genre FROM  category  WHERE  cate_genre = ?     [lesson]
[SQL_LOG:2021-01-03 20:07:18]: SELECT item_id, item_name, price, image, ctg_id  FROM  item     []
[SQL_LOG:2021-01-03 20:07:20]: SELECT ctg_id, category_name, cate_genre FROM  category  WHERE  cate_genre = ?     [lesson]
[SQL_LOG:2021-01-03 20:07:20]: SELECT item_id, item_name, price, image, ctg_id  FROM  item     []
[SQL_LOG:2021-01-03 20:07:21]: SELECT ctg_id, category_name, cate_genre FROM  category  WHERE  cate_genre = ?     [lesson]
[SQL_LOG:2021-01-03 20:07:21]: SELECT item_id, item_name, price, image, ctg_id  FROM  item     []
[SQL_LOG:2021-01-03 20:31:01]: SELECT c.crt_id, c.num, c.unit_price, c.sub_total_price, i.item_id, i.item_name, i.price, i.image FROM  cart c LEFT JOIN item i ON c.item_id = i.item_id  WHERE  c.mem_id = ? AND c.delete_flg = ?     [,0]
[SQL_LOG:2021-01-03 20:31:01]: SELECT SUM(c.sub_total_price) AS totalPrice  FROM  cart c LEFT JOIN item i ON c.item_id = i.item_id  WHERE  c.mem_id = ? AND c.delete_flg = ?    [,0]
[SQL_LOG:2021-01-03 20:31:01]: SELECT SUM(num) AS num  FROM  cart c  WHERE  c.mem_id = ? AND c.delete_flg = ?    [,0]
[SQL_LOG:2021-01-03 20:31:03]: SELECT ctg_id, category_name, cate_genre FROM  category  WHERE  cate_genre = ?     [lesson]
[SQL_LOG:2021-01-03 20:31:03]: SELECT item_id, item_name, price, image, ctg_id  FROM  item     []
[SQL_LOG:2021-01-03 20:31:22]: SELECT ctg_id, category_name, cate_genre FROM  category  WHERE  cate_genre = ?     [item]
[SQL_LOG:2021-01-03 20:31:22]: SELECT item_id, item_name, price, image, ctg_id  FROM  item     []
[SQL_LOG:2021-01-03 20:31:24]: SELECT ctg_id, category_name, cate_genre FROM  category  WHERE  cate_genre = ?     [lesson]
[SQL_LOG:2021-01-03 20:31:24]: SELECT item_id, item_name, price, image, ctg_id  FROM  item     []
[SQL_LOG:2021-01-03 20:31:29]: SELECT ctg_id, category_name, cate_genre FROM  category  WHERE  cate_genre = ?     [lesson]
[SQL_LOG:2021-01-03 20:31:29]: SELECT item_id, item_name, price, image, ctg_id  FROM  item     []
[SQL_LOG:2021-01-03 20:31:34]: SELECT ctg_id, category_name, cate_genre FROM  category  WHERE  cate_genre = ?     [lesson]
[SQL_LOG:2021-01-03 20:31:34]: SELECT item_id, item_name, price, image, ctg_id  FROM  item     []
[SQL_LOG:2021-01-03 20:31:35]: SELECT ctg_id, category_name, cate_genre FROM  category  WHERE  cate_genre = ?     [lesson]
[SQL_LOG:2021-01-03 20:31:35]: SELECT item_id, item_name, price, image, ctg_id  FROM  item     []
[SQL_LOG:2021-01-03 20:35:40]: SELECT ctg_id, category_name, cate_genre FROM  category  WHERE  cate_genre = ?     [lesson]
[SQL_LOG:2021-01-03 20:35:40]: SELECT item_id, item_name, price, image, ctg_id  FROM  item     []
[SQL_LOG:2021-01-03 20:35:52]: SELECT ctg_id, category_name, cate_genre FROM  category  WHERE  cate_genre = ?     [lesson]
[SQL_LOG:2021-01-03 20:35:52]: SELECT item_id, item_name, price, image, ctg_id  FROM  item     []
[SQL_LOG:2021-01-03 20:36:26]: SELECT ctg_id, category_name, cate_genre FROM  category  WHERE  cate_genre = ?     [lesson]
[SQL_LOG:2021-01-03 20:36:26]: SELECT item_id, item_name, price, image, ctg_id  FROM  item     []
[SQL_LOG:2021-01-03 20:38:02]: SELECT ctg_id, category_name, cate_genre FROM  category  WHERE  cate_genre = ?     [lesson]
[SQL_LOG:2021-01-03 20:38:02]: SELECT item_id, item_name, price, image, ctg_id  FROM  item     []
[SQL_LOG:2021-01-03 20:38:04]: SELECT ctg_id, category_name, cate_genre FROM  category  WHERE  cate_genre = ?     [lesson]
[SQL_LOG:2021-01-03 20:38:04]: SELECT item_id, item_name, price, image, ctg_id  FROM  item     []
[SQL_LOG:2021-01-03 20:38:06]: SELECT ctg_id, category_name, cate_genre FROM  category  WHERE  cate_genre = ?     [lesson]
[SQL_LOG:2021-01-03 20:38:06]: SELECT item_id, item_name, price, image, ctg_id  FROM  item     []
[SQL_LOG:2021-01-03 20:41:29]: SELECT ctg_id, category_name, cate_genre FROM  category  WHERE  cate_genre = ?     [lesson]
[SQL_LOG:2021-01-03 20:41:29]: SELECT item_id, item_name, price, image, ctg_id  FROM  item     []
[SQL_LOG:2021-01-03 20:41:30]: SELECT ctg_id, category_name, cate_genre FROM  category  WHERE  cate_genre = ?     [lesson]
[SQL_LOG:2021-01-03 20:41:30]: SELECT item_id, item_name, price, image, ctg_id  FROM  item     []
[SQL_LOG:2021-01-03 20:41:40]: SELECT c.crt_id, c.num, c.unit_price, c.sub_total_price, i.item_id, i.item_name, i.price, i.image FROM  cart c LEFT JOIN item i ON c.item_id = i.item_id  WHERE  c.mem_id = ? AND c.delete_flg = ?     [,0]
[SQL_LOG:2021-01-03 20:41:40]: SELECT SUM(c.sub_total_price) AS totalPrice  FROM  cart c LEFT JOIN item i ON c.item_id = i.item_id  WHERE  c.mem_id = ? AND c.delete_flg = ?    [,0]
[SQL_LOG:2021-01-03 20:41:40]: SELECT SUM(num) AS num  FROM  cart c  WHERE  c.mem_id = ? AND c.delete_flg = ?    [,0]
[SQL_LOG:2021-01-03 20:44:36]: SELECT ctg_id, category_name, cate_genre FROM  category  WHERE  cate_genre = ?     [lesson]
[SQL_LOG:2021-01-03 20:44:36]: SELECT item_id, item_name, price, image, ctg_id  FROM  item     []
[SQL_LOG:2021-01-03 20:44:39]: SELECT ctg_id, category_name, cate_genre FROM  category  WHERE  cate_genre = ?     [lesson]
[SQL_LOG:2021-01-03 20:44:39]: SELECT item_id, item_name, price, image, ctg_id  FROM  item     []
[SQL_LOG:2021-01-03 20:44:43]: SELECT ctg_id, category_name, cate_genre FROM  category  WHERE  cate_genre = ?     [lesson]
[SQL_LOG:2021-01-03 20:44:43]: SELECT item_id, item_name, price, image, ctg_id  FROM  item     []
[SQL_LOG:2021-01-03 20:44:45]: SELECT ctg_id, category_name, cate_genre FROM  category  WHERE  cate_genre = ?     [lesson]
[SQL_LOG:2021-01-03 20:44:45]: SELECT item_id, item_name, price, image, ctg_id  FROM  item     []
[SQL_LOG:2021-01-03 20:44:56]: SELECT ctg_id, category_name, cate_genre FROM  category  WHERE  cate_genre = ?     [lesson]
[SQL_LOG:2021-01-03 20:44:56]: SELECT item_id, item_name, price, image, ctg_id  FROM  item     []
[SQL_LOG:2021-01-03 20:44:57]: SELECT ctg_id, category_name, cate_genre FROM  category  WHERE  cate_genre = ?     [lesson]
[SQL_LOG:2021-01-03 20:44:57]: SELECT item_id, item_name, price, image, ctg_id  FROM  item     []
[SQL_LOG:2021-01-03 20:44:59]: SELECT ctg_id, category_name, cate_genre FROM  category  WHERE  cate_genre = ?     [lesson]
[SQL_LOG:2021-01-03 20:44:59]: SELECT item_id, item_name, price, image, ctg_id  FROM  item     []
[SQL_LOG:2021-01-03 20:45:00]: SELECT ctg_id, category_name, cate_genre FROM  category  WHERE  cate_genre = ?     [lesson]
[SQL_LOG:2021-01-03 20:45:00]: SELECT item_id, item_name, price, image, ctg_id  FROM  item     []
[SQL_LOG:2021-01-03 20:45:02]: SELECT ctg_id, category_name, cate_genre FROM  category  WHERE  cate_genre = ?     [lesson]
[SQL_LOG:2021-01-03 20:45:02]: SELECT item_id, item_name, price, image, ctg_id  FROM  item     []
[SQL_LOG:2021-01-03 20:45:03]: SELECT ctg_id, category_name, cate_genre FROM  category  WHERE  cate_genre = ?     [lesson]
[SQL_LOG:2021-01-03 20:45:03]: SELECT item_id, item_name, price, image, ctg_id  FROM  item     []
[SQL_LOG:2021-01-03 20:45:05]: SELECT ctg_id, category_name, cate_genre FROM  category  WHERE  cate_genre = ?     [lesson]
[SQL_LOG:2021-01-03 20:45:05]: SELECT item_id, item_name, price, image, ctg_id  FROM  item     []
[SQL_LOG:2021-01-03 20:45:06]: SELECT ctg_id, category_name, cate_genre FROM  category  WHERE  cate_genre = ?     [lesson]
[SQL_LOG:2021-01-03 20:45:06]: SELECT item_id, item_name, price, image, ctg_id  FROM  item     []
[SQL_LOG:2021-01-03 20:45:06]: SELECT ctg_id, category_name, cate_genre FROM  category  WHERE  cate_genre = ?     [lesson]
[SQL_LOG:2021-01-03 20:45:06]: SELECT item_id, item_name, price, image, ctg_id  FROM  item     []
[SQL_LOG:2021-01-03 20:45:07]: SELECT ctg_id, category_name, cate_genre FROM  category  WHERE  cate_genre = ?     [lesson]
[SQL_LOG:2021-01-03 20:45:07]: SELECT item_id, item_name, price, image, ctg_id  FROM  item     []
[SQL_LOG:2021-01-03 20:45:20]: SELECT ctg_id, category_name, cate_genre FROM  category  WHERE  cate_genre = ?     [lesson]
[SQL_LOG:2021-01-03 20:45:20]: SELECT item_id, item_name, price, image, ctg_id  FROM  item     []
[SQL_LOG:2021-01-03 20:45:21]: SELECT ctg_id, category_name, cate_genre FROM  category  WHERE  cate_genre = ?     [lesson]
[SQL_LOG:2021-01-03 20:45:21]: SELECT item_id, item_name, price, image, ctg_id  FROM  item     []
[SQL_LOG:2021-01-03 20:45:22]: SELECT ctg_id, category_name, cate_genre FROM  category  WHERE  cate_genre = ?     [lesson]
[SQL_LOG:2021-01-03 20:45:22]: SELECT item_id, item_name, price, image, ctg_id  FROM  item     []
[SQL_LOG:2021-01-03 22:00:49]: SELECT ctg_id, category_name, cate_genre FROM  category  WHERE  cate_genre = ?     [lesson]
[SQL_LOG:2021-01-03 22:00:49]: SELECT item_id, item_name, price, image, ctg_id  FROM  item     []
[SQL_LOG:2021-01-03 22:00:51]: SELECT ctg_id, category_name, cate_genre FROM  category  WHERE  cate_genre = ?     [item]
[SQL_LOG:2021-01-03 22:00:51]: SELECT item_id, item_name, price, image, ctg_id  FROM  item     []
[SQL_LOG:2021-01-03 22:00:53]: SELECT ctg_id, category_name, cate_genre FROM  category  WHERE  cate_genre = ?     [lesson]
[SQL_LOG:2021-01-03 22:00:53]: SELECT item_id, item_name, price, image, ctg_id  FROM  item     []
[SQL_LOG:2021-01-03 22:00:54]: SELECT ctg_id, category_name, cate_genre FROM  category  WHERE  cate_genre = ?     [lesson]
[SQL_LOG:2021-01-03 22:00:54]: SELECT item_id, item_name, price, image, ctg_id  FROM  item     []
[SQL_LOG:2021-01-03 22:00:57]: SELECT ctg_id, category_name, cate_genre FROM  category  WHERE  cate_genre = ?     [lesson]
[SQL_LOG:2021-01-03 22:00:57]: SELECT item_id, item_name, price, image, ctg_id  FROM  item     []
[SQL_LOG:2021-01-03 22:00:58]: SELECT ctg_id, category_name, cate_genre FROM  category  WHERE  cate_genre = ?     [lesson]
[SQL_LOG:2021-01-03 22:00:58]: SELECT item_id, item_name, price, image, ctg_id  FROM  item     []
[SQL_LOG:2021-01-03 22:00:59]: SELECT ctg_id, category_name, cate_genre FROM  category  WHERE  cate_genre = ?     [lesson]
[SQL_LOG:2021-01-03 22:00:59]: SELECT item_id, item_name, price, image, ctg_id  FROM  item     []
[SQL_LOG:2021-01-03 22:01:10]: SELECT *  FROM  member  WHERE  email = ?     [tttvvvaken@gmail.com]
[SQL_LOG:2021-01-03 22:01:11]: SELECT session_key  FROM  loginsession  WHERE  mem_id = ?     [1]
[SQL_LOG:2021-01-03 22:01:11]: SELECT ctg_id, category_name, cate_genre FROM  category  WHERE  cate_genre = ?     [lesson]
[SQL_LOG:2021-01-03 22:01:11]: SELECT item_id, item_name, price, image, ctg_id  FROM  item     []
[SQL_LOG:2021-01-03 22:01:14]: SELECT c.crt_id, c.num, c.unit_price, c.sub_total_price, i.item_id, i.item_name, i.price, i.image FROM  cart c LEFT JOIN item i ON c.item_id = i.item_id  WHERE  c.mem_id = ? AND c.delete_flg = ?     [1,0]
[SQL_LOG:2021-01-03 22:01:14]: SELECT SUM(c.sub_total_price) AS totalPrice  FROM  cart c LEFT JOIN item i ON c.item_id = i.item_id  WHERE  c.mem_id = ? AND c.delete_flg = ?    [1,0]
[SQL_LOG:2021-01-03 22:01:14]: SELECT SUM(num) AS num  FROM  cart c  WHERE  c.mem_id = ? AND c.delete_flg = ?    [1,0]
[SQL_LOG:2021-01-03 22:01:17]: SELECT c.crt_id, c.num, c.unit_price, c.sub_total_price, i.item_id, i.item_name, i.price, i.image FROM  cart c LEFT JOIN item i ON c.item_id = i.item_id  WHERE  c.mem_id = ? AND c.delete_flg = ?     [1,0]
[SQL_LOG:2021-01-03 22:01:17]: SELECT SUM(c.sub_total_price) AS totalPrice  FROM  cart c LEFT JOIN item i ON c.item_id = i.item_id  WHERE  c.mem_id = ? AND c.delete_flg = ?    [1,0]
[SQL_LOG:2021-01-03 22:01:17]: SELECT SUM(num) AS num  FROM  cart c  WHERE  c.mem_id = ? AND c.delete_flg = ?    [1,0]
[SQL_LOG:2021-01-03 22:01:19]: SELECT ctg_id, category_name, cate_genre FROM  category  WHERE  cate_genre = ?     [item]
[SQL_LOG:2021-01-03 22:01:19]: SELECT item_id, item_name, price, image, ctg_id  FROM  item     []
[SQL_LOG:2021-01-03 22:01:20]: SELECT ctg_id, category_name, cate_genre FROM  category  WHERE  cate_genre = ?     [lesson]
[SQL_LOG:2021-01-03 22:01:20]: SELECT item_id, item_name, price, image, ctg_id  FROM  item     []
[SQL_LOG:2021-01-03 22:02:04]: SELECT ctg_id, category_name, cate_genre FROM  category  WHERE  cate_genre = ?     [lesson]
[SQL_LOG:2021-01-03 22:02:04]: SELECT item_id, item_name, price, image, ctg_id  FROM  item     []
[SQL_LOG:2021-01-03 22:02:39]: SELECT ctg_id, category_name, cate_genre FROM  category  WHERE  cate_genre = ?     [lesson]
[SQL_LOG:2021-01-03 22:02:39]: SELECT item_id, item_name, price, image, ctg_id  FROM  item     []
[SQL_LOG:2021-01-03 22:02:41]: SELECT ctg_id, category_name, cate_genre FROM  category  WHERE  cate_genre = ?     [item]
[SQL_LOG:2021-01-03 22:02:41]: SELECT item_id, item_name, detail, price, image, ctg_id FROM  item  WHERE  item_id = ?     [1]
[SQL_LOG:2021-01-03 22:02:41]: SELECT COUNT(*) AS NUM  FROM  likes  WHERE  item_id = ?     [1]
[SQL_LOG:2021-01-03 22:02:41]: SELECT *  FROM  likes  WHERE  item_id = ? AND mem_id = ?     [1,1]
[SQL_LOG:2021-01-03 22:07:03]: SELECT ctg_id, category_name, cate_genre FROM  category  WHERE  cate_genre = ?     [item]
[SQL_LOG:2021-01-03 22:07:03]: SELECT item_id, item_name, detail, price, image, ctg_id FROM  item  WHERE  item_id = ?     [1]
[SQL_LOG:2021-01-03 22:07:03]: SELECT COUNT(*) AS NUM  FROM  likes  WHERE  item_id = ?     [1]
[SQL_LOG:2021-01-03 22:07:03]: SELECT *  FROM  likes  WHERE  item_id = ? AND mem_id = ?     [1,1]
[SQL_LOG:2021-01-03 22:07:09]: SELECT ctg_id, category_name, cate_genre FROM  category  WHERE  cate_genre = ?     [lesson]
[SQL_LOG:2021-01-03 22:07:09]: SELECT item_id, item_name, price, image, ctg_id  FROM  item     []
[SQL_LOG:2021-01-03 22:07:10]: SELECT ctg_id, category_name, cate_genre FROM  category  WHERE  cate_genre = ?     [lesson]
[SQL_LOG:2021-01-03 22:07:10]: SELECT item_id, item_name, price, image, ctg_id  FROM  item     []
[SQL_LOG:2021-01-03 22:07:10]: SELECT ctg_id, category_name, cate_genre FROM  category  WHERE  cate_genre = ?     [item]
[SQL_LOG:2021-01-03 22:07:10]: SELECT item_id, item_name, price, image, ctg_id  FROM  item     []
[SQL_LOG:2021-01-03 22:07:13]: SELECT ctg_id, category_name, cate_genre FROM  category  WHERE  cate_genre = ?     [item]
[SQL_LOG:2021-01-03 22:07:13]: SELECT item_id, item_name, price, image, ctg_id  FROM  item     []
[SQL_LOG:2021-01-03 22:07:14]: SELECT c.crt_id, c.num, c.unit_price, c.sub_total_price, i.item_id, i.item_name, i.price, i.image FROM  cart c LEFT JOIN item i ON c.item_id = i.item_id  WHERE  c.mem_id = ? AND c.delete_flg = ?     [1,0]
[SQL_LOG:2021-01-03 22:07:14]: SELECT SUM(c.sub_total_price) AS totalPrice  FROM  cart c LEFT JOIN item i ON c.item_id = i.item_id  WHERE  c.mem_id = ? AND c.delete_flg = ?    [1,0]
[SQL_LOG:2021-01-03 22:07:14]: SELECT SUM(num) AS num  FROM  cart c  WHERE  c.mem_id = ? AND c.delete_flg = ?    [1,0]
[SQL_LOG:2021-01-03 22:07:15]: SELECT ctg_id, category_name, cate_genre FROM  category  WHERE  cate_genre = ?     [item]
[SQL_LOG:2021-01-03 22:07:15]: SELECT item_id, item_name, price, image, ctg_id  FROM  item     []
[SQL_LOG:2021-01-03 22:07:16]: SELECT ctg_id, category_name, cate_genre FROM  category  WHERE  cate_genre = ?     [lesson]
[SQL_LOG:2021-01-03 22:07:16]: SELECT item_id, item_name, price, image, ctg_id  FROM  item     []
[SQL_LOG:2021-01-03 22:07:17]: SELECT ctg_id, category_name, cate_genre FROM  category  WHERE  cate_genre = ?     [lesson]
[SQL_LOG:2021-01-03 22:07:17]: SELECT item_id, item_name, price, image, ctg_id  FROM  item     []
[SQL_LOG:2021-01-03 22:07:18]: SELECT ctg_id, category_name, cate_genre FROM  category  WHERE  cate_genre = ?     [item]
[SQL_LOG:2021-01-03 22:07:18]: SELECT item_id, item_name, price, image, ctg_id  FROM  item     []
[SQL_LOG:2021-01-03 22:07:20]: SELECT ctg_id, category_name, cate_genre FROM  category  WHERE  cate_genre = ?     [item]
[SQL_LOG:2021-01-03 22:07:20]: SELECT item_id, item_name, price, image, ctg_id  FROM  item     []
[SQL_LOG:2021-01-03 22:07:21]: SELECT c.crt_id, c.num, c.unit_price, c.sub_total_price, i.item_id, i.item_name, i.price, i.image FROM  cart c LEFT JOIN item i ON c.item_id = i.item_id  WHERE  c.mem_id = ? AND c.delete_flg = ?     [1,0]
[SQL_LOG:2021-01-03 22:07:21]: SELECT SUM(c.sub_total_price) AS totalPrice  FROM  cart c LEFT JOIN item i ON c.item_id = i.item_id  WHERE  c.mem_id = ? AND c.delete_flg = ?    [1,0]
[SQL_LOG:2021-01-03 22:07:21]: SELECT SUM(num) AS num  FROM  cart c  WHERE  c.mem_id = ? AND c.delete_flg = ?    [1,0]
[SQL_LOG:2021-01-03 22:07:22]: SELECT ctg_id, category_name, cate_genre FROM  category  WHERE  cate_genre = ?     [lesson]
[SQL_LOG:2021-01-03 22:07:22]: SELECT item_id, item_name, price, image, ctg_id  FROM  item     []
[SQL_LOG:2021-01-03 22:07:23]: SELECT c.crt_id, c.num, c.unit_price, c.sub_total_price, i.item_id, i.item_name, i.price, i.image FROM  cart c LEFT JOIN item i ON c.item_id = i.item_id  WHERE  c.mem_id = ? AND c.delete_flg = ?     [1,0]
[SQL_LOG:2021-01-03 22:07:23]: SELECT SUM(c.sub_total_price) AS totalPrice  FROM  cart c LEFT JOIN item i ON c.item_id = i.item_id  WHERE  c.mem_id = ? AND c.delete_flg = ?    [1,0]
[SQL_LOG:2021-01-03 22:07:23]: SELECT SUM(num) AS num  FROM  cart c  WHERE  c.mem_id = ? AND c.delete_flg = ?    [1,0]
[SQL_LOG:2021-01-03 22:07:25]: SELECT ctg_id, category_name, cate_genre FROM  category  WHERE  cate_genre = ?     [lesson]
[SQL_LOG:2021-01-03 22:07:25]: SELECT item_id, item_name, price, image, ctg_id  FROM  item     []
[SQL_LOG:2021-01-03 22:07:26]: SELECT c.crt_id, c.num, c.unit_price, c.sub_total_price, i.item_id, i.item_name, i.price, i.image FROM  cart c LEFT JOIN item i ON c.item_id = i.item_id  WHERE  c.mem_id = ? AND c.delete_flg = ?     [1,0]
[SQL_LOG:2021-01-03 22:07:26]: SELECT SUM(c.sub_total_price) AS totalPrice  FROM  cart c LEFT JOIN item i ON c.item_id = i.item_id  WHERE  c.mem_id = ? AND c.delete_flg = ?    [1,0]
[SQL_LOG:2021-01-03 22:07:26]: SELECT SUM(num) AS num  FROM  cart c  WHERE  c.mem_id = ? AND c.delete_flg = ?    [1,0]
[SQL_LOG:2021-01-03 22:08:23]: SELECT ctg_id, category_name, cate_genre FROM  category  WHERE  cate_genre = ?     [lesson]
[SQL_LOG:2021-01-03 22:08:23]: SELECT item_id, item_name, price, image, ctg_id  FROM  item     []
[SQL_LOG:2021-01-03 22:08:26]: SELECT ctg_id, category_name, cate_genre FROM  category  WHERE  cate_genre = ?     [lesson]
[SQL_LOG:2021-01-03 22:08:26]: SELECT item_id, item_name, price, image, ctg_id  FROM  item  WHERE  ctg_id = ?     [7]
[SQL_LOG:2021-01-03 22:08:27]: SELECT ctg_id, category_name, cate_genre FROM  category  WHERE  cate_genre = ?     [lesson]
[SQL_LOG:2021-01-03 22:08:27]: SELECT item_id, item_name, price, image, ctg_id  FROM  item  WHERE  ctg_id = ?     [2]
[SQL_LOG:2021-01-03 22:08:28]: SELECT ctg_id, category_name, cate_genre FROM  category  WHERE  cate_genre = ?     [lesson]
[SQL_LOG:2021-01-03 22:08:28]: SELECT item_id, item_name, price, image, ctg_id  FROM  item  WHERE  ctg_id = ?     [1]
[SQL_LOG:2021-01-03 22:08:29]: SELECT ctg_id, category_name, cate_genre FROM  category  WHERE  cate_genre = ?     [lesson]
[SQL_LOG:2021-01-03 22:08:29]: SELECT item_id, item_name, price, image, ctg_id  FROM  item     []
[SQL_LOG:2021-01-03 22:08:30]: SELECT c.crt_id, c.num, c.unit_price, c.sub_total_price, i.item_id, i.item_name, i.price, i.image FROM  cart c LEFT JOIN item i ON c.item_id = i.item_id  WHERE  c.mem_id = ? AND c.delete_flg = ?     [1,0]
[SQL_LOG:2021-01-03 22:08:30]: SELECT SUM(c.sub_total_price) AS totalPrice  FROM  cart c LEFT JOIN item i ON c.item_id = i.item_id  WHERE  c.mem_id = ? AND c.delete_flg = ?    [1,0]
[SQL_LOG:2021-01-03 22:08:30]: SELECT SUM(num) AS num  FROM  cart c  WHERE  c.mem_id = ? AND c.delete_flg = ?    [1,0]
[SQL_LOG:2021-01-03 22:08:32]: SELECT ctg_id, category_name, cate_genre FROM  category  WHERE  cate_genre = ?     [item]
[SQL_LOG:2021-01-03 22:08:32]: SELECT item_id, item_name, price, image, ctg_id  FROM  item     []
[SQL_LOG:2021-01-03 22:08:33]: SELECT ctg_id, category_name, cate_genre FROM  category  WHERE  cate_genre = ?     [lesson]
[SQL_LOG:2021-01-03 22:08:33]: SELECT item_id, item_name, price, image, ctg_id  FROM  item     []
[SQL_LOG:2021-01-03 22:08:34]: SELECT ctg_id, category_name, cate_genre FROM  category  WHERE  cate_genre = ?     [item]
[SQL_LOG:2021-01-03 22:08:34]: SELECT item_id, item_name, price, image, ctg_id  FROM  item     []
[SQL_LOG:2021-01-03 22:08:34]: SELECT ctg_id, category_name, cate_genre FROM  category  WHERE  cate_genre = ?     [lesson]
[SQL_LOG:2021-01-03 22:08:34]: SELECT item_id, item_name, price, image, ctg_id  FROM  item     []
[SQL_LOG:2021-01-03 22:08:35]: SELECT ctg_id, category_name, cate_genre FROM  category  WHERE  cate_genre = ?     [item]
[SQL_LOG:2021-01-03 22:08:35]: SELECT item_id, item_name, price, image, ctg_id  FROM  item     []
[SQL_LOG:2021-01-03 22:08:37]: SELECT ctg_id, category_name, cate_genre FROM  category  WHERE  cate_genre = ?     [lesson]
[SQL_LOG:2021-01-03 22:08:37]: SELECT item_id, item_name, price, image, ctg_id  FROM  item     []
[SQL_LOG:2021-01-03 22:08:37]: SELECT ctg_id, category_name, cate_genre FROM  category  WHERE  cate_genre = ?     [lesson]
[SQL_LOG:2021-01-03 22:08:37]: SELECT item_id, item_name, price, image, ctg_id  FROM  item     []
[SQL_LOG:2021-01-03 22:08:50]: SELECT *  FROM  member  WHERE  mem_id = ?     [1]
[SQL_LOG:2021-01-03 22:08:51]: SELECT *  FROM  member  WHERE  mem_id = ?     [1]
[SQL_LOG:2021-01-03 22:08:57]: SELECT c.crt_id, c.num, c.unit_price, c.sub_total_price, i.item_id, i.item_name, i.price, i.image FROM  cart c LEFT JOIN item i ON c.item_id = i.item_id  WHERE  c.mem_id = ? AND c.delete_flg = ?     [1,0]
[SQL_LOG:2021-01-03 22:08:57]: SELECT SUM(c.sub_total_price) AS totalPrice  FROM  cart c LEFT JOIN item i ON c.item_id = i.item_id  WHERE  c.mem_id = ? AND c.delete_flg = ?    [1,0]
[SQL_LOG:2021-01-03 22:08:57]: SELECT SUM(num) AS num  FROM  cart c  WHERE  c.mem_id = ? AND c.delete_flg = ?    [1,0]
[SQL_LOG:2021-01-03 22:09:00]: UPDATE cart  SET delete_date =? ,delete_flg =?  WHERE  crt_id = ?  [2021-01-03 22:09:00,1,325]
[SQL_LOG:2021-01-03 22:09:00]: SELECT c.crt_id, c.num, c.unit_price, c.sub_total_price, i.item_id, i.item_name, i.price, i.image FROM  cart c LEFT JOIN item i ON c.item_id = i.item_id  WHERE  c.mem_id = ? AND c.delete_flg = ?     [1,0]
[SQL_LOG:2021-01-03 22:09:00]: SELECT SUM(c.sub_total_price) AS totalPrice  FROM  cart c LEFT JOIN item i ON c.item_id = i.item_id  WHERE  c.mem_id = ? AND c.delete_flg = ?    [1,0]
[SQL_LOG:2021-01-03 22:09:00]: SELECT SUM(num) AS num  FROM  cart c  WHERE  c.mem_id = ? AND c.delete_flg = ?    [1,0]
[SQL_LOG:2021-01-03 22:09:04]: UPDATE cart  SET delete_date =? ,delete_flg =?  WHERE  crt_id = ?  [2021-01-03 22:09:04,1,325]
[SQL_LOG:2021-01-03 22:09:04]: SELECT c.crt_id, c.num, c.unit_price, c.sub_total_price, i.item_id, i.item_name, i.price, i.image FROM  cart c LEFT JOIN item i ON c.item_id = i.item_id  WHERE  c.mem_id = ? AND c.delete_flg = ?     [1,0]
[SQL_LOG:2021-01-03 22:09:04]: SELECT SUM(c.sub_total_price) AS totalPrice  FROM  cart c LEFT JOIN item i ON c.item_id = i.item_id  WHERE  c.mem_id = ? AND c.delete_flg = ?    [1,0]
[SQL_LOG:2021-01-03 22:09:04]: SELECT SUM(num) AS num  FROM  cart c  WHERE  c.mem_id = ? AND c.delete_flg = ?    [1,0]
[SQL_LOG:2021-01-03 22:09:56]: UPDATE cart  SET delete_date =? ,delete_flg =?  WHERE  crt_id = ?  [2021-01-03 22:09:56,1,325]
[SQL_LOG:2021-01-03 22:09:56]: SELECT c.crt_id, c.num, c.unit_price, c.sub_total_price, i.item_id, i.item_name, i.price, i.image FROM  cart c LEFT JOIN item i ON c.item_id = i.item_id  WHERE  c.mem_id = ? AND c.delete_flg = ?     [1,0]
[SQL_LOG:2021-01-03 22:09:56]: SELECT SUM(c.sub_total_price) AS totalPrice  FROM  cart c LEFT JOIN item i ON c.item_id = i.item_id  WHERE  c.mem_id = ? AND c.delete_flg = ?    [1,0]
[SQL_LOG:2021-01-03 22:09:56]: SELECT SUM(num) AS num  FROM  cart c  WHERE  c.mem_id = ? AND c.delete_flg = ?    [1,0]
[SQL_LOG:2021-01-03 22:09:58]: SELECT c.crt_id, c.num, c.unit_price, c.sub_total_price, i.item_id, i.item_name, i.price, i.image FROM  cart c LEFT JOIN item i ON c.item_id = i.item_id  WHERE  c.mem_id = ? AND c.delete_flg = ?     [1,0]
[SQL_LOG:2021-01-03 22:09:58]: SELECT SUM(c.sub_total_price) AS totalPrice  FROM  cart c LEFT JOIN item i ON c.item_id = i.item_id  WHERE  c.mem_id = ? AND c.delete_flg = ?    [1,0]
[SQL_LOG:2021-01-03 22:09:58]: SELECT SUM(num) AS num  FROM  cart c  WHERE  c.mem_id = ? AND c.delete_flg = ?    [1,0]
[SQL_LOG:2021-01-03 22:10:00]: SELECT c.crt_id, c.num, c.unit_price, c.sub_total_price, i.item_id, i.item_name, i.price, i.image FROM  cart c LEFT JOIN item i ON c.item_id = i.item_id  WHERE  c.mem_id = ? AND c.delete_flg = ?     [1,0]
[SQL_LOG:2021-01-03 22:10:00]: SELECT SUM(c.sub_total_price) AS totalPrice  FROM  cart c LEFT JOIN item i ON c.item_id = i.item_id  WHERE  c.mem_id = ? AND c.delete_flg = ?    [1,0]
[SQL_LOG:2021-01-03 22:10:00]: SELECT SUM(num) AS num  FROM  cart c  WHERE  c.mem_id = ? AND c.delete_flg = ?    [1,0]
[SQL_LOG:2021-01-03 22:10:02]: SELECT c.crt_id, c.num, c.unit_price, c.sub_total_price, i.item_id, i.item_name, i.price, i.image FROM  cart c LEFT JOIN item i ON c.item_id = i.item_id  WHERE  c.mem_id = ? AND c.delete_flg = ?     [1,0]
[SQL_LOG:2021-01-03 22:10:02]: SELECT SUM(c.sub_total_price) AS totalPrice  FROM  cart c LEFT JOIN item i ON c.item_id = i.item_id  WHERE  c.mem_id = ? AND c.delete_flg = ?    [1,0]
[SQL_LOG:2021-01-03 22:10:02]: SELECT SUM(num) AS num  FROM  cart c  WHERE  c.mem_id = ? AND c.delete_flg = ?    [1,0]
[SQL_LOG:2021-01-03 22:10:03]: SELECT ctg_id, category_name, cate_genre FROM  category  WHERE  cate_genre = ?     [lesson]
[SQL_LOG:2021-01-03 22:10:03]: SELECT item_id, item_name, price, image, ctg_id  FROM  item     []
[SQL_LOG:2021-01-03 22:10:04]: SELECT ctg_id, category_name, cate_genre FROM  category  WHERE  cate_genre = ?     [lesson]
[SQL_LOG:2021-01-03 22:10:04]: SELECT item_id, item_name, price, image, ctg_id  FROM  item     []
[SQL_LOG:2021-01-03 22:10:05]: SELECT ctg_id, category_name, cate_genre FROM  category  WHERE  cate_genre = ?     [lesson]
[SQL_LOG:2021-01-03 22:10:05]: SELECT item_id, item_name, price, image, ctg_id  FROM  item     []
[SQL_LOG:2021-01-03 22:10:06]: SELECT ctg_id, category_name, cate_genre FROM  category  WHERE  cate_genre = ?     [lesson]
[SQL_LOG:2021-01-03 22:10:06]: SELECT item_id, item_name, price, image, ctg_id  FROM  item     []
[SQL_LOG:2021-01-03 22:10:07]: SELECT ctg_id, category_name, cate_genre FROM  category  WHERE  cate_genre = ?     [lesson]
[SQL_LOG:2021-01-03 22:10:07]: SELECT item_id, item_name, price, image, ctg_id  FROM  item     []
[SQL_LOG:2021-01-03 22:10:33]: SELECT ctg_id, category_name, cate_genre FROM  category  WHERE  cate_genre = ?     [lesson]
[SQL_LOG:2021-01-03 22:10:33]: SELECT item_id, item_name, price, image, ctg_id  FROM  item     []
[SQL_LOG:2021-01-03 22:10:34]: SELECT ctg_id, category_name, cate_genre FROM  category  WHERE  cate_genre = ?     [lesson]
[SQL_LOG:2021-01-03 22:10:34]: SELECT item_id, item_name, price, image, ctg_id  FROM  item     []
[SQL_LOG:2021-01-03 22:10:36]: SELECT c.crt_id, c.num, c.unit_price, c.sub_total_price, i.item_id, i.item_name, i.price, i.image FROM  cart c LEFT JOIN item i ON c.item_id = i.item_id  WHERE  c.mem_id = ? AND c.delete_flg = ?     [1,0]
[SQL_LOG:2021-01-03 22:10:36]: SELECT SUM(c.sub_total_price) AS totalPrice  FROM  cart c LEFT JOIN item i ON c.item_id = i.item_id  WHERE  c.mem_id = ? AND c.delete_flg = ?    [1,0]
[SQL_LOG:2021-01-03 22:10:36]: SELECT SUM(num) AS num  FROM  cart c  WHERE  c.mem_id = ? AND c.delete_flg = ?    [1,0]
[SQL_LOG:2021-01-03 22:10:38]: SELECT ctg_id, category_name, cate_genre FROM  category  WHERE  cate_genre = ?     [lesson]
[SQL_LOG:2021-01-03 22:10:38]: SELECT item_id, item_name, price, image, ctg_id  FROM  item     []
[SQL_LOG:2021-01-03 22:10:38]: SELECT ctg_id, category_name, cate_genre FROM  category  WHERE  cate_genre = ?     [item]
[SQL_LOG:2021-01-03 22:10:38]: SELECT item_id, item_name, price, image, ctg_id  FROM  item     []
[SQL_LOG:2021-01-03 22:10:40]: SELECT ctg_id, category_name, cate_genre FROM  category  WHERE  cate_genre = ?     [lesson]
[SQL_LOG:2021-01-03 22:10:40]: SELECT item_id, item_name, price, image, ctg_id  FROM  item     []
[SQL_LOG:2021-01-03 22:10:43]: SELECT ctg_id, category_name, cate_genre FROM  category  WHERE  cate_genre = ?     [item]
[SQL_LOG:2021-01-03 22:10:43]: SELECT item_id, item_name, price, image, ctg_id  FROM  item     []
[SQL_LOG:2021-01-03 22:10:45]: SELECT ctg_id, category_name, cate_genre FROM  category  WHERE  cate_genre = ?     [item]
[SQL_LOG:2021-01-03 22:10:45]: SELECT item_id, item_name, price, image, ctg_id  FROM  item  WHERE  ctg_id = ?     [9]
[SQL_LOG:2021-01-03 22:10:45]: SELECT ctg_id, category_name, cate_genre FROM  category  WHERE  cate_genre = ?     [item]
[SQL_LOG:2021-01-03 22:10:45]: SELECT item_id, item_name, price, image, ctg_id  FROM  item  WHERE  ctg_id = ?     [10]
[SQL_LOG:2021-01-03 22:10:45]: SELECT ctg_id, category_name, cate_genre FROM  category  WHERE  cate_genre = ?     [item]
[SQL_LOG:2021-01-03 22:10:45]: SELECT item_id, item_name, price, image, ctg_id  FROM  item  WHERE  ctg_id = ?     [12]
[SQL_LOG:2021-01-03 22:10:46]: SELECT ctg_id, category_name, cate_genre FROM  category  WHERE  cate_genre = ?     [item]
[SQL_LOG:2021-01-03 22:10:46]: SELECT item_id, item_name, price, image, ctg_id  FROM  item  WHERE  ctg_id = ?     [13]
[SQL_LOG:2021-01-03 22:10:47]: SELECT ctg_id, category_name, cate_genre FROM  category  WHERE  cate_genre = ?     [item]
[SQL_LOG:2021-01-03 22:10:47]: SELECT item_id, item_name, price, image, ctg_id  FROM  item  WHERE  ctg_id = ?     [14]
[SQL_LOG:2021-01-03 22:10:48]: SELECT ctg_id, category_name, cate_genre FROM  category  WHERE  cate_genre = ?     [item]
[SQL_LOG:2021-01-03 22:10:48]: SELECT item_id, item_name, price, image, ctg_id  FROM  item  WHERE  ctg_id = ?     [9]
[SQL_LOG:2021-01-03 22:10:48]: SELECT ctg_id, category_name, cate_genre FROM  category  WHERE  cate_genre = ?     [item]
[SQL_LOG:2021-01-03 22:10:48]: SELECT item_id, item_name, price, image, ctg_id  FROM  item     []
[SQL_LOG:2021-01-03 22:10:50]: SELECT ctg_id, category_name, cate_genre FROM  category  WHERE  cate_genre = ?     [item]
[SQL_LOG:2021-01-03 22:10:50]: SELECT item_id, item_name, price, image, ctg_id  FROM  item  WHERE  ctg_id = ?     [9]
[SQL_LOG:2021-01-03 22:10:51]: SELECT ctg_id, category_name, cate_genre FROM  category  WHERE  cate_genre = ?     [item]
[SQL_LOG:2021-01-03 22:10:51]: SELECT item_id, item_name, price, image, ctg_id  FROM  item     []
[SQL_LOG:2021-01-03 22:10:52]: SELECT ctg_id, category_name, cate_genre FROM  category  WHERE  cate_genre = ?     [item]
[SQL_LOG:2021-01-03 22:10:52]: SELECT item_id, item_name, price, image, ctg_id  FROM  item     []
[SQL_LOG:2021-01-03 22:10:53]: SELECT c.crt_id, c.num, c.unit_price, c.sub_total_price, i.item_id, i.item_name, i.price, i.image FROM  cart c LEFT JOIN item i ON c.item_id = i.item_id  WHERE  c.mem_id = ? AND c.delete_flg = ?     [1,0]
[SQL_LOG:2021-01-03 22:10:53]: SELECT SUM(c.sub_total_price) AS totalPrice  FROM  cart c LEFT JOIN item i ON c.item_id = i.item_id  WHERE  c.mem_id = ? AND c.delete_flg = ?    [1,0]
[SQL_LOG:2021-01-03 22:10:53]: SELECT SUM(num) AS num  FROM  cart c  WHERE  c.mem_id = ? AND c.delete_flg = ?    [1,0]
[SQL_LOG:2021-01-03 22:10:57]: SELECT ctg_id, category_name, cate_genre FROM  category  WHERE  cate_genre = ?     [lesson]
[SQL_LOG:2021-01-03 22:10:57]: SELECT item_id, item_name, price, image, ctg_id  FROM  item     []
[SQL_LOG:2021-01-03 22:11:00]: SELECT ctg_id, category_name, cate_genre FROM  category  WHERE  cate_genre = ?     [lesson]
[SQL_LOG:2021-01-03 22:11:00]: SELECT item_id, item_name, price, image, ctg_id  FROM  item     []
[SQL_LOG:2021-01-03 22:11:09]: SELECT ctg_id, category_name, cate_genre FROM  category  WHERE  cate_genre = ?     [lesson]
[SQL_LOG:2021-01-03 22:11:09]: SELECT item_id, item_name, price, image, ctg_id  FROM  item     []
[SQL_LOG:2021-01-03 22:11:12]: SELECT ctg_id, category_name, cate_genre FROM  category  WHERE  cate_genre = ?     [lesson]
[SQL_LOG:2021-01-03 22:11:12]: SELECT item_id, item_name, price, image, ctg_id  FROM  item     []
[SQL_LOG:2021-01-03 22:11:13]: SELECT ctg_id, category_name, cate_genre FROM  category  WHERE  cate_genre = ?     [item]
[SQL_LOG:2021-01-03 22:11:13]: SELECT item_id, item_name, price, image, ctg_id  FROM  item     []
[SQL_LOG:2021-01-03 22:11:14]: SELECT c.crt_id, c.num, c.unit_price, c.sub_total_price, i.item_id, i.item_name, i.price, i.image FROM  cart c LEFT JOIN item i ON c.item_id = i.item_id  WHERE  c.mem_id = ? AND c.delete_flg = ?     [1,0]
[SQL_LOG:2021-01-03 22:11:14]: SELECT SUM(c.sub_total_price) AS totalPrice  FROM  cart c LEFT JOIN item i ON c.item_id = i.item_id  WHERE  c.mem_id = ? AND c.delete_flg = ?    [1,0]
[SQL_LOG:2021-01-03 22:11:14]: SELECT SUM(num) AS num  FROM  cart c  WHERE  c.mem_id = ? AND c.delete_flg = ?    [1,0]
[SQL_LOG:2021-01-03 22:11:16]: SELECT ctg_id, category_name, cate_genre FROM  category  WHERE  cate_genre = ?     [lesson]
[SQL_LOG:2021-01-03 22:11:16]: SELECT item_id, item_name, price, image, ctg_id  FROM  item     []
[SQL_LOG:2021-01-03 22:11:47]: SELECT c.crt_id, c.num, c.unit_price, c.sub_total_price, i.item_id, i.item_name, i.price, i.image FROM  cart c LEFT JOIN item i ON c.item_id = i.item_id  WHERE  c.mem_id = ? AND c.delete_flg = ?     [1,0]
[SQL_LOG:2021-01-03 22:11:47]: SELECT SUM(c.sub_total_price) AS totalPrice  FROM  cart c LEFT JOIN item i ON c.item_id = i.item_id  WHERE  c.mem_id = ? AND c.delete_flg = ?    [1,0]
[SQL_LOG:2021-01-03 22:11:47]: SELECT SUM(num) AS num  FROM  cart c  WHERE  c.mem_id = ? AND c.delete_flg = ?    [1,0]
[SQL_LOG:2021-01-03 22:11:48]: SELECT ctg_id, category_name, cate_genre FROM  category  WHERE  cate_genre = ?     [item]
[SQL_LOG:2021-01-03 22:11:48]: SELECT item_id, item_name, price, image, ctg_id  FROM  item     []
[SQL_LOG:2021-01-03 22:11:49]: SELECT c.crt_id, c.num, c.unit_price, c.sub_total_price, i.item_id, i.item_name, i.price, i.image FROM  cart c LEFT JOIN item i ON c.item_id = i.item_id  WHERE  c.mem_id = ? AND c.delete_flg = ?     [1,0]
[SQL_LOG:2021-01-03 22:11:49]: SELECT SUM(c.sub_total_price) AS totalPrice  FROM  cart c LEFT JOIN item i ON c.item_id = i.item_id  WHERE  c.mem_id = ? AND c.delete_flg = ?    [1,0]
[SQL_LOG:2021-01-03 22:11:49]: SELECT SUM(num) AS num  FROM  cart c  WHERE  c.mem_id = ? AND c.delete_flg = ?    [1,0]
[SQL_LOG:2021-01-03 22:12:09]: SELECT c.crt_id, c.num, c.unit_price, c.sub_total_price, i.item_id, i.item_name, i.price, i.image FROM  cart c LEFT JOIN item i ON c.item_id = i.item_id  WHERE  c.mem_id = ? AND c.delete_flg = ?     [1,0]
[SQL_LOG:2021-01-03 22:12:09]: SELECT SUM(c.sub_total_price) AS totalPrice  FROM  cart c LEFT JOIN item i ON c.item_id = i.item_id  WHERE  c.mem_id = ? AND c.delete_flg = ?    [1,0]
[SQL_LOG:2021-01-03 22:12:09]: SELECT SUM(num) AS num  FROM  cart c  WHERE  c.mem_id = ? AND c.delete_flg = ?    [1,0]
[SQL_LOG:2021-01-03 22:12:10]: SELECT ctg_id, category_name, cate_genre FROM  category  WHERE  cate_genre = ?     [lesson]
[SQL_LOG:2021-01-03 22:12:10]: SELECT item_id, item_name, price, image, ctg_id  FROM  item     []
[SQL_LOG:2021-01-03 22:12:11]: SELECT ctg_id, category_name, cate_genre FROM  category  WHERE  cate_genre = ?     [item]
[SQL_LOG:2021-01-03 22:12:11]: SELECT item_id, item_name, price, image, ctg_id  FROM  item     []
[SQL_LOG:2021-01-03 22:12:11]: SELECT ctg_id, category_name, cate_genre FROM  category  WHERE  cate_genre = ?     [lesson]
[SQL_LOG:2021-01-03 22:12:11]: SELECT item_id, item_name, price, image, ctg_id  FROM  item     []
[SQL_LOG:2021-01-03 22:12:21]: SELECT ctg_id, category_name, cate_genre FROM  category  WHERE  cate_genre = ?     [lesson]
[SQL_LOG:2021-01-03 22:12:21]: SELECT item_id, item_name, price, image, ctg_id  FROM  item     []
[SQL_LOG:2021-01-03 22:12:24]: SELECT ctg_id, category_name, cate_genre FROM  category  WHERE  cate_genre = ?     [lesson]
[SQL_LOG:2021-01-03 22:12:24]: SELECT item_id, item_name, price, image, ctg_id  FROM  item     []
[SQL_LOG:2021-01-03 22:12:28]: SELECT c.crt_id, c.num, c.unit_price, c.sub_total_price, i.item_id, i.item_name, i.price, i.image FROM  cart c LEFT JOIN item i ON c.item_id = i.item_id  WHERE  c.mem_id = ? AND c.delete_flg = ?     [1,0]
[SQL_LOG:2021-01-03 22:12:28]: SELECT SUM(c.sub_total_price) AS totalPrice  FROM  cart c LEFT JOIN item i ON c.item_id = i.item_id  WHERE  c.mem_id = ? AND c.delete_flg = ?    [1,0]
[SQL_LOG:2021-01-03 22:12:28]: SELECT SUM(num) AS num  FROM  cart c  WHERE  c.mem_id = ? AND c.delete_flg = ?    [1,0]
[SQL_LOG:2021-01-03 22:12:32]: SELECT ctg_id, category_name, cate_genre FROM  category  WHERE  cate_genre = ?     [lesson]
[SQL_LOG:2021-01-03 22:12:32]: SELECT item_id, item_name, price, image, ctg_id  FROM  item     []
[SQL_LOG:2021-01-03 22:12:35]: SELECT ctg_id, category_name, cate_genre FROM  category  WHERE  cate_genre = ?     [item]
[SQL_LOG:2021-01-03 22:12:35]: SELECT item_id, item_name, price, image, ctg_id  FROM  item     []
[SQL_LOG:2021-01-03 22:12:38]: SELECT ctg_id, category_name, cate_genre FROM  category  WHERE  cate_genre = ?     [lesson]
[SQL_LOG:2021-01-03 22:12:38]: SELECT item_id, item_name, price, image, ctg_id  FROM  item     []
[SQL_LOG:2021-01-03 22:12:42]: SELECT *  FROM  member  WHERE  mem_id = ?     [1]
[SQL_LOG:2021-01-03 22:13:30]: SELECT ctg_id, category_name, cate_genre FROM  category  WHERE  cate_genre = ?     [lesson]
[SQL_LOG:2021-01-03 22:13:30]: SELECT item_id, item_name, price, image, ctg_id  FROM  item     []
[SQL_LOG:2021-01-03 22:13:31]: SELECT ctg_id, category_name, cate_genre FROM  category  WHERE  cate_genre = ?     [lesson]
[SQL_LOG:2021-01-03 22:13:31]: SELECT item_id, item_name, price, image, ctg_id  FROM  item     []
[SQL_LOG:2021-01-03 22:15:31]: SELECT ctg_id, category_name, cate_genre FROM  category  WHERE  cate_genre = ?     [item]
[SQL_LOG:2021-01-03 22:15:31]: SELECT item_id, item_name, price, image, ctg_id  FROM  item     []
[SQL_LOG:2021-01-03 22:15:53]: SELECT ctg_id, category_name, cate_genre FROM  category  WHERE  cate_genre = ?     [item]
[SQL_LOG:2021-01-03 22:15:53]: SELECT item_id, item_name, price, image, ctg_id  FROM  item     []
[SQL_LOG:2021-01-03 22:15:54]: SELECT ctg_id, category_name, cate_genre FROM  category  WHERE  cate_genre = ?     [item]
[SQL_LOG:2021-01-03 22:15:54]: SELECT item_id, item_name, price, image, ctg_id  FROM  item     []
[SQL_LOG:2021-01-03 22:15:56]: SELECT ctg_id, category_name, cate_genre FROM  category  WHERE  cate_genre = ?     [lesson]
[SQL_LOG:2021-01-03 22:15:56]: SELECT item_id, item_name, price, image, ctg_id  FROM  item     []
[SQL_LOG:2021-01-03 22:16:01]: SELECT ctg_id, category_name, cate_genre FROM  category  WHERE  cate_genre = ?     [item]
[SQL_LOG:2021-01-03 22:16:01]: SELECT item_id, item_name, price, image, ctg_id  FROM  item     []
[SQL_LOG:2021-01-03 22:16:04]: SELECT ctg_id, category_name, cate_genre FROM  category  WHERE  cate_genre = ?     [lesson]
[SQL_LOG:2021-01-03 22:16:04]: SELECT item_id, item_name, price, image, ctg_id  FROM  item     []
[SQL_LOG:2021-01-03 22:16:05]: SELECT ctg_id, category_name, cate_genre FROM  category  WHERE  cate_genre = ?     [lesson]
[SQL_LOG:2021-01-03 22:16:05]: SELECT item_id, item_name, price, image, ctg_id  FROM  item     []
[SQL_LOG:2021-01-03 22:16:26]: SELECT ctg_id, category_name, cate_genre FROM  category  WHERE  cate_genre = ?     [lesson]
[SQL_LOG:2021-01-03 22:16:26]: SELECT item_id, item_name, price, image, ctg_id  FROM  item     []
[SQL_LOG:2021-01-03 22:16:29]: SELECT ctg_id, category_name, cate_genre FROM  category  WHERE  cate_genre = ?     [lesson]
[SQL_LOG:2021-01-03 22:16:29]: SELECT item_id, item_name, price, image, ctg_id  FROM  item     []
[SQL_LOG:2021-01-03 22:16:30]: SELECT ctg_id, category_name, cate_genre FROM  category  WHERE  cate_genre = ?     [lesson]
[SQL_LOG:2021-01-03 22:16:30]: SELECT item_id, item_name, price, image, ctg_id  FROM  item     []
[SQL_LOG:2021-01-03 22:17:11]: SELECT c.crt_id, c.num, c.unit_price, c.sub_total_price, i.item_id, i.item_name, i.price, i.image FROM  cart c LEFT JOIN item i ON c.item_id = i.item_id  WHERE  c.mem_id = ? AND c.delete_flg = ?     [1,0]
[SQL_LOG:2021-01-03 22:17:11]: SELECT SUM(c.sub_total_price) AS totalPrice  FROM  cart c LEFT JOIN item i ON c.item_id = i.item_id  WHERE  c.mem_id = ? AND c.delete_flg = ?    [1,0]
[SQL_LOG:2021-01-03 22:17:11]: SELECT SUM(num) AS num  FROM  cart c  WHERE  c.mem_id = ? AND c.delete_flg = ?    [1,0]
[SQL_LOG:2021-01-03 22:17:12]: SELECT ctg_id, category_name, cate_genre FROM  category  WHERE  cate_genre = ?     [item]
[SQL_LOG:2021-01-03 22:17:12]: SELECT item_id, item_name, price, image, ctg_id  FROM  item     []
[SQL_LOG:2021-01-03 22:17:13]: SELECT ctg_id, category_name, cate_genre FROM  category  WHERE  cate_genre = ?     [lesson]
[SQL_LOG:2021-01-03 22:17:13]: SELECT item_id, item_name, price, image, ctg_id  FROM  item     []
[SQL_LOG:2021-01-03 22:17:14]: SELECT ctg_id, category_name, cate_genre FROM  category  WHERE  cate_genre = ?     [lesson]
[SQL_LOG:2021-01-03 22:17:14]: SELECT item_id, item_name, price, image, ctg_id  FROM  item     []
[SQL_LOG:2021-01-03 22:17:15]: SELECT ctg_id, category_name, cate_genre FROM  category  WHERE  cate_genre = ?     [lesson]
[SQL_LOG:2021-01-03 22:17:15]: SELECT item_id, item_name, price, image, ctg_id  FROM  item     []
[SQL_LOG:2021-01-03 22:17:16]: SELECT ctg_id, category_name, cate_genre FROM  category  WHERE  cate_genre = ?     [item]
[SQL_LOG:2021-01-03 22:17:16]: SELECT item_id, item_name, price, image, ctg_id  FROM  item     []
[SQL_LOG:2021-01-03 22:17:18]: SELECT c.crt_id, c.num, c.unit_price, c.sub_total_price, i.item_id, i.item_name, i.price, i.image FROM  cart c LEFT JOIN item i ON c.item_id = i.item_id  WHERE  c.mem_id = ? AND c.delete_flg = ?     [1,0]
[SQL_LOG:2021-01-03 22:17:18]: SELECT SUM(c.sub_total_price) AS totalPrice  FROM  cart c LEFT JOIN item i ON c.item_id = i.item_id  WHERE  c.mem_id = ? AND c.delete_flg = ?    [1,0]
[SQL_LOG:2021-01-03 22:17:18]: SELECT SUM(num) AS num  FROM  cart c  WHERE  c.mem_id = ? AND c.delete_flg = ?    [1,0]
[SQL_LOG:2021-01-03 22:17:19]: SELECT ctg_id, category_name, cate_genre FROM  category  WHERE  cate_genre = ?     [item]
[SQL_LOG:2021-01-03 22:17:19]: SELECT item_id, item_name, price, image, ctg_id  FROM  item     []
[SQL_LOG:2021-01-03 22:17:20]: SELECT ctg_id, category_name, cate_genre FROM  category  WHERE  cate_genre = ?     [lesson]
[SQL_LOG:2021-01-03 22:17:20]: SELECT item_id, item_name, price, image, ctg_id  FROM  item     []
[SQL_LOG:2021-01-03 22:43:35]: SELECT ctg_id, category_name, cate_genre FROM  category  WHERE  cate_genre = ?     [lesson]
[SQL_LOG:2021-01-03 22:43:35]: SELECT item_id, item_name, price, image, ctg_id  FROM  item     []
[SQL_LOG:2021-01-03 22:43:35]: SELECT ctg_id, category_name, cate_genre FROM  category  WHERE  cate_genre = ?     [lesson]
[SQL_LOG:2021-01-03 22:43:35]: SELECT item_id, item_name, price, image, ctg_id  FROM  item     []
[SQL_LOG:2021-01-03 22:43:36]: SELECT ctg_id, category_name, cate_genre FROM  category  WHERE  cate_genre = ?     [item]
[SQL_LOG:2021-01-03 22:43:36]: SELECT item_id, item_name, price, image, ctg_id  FROM  item     []
[SQL_LOG:2021-01-03 22:44:18]: SELECT ctg_id, category_name, cate_genre FROM  category  WHERE  cate_genre = ?     [item]
[SQL_LOG:2021-01-03 22:44:18]: SELECT item_id, item_name, price, image, ctg_id  FROM  item     []
[SQL_LOG:2021-01-03 22:44:21]: SELECT c.crt_id, c.num, c.unit_price, c.sub_total_price, i.item_id, i.item_name, i.price, i.image FROM  cart c LEFT JOIN item i ON c.item_id = i.item_id  WHERE  c.mem_id = ? AND c.delete_flg = ?     [1,0]
[SQL_LOG:2021-01-03 22:44:21]: SELECT SUM(c.sub_total_price) AS totalPrice  FROM  cart c LEFT JOIN item i ON c.item_id = i.item_id  WHERE  c.mem_id = ? AND c.delete_flg = ?    [1,0]
[SQL_LOG:2021-01-03 22:44:21]: SELECT SUM(num) AS num  FROM  cart c  WHERE  c.mem_id = ? AND c.delete_flg = ?    [1,0]
[SQL_LOG:2021-01-03 22:44:22]: SELECT ctg_id, category_name, cate_genre FROM  category  WHERE  cate_genre = ?     [lesson]
[SQL_LOG:2021-01-03 22:44:22]: SELECT item_id, item_name, price, image, ctg_id  FROM  item     []
[SQL_LOG:2021-01-03 22:44:23]: SELECT ctg_id, category_name, cate_genre FROM  category  WHERE  cate_genre = ?     [lesson]
[SQL_LOG:2021-01-03 22:44:23]: SELECT item_id, item_name, price, image, ctg_id  FROM  item     []
[SQL_LOG:2021-01-03 22:44:24]: SELECT ctg_id, category_name, cate_genre FROM  category  WHERE  cate_genre = ?     [lesson]
[SQL_LOG:2021-01-03 22:44:24]: SELECT item_id, item_name, price, image, ctg_id  FROM  item     []
[SQL_LOG:2021-01-03 22:44:24]: SELECT ctg_id, category_name, cate_genre FROM  category  WHERE  cate_genre = ?     [lesson]
[SQL_LOG:2021-01-03 22:44:24]: SELECT item_id, item_name, price, image, ctg_id  FROM  item     []
[SQL_LOG:2021-01-03 22:44:25]: SELECT ctg_id, category_name, cate_genre FROM  category  WHERE  cate_genre = ?     [item]
[SQL_LOG:2021-01-03 22:44:25]: SELECT item_id, item_name, price, image, ctg_id  FROM  item     []
[SQL_LOG:2021-01-03 22:48:04]: SELECT ctg_id, category_name, cate_genre FROM  category  WHERE  cate_genre = ?     [lesson]
[SQL_LOG:2021-01-03 22:48:04]: SELECT item_id, item_name, price, image, ctg_id  FROM  item     []
[SQL_LOG:2021-01-03 22:53:23]: SELECT ctg_id, category_name, cate_genre FROM  category  WHERE  cate_genre = ?     [lesson]
[SQL_LOG:2021-01-03 22:53:23]: SELECT item_id, item_name, price, image, ctg_id  FROM  item     []
[SQL_LOG:2021-01-03 23:08:18]: SELECT ctg_id, category_name, cate_genre FROM  category  WHERE  cate_genre = ?     [lesson]
[SQL_LOG:2021-01-03 23:08:18]: SELECT item_id, item_name, price, image, ctg_id  FROM  item     []
[SQL_LOG:2021-01-03 23:08:19]: SELECT ctg_id, category_name, cate_genre FROM  category  WHERE  cate_genre = ?     [lesson]
[SQL_LOG:2021-01-03 23:08:19]: SELECT item_id, item_name, price, image, ctg_id  FROM  item     []
[SQL_LOG:2021-01-03 23:08:25]: SELECT c.crt_id, c.num, c.unit_price, c.sub_total_price, i.item_id, i.item_name, i.price, i.image FROM  cart c LEFT JOIN item i ON c.item_id = i.item_id  WHERE  c.mem_id = ? AND c.delete_flg = ?     [1,0]
[SQL_LOG:2021-01-03 23:08:25]: SELECT SUM(c.sub_total_price) AS totalPrice  FROM  cart c LEFT JOIN item i ON c.item_id = i.item_id  WHERE  c.mem_id = ? AND c.delete_flg = ?    [1,0]
[SQL_LOG:2021-01-03 23:08:25]: SELECT SUM(num) AS num  FROM  cart c  WHERE  c.mem_id = ? AND c.delete_flg = ?    [1,0]
[SQL_LOG:2021-01-03 23:08:26]: SELECT ctg_id, category_name, cate_genre FROM  category  WHERE  cate_genre = ?     [item]
[SQL_LOG:2021-01-03 23:08:26]: SELECT item_id, item_name, price, image, ctg_id  FROM  item     []
[SQL_LOG:2021-01-03 23:08:27]: SELECT ctg_id, category_name, cate_genre FROM  category  WHERE  cate_genre = ?     [lesson]
[SQL_LOG:2021-01-03 23:08:27]: SELECT item_id, item_name, price, image, ctg_id  FROM  item     []
[SQL_LOG:2021-01-03 23:08:30]: SELECT ctg_id, category_name, cate_genre FROM  category  WHERE  cate_genre = ?     [item]
[SQL_LOG:2021-01-03 23:08:30]: SELECT item_id, item_name, detail, price, image, ctg_id FROM  item  WHERE  item_id = ?     [1]
[SQL_LOG:2021-01-03 23:08:30]: SELECT COUNT(*) AS NUM  FROM  likes  WHERE  item_id = ?     [1]
[SQL_LOG:2021-01-03 23:08:30]: SELECT *  FROM  likes  WHERE  item_id = ? AND mem_id = ?     [1,1]
[SQL_LOG:2021-01-03 23:08:36]: SELECT ctg_id, category_name, cate_genre FROM  category  WHERE  cate_genre = ?     [item]
[SQL_LOG:2021-01-03 23:08:36]: SELECT item_id, item_name, price, image, ctg_id  FROM  item     []
[SQL_LOG:2021-01-03 23:08:38]: SELECT ctg_id, category_name, cate_genre FROM  category  WHERE  cate_genre = ?     [item]
[SQL_LOG:2021-01-03 23:08:38]: SELECT item_id, item_name, price, image, ctg_id  FROM  item     []
[SQL_LOG:2021-01-03 23:08:39]: SELECT c.crt_id, c.num, c.unit_price, c.sub_total_price, i.item_id, i.item_name, i.price, i.image FROM  cart c LEFT JOIN item i ON c.item_id = i.item_id  WHERE  c.mem_id = ? AND c.delete_flg = ?     [1,0]
[SQL_LOG:2021-01-03 23:08:39]: SELECT SUM(c.sub_total_price) AS totalPrice  FROM  cart c LEFT JOIN item i ON c.item_id = i.item_id  WHERE  c.mem_id = ? AND c.delete_flg = ?    [1,0]
[SQL_LOG:2021-01-03 23:08:39]: SELECT SUM(num) AS num  FROM  cart c  WHERE  c.mem_id = ? AND c.delete_flg = ?    [1,0]
[SQL_LOG:2021-01-03 23:08:40]: SELECT ctg_id, category_name, cate_genre FROM  category  WHERE  cate_genre = ?     [item]
[SQL_LOG:2021-01-03 23:08:40]: SELECT item_id, item_name, price, image, ctg_id  FROM  item     []
[SQL_LOG:2021-01-03 23:08:40]: SELECT ctg_id, category_name, cate_genre FROM  category  WHERE  cate_genre = ?     [lesson]
[SQL_LOG:2021-01-03 23:08:40]: SELECT item_id, item_name, price, image, ctg_id  FROM  item     []
[SQL_LOG:2021-01-03 23:08:41]: SELECT ctg_id, category_name, cate_genre FROM  category  WHERE  cate_genre = ?     [lesson]
[SQL_LOG:2021-01-03 23:08:41]: SELECT item_id, item_name, price, image, ctg_id  FROM  item     []
[SQL_LOG:2021-01-03 23:08:42]: SELECT ctg_id, category_name, cate_genre FROM  category  WHERE  cate_genre = ?     [item]
[SQL_LOG:2021-01-03 23:08:42]: SELECT item_id, item_name, price, image, ctg_id  FROM  item     []
[SQL_LOG:2021-01-03 23:08:44]: SELECT c.crt_id, c.num, c.unit_price, c.sub_total_price, i.item_id, i.item_name, i.price, i.image FROM  cart c LEFT JOIN item i ON c.item_id = i.item_id  WHERE  c.mem_id = ? AND c.delete_flg = ?     [1,0]
[SQL_LOG:2021-01-03 23:08:44]: SELECT SUM(c.sub_total_price) AS totalPrice  FROM  cart c LEFT JOIN item i ON c.item_id = i.item_id  WHERE  c.mem_id = ? AND c.delete_flg = ?    [1,0]
[SQL_LOG:2021-01-03 23:08:44]: SELECT SUM(num) AS num  FROM  cart c  WHERE  c.mem_id = ? AND c.delete_flg = ?    [1,0]
[SQL_LOG:2021-01-03 23:08:45]: SELECT ctg_id, category_name, cate_genre FROM  category  WHERE  cate_genre = ?     [lesson]
[SQL_LOG:2021-01-03 23:08:45]: SELECT item_id, item_name, price, image, ctg_id  FROM  item     []
[SQL_LOG:2021-01-03 23:08:59]: SELECT ctg_id, category_name, cate_genre FROM  category  WHERE  cate_genre = ?     [lesson]
[SQL_LOG:2021-01-03 23:08:59]: SELECT item_id, item_name, price, image, ctg_id  FROM  item     []
[SQL_LOG:2021-01-03 23:09:11]: SELECT ctg_id, category_name, cate_genre FROM  category  WHERE  cate_genre = ?     [lesson]
[SQL_LOG:2021-01-03 23:09:11]: SELECT item_id, item_name, price, image, ctg_id  FROM  item     []
[SQL_LOG:2021-01-03 23:09:12]: SELECT ctg_id, category_name, cate_genre FROM  category  WHERE  cate_genre = ?     [lesson]
[SQL_LOG:2021-01-03 23:09:12]: SELECT item_id, item_name, price, image, ctg_id  FROM  item     []
[SQL_LOG:2021-01-03 23:09:23]: SELECT ctg_id, category_name, cate_genre FROM  category  WHERE  cate_genre = ?     [lesson]
[SQL_LOG:2021-01-03 23:09:23]: SELECT item_id, item_name, price, image, ctg_id  FROM  item     []
[SQL_LOG:2021-01-03 23:09:26]: SELECT ctg_id, category_name, cate_genre FROM  category  WHERE  cate_genre = ?     [lesson]
[SQL_LOG:2021-01-03 23:09:26]: SELECT item_id, item_name, price, image, ctg_id  FROM  item     []
[SQL_LOG:2021-01-03 23:09:29]: SELECT ctg_id, category_name, cate_genre FROM  category  WHERE  cate_genre = ?     [lesson]
[SQL_LOG:2021-01-03 23:09:29]: SELECT item_id, item_name, price, image, ctg_id  FROM  item     []
[SQL_LOG:2021-01-03 23:09:47]: SELECT ctg_id, category_name, cate_genre FROM  category  WHERE  cate_genre = ?     [lesson]
[SQL_LOG:2021-01-03 23:09:47]: SELECT item_id, item_name, price, image, ctg_id  FROM  item     []
[SQL_LOG:2021-01-03 23:28:46]: SELECT ctg_id, category_name, cate_genre FROM  category  WHERE  cate_genre = ?     [lesson]
[SQL_LOG:2021-01-03 23:28:46]: SELECT item_id, item_name, price, image, ctg_id  FROM  item     []
[SQL_LOG:2021-01-03 23:28:47]: SELECT ctg_id, category_name, cate_genre FROM  category  WHERE  cate_genre = ?     [lesson]
[SQL_LOG:2021-01-03 23:28:47]: SELECT item_id, item_name, price, image, ctg_id  FROM  item     []
[SQL_LOG:2021-01-03 23:28:48]: SELECT ctg_id, category_name, cate_genre FROM  category  WHERE  cate_genre = ?     [lesson]
[SQL_LOG:2021-01-03 23:28:48]: SELECT item_id, item_name, price, image, ctg_id  FROM  item     []
[SQL_LOG:2021-01-03 23:32:01]: SELECT ctg_id, category_name, cate_genre FROM  category  WHERE  cate_genre = ?     [lesson]
[SQL_LOG:2021-01-03 23:32:01]: SELECT item_id, item_name, price, image, ctg_id  FROM  item     []
[SQL_LOG:2021-01-03 23:35:04]: SELECT ctg_id, category_name, cate_genre FROM  category  WHERE  cate_genre = ?     [lesson]
[SQL_LOG:2021-01-03 23:35:04]: SELECT item_id, item_name, price, image, ctg_id  FROM  item     []
[SQL_LOG:2021-01-03 23:36:14]: SELECT ctg_id, category_name, cate_genre FROM  category  WHERE  cate_genre = ?     [lesson]
[SQL_LOG:2021-01-03 23:36:14]: SELECT item_id, item_name, price, image, ctg_id  FROM  item     []
[SQL_LOG:2021-01-03 23:36:18]: SELECT ctg_id, category_name, cate_genre FROM  category  WHERE  cate_genre = ?     [lesson]
[SQL_LOG:2021-01-03 23:36:18]: SELECT item_id, item_name, price, image, ctg_id  FROM  item     []
[SQL_LOG:2021-01-03 23:37:58]: SELECT ctg_id, category_name, cate_genre FROM  category  WHERE  cate_genre = ?     [lesson]
[SQL_LOG:2021-01-03 23:37:58]: SELECT item_id, item_name, price, image, ctg_id  FROM  item     []
[SQL_LOG:2021-01-03 23:38:04]: SELECT ctg_id, category_name, cate_genre FROM  category  WHERE  cate_genre = ?     [lesson]
[SQL_LOG:2021-01-03 23:38:04]: SELECT item_id, item_name, price, image, ctg_id  FROM  item     []
[SQL_LOG:2021-01-03 23:38:34]: SELECT ctg_id, category_name, cate_genre FROM  category  WHERE  cate_genre = ?     [lesson]
[SQL_LOG:2021-01-03 23:38:34]: SELECT item_id, item_name, price, image, ctg_id  FROM  item     []
[SQL_LOG:2021-01-03 23:38:45]: SELECT ctg_id, category_name, cate_genre FROM  category  WHERE  cate_genre = ?     [lesson]
[SQL_LOG:2021-01-03 23:38:45]: SELECT item_id, item_name, price, image, ctg_id  FROM  item     []
[SQL_LOG:2021-01-03 23:38:45]: SELECT ctg_id, category_name, cate_genre FROM  category  WHERE  cate_genre = ?     [lesson]
[SQL_LOG:2021-01-03 23:38:45]: SELECT item_id, item_name, price, image, ctg_id  FROM  item     []
[SQL_LOG:2021-01-03 23:38:46]: SELECT ctg_id, category_name, cate_genre FROM  category  WHERE  cate_genre = ?     [lesson]
[SQL_LOG:2021-01-03 23:38:46]: SELECT item_id, item_name, price, image, ctg_id  FROM  item     []
[SQL_LOG:2021-01-03 23:39:11]: SELECT ctg_id, category_name, cate_genre FROM  category  WHERE  cate_genre = ?     [lesson]
[SQL_LOG:2021-01-03 23:39:11]: SELECT item_id, item_name, price, image, ctg_id  FROM  item     []
[SQL_LOG:2021-01-03 23:39:23]: SELECT ctg_id, category_name, cate_genre FROM  category  WHERE  cate_genre = ?     [lesson]
[SQL_LOG:2021-01-03 23:39:23]: SELECT item_id, item_name, price, image, ctg_id  FROM  item     []
[SQL_LOG:2021-01-03 23:39:31]: SELECT ctg_id, category_name, cate_genre FROM  category  WHERE  cate_genre = ?     [lesson]
[SQL_LOG:2021-01-03 23:39:31]: SELECT item_id, item_name, price, image, ctg_id  FROM  item     []
[SQL_LOG:2021-01-03 23:39:40]: SELECT ctg_id, category_name, cate_genre FROM  category  WHERE  cate_genre = ?     [lesson]
[SQL_LOG:2021-01-03 23:39:40]: SELECT item_id, item_name, price, image, ctg_id  FROM  item     []
[SQL_LOG:2021-01-03 23:43:11]: SELECT ctg_id, category_name, cate_genre FROM  category  WHERE  cate_genre = ?     [lesson]
[SQL_LOG:2021-01-03 23:43:11]: SELECT item_id, item_name, price, image, ctg_id  FROM  item     []
[SQL_LOG:2021-01-03 23:43:13]: SELECT ctg_id, category_name, cate_genre FROM  category  WHERE  cate_genre = ?     [lesson]
[SQL_LOG:2021-01-03 23:43:13]: SELECT item_id, item_name, price, image, ctg_id  FROM  item     []
[SQL_LOG:2021-01-03 23:43:41]: SELECT ctg_id, category_name, cate_genre FROM  category  WHERE  cate_genre = ?     [lesson]
[SQL_LOG:2021-01-03 23:43:41]: SELECT item_id, item_name, price, image, ctg_id  FROM  item     []
[SQL_LOG:2021-01-03 23:43:42]: SELECT ctg_id, category_name, cate_genre FROM  category  WHERE  cate_genre = ?     [lesson]
[SQL_LOG:2021-01-03 23:43:42]: SELECT item_id, item_name, price, image, ctg_id  FROM  item     []
[SQL_LOG:2021-01-03 23:44:23]: SELECT ctg_id, category_name, cate_genre FROM  category  WHERE  cate_genre = ?     [lesson]
[SQL_LOG:2021-01-03 23:44:23]: SELECT item_id, item_name, price, image, ctg_id  FROM  item     []
[SQL_LOG:2021-01-03 23:44:23]: SELECT ctg_id, category_name, cate_genre FROM  category  WHERE  cate_genre = ?     [lesson]
[SQL_LOG:2021-01-03 23:44:23]: SELECT item_id, item_name, price, image, ctg_id  FROM  item     []
[SQL_LOG:2021-01-03 23:44:23]: SELECT ctg_id, category_name, cate_genre FROM  category  WHERE  cate_genre = ?     [lesson]
[SQL_LOG:2021-01-03 23:44:23]: SELECT item_id, item_name, price, image, ctg_id  FROM  item     []
[SQL_LOG:2021-01-03 23:44:24]: SELECT ctg_id, category_name, cate_genre FROM  category  WHERE  cate_genre = ?     [lesson]
[SQL_LOG:2021-01-03 23:44:24]: SELECT item_id, item_name, price, image, ctg_id  FROM  item     []
[SQL_LOG:2021-01-03 23:44:24]: SELECT ctg_id, category_name, cate_genre FROM  category  WHERE  cate_genre = ?     [lesson]
[SQL_LOG:2021-01-03 23:44:24]: SELECT item_id, item_name, price, image, ctg_id  FROM  item     []
[SQL_LOG:2021-01-03 23:44:30]: SELECT ctg_id, category_name, cate_genre FROM  category  WHERE  cate_genre = ?     [lesson]
[SQL_LOG:2021-01-03 23:44:30]: SELECT item_id, item_name, price, image, ctg_id  FROM  item     []
[SQL_LOG:2021-01-03 23:44:31]: SELECT ctg_id, category_name, cate_genre FROM  category  WHERE  cate_genre = ?     [lesson]
[SQL_LOG:2021-01-03 23:44:31]: SELECT item_id, item_name, price, image, ctg_id  FROM  item     []
[SQL_LOG:2021-01-03 23:44:48]: SELECT ctg_id, category_name, cate_genre FROM  category  WHERE  cate_genre = ?     [lesson]
[SQL_LOG:2021-01-03 23:44:48]: SELECT item_id, item_name, price, image, ctg_id  FROM  item     []
[SQL_LOG:2021-01-03 23:44:49]: SELECT ctg_id, category_name, cate_genre FROM  category  WHERE  cate_genre = ?     [lesson]
[SQL_LOG:2021-01-03 23:44:49]: SELECT item_id, item_name, price, image, ctg_id  FROM  item     []
[SQL_LOG:2021-01-03 23:44:49]: SELECT ctg_id, category_name, cate_genre FROM  category  WHERE  cate_genre = ?     [lesson]
[SQL_LOG:2021-01-03 23:44:49]: SELECT item_id, item_name, price, image, ctg_id  FROM  item     []
[SQL_LOG:2021-01-03 23:44:49]: SELECT ctg_id, category_name, cate_genre FROM  category  WHERE  cate_genre = ?     [lesson]
[SQL_LOG:2021-01-03 23:44:49]: SELECT item_id, item_name, price, image, ctg_id  FROM  item     []
[SQL_LOG:2021-01-03 23:44:51]: SELECT ctg_id, category_name, cate_genre FROM  category  WHERE  cate_genre = ?     [lesson]
[SQL_LOG:2021-01-03 23:44:51]: SELECT item_id, item_name, price, image, ctg_id  FROM  item     []
[SQL_LOG:2021-01-03 23:44:52]: SELECT ctg_id, category_name, cate_genre FROM  category  WHERE  cate_genre = ?     [lesson]
[SQL_LOG:2021-01-03 23:44:52]: SELECT item_id, item_name, price, image, ctg_id  FROM  item     []
[SQL_LOG:2021-01-03 23:44:54]: SELECT ctg_id, category_name, cate_genre FROM  category  WHERE  cate_genre = ?     [lesson]
[SQL_LOG:2021-01-03 23:44:54]: SELECT item_id, item_name, price, image, ctg_id  FROM  item     []
[SQL_LOG:2021-01-03 23:44:55]: SELECT ctg_id, category_name, cate_genre FROM  category  WHERE  cate_genre = ?     [lesson]
[SQL_LOG:2021-01-03 23:44:55]: SELECT item_id, item_name, price, image, ctg_id  FROM  item     []
[SQL_LOG:2021-01-03 23:45:21]: SELECT ctg_id, category_name, cate_genre FROM  category  WHERE  cate_genre = ?     [lesson]
[SQL_LOG:2021-01-03 23:45:21]: SELECT item_id, item_name, price, image, ctg_id  FROM  item     []
[SQL_LOG:2021-01-03 23:45:23]: SELECT ctg_id, category_name, cate_genre FROM  category  WHERE  cate_genre = ?     [lesson]
[SQL_LOG:2021-01-03 23:45:23]: SELECT item_id, item_name, price, image, ctg_id  FROM  item     []
[SQL_LOG:2021-01-03 23:45:24]: SELECT ctg_id, category_name, cate_genre FROM  category  WHERE  cate_genre = ?     [lesson]
[SQL_LOG:2021-01-03 23:45:24]: SELECT item_id, item_name, price, image, ctg_id  FROM  item     []
[SQL_LOG:2021-01-03 23:45:26]: SELECT ctg_id, category_name, cate_genre FROM  category  WHERE  cate_genre = ?     [lesson]
[SQL_LOG:2021-01-03 23:45:26]: SELECT item_id, item_name, price, image, ctg_id  FROM  item     []
[SQL_LOG:2021-01-03 23:45:27]: SELECT ctg_id, category_name, cate_genre FROM  category  WHERE  cate_genre = ?     [lesson]
[SQL_LOG:2021-01-03 23:45:27]: SELECT item_id, item_name, price, image, ctg_id  FROM  item     []
[SQL_LOG:2021-01-03 23:45:34]: SELECT ctg_id, category_name, cate_genre FROM  category  WHERE  cate_genre = ?     [lesson]
[SQL_LOG:2021-01-03 23:45:34]: SELECT item_id, item_name, price, image, ctg_id  FROM  item     []
[SQL_LOG:2021-01-03 23:45:40]: SELECT ctg_id, category_name, cate_genre FROM  category  WHERE  cate_genre = ?     [lesson]
[SQL_LOG:2021-01-03 23:45:40]: SELECT item_id, item_name, price, image, ctg_id  FROM  item     []
[SQL_LOG:2021-01-03 23:45:45]: SELECT ctg_id, category_name, cate_genre FROM  category  WHERE  cate_genre = ?     [lesson]
[SQL_LOG:2021-01-03 23:45:45]: SELECT item_id, item_name, price, image, ctg_id  FROM  item     []
[SQL_LOG:2021-01-03 23:47:56]: SELECT *  FROM  member  WHERE  email = ?     [tttvvvaken@gmail.com]
[SQL_LOG:2021-01-03 23:47:56]: SELECT session_key  FROM  loginsession  WHERE  mem_id = ?     [1]
[SQL_LOG:2021-01-03 23:47:56]: SELECT ctg_id, category_name, cate_genre FROM  category  WHERE  cate_genre = ?     [lesson]
[SQL_LOG:2021-01-03 23:47:56]: SELECT item_id, item_name, price, image, ctg_id  FROM  item     []
[SQL_LOG:2021-01-03 23:48:04]: SELECT *  FROM  member  WHERE  mem_id = ?     [1]
[SQL_LOG:2021-01-03 23:48:19]: SELECT *  FROM  member  WHERE  mem_id = ?     [1]
[SQL_LOG:2021-01-03 23:48:20]: SELECT *  FROM  member  WHERE  mem_id = ?     [1]
[SQL_LOG:2021-01-03 23:49:24]: SELECT *  FROM  member  WHERE  mem_id = ?     [1]
[SQL_LOG:2021-01-03 23:49:42]: SELECT *  FROM  member  WHERE  mem_id = ?     [1]
[SQL_LOG:2021-01-03 23:49:56]: SELECT *  FROM  member  WHERE  mem_id = ?     [1]
[SQL_LOG:2021-01-03 23:50:50]: SELECT *  FROM  member  WHERE  mem_id = ?     [1]
[SQL_LOG:2021-01-03 23:50:51]: SELECT *  FROM  member  WHERE  mem_id = ?     [1]
[SQL_LOG:2021-01-03 23:51:12]: SELECT ctg_id, category_name, cate_genre FROM  category  WHERE  cate_genre = ?     [lesson]
[SQL_LOG:2021-01-03 23:51:12]: SELECT item_id, item_name, price, image, ctg_id  FROM  item     []
[SQL_LOG:2021-01-03 23:51:18]: SELECT ctg_id, category_name, cate_genre FROM  category  WHERE  cate_genre = ?     [item]
[SQL_LOG:2021-01-03 23:51:18]: SELECT item_id, item_name, price, image, ctg_id  FROM  item     []
[SQL_LOG:2021-01-03 23:51:19]: SELECT c.crt_id, c.num, c.unit_price, c.sub_total_price, i.item_id, i.item_name, i.price, i.image FROM  cart c LEFT JOIN item i ON c.item_id = i.item_id  WHERE  c.mem_id = ? AND c.delete_flg = ?     [1,0]
[SQL_LOG:2021-01-03 23:51:19]: SELECT SUM(c.sub_total_price) AS totalPrice  FROM  cart c LEFT JOIN item i ON c.item_id = i.item_id  WHERE  c.mem_id = ? AND c.delete_flg = ?    [1,0]
[SQL_LOG:2021-01-03 23:51:19]: SELECT SUM(num) AS num  FROM  cart c  WHERE  c.mem_id = ? AND c.delete_flg = ?    [1,0]
[SQL_LOG:2021-01-03 23:51:25]: SELECT ctg_id, category_name, cate_genre FROM  category  WHERE  cate_genre = ?     [lesson]
[SQL_LOG:2021-01-03 23:51:25]: SELECT item_id, item_name, price, image, ctg_id  FROM  item     []
[SQL_LOG:2021-01-03 23:51:31]: SELECT *  FROM  member  WHERE  email = ?     [tttvvvaken@gmail.com]
[SQL_LOG:2021-01-03 23:51:31]: SELECT session_key  FROM  loginsession  WHERE  mem_id = ?     [1]
[SQL_LOG:2021-01-03 23:51:31]: SELECT ctg_id, category_name, cate_genre FROM  category  WHERE  cate_genre = ?     [lesson]
[SQL_LOG:2021-01-03 23:51:31]: SELECT item_id, item_name, price, image, ctg_id  FROM  item     []
[SQL_LOG:2021-01-03 23:51:35]: SELECT *  FROM  member  WHERE  mem_id = ?     [1]
[SQL_LOG:2021-01-03 23:51:39]: SELECT *  FROM  member  WHERE  mem_id = ?     [1]
[SQL_LOG:2021-01-03 23:52:11]: SELECT ctg_id, category_name, cate_genre FROM  category  WHERE  cate_genre = ?     [lesson]
[SQL_LOG:2021-01-03 23:52:11]: SELECT item_id, item_name, price, image, ctg_id  FROM  item     []
[SQL_LOG:2021-01-03 23:52:11]: SELECT ctg_id, category_name, cate_genre FROM  category  WHERE  cate_genre = ?     [item]
[SQL_LOG:2021-01-03 23:52:11]: SELECT item_id, item_name, price, image, ctg_id  FROM  item     []
[SQL_LOG:2021-01-03 23:52:12]: SELECT ctg_id, category_name, cate_genre FROM  category  WHERE  cate_genre = ?     [lesson]
[SQL_LOG:2021-01-03 23:52:12]: SELECT item_id, item_name, price, image, ctg_id  FROM  item     []
[SQL_LOG:2021-01-03 23:52:12]: SELECT ctg_id, category_name, cate_genre FROM  category  WHERE  cate_genre = ?     [lesson]
[SQL_LOG:2021-01-03 23:52:12]: SELECT item_id, item_name, price, image, ctg_id  FROM  item     []
[SQL_LOG:2021-01-03 23:52:13]: SELECT ctg_id, category_name, cate_genre FROM  category  WHERE  cate_genre = ?     [lesson]
[SQL_LOG:2021-01-03 23:52:13]: SELECT item_id, item_name, price, image, ctg_id  FROM  item     []
[SQL_LOG:2021-01-03 23:52:14]: SELECT ctg_id, category_name, cate_genre FROM  category  WHERE  cate_genre = ?     [lesson]
[SQL_LOG:2021-01-03 23:52:14]: SELECT item_id, item_name, price, image, ctg_id  FROM  item     []
[SQL_LOG:2021-01-03 23:52:15]: SELECT ctg_id, category_name, cate_genre FROM  category  WHERE  cate_genre = ?     [lesson]
[SQL_LOG:2021-01-03 23:52:15]: SELECT item_id, item_name, price, image, ctg_id  FROM  item  WHERE  ctg_id = ?     [1]
[SQL_LOG:2021-01-03 23:52:16]: SELECT ctg_id, category_name, cate_genre FROM  category  WHERE  cate_genre = ?     [lesson]
[SQL_LOG:2021-01-03 23:52:16]: SELECT item_id, item_name, price, image, ctg_id  FROM  item  WHERE  ctg_id = ?     [2]
[SQL_LOG:2021-01-03 23:52:16]: SELECT ctg_id, category_name, cate_genre FROM  category  WHERE  cate_genre = ?     [lesson]
[SQL_LOG:2021-01-03 23:52:16]: SELECT item_id, item_name, price, image, ctg_id  FROM  item  WHERE  ctg_id = ?     [3]
[SQL_LOG:2021-01-03 23:52:17]: SELECT ctg_id, category_name, cate_genre FROM  category  WHERE  cate_genre = ?     [lesson]
[SQL_LOG:2021-01-03 23:52:17]: SELECT item_id, item_name, price, image, ctg_id  FROM  item  WHERE  ctg_id = ?     [6]
[SQL_LOG:2021-01-03 23:56:29]: SELECT ctg_id, category_name, cate_genre FROM  category  WHERE  cate_genre = ?     [lesson]
[SQL_LOG:2021-01-03 23:56:29]: SELECT item_id, item_name, price, image, ctg_id  FROM  item     []
[SQL_LOG:2021-01-03 23:56:30]: SELECT ctg_id, category_name, cate_genre FROM  category  WHERE  cate_genre = ?     [lesson]
[SQL_LOG:2021-01-03 23:56:30]: SELECT item_id, item_name, price, image, ctg_id  FROM  item     []
[SQL_LOG:2021-01-03 23:56:31]: SELECT ctg_id, category_name, cate_genre FROM  category  WHERE  cate_genre = ?     [lesson]
[SQL_LOG:2021-01-03 23:56:31]: SELECT item_id, item_name, price, image, ctg_id  FROM  item     []
[SQL_LOG:2021-01-03 23:57:02]: SELECT c.crt_id, c.num, c.unit_price, c.sub_total_price, i.item_id, i.item_name, i.price, i.image FROM  cart c LEFT JOIN item i ON c.item_id = i.item_id  WHERE  c.mem_id = ? AND c.delete_flg = ?     [1,0]
[SQL_LOG:2021-01-03 23:57:02]: SELECT SUM(c.sub_total_price) AS totalPrice  FROM  cart c LEFT JOIN item i ON c.item_id = i.item_id  WHERE  c.mem_id = ? AND c.delete_flg = ?    [1,0]
[SQL_LOG:2021-01-03 23:57:02]: SELECT SUM(num) AS num  FROM  cart c  WHERE  c.mem_id = ? AND c.delete_flg = ?    [1,0]
[SQL_LOG:2021-01-03 23:57:05]: SELECT *  FROM  member  WHERE  mem_id = ?     [1]
[SQL_LOG:2021-01-03 23:57:10]: SELECT *  FROM  member  WHERE  mem_id = ?     [1]
[SQL_LOG:2021-01-03 23:57:12]: SELECT *  FROM  member  WHERE  mem_id = ?     [1]
[SQL_LOG:2021-01-03 23:57:14]: SELECT ctg_id, category_name, cate_genre FROM  category  WHERE  cate_genre = ?     [lesson]
[SQL_LOG:2021-01-03 23:57:14]: SELECT item_id, item_name, price, image, ctg_id  FROM  item     []
[SQL_LOG:2021-01-03 23:58:13]: SELECT ctg_id, category_name, cate_genre FROM  category  WHERE  cate_genre = ?     [lesson]
[SQL_LOG:2021-01-03 23:58:13]: SELECT item_id, item_name, price, image, ctg_id  FROM  item     []
[SQL_LOG:2021-01-03 23:58:14]: SELECT ctg_id, category_name, cate_genre FROM  category  WHERE  cate_genre = ?     [lesson]
[SQL_LOG:2021-01-03 23:58:14]: SELECT item_id, item_name, price, image, ctg_id  FROM  item     []
[SQL_LOG:2021-01-03 23:58:15]: SELECT ctg_id, category_name, cate_genre FROM  category  WHERE  cate_genre = ?     [lesson]
[SQL_LOG:2021-01-03 23:58:15]: SELECT item_id, item_name, price, image, ctg_id  FROM  item     []
[SQL_LOG:2021-01-03 23:58:16]: SELECT ctg_id, category_name, cate_genre FROM  category  WHERE  cate_genre = ?     [lesson]
[SQL_LOG:2021-01-03 23:58:16]: SELECT item_id, item_name, price, image, ctg_id  FROM  item     []
[SQL_LOG:2021-01-03 23:58:18]: SELECT ctg_id, category_name, cate_genre FROM  category  WHERE  cate_genre = ?     [item]
[SQL_LOG:2021-01-03 23:58:18]: SELECT item_id, item_name, price, image, ctg_id  FROM  item     []
[SQL_LOG:2021-01-03 23:58:19]: SELECT c.crt_id, c.num, c.unit_price, c.sub_total_price, i.item_id, i.item_name, i.price, i.image FROM  cart c LEFT JOIN item i ON c.item_id = i.item_id  WHERE  c.mem_id = ? AND c.delete_flg = ?     [1,0]
[SQL_LOG:2021-01-03 23:58:19]: SELECT SUM(c.sub_total_price) AS totalPrice  FROM  cart c LEFT JOIN item i ON c.item_id = i.item_id  WHERE  c.mem_id = ? AND c.delete_flg = ?    [1,0]
[SQL_LOG:2021-01-03 23:58:19]: SELECT SUM(num) AS num  FROM  cart c  WHERE  c.mem_id = ? AND c.delete_flg = ?    [1,0]
[SQL_LOG:2021-01-03 23:58:21]: SELECT ctg_id, category_name, cate_genre FROM  category  WHERE  cate_genre = ?     [lesson]
[SQL_LOG:2021-01-03 23:58:21]: SELECT item_id, item_name, price, image, ctg_id  FROM  item     []
[SQL_LOG:2021-01-03 23:58:23]: SELECT ctg_id, category_name, cate_genre FROM  category  WHERE  cate_genre = ?     [lesson]
[SQL_LOG:2021-01-03 23:58:23]: SELECT item_id, item_name, price, image, ctg_id  FROM  item     []
[SQL_LOG:2021-01-03 23:59:27]: SELECT ctg_id, category_name, cate_genre FROM  category  WHERE  cate_genre = ?     [lesson]
[SQL_LOG:2021-01-03 23:59:27]: SELECT item_id, item_name, price, image, ctg_id  FROM  item     []
[SQL_LOG:2021-01-03 23:59:29]: SELECT ctg_id, category_name, cate_genre FROM  category  WHERE  cate_genre = ?     [item]
[SQL_LOG:2021-01-03 23:59:29]: SELECT item_id, item_name, price, image, ctg_id  FROM  item     []
[SQL_LOG:2021-01-03 23:59:30]: SELECT ctg_id, category_name, cate_genre FROM  category  WHERE  cate_genre = ?     [lesson]
[SQL_LOG:2021-01-03 23:59:30]: SELECT item_id, item_name, price, image, ctg_id  FROM  item     []
