[SQL_LOG:2021-01-14 18:07:30]: SELECT news_id, title, body, regist_date, update_date  FROM  news  WHERE  delete_flg = ?   ORDER BY  regist_date DESC    [0]
[SQL_LOG:2021-01-14 18:07:35]: SELECT ctg_id, category_name, cate_genre FROM  category  WHERE  cate_genre = ?     [item]
[SQL_LOG:2021-01-14 18:07:35]: SELECT item_id, item_name, price, image, ctg_id  FROM  item     []
[SQL_LOG:2021-01-14 18:08:01]: SELECT news_id, title, body, regist_date, update_date  FROM  news  WHERE  delete_flg = ?   ORDER BY  regist_date DESC    [0]
[SQL_LOG:2021-01-14 18:08:06]: SELECT *  FROM  member  WHERE  mem_id = ?     [1]
[SQL_LOG:2021-01-14 18:08:07]: SELECT news_id, title, body, regist_date, update_date  FROM  news  WHERE  delete_flg = ?   ORDER BY  regist_date DESC    [0]
[SQL_LOG:2021-01-14 18:08:12]: SELECT c.crt_id, c.num, c.unit_price, c.sub_total_price, i.item_id, i.item_name, i.price, i.image FROM  cart c LEFT JOIN item i ON c.item_id = i.item_id  WHERE  c.mem_id = ? AND c.delete_flg = ?     [1,0]
[SQL_LOG:2021-01-14 18:08:12]: SELECT SUM(c.sub_total_price) AS totalPrice  FROM  cart c LEFT JOIN item i ON c.item_id = i.item_id  WHERE  c.mem_id = ? AND c.delete_flg = ?    [1,0]
[SQL_LOG:2021-01-14 18:08:12]: SELECT SUM(num) AS num  FROM  cart c  WHERE  c.mem_id = ? AND c.delete_flg = ?    [1,0]
[SQL_LOG:2021-01-14 18:08:15]: SELECT news_id, title, body, regist_date, update_date  FROM  news  WHERE  delete_flg = ?   ORDER BY  regist_date DESC    [0]
[SQL_LOG:2021-01-14 18:08:18]: SELECT ctg_id, category_name, cate_genre FROM  category  WHERE  cate_genre = ?     [item]
[SQL_LOG:2021-01-14 18:08:18]: SELECT item_id, item_name, price, image, ctg_id  FROM  item     []
[SQL_LOG:2021-01-14 18:08:21]: SELECT ctg_id, category_name, cate_genre FROM  category  WHERE  cate_genre = ?     [item]
[SQL_LOG:2021-01-14 18:08:21]: SELECT item_id, item_name, detail, price, image, ctg_id FROM  item  WHERE  item_id = ?     [1]
[SQL_LOG:2021-01-14 18:08:21]: SELECT COUNT(*) AS NUM  FROM  likes  WHERE  item_id = ?     [1]
[SQL_LOG:2021-01-14 18:08:21]: SELECT *  FROM  likes  WHERE  item_id = ? AND mem_id = ?     [1,1]
[SQL_LOG:2021-01-14 18:08:25]: SELECT price  FROM  item  WHERE  item_id = ?     [1]
[SQL_LOG:2021-01-14 18:08:25]: INSERT INTO cart (mem_id,item_id,num,unit_price,sub_total_price,regist_date)VALUES(?,?,?,?,?,?) [1,1,5,150,750,2021-01-14 18:08:25]
[SQL_LOG:2021-01-14 18:08:25]: SELECT c.crt_id, c.num, c.unit_price, c.sub_total_price, i.item_id, i.item_name, i.price, i.image FROM  cart c LEFT JOIN item i ON c.item_id = i.item_id  WHERE  c.mem_id = ? AND c.delete_flg = ?     [1,0]
[SQL_LOG:2021-01-14 18:08:25]: SELECT SUM(c.sub_total_price) AS totalPrice  FROM  cart c LEFT JOIN item i ON c.item_id = i.item_id  WHERE  c.mem_id = ? AND c.delete_flg = ?    [1,0]
[SQL_LOG:2021-01-14 18:08:25]: SELECT SUM(num) AS num  FROM  cart c  WHERE  c.mem_id = ? AND c.delete_flg = ?    [1,0]
[SQL_LOG:2021-01-14 18:08:32]: SELECT c.crt_id, c.num, c.unit_price, c.sub_total_price, i.item_id, i.item_name, i.price, i.image FROM  cart c LEFT JOIN item i ON c.item_id = i.item_id  WHERE  c.mem_id = ? AND c.delete_flg = ?     [1,0]
[SQL_LOG:2021-01-14 18:08:32]: SELECT SUM(c.sub_total_price) AS totalPrice  FROM  cart c LEFT JOIN item i ON c.item_id = i.item_id  WHERE  c.mem_id = ? AND c.delete_flg = ?    [1,0]
[SQL_LOG:2021-01-14 18:08:32]: SELECT SUM(num) AS num  FROM  cart c  WHERE  c.mem_id = ? AND c.delete_flg = ?    [1,0]
[SQL_LOG:2021-01-14 18:08:35]: SELECT c.crt_id, c.num, c.unit_price, c.sub_total_price, i.item_id, i.item_name, i.price, i.image FROM  cart c LEFT JOIN item i ON c.item_id = i.item_id  WHERE  c.mem_id = ? AND c.delete_flg = ?     [1,0]
[SQL_LOG:2021-01-14 18:08:35]: SELECT *  FROM  member  WHERE  mem_id = ?     [1]
[SQL_LOG:2021-01-14 18:08:35]: INSERT INTO orders (order_key,item_id,num,sub_total_price,mem_id,email,regist_date,delete_flg)VALUES(?,?,?,?,?,?,?,?) [Ujb2UxuINYMpBgE,1,5,750,1,tttvvvaken@gmail.com,2021-01-14 18:08:35,]
[SQL_LOG:2021-01-14 18:08:35]: UPDATE cart  SET delete_date =? ,delete_flg =?  WHERE  crt_id = ?  [2021-01-14 18:08:35,1,334]
[SQL_LOG:2021-01-14 18:08:35]: SELECT stock_num  FROM  item  WHERE  item_id = ?     [1]
[SQL_LOG:2021-01-14 18:08:35]: UPDATE item  SET stock_num =?  WHERE  item_id = ?  [85,1]
[SQL_LOG:2021-01-14 18:08:39]: SELECT *  FROM  member  WHERE  mem_id = ?     [1]
[SQL_LOG:2021-01-14 18:08:54]: SELECT *  FROM  member  WHERE  mem_id = ?     [1]
[SQL_LOG:2021-01-14 18:08:56]: SELECT *  FROM  member  WHERE  mem_id = ?     [1]
[SQL_LOG:2021-01-14 18:08:58]: SELECT news_id, title, body, regist_date, update_date  FROM  news  WHERE  delete_flg = ?   ORDER BY  regist_date DESC    [0]
[SQL_LOG:2021-01-14 18:09:01]: SELECT ctg_id, category_name, cate_genre FROM  category  WHERE  cate_genre = ?     [item]
[SQL_LOG:2021-01-14 18:09:01]: SELECT item_id, item_name, price, image, ctg_id  FROM  item     []
[SQL_LOG:2021-01-14 18:09:02]: SELECT ctg_id, category_name, cate_genre FROM  category  WHERE  cate_genre = ?     [item]
[SQL_LOG:2021-01-14 18:09:02]: SELECT item_id, item_name, price, image, ctg_id  FROM  item  WHERE  ctg_id = ?     [9]
[SQL_LOG:2021-01-14 18:09:03]: SELECT ctg_id, category_name, cate_genre FROM  category  WHERE  cate_genre = ?     [item]
[SQL_LOG:2021-01-14 18:09:03]: SELECT item_id, item_name, price, image, ctg_id  FROM  item  WHERE  ctg_id = ?     [10]
[SQL_LOG:2021-01-14 18:09:04]: SELECT ctg_id, category_name, cate_genre FROM  category  WHERE  cate_genre = ?     [item]
[SQL_LOG:2021-01-14 18:09:04]: SELECT item_id, item_name, price, image, ctg_id  FROM  item     []
[SQL_LOG:2021-01-14 20:15:17]: SELECT c.crt_id, c.num, c.unit_price, c.sub_total_price, i.item_id, i.item_name, i.price, i.image FROM  cart c LEFT JOIN item i ON c.item_id = i.item_id  WHERE  c.mem_id = ? AND c.delete_flg = ?     [1,0]
[SQL_LOG:2021-01-14 20:15:17]: SELECT SUM(c.sub_total_price) AS totalPrice  FROM  cart c LEFT JOIN item i ON c.item_id = i.item_id  WHERE  c.mem_id = ? AND c.delete_flg = ?    [1,0]
[SQL_LOG:2021-01-14 20:15:17]: SELECT SUM(num) AS num  FROM  cart c  WHERE  c.mem_id = ? AND c.delete_flg = ?    [1,0]
[SQL_LOG:2021-01-14 20:15:19]: SELECT news_id, title, body, regist_date, update_date  FROM  news  WHERE  delete_flg = ?   ORDER BY  regist_date DESC    [0]
[SQL_LOG:2021-01-14 20:15:21]: SELECT news_id, title, body, regist_date, update_date  FROM  news  WHERE  delete_flg = ?   ORDER BY  regist_date DESC    [0]
[SQL_LOG:2021-01-14 20:43:46]: SELECT news_id, title, body, regist_date, update_date  FROM  news  WHERE  delete_flg = ?   ORDER BY  regist_date DESC    [0]
[SQL_LOG:2021-01-14 20:43:47]: SELECT ctg_id, category_name, cate_genre FROM  category  WHERE  cate_genre = ?     [item]
[SQL_LOG:2021-01-14 20:43:47]: SELECT item_id, item_name, price, image, ctg_id  FROM  item     []
[SQL_LOG:2021-01-14 21:10:43]: SELECT news_id, title, body, regist_date, update_date  FROM  news  WHERE  delete_flg = ?   ORDER BY  regist_date DESC    [0]
[SQL_LOG:2021-01-14 21:13:23]: SELECT news_id, title, body, regist_date, update_date  FROM  news  WHERE  delete_flg = ?   ORDER BY  regist_date DESC    [0]
[SQL_LOG:2021-01-14 21:13:28]: SELECT ctg_id, category_name, cate_genre FROM  category  WHERE  cate_genre = ?     [item]
[SQL_LOG:2021-01-14 21:13:28]: SELECT item_id, item_name, price, image, ctg_id  FROM  item     []
[SQL_LOG:2021-01-14 21:13:29]: SELECT news_id, title, body, regist_date, update_date  FROM  news  WHERE  delete_flg = ?   ORDER BY  regist_date DESC    [0]
[SQL_LOG:2021-01-14 21:13:30]: SELECT ctg_id, category_name, cate_genre FROM  category  WHERE  cate_genre = ?     [item]
[SQL_LOG:2021-01-14 21:13:30]: SELECT item_id, item_name, price, image, ctg_id  FROM  item     []
[SQL_LOG:2021-01-14 21:13:40]: SELECT news_id, title, body, regist_date, update_date  FROM  news  WHERE  delete_flg = ?   ORDER BY  regist_date DESC    [0]
[SQL_LOG:2021-01-14 21:14:14]: SELECT *  FROM  member  WHERE  email = ?     [tttvvvaken@gmail.com]
[SQL_LOG:2021-01-14 21:14:14]: SELECT session_key  FROM  loginsession  WHERE  mem_id = ?     [1]
[SQL_LOG:2021-01-14 21:14:14]: SELECT news_id, title, body, regist_date, update_date  FROM  news  WHERE  delete_flg = ?   ORDER BY  regist_date DESC    [0]
[SQL_LOG:2021-01-14 21:14:23]: SELECT ctg_id, category_name, cate_genre FROM  category  WHERE  cate_genre = ?     [item]
[SQL_LOG:2021-01-14 21:14:23]: SELECT item_id, item_name, price, image, ctg_id  FROM  item     []
[SQL_LOG:2021-01-14 21:14:29]: SELECT ctg_id, category_name, cate_genre FROM  category  WHERE  cate_genre = ?     [item]
[SQL_LOG:2021-01-14 21:14:29]: SELECT item_id, item_name, detail, price, image, ctg_id FROM  item  WHERE  item_id = ?     [1]
[SQL_LOG:2021-01-14 21:14:29]: SELECT COUNT(*) AS NUM  FROM  likes  WHERE  item_id = ?     [1]
[SQL_LOG:2021-01-14 21:14:29]: SELECT *  FROM  likes  WHERE  item_id = ? AND mem_id = ?     [1,1]
[SQL_LOG:2021-01-14 21:14:42]: SELECT price  FROM  item  WHERE  item_id = ?     [1]
[SQL_LOG:2021-01-14 21:14:42]: INSERT INTO cart (mem_id,item_id,num,unit_price,sub_total_price,regist_date)VALUES(?,?,?,?,?,?) [1,1,4,150,600,2021-01-14 21:14:42]
[SQL_LOG:2021-01-14 21:14:43]: SELECT c.crt_id, c.num, c.unit_price, c.sub_total_price, i.item_id, i.item_name, i.price, i.image FROM  cart c LEFT JOIN item i ON c.item_id = i.item_id  WHERE  c.mem_id = ? AND c.delete_flg = ?     [1,0]
[SQL_LOG:2021-01-14 21:14:43]: SELECT SUM(c.sub_total_price) AS totalPrice  FROM  cart c LEFT JOIN item i ON c.item_id = i.item_id  WHERE  c.mem_id = ? AND c.delete_flg = ?    [1,0]
[SQL_LOG:2021-01-14 21:14:43]: SELECT SUM(num) AS num  FROM  cart c  WHERE  c.mem_id = ? AND c.delete_flg = ?    [1,0]
[SQL_LOG:2021-01-14 21:14:58]: SELECT ctg_id, category_name, cate_genre FROM  category  WHERE  cate_genre = ?     [item]
[SQL_LOG:2021-01-14 21:14:58]: SELECT item_id, item_name, price, image, ctg_id  FROM  item     []
[SQL_LOG:2021-01-14 21:14:59]: SELECT ctg_id, category_name, cate_genre FROM  category  WHERE  cate_genre = ?     [item]
[SQL_LOG:2021-01-14 21:14:59]: SELECT item_id, item_name, detail, price, image, ctg_id FROM  item  WHERE  item_id = ?     [2]
[SQL_LOG:2021-01-14 21:14:59]: SELECT COUNT(*) AS NUM  FROM  likes  WHERE  item_id = ?     [2]
[SQL_LOG:2021-01-14 21:14:59]: SELECT *  FROM  likes  WHERE  item_id = ? AND mem_id = ?     [2,1]
[SQL_LOG:2021-01-14 21:15:01]: SELECT price  FROM  item  WHERE  item_id = ?     [2]
[SQL_LOG:2021-01-14 21:15:01]: INSERT INTO cart (mem_id,item_id,num,unit_price,sub_total_price,regist_date)VALUES(?,?,?,?,?,?) [1,2,1,150,150,2021-01-14 21:15:01]
[SQL_LOG:2021-01-14 21:15:01]: SELECT c.crt_id, c.num, c.unit_price, c.sub_total_price, i.item_id, i.item_name, i.price, i.image FROM  cart c LEFT JOIN item i ON c.item_id = i.item_id  WHERE  c.mem_id = ? AND c.delete_flg = ?     [1,0]
[SQL_LOG:2021-01-14 21:15:01]: SELECT SUM(c.sub_total_price) AS totalPrice  FROM  cart c LEFT JOIN item i ON c.item_id = i.item_id  WHERE  c.mem_id = ? AND c.delete_flg = ?    [1,0]
[SQL_LOG:2021-01-14 21:15:01]: SELECT SUM(num) AS num  FROM  cart c  WHERE  c.mem_id = ? AND c.delete_flg = ?    [1,0]
[SQL_LOG:2021-01-14 21:15:57]: SELECT c.crt_id, c.num, c.unit_price, c.sub_total_price, i.item_id, i.item_name, i.price, i.image FROM  cart c LEFT JOIN item i ON c.item_id = i.item_id  WHERE  c.mem_id = ? AND c.delete_flg = ?     [1,0]
[SQL_LOG:2021-01-14 21:15:57]: SELECT SUM(c.sub_total_price) AS totalPrice  FROM  cart c LEFT JOIN item i ON c.item_id = i.item_id  WHERE  c.mem_id = ? AND c.delete_flg = ?    [1,0]
[SQL_LOG:2021-01-14 21:15:57]: SELECT SUM(num) AS num  FROM  cart c  WHERE  c.mem_id = ? AND c.delete_flg = ?    [1,0]
[SQL_LOG:2021-01-14 21:16:32]: SELECT c.crt_id, c.num, c.unit_price, c.sub_total_price, i.item_id, i.item_name, i.price, i.image FROM  cart c LEFT JOIN item i ON c.item_id = i.item_id  WHERE  c.mem_id = ? AND c.delete_flg = ?     [1,0]
[SQL_LOG:2021-01-14 21:16:32]: SELECT *  FROM  member  WHERE  mem_id = ?     [1]
[SQL_LOG:2021-01-14 21:16:32]: INSERT INTO orders (order_key,item_id,num,sub_total_price,mem_id,email,regist_date,delete_flg)VALUES(?,?,?,?,?,?,?,?) [2hVohJVaBqLcPW2,1,4,600,1,tttvvvaken@gmail.com,2021-01-14 21:16:32,]
[SQL_LOG:2021-01-14 21:16:32]: UPDATE cart  SET delete_date =? ,delete_flg =?  WHERE  crt_id = ?  [2021-01-14 21:16:32,1,335]
[SQL_LOG:2021-01-14 21:16:32]: SELECT stock_num  FROM  item  WHERE  item_id = ?     [1]
[SQL_LOG:2021-01-14 21:16:32]: UPDATE item  SET stock_num =?  WHERE  item_id = ?  [81,1]
[SQL_LOG:2021-01-14 21:16:32]: INSERT INTO orders (order_key,item_id,num,sub_total_price,mem_id,email,regist_date,delete_flg)VALUES(?,?,?,?,?,?,?,?) [2hVohJVaBqLcPW2,2,1,150,1,tttvvvaken@gmail.com,2021-01-14 21:16:32,]
[SQL_LOG:2021-01-14 21:16:32]: UPDATE cart  SET delete_date =? ,delete_flg =?  WHERE  crt_id = ?  [2021-01-14 21:16:32,1,336]
[SQL_LOG:2021-01-14 21:16:32]: SELECT stock_num  FROM  item  WHERE  item_id = ?     [2]
[SQL_LOG:2021-01-14 21:16:32]: UPDATE item  SET stock_num =?  WHERE  item_id = ?  [136,2]
[SQL_LOG:2021-01-14 21:16:34]: SELECT news_id, title, body, regist_date, update_date  FROM  news  WHERE  delete_flg = ?   ORDER BY  regist_date DESC    [0]
